[2022-06-30 00:08:35,993] {processor.py:153} INFO - Started process (PID=71) to work on /home/airflow/.local/lib/python3.7/site-packages/airflow/example_dags/example_xcomargs.py
[2022-06-30 00:08:35,995] {processor.py:641} INFO - Processing file /home/airflow/.local/lib/python3.7/site-packages/airflow/example_dags/example_xcomargs.py for tasks to queue
[2022-06-30 00:08:35,997] {logging_mixin.py:115} INFO - [2022-06-30 00:08:35,997] {dagbag.py:507} INFO - Filling up the DagBag from /home/airflow/.local/lib/python3.7/site-packages/airflow/example_dags/example_xcomargs.py
[2022-06-30 00:08:36,047] {processor.py:651} INFO - DAG(s) dict_keys(['example_xcom_args', 'example_xcom_args_with_operators']) retrieved from /home/airflow/.local/lib/python3.7/site-packages/airflow/example_dags/example_xcomargs.py
[2022-06-30 00:08:36,561] {logging_mixin.py:115} INFO - [2022-06-30 00:08:36,561] {manager.py:508} INFO - Created Permission View: can delete on DAG:example_xcom_args
[2022-06-30 00:08:36,589] {logging_mixin.py:115} INFO - [2022-06-30 00:08:36,589] {manager.py:508} INFO - Created Permission View: can read on DAG:example_xcom_args
[2022-06-30 00:08:36,612] {logging_mixin.py:115} INFO - [2022-06-30 00:08:36,612] {manager.py:508} INFO - Created Permission View: can edit on DAG:example_xcom_args
[2022-06-30 00:08:36,647] {logging_mixin.py:115} INFO - [2022-06-30 00:08:36,647] {manager.py:508} INFO - Created Permission View: can delete on DAG:example_xcom_args_with_operators
[2022-06-30 00:08:36,669] {logging_mixin.py:115} INFO - [2022-06-30 00:08:36,669] {manager.py:508} INFO - Created Permission View: can read on DAG:example_xcom_args_with_operators
[2022-06-30 00:08:36,691] {logging_mixin.py:115} INFO - [2022-06-30 00:08:36,691] {manager.py:508} INFO - Created Permission View: can edit on DAG:example_xcom_args_with_operators
[2022-06-30 00:08:36,692] {logging_mixin.py:115} INFO - [2022-06-30 00:08:36,692] {dag.py:2371} INFO - Sync 2 DAGs
[2022-06-30 00:08:36,714] {logging_mixin.py:115} INFO - [2022-06-30 00:08:36,714] {dag.py:2390} INFO - Creating ORM DAG for example_xcom_args
[2022-06-30 00:08:36,717] {logging_mixin.py:115} INFO - [2022-06-30 00:08:36,716] {dag.py:2390} INFO - Creating ORM DAG for example_xcom_args_with_operators
[2022-06-30 00:08:36,762] {logging_mixin.py:115} INFO - [2022-06-30 00:08:36,762] {dag.py:2919} INFO - Setting next_dagrun for example_xcom_args to None, run_after=None
[2022-06-30 00:08:36,767] {logging_mixin.py:115} INFO - [2022-06-30 00:08:36,767] {dag.py:2919} INFO - Setting next_dagrun for example_xcom_args_with_operators to None, run_after=None
[2022-06-30 00:08:36,878] {processor.py:161} INFO - Processing /home/airflow/.local/lib/python3.7/site-packages/airflow/example_dags/example_xcomargs.py took 0.890 seconds
[2022-06-30 00:09:07,743] {processor.py:153} INFO - Started process (PID=126) to work on /home/airflow/.local/lib/python3.7/site-packages/airflow/example_dags/example_xcomargs.py
[2022-06-30 00:09:07,746] {processor.py:641} INFO - Processing file /home/airflow/.local/lib/python3.7/site-packages/airflow/example_dags/example_xcomargs.py for tasks to queue
[2022-06-30 00:09:07,748] {logging_mixin.py:115} INFO - [2022-06-30 00:09:07,748] {dagbag.py:507} INFO - Filling up the DagBag from /home/airflow/.local/lib/python3.7/site-packages/airflow/example_dags/example_xcomargs.py
[2022-06-30 00:09:07,782] {processor.py:651} INFO - DAG(s) dict_keys(['example_xcom_args', 'example_xcom_args_with_operators']) retrieved from /home/airflow/.local/lib/python3.7/site-packages/airflow/example_dags/example_xcomargs.py
[2022-06-30 00:09:08,096] {logging_mixin.py:115} INFO - [2022-06-30 00:09:08,096] {dag.py:2371} INFO - Sync 2 DAGs
[2022-06-30 00:09:08,123] {logging_mixin.py:115} INFO - [2022-06-30 00:09:08,123] {dag.py:2919} INFO - Setting next_dagrun for example_xcom_args to None, run_after=None
[2022-06-30 00:09:08,124] {logging_mixin.py:115} INFO - [2022-06-30 00:09:08,124] {dag.py:2919} INFO - Setting next_dagrun for example_xcom_args_with_operators to None, run_after=None
[2022-06-30 00:09:08,151] {processor.py:161} INFO - Processing /home/airflow/.local/lib/python3.7/site-packages/airflow/example_dags/example_xcomargs.py took 0.413 seconds
[2022-06-30 00:09:38,195] {processor.py:153} INFO - Started process (PID=190) to work on /home/airflow/.local/lib/python3.7/site-packages/airflow/example_dags/example_xcomargs.py
[2022-06-30 00:09:38,197] {processor.py:641} INFO - Processing file /home/airflow/.local/lib/python3.7/site-packages/airflow/example_dags/example_xcomargs.py for tasks to queue
[2022-06-30 00:09:38,198] {logging_mixin.py:115} INFO - [2022-06-30 00:09:38,198] {dagbag.py:507} INFO - Filling up the DagBag from /home/airflow/.local/lib/python3.7/site-packages/airflow/example_dags/example_xcomargs.py
[2022-06-30 00:09:38,223] {processor.py:651} INFO - DAG(s) dict_keys(['example_xcom_args', 'example_xcom_args_with_operators']) retrieved from /home/airflow/.local/lib/python3.7/site-packages/airflow/example_dags/example_xcomargs.py
[2022-06-30 00:09:38,524] {logging_mixin.py:115} INFO - [2022-06-30 00:09:38,524] {dag.py:2371} INFO - Sync 2 DAGs
[2022-06-30 00:09:38,576] {logging_mixin.py:115} INFO - [2022-06-30 00:09:38,575] {dag.py:2919} INFO - Setting next_dagrun for example_xcom_args to None, run_after=None
[2022-06-30 00:09:38,579] {logging_mixin.py:115} INFO - [2022-06-30 00:09:38,578] {dag.py:2919} INFO - Setting next_dagrun for example_xcom_args_with_operators to None, run_after=None
[2022-06-30 00:09:38,605] {processor.py:161} INFO - Processing /home/airflow/.local/lib/python3.7/site-packages/airflow/example_dags/example_xcomargs.py took 0.414 seconds
[2022-06-30 00:10:08,935] {processor.py:153} INFO - Started process (PID=244) to work on /home/airflow/.local/lib/python3.7/site-packages/airflow/example_dags/example_xcomargs.py
[2022-06-30 00:10:08,937] {processor.py:641} INFO - Processing file /home/airflow/.local/lib/python3.7/site-packages/airflow/example_dags/example_xcomargs.py for tasks to queue
[2022-06-30 00:10:08,940] {logging_mixin.py:115} INFO - [2022-06-30 00:10:08,940] {dagbag.py:507} INFO - Filling up the DagBag from /home/airflow/.local/lib/python3.7/site-packages/airflow/example_dags/example_xcomargs.py
[2022-06-30 00:10:08,965] {processor.py:651} INFO - DAG(s) dict_keys(['example_xcom_args', 'example_xcom_args_with_operators']) retrieved from /home/airflow/.local/lib/python3.7/site-packages/airflow/example_dags/example_xcomargs.py
[2022-06-30 00:10:09,198] {logging_mixin.py:115} INFO - [2022-06-30 00:10:09,198] {dag.py:2371} INFO - Sync 2 DAGs
[2022-06-30 00:10:09,220] {logging_mixin.py:115} INFO - [2022-06-30 00:10:09,220] {dag.py:2919} INFO - Setting next_dagrun for example_xcom_args to None, run_after=None
[2022-06-30 00:10:09,221] {logging_mixin.py:115} INFO - [2022-06-30 00:10:09,221] {dag.py:2919} INFO - Setting next_dagrun for example_xcom_args_with_operators to None, run_after=None
[2022-06-30 00:10:09,238] {processor.py:161} INFO - Processing /home/airflow/.local/lib/python3.7/site-packages/airflow/example_dags/example_xcomargs.py took 0.307 seconds
[2022-06-30 00:10:39,479] {processor.py:153} INFO - Started process (PID=297) to work on /home/airflow/.local/lib/python3.7/site-packages/airflow/example_dags/example_xcomargs.py
[2022-06-30 00:10:39,481] {processor.py:641} INFO - Processing file /home/airflow/.local/lib/python3.7/site-packages/airflow/example_dags/example_xcomargs.py for tasks to queue
[2022-06-30 00:10:39,483] {logging_mixin.py:115} INFO - [2022-06-30 00:10:39,483] {dagbag.py:507} INFO - Filling up the DagBag from /home/airflow/.local/lib/python3.7/site-packages/airflow/example_dags/example_xcomargs.py
[2022-06-30 00:10:39,509] {processor.py:651} INFO - DAG(s) dict_keys(['example_xcom_args', 'example_xcom_args_with_operators']) retrieved from /home/airflow/.local/lib/python3.7/site-packages/airflow/example_dags/example_xcomargs.py
[2022-06-30 00:10:39,760] {logging_mixin.py:115} INFO - [2022-06-30 00:10:39,760] {dag.py:2371} INFO - Sync 2 DAGs
[2022-06-30 00:10:39,788] {logging_mixin.py:115} INFO - [2022-06-30 00:10:39,788] {dag.py:2919} INFO - Setting next_dagrun for example_xcom_args to None, run_after=None
[2022-06-30 00:10:39,790] {logging_mixin.py:115} INFO - [2022-06-30 00:10:39,790] {dag.py:2919} INFO - Setting next_dagrun for example_xcom_args_with_operators to None, run_after=None
[2022-06-30 00:10:39,807] {processor.py:161} INFO - Processing /home/airflow/.local/lib/python3.7/site-packages/airflow/example_dags/example_xcomargs.py took 0.333 seconds
[2022-06-30 00:11:10,057] {processor.py:153} INFO - Started process (PID=361) to work on /home/airflow/.local/lib/python3.7/site-packages/airflow/example_dags/example_xcomargs.py
[2022-06-30 00:11:10,059] {processor.py:641} INFO - Processing file /home/airflow/.local/lib/python3.7/site-packages/airflow/example_dags/example_xcomargs.py for tasks to queue
[2022-06-30 00:11:10,061] {logging_mixin.py:115} INFO - [2022-06-30 00:11:10,061] {dagbag.py:507} INFO - Filling up the DagBag from /home/airflow/.local/lib/python3.7/site-packages/airflow/example_dags/example_xcomargs.py
[2022-06-30 00:11:10,090] {processor.py:651} INFO - DAG(s) dict_keys(['example_xcom_args', 'example_xcom_args_with_operators']) retrieved from /home/airflow/.local/lib/python3.7/site-packages/airflow/example_dags/example_xcomargs.py
[2022-06-30 00:11:10,345] {logging_mixin.py:115} INFO - [2022-06-30 00:11:10,345] {dag.py:2371} INFO - Sync 2 DAGs
[2022-06-30 00:11:10,373] {logging_mixin.py:115} INFO - [2022-06-30 00:11:10,373] {dag.py:2919} INFO - Setting next_dagrun for example_xcom_args to None, run_after=None
[2022-06-30 00:11:10,374] {logging_mixin.py:115} INFO - [2022-06-30 00:11:10,374] {dag.py:2919} INFO - Setting next_dagrun for example_xcom_args_with_operators to None, run_after=None
[2022-06-30 00:11:10,389] {processor.py:161} INFO - Processing /home/airflow/.local/lib/python3.7/site-packages/airflow/example_dags/example_xcomargs.py took 0.338 seconds
[2022-06-30 00:11:40,805] {processor.py:153} INFO - Started process (PID=426) to work on /home/airflow/.local/lib/python3.7/site-packages/airflow/example_dags/example_xcomargs.py
[2022-06-30 00:11:40,808] {processor.py:641} INFO - Processing file /home/airflow/.local/lib/python3.7/site-packages/airflow/example_dags/example_xcomargs.py for tasks to queue
[2022-06-30 00:11:40,809] {logging_mixin.py:115} INFO - [2022-06-30 00:11:40,809] {dagbag.py:507} INFO - Filling up the DagBag from /home/airflow/.local/lib/python3.7/site-packages/airflow/example_dags/example_xcomargs.py
[2022-06-30 00:11:40,836] {processor.py:651} INFO - DAG(s) dict_keys(['example_xcom_args', 'example_xcom_args_with_operators']) retrieved from /home/airflow/.local/lib/python3.7/site-packages/airflow/example_dags/example_xcomargs.py
[2022-06-30 00:11:41,066] {logging_mixin.py:115} INFO - [2022-06-30 00:11:41,066] {dag.py:2371} INFO - Sync 2 DAGs
[2022-06-30 00:11:41,103] {logging_mixin.py:115} INFO - [2022-06-30 00:11:41,103] {dag.py:2919} INFO - Setting next_dagrun for example_xcom_args to None, run_after=None
[2022-06-30 00:11:41,104] {logging_mixin.py:115} INFO - [2022-06-30 00:11:41,104] {dag.py:2919} INFO - Setting next_dagrun for example_xcom_args_with_operators to None, run_after=None
[2022-06-30 00:11:41,125] {processor.py:161} INFO - Processing /home/airflow/.local/lib/python3.7/site-packages/airflow/example_dags/example_xcomargs.py took 0.324 seconds
[2022-06-30 00:12:11,280] {processor.py:153} INFO - Started process (PID=480) to work on /home/airflow/.local/lib/python3.7/site-packages/airflow/example_dags/example_xcomargs.py
[2022-06-30 00:12:11,284] {processor.py:641} INFO - Processing file /home/airflow/.local/lib/python3.7/site-packages/airflow/example_dags/example_xcomargs.py for tasks to queue
[2022-06-30 00:12:11,287] {logging_mixin.py:115} INFO - [2022-06-30 00:12:11,287] {dagbag.py:507} INFO - Filling up the DagBag from /home/airflow/.local/lib/python3.7/site-packages/airflow/example_dags/example_xcomargs.py
[2022-06-30 00:12:11,330] {processor.py:651} INFO - DAG(s) dict_keys(['example_xcom_args', 'example_xcom_args_with_operators']) retrieved from /home/airflow/.local/lib/python3.7/site-packages/airflow/example_dags/example_xcomargs.py
[2022-06-30 00:12:11,986] {logging_mixin.py:115} INFO - [2022-06-30 00:12:11,985] {dag.py:2371} INFO - Sync 2 DAGs
[2022-06-30 00:12:12,064] {logging_mixin.py:115} INFO - [2022-06-30 00:12:12,064] {dag.py:2919} INFO - Setting next_dagrun for example_xcom_args to None, run_after=None
[2022-06-30 00:12:12,076] {logging_mixin.py:115} INFO - [2022-06-30 00:12:12,075] {dag.py:2919} INFO - Setting next_dagrun for example_xcom_args_with_operators to None, run_after=None
[2022-06-30 00:12:12,119] {processor.py:161} INFO - Processing /home/airflow/.local/lib/python3.7/site-packages/airflow/example_dags/example_xcomargs.py took 0.850 seconds
[2022-06-30 00:12:42,562] {processor.py:153} INFO - Started process (PID=544) to work on /home/airflow/.local/lib/python3.7/site-packages/airflow/example_dags/example_xcomargs.py
[2022-06-30 00:12:42,563] {processor.py:641} INFO - Processing file /home/airflow/.local/lib/python3.7/site-packages/airflow/example_dags/example_xcomargs.py for tasks to queue
[2022-06-30 00:12:42,565] {logging_mixin.py:115} INFO - [2022-06-30 00:12:42,564] {dagbag.py:507} INFO - Filling up the DagBag from /home/airflow/.local/lib/python3.7/site-packages/airflow/example_dags/example_xcomargs.py
[2022-06-30 00:12:42,589] {processor.py:651} INFO - DAG(s) dict_keys(['example_xcom_args', 'example_xcom_args_with_operators']) retrieved from /home/airflow/.local/lib/python3.7/site-packages/airflow/example_dags/example_xcomargs.py
[2022-06-30 00:12:42,832] {logging_mixin.py:115} INFO - [2022-06-30 00:12:42,832] {dag.py:2371} INFO - Sync 2 DAGs
[2022-06-30 00:12:42,864] {logging_mixin.py:115} INFO - [2022-06-30 00:12:42,864] {dag.py:2919} INFO - Setting next_dagrun for example_xcom_args to None, run_after=None
[2022-06-30 00:12:42,865] {logging_mixin.py:115} INFO - [2022-06-30 00:12:42,865] {dag.py:2919} INFO - Setting next_dagrun for example_xcom_args_with_operators to None, run_after=None
[2022-06-30 00:12:42,882] {processor.py:161} INFO - Processing /home/airflow/.local/lib/python3.7/site-packages/airflow/example_dags/example_xcomargs.py took 0.326 seconds
[2022-06-30 00:13:12,950] {processor.py:153} INFO - Started process (PID=599) to work on /home/airflow/.local/lib/python3.7/site-packages/airflow/example_dags/example_xcomargs.py
[2022-06-30 00:13:12,951] {processor.py:641} INFO - Processing file /home/airflow/.local/lib/python3.7/site-packages/airflow/example_dags/example_xcomargs.py for tasks to queue
[2022-06-30 00:13:12,953] {logging_mixin.py:115} INFO - [2022-06-30 00:13:12,952] {dagbag.py:507} INFO - Filling up the DagBag from /home/airflow/.local/lib/python3.7/site-packages/airflow/example_dags/example_xcomargs.py
[2022-06-30 00:13:12,983] {processor.py:651} INFO - DAG(s) dict_keys(['example_xcom_args', 'example_xcom_args_with_operators']) retrieved from /home/airflow/.local/lib/python3.7/site-packages/airflow/example_dags/example_xcomargs.py
[2022-06-30 00:13:13,244] {logging_mixin.py:115} INFO - [2022-06-30 00:13:13,244] {dag.py:2371} INFO - Sync 2 DAGs
[2022-06-30 00:13:13,286] {logging_mixin.py:115} INFO - [2022-06-30 00:13:13,286] {dag.py:2919} INFO - Setting next_dagrun for example_xcom_args to None, run_after=None
[2022-06-30 00:13:13,288] {logging_mixin.py:115} INFO - [2022-06-30 00:13:13,288] {dag.py:2919} INFO - Setting next_dagrun for example_xcom_args_with_operators to None, run_after=None
[2022-06-30 00:13:13,313] {processor.py:161} INFO - Processing /home/airflow/.local/lib/python3.7/site-packages/airflow/example_dags/example_xcomargs.py took 0.369 seconds
[2022-06-30 00:13:43,483] {processor.py:153} INFO - Started process (PID=666) to work on /home/airflow/.local/lib/python3.7/site-packages/airflow/example_dags/example_xcomargs.py
[2022-06-30 00:13:43,484] {processor.py:641} INFO - Processing file /home/airflow/.local/lib/python3.7/site-packages/airflow/example_dags/example_xcomargs.py for tasks to queue
[2022-06-30 00:13:43,486] {logging_mixin.py:115} INFO - [2022-06-30 00:13:43,485] {dagbag.py:507} INFO - Filling up the DagBag from /home/airflow/.local/lib/python3.7/site-packages/airflow/example_dags/example_xcomargs.py
[2022-06-30 00:13:43,515] {processor.py:651} INFO - DAG(s) dict_keys(['example_xcom_args', 'example_xcom_args_with_operators']) retrieved from /home/airflow/.local/lib/python3.7/site-packages/airflow/example_dags/example_xcomargs.py
[2022-06-30 00:13:43,735] {logging_mixin.py:115} INFO - [2022-06-30 00:13:43,735] {dag.py:2371} INFO - Sync 2 DAGs
[2022-06-30 00:13:43,759] {logging_mixin.py:115} INFO - [2022-06-30 00:13:43,759] {dag.py:2919} INFO - Setting next_dagrun for example_xcom_args to None, run_after=None
[2022-06-30 00:13:43,761] {logging_mixin.py:115} INFO - [2022-06-30 00:13:43,760] {dag.py:2919} INFO - Setting next_dagrun for example_xcom_args_with_operators to None, run_after=None
[2022-06-30 00:13:43,775] {processor.py:161} INFO - Processing /home/airflow/.local/lib/python3.7/site-packages/airflow/example_dags/example_xcomargs.py took 0.297 seconds
[2022-06-30 00:14:14,384] {processor.py:153} INFO - Started process (PID=730) to work on /home/airflow/.local/lib/python3.7/site-packages/airflow/example_dags/example_xcomargs.py
[2022-06-30 00:14:14,386] {processor.py:641} INFO - Processing file /home/airflow/.local/lib/python3.7/site-packages/airflow/example_dags/example_xcomargs.py for tasks to queue
[2022-06-30 00:14:14,387] {logging_mixin.py:115} INFO - [2022-06-30 00:14:14,387] {dagbag.py:507} INFO - Filling up the DagBag from /home/airflow/.local/lib/python3.7/site-packages/airflow/example_dags/example_xcomargs.py
[2022-06-30 00:14:14,418] {processor.py:651} INFO - DAG(s) dict_keys(['example_xcom_args', 'example_xcom_args_with_operators']) retrieved from /home/airflow/.local/lib/python3.7/site-packages/airflow/example_dags/example_xcomargs.py
[2022-06-30 00:14:14,604] {logging_mixin.py:115} INFO - [2022-06-30 00:14:14,604] {dag.py:2371} INFO - Sync 2 DAGs
[2022-06-30 00:14:14,645] {logging_mixin.py:115} INFO - [2022-06-30 00:14:14,644] {dag.py:2919} INFO - Setting next_dagrun for example_xcom_args to None, run_after=None
[2022-06-30 00:14:14,646] {logging_mixin.py:115} INFO - [2022-06-30 00:14:14,645] {dag.py:2919} INFO - Setting next_dagrun for example_xcom_args_with_operators to None, run_after=None
[2022-06-30 00:14:14,661] {processor.py:161} INFO - Processing /home/airflow/.local/lib/python3.7/site-packages/airflow/example_dags/example_xcomargs.py took 0.282 seconds
[2022-06-30 00:14:45,087] {processor.py:153} INFO - Started process (PID=784) to work on /home/airflow/.local/lib/python3.7/site-packages/airflow/example_dags/example_xcomargs.py
[2022-06-30 00:14:45,088] {processor.py:641} INFO - Processing file /home/airflow/.local/lib/python3.7/site-packages/airflow/example_dags/example_xcomargs.py for tasks to queue
[2022-06-30 00:14:45,090] {logging_mixin.py:115} INFO - [2022-06-30 00:14:45,090] {dagbag.py:507} INFO - Filling up the DagBag from /home/airflow/.local/lib/python3.7/site-packages/airflow/example_dags/example_xcomargs.py
[2022-06-30 00:14:45,120] {processor.py:651} INFO - DAG(s) dict_keys(['example_xcom_args', 'example_xcom_args_with_operators']) retrieved from /home/airflow/.local/lib/python3.7/site-packages/airflow/example_dags/example_xcomargs.py
[2022-06-30 00:14:45,297] {logging_mixin.py:115} INFO - [2022-06-30 00:14:45,297] {dag.py:2371} INFO - Sync 2 DAGs
[2022-06-30 00:14:45,322] {logging_mixin.py:115} INFO - [2022-06-30 00:14:45,322] {dag.py:2919} INFO - Setting next_dagrun for example_xcom_args to None, run_after=None
[2022-06-30 00:14:45,323] {logging_mixin.py:115} INFO - [2022-06-30 00:14:45,323] {dag.py:2919} INFO - Setting next_dagrun for example_xcom_args_with_operators to None, run_after=None
[2022-06-30 00:14:45,337] {processor.py:161} INFO - Processing /home/airflow/.local/lib/python3.7/site-packages/airflow/example_dags/example_xcomargs.py took 0.256 seconds
[2022-06-30 00:15:15,725] {processor.py:153} INFO - Started process (PID=848) to work on /home/airflow/.local/lib/python3.7/site-packages/airflow/example_dags/example_xcomargs.py
[2022-06-30 00:15:15,727] {processor.py:641} INFO - Processing file /home/airflow/.local/lib/python3.7/site-packages/airflow/example_dags/example_xcomargs.py for tasks to queue
[2022-06-30 00:15:15,729] {logging_mixin.py:115} INFO - [2022-06-30 00:15:15,729] {dagbag.py:507} INFO - Filling up the DagBag from /home/airflow/.local/lib/python3.7/site-packages/airflow/example_dags/example_xcomargs.py
[2022-06-30 00:15:15,757] {processor.py:651} INFO - DAG(s) dict_keys(['example_xcom_args', 'example_xcom_args_with_operators']) retrieved from /home/airflow/.local/lib/python3.7/site-packages/airflow/example_dags/example_xcomargs.py
[2022-06-30 00:15:15,931] {logging_mixin.py:115} INFO - [2022-06-30 00:15:15,931] {dag.py:2371} INFO - Sync 2 DAGs
[2022-06-30 00:15:15,956] {logging_mixin.py:115} INFO - [2022-06-30 00:15:15,956] {dag.py:2919} INFO - Setting next_dagrun for example_xcom_args to None, run_after=None
[2022-06-30 00:15:15,957] {logging_mixin.py:115} INFO - [2022-06-30 00:15:15,957] {dag.py:2919} INFO - Setting next_dagrun for example_xcom_args_with_operators to None, run_after=None
[2022-06-30 00:15:15,971] {processor.py:161} INFO - Processing /home/airflow/.local/lib/python3.7/site-packages/airflow/example_dags/example_xcomargs.py took 0.250 seconds
[2022-06-30 00:15:46,459] {processor.py:153} INFO - Started process (PID=904) to work on /home/airflow/.local/lib/python3.7/site-packages/airflow/example_dags/example_xcomargs.py
[2022-06-30 00:15:46,461] {processor.py:641} INFO - Processing file /home/airflow/.local/lib/python3.7/site-packages/airflow/example_dags/example_xcomargs.py for tasks to queue
[2022-06-30 00:15:46,462] {logging_mixin.py:115} INFO - [2022-06-30 00:15:46,462] {dagbag.py:507} INFO - Filling up the DagBag from /home/airflow/.local/lib/python3.7/site-packages/airflow/example_dags/example_xcomargs.py
[2022-06-30 00:15:46,490] {processor.py:651} INFO - DAG(s) dict_keys(['example_xcom_args', 'example_xcom_args_with_operators']) retrieved from /home/airflow/.local/lib/python3.7/site-packages/airflow/example_dags/example_xcomargs.py
[2022-06-30 00:15:46,726] {logging_mixin.py:115} INFO - [2022-06-30 00:15:46,726] {dag.py:2371} INFO - Sync 2 DAGs
[2022-06-30 00:15:46,755] {logging_mixin.py:115} INFO - [2022-06-30 00:15:46,755] {dag.py:2919} INFO - Setting next_dagrun for example_xcom_args to None, run_after=None
[2022-06-30 00:15:46,756] {logging_mixin.py:115} INFO - [2022-06-30 00:15:46,756] {dag.py:2919} INFO - Setting next_dagrun for example_xcom_args_with_operators to None, run_after=None
[2022-06-30 00:15:46,776] {processor.py:161} INFO - Processing /home/airflow/.local/lib/python3.7/site-packages/airflow/example_dags/example_xcomargs.py took 0.323 seconds
[2022-06-30 00:16:17,027] {processor.py:153} INFO - Started process (PID=968) to work on /home/airflow/.local/lib/python3.7/site-packages/airflow/example_dags/example_xcomargs.py
[2022-06-30 00:16:17,029] {processor.py:641} INFO - Processing file /home/airflow/.local/lib/python3.7/site-packages/airflow/example_dags/example_xcomargs.py for tasks to queue
[2022-06-30 00:16:17,030] {logging_mixin.py:115} INFO - [2022-06-30 00:16:17,030] {dagbag.py:507} INFO - Filling up the DagBag from /home/airflow/.local/lib/python3.7/site-packages/airflow/example_dags/example_xcomargs.py
[2022-06-30 00:16:17,060] {processor.py:651} INFO - DAG(s) dict_keys(['example_xcom_args', 'example_xcom_args_with_operators']) retrieved from /home/airflow/.local/lib/python3.7/site-packages/airflow/example_dags/example_xcomargs.py
[2022-06-30 00:16:17,284] {logging_mixin.py:115} INFO - [2022-06-30 00:16:17,283] {dag.py:2371} INFO - Sync 2 DAGs
[2022-06-30 00:16:17,319] {logging_mixin.py:115} INFO - [2022-06-30 00:16:17,318] {dag.py:2919} INFO - Setting next_dagrun for example_xcom_args to None, run_after=None
[2022-06-30 00:16:17,320] {logging_mixin.py:115} INFO - [2022-06-30 00:16:17,320] {dag.py:2919} INFO - Setting next_dagrun for example_xcom_args_with_operators to None, run_after=None
[2022-06-30 00:16:17,336] {processor.py:161} INFO - Processing /home/airflow/.local/lib/python3.7/site-packages/airflow/example_dags/example_xcomargs.py took 0.313 seconds
[2022-06-30 00:16:47,898] {processor.py:153} INFO - Started process (PID=1028) to work on /home/airflow/.local/lib/python3.7/site-packages/airflow/example_dags/example_xcomargs.py
[2022-06-30 00:16:47,900] {processor.py:641} INFO - Processing file /home/airflow/.local/lib/python3.7/site-packages/airflow/example_dags/example_xcomargs.py for tasks to queue
[2022-06-30 00:16:47,902] {logging_mixin.py:115} INFO - [2022-06-30 00:16:47,902] {dagbag.py:507} INFO - Filling up the DagBag from /home/airflow/.local/lib/python3.7/site-packages/airflow/example_dags/example_xcomargs.py
[2022-06-30 00:16:47,930] {processor.py:651} INFO - DAG(s) dict_keys(['example_xcom_args', 'example_xcom_args_with_operators']) retrieved from /home/airflow/.local/lib/python3.7/site-packages/airflow/example_dags/example_xcomargs.py
[2022-06-30 00:16:48,228] {logging_mixin.py:115} INFO - [2022-06-30 00:16:48,228] {dag.py:2371} INFO - Sync 2 DAGs
[2022-06-30 00:16:48,270] {logging_mixin.py:115} INFO - [2022-06-30 00:16:48,269] {dag.py:2919} INFO - Setting next_dagrun for example_xcom_args to None, run_after=None
[2022-06-30 00:16:48,271] {logging_mixin.py:115} INFO - [2022-06-30 00:16:48,271] {dag.py:2919} INFO - Setting next_dagrun for example_xcom_args_with_operators to None, run_after=None
[2022-06-30 00:16:48,292] {processor.py:161} INFO - Processing /home/airflow/.local/lib/python3.7/site-packages/airflow/example_dags/example_xcomargs.py took 0.398 seconds
