[2022-06-30 00:08:28,954] {processor.py:153} INFO - Started process (PID=46) to work on /home/airflow/.local/lib/python3.7/site-packages/airflow/example_dags/example_subdag_operator.py
[2022-06-30 00:08:28,955] {processor.py:641} INFO - Processing file /home/airflow/.local/lib/python3.7/site-packages/airflow/example_dags/example_subdag_operator.py for tasks to queue
[2022-06-30 00:08:28,957] {logging_mixin.py:115} INFO - [2022-06-30 00:08:28,957] {dagbag.py:507} INFO - Filling up the DagBag from /home/airflow/.local/lib/python3.7/site-packages/airflow/example_dags/example_subdag_operator.py
[2022-06-30 00:08:28,995] {processor.py:651} INFO - DAG(s) dict_keys(['example_subdag_operator.section-1', 'example_subdag_operator.section-2', 'example_subdag_operator']) retrieved from /home/airflow/.local/lib/python3.7/site-packages/airflow/example_dags/example_subdag_operator.py
[2022-06-30 00:08:29,279] {logging_mixin.py:115} INFO - [2022-06-30 00:08:29,279] {manager.py:508} INFO - Created Permission View: can delete on DAG:example_subdag_operator
[2022-06-30 00:08:29,297] {logging_mixin.py:115} INFO - [2022-06-30 00:08:29,296] {manager.py:508} INFO - Created Permission View: can read on DAG:example_subdag_operator
[2022-06-30 00:08:29,309] {logging_mixin.py:115} INFO - [2022-06-30 00:08:29,308] {manager.py:508} INFO - Created Permission View: can edit on DAG:example_subdag_operator
[2022-06-30 00:08:29,310] {logging_mixin.py:115} INFO - [2022-06-30 00:08:29,310] {dag.py:2371} INFO - Sync 3 DAGs
[2022-06-30 00:08:29,321] {logging_mixin.py:115} INFO - [2022-06-30 00:08:29,321] {dag.py:2390} INFO - Creating ORM DAG for example_subdag_operator
[2022-06-30 00:08:29,323] {logging_mixin.py:115} INFO - [2022-06-30 00:08:29,323] {dag.py:2390} INFO - Creating ORM DAG for example_subdag_operator.section-2
[2022-06-30 00:08:29,324] {logging_mixin.py:115} INFO - [2022-06-30 00:08:29,324] {dag.py:2390} INFO - Creating ORM DAG for example_subdag_operator.section-1
[2022-06-30 00:08:29,340] {logging_mixin.py:115} INFO - [2022-06-30 00:08:29,340] {dag.py:2919} INFO - Setting next_dagrun for example_subdag_operator to 2022-06-28T00:00:00+00:00, run_after=2022-06-28T00:00:00+00:00
[2022-06-30 00:08:29,341] {logging_mixin.py:115} INFO - [2022-06-30 00:08:29,341] {dag.py:2919} INFO - Setting next_dagrun for example_subdag_operator.section-1 to None, run_after=None
[2022-06-30 00:08:29,343] {logging_mixin.py:115} INFO - [2022-06-30 00:08:29,343] {dag.py:2919} INFO - Setting next_dagrun for example_subdag_operator.section-2 to None, run_after=None
[2022-06-30 00:08:29,364] {logging_mixin.py:115} INFO - [2022-06-30 00:08:29,364] {dag.py:2371} INFO - Sync 2 DAGs
[2022-06-30 00:08:29,374] {logging_mixin.py:115} INFO - [2022-06-30 00:08:29,374] {dag.py:2919} INFO - Setting next_dagrun for example_subdag_operator.section-1 to None, run_after=None
[2022-06-30 00:08:29,375] {logging_mixin.py:115} INFO - [2022-06-30 00:08:29,375] {dag.py:2919} INFO - Setting next_dagrun for example_subdag_operator.section-2 to None, run_after=None
[2022-06-30 00:08:29,388] {processor.py:161} INFO - Processing /home/airflow/.local/lib/python3.7/site-packages/airflow/example_dags/example_subdag_operator.py took 0.440 seconds
[2022-06-30 00:09:00,047] {processor.py:153} INFO - Started process (PID=102) to work on /home/airflow/.local/lib/python3.7/site-packages/airflow/example_dags/example_subdag_operator.py
[2022-06-30 00:09:00,048] {processor.py:641} INFO - Processing file /home/airflow/.local/lib/python3.7/site-packages/airflow/example_dags/example_subdag_operator.py for tasks to queue
[2022-06-30 00:09:00,051] {logging_mixin.py:115} INFO - [2022-06-30 00:09:00,050] {dagbag.py:507} INFO - Filling up the DagBag from /home/airflow/.local/lib/python3.7/site-packages/airflow/example_dags/example_subdag_operator.py
[2022-06-30 00:09:00,100] {processor.py:651} INFO - DAG(s) dict_keys(['example_subdag_operator.section-1', 'example_subdag_operator.section-2', 'example_subdag_operator']) retrieved from /home/airflow/.local/lib/python3.7/site-packages/airflow/example_dags/example_subdag_operator.py
[2022-06-30 00:09:00,161] {logging_mixin.py:115} INFO - [2022-06-30 00:09:00,161] {dag.py:2371} INFO - Sync 3 DAGs
[2022-06-30 00:09:00,370] {logging_mixin.py:115} INFO - [2022-06-30 00:09:00,370] {dag.py:2919} INFO - Setting next_dagrun for example_subdag_operator to 2022-06-28T00:00:00+00:00, run_after=2022-06-28T00:00:00+00:00
[2022-06-30 00:09:00,371] {logging_mixin.py:115} INFO - [2022-06-30 00:09:00,371] {dag.py:2919} INFO - Setting next_dagrun for example_subdag_operator.section-1 to None, run_after=None
[2022-06-30 00:09:00,373] {logging_mixin.py:115} INFO - [2022-06-30 00:09:00,373] {dag.py:2919} INFO - Setting next_dagrun for example_subdag_operator.section-2 to None, run_after=None
[2022-06-30 00:09:00,382] {logging_mixin.py:115} INFO - [2022-06-30 00:09:00,382] {dag.py:2371} INFO - Sync 2 DAGs
[2022-06-30 00:09:00,394] {logging_mixin.py:115} INFO - [2022-06-30 00:09:00,393] {dag.py:2919} INFO - Setting next_dagrun for example_subdag_operator.section-1 to None, run_after=None
[2022-06-30 00:09:00,395] {logging_mixin.py:115} INFO - [2022-06-30 00:09:00,395] {dag.py:2919} INFO - Setting next_dagrun for example_subdag_operator.section-2 to None, run_after=None
[2022-06-30 00:09:00,404] {processor.py:161} INFO - Processing /home/airflow/.local/lib/python3.7/site-packages/airflow/example_dags/example_subdag_operator.py took 0.362 seconds
[2022-06-30 00:09:30,462] {processor.py:153} INFO - Started process (PID=166) to work on /home/airflow/.local/lib/python3.7/site-packages/airflow/example_dags/example_subdag_operator.py
[2022-06-30 00:09:30,464] {processor.py:641} INFO - Processing file /home/airflow/.local/lib/python3.7/site-packages/airflow/example_dags/example_subdag_operator.py for tasks to queue
[2022-06-30 00:09:30,466] {logging_mixin.py:115} INFO - [2022-06-30 00:09:30,466] {dagbag.py:507} INFO - Filling up the DagBag from /home/airflow/.local/lib/python3.7/site-packages/airflow/example_dags/example_subdag_operator.py
[2022-06-30 00:09:30,501] {processor.py:651} INFO - DAG(s) dict_keys(['example_subdag_operator.section-1', 'example_subdag_operator.section-2', 'example_subdag_operator']) retrieved from /home/airflow/.local/lib/python3.7/site-packages/airflow/example_dags/example_subdag_operator.py
[2022-06-30 00:09:30,549] {logging_mixin.py:115} INFO - [2022-06-30 00:09:30,549] {dag.py:2371} INFO - Sync 3 DAGs
[2022-06-30 00:09:30,723] {logging_mixin.py:115} INFO - [2022-06-30 00:09:30,722] {dag.py:2919} INFO - Setting next_dagrun for example_subdag_operator to 2022-06-28T00:00:00+00:00, run_after=2022-06-28T00:00:00+00:00
[2022-06-30 00:09:30,724] {logging_mixin.py:115} INFO - [2022-06-30 00:09:30,724] {dag.py:2919} INFO - Setting next_dagrun for example_subdag_operator.section-1 to None, run_after=None
[2022-06-30 00:09:30,725] {logging_mixin.py:115} INFO - [2022-06-30 00:09:30,725] {dag.py:2919} INFO - Setting next_dagrun for example_subdag_operator.section-2 to None, run_after=None
[2022-06-30 00:09:30,735] {logging_mixin.py:115} INFO - [2022-06-30 00:09:30,735] {dag.py:2371} INFO - Sync 2 DAGs
[2022-06-30 00:09:30,743] {logging_mixin.py:115} INFO - [2022-06-30 00:09:30,743] {dag.py:2919} INFO - Setting next_dagrun for example_subdag_operator.section-1 to None, run_after=None
[2022-06-30 00:09:30,744] {logging_mixin.py:115} INFO - [2022-06-30 00:09:30,744] {dag.py:2919} INFO - Setting next_dagrun for example_subdag_operator.section-2 to None, run_after=None
[2022-06-30 00:09:30,753] {processor.py:161} INFO - Processing /home/airflow/.local/lib/python3.7/site-packages/airflow/example_dags/example_subdag_operator.py took 0.295 seconds
[2022-06-30 00:10:02,378] {processor.py:153} INFO - Started process (PID=228) to work on /home/airflow/.local/lib/python3.7/site-packages/airflow/example_dags/example_subdag_operator.py
[2022-06-30 00:10:02,385] {processor.py:641} INFO - Processing file /home/airflow/.local/lib/python3.7/site-packages/airflow/example_dags/example_subdag_operator.py for tasks to queue
[2022-06-30 00:10:02,389] {logging_mixin.py:115} INFO - [2022-06-30 00:10:02,389] {dagbag.py:507} INFO - Filling up the DagBag from /home/airflow/.local/lib/python3.7/site-packages/airflow/example_dags/example_subdag_operator.py
[2022-06-30 00:10:02,454] {processor.py:651} INFO - DAG(s) dict_keys(['example_subdag_operator.section-1', 'example_subdag_operator.section-2', 'example_subdag_operator']) retrieved from /home/airflow/.local/lib/python3.7/site-packages/airflow/example_dags/example_subdag_operator.py
[2022-06-30 00:10:02,516] {logging_mixin.py:115} INFO - [2022-06-30 00:10:02,516] {dag.py:2371} INFO - Sync 3 DAGs
[2022-06-30 00:10:02,703] {logging_mixin.py:115} INFO - [2022-06-30 00:10:02,703] {dag.py:2919} INFO - Setting next_dagrun for example_subdag_operator to 2022-06-28T00:00:00+00:00, run_after=2022-06-28T00:00:00+00:00
[2022-06-30 00:10:02,705] {logging_mixin.py:115} INFO - [2022-06-30 00:10:02,704] {dag.py:2919} INFO - Setting next_dagrun for example_subdag_operator.section-1 to None, run_after=None
[2022-06-30 00:10:02,706] {logging_mixin.py:115} INFO - [2022-06-30 00:10:02,705] {dag.py:2919} INFO - Setting next_dagrun for example_subdag_operator.section-2 to None, run_after=None
[2022-06-30 00:10:02,718] {logging_mixin.py:115} INFO - [2022-06-30 00:10:02,718] {dag.py:2371} INFO - Sync 2 DAGs
[2022-06-30 00:10:02,726] {logging_mixin.py:115} INFO - [2022-06-30 00:10:02,726] {dag.py:2919} INFO - Setting next_dagrun for example_subdag_operator.section-1 to None, run_after=None
[2022-06-30 00:10:02,727] {logging_mixin.py:115} INFO - [2022-06-30 00:10:02,727] {dag.py:2919} INFO - Setting next_dagrun for example_subdag_operator.section-2 to None, run_after=None
[2022-06-30 00:10:02,738] {processor.py:161} INFO - Processing /home/airflow/.local/lib/python3.7/site-packages/airflow/example_dags/example_subdag_operator.py took 0.376 seconds
[2022-06-30 00:10:33,501] {processor.py:153} INFO - Started process (PID=283) to work on /home/airflow/.local/lib/python3.7/site-packages/airflow/example_dags/example_subdag_operator.py
[2022-06-30 00:10:33,503] {processor.py:641} INFO - Processing file /home/airflow/.local/lib/python3.7/site-packages/airflow/example_dags/example_subdag_operator.py for tasks to queue
[2022-06-30 00:10:33,505] {logging_mixin.py:115} INFO - [2022-06-30 00:10:33,504] {dagbag.py:507} INFO - Filling up the DagBag from /home/airflow/.local/lib/python3.7/site-packages/airflow/example_dags/example_subdag_operator.py
[2022-06-30 00:10:33,542] {processor.py:651} INFO - DAG(s) dict_keys(['example_subdag_operator.section-1', 'example_subdag_operator.section-2', 'example_subdag_operator']) retrieved from /home/airflow/.local/lib/python3.7/site-packages/airflow/example_dags/example_subdag_operator.py
[2022-06-30 00:10:33,595] {logging_mixin.py:115} INFO - [2022-06-30 00:10:33,595] {dag.py:2371} INFO - Sync 3 DAGs
[2022-06-30 00:10:33,770] {logging_mixin.py:115} INFO - [2022-06-30 00:10:33,770] {dag.py:2919} INFO - Setting next_dagrun for example_subdag_operator to 2022-06-28T00:00:00+00:00, run_after=2022-06-28T00:00:00+00:00
[2022-06-30 00:10:33,772] {logging_mixin.py:115} INFO - [2022-06-30 00:10:33,771] {dag.py:2919} INFO - Setting next_dagrun for example_subdag_operator.section-1 to None, run_after=None
[2022-06-30 00:10:33,773] {logging_mixin.py:115} INFO - [2022-06-30 00:10:33,773] {dag.py:2919} INFO - Setting next_dagrun for example_subdag_operator.section-2 to None, run_after=None
[2022-06-30 00:10:33,781] {logging_mixin.py:115} INFO - [2022-06-30 00:10:33,781] {dag.py:2371} INFO - Sync 2 DAGs
[2022-06-30 00:10:33,789] {logging_mixin.py:115} INFO - [2022-06-30 00:10:33,789] {dag.py:2919} INFO - Setting next_dagrun for example_subdag_operator.section-1 to None, run_after=None
[2022-06-30 00:10:33,790] {logging_mixin.py:115} INFO - [2022-06-30 00:10:33,790] {dag.py:2919} INFO - Setting next_dagrun for example_subdag_operator.section-2 to None, run_after=None
[2022-06-30 00:10:33,800] {processor.py:161} INFO - Processing /home/airflow/.local/lib/python3.7/site-packages/airflow/example_dags/example_subdag_operator.py took 0.303 seconds
[2022-06-30 00:11:03,967] {processor.py:153} INFO - Started process (PID=345) to work on /home/airflow/.local/lib/python3.7/site-packages/airflow/example_dags/example_subdag_operator.py
[2022-06-30 00:11:03,969] {processor.py:641} INFO - Processing file /home/airflow/.local/lib/python3.7/site-packages/airflow/example_dags/example_subdag_operator.py for tasks to queue
[2022-06-30 00:11:03,970] {logging_mixin.py:115} INFO - [2022-06-30 00:11:03,970] {dagbag.py:507} INFO - Filling up the DagBag from /home/airflow/.local/lib/python3.7/site-packages/airflow/example_dags/example_subdag_operator.py
[2022-06-30 00:11:04,020] {processor.py:651} INFO - DAG(s) dict_keys(['example_subdag_operator.section-1', 'example_subdag_operator.section-2', 'example_subdag_operator']) retrieved from /home/airflow/.local/lib/python3.7/site-packages/airflow/example_dags/example_subdag_operator.py
[2022-06-30 00:11:04,072] {logging_mixin.py:115} INFO - [2022-06-30 00:11:04,072] {dag.py:2371} INFO - Sync 3 DAGs
[2022-06-30 00:11:04,259] {logging_mixin.py:115} INFO - [2022-06-30 00:11:04,259] {dag.py:2919} INFO - Setting next_dagrun for example_subdag_operator to 2022-06-28T00:00:00+00:00, run_after=2022-06-28T00:00:00+00:00
[2022-06-30 00:11:04,262] {logging_mixin.py:115} INFO - [2022-06-30 00:11:04,262] {dag.py:2919} INFO - Setting next_dagrun for example_subdag_operator.section-1 to None, run_after=None
[2022-06-30 00:11:04,263] {logging_mixin.py:115} INFO - [2022-06-30 00:11:04,263] {dag.py:2919} INFO - Setting next_dagrun for example_subdag_operator.section-2 to None, run_after=None
[2022-06-30 00:11:04,277] {logging_mixin.py:115} INFO - [2022-06-30 00:11:04,276] {dag.py:2371} INFO - Sync 2 DAGs
[2022-06-30 00:11:04,291] {logging_mixin.py:115} INFO - [2022-06-30 00:11:04,291] {dag.py:2919} INFO - Setting next_dagrun for example_subdag_operator.section-1 to None, run_after=None
[2022-06-30 00:11:04,293] {logging_mixin.py:115} INFO - [2022-06-30 00:11:04,293] {dag.py:2919} INFO - Setting next_dagrun for example_subdag_operator.section-2 to None, run_after=None
[2022-06-30 00:11:04,304] {processor.py:161} INFO - Processing /home/airflow/.local/lib/python3.7/site-packages/airflow/example_dags/example_subdag_operator.py took 0.342 seconds
[2022-06-30 00:11:34,400] {processor.py:153} INFO - Started process (PID=402) to work on /home/airflow/.local/lib/python3.7/site-packages/airflow/example_dags/example_subdag_operator.py
[2022-06-30 00:11:34,402] {processor.py:641} INFO - Processing file /home/airflow/.local/lib/python3.7/site-packages/airflow/example_dags/example_subdag_operator.py for tasks to queue
[2022-06-30 00:11:34,403] {logging_mixin.py:115} INFO - [2022-06-30 00:11:34,403] {dagbag.py:507} INFO - Filling up the DagBag from /home/airflow/.local/lib/python3.7/site-packages/airflow/example_dags/example_subdag_operator.py
[2022-06-30 00:11:34,442] {processor.py:651} INFO - DAG(s) dict_keys(['example_subdag_operator.section-1', 'example_subdag_operator.section-2', 'example_subdag_operator']) retrieved from /home/airflow/.local/lib/python3.7/site-packages/airflow/example_dags/example_subdag_operator.py
[2022-06-30 00:11:34,491] {logging_mixin.py:115} INFO - [2022-06-30 00:11:34,491] {dag.py:2371} INFO - Sync 3 DAGs
[2022-06-30 00:11:34,651] {logging_mixin.py:115} INFO - [2022-06-30 00:11:34,651] {dag.py:2919} INFO - Setting next_dagrun for example_subdag_operator to 2022-06-28T00:00:00+00:00, run_after=2022-06-28T00:00:00+00:00
[2022-06-30 00:11:34,652] {logging_mixin.py:115} INFO - [2022-06-30 00:11:34,652] {dag.py:2919} INFO - Setting next_dagrun for example_subdag_operator.section-1 to None, run_after=None
[2022-06-30 00:11:34,654] {logging_mixin.py:115} INFO - [2022-06-30 00:11:34,654] {dag.py:2919} INFO - Setting next_dagrun for example_subdag_operator.section-2 to None, run_after=None
[2022-06-30 00:11:34,662] {logging_mixin.py:115} INFO - [2022-06-30 00:11:34,662] {dag.py:2371} INFO - Sync 2 DAGs
[2022-06-30 00:11:34,669] {logging_mixin.py:115} INFO - [2022-06-30 00:11:34,669] {dag.py:2919} INFO - Setting next_dagrun for example_subdag_operator.section-1 to None, run_after=None
[2022-06-30 00:11:34,671] {logging_mixin.py:115} INFO - [2022-06-30 00:11:34,670] {dag.py:2919} INFO - Setting next_dagrun for example_subdag_operator.section-2 to None, run_after=None
[2022-06-30 00:11:34,682] {processor.py:161} INFO - Processing /home/airflow/.local/lib/python3.7/site-packages/airflow/example_dags/example_subdag_operator.py took 0.287 seconds
[2022-06-30 00:12:04,979] {processor.py:153} INFO - Started process (PID=466) to work on /home/airflow/.local/lib/python3.7/site-packages/airflow/example_dags/example_subdag_operator.py
[2022-06-30 00:12:04,982] {processor.py:641} INFO - Processing file /home/airflow/.local/lib/python3.7/site-packages/airflow/example_dags/example_subdag_operator.py for tasks to queue
[2022-06-30 00:12:04,990] {logging_mixin.py:115} INFO - [2022-06-30 00:12:04,990] {dagbag.py:507} INFO - Filling up the DagBag from /home/airflow/.local/lib/python3.7/site-packages/airflow/example_dags/example_subdag_operator.py
[2022-06-30 00:12:05,050] {processor.py:651} INFO - DAG(s) dict_keys(['example_subdag_operator.section-1', 'example_subdag_operator.section-2', 'example_subdag_operator']) retrieved from /home/airflow/.local/lib/python3.7/site-packages/airflow/example_dags/example_subdag_operator.py
[2022-06-30 00:12:05,110] {logging_mixin.py:115} INFO - [2022-06-30 00:12:05,110] {dag.py:2371} INFO - Sync 3 DAGs
[2022-06-30 00:12:05,699] {logging_mixin.py:115} INFO - [2022-06-30 00:12:05,698] {dag.py:2919} INFO - Setting next_dagrun for example_subdag_operator to 2022-06-28T00:00:00+00:00, run_after=2022-06-28T00:00:00+00:00
[2022-06-30 00:12:05,700] {logging_mixin.py:115} INFO - [2022-06-30 00:12:05,700] {dag.py:2919} INFO - Setting next_dagrun for example_subdag_operator.section-1 to None, run_after=None
[2022-06-30 00:12:05,702] {logging_mixin.py:115} INFO - [2022-06-30 00:12:05,702] {dag.py:2919} INFO - Setting next_dagrun for example_subdag_operator.section-2 to None, run_after=None
[2022-06-30 00:12:05,722] {logging_mixin.py:115} INFO - [2022-06-30 00:12:05,722] {dag.py:2371} INFO - Sync 2 DAGs
[2022-06-30 00:12:05,749] {logging_mixin.py:115} INFO - [2022-06-30 00:12:05,749] {dag.py:2919} INFO - Setting next_dagrun for example_subdag_operator.section-1 to None, run_after=None
[2022-06-30 00:12:05,775] {logging_mixin.py:115} INFO - [2022-06-30 00:12:05,775] {dag.py:2919} INFO - Setting next_dagrun for example_subdag_operator.section-2 to None, run_after=None
[2022-06-30 00:12:05,796] {processor.py:161} INFO - Processing /home/airflow/.local/lib/python3.7/site-packages/airflow/example_dags/example_subdag_operator.py took 0.822 seconds
[2022-06-30 00:12:35,889] {processor.py:153} INFO - Started process (PID=520) to work on /home/airflow/.local/lib/python3.7/site-packages/airflow/example_dags/example_subdag_operator.py
[2022-06-30 00:12:35,890] {processor.py:641} INFO - Processing file /home/airflow/.local/lib/python3.7/site-packages/airflow/example_dags/example_subdag_operator.py for tasks to queue
[2022-06-30 00:12:35,891] {logging_mixin.py:115} INFO - [2022-06-30 00:12:35,891] {dagbag.py:507} INFO - Filling up the DagBag from /home/airflow/.local/lib/python3.7/site-packages/airflow/example_dags/example_subdag_operator.py
[2022-06-30 00:12:35,926] {processor.py:651} INFO - DAG(s) dict_keys(['example_subdag_operator.section-1', 'example_subdag_operator.section-2', 'example_subdag_operator']) retrieved from /home/airflow/.local/lib/python3.7/site-packages/airflow/example_dags/example_subdag_operator.py
[2022-06-30 00:12:35,973] {logging_mixin.py:115} INFO - [2022-06-30 00:12:35,973] {dag.py:2371} INFO - Sync 3 DAGs
[2022-06-30 00:12:36,138] {logging_mixin.py:115} INFO - [2022-06-30 00:12:36,137] {dag.py:2919} INFO - Setting next_dagrun for example_subdag_operator to 2022-06-28T00:00:00+00:00, run_after=2022-06-28T00:00:00+00:00
[2022-06-30 00:12:36,139] {logging_mixin.py:115} INFO - [2022-06-30 00:12:36,139] {dag.py:2919} INFO - Setting next_dagrun for example_subdag_operator.section-1 to None, run_after=None
[2022-06-30 00:12:36,140] {logging_mixin.py:115} INFO - [2022-06-30 00:12:36,140] {dag.py:2919} INFO - Setting next_dagrun for example_subdag_operator.section-2 to None, run_after=None
[2022-06-30 00:12:36,149] {logging_mixin.py:115} INFO - [2022-06-30 00:12:36,149] {dag.py:2371} INFO - Sync 2 DAGs
[2022-06-30 00:12:36,157] {logging_mixin.py:115} INFO - [2022-06-30 00:12:36,157] {dag.py:2919} INFO - Setting next_dagrun for example_subdag_operator.section-1 to None, run_after=None
[2022-06-30 00:12:36,158] {logging_mixin.py:115} INFO - [2022-06-30 00:12:36,158] {dag.py:2919} INFO - Setting next_dagrun for example_subdag_operator.section-2 to None, run_after=None
[2022-06-30 00:12:36,168] {processor.py:161} INFO - Processing /home/airflow/.local/lib/python3.7/site-packages/airflow/example_dags/example_subdag_operator.py took 0.283 seconds
[2022-06-30 00:13:06,223] {processor.py:153} INFO - Started process (PID=585) to work on /home/airflow/.local/lib/python3.7/site-packages/airflow/example_dags/example_subdag_operator.py
[2022-06-30 00:13:06,225] {processor.py:641} INFO - Processing file /home/airflow/.local/lib/python3.7/site-packages/airflow/example_dags/example_subdag_operator.py for tasks to queue
[2022-06-30 00:13:06,227] {logging_mixin.py:115} INFO - [2022-06-30 00:13:06,227] {dagbag.py:507} INFO - Filling up the DagBag from /home/airflow/.local/lib/python3.7/site-packages/airflow/example_dags/example_subdag_operator.py
[2022-06-30 00:13:06,273] {processor.py:651} INFO - DAG(s) dict_keys(['example_subdag_operator.section-1', 'example_subdag_operator.section-2', 'example_subdag_operator']) retrieved from /home/airflow/.local/lib/python3.7/site-packages/airflow/example_dags/example_subdag_operator.py
[2022-06-30 00:13:06,325] {logging_mixin.py:115} INFO - [2022-06-30 00:13:06,325] {dag.py:2371} INFO - Sync 3 DAGs
[2022-06-30 00:13:06,518] {logging_mixin.py:115} INFO - [2022-06-30 00:13:06,518] {dag.py:2919} INFO - Setting next_dagrun for example_subdag_operator to 2022-06-28T00:00:00+00:00, run_after=2022-06-28T00:00:00+00:00
[2022-06-30 00:13:06,519] {logging_mixin.py:115} INFO - [2022-06-30 00:13:06,519] {dag.py:2919} INFO - Setting next_dagrun for example_subdag_operator.section-1 to None, run_after=None
[2022-06-30 00:13:06,520] {logging_mixin.py:115} INFO - [2022-06-30 00:13:06,520] {dag.py:2919} INFO - Setting next_dagrun for example_subdag_operator.section-2 to None, run_after=None
[2022-06-30 00:13:06,529] {logging_mixin.py:115} INFO - [2022-06-30 00:13:06,529] {dag.py:2371} INFO - Sync 2 DAGs
[2022-06-30 00:13:06,537] {logging_mixin.py:115} INFO - [2022-06-30 00:13:06,537] {dag.py:2919} INFO - Setting next_dagrun for example_subdag_operator.section-1 to None, run_after=None
[2022-06-30 00:13:06,538] {logging_mixin.py:115} INFO - [2022-06-30 00:13:06,538] {dag.py:2919} INFO - Setting next_dagrun for example_subdag_operator.section-2 to None, run_after=None
[2022-06-30 00:13:06,549] {processor.py:161} INFO - Processing /home/airflow/.local/lib/python3.7/site-packages/airflow/example_dags/example_subdag_operator.py took 0.333 seconds
[2022-06-30 00:13:36,780] {processor.py:153} INFO - Started process (PID=639) to work on /home/airflow/.local/lib/python3.7/site-packages/airflow/example_dags/example_subdag_operator.py
[2022-06-30 00:13:36,782] {processor.py:641} INFO - Processing file /home/airflow/.local/lib/python3.7/site-packages/airflow/example_dags/example_subdag_operator.py for tasks to queue
[2022-06-30 00:13:36,784] {logging_mixin.py:115} INFO - [2022-06-30 00:13:36,784] {dagbag.py:507} INFO - Filling up the DagBag from /home/airflow/.local/lib/python3.7/site-packages/airflow/example_dags/example_subdag_operator.py
[2022-06-30 00:13:36,874] {processor.py:651} INFO - DAG(s) dict_keys(['example_subdag_operator.section-1', 'example_subdag_operator.section-2', 'example_subdag_operator']) retrieved from /home/airflow/.local/lib/python3.7/site-packages/airflow/example_dags/example_subdag_operator.py
[2022-06-30 00:13:37,084] {logging_mixin.py:115} INFO - [2022-06-30 00:13:37,084] {dag.py:2371} INFO - Sync 3 DAGs
[2022-06-30 00:13:37,116] {logging_mixin.py:115} INFO - [2022-06-30 00:13:37,115] {dag.py:2919} INFO - Setting next_dagrun for example_subdag_operator to 2022-06-28T00:00:00+00:00, run_after=2022-06-28T00:00:00+00:00
[2022-06-30 00:13:37,118] {logging_mixin.py:115} INFO - [2022-06-30 00:13:37,118] {dag.py:2919} INFO - Setting next_dagrun for example_subdag_operator.section-1 to None, run_after=None
[2022-06-30 00:13:37,119] {logging_mixin.py:115} INFO - [2022-06-30 00:13:37,119] {dag.py:2919} INFO - Setting next_dagrun for example_subdag_operator.section-2 to None, run_after=None
[2022-06-30 00:13:37,130] {logging_mixin.py:115} INFO - [2022-06-30 00:13:37,130] {dag.py:2371} INFO - Sync 2 DAGs
[2022-06-30 00:13:37,141] {logging_mixin.py:115} INFO - [2022-06-30 00:13:37,140] {dag.py:2919} INFO - Setting next_dagrun for example_subdag_operator.section-1 to None, run_after=None
[2022-06-30 00:13:37,142] {logging_mixin.py:115} INFO - [2022-06-30 00:13:37,142] {dag.py:2919} INFO - Setting next_dagrun for example_subdag_operator.section-2 to None, run_after=None
[2022-06-30 00:13:37,153] {processor.py:161} INFO - Processing /home/airflow/.local/lib/python3.7/site-packages/airflow/example_dags/example_subdag_operator.py took 0.380 seconds
[2022-06-30 00:14:07,272] {processor.py:153} INFO - Started process (PID=706) to work on /home/airflow/.local/lib/python3.7/site-packages/airflow/example_dags/example_subdag_operator.py
[2022-06-30 00:14:07,274] {processor.py:641} INFO - Processing file /home/airflow/.local/lib/python3.7/site-packages/airflow/example_dags/example_subdag_operator.py for tasks to queue
[2022-06-30 00:14:07,275] {logging_mixin.py:115} INFO - [2022-06-30 00:14:07,275] {dagbag.py:507} INFO - Filling up the DagBag from /home/airflow/.local/lib/python3.7/site-packages/airflow/example_dags/example_subdag_operator.py
[2022-06-30 00:14:07,323] {processor.py:651} INFO - DAG(s) dict_keys(['example_subdag_operator.section-1', 'example_subdag_operator.section-2', 'example_subdag_operator']) retrieved from /home/airflow/.local/lib/python3.7/site-packages/airflow/example_dags/example_subdag_operator.py
[2022-06-30 00:14:07,526] {logging_mixin.py:115} INFO - [2022-06-30 00:14:07,525] {dag.py:2371} INFO - Sync 3 DAGs
[2022-06-30 00:14:07,558] {logging_mixin.py:115} INFO - [2022-06-30 00:14:07,558] {dag.py:2919} INFO - Setting next_dagrun for example_subdag_operator to 2022-06-28T00:00:00+00:00, run_after=2022-06-28T00:00:00+00:00
[2022-06-30 00:14:07,560] {logging_mixin.py:115} INFO - [2022-06-30 00:14:07,560] {dag.py:2919} INFO - Setting next_dagrun for example_subdag_operator.section-1 to None, run_after=None
[2022-06-30 00:14:07,562] {logging_mixin.py:115} INFO - [2022-06-30 00:14:07,562] {dag.py:2919} INFO - Setting next_dagrun for example_subdag_operator.section-2 to None, run_after=None
[2022-06-30 00:14:07,574] {logging_mixin.py:115} INFO - [2022-06-30 00:14:07,574] {dag.py:2371} INFO - Sync 2 DAGs
[2022-06-30 00:14:07,583] {logging_mixin.py:115} INFO - [2022-06-30 00:14:07,583] {dag.py:2919} INFO - Setting next_dagrun for example_subdag_operator.section-1 to None, run_after=None
[2022-06-30 00:14:07,584] {logging_mixin.py:115} INFO - [2022-06-30 00:14:07,584] {dag.py:2919} INFO - Setting next_dagrun for example_subdag_operator.section-2 to None, run_after=None
[2022-06-30 00:14:07,594] {processor.py:161} INFO - Processing /home/airflow/.local/lib/python3.7/site-packages/airflow/example_dags/example_subdag_operator.py took 0.329 seconds
[2022-06-30 00:14:37,893] {processor.py:153} INFO - Started process (PID=770) to work on /home/airflow/.local/lib/python3.7/site-packages/airflow/example_dags/example_subdag_operator.py
[2022-06-30 00:14:37,895] {processor.py:641} INFO - Processing file /home/airflow/.local/lib/python3.7/site-packages/airflow/example_dags/example_subdag_operator.py for tasks to queue
[2022-06-30 00:14:37,897] {logging_mixin.py:115} INFO - [2022-06-30 00:14:37,897] {dagbag.py:507} INFO - Filling up the DagBag from /home/airflow/.local/lib/python3.7/site-packages/airflow/example_dags/example_subdag_operator.py
[2022-06-30 00:14:37,937] {processor.py:651} INFO - DAG(s) dict_keys(['example_subdag_operator.section-1', 'example_subdag_operator.section-2', 'example_subdag_operator']) retrieved from /home/airflow/.local/lib/python3.7/site-packages/airflow/example_dags/example_subdag_operator.py
[2022-06-30 00:14:38,131] {logging_mixin.py:115} INFO - [2022-06-30 00:14:38,131] {dag.py:2371} INFO - Sync 3 DAGs
[2022-06-30 00:14:38,157] {logging_mixin.py:115} INFO - [2022-06-30 00:14:38,157] {dag.py:2919} INFO - Setting next_dagrun for example_subdag_operator to 2022-06-28T00:00:00+00:00, run_after=2022-06-28T00:00:00+00:00
[2022-06-30 00:14:38,158] {logging_mixin.py:115} INFO - [2022-06-30 00:14:38,158] {dag.py:2919} INFO - Setting next_dagrun for example_subdag_operator.section-1 to None, run_after=None
[2022-06-30 00:14:38,159] {logging_mixin.py:115} INFO - [2022-06-30 00:14:38,159] {dag.py:2919} INFO - Setting next_dagrun for example_subdag_operator.section-2 to None, run_after=None
[2022-06-30 00:14:38,167] {logging_mixin.py:115} INFO - [2022-06-30 00:14:38,167] {dag.py:2371} INFO - Sync 2 DAGs
[2022-06-30 00:14:38,174] {logging_mixin.py:115} INFO - [2022-06-30 00:14:38,174] {dag.py:2919} INFO - Setting next_dagrun for example_subdag_operator.section-1 to None, run_after=None
[2022-06-30 00:14:38,175] {logging_mixin.py:115} INFO - [2022-06-30 00:14:38,175] {dag.py:2919} INFO - Setting next_dagrun for example_subdag_operator.section-2 to None, run_after=None
[2022-06-30 00:14:38,185] {processor.py:161} INFO - Processing /home/airflow/.local/lib/python3.7/site-packages/airflow/example_dags/example_subdag_operator.py took 0.296 seconds
[2022-06-30 00:15:08,677] {processor.py:153} INFO - Started process (PID=824) to work on /home/airflow/.local/lib/python3.7/site-packages/airflow/example_dags/example_subdag_operator.py
[2022-06-30 00:15:08,678] {processor.py:641} INFO - Processing file /home/airflow/.local/lib/python3.7/site-packages/airflow/example_dags/example_subdag_operator.py for tasks to queue
[2022-06-30 00:15:08,679] {logging_mixin.py:115} INFO - [2022-06-30 00:15:08,679] {dagbag.py:507} INFO - Filling up the DagBag from /home/airflow/.local/lib/python3.7/site-packages/airflow/example_dags/example_subdag_operator.py
[2022-06-30 00:15:08,717] {processor.py:651} INFO - DAG(s) dict_keys(['example_subdag_operator.section-1', 'example_subdag_operator.section-2', 'example_subdag_operator']) retrieved from /home/airflow/.local/lib/python3.7/site-packages/airflow/example_dags/example_subdag_operator.py
[2022-06-30 00:15:08,904] {logging_mixin.py:115} INFO - [2022-06-30 00:15:08,904] {dag.py:2371} INFO - Sync 3 DAGs
[2022-06-30 00:15:08,956] {logging_mixin.py:115} INFO - [2022-06-30 00:15:08,955] {dag.py:2919} INFO - Setting next_dagrun for example_subdag_operator to 2022-06-28T00:00:00+00:00, run_after=2022-06-28T00:00:00+00:00
[2022-06-30 00:15:08,959] {logging_mixin.py:115} INFO - [2022-06-30 00:15:08,959] {dag.py:2919} INFO - Setting next_dagrun for example_subdag_operator.section-1 to None, run_after=None
[2022-06-30 00:15:08,962] {logging_mixin.py:115} INFO - [2022-06-30 00:15:08,962] {dag.py:2919} INFO - Setting next_dagrun for example_subdag_operator.section-2 to None, run_after=None
[2022-06-30 00:15:08,978] {logging_mixin.py:115} INFO - [2022-06-30 00:15:08,978] {dag.py:2371} INFO - Sync 2 DAGs
[2022-06-30 00:15:08,992] {logging_mixin.py:115} INFO - [2022-06-30 00:15:08,992] {dag.py:2919} INFO - Setting next_dagrun for example_subdag_operator.section-1 to None, run_after=None
[2022-06-30 00:15:08,995] {logging_mixin.py:115} INFO - [2022-06-30 00:15:08,995] {dag.py:2919} INFO - Setting next_dagrun for example_subdag_operator.section-2 to None, run_after=None
[2022-06-30 00:15:09,020] {processor.py:161} INFO - Processing /home/airflow/.local/lib/python3.7/site-packages/airflow/example_dags/example_subdag_operator.py took 0.347 seconds
[2022-06-30 00:15:39,275] {processor.py:153} INFO - Started process (PID=890) to work on /home/airflow/.local/lib/python3.7/site-packages/airflow/example_dags/example_subdag_operator.py
[2022-06-30 00:15:39,276] {processor.py:641} INFO - Processing file /home/airflow/.local/lib/python3.7/site-packages/airflow/example_dags/example_subdag_operator.py for tasks to queue
[2022-06-30 00:15:39,278] {logging_mixin.py:115} INFO - [2022-06-30 00:15:39,278] {dagbag.py:507} INFO - Filling up the DagBag from /home/airflow/.local/lib/python3.7/site-packages/airflow/example_dags/example_subdag_operator.py
[2022-06-30 00:15:39,312] {processor.py:651} INFO - DAG(s) dict_keys(['example_subdag_operator.section-1', 'example_subdag_operator.section-2', 'example_subdag_operator']) retrieved from /home/airflow/.local/lib/python3.7/site-packages/airflow/example_dags/example_subdag_operator.py
[2022-06-30 00:15:39,500] {logging_mixin.py:115} INFO - [2022-06-30 00:15:39,499] {dag.py:2371} INFO - Sync 3 DAGs
[2022-06-30 00:15:39,524] {logging_mixin.py:115} INFO - [2022-06-30 00:15:39,524] {dag.py:2919} INFO - Setting next_dagrun for example_subdag_operator to 2022-06-28T00:00:00+00:00, run_after=2022-06-28T00:00:00+00:00
[2022-06-30 00:15:39,525] {logging_mixin.py:115} INFO - [2022-06-30 00:15:39,525] {dag.py:2919} INFO - Setting next_dagrun for example_subdag_operator.section-1 to None, run_after=None
[2022-06-30 00:15:39,526] {logging_mixin.py:115} INFO - [2022-06-30 00:15:39,526] {dag.py:2919} INFO - Setting next_dagrun for example_subdag_operator.section-2 to None, run_after=None
[2022-06-30 00:15:39,535] {logging_mixin.py:115} INFO - [2022-06-30 00:15:39,535] {dag.py:2371} INFO - Sync 2 DAGs
[2022-06-30 00:15:39,542] {logging_mixin.py:115} INFO - [2022-06-30 00:15:39,542] {dag.py:2919} INFO - Setting next_dagrun for example_subdag_operator.section-1 to None, run_after=None
[2022-06-30 00:15:39,543] {logging_mixin.py:115} INFO - [2022-06-30 00:15:39,543] {dag.py:2919} INFO - Setting next_dagrun for example_subdag_operator.section-2 to None, run_after=None
[2022-06-30 00:15:39,552] {processor.py:161} INFO - Processing /home/airflow/.local/lib/python3.7/site-packages/airflow/example_dags/example_subdag_operator.py took 0.281 seconds
[2022-06-30 00:16:09,641] {processor.py:153} INFO - Started process (PID=944) to work on /home/airflow/.local/lib/python3.7/site-packages/airflow/example_dags/example_subdag_operator.py
[2022-06-30 00:16:09,643] {processor.py:641} INFO - Processing file /home/airflow/.local/lib/python3.7/site-packages/airflow/example_dags/example_subdag_operator.py for tasks to queue
[2022-06-30 00:16:09,644] {logging_mixin.py:115} INFO - [2022-06-30 00:16:09,644] {dagbag.py:507} INFO - Filling up the DagBag from /home/airflow/.local/lib/python3.7/site-packages/airflow/example_dags/example_subdag_operator.py
[2022-06-30 00:16:09,678] {processor.py:651} INFO - DAG(s) dict_keys(['example_subdag_operator.section-1', 'example_subdag_operator.section-2', 'example_subdag_operator']) retrieved from /home/airflow/.local/lib/python3.7/site-packages/airflow/example_dags/example_subdag_operator.py
[2022-06-30 00:16:09,873] {logging_mixin.py:115} INFO - [2022-06-30 00:16:09,872] {dag.py:2371} INFO - Sync 3 DAGs
[2022-06-30 00:16:09,901] {logging_mixin.py:115} INFO - [2022-06-30 00:16:09,901] {dag.py:2919} INFO - Setting next_dagrun for example_subdag_operator to 2022-06-28T00:00:00+00:00, run_after=2022-06-28T00:00:00+00:00
[2022-06-30 00:16:09,903] {logging_mixin.py:115} INFO - [2022-06-30 00:16:09,903] {dag.py:2919} INFO - Setting next_dagrun for example_subdag_operator.section-1 to None, run_after=None
[2022-06-30 00:16:09,904] {logging_mixin.py:115} INFO - [2022-06-30 00:16:09,904] {dag.py:2919} INFO - Setting next_dagrun for example_subdag_operator.section-2 to None, run_after=None
[2022-06-30 00:16:09,916] {logging_mixin.py:115} INFO - [2022-06-30 00:16:09,916] {dag.py:2371} INFO - Sync 2 DAGs
[2022-06-30 00:16:09,923] {logging_mixin.py:115} INFO - [2022-06-30 00:16:09,923] {dag.py:2919} INFO - Setting next_dagrun for example_subdag_operator.section-1 to None, run_after=None
[2022-06-30 00:16:09,924] {logging_mixin.py:115} INFO - [2022-06-30 00:16:09,924] {dag.py:2919} INFO - Setting next_dagrun for example_subdag_operator.section-2 to None, run_after=None
[2022-06-30 00:16:09,933] {processor.py:161} INFO - Processing /home/airflow/.local/lib/python3.7/site-packages/airflow/example_dags/example_subdag_operator.py took 0.296 seconds
[2022-06-30 00:16:40,452] {processor.py:153} INFO - Started process (PID=1007) to work on /home/airflow/.local/lib/python3.7/site-packages/airflow/example_dags/example_subdag_operator.py
[2022-06-30 00:16:40,453] {processor.py:641} INFO - Processing file /home/airflow/.local/lib/python3.7/site-packages/airflow/example_dags/example_subdag_operator.py for tasks to queue
[2022-06-30 00:16:40,455] {logging_mixin.py:115} INFO - [2022-06-30 00:16:40,455] {dagbag.py:507} INFO - Filling up the DagBag from /home/airflow/.local/lib/python3.7/site-packages/airflow/example_dags/example_subdag_operator.py
[2022-06-30 00:16:40,494] {processor.py:651} INFO - DAG(s) dict_keys(['example_subdag_operator.section-1', 'example_subdag_operator.section-2', 'example_subdag_operator']) retrieved from /home/airflow/.local/lib/python3.7/site-packages/airflow/example_dags/example_subdag_operator.py
[2022-06-30 00:16:40,755] {logging_mixin.py:115} INFO - [2022-06-30 00:16:40,755] {dag.py:2371} INFO - Sync 3 DAGs
[2022-06-30 00:16:40,786] {logging_mixin.py:115} INFO - [2022-06-30 00:16:40,786] {dag.py:2919} INFO - Setting next_dagrun for example_subdag_operator to 2022-06-28T00:00:00+00:00, run_after=2022-06-28T00:00:00+00:00
[2022-06-30 00:16:40,788] {logging_mixin.py:115} INFO - [2022-06-30 00:16:40,788] {dag.py:2919} INFO - Setting next_dagrun for example_subdag_operator.section-1 to None, run_after=None
[2022-06-30 00:16:40,790] {logging_mixin.py:115} INFO - [2022-06-30 00:16:40,790] {dag.py:2919} INFO - Setting next_dagrun for example_subdag_operator.section-2 to None, run_after=None
[2022-06-30 00:16:40,803] {logging_mixin.py:115} INFO - [2022-06-30 00:16:40,803] {dag.py:2371} INFO - Sync 2 DAGs
[2022-06-30 00:16:40,812] {logging_mixin.py:115} INFO - [2022-06-30 00:16:40,812] {dag.py:2919} INFO - Setting next_dagrun for example_subdag_operator.section-1 to None, run_after=None
[2022-06-30 00:16:40,813] {logging_mixin.py:115} INFO - [2022-06-30 00:16:40,813] {dag.py:2919} INFO - Setting next_dagrun for example_subdag_operator.section-2 to None, run_after=None
[2022-06-30 00:16:40,825] {processor.py:161} INFO - Processing /home/airflow/.local/lib/python3.7/site-packages/airflow/example_dags/example_subdag_operator.py took 0.377 seconds
