[2022-06-30 00:08:39,831] {processor.py:153} INFO - Started process (PID=78) to work on /home/airflow/.local/lib/python3.7/site-packages/airflow/example_dags/example_latest_only.py
[2022-06-30 00:08:39,832] {processor.py:641} INFO - Processing file /home/airflow/.local/lib/python3.7/site-packages/airflow/example_dags/example_latest_only.py for tasks to queue
[2022-06-30 00:08:39,834] {logging_mixin.py:115} INFO - [2022-06-30 00:08:39,833] {dagbag.py:507} INFO - Filling up the DagBag from /home/airflow/.local/lib/python3.7/site-packages/airflow/example_dags/example_latest_only.py
[2022-06-30 00:08:39,849] {processor.py:651} INFO - DAG(s) dict_keys(['latest_only']) retrieved from /home/airflow/.local/lib/python3.7/site-packages/airflow/example_dags/example_latest_only.py
[2022-06-30 00:08:40,350] {logging_mixin.py:115} INFO - [2022-06-30 00:08:40,350] {manager.py:508} INFO - Created Permission View: can delete on DAG:latest_only
[2022-06-30 00:08:40,379] {logging_mixin.py:115} INFO - [2022-06-30 00:08:40,379] {manager.py:508} INFO - Created Permission View: can read on DAG:latest_only
[2022-06-30 00:08:40,403] {logging_mixin.py:115} INFO - [2022-06-30 00:08:40,403] {manager.py:508} INFO - Created Permission View: can edit on DAG:latest_only
[2022-06-30 00:08:40,405] {logging_mixin.py:115} INFO - [2022-06-30 00:08:40,405] {dag.py:2371} INFO - Sync 1 DAGs
[2022-06-30 00:08:40,430] {logging_mixin.py:115} INFO - [2022-06-30 00:08:40,429] {dag.py:2390} INFO - Creating ORM DAG for latest_only
[2022-06-30 00:08:40,465] {logging_mixin.py:115} INFO - [2022-06-30 00:08:40,465] {dag.py:2919} INFO - Setting next_dagrun for latest_only to 2022-06-29T20:08:40.464684+00:00, run_after=2022-06-30T00:08:40.464684+00:00
[2022-06-30 00:08:40,488] {processor.py:161} INFO - Processing /home/airflow/.local/lib/python3.7/site-packages/airflow/example_dags/example_latest_only.py took 0.667 seconds
[2022-06-30 00:09:11,141] {processor.py:153} INFO - Started process (PID=133) to work on /home/airflow/.local/lib/python3.7/site-packages/airflow/example_dags/example_latest_only.py
[2022-06-30 00:09:11,142] {processor.py:641} INFO - Processing file /home/airflow/.local/lib/python3.7/site-packages/airflow/example_dags/example_latest_only.py for tasks to queue
[2022-06-30 00:09:11,143] {logging_mixin.py:115} INFO - [2022-06-30 00:09:11,143] {dagbag.py:507} INFO - Filling up the DagBag from /home/airflow/.local/lib/python3.7/site-packages/airflow/example_dags/example_latest_only.py
[2022-06-30 00:09:11,152] {processor.py:651} INFO - DAG(s) dict_keys(['latest_only']) retrieved from /home/airflow/.local/lib/python3.7/site-packages/airflow/example_dags/example_latest_only.py
[2022-06-30 00:09:11,190] {logging_mixin.py:115} INFO - [2022-06-30 00:09:11,190] {dag.py:2371} INFO - Sync 1 DAGs
[2022-06-30 00:09:11,411] {logging_mixin.py:115} INFO - [2022-06-30 00:09:11,411] {dag.py:2919} INFO - Setting next_dagrun for latest_only to 2022-06-29T20:09:11.411096+00:00, run_after=2022-06-30T00:09:11.411096+00:00
[2022-06-30 00:09:11,435] {processor.py:161} INFO - Processing /home/airflow/.local/lib/python3.7/site-packages/airflow/example_dags/example_latest_only.py took 0.299 seconds
[2022-06-30 00:09:41,654] {processor.py:153} INFO - Started process (PID=197) to work on /home/airflow/.local/lib/python3.7/site-packages/airflow/example_dags/example_latest_only.py
[2022-06-30 00:09:41,657] {processor.py:641} INFO - Processing file /home/airflow/.local/lib/python3.7/site-packages/airflow/example_dags/example_latest_only.py for tasks to queue
[2022-06-30 00:09:41,659] {logging_mixin.py:115} INFO - [2022-06-30 00:09:41,658] {dagbag.py:507} INFO - Filling up the DagBag from /home/airflow/.local/lib/python3.7/site-packages/airflow/example_dags/example_latest_only.py
[2022-06-30 00:09:41,669] {processor.py:651} INFO - DAG(s) dict_keys(['latest_only']) retrieved from /home/airflow/.local/lib/python3.7/site-packages/airflow/example_dags/example_latest_only.py
[2022-06-30 00:09:41,709] {logging_mixin.py:115} INFO - [2022-06-30 00:09:41,709] {dag.py:2371} INFO - Sync 1 DAGs
[2022-06-30 00:09:41,884] {logging_mixin.py:115} INFO - [2022-06-30 00:09:41,884] {dag.py:2919} INFO - Setting next_dagrun for latest_only to 2022-06-29T20:09:41.884392+00:00, run_after=2022-06-30T00:09:41.884392+00:00
[2022-06-30 00:09:41,904] {processor.py:161} INFO - Processing /home/airflow/.local/lib/python3.7/site-packages/airflow/example_dags/example_latest_only.py took 0.255 seconds
[2022-06-30 00:10:12,215] {processor.py:153} INFO - Started process (PID=251) to work on /home/airflow/.local/lib/python3.7/site-packages/airflow/example_dags/example_latest_only.py
[2022-06-30 00:10:12,217] {processor.py:641} INFO - Processing file /home/airflow/.local/lib/python3.7/site-packages/airflow/example_dags/example_latest_only.py for tasks to queue
[2022-06-30 00:10:12,219] {logging_mixin.py:115} INFO - [2022-06-30 00:10:12,219] {dagbag.py:507} INFO - Filling up the DagBag from /home/airflow/.local/lib/python3.7/site-packages/airflow/example_dags/example_latest_only.py
[2022-06-30 00:10:12,229] {processor.py:651} INFO - DAG(s) dict_keys(['latest_only']) retrieved from /home/airflow/.local/lib/python3.7/site-packages/airflow/example_dags/example_latest_only.py
[2022-06-30 00:10:12,265] {logging_mixin.py:115} INFO - [2022-06-30 00:10:12,265] {dag.py:2371} INFO - Sync 1 DAGs
[2022-06-30 00:10:12,458] {logging_mixin.py:115} INFO - [2022-06-30 00:10:12,458] {dag.py:2919} INFO - Setting next_dagrun for latest_only to 2022-06-29T20:10:12.458279+00:00, run_after=2022-06-30T00:10:12.458279+00:00
[2022-06-30 00:10:12,476] {processor.py:161} INFO - Processing /home/airflow/.local/lib/python3.7/site-packages/airflow/example_dags/example_latest_only.py took 0.268 seconds
[2022-06-30 00:10:42,748] {processor.py:153} INFO - Started process (PID=314) to work on /home/airflow/.local/lib/python3.7/site-packages/airflow/example_dags/example_latest_only.py
[2022-06-30 00:10:42,750] {processor.py:641} INFO - Processing file /home/airflow/.local/lib/python3.7/site-packages/airflow/example_dags/example_latest_only.py for tasks to queue
[2022-06-30 00:10:42,753] {logging_mixin.py:115} INFO - [2022-06-30 00:10:42,753] {dagbag.py:507} INFO - Filling up the DagBag from /home/airflow/.local/lib/python3.7/site-packages/airflow/example_dags/example_latest_only.py
[2022-06-30 00:10:42,765] {processor.py:651} INFO - DAG(s) dict_keys(['latest_only']) retrieved from /home/airflow/.local/lib/python3.7/site-packages/airflow/example_dags/example_latest_only.py
[2022-06-30 00:10:42,822] {logging_mixin.py:115} INFO - [2022-06-30 00:10:42,822] {dag.py:2371} INFO - Sync 1 DAGs
[2022-06-30 00:10:43,016] {logging_mixin.py:115} INFO - [2022-06-30 00:10:43,016] {dag.py:2919} INFO - Setting next_dagrun for latest_only to 2022-06-29T20:10:43.016074+00:00, run_after=2022-06-30T00:10:43.016074+00:00
[2022-06-30 00:10:43,033] {processor.py:161} INFO - Processing /home/airflow/.local/lib/python3.7/site-packages/airflow/example_dags/example_latest_only.py took 0.289 seconds
[2022-06-30 00:11:13,133] {processor.py:153} INFO - Started process (PID=368) to work on /home/airflow/.local/lib/python3.7/site-packages/airflow/example_dags/example_latest_only.py
[2022-06-30 00:11:13,134] {processor.py:641} INFO - Processing file /home/airflow/.local/lib/python3.7/site-packages/airflow/example_dags/example_latest_only.py for tasks to queue
[2022-06-30 00:11:13,136] {logging_mixin.py:115} INFO - [2022-06-30 00:11:13,136] {dagbag.py:507} INFO - Filling up the DagBag from /home/airflow/.local/lib/python3.7/site-packages/airflow/example_dags/example_latest_only.py
[2022-06-30 00:11:13,143] {processor.py:651} INFO - DAG(s) dict_keys(['latest_only']) retrieved from /home/airflow/.local/lib/python3.7/site-packages/airflow/example_dags/example_latest_only.py
[2022-06-30 00:11:13,179] {logging_mixin.py:115} INFO - [2022-06-30 00:11:13,179] {dag.py:2371} INFO - Sync 1 DAGs
[2022-06-30 00:11:13,415] {logging_mixin.py:115} INFO - [2022-06-30 00:11:13,415] {dag.py:2919} INFO - Setting next_dagrun for latest_only to 2022-06-29T20:11:13.414928+00:00, run_after=2022-06-30T00:11:13.414928+00:00
[2022-06-30 00:11:13,434] {processor.py:161} INFO - Processing /home/airflow/.local/lib/python3.7/site-packages/airflow/example_dags/example_latest_only.py took 0.305 seconds
[2022-06-30 00:11:44,029] {processor.py:153} INFO - Started process (PID=433) to work on /home/airflow/.local/lib/python3.7/site-packages/airflow/example_dags/example_latest_only.py
[2022-06-30 00:11:44,031] {processor.py:641} INFO - Processing file /home/airflow/.local/lib/python3.7/site-packages/airflow/example_dags/example_latest_only.py for tasks to queue
[2022-06-30 00:11:44,033] {logging_mixin.py:115} INFO - [2022-06-30 00:11:44,033] {dagbag.py:507} INFO - Filling up the DagBag from /home/airflow/.local/lib/python3.7/site-packages/airflow/example_dags/example_latest_only.py
[2022-06-30 00:11:44,042] {processor.py:651} INFO - DAG(s) dict_keys(['latest_only']) retrieved from /home/airflow/.local/lib/python3.7/site-packages/airflow/example_dags/example_latest_only.py
[2022-06-30 00:11:44,080] {logging_mixin.py:115} INFO - [2022-06-30 00:11:44,080] {dag.py:2371} INFO - Sync 1 DAGs
[2022-06-30 00:11:44,291] {logging_mixin.py:115} INFO - [2022-06-30 00:11:44,291] {dag.py:2919} INFO - Setting next_dagrun for latest_only to 2022-06-29T20:11:44.291149+00:00, run_after=2022-06-30T00:11:44.291149+00:00
[2022-06-30 00:11:44,307] {processor.py:161} INFO - Processing /home/airflow/.local/lib/python3.7/site-packages/airflow/example_dags/example_latest_only.py took 0.293 seconds
[2022-06-30 00:12:14,395] {processor.py:153} INFO - Started process (PID=487) to work on /home/airflow/.local/lib/python3.7/site-packages/airflow/example_dags/example_latest_only.py
[2022-06-30 00:12:14,397] {processor.py:641} INFO - Processing file /home/airflow/.local/lib/python3.7/site-packages/airflow/example_dags/example_latest_only.py for tasks to queue
[2022-06-30 00:12:14,400] {logging_mixin.py:115} INFO - [2022-06-30 00:12:14,400] {dagbag.py:507} INFO - Filling up the DagBag from /home/airflow/.local/lib/python3.7/site-packages/airflow/example_dags/example_latest_only.py
[2022-06-30 00:12:14,412] {processor.py:651} INFO - DAG(s) dict_keys(['latest_only']) retrieved from /home/airflow/.local/lib/python3.7/site-packages/airflow/example_dags/example_latest_only.py
[2022-06-30 00:12:14,466] {logging_mixin.py:115} INFO - [2022-06-30 00:12:14,466] {dag.py:2371} INFO - Sync 1 DAGs
[2022-06-30 00:12:14,748] {logging_mixin.py:115} INFO - [2022-06-30 00:12:14,748] {dag.py:2919} INFO - Setting next_dagrun for latest_only to 2022-06-29T20:12:14.748230+00:00, run_after=2022-06-30T00:12:14.748230+00:00
[2022-06-30 00:12:14,773] {processor.py:161} INFO - Processing /home/airflow/.local/lib/python3.7/site-packages/airflow/example_dags/example_latest_only.py took 0.385 seconds
[2022-06-30 00:12:45,515] {processor.py:153} INFO - Started process (PID=551) to work on /home/airflow/.local/lib/python3.7/site-packages/airflow/example_dags/example_latest_only.py
[2022-06-30 00:12:45,517] {processor.py:641} INFO - Processing file /home/airflow/.local/lib/python3.7/site-packages/airflow/example_dags/example_latest_only.py for tasks to queue
[2022-06-30 00:12:45,518] {logging_mixin.py:115} INFO - [2022-06-30 00:12:45,518] {dagbag.py:507} INFO - Filling up the DagBag from /home/airflow/.local/lib/python3.7/site-packages/airflow/example_dags/example_latest_only.py
[2022-06-30 00:12:45,525] {processor.py:651} INFO - DAG(s) dict_keys(['latest_only']) retrieved from /home/airflow/.local/lib/python3.7/site-packages/airflow/example_dags/example_latest_only.py
[2022-06-30 00:12:45,565] {logging_mixin.py:115} INFO - [2022-06-30 00:12:45,565] {dag.py:2371} INFO - Sync 1 DAGs
[2022-06-30 00:12:45,743] {logging_mixin.py:115} INFO - [2022-06-30 00:12:45,743] {dag.py:2919} INFO - Setting next_dagrun for latest_only to 2022-06-29T20:12:45.743378+00:00, run_after=2022-06-30T00:12:45.743378+00:00
[2022-06-30 00:12:45,760] {processor.py:161} INFO - Processing /home/airflow/.local/lib/python3.7/site-packages/airflow/example_dags/example_latest_only.py took 0.249 seconds
[2022-06-30 00:13:16,009] {processor.py:153} INFO - Started process (PID=616) to work on /home/airflow/.local/lib/python3.7/site-packages/airflow/example_dags/example_latest_only.py
[2022-06-30 00:13:16,011] {processor.py:641} INFO - Processing file /home/airflow/.local/lib/python3.7/site-packages/airflow/example_dags/example_latest_only.py for tasks to queue
[2022-06-30 00:13:16,012] {logging_mixin.py:115} INFO - [2022-06-30 00:13:16,012] {dagbag.py:507} INFO - Filling up the DagBag from /home/airflow/.local/lib/python3.7/site-packages/airflow/example_dags/example_latest_only.py
[2022-06-30 00:13:16,025] {processor.py:651} INFO - DAG(s) dict_keys(['latest_only']) retrieved from /home/airflow/.local/lib/python3.7/site-packages/airflow/example_dags/example_latest_only.py
[2022-06-30 00:13:16,068] {logging_mixin.py:115} INFO - [2022-06-30 00:13:16,068] {dag.py:2371} INFO - Sync 1 DAGs
[2022-06-30 00:13:16,250] {logging_mixin.py:115} INFO - [2022-06-30 00:13:16,250] {dag.py:2919} INFO - Setting next_dagrun for latest_only to 2022-06-29T20:13:16.250615+00:00, run_after=2022-06-30T00:13:16.250615+00:00
[2022-06-30 00:13:16,266] {processor.py:161} INFO - Processing /home/airflow/.local/lib/python3.7/site-packages/airflow/example_dags/example_latest_only.py took 0.263 seconds
[2022-06-30 00:13:46,475] {processor.py:153} INFO - Started process (PID=673) to work on /home/airflow/.local/lib/python3.7/site-packages/airflow/example_dags/example_latest_only.py
[2022-06-30 00:13:46,476] {processor.py:641} INFO - Processing file /home/airflow/.local/lib/python3.7/site-packages/airflow/example_dags/example_latest_only.py for tasks to queue
[2022-06-30 00:13:46,478] {logging_mixin.py:115} INFO - [2022-06-30 00:13:46,478] {dagbag.py:507} INFO - Filling up the DagBag from /home/airflow/.local/lib/python3.7/site-packages/airflow/example_dags/example_latest_only.py
[2022-06-30 00:13:46,487] {processor.py:651} INFO - DAG(s) dict_keys(['latest_only']) retrieved from /home/airflow/.local/lib/python3.7/site-packages/airflow/example_dags/example_latest_only.py
[2022-06-30 00:13:46,527] {logging_mixin.py:115} INFO - [2022-06-30 00:13:46,527] {dag.py:2371} INFO - Sync 1 DAGs
[2022-06-30 00:13:46,695] {logging_mixin.py:115} INFO - [2022-06-30 00:13:46,694] {dag.py:2919} INFO - Setting next_dagrun for latest_only to 2022-06-29T20:13:46.694676+00:00, run_after=2022-06-30T00:13:46.694676+00:00
[2022-06-30 00:13:46,710] {processor.py:161} INFO - Processing /home/airflow/.local/lib/python3.7/site-packages/airflow/example_dags/example_latest_only.py took 0.240 seconds
[2022-06-30 00:14:17,282] {processor.py:153} INFO - Started process (PID=737) to work on /home/airflow/.local/lib/python3.7/site-packages/airflow/example_dags/example_latest_only.py
[2022-06-30 00:14:17,284] {processor.py:641} INFO - Processing file /home/airflow/.local/lib/python3.7/site-packages/airflow/example_dags/example_latest_only.py for tasks to queue
[2022-06-30 00:14:17,285] {logging_mixin.py:115} INFO - [2022-06-30 00:14:17,285] {dagbag.py:507} INFO - Filling up the DagBag from /home/airflow/.local/lib/python3.7/site-packages/airflow/example_dags/example_latest_only.py
[2022-06-30 00:14:17,295] {processor.py:651} INFO - DAG(s) dict_keys(['latest_only']) retrieved from /home/airflow/.local/lib/python3.7/site-packages/airflow/example_dags/example_latest_only.py
[2022-06-30 00:14:17,338] {logging_mixin.py:115} INFO - [2022-06-30 00:14:17,338] {dag.py:2371} INFO - Sync 1 DAGs
[2022-06-30 00:14:17,518] {logging_mixin.py:115} INFO - [2022-06-30 00:14:17,518] {dag.py:2919} INFO - Setting next_dagrun for latest_only to 2022-06-29T20:14:17.517805+00:00, run_after=2022-06-30T00:14:17.517805+00:00
[2022-06-30 00:14:17,533] {processor.py:161} INFO - Processing /home/airflow/.local/lib/python3.7/site-packages/airflow/example_dags/example_latest_only.py took 0.255 seconds
[2022-06-30 00:14:48,038] {processor.py:153} INFO - Started process (PID=791) to work on /home/airflow/.local/lib/python3.7/site-packages/airflow/example_dags/example_latest_only.py
[2022-06-30 00:14:48,040] {processor.py:641} INFO - Processing file /home/airflow/.local/lib/python3.7/site-packages/airflow/example_dags/example_latest_only.py for tasks to queue
[2022-06-30 00:14:48,042] {logging_mixin.py:115} INFO - [2022-06-30 00:14:48,042] {dagbag.py:507} INFO - Filling up the DagBag from /home/airflow/.local/lib/python3.7/site-packages/airflow/example_dags/example_latest_only.py
[2022-06-30 00:14:48,050] {processor.py:651} INFO - DAG(s) dict_keys(['latest_only']) retrieved from /home/airflow/.local/lib/python3.7/site-packages/airflow/example_dags/example_latest_only.py
[2022-06-30 00:14:48,091] {logging_mixin.py:115} INFO - [2022-06-30 00:14:48,091] {dag.py:2371} INFO - Sync 1 DAGs
[2022-06-30 00:14:48,257] {logging_mixin.py:115} INFO - [2022-06-30 00:14:48,257] {dag.py:2919} INFO - Setting next_dagrun for latest_only to 2022-06-29T20:14:48.256820+00:00, run_after=2022-06-30T00:14:48.256820+00:00
[2022-06-30 00:14:48,276] {processor.py:161} INFO - Processing /home/airflow/.local/lib/python3.7/site-packages/airflow/example_dags/example_latest_only.py took 0.243 seconds
[2022-06-30 00:15:18,574] {processor.py:153} INFO - Started process (PID=855) to work on /home/airflow/.local/lib/python3.7/site-packages/airflow/example_dags/example_latest_only.py
[2022-06-30 00:15:18,575] {processor.py:641} INFO - Processing file /home/airflow/.local/lib/python3.7/site-packages/airflow/example_dags/example_latest_only.py for tasks to queue
[2022-06-30 00:15:18,577] {logging_mixin.py:115} INFO - [2022-06-30 00:15:18,577] {dagbag.py:507} INFO - Filling up the DagBag from /home/airflow/.local/lib/python3.7/site-packages/airflow/example_dags/example_latest_only.py
[2022-06-30 00:15:18,590] {processor.py:651} INFO - DAG(s) dict_keys(['latest_only']) retrieved from /home/airflow/.local/lib/python3.7/site-packages/airflow/example_dags/example_latest_only.py
[2022-06-30 00:15:18,639] {logging_mixin.py:115} INFO - [2022-06-30 00:15:18,639] {dag.py:2371} INFO - Sync 1 DAGs
[2022-06-30 00:15:18,819] {logging_mixin.py:115} INFO - [2022-06-30 00:15:18,819] {dag.py:2919} INFO - Setting next_dagrun for latest_only to 2022-06-29T20:15:18.819397+00:00, run_after=2022-06-30T00:15:18.819397+00:00
[2022-06-30 00:15:18,834] {processor.py:161} INFO - Processing /home/airflow/.local/lib/python3.7/site-packages/airflow/example_dags/example_latest_only.py took 0.267 seconds
[2022-06-30 00:15:49,470] {processor.py:153} INFO - Started process (PID=922) to work on /home/airflow/.local/lib/python3.7/site-packages/airflow/example_dags/example_latest_only.py
[2022-06-30 00:15:49,472] {processor.py:641} INFO - Processing file /home/airflow/.local/lib/python3.7/site-packages/airflow/example_dags/example_latest_only.py for tasks to queue
[2022-06-30 00:15:49,475] {logging_mixin.py:115} INFO - [2022-06-30 00:15:49,475] {dagbag.py:507} INFO - Filling up the DagBag from /home/airflow/.local/lib/python3.7/site-packages/airflow/example_dags/example_latest_only.py
[2022-06-30 00:15:49,485] {processor.py:651} INFO - DAG(s) dict_keys(['latest_only']) retrieved from /home/airflow/.local/lib/python3.7/site-packages/airflow/example_dags/example_latest_only.py
[2022-06-30 00:15:49,533] {logging_mixin.py:115} INFO - [2022-06-30 00:15:49,533] {dag.py:2371} INFO - Sync 1 DAGs
[2022-06-30 00:15:49,713] {logging_mixin.py:115} INFO - [2022-06-30 00:15:49,713] {dag.py:2919} INFO - Setting next_dagrun for latest_only to 2022-06-29T20:15:49.713569+00:00, run_after=2022-06-30T00:15:49.713569+00:00
[2022-06-30 00:15:49,736] {processor.py:161} INFO - Processing /home/airflow/.local/lib/python3.7/site-packages/airflow/example_dags/example_latest_only.py took 0.278 seconds
[2022-06-30 00:16:19,994] {processor.py:153} INFO - Started process (PID=974) to work on /home/airflow/.local/lib/python3.7/site-packages/airflow/example_dags/example_latest_only.py
[2022-06-30 00:16:19,995] {processor.py:641} INFO - Processing file /home/airflow/.local/lib/python3.7/site-packages/airflow/example_dags/example_latest_only.py for tasks to queue
[2022-06-30 00:16:19,996] {logging_mixin.py:115} INFO - [2022-06-30 00:16:19,996] {dagbag.py:507} INFO - Filling up the DagBag from /home/airflow/.local/lib/python3.7/site-packages/airflow/example_dags/example_latest_only.py
[2022-06-30 00:16:20,005] {processor.py:651} INFO - DAG(s) dict_keys(['latest_only']) retrieved from /home/airflow/.local/lib/python3.7/site-packages/airflow/example_dags/example_latest_only.py
[2022-06-30 00:16:20,056] {logging_mixin.py:115} INFO - [2022-06-30 00:16:20,056] {dag.py:2371} INFO - Sync 1 DAGs
[2022-06-30 00:16:20,236] {logging_mixin.py:115} INFO - [2022-06-30 00:16:20,236] {dag.py:2919} INFO - Setting next_dagrun for latest_only to 2022-06-29T20:16:20.236046+00:00, run_after=2022-06-30T00:16:20.236046+00:00
[2022-06-30 00:16:20,252] {processor.py:161} INFO - Processing /home/airflow/.local/lib/python3.7/site-packages/airflow/example_dags/example_latest_only.py took 0.265 seconds
[2022-06-30 00:16:50,936] {processor.py:153} INFO - Started process (PID=1037) to work on /home/airflow/.local/lib/python3.7/site-packages/airflow/example_dags/example_latest_only.py
[2022-06-30 00:16:50,937] {processor.py:641} INFO - Processing file /home/airflow/.local/lib/python3.7/site-packages/airflow/example_dags/example_latest_only.py for tasks to queue
[2022-06-30 00:16:50,938] {logging_mixin.py:115} INFO - [2022-06-30 00:16:50,938] {dagbag.py:507} INFO - Filling up the DagBag from /home/airflow/.local/lib/python3.7/site-packages/airflow/example_dags/example_latest_only.py
[2022-06-30 00:16:50,948] {processor.py:651} INFO - DAG(s) dict_keys(['latest_only']) retrieved from /home/airflow/.local/lib/python3.7/site-packages/airflow/example_dags/example_latest_only.py
[2022-06-30 00:16:50,996] {logging_mixin.py:115} INFO - [2022-06-30 00:16:50,996] {dag.py:2371} INFO - Sync 1 DAGs
[2022-06-30 00:16:51,192] {logging_mixin.py:115} INFO - [2022-06-30 00:16:51,192] {dag.py:2919} INFO - Setting next_dagrun for latest_only to 2022-06-29T20:16:51.192238+00:00, run_after=2022-06-30T00:16:51.192238+00:00
[2022-06-30 00:16:51,205] {processor.py:161} INFO - Processing /home/airflow/.local/lib/python3.7/site-packages/airflow/example_dags/example_latest_only.py took 0.275 seconds
