[2022-06-30 00:08:30,383] {processor.py:153} INFO - Started process (PID=50) to work on /home/airflow/.local/lib/python3.7/site-packages/airflow/example_dags/example_branch_datetime_operator.py
[2022-06-30 00:08:30,386] {processor.py:641} INFO - Processing file /home/airflow/.local/lib/python3.7/site-packages/airflow/example_dags/example_branch_datetime_operator.py for tasks to queue
[2022-06-30 00:08:30,391] {logging_mixin.py:115} INFO - [2022-06-30 00:08:30,391] {dagbag.py:507} INFO - Filling up the DagBag from /home/airflow/.local/lib/python3.7/site-packages/airflow/example_dags/example_branch_datetime_operator.py
[2022-06-30 00:08:30,423] {processor.py:651} INFO - DAG(s) dict_keys(['example_branch_datetime_operator_2']) retrieved from /home/airflow/.local/lib/python3.7/site-packages/airflow/example_dags/example_branch_datetime_operator.py
[2022-06-30 00:08:31,186] {logging_mixin.py:115} INFO - [2022-06-30 00:08:31,186] {manager.py:508} INFO - Created Permission View: can delete on DAG:example_branch_datetime_operator_2
[2022-06-30 00:08:31,204] {logging_mixin.py:115} INFO - [2022-06-30 00:08:31,204] {manager.py:508} INFO - Created Permission View: can read on DAG:example_branch_datetime_operator_2
[2022-06-30 00:08:31,218] {logging_mixin.py:115} INFO - [2022-06-30 00:08:31,218] {manager.py:508} INFO - Created Permission View: can edit on DAG:example_branch_datetime_operator_2
[2022-06-30 00:08:31,219] {logging_mixin.py:115} INFO - [2022-06-30 00:08:31,219] {dag.py:2371} INFO - Sync 1 DAGs
[2022-06-30 00:08:31,237] {logging_mixin.py:115} INFO - [2022-06-30 00:08:31,237] {dag.py:2390} INFO - Creating ORM DAG for example_branch_datetime_operator_2
[2022-06-30 00:08:31,262] {logging_mixin.py:115} INFO - [2022-06-30 00:08:31,261] {dag.py:2919} INFO - Setting next_dagrun for example_branch_datetime_operator_2 to 2022-06-29T00:00:00+00:00, run_after=2022-06-30T00:00:00+00:00
[2022-06-30 00:08:31,285] {processor.py:161} INFO - Processing /home/airflow/.local/lib/python3.7/site-packages/airflow/example_dags/example_branch_datetime_operator.py took 0.925 seconds
[2022-06-30 00:09:01,767] {processor.py:153} INFO - Started process (PID=114) to work on /home/airflow/.local/lib/python3.7/site-packages/airflow/example_dags/example_branch_datetime_operator.py
[2022-06-30 00:09:01,769] {processor.py:641} INFO - Processing file /home/airflow/.local/lib/python3.7/site-packages/airflow/example_dags/example_branch_datetime_operator.py for tasks to queue
[2022-06-30 00:09:01,770] {logging_mixin.py:115} INFO - [2022-06-30 00:09:01,770] {dagbag.py:507} INFO - Filling up the DagBag from /home/airflow/.local/lib/python3.7/site-packages/airflow/example_dags/example_branch_datetime_operator.py
[2022-06-30 00:09:01,783] {processor.py:651} INFO - DAG(s) dict_keys(['example_branch_datetime_operator_2']) retrieved from /home/airflow/.local/lib/python3.7/site-packages/airflow/example_dags/example_branch_datetime_operator.py
[2022-06-30 00:09:01,820] {logging_mixin.py:115} INFO - [2022-06-30 00:09:01,820] {dag.py:2371} INFO - Sync 1 DAGs
[2022-06-30 00:09:02,041] {logging_mixin.py:115} INFO - [2022-06-30 00:09:02,041] {dag.py:2919} INFO - Setting next_dagrun for example_branch_datetime_operator_2 to 2022-06-29T00:00:00+00:00, run_after=2022-06-30T00:00:00+00:00
[2022-06-30 00:09:02,059] {processor.py:161} INFO - Processing /home/airflow/.local/lib/python3.7/site-packages/airflow/example_dags/example_branch_datetime_operator.py took 0.297 seconds
[2022-06-30 00:09:32,106] {processor.py:153} INFO - Started process (PID=169) to work on /home/airflow/.local/lib/python3.7/site-packages/airflow/example_dags/example_branch_datetime_operator.py
[2022-06-30 00:09:32,108] {processor.py:641} INFO - Processing file /home/airflow/.local/lib/python3.7/site-packages/airflow/example_dags/example_branch_datetime_operator.py for tasks to queue
[2022-06-30 00:09:32,109] {logging_mixin.py:115} INFO - [2022-06-30 00:09:32,109] {dagbag.py:507} INFO - Filling up the DagBag from /home/airflow/.local/lib/python3.7/site-packages/airflow/example_dags/example_branch_datetime_operator.py
[2022-06-30 00:09:32,121] {processor.py:651} INFO - DAG(s) dict_keys(['example_branch_datetime_operator_2']) retrieved from /home/airflow/.local/lib/python3.7/site-packages/airflow/example_dags/example_branch_datetime_operator.py
[2022-06-30 00:09:32,156] {logging_mixin.py:115} INFO - [2022-06-30 00:09:32,156] {dag.py:2371} INFO - Sync 1 DAGs
[2022-06-30 00:09:32,333] {logging_mixin.py:115} INFO - [2022-06-30 00:09:32,333] {dag.py:2919} INFO - Setting next_dagrun for example_branch_datetime_operator_2 to 2022-06-29T00:00:00+00:00, run_after=2022-06-30T00:00:00+00:00
[2022-06-30 00:09:32,346] {processor.py:161} INFO - Processing /home/airflow/.local/lib/python3.7/site-packages/airflow/example_dags/example_branch_datetime_operator.py took 0.244 seconds
[2022-06-30 00:10:03,114] {processor.py:153} INFO - Started process (PID=234) to work on /home/airflow/.local/lib/python3.7/site-packages/airflow/example_dags/example_branch_datetime_operator.py
[2022-06-30 00:10:03,115] {processor.py:641} INFO - Processing file /home/airflow/.local/lib/python3.7/site-packages/airflow/example_dags/example_branch_datetime_operator.py for tasks to queue
[2022-06-30 00:10:03,117] {logging_mixin.py:115} INFO - [2022-06-30 00:10:03,116] {dagbag.py:507} INFO - Filling up the DagBag from /home/airflow/.local/lib/python3.7/site-packages/airflow/example_dags/example_branch_datetime_operator.py
[2022-06-30 00:10:03,129] {processor.py:651} INFO - DAG(s) dict_keys(['example_branch_datetime_operator_2']) retrieved from /home/airflow/.local/lib/python3.7/site-packages/airflow/example_dags/example_branch_datetime_operator.py
[2022-06-30 00:10:03,171] {logging_mixin.py:115} INFO - [2022-06-30 00:10:03,171] {dag.py:2371} INFO - Sync 1 DAGs
[2022-06-30 00:10:03,385] {logging_mixin.py:115} INFO - [2022-06-30 00:10:03,385] {dag.py:2919} INFO - Setting next_dagrun for example_branch_datetime_operator_2 to 2022-06-29T00:00:00+00:00, run_after=2022-06-30T00:00:00+00:00
[2022-06-30 00:10:03,402] {processor.py:161} INFO - Processing /home/airflow/.local/lib/python3.7/site-packages/airflow/example_dags/example_branch_datetime_operator.py took 0.293 seconds
[2022-06-30 00:10:34,143] {processor.py:153} INFO - Started process (PID=287) to work on /home/airflow/.local/lib/python3.7/site-packages/airflow/example_dags/example_branch_datetime_operator.py
[2022-06-30 00:10:34,145] {processor.py:641} INFO - Processing file /home/airflow/.local/lib/python3.7/site-packages/airflow/example_dags/example_branch_datetime_operator.py for tasks to queue
[2022-06-30 00:10:34,146] {logging_mixin.py:115} INFO - [2022-06-30 00:10:34,146] {dagbag.py:507} INFO - Filling up the DagBag from /home/airflow/.local/lib/python3.7/site-packages/airflow/example_dags/example_branch_datetime_operator.py
[2022-06-30 00:10:34,159] {processor.py:651} INFO - DAG(s) dict_keys(['example_branch_datetime_operator_2']) retrieved from /home/airflow/.local/lib/python3.7/site-packages/airflow/example_dags/example_branch_datetime_operator.py
[2022-06-30 00:10:34,199] {logging_mixin.py:115} INFO - [2022-06-30 00:10:34,198] {dag.py:2371} INFO - Sync 1 DAGs
[2022-06-30 00:10:34,385] {logging_mixin.py:115} INFO - [2022-06-30 00:10:34,384] {dag.py:2919} INFO - Setting next_dagrun for example_branch_datetime_operator_2 to 2022-06-29T00:00:00+00:00, run_after=2022-06-30T00:00:00+00:00
[2022-06-30 00:10:34,400] {processor.py:161} INFO - Processing /home/airflow/.local/lib/python3.7/site-packages/airflow/example_dags/example_branch_datetime_operator.py took 0.261 seconds
[2022-06-30 00:11:04,700] {processor.py:153} INFO - Started process (PID=351) to work on /home/airflow/.local/lib/python3.7/site-packages/airflow/example_dags/example_branch_datetime_operator.py
[2022-06-30 00:11:04,702] {processor.py:641} INFO - Processing file /home/airflow/.local/lib/python3.7/site-packages/airflow/example_dags/example_branch_datetime_operator.py for tasks to queue
[2022-06-30 00:11:04,703] {logging_mixin.py:115} INFO - [2022-06-30 00:11:04,703] {dagbag.py:507} INFO - Filling up the DagBag from /home/airflow/.local/lib/python3.7/site-packages/airflow/example_dags/example_branch_datetime_operator.py
[2022-06-30 00:11:04,717] {processor.py:651} INFO - DAG(s) dict_keys(['example_branch_datetime_operator_2']) retrieved from /home/airflow/.local/lib/python3.7/site-packages/airflow/example_dags/example_branch_datetime_operator.py
[2022-06-30 00:11:04,755] {logging_mixin.py:115} INFO - [2022-06-30 00:11:04,755] {dag.py:2371} INFO - Sync 1 DAGs
[2022-06-30 00:11:04,935] {logging_mixin.py:115} INFO - [2022-06-30 00:11:04,935] {dag.py:2919} INFO - Setting next_dagrun for example_branch_datetime_operator_2 to 2022-06-29T00:00:00+00:00, run_after=2022-06-30T00:00:00+00:00
[2022-06-30 00:11:04,959] {processor.py:161} INFO - Processing /home/airflow/.local/lib/python3.7/site-packages/airflow/example_dags/example_branch_datetime_operator.py took 0.265 seconds
[2022-06-30 00:11:35,302] {processor.py:153} INFO - Started process (PID=406) to work on /home/airflow/.local/lib/python3.7/site-packages/airflow/example_dags/example_branch_datetime_operator.py
[2022-06-30 00:11:35,304] {processor.py:641} INFO - Processing file /home/airflow/.local/lib/python3.7/site-packages/airflow/example_dags/example_branch_datetime_operator.py for tasks to queue
[2022-06-30 00:11:35,305] {logging_mixin.py:115} INFO - [2022-06-30 00:11:35,305] {dagbag.py:507} INFO - Filling up the DagBag from /home/airflow/.local/lib/python3.7/site-packages/airflow/example_dags/example_branch_datetime_operator.py
[2022-06-30 00:11:35,317] {processor.py:651} INFO - DAG(s) dict_keys(['example_branch_datetime_operator_2']) retrieved from /home/airflow/.local/lib/python3.7/site-packages/airflow/example_dags/example_branch_datetime_operator.py
[2022-06-30 00:11:35,378] {logging_mixin.py:115} INFO - [2022-06-30 00:11:35,378] {dag.py:2371} INFO - Sync 1 DAGs
[2022-06-30 00:11:35,569] {logging_mixin.py:115} INFO - [2022-06-30 00:11:35,569] {dag.py:2919} INFO - Setting next_dagrun for example_branch_datetime_operator_2 to 2022-06-29T00:00:00+00:00, run_after=2022-06-30T00:00:00+00:00
[2022-06-30 00:11:35,584] {processor.py:161} INFO - Processing /home/airflow/.local/lib/python3.7/site-packages/airflow/example_dags/example_branch_datetime_operator.py took 0.287 seconds
[2022-06-30 00:12:06,538] {processor.py:153} INFO - Started process (PID=470) to work on /home/airflow/.local/lib/python3.7/site-packages/airflow/example_dags/example_branch_datetime_operator.py
[2022-06-30 00:12:06,567] {processor.py:641} INFO - Processing file /home/airflow/.local/lib/python3.7/site-packages/airflow/example_dags/example_branch_datetime_operator.py for tasks to queue
[2022-06-30 00:12:06,580] {logging_mixin.py:115} INFO - [2022-06-30 00:12:06,580] {dagbag.py:507} INFO - Filling up the DagBag from /home/airflow/.local/lib/python3.7/site-packages/airflow/example_dags/example_branch_datetime_operator.py
[2022-06-30 00:12:06,611] {processor.py:651} INFO - DAG(s) dict_keys(['example_branch_datetime_operator_2']) retrieved from /home/airflow/.local/lib/python3.7/site-packages/airflow/example_dags/example_branch_datetime_operator.py
[2022-06-30 00:12:06,705] {logging_mixin.py:115} INFO - [2022-06-30 00:12:06,704] {dag.py:2371} INFO - Sync 1 DAGs
[2022-06-30 00:12:07,011] {logging_mixin.py:115} INFO - [2022-06-30 00:12:07,011] {dag.py:2919} INFO - Setting next_dagrun for example_branch_datetime_operator_2 to 2022-06-29T00:00:00+00:00, run_after=2022-06-30T00:00:00+00:00
[2022-06-30 00:12:07,048] {processor.py:161} INFO - Processing /home/airflow/.local/lib/python3.7/site-packages/airflow/example_dags/example_branch_datetime_operator.py took 0.546 seconds
[2022-06-30 00:12:37,809] {processor.py:153} INFO - Started process (PID=524) to work on /home/airflow/.local/lib/python3.7/site-packages/airflow/example_dags/example_branch_datetime_operator.py
[2022-06-30 00:12:37,810] {processor.py:641} INFO - Processing file /home/airflow/.local/lib/python3.7/site-packages/airflow/example_dags/example_branch_datetime_operator.py for tasks to queue
[2022-06-30 00:12:37,812] {logging_mixin.py:115} INFO - [2022-06-30 00:12:37,811] {dagbag.py:507} INFO - Filling up the DagBag from /home/airflow/.local/lib/python3.7/site-packages/airflow/example_dags/example_branch_datetime_operator.py
[2022-06-30 00:12:37,837] {processor.py:651} INFO - DAG(s) dict_keys(['example_branch_datetime_operator_2']) retrieved from /home/airflow/.local/lib/python3.7/site-packages/airflow/example_dags/example_branch_datetime_operator.py
[2022-06-30 00:12:37,878] {logging_mixin.py:115} INFO - [2022-06-30 00:12:37,878] {dag.py:2371} INFO - Sync 1 DAGs
[2022-06-30 00:12:38,061] {logging_mixin.py:115} INFO - [2022-06-30 00:12:38,061] {dag.py:2919} INFO - Setting next_dagrun for example_branch_datetime_operator_2 to 2022-06-29T00:00:00+00:00, run_after=2022-06-30T00:00:00+00:00
[2022-06-30 00:12:38,080] {processor.py:161} INFO - Processing /home/airflow/.local/lib/python3.7/site-packages/airflow/example_dags/example_branch_datetime_operator.py took 0.279 seconds
[2022-06-30 00:13:08,187] {processor.py:153} INFO - Started process (PID=589) to work on /home/airflow/.local/lib/python3.7/site-packages/airflow/example_dags/example_branch_datetime_operator.py
[2022-06-30 00:13:08,189] {processor.py:641} INFO - Processing file /home/airflow/.local/lib/python3.7/site-packages/airflow/example_dags/example_branch_datetime_operator.py for tasks to queue
[2022-06-30 00:13:08,190] {logging_mixin.py:115} INFO - [2022-06-30 00:13:08,190] {dagbag.py:507} INFO - Filling up the DagBag from /home/airflow/.local/lib/python3.7/site-packages/airflow/example_dags/example_branch_datetime_operator.py
[2022-06-30 00:13:08,203] {processor.py:651} INFO - DAG(s) dict_keys(['example_branch_datetime_operator_2']) retrieved from /home/airflow/.local/lib/python3.7/site-packages/airflow/example_dags/example_branch_datetime_operator.py
[2022-06-30 00:13:08,249] {logging_mixin.py:115} INFO - [2022-06-30 00:13:08,248] {dag.py:2371} INFO - Sync 1 DAGs
[2022-06-30 00:13:08,424] {logging_mixin.py:115} INFO - [2022-06-30 00:13:08,424] {dag.py:2919} INFO - Setting next_dagrun for example_branch_datetime_operator_2 to 2022-06-29T00:00:00+00:00, run_after=2022-06-30T00:00:00+00:00
[2022-06-30 00:13:08,441] {processor.py:161} INFO - Processing /home/airflow/.local/lib/python3.7/site-packages/airflow/example_dags/example_branch_datetime_operator.py took 0.262 seconds
[2022-06-30 00:13:38,519] {processor.py:153} INFO - Started process (PID=643) to work on /home/airflow/.local/lib/python3.7/site-packages/airflow/example_dags/example_branch_datetime_operator.py
[2022-06-30 00:13:38,521] {processor.py:641} INFO - Processing file /home/airflow/.local/lib/python3.7/site-packages/airflow/example_dags/example_branch_datetime_operator.py for tasks to queue
[2022-06-30 00:13:38,523] {logging_mixin.py:115} INFO - [2022-06-30 00:13:38,522] {dagbag.py:507} INFO - Filling up the DagBag from /home/airflow/.local/lib/python3.7/site-packages/airflow/example_dags/example_branch_datetime_operator.py
[2022-06-30 00:13:38,534] {processor.py:651} INFO - DAG(s) dict_keys(['example_branch_datetime_operator_2']) retrieved from /home/airflow/.local/lib/python3.7/site-packages/airflow/example_dags/example_branch_datetime_operator.py
[2022-06-30 00:13:38,578] {logging_mixin.py:115} INFO - [2022-06-30 00:13:38,578] {dag.py:2371} INFO - Sync 1 DAGs
[2022-06-30 00:13:38,771] {logging_mixin.py:115} INFO - [2022-06-30 00:13:38,770] {dag.py:2919} INFO - Setting next_dagrun for example_branch_datetime_operator_2 to 2022-06-29T00:00:00+00:00, run_after=2022-06-30T00:00:00+00:00
[2022-06-30 00:13:38,791] {processor.py:161} INFO - Processing /home/airflow/.local/lib/python3.7/site-packages/airflow/example_dags/example_branch_datetime_operator.py took 0.277 seconds
[2022-06-30 00:14:08,938] {processor.py:153} INFO - Started process (PID=710) to work on /home/airflow/.local/lib/python3.7/site-packages/airflow/example_dags/example_branch_datetime_operator.py
[2022-06-30 00:14:08,939] {processor.py:641} INFO - Processing file /home/airflow/.local/lib/python3.7/site-packages/airflow/example_dags/example_branch_datetime_operator.py for tasks to queue
[2022-06-30 00:14:08,941] {logging_mixin.py:115} INFO - [2022-06-30 00:14:08,940] {dagbag.py:507} INFO - Filling up the DagBag from /home/airflow/.local/lib/python3.7/site-packages/airflow/example_dags/example_branch_datetime_operator.py
[2022-06-30 00:14:08,951] {processor.py:651} INFO - DAG(s) dict_keys(['example_branch_datetime_operator_2']) retrieved from /home/airflow/.local/lib/python3.7/site-packages/airflow/example_dags/example_branch_datetime_operator.py
[2022-06-30 00:14:08,991] {logging_mixin.py:115} INFO - [2022-06-30 00:14:08,991] {dag.py:2371} INFO - Sync 1 DAGs
[2022-06-30 00:14:09,165] {logging_mixin.py:115} INFO - [2022-06-30 00:14:09,164] {dag.py:2919} INFO - Setting next_dagrun for example_branch_datetime_operator_2 to 2022-06-29T00:00:00+00:00, run_after=2022-06-30T00:00:00+00:00
[2022-06-30 00:14:09,179] {processor.py:161} INFO - Processing /home/airflow/.local/lib/python3.7/site-packages/airflow/example_dags/example_branch_datetime_operator.py took 0.245 seconds
[2022-06-30 00:14:39,545] {processor.py:153} INFO - Started process (PID=774) to work on /home/airflow/.local/lib/python3.7/site-packages/airflow/example_dags/example_branch_datetime_operator.py
[2022-06-30 00:14:39,546] {processor.py:641} INFO - Processing file /home/airflow/.local/lib/python3.7/site-packages/airflow/example_dags/example_branch_datetime_operator.py for tasks to queue
[2022-06-30 00:14:39,548] {logging_mixin.py:115} INFO - [2022-06-30 00:14:39,547] {dagbag.py:507} INFO - Filling up the DagBag from /home/airflow/.local/lib/python3.7/site-packages/airflow/example_dags/example_branch_datetime_operator.py
[2022-06-30 00:14:39,559] {processor.py:651} INFO - DAG(s) dict_keys(['example_branch_datetime_operator_2']) retrieved from /home/airflow/.local/lib/python3.7/site-packages/airflow/example_dags/example_branch_datetime_operator.py
[2022-06-30 00:14:39,599] {logging_mixin.py:115} INFO - [2022-06-30 00:14:39,599] {dag.py:2371} INFO - Sync 1 DAGs
[2022-06-30 00:14:39,762] {logging_mixin.py:115} INFO - [2022-06-30 00:14:39,762] {dag.py:2919} INFO - Setting next_dagrun for example_branch_datetime_operator_2 to 2022-06-29T00:00:00+00:00, run_after=2022-06-30T00:00:00+00:00
[2022-06-30 00:14:39,778] {processor.py:161} INFO - Processing /home/airflow/.local/lib/python3.7/site-packages/airflow/example_dags/example_branch_datetime_operator.py took 0.239 seconds
[2022-06-30 00:15:10,497] {processor.py:153} INFO - Started process (PID=828) to work on /home/airflow/.local/lib/python3.7/site-packages/airflow/example_dags/example_branch_datetime_operator.py
[2022-06-30 00:15:10,499] {processor.py:641} INFO - Processing file /home/airflow/.local/lib/python3.7/site-packages/airflow/example_dags/example_branch_datetime_operator.py for tasks to queue
[2022-06-30 00:15:10,501] {logging_mixin.py:115} INFO - [2022-06-30 00:15:10,501] {dagbag.py:507} INFO - Filling up the DagBag from /home/airflow/.local/lib/python3.7/site-packages/airflow/example_dags/example_branch_datetime_operator.py
[2022-06-30 00:15:10,516] {processor.py:651} INFO - DAG(s) dict_keys(['example_branch_datetime_operator_2']) retrieved from /home/airflow/.local/lib/python3.7/site-packages/airflow/example_dags/example_branch_datetime_operator.py
[2022-06-30 00:15:10,578] {logging_mixin.py:115} INFO - [2022-06-30 00:15:10,577] {dag.py:2371} INFO - Sync 1 DAGs
[2022-06-30 00:15:11,440] {logging_mixin.py:115} INFO - [2022-06-30 00:15:11,440] {dag.py:2919} INFO - Setting next_dagrun for example_branch_datetime_operator_2 to 2022-06-29T00:00:00+00:00, run_after=2022-06-30T00:00:00+00:00
[2022-06-30 00:15:11,490] {processor.py:161} INFO - Processing /home/airflow/.local/lib/python3.7/site-packages/airflow/example_dags/example_branch_datetime_operator.py took 0.998 seconds
[2022-06-30 00:15:41,899] {processor.py:153} INFO - Started process (PID=894) to work on /home/airflow/.local/lib/python3.7/site-packages/airflow/example_dags/example_branch_datetime_operator.py
[2022-06-30 00:15:41,901] {processor.py:641} INFO - Processing file /home/airflow/.local/lib/python3.7/site-packages/airflow/example_dags/example_branch_datetime_operator.py for tasks to queue
[2022-06-30 00:15:41,902] {logging_mixin.py:115} INFO - [2022-06-30 00:15:41,902] {dagbag.py:507} INFO - Filling up the DagBag from /home/airflow/.local/lib/python3.7/site-packages/airflow/example_dags/example_branch_datetime_operator.py
[2022-06-30 00:15:41,918] {processor.py:651} INFO - DAG(s) dict_keys(['example_branch_datetime_operator_2']) retrieved from /home/airflow/.local/lib/python3.7/site-packages/airflow/example_dags/example_branch_datetime_operator.py
[2022-06-30 00:15:41,956] {logging_mixin.py:115} INFO - [2022-06-30 00:15:41,956] {dag.py:2371} INFO - Sync 1 DAGs
[2022-06-30 00:15:42,130] {logging_mixin.py:115} INFO - [2022-06-30 00:15:42,130] {dag.py:2919} INFO - Setting next_dagrun for example_branch_datetime_operator_2 to 2022-06-29T00:00:00+00:00, run_after=2022-06-30T00:00:00+00:00
[2022-06-30 00:15:42,148] {processor.py:161} INFO - Processing /home/airflow/.local/lib/python3.7/site-packages/airflow/example_dags/example_branch_datetime_operator.py took 0.255 seconds
[2022-06-30 00:16:12,276] {processor.py:153} INFO - Started process (PID=955) to work on /home/airflow/.local/lib/python3.7/site-packages/airflow/example_dags/example_branch_datetime_operator.py
[2022-06-30 00:16:12,278] {processor.py:641} INFO - Processing file /home/airflow/.local/lib/python3.7/site-packages/airflow/example_dags/example_branch_datetime_operator.py for tasks to queue
[2022-06-30 00:16:12,279] {logging_mixin.py:115} INFO - [2022-06-30 00:16:12,279] {dagbag.py:507} INFO - Filling up the DagBag from /home/airflow/.local/lib/python3.7/site-packages/airflow/example_dags/example_branch_datetime_operator.py
[2022-06-30 00:16:12,292] {processor.py:651} INFO - DAG(s) dict_keys(['example_branch_datetime_operator_2']) retrieved from /home/airflow/.local/lib/python3.7/site-packages/airflow/example_dags/example_branch_datetime_operator.py
[2022-06-30 00:16:12,341] {logging_mixin.py:115} INFO - [2022-06-30 00:16:12,341] {dag.py:2371} INFO - Sync 1 DAGs
[2022-06-30 00:16:12,508] {logging_mixin.py:115} INFO - [2022-06-30 00:16:12,508] {dag.py:2919} INFO - Setting next_dagrun for example_branch_datetime_operator_2 to 2022-06-29T00:00:00+00:00, run_after=2022-06-30T00:00:00+00:00
[2022-06-30 00:16:12,526] {processor.py:161} INFO - Processing /home/airflow/.local/lib/python3.7/site-packages/airflow/example_dags/example_branch_datetime_operator.py took 0.257 seconds
[2022-06-30 00:16:43,196] {processor.py:153} INFO - Started process (PID=1011) to work on /home/airflow/.local/lib/python3.7/site-packages/airflow/example_dags/example_branch_datetime_operator.py
[2022-06-30 00:16:43,198] {processor.py:641} INFO - Processing file /home/airflow/.local/lib/python3.7/site-packages/airflow/example_dags/example_branch_datetime_operator.py for tasks to queue
[2022-06-30 00:16:43,199] {logging_mixin.py:115} INFO - [2022-06-30 00:16:43,199] {dagbag.py:507} INFO - Filling up the DagBag from /home/airflow/.local/lib/python3.7/site-packages/airflow/example_dags/example_branch_datetime_operator.py
[2022-06-30 00:16:43,213] {processor.py:651} INFO - DAG(s) dict_keys(['example_branch_datetime_operator_2']) retrieved from /home/airflow/.local/lib/python3.7/site-packages/airflow/example_dags/example_branch_datetime_operator.py
[2022-06-30 00:16:43,262] {logging_mixin.py:115} INFO - [2022-06-30 00:16:43,262] {dag.py:2371} INFO - Sync 1 DAGs
[2022-06-30 00:16:43,446] {logging_mixin.py:115} INFO - [2022-06-30 00:16:43,446] {dag.py:2919} INFO - Setting next_dagrun for example_branch_datetime_operator_2 to 2022-06-29T00:00:00+00:00, run_after=2022-06-30T00:00:00+00:00
[2022-06-30 00:16:43,461] {processor.py:161} INFO - Processing /home/airflow/.local/lib/python3.7/site-packages/airflow/example_dags/example_branch_datetime_operator.py took 0.271 seconds
