[2022-06-30 00:08:31,339] {processor.py:153} INFO - Started process (PID=52) to work on /home/airflow/.local/lib/python3.7/site-packages/airflow/example_dags/example_branch_operator.py
[2022-06-30 00:08:31,344] {processor.py:641} INFO - Processing file /home/airflow/.local/lib/python3.7/site-packages/airflow/example_dags/example_branch_operator.py for tasks to queue
[2022-06-30 00:08:31,346] {logging_mixin.py:115} INFO - [2022-06-30 00:08:31,346] {dagbag.py:507} INFO - Filling up the DagBag from /home/airflow/.local/lib/python3.7/site-packages/airflow/example_dags/example_branch_operator.py
[2022-06-30 00:08:31,373] {processor.py:651} INFO - DAG(s) dict_keys(['example_branch_operator']) retrieved from /home/airflow/.local/lib/python3.7/site-packages/airflow/example_dags/example_branch_operator.py
[2022-06-30 00:08:31,865] {logging_mixin.py:115} INFO - [2022-06-30 00:08:31,865] {manager.py:508} INFO - Created Permission View: can delete on DAG:example_branch_operator
[2022-06-30 00:08:31,894] {logging_mixin.py:115} INFO - [2022-06-30 00:08:31,894] {manager.py:508} INFO - Created Permission View: can read on DAG:example_branch_operator
[2022-06-30 00:08:31,914] {logging_mixin.py:115} INFO - [2022-06-30 00:08:31,914] {manager.py:508} INFO - Created Permission View: can edit on DAG:example_branch_operator
[2022-06-30 00:08:31,915] {logging_mixin.py:115} INFO - [2022-06-30 00:08:31,915] {dag.py:2371} INFO - Sync 1 DAGs
[2022-06-30 00:08:31,944] {logging_mixin.py:115} INFO - [2022-06-30 00:08:31,944] {dag.py:2390} INFO - Creating ORM DAG for example_branch_operator
[2022-06-30 00:08:31,986] {logging_mixin.py:115} INFO - [2022-06-30 00:08:31,986] {dag.py:2919} INFO - Setting next_dagrun for example_branch_operator to 2022-06-29T00:00:00+00:00, run_after=2022-06-30T00:00:00+00:00
[2022-06-30 00:08:32,025] {processor.py:161} INFO - Processing /home/airflow/.local/lib/python3.7/site-packages/airflow/example_dags/example_branch_operator.py took 0.690 seconds
[2022-06-30 00:09:02,124] {processor.py:153} INFO - Started process (PID=118) to work on /home/airflow/.local/lib/python3.7/site-packages/airflow/example_dags/example_branch_operator.py
[2022-06-30 00:09:02,126] {processor.py:641} INFO - Processing file /home/airflow/.local/lib/python3.7/site-packages/airflow/example_dags/example_branch_operator.py for tasks to queue
[2022-06-30 00:09:02,127] {logging_mixin.py:115} INFO - [2022-06-30 00:09:02,127] {dagbag.py:507} INFO - Filling up the DagBag from /home/airflow/.local/lib/python3.7/site-packages/airflow/example_dags/example_branch_operator.py
[2022-06-30 00:09:02,143] {processor.py:651} INFO - DAG(s) dict_keys(['example_branch_operator']) retrieved from /home/airflow/.local/lib/python3.7/site-packages/airflow/example_dags/example_branch_operator.py
[2022-06-30 00:09:02,181] {logging_mixin.py:115} INFO - [2022-06-30 00:09:02,181] {dag.py:2371} INFO - Sync 1 DAGs
[2022-06-30 00:09:02,396] {logging_mixin.py:115} INFO - [2022-06-30 00:09:02,395] {dag.py:2919} INFO - Setting next_dagrun for example_branch_operator to 2022-06-29T00:00:00+00:00, run_after=2022-06-30T00:00:00+00:00
[2022-06-30 00:09:02,411] {processor.py:161} INFO - Processing /home/airflow/.local/lib/python3.7/site-packages/airflow/example_dags/example_branch_operator.py took 0.293 seconds
[2022-06-30 00:09:32,710] {processor.py:153} INFO - Started process (PID=172) to work on /home/airflow/.local/lib/python3.7/site-packages/airflow/example_dags/example_branch_operator.py
[2022-06-30 00:09:32,712] {processor.py:641} INFO - Processing file /home/airflow/.local/lib/python3.7/site-packages/airflow/example_dags/example_branch_operator.py for tasks to queue
[2022-06-30 00:09:32,713] {logging_mixin.py:115} INFO - [2022-06-30 00:09:32,713] {dagbag.py:507} INFO - Filling up the DagBag from /home/airflow/.local/lib/python3.7/site-packages/airflow/example_dags/example_branch_operator.py
[2022-06-30 00:09:32,727] {processor.py:651} INFO - DAG(s) dict_keys(['example_branch_operator']) retrieved from /home/airflow/.local/lib/python3.7/site-packages/airflow/example_dags/example_branch_operator.py
[2022-06-30 00:09:32,765] {logging_mixin.py:115} INFO - [2022-06-30 00:09:32,765] {dag.py:2371} INFO - Sync 1 DAGs
[2022-06-30 00:09:32,933] {logging_mixin.py:115} INFO - [2022-06-30 00:09:32,933] {dag.py:2919} INFO - Setting next_dagrun for example_branch_operator to 2022-06-29T00:00:00+00:00, run_after=2022-06-30T00:00:00+00:00
[2022-06-30 00:09:32,947] {processor.py:161} INFO - Processing /home/airflow/.local/lib/python3.7/site-packages/airflow/example_dags/example_branch_operator.py took 0.242 seconds
[2022-06-30 00:10:03,448] {processor.py:153} INFO - Started process (PID=236) to work on /home/airflow/.local/lib/python3.7/site-packages/airflow/example_dags/example_branch_operator.py
[2022-06-30 00:10:03,450] {processor.py:641} INFO - Processing file /home/airflow/.local/lib/python3.7/site-packages/airflow/example_dags/example_branch_operator.py for tasks to queue
[2022-06-30 00:10:03,451] {logging_mixin.py:115} INFO - [2022-06-30 00:10:03,451] {dagbag.py:507} INFO - Filling up the DagBag from /home/airflow/.local/lib/python3.7/site-packages/airflow/example_dags/example_branch_operator.py
[2022-06-30 00:10:03,468] {processor.py:651} INFO - DAG(s) dict_keys(['example_branch_operator']) retrieved from /home/airflow/.local/lib/python3.7/site-packages/airflow/example_dags/example_branch_operator.py
[2022-06-30 00:10:03,520] {logging_mixin.py:115} INFO - [2022-06-30 00:10:03,520] {dag.py:2371} INFO - Sync 1 DAGs
[2022-06-30 00:10:04,765] {logging_mixin.py:115} INFO - [2022-06-30 00:10:04,765] {dag.py:2919} INFO - Setting next_dagrun for example_branch_operator to 2022-06-29T00:00:00+00:00, run_after=2022-06-30T00:00:00+00:00
[2022-06-30 00:10:04,785] {processor.py:161} INFO - Processing /home/airflow/.local/lib/python3.7/site-packages/airflow/example_dags/example_branch_operator.py took 1.342 seconds
[2022-06-30 00:10:35,174] {processor.py:153} INFO - Started process (PID=289) to work on /home/airflow/.local/lib/python3.7/site-packages/airflow/example_dags/example_branch_operator.py
[2022-06-30 00:10:35,175] {processor.py:641} INFO - Processing file /home/airflow/.local/lib/python3.7/site-packages/airflow/example_dags/example_branch_operator.py for tasks to queue
[2022-06-30 00:10:35,177] {logging_mixin.py:115} INFO - [2022-06-30 00:10:35,177] {dagbag.py:507} INFO - Filling up the DagBag from /home/airflow/.local/lib/python3.7/site-packages/airflow/example_dags/example_branch_operator.py
[2022-06-30 00:10:35,191] {processor.py:651} INFO - DAG(s) dict_keys(['example_branch_operator']) retrieved from /home/airflow/.local/lib/python3.7/site-packages/airflow/example_dags/example_branch_operator.py
[2022-06-30 00:10:35,242] {logging_mixin.py:115} INFO - [2022-06-30 00:10:35,242] {dag.py:2371} INFO - Sync 1 DAGs
[2022-06-30 00:10:35,431] {logging_mixin.py:115} INFO - [2022-06-30 00:10:35,430] {dag.py:2919} INFO - Setting next_dagrun for example_branch_operator to 2022-06-29T00:00:00+00:00, run_after=2022-06-30T00:00:00+00:00
[2022-06-30 00:10:35,447] {processor.py:161} INFO - Processing /home/airflow/.local/lib/python3.7/site-packages/airflow/example_dags/example_branch_operator.py took 0.278 seconds
[2022-06-30 00:11:05,733] {processor.py:153} INFO - Started process (PID=353) to work on /home/airflow/.local/lib/python3.7/site-packages/airflow/example_dags/example_branch_operator.py
[2022-06-30 00:11:05,736] {processor.py:641} INFO - Processing file /home/airflow/.local/lib/python3.7/site-packages/airflow/example_dags/example_branch_operator.py for tasks to queue
[2022-06-30 00:11:05,738] {logging_mixin.py:115} INFO - [2022-06-30 00:11:05,737] {dagbag.py:507} INFO - Filling up the DagBag from /home/airflow/.local/lib/python3.7/site-packages/airflow/example_dags/example_branch_operator.py
[2022-06-30 00:11:05,759] {processor.py:651} INFO - DAG(s) dict_keys(['example_branch_operator']) retrieved from /home/airflow/.local/lib/python3.7/site-packages/airflow/example_dags/example_branch_operator.py
[2022-06-30 00:11:05,811] {logging_mixin.py:115} INFO - [2022-06-30 00:11:05,810] {dag.py:2371} INFO - Sync 1 DAGs
[2022-06-30 00:11:06,000] {logging_mixin.py:115} INFO - [2022-06-30 00:11:05,999] {dag.py:2919} INFO - Setting next_dagrun for example_branch_operator to 2022-06-29T00:00:00+00:00, run_after=2022-06-30T00:00:00+00:00
[2022-06-30 00:11:06,019] {processor.py:161} INFO - Processing /home/airflow/.local/lib/python3.7/site-packages/airflow/example_dags/example_branch_operator.py took 0.293 seconds
[2022-06-30 00:11:36,322] {processor.py:153} INFO - Started process (PID=408) to work on /home/airflow/.local/lib/python3.7/site-packages/airflow/example_dags/example_branch_operator.py
[2022-06-30 00:11:36,324] {processor.py:641} INFO - Processing file /home/airflow/.local/lib/python3.7/site-packages/airflow/example_dags/example_branch_operator.py for tasks to queue
[2022-06-30 00:11:36,326] {logging_mixin.py:115} INFO - [2022-06-30 00:11:36,325] {dagbag.py:507} INFO - Filling up the DagBag from /home/airflow/.local/lib/python3.7/site-packages/airflow/example_dags/example_branch_operator.py
[2022-06-30 00:11:36,349] {processor.py:651} INFO - DAG(s) dict_keys(['example_branch_operator']) retrieved from /home/airflow/.local/lib/python3.7/site-packages/airflow/example_dags/example_branch_operator.py
[2022-06-30 00:11:36,403] {logging_mixin.py:115} INFO - [2022-06-30 00:11:36,402] {dag.py:2371} INFO - Sync 1 DAGs
[2022-06-30 00:11:36,579] {logging_mixin.py:115} INFO - [2022-06-30 00:11:36,579] {dag.py:2919} INFO - Setting next_dagrun for example_branch_operator to 2022-06-29T00:00:00+00:00, run_after=2022-06-30T00:00:00+00:00
[2022-06-30 00:11:36,597] {processor.py:161} INFO - Processing /home/airflow/.local/lib/python3.7/site-packages/airflow/example_dags/example_branch_operator.py took 0.284 seconds
[2022-06-30 00:12:07,102] {processor.py:153} INFO - Started process (PID=472) to work on /home/airflow/.local/lib/python3.7/site-packages/airflow/example_dags/example_branch_operator.py
[2022-06-30 00:12:07,104] {processor.py:641} INFO - Processing file /home/airflow/.local/lib/python3.7/site-packages/airflow/example_dags/example_branch_operator.py for tasks to queue
[2022-06-30 00:12:07,105] {logging_mixin.py:115} INFO - [2022-06-30 00:12:07,105] {dagbag.py:507} INFO - Filling up the DagBag from /home/airflow/.local/lib/python3.7/site-packages/airflow/example_dags/example_branch_operator.py
[2022-06-30 00:12:07,124] {processor.py:651} INFO - DAG(s) dict_keys(['example_branch_operator']) retrieved from /home/airflow/.local/lib/python3.7/site-packages/airflow/example_dags/example_branch_operator.py
[2022-06-30 00:12:07,177] {logging_mixin.py:115} INFO - [2022-06-30 00:12:07,177] {dag.py:2371} INFO - Sync 1 DAGs
[2022-06-30 00:12:07,444] {logging_mixin.py:115} INFO - [2022-06-30 00:12:07,444] {dag.py:2919} INFO - Setting next_dagrun for example_branch_operator to 2022-06-29T00:00:00+00:00, run_after=2022-06-30T00:00:00+00:00
[2022-06-30 00:12:07,463] {processor.py:161} INFO - Processing /home/airflow/.local/lib/python3.7/site-packages/airflow/example_dags/example_branch_operator.py took 0.367 seconds
[2022-06-30 00:12:38,119] {processor.py:153} INFO - Started process (PID=526) to work on /home/airflow/.local/lib/python3.7/site-packages/airflow/example_dags/example_branch_operator.py
[2022-06-30 00:12:38,120] {processor.py:641} INFO - Processing file /home/airflow/.local/lib/python3.7/site-packages/airflow/example_dags/example_branch_operator.py for tasks to queue
[2022-06-30 00:12:38,122] {logging_mixin.py:115} INFO - [2022-06-30 00:12:38,122] {dagbag.py:507} INFO - Filling up the DagBag from /home/airflow/.local/lib/python3.7/site-packages/airflow/example_dags/example_branch_operator.py
[2022-06-30 00:12:38,139] {processor.py:651} INFO - DAG(s) dict_keys(['example_branch_operator']) retrieved from /home/airflow/.local/lib/python3.7/site-packages/airflow/example_dags/example_branch_operator.py
[2022-06-30 00:12:38,179] {logging_mixin.py:115} INFO - [2022-06-30 00:12:38,179] {dag.py:2371} INFO - Sync 1 DAGs
[2022-06-30 00:12:38,352] {logging_mixin.py:115} INFO - [2022-06-30 00:12:38,352] {dag.py:2919} INFO - Setting next_dagrun for example_branch_operator to 2022-06-29T00:00:00+00:00, run_after=2022-06-30T00:00:00+00:00
[2022-06-30 00:12:38,367] {processor.py:161} INFO - Processing /home/airflow/.local/lib/python3.7/site-packages/airflow/example_dags/example_branch_operator.py took 0.253 seconds
[2022-06-30 00:13:08,478] {processor.py:153} INFO - Started process (PID=591) to work on /home/airflow/.local/lib/python3.7/site-packages/airflow/example_dags/example_branch_operator.py
[2022-06-30 00:13:08,479] {processor.py:641} INFO - Processing file /home/airflow/.local/lib/python3.7/site-packages/airflow/example_dags/example_branch_operator.py for tasks to queue
[2022-06-30 00:13:08,480] {logging_mixin.py:115} INFO - [2022-06-30 00:13:08,480] {dagbag.py:507} INFO - Filling up the DagBag from /home/airflow/.local/lib/python3.7/site-packages/airflow/example_dags/example_branch_operator.py
[2022-06-30 00:13:08,494] {processor.py:651} INFO - DAG(s) dict_keys(['example_branch_operator']) retrieved from /home/airflow/.local/lib/python3.7/site-packages/airflow/example_dags/example_branch_operator.py
[2022-06-30 00:13:08,533] {logging_mixin.py:115} INFO - [2022-06-30 00:13:08,533] {dag.py:2371} INFO - Sync 1 DAGs
[2022-06-30 00:13:08,712] {logging_mixin.py:115} INFO - [2022-06-30 00:13:08,712] {dag.py:2919} INFO - Setting next_dagrun for example_branch_operator to 2022-06-29T00:00:00+00:00, run_after=2022-06-30T00:00:00+00:00
[2022-06-30 00:13:08,725] {processor.py:161} INFO - Processing /home/airflow/.local/lib/python3.7/site-packages/airflow/example_dags/example_branch_operator.py took 0.252 seconds
[2022-06-30 00:13:38,855] {processor.py:153} INFO - Started process (PID=656) to work on /home/airflow/.local/lib/python3.7/site-packages/airflow/example_dags/example_branch_operator.py
[2022-06-30 00:13:38,856] {processor.py:641} INFO - Processing file /home/airflow/.local/lib/python3.7/site-packages/airflow/example_dags/example_branch_operator.py for tasks to queue
[2022-06-30 00:13:38,858] {logging_mixin.py:115} INFO - [2022-06-30 00:13:38,858] {dagbag.py:507} INFO - Filling up the DagBag from /home/airflow/.local/lib/python3.7/site-packages/airflow/example_dags/example_branch_operator.py
[2022-06-30 00:13:38,876] {processor.py:651} INFO - DAG(s) dict_keys(['example_branch_operator']) retrieved from /home/airflow/.local/lib/python3.7/site-packages/airflow/example_dags/example_branch_operator.py
[2022-06-30 00:13:38,934] {logging_mixin.py:115} INFO - [2022-06-30 00:13:38,934] {dag.py:2371} INFO - Sync 1 DAGs
[2022-06-30 00:13:39,133] {logging_mixin.py:115} INFO - [2022-06-30 00:13:39,133] {dag.py:2919} INFO - Setting next_dagrun for example_branch_operator to 2022-06-29T00:00:00+00:00, run_after=2022-06-30T00:00:00+00:00
[2022-06-30 00:13:39,156] {processor.py:161} INFO - Processing /home/airflow/.local/lib/python3.7/site-packages/airflow/example_dags/example_branch_operator.py took 0.306 seconds
[2022-06-30 00:14:09,232] {processor.py:153} INFO - Started process (PID=712) to work on /home/airflow/.local/lib/python3.7/site-packages/airflow/example_dags/example_branch_operator.py
[2022-06-30 00:14:09,233] {processor.py:641} INFO - Processing file /home/airflow/.local/lib/python3.7/site-packages/airflow/example_dags/example_branch_operator.py for tasks to queue
[2022-06-30 00:14:09,234] {logging_mixin.py:115} INFO - [2022-06-30 00:14:09,234] {dagbag.py:507} INFO - Filling up the DagBag from /home/airflow/.local/lib/python3.7/site-packages/airflow/example_dags/example_branch_operator.py
[2022-06-30 00:14:09,249] {processor.py:651} INFO - DAG(s) dict_keys(['example_branch_operator']) retrieved from /home/airflow/.local/lib/python3.7/site-packages/airflow/example_dags/example_branch_operator.py
[2022-06-30 00:14:09,300] {logging_mixin.py:115} INFO - [2022-06-30 00:14:09,300] {dag.py:2371} INFO - Sync 1 DAGs
[2022-06-30 00:14:09,464] {logging_mixin.py:115} INFO - [2022-06-30 00:14:09,464] {dag.py:2919} INFO - Setting next_dagrun for example_branch_operator to 2022-06-29T00:00:00+00:00, run_after=2022-06-30T00:00:00+00:00
[2022-06-30 00:14:09,482] {processor.py:161} INFO - Processing /home/airflow/.local/lib/python3.7/site-packages/airflow/example_dags/example_branch_operator.py took 0.254 seconds
[2022-06-30 00:14:39,834] {processor.py:153} INFO - Started process (PID=776) to work on /home/airflow/.local/lib/python3.7/site-packages/airflow/example_dags/example_branch_operator.py
[2022-06-30 00:14:39,835] {processor.py:641} INFO - Processing file /home/airflow/.local/lib/python3.7/site-packages/airflow/example_dags/example_branch_operator.py for tasks to queue
[2022-06-30 00:14:39,837] {logging_mixin.py:115} INFO - [2022-06-30 00:14:39,836] {dagbag.py:507} INFO - Filling up the DagBag from /home/airflow/.local/lib/python3.7/site-packages/airflow/example_dags/example_branch_operator.py
[2022-06-30 00:14:39,853] {processor.py:651} INFO - DAG(s) dict_keys(['example_branch_operator']) retrieved from /home/airflow/.local/lib/python3.7/site-packages/airflow/example_dags/example_branch_operator.py
[2022-06-30 00:14:39,894] {logging_mixin.py:115} INFO - [2022-06-30 00:14:39,894] {dag.py:2371} INFO - Sync 1 DAGs
[2022-06-30 00:14:40,071] {logging_mixin.py:115} INFO - [2022-06-30 00:14:40,071] {dag.py:2919} INFO - Setting next_dagrun for example_branch_operator to 2022-06-29T00:00:00+00:00, run_after=2022-06-30T00:00:00+00:00
[2022-06-30 00:14:40,088] {processor.py:161} INFO - Processing /home/airflow/.local/lib/python3.7/site-packages/airflow/example_dags/example_branch_operator.py took 0.260 seconds
[2022-06-30 00:15:11,613] {processor.py:153} INFO - Started process (PID=830) to work on /home/airflow/.local/lib/python3.7/site-packages/airflow/example_dags/example_branch_operator.py
[2022-06-30 00:15:11,615] {processor.py:641} INFO - Processing file /home/airflow/.local/lib/python3.7/site-packages/airflow/example_dags/example_branch_operator.py for tasks to queue
[2022-06-30 00:15:11,618] {logging_mixin.py:115} INFO - [2022-06-30 00:15:11,617] {dagbag.py:507} INFO - Filling up the DagBag from /home/airflow/.local/lib/python3.7/site-packages/airflow/example_dags/example_branch_operator.py
[2022-06-30 00:15:11,637] {processor.py:651} INFO - DAG(s) dict_keys(['example_branch_operator']) retrieved from /home/airflow/.local/lib/python3.7/site-packages/airflow/example_dags/example_branch_operator.py
[2022-06-30 00:15:11,691] {logging_mixin.py:115} INFO - [2022-06-30 00:15:11,690] {dag.py:2371} INFO - Sync 1 DAGs
[2022-06-30 00:15:11,898] {logging_mixin.py:115} INFO - [2022-06-30 00:15:11,898] {dag.py:2919} INFO - Setting next_dagrun for example_branch_operator to 2022-06-29T00:00:00+00:00, run_after=2022-06-30T00:00:00+00:00
[2022-06-30 00:15:12,119] {processor.py:161} INFO - Processing /home/airflow/.local/lib/python3.7/site-packages/airflow/example_dags/example_branch_operator.py took 0.515 seconds
[2022-06-30 00:15:43,170] {processor.py:153} INFO - Started process (PID=896) to work on /home/airflow/.local/lib/python3.7/site-packages/airflow/example_dags/example_branch_operator.py
[2022-06-30 00:15:43,171] {processor.py:641} INFO - Processing file /home/airflow/.local/lib/python3.7/site-packages/airflow/example_dags/example_branch_operator.py for tasks to queue
[2022-06-30 00:15:43,173] {logging_mixin.py:115} INFO - [2022-06-30 00:15:43,173] {dagbag.py:507} INFO - Filling up the DagBag from /home/airflow/.local/lib/python3.7/site-packages/airflow/example_dags/example_branch_operator.py
[2022-06-30 00:15:43,192] {processor.py:651} INFO - DAG(s) dict_keys(['example_branch_operator']) retrieved from /home/airflow/.local/lib/python3.7/site-packages/airflow/example_dags/example_branch_operator.py
[2022-06-30 00:15:43,241] {logging_mixin.py:115} INFO - [2022-06-30 00:15:43,241] {dag.py:2371} INFO - Sync 1 DAGs
[2022-06-30 00:15:43,421] {logging_mixin.py:115} INFO - [2022-06-30 00:15:43,421] {dag.py:2919} INFO - Setting next_dagrun for example_branch_operator to 2022-06-29T00:00:00+00:00, run_after=2022-06-30T00:00:00+00:00
[2022-06-30 00:15:43,435] {processor.py:161} INFO - Processing /home/airflow/.local/lib/python3.7/site-packages/airflow/example_dags/example_branch_operator.py took 0.272 seconds
[2022-06-30 00:16:13,580] {processor.py:153} INFO - Started process (PID=959) to work on /home/airflow/.local/lib/python3.7/site-packages/airflow/example_dags/example_branch_operator.py
[2022-06-30 00:16:13,582] {processor.py:641} INFO - Processing file /home/airflow/.local/lib/python3.7/site-packages/airflow/example_dags/example_branch_operator.py for tasks to queue
[2022-06-30 00:16:13,583] {logging_mixin.py:115} INFO - [2022-06-30 00:16:13,583] {dagbag.py:507} INFO - Filling up the DagBag from /home/airflow/.local/lib/python3.7/site-packages/airflow/example_dags/example_branch_operator.py
[2022-06-30 00:16:13,601] {processor.py:651} INFO - DAG(s) dict_keys(['example_branch_operator']) retrieved from /home/airflow/.local/lib/python3.7/site-packages/airflow/example_dags/example_branch_operator.py
[2022-06-30 00:16:13,642] {logging_mixin.py:115} INFO - [2022-06-30 00:16:13,642] {dag.py:2371} INFO - Sync 1 DAGs
[2022-06-30 00:16:13,814] {logging_mixin.py:115} INFO - [2022-06-30 00:16:13,814] {dag.py:2919} INFO - Setting next_dagrun for example_branch_operator to 2022-06-29T00:00:00+00:00, run_after=2022-06-30T00:00:00+00:00
[2022-06-30 00:16:13,830] {processor.py:161} INFO - Processing /home/airflow/.local/lib/python3.7/site-packages/airflow/example_dags/example_branch_operator.py took 0.255 seconds
[2022-06-30 00:16:44,508] {processor.py:153} INFO - Started process (PID=1013) to work on /home/airflow/.local/lib/python3.7/site-packages/airflow/example_dags/example_branch_operator.py
[2022-06-30 00:16:44,511] {processor.py:641} INFO - Processing file /home/airflow/.local/lib/python3.7/site-packages/airflow/example_dags/example_branch_operator.py for tasks to queue
[2022-06-30 00:16:44,512] {logging_mixin.py:115} INFO - [2022-06-30 00:16:44,512] {dagbag.py:507} INFO - Filling up the DagBag from /home/airflow/.local/lib/python3.7/site-packages/airflow/example_dags/example_branch_operator.py
[2022-06-30 00:16:44,530] {processor.py:651} INFO - DAG(s) dict_keys(['example_branch_operator']) retrieved from /home/airflow/.local/lib/python3.7/site-packages/airflow/example_dags/example_branch_operator.py
[2022-06-30 00:16:44,577] {logging_mixin.py:115} INFO - [2022-06-30 00:16:44,577] {dag.py:2371} INFO - Sync 1 DAGs
[2022-06-30 00:16:44,775] {logging_mixin.py:115} INFO - [2022-06-30 00:16:44,775] {dag.py:2919} INFO - Setting next_dagrun for example_branch_operator to 2022-06-29T00:00:00+00:00, run_after=2022-06-30T00:00:00+00:00
[2022-06-30 00:16:44,791] {processor.py:161} INFO - Processing /home/airflow/.local/lib/python3.7/site-packages/airflow/example_dags/example_branch_operator.py took 0.287 seconds
