[2022-06-30 00:08:32,093] {processor.py:153} INFO - Started process (PID=54) to work on /home/airflow/.local/lib/python3.7/site-packages/airflow/example_dags/example_trigger_controller_dag.py
[2022-06-30 00:08:32,095] {processor.py:641} INFO - Processing file /home/airflow/.local/lib/python3.7/site-packages/airflow/example_dags/example_trigger_controller_dag.py for tasks to queue
[2022-06-30 00:08:32,097] {logging_mixin.py:115} INFO - [2022-06-30 00:08:32,097] {dagbag.py:507} INFO - Filling up the DagBag from /home/airflow/.local/lib/python3.7/site-packages/airflow/example_dags/example_trigger_controller_dag.py
[2022-06-30 00:08:32,110] {processor.py:651} INFO - DAG(s) dict_keys(['example_trigger_controller_dag']) retrieved from /home/airflow/.local/lib/python3.7/site-packages/airflow/example_dags/example_trigger_controller_dag.py
[2022-06-30 00:08:32,581] {logging_mixin.py:115} INFO - [2022-06-30 00:08:32,581] {manager.py:508} INFO - Created Permission View: can delete on DAG:example_trigger_controller_dag
[2022-06-30 00:08:32,614] {logging_mixin.py:115} INFO - [2022-06-30 00:08:32,613] {manager.py:508} INFO - Created Permission View: can read on DAG:example_trigger_controller_dag
[2022-06-30 00:08:32,630] {logging_mixin.py:115} INFO - [2022-06-30 00:08:32,630] {manager.py:508} INFO - Created Permission View: can edit on DAG:example_trigger_controller_dag
[2022-06-30 00:08:32,631] {logging_mixin.py:115} INFO - [2022-06-30 00:08:32,631] {dag.py:2371} INFO - Sync 1 DAGs
[2022-06-30 00:08:32,653] {logging_mixin.py:115} INFO - [2022-06-30 00:08:32,653] {dag.py:2390} INFO - Creating ORM DAG for example_trigger_controller_dag
[2022-06-30 00:08:32,687] {logging_mixin.py:115} INFO - [2022-06-30 00:08:32,687] {dag.py:2919} INFO - Setting next_dagrun for example_trigger_controller_dag to 2021-01-01T00:00:00+00:00, run_after=2021-01-01T00:00:00+00:00
[2022-06-30 00:08:32,723] {processor.py:161} INFO - Processing /home/airflow/.local/lib/python3.7/site-packages/airflow/example_dags/example_trigger_controller_dag.py took 0.642 seconds
[2022-06-30 00:09:02,834] {processor.py:153} INFO - Started process (PID=120) to work on /home/airflow/.local/lib/python3.7/site-packages/airflow/example_dags/example_trigger_controller_dag.py
[2022-06-30 00:09:02,835] {processor.py:641} INFO - Processing file /home/airflow/.local/lib/python3.7/site-packages/airflow/example_dags/example_trigger_controller_dag.py for tasks to queue
[2022-06-30 00:09:02,836] {logging_mixin.py:115} INFO - [2022-06-30 00:09:02,836] {dagbag.py:507} INFO - Filling up the DagBag from /home/airflow/.local/lib/python3.7/site-packages/airflow/example_dags/example_trigger_controller_dag.py
[2022-06-30 00:09:02,843] {processor.py:651} INFO - DAG(s) dict_keys(['example_trigger_controller_dag']) retrieved from /home/airflow/.local/lib/python3.7/site-packages/airflow/example_dags/example_trigger_controller_dag.py
[2022-06-30 00:09:02,896] {logging_mixin.py:115} INFO - [2022-06-30 00:09:02,896] {dag.py:2371} INFO - Sync 1 DAGs
[2022-06-30 00:09:03,076] {logging_mixin.py:115} INFO - [2022-06-30 00:09:03,076] {dag.py:2919} INFO - Setting next_dagrun for example_trigger_controller_dag to 2021-01-01T00:00:00+00:00, run_after=2021-01-01T00:00:00+00:00
[2022-06-30 00:09:03,090] {processor.py:161} INFO - Processing /home/airflow/.local/lib/python3.7/site-packages/airflow/example_dags/example_trigger_controller_dag.py took 0.260 seconds
[2022-06-30 00:09:33,285] {processor.py:153} INFO - Started process (PID=174) to work on /home/airflow/.local/lib/python3.7/site-packages/airflow/example_dags/example_trigger_controller_dag.py
[2022-06-30 00:09:33,286] {processor.py:641} INFO - Processing file /home/airflow/.local/lib/python3.7/site-packages/airflow/example_dags/example_trigger_controller_dag.py for tasks to queue
[2022-06-30 00:09:33,287] {logging_mixin.py:115} INFO - [2022-06-30 00:09:33,287] {dagbag.py:507} INFO - Filling up the DagBag from /home/airflow/.local/lib/python3.7/site-packages/airflow/example_dags/example_trigger_controller_dag.py
[2022-06-30 00:09:33,292] {processor.py:651} INFO - DAG(s) dict_keys(['example_trigger_controller_dag']) retrieved from /home/airflow/.local/lib/python3.7/site-packages/airflow/example_dags/example_trigger_controller_dag.py
[2022-06-30 00:09:33,330] {logging_mixin.py:115} INFO - [2022-06-30 00:09:33,330] {dag.py:2371} INFO - Sync 1 DAGs
[2022-06-30 00:09:33,530] {logging_mixin.py:115} INFO - [2022-06-30 00:09:33,530] {dag.py:2919} INFO - Setting next_dagrun for example_trigger_controller_dag to 2021-01-01T00:00:00+00:00, run_after=2021-01-01T00:00:00+00:00
[2022-06-30 00:09:33,545] {processor.py:161} INFO - Processing /home/airflow/.local/lib/python3.7/site-packages/airflow/example_dags/example_trigger_controller_dag.py took 0.264 seconds
[2022-06-30 00:10:04,835] {processor.py:153} INFO - Started process (PID=238) to work on /home/airflow/.local/lib/python3.7/site-packages/airflow/example_dags/example_trigger_controller_dag.py
[2022-06-30 00:10:04,837] {processor.py:641} INFO - Processing file /home/airflow/.local/lib/python3.7/site-packages/airflow/example_dags/example_trigger_controller_dag.py for tasks to queue
[2022-06-30 00:10:04,840] {logging_mixin.py:115} INFO - [2022-06-30 00:10:04,840] {dagbag.py:507} INFO - Filling up the DagBag from /home/airflow/.local/lib/python3.7/site-packages/airflow/example_dags/example_trigger_controller_dag.py
[2022-06-30 00:10:04,849] {processor.py:651} INFO - DAG(s) dict_keys(['example_trigger_controller_dag']) retrieved from /home/airflow/.local/lib/python3.7/site-packages/airflow/example_dags/example_trigger_controller_dag.py
[2022-06-30 00:10:04,896] {logging_mixin.py:115} INFO - [2022-06-30 00:10:04,896] {dag.py:2371} INFO - Sync 1 DAGs
[2022-06-30 00:10:05,165] {logging_mixin.py:115} INFO - [2022-06-30 00:10:05,165] {dag.py:2919} INFO - Setting next_dagrun for example_trigger_controller_dag to 2021-01-01T00:00:00+00:00, run_after=2021-01-01T00:00:00+00:00
[2022-06-30 00:10:05,189] {processor.py:161} INFO - Processing /home/airflow/.local/lib/python3.7/site-packages/airflow/example_dags/example_trigger_controller_dag.py took 0.362 seconds
[2022-06-30 00:10:35,775] {processor.py:153} INFO - Started process (PID=291) to work on /home/airflow/.local/lib/python3.7/site-packages/airflow/example_dags/example_trigger_controller_dag.py
[2022-06-30 00:10:35,776] {processor.py:641} INFO - Processing file /home/airflow/.local/lib/python3.7/site-packages/airflow/example_dags/example_trigger_controller_dag.py for tasks to queue
[2022-06-30 00:10:35,778] {logging_mixin.py:115} INFO - [2022-06-30 00:10:35,777] {dagbag.py:507} INFO - Filling up the DagBag from /home/airflow/.local/lib/python3.7/site-packages/airflow/example_dags/example_trigger_controller_dag.py
[2022-06-30 00:10:35,784] {processor.py:651} INFO - DAG(s) dict_keys(['example_trigger_controller_dag']) retrieved from /home/airflow/.local/lib/python3.7/site-packages/airflow/example_dags/example_trigger_controller_dag.py
[2022-06-30 00:10:35,824] {logging_mixin.py:115} INFO - [2022-06-30 00:10:35,824] {dag.py:2371} INFO - Sync 1 DAGs
[2022-06-30 00:10:36,006] {logging_mixin.py:115} INFO - [2022-06-30 00:10:36,006] {dag.py:2919} INFO - Setting next_dagrun for example_trigger_controller_dag to 2021-01-01T00:00:00+00:00, run_after=2021-01-01T00:00:00+00:00
[2022-06-30 00:10:36,021] {processor.py:161} INFO - Processing /home/airflow/.local/lib/python3.7/site-packages/airflow/example_dags/example_trigger_controller_dag.py took 0.252 seconds
[2022-06-30 00:11:06,078] {processor.py:153} INFO - Started process (PID=355) to work on /home/airflow/.local/lib/python3.7/site-packages/airflow/example_dags/example_trigger_controller_dag.py
[2022-06-30 00:11:06,079] {processor.py:641} INFO - Processing file /home/airflow/.local/lib/python3.7/site-packages/airflow/example_dags/example_trigger_controller_dag.py for tasks to queue
[2022-06-30 00:11:06,081] {logging_mixin.py:115} INFO - [2022-06-30 00:11:06,081] {dagbag.py:507} INFO - Filling up the DagBag from /home/airflow/.local/lib/python3.7/site-packages/airflow/example_dags/example_trigger_controller_dag.py
[2022-06-30 00:11:06,088] {processor.py:651} INFO - DAG(s) dict_keys(['example_trigger_controller_dag']) retrieved from /home/airflow/.local/lib/python3.7/site-packages/airflow/example_dags/example_trigger_controller_dag.py
[2022-06-30 00:11:06,130] {logging_mixin.py:115} INFO - [2022-06-30 00:11:06,130] {dag.py:2371} INFO - Sync 1 DAGs
[2022-06-30 00:11:06,310] {logging_mixin.py:115} INFO - [2022-06-30 00:11:06,310] {dag.py:2919} INFO - Setting next_dagrun for example_trigger_controller_dag to 2021-01-01T00:00:00+00:00, run_after=2021-01-01T00:00:00+00:00
[2022-06-30 00:11:06,326] {processor.py:161} INFO - Processing /home/airflow/.local/lib/python3.7/site-packages/airflow/example_dags/example_trigger_controller_dag.py took 0.256 seconds
[2022-06-30 00:11:36,905] {processor.py:153} INFO - Started process (PID=410) to work on /home/airflow/.local/lib/python3.7/site-packages/airflow/example_dags/example_trigger_controller_dag.py
[2022-06-30 00:11:36,907] {processor.py:641} INFO - Processing file /home/airflow/.local/lib/python3.7/site-packages/airflow/example_dags/example_trigger_controller_dag.py for tasks to queue
[2022-06-30 00:11:36,908] {logging_mixin.py:115} INFO - [2022-06-30 00:11:36,908] {dagbag.py:507} INFO - Filling up the DagBag from /home/airflow/.local/lib/python3.7/site-packages/airflow/example_dags/example_trigger_controller_dag.py
[2022-06-30 00:11:36,913] {processor.py:651} INFO - DAG(s) dict_keys(['example_trigger_controller_dag']) retrieved from /home/airflow/.local/lib/python3.7/site-packages/airflow/example_dags/example_trigger_controller_dag.py
[2022-06-30 00:11:36,947] {logging_mixin.py:115} INFO - [2022-06-30 00:11:36,947] {dag.py:2371} INFO - Sync 1 DAGs
[2022-06-30 00:11:37,122] {logging_mixin.py:115} INFO - [2022-06-30 00:11:37,122] {dag.py:2919} INFO - Setting next_dagrun for example_trigger_controller_dag to 2021-01-01T00:00:00+00:00, run_after=2021-01-01T00:00:00+00:00
[2022-06-30 00:11:37,136] {processor.py:161} INFO - Processing /home/airflow/.local/lib/python3.7/site-packages/airflow/example_dags/example_trigger_controller_dag.py took 0.236 seconds
[2022-06-30 00:12:07,511] {processor.py:153} INFO - Started process (PID=474) to work on /home/airflow/.local/lib/python3.7/site-packages/airflow/example_dags/example_trigger_controller_dag.py
[2022-06-30 00:12:07,513] {processor.py:641} INFO - Processing file /home/airflow/.local/lib/python3.7/site-packages/airflow/example_dags/example_trigger_controller_dag.py for tasks to queue
[2022-06-30 00:12:07,515] {logging_mixin.py:115} INFO - [2022-06-30 00:12:07,515] {dagbag.py:507} INFO - Filling up the DagBag from /home/airflow/.local/lib/python3.7/site-packages/airflow/example_dags/example_trigger_controller_dag.py
[2022-06-30 00:12:07,521] {processor.py:651} INFO - DAG(s) dict_keys(['example_trigger_controller_dag']) retrieved from /home/airflow/.local/lib/python3.7/site-packages/airflow/example_dags/example_trigger_controller_dag.py
[2022-06-30 00:12:07,570] {logging_mixin.py:115} INFO - [2022-06-30 00:12:07,570] {dag.py:2371} INFO - Sync 1 DAGs
[2022-06-30 00:12:08,051] {logging_mixin.py:115} INFO - [2022-06-30 00:12:08,051] {dag.py:2919} INFO - Setting next_dagrun for example_trigger_controller_dag to 2021-01-01T00:00:00+00:00, run_after=2021-01-01T00:00:00+00:00
[2022-06-30 00:12:08,077] {processor.py:161} INFO - Processing /home/airflow/.local/lib/python3.7/site-packages/airflow/example_dags/example_trigger_controller_dag.py took 0.571 seconds
[2022-06-30 00:12:38,662] {processor.py:153} INFO - Started process (PID=528) to work on /home/airflow/.local/lib/python3.7/site-packages/airflow/example_dags/example_trigger_controller_dag.py
[2022-06-30 00:12:38,663] {processor.py:641} INFO - Processing file /home/airflow/.local/lib/python3.7/site-packages/airflow/example_dags/example_trigger_controller_dag.py for tasks to queue
[2022-06-30 00:12:38,664] {logging_mixin.py:115} INFO - [2022-06-30 00:12:38,664] {dagbag.py:507} INFO - Filling up the DagBag from /home/airflow/.local/lib/python3.7/site-packages/airflow/example_dags/example_trigger_controller_dag.py
[2022-06-30 00:12:38,669] {processor.py:651} INFO - DAG(s) dict_keys(['example_trigger_controller_dag']) retrieved from /home/airflow/.local/lib/python3.7/site-packages/airflow/example_dags/example_trigger_controller_dag.py
[2022-06-30 00:12:38,707] {logging_mixin.py:115} INFO - [2022-06-30 00:12:38,706] {dag.py:2371} INFO - Sync 1 DAGs
[2022-06-30 00:12:38,877] {logging_mixin.py:115} INFO - [2022-06-30 00:12:38,877] {dag.py:2919} INFO - Setting next_dagrun for example_trigger_controller_dag to 2021-01-01T00:00:00+00:00, run_after=2021-01-01T00:00:00+00:00
[2022-06-30 00:12:38,893] {processor.py:161} INFO - Processing /home/airflow/.local/lib/python3.7/site-packages/airflow/example_dags/example_trigger_controller_dag.py took 0.236 seconds
[2022-06-30 00:13:09,041] {processor.py:153} INFO - Started process (PID=593) to work on /home/airflow/.local/lib/python3.7/site-packages/airflow/example_dags/example_trigger_controller_dag.py
[2022-06-30 00:13:09,042] {processor.py:641} INFO - Processing file /home/airflow/.local/lib/python3.7/site-packages/airflow/example_dags/example_trigger_controller_dag.py for tasks to queue
[2022-06-30 00:13:09,044] {logging_mixin.py:115} INFO - [2022-06-30 00:13:09,043] {dagbag.py:507} INFO - Filling up the DagBag from /home/airflow/.local/lib/python3.7/site-packages/airflow/example_dags/example_trigger_controller_dag.py
[2022-06-30 00:13:09,050] {processor.py:651} INFO - DAG(s) dict_keys(['example_trigger_controller_dag']) retrieved from /home/airflow/.local/lib/python3.7/site-packages/airflow/example_dags/example_trigger_controller_dag.py
[2022-06-30 00:13:09,087] {logging_mixin.py:115} INFO - [2022-06-30 00:13:09,087] {dag.py:2371} INFO - Sync 1 DAGs
[2022-06-30 00:13:09,269] {logging_mixin.py:115} INFO - [2022-06-30 00:13:09,269] {dag.py:2919} INFO - Setting next_dagrun for example_trigger_controller_dag to 2021-01-01T00:00:00+00:00, run_after=2021-01-01T00:00:00+00:00
[2022-06-30 00:13:09,285] {processor.py:161} INFO - Processing /home/airflow/.local/lib/python3.7/site-packages/airflow/example_dags/example_trigger_controller_dag.py took 0.250 seconds
[2022-06-30 00:13:39,508] {processor.py:153} INFO - Started process (PID=660) to work on /home/airflow/.local/lib/python3.7/site-packages/airflow/example_dags/example_trigger_controller_dag.py
[2022-06-30 00:13:39,509] {processor.py:641} INFO - Processing file /home/airflow/.local/lib/python3.7/site-packages/airflow/example_dags/example_trigger_controller_dag.py for tasks to queue
[2022-06-30 00:13:39,511] {logging_mixin.py:115} INFO - [2022-06-30 00:13:39,510] {dagbag.py:507} INFO - Filling up the DagBag from /home/airflow/.local/lib/python3.7/site-packages/airflow/example_dags/example_trigger_controller_dag.py
[2022-06-30 00:13:39,516] {processor.py:651} INFO - DAG(s) dict_keys(['example_trigger_controller_dag']) retrieved from /home/airflow/.local/lib/python3.7/site-packages/airflow/example_dags/example_trigger_controller_dag.py
[2022-06-30 00:13:39,586] {logging_mixin.py:115} INFO - [2022-06-30 00:13:39,585] {dag.py:2371} INFO - Sync 1 DAGs
[2022-06-30 00:13:39,761] {logging_mixin.py:115} INFO - [2022-06-30 00:13:39,761] {dag.py:2919} INFO - Setting next_dagrun for example_trigger_controller_dag to 2021-01-01T00:00:00+00:00, run_after=2021-01-01T00:00:00+00:00
[2022-06-30 00:13:39,780] {processor.py:161} INFO - Processing /home/airflow/.local/lib/python3.7/site-packages/airflow/example_dags/example_trigger_controller_dag.py took 0.277 seconds
[2022-06-30 00:14:10,529] {processor.py:153} INFO - Started process (PID=714) to work on /home/airflow/.local/lib/python3.7/site-packages/airflow/example_dags/example_trigger_controller_dag.py
[2022-06-30 00:14:10,530] {processor.py:641} INFO - Processing file /home/airflow/.local/lib/python3.7/site-packages/airflow/example_dags/example_trigger_controller_dag.py for tasks to queue
[2022-06-30 00:14:10,531] {logging_mixin.py:115} INFO - [2022-06-30 00:14:10,531] {dagbag.py:507} INFO - Filling up the DagBag from /home/airflow/.local/lib/python3.7/site-packages/airflow/example_dags/example_trigger_controller_dag.py
[2022-06-30 00:14:10,536] {processor.py:651} INFO - DAG(s) dict_keys(['example_trigger_controller_dag']) retrieved from /home/airflow/.local/lib/python3.7/site-packages/airflow/example_dags/example_trigger_controller_dag.py
[2022-06-30 00:14:10,578] {logging_mixin.py:115} INFO - [2022-06-30 00:14:10,578] {dag.py:2371} INFO - Sync 1 DAGs
[2022-06-30 00:14:10,752] {logging_mixin.py:115} INFO - [2022-06-30 00:14:10,752] {dag.py:2919} INFO - Setting next_dagrun for example_trigger_controller_dag to 2021-01-01T00:00:00+00:00, run_after=2021-01-01T00:00:00+00:00
[2022-06-30 00:14:10,766] {processor.py:161} INFO - Processing /home/airflow/.local/lib/python3.7/site-packages/airflow/example_dags/example_trigger_controller_dag.py took 0.242 seconds
[2022-06-30 00:14:41,139] {processor.py:153} INFO - Started process (PID=778) to work on /home/airflow/.local/lib/python3.7/site-packages/airflow/example_dags/example_trigger_controller_dag.py
[2022-06-30 00:14:41,140] {processor.py:641} INFO - Processing file /home/airflow/.local/lib/python3.7/site-packages/airflow/example_dags/example_trigger_controller_dag.py for tasks to queue
[2022-06-30 00:14:41,142] {logging_mixin.py:115} INFO - [2022-06-30 00:14:41,142] {dagbag.py:507} INFO - Filling up the DagBag from /home/airflow/.local/lib/python3.7/site-packages/airflow/example_dags/example_trigger_controller_dag.py
[2022-06-30 00:14:41,148] {processor.py:651} INFO - DAG(s) dict_keys(['example_trigger_controller_dag']) retrieved from /home/airflow/.local/lib/python3.7/site-packages/airflow/example_dags/example_trigger_controller_dag.py
[2022-06-30 00:14:41,193] {logging_mixin.py:115} INFO - [2022-06-30 00:14:41,193] {dag.py:2371} INFO - Sync 1 DAGs
[2022-06-30 00:14:41,374] {logging_mixin.py:115} INFO - [2022-06-30 00:14:41,374] {dag.py:2919} INFO - Setting next_dagrun for example_trigger_controller_dag to 2021-01-01T00:00:00+00:00, run_after=2021-01-01T00:00:00+00:00
[2022-06-30 00:14:41,388] {processor.py:161} INFO - Processing /home/airflow/.local/lib/python3.7/site-packages/airflow/example_dags/example_trigger_controller_dag.py took 0.255 seconds
[2022-06-30 00:15:12,310] {processor.py:153} INFO - Started process (PID=832) to work on /home/airflow/.local/lib/python3.7/site-packages/airflow/example_dags/example_trigger_controller_dag.py
[2022-06-30 00:15:12,313] {processor.py:641} INFO - Processing file /home/airflow/.local/lib/python3.7/site-packages/airflow/example_dags/example_trigger_controller_dag.py for tasks to queue
[2022-06-30 00:15:12,317] {logging_mixin.py:115} INFO - [2022-06-30 00:15:12,316] {dagbag.py:507} INFO - Filling up the DagBag from /home/airflow/.local/lib/python3.7/site-packages/airflow/example_dags/example_trigger_controller_dag.py
[2022-06-30 00:15:12,329] {processor.py:651} INFO - DAG(s) dict_keys(['example_trigger_controller_dag']) retrieved from /home/airflow/.local/lib/python3.7/site-packages/airflow/example_dags/example_trigger_controller_dag.py
[2022-06-30 00:15:12,396] {logging_mixin.py:115} INFO - [2022-06-30 00:15:12,395] {dag.py:2371} INFO - Sync 1 DAGs
[2022-06-30 00:15:12,642] {logging_mixin.py:115} INFO - [2022-06-30 00:15:12,642] {dag.py:2919} INFO - Setting next_dagrun for example_trigger_controller_dag to 2021-01-01T00:00:00+00:00, run_after=2021-01-01T00:00:00+00:00
[2022-06-30 00:15:12,668] {processor.py:161} INFO - Processing /home/airflow/.local/lib/python3.7/site-packages/airflow/example_dags/example_trigger_controller_dag.py took 0.368 seconds
[2022-06-30 00:15:43,468] {processor.py:153} INFO - Started process (PID=898) to work on /home/airflow/.local/lib/python3.7/site-packages/airflow/example_dags/example_trigger_controller_dag.py
[2022-06-30 00:15:43,470] {processor.py:641} INFO - Processing file /home/airflow/.local/lib/python3.7/site-packages/airflow/example_dags/example_trigger_controller_dag.py for tasks to queue
[2022-06-30 00:15:43,471] {logging_mixin.py:115} INFO - [2022-06-30 00:15:43,471] {dagbag.py:507} INFO - Filling up the DagBag from /home/airflow/.local/lib/python3.7/site-packages/airflow/example_dags/example_trigger_controller_dag.py
[2022-06-30 00:15:43,475] {processor.py:651} INFO - DAG(s) dict_keys(['example_trigger_controller_dag']) retrieved from /home/airflow/.local/lib/python3.7/site-packages/airflow/example_dags/example_trigger_controller_dag.py
[2022-06-30 00:15:43,519] {logging_mixin.py:115} INFO - [2022-06-30 00:15:43,519] {dag.py:2371} INFO - Sync 1 DAGs
[2022-06-30 00:15:43,700] {logging_mixin.py:115} INFO - [2022-06-30 00:15:43,700] {dag.py:2919} INFO - Setting next_dagrun for example_trigger_controller_dag to 2021-01-01T00:00:00+00:00, run_after=2021-01-01T00:00:00+00:00
[2022-06-30 00:15:43,716] {processor.py:161} INFO - Processing /home/airflow/.local/lib/python3.7/site-packages/airflow/example_dags/example_trigger_controller_dag.py took 0.254 seconds
[2022-06-30 00:16:13,876] {processor.py:153} INFO - Started process (PID=961) to work on /home/airflow/.local/lib/python3.7/site-packages/airflow/example_dags/example_trigger_controller_dag.py
[2022-06-30 00:16:13,877] {processor.py:641} INFO - Processing file /home/airflow/.local/lib/python3.7/site-packages/airflow/example_dags/example_trigger_controller_dag.py for tasks to queue
[2022-06-30 00:16:13,878] {logging_mixin.py:115} INFO - [2022-06-30 00:16:13,878] {dagbag.py:507} INFO - Filling up the DagBag from /home/airflow/.local/lib/python3.7/site-packages/airflow/example_dags/example_trigger_controller_dag.py
[2022-06-30 00:16:13,883] {processor.py:651} INFO - DAG(s) dict_keys(['example_trigger_controller_dag']) retrieved from /home/airflow/.local/lib/python3.7/site-packages/airflow/example_dags/example_trigger_controller_dag.py
[2022-06-30 00:16:13,922] {logging_mixin.py:115} INFO - [2022-06-30 00:16:13,921] {dag.py:2371} INFO - Sync 1 DAGs
[2022-06-30 00:16:14,092] {logging_mixin.py:115} INFO - [2022-06-30 00:16:14,092] {dag.py:2919} INFO - Setting next_dagrun for example_trigger_controller_dag to 2021-01-01T00:00:00+00:00, run_after=2021-01-01T00:00:00+00:00
[2022-06-30 00:16:14,106] {processor.py:161} INFO - Processing /home/airflow/.local/lib/python3.7/site-packages/airflow/example_dags/example_trigger_controller_dag.py took 0.239 seconds
[2022-06-30 00:16:44,827] {processor.py:153} INFO - Started process (PID=1015) to work on /home/airflow/.local/lib/python3.7/site-packages/airflow/example_dags/example_trigger_controller_dag.py
[2022-06-30 00:16:44,828] {processor.py:641} INFO - Processing file /home/airflow/.local/lib/python3.7/site-packages/airflow/example_dags/example_trigger_controller_dag.py for tasks to queue
[2022-06-30 00:16:44,829] {logging_mixin.py:115} INFO - [2022-06-30 00:16:44,829] {dagbag.py:507} INFO - Filling up the DagBag from /home/airflow/.local/lib/python3.7/site-packages/airflow/example_dags/example_trigger_controller_dag.py
[2022-06-30 00:16:44,835] {processor.py:651} INFO - DAG(s) dict_keys(['example_trigger_controller_dag']) retrieved from /home/airflow/.local/lib/python3.7/site-packages/airflow/example_dags/example_trigger_controller_dag.py
[2022-06-30 00:16:44,876] {logging_mixin.py:115} INFO - [2022-06-30 00:16:44,876] {dag.py:2371} INFO - Sync 1 DAGs
[2022-06-30 00:16:45,053] {logging_mixin.py:115} INFO - [2022-06-30 00:16:45,052] {dag.py:2919} INFO - Setting next_dagrun for example_trigger_controller_dag to 2021-01-01T00:00:00+00:00, run_after=2021-01-01T00:00:00+00:00
[2022-06-30 00:16:45,075] {processor.py:161} INFO - Processing /home/airflow/.local/lib/python3.7/site-packages/airflow/example_dags/example_trigger_controller_dag.py took 0.252 seconds
