[2022-06-30 00:08:40,719] {processor.py:153} INFO - Started process (PID=81) to work on /home/airflow/.local/lib/python3.7/site-packages/airflow/example_dags/example_branch_day_of_week_operator.py
[2022-06-30 00:08:40,721] {processor.py:641} INFO - Processing file /home/airflow/.local/lib/python3.7/site-packages/airflow/example_dags/example_branch_day_of_week_operator.py for tasks to queue
[2022-06-30 00:08:40,725] {logging_mixin.py:115} INFO - [2022-06-30 00:08:40,724] {dagbag.py:507} INFO - Filling up the DagBag from /home/airflow/.local/lib/python3.7/site-packages/airflow/example_dags/example_branch_day_of_week_operator.py
[2022-06-30 00:08:40,752] {processor.py:651} INFO - DAG(s) dict_keys(['example_weekday_branch_operator']) retrieved from /home/airflow/.local/lib/python3.7/site-packages/airflow/example_dags/example_branch_day_of_week_operator.py
[2022-06-30 00:08:41,172] {logging_mixin.py:115} INFO - [2022-06-30 00:08:41,171] {manager.py:508} INFO - Created Permission View: can delete on DAG:example_weekday_branch_operator
[2022-06-30 00:08:41,193] {logging_mixin.py:115} INFO - [2022-06-30 00:08:41,193] {manager.py:508} INFO - Created Permission View: can read on DAG:example_weekday_branch_operator
[2022-06-30 00:08:41,208] {logging_mixin.py:115} INFO - [2022-06-30 00:08:41,208] {manager.py:508} INFO - Created Permission View: can edit on DAG:example_weekday_branch_operator
[2022-06-30 00:08:41,210] {logging_mixin.py:115} INFO - [2022-06-30 00:08:41,210] {dag.py:2371} INFO - Sync 1 DAGs
[2022-06-30 00:08:41,236] {logging_mixin.py:115} INFO - [2022-06-30 00:08:41,236] {dag.py:2390} INFO - Creating ORM DAG for example_weekday_branch_operator
[2022-06-30 00:08:41,280] {logging_mixin.py:115} INFO - [2022-06-30 00:08:41,279] {dag.py:2919} INFO - Setting next_dagrun for example_weekday_branch_operator to 2022-06-29T00:00:00+00:00, run_after=2022-06-30T00:00:00+00:00
[2022-06-30 00:08:41,309] {processor.py:161} INFO - Processing /home/airflow/.local/lib/python3.7/site-packages/airflow/example_dags/example_branch_day_of_week_operator.py took 0.600 seconds
[2022-06-30 00:09:11,600] {processor.py:153} INFO - Started process (PID=136) to work on /home/airflow/.local/lib/python3.7/site-packages/airflow/example_dags/example_branch_day_of_week_operator.py
[2022-06-30 00:09:11,602] {processor.py:641} INFO - Processing file /home/airflow/.local/lib/python3.7/site-packages/airflow/example_dags/example_branch_day_of_week_operator.py for tasks to queue
[2022-06-30 00:09:11,603] {logging_mixin.py:115} INFO - [2022-06-30 00:09:11,603] {dagbag.py:507} INFO - Filling up the DagBag from /home/airflow/.local/lib/python3.7/site-packages/airflow/example_dags/example_branch_day_of_week_operator.py
[2022-06-30 00:09:11,619] {processor.py:651} INFO - DAG(s) dict_keys(['example_weekday_branch_operator']) retrieved from /home/airflow/.local/lib/python3.7/site-packages/airflow/example_dags/example_branch_day_of_week_operator.py
[2022-06-30 00:09:11,660] {logging_mixin.py:115} INFO - [2022-06-30 00:09:11,660] {dag.py:2371} INFO - Sync 1 DAGs
[2022-06-30 00:09:11,883] {logging_mixin.py:115} INFO - [2022-06-30 00:09:11,883] {dag.py:2919} INFO - Setting next_dagrun for example_weekday_branch_operator to 2022-06-29T00:00:00+00:00, run_after=2022-06-30T00:00:00+00:00
[2022-06-30 00:09:11,902] {processor.py:161} INFO - Processing /home/airflow/.local/lib/python3.7/site-packages/airflow/example_dags/example_branch_day_of_week_operator.py took 0.308 seconds
[2022-06-30 00:09:42,036] {processor.py:153} INFO - Started process (PID=200) to work on /home/airflow/.local/lib/python3.7/site-packages/airflow/example_dags/example_branch_day_of_week_operator.py
[2022-06-30 00:09:42,037] {processor.py:641} INFO - Processing file /home/airflow/.local/lib/python3.7/site-packages/airflow/example_dags/example_branch_day_of_week_operator.py for tasks to queue
[2022-06-30 00:09:42,038] {logging_mixin.py:115} INFO - [2022-06-30 00:09:42,038] {dagbag.py:507} INFO - Filling up the DagBag from /home/airflow/.local/lib/python3.7/site-packages/airflow/example_dags/example_branch_day_of_week_operator.py
[2022-06-30 00:09:42,050] {processor.py:651} INFO - DAG(s) dict_keys(['example_weekday_branch_operator']) retrieved from /home/airflow/.local/lib/python3.7/site-packages/airflow/example_dags/example_branch_day_of_week_operator.py
[2022-06-30 00:09:42,088] {logging_mixin.py:115} INFO - [2022-06-30 00:09:42,088] {dag.py:2371} INFO - Sync 1 DAGs
[2022-06-30 00:09:42,268] {logging_mixin.py:115} INFO - [2022-06-30 00:09:42,267] {dag.py:2919} INFO - Setting next_dagrun for example_weekday_branch_operator to 2022-06-29T00:00:00+00:00, run_after=2022-06-30T00:00:00+00:00
[2022-06-30 00:09:42,284] {processor.py:161} INFO - Processing /home/airflow/.local/lib/python3.7/site-packages/airflow/example_dags/example_branch_day_of_week_operator.py took 0.254 seconds
[2022-06-30 00:10:12,561] {processor.py:153} INFO - Started process (PID=254) to work on /home/airflow/.local/lib/python3.7/site-packages/airflow/example_dags/example_branch_day_of_week_operator.py
[2022-06-30 00:10:12,562] {processor.py:641} INFO - Processing file /home/airflow/.local/lib/python3.7/site-packages/airflow/example_dags/example_branch_day_of_week_operator.py for tasks to queue
[2022-06-30 00:10:12,564] {logging_mixin.py:115} INFO - [2022-06-30 00:10:12,564] {dagbag.py:507} INFO - Filling up the DagBag from /home/airflow/.local/lib/python3.7/site-packages/airflow/example_dags/example_branch_day_of_week_operator.py
[2022-06-30 00:10:12,576] {processor.py:651} INFO - DAG(s) dict_keys(['example_weekday_branch_operator']) retrieved from /home/airflow/.local/lib/python3.7/site-packages/airflow/example_dags/example_branch_day_of_week_operator.py
[2022-06-30 00:10:12,620] {logging_mixin.py:115} INFO - [2022-06-30 00:10:12,619] {dag.py:2371} INFO - Sync 1 DAGs
[2022-06-30 00:10:12,812] {logging_mixin.py:115} INFO - [2022-06-30 00:10:12,812] {dag.py:2919} INFO - Setting next_dagrun for example_weekday_branch_operator to 2022-06-29T00:00:00+00:00, run_after=2022-06-30T00:00:00+00:00
[2022-06-30 00:10:12,828] {processor.py:161} INFO - Processing /home/airflow/.local/lib/python3.7/site-packages/airflow/example_dags/example_branch_day_of_week_operator.py took 0.272 seconds
[2022-06-30 00:10:43,146] {processor.py:153} INFO - Started process (PID=317) to work on /home/airflow/.local/lib/python3.7/site-packages/airflow/example_dags/example_branch_day_of_week_operator.py
[2022-06-30 00:10:43,147] {processor.py:641} INFO - Processing file /home/airflow/.local/lib/python3.7/site-packages/airflow/example_dags/example_branch_day_of_week_operator.py for tasks to queue
[2022-06-30 00:10:43,149] {logging_mixin.py:115} INFO - [2022-06-30 00:10:43,148] {dagbag.py:507} INFO - Filling up the DagBag from /home/airflow/.local/lib/python3.7/site-packages/airflow/example_dags/example_branch_day_of_week_operator.py
[2022-06-30 00:10:43,159] {processor.py:651} INFO - DAG(s) dict_keys(['example_weekday_branch_operator']) retrieved from /home/airflow/.local/lib/python3.7/site-packages/airflow/example_dags/example_branch_day_of_week_operator.py
[2022-06-30 00:10:43,196] {logging_mixin.py:115} INFO - [2022-06-30 00:10:43,196] {dag.py:2371} INFO - Sync 1 DAGs
[2022-06-30 00:10:43,394] {logging_mixin.py:115} INFO - [2022-06-30 00:10:43,394] {dag.py:2919} INFO - Setting next_dagrun for example_weekday_branch_operator to 2022-06-29T00:00:00+00:00, run_after=2022-06-30T00:00:00+00:00
[2022-06-30 00:10:43,423] {processor.py:161} INFO - Processing /home/airflow/.local/lib/python3.7/site-packages/airflow/example_dags/example_branch_day_of_week_operator.py took 0.280 seconds
[2022-06-30 00:11:13,589] {processor.py:153} INFO - Started process (PID=371) to work on /home/airflow/.local/lib/python3.7/site-packages/airflow/example_dags/example_branch_day_of_week_operator.py
[2022-06-30 00:11:13,591] {processor.py:641} INFO - Processing file /home/airflow/.local/lib/python3.7/site-packages/airflow/example_dags/example_branch_day_of_week_operator.py for tasks to queue
[2022-06-30 00:11:13,592] {logging_mixin.py:115} INFO - [2022-06-30 00:11:13,592] {dagbag.py:507} INFO - Filling up the DagBag from /home/airflow/.local/lib/python3.7/site-packages/airflow/example_dags/example_branch_day_of_week_operator.py
[2022-06-30 00:11:13,604] {processor.py:651} INFO - DAG(s) dict_keys(['example_weekday_branch_operator']) retrieved from /home/airflow/.local/lib/python3.7/site-packages/airflow/example_dags/example_branch_day_of_week_operator.py
[2022-06-30 00:11:13,639] {logging_mixin.py:115} INFO - [2022-06-30 00:11:13,639] {dag.py:2371} INFO - Sync 1 DAGs
[2022-06-30 00:11:13,819] {logging_mixin.py:115} INFO - [2022-06-30 00:11:13,819] {dag.py:2919} INFO - Setting next_dagrun for example_weekday_branch_operator to 2022-06-29T00:00:00+00:00, run_after=2022-06-30T00:00:00+00:00
[2022-06-30 00:11:13,834] {processor.py:161} INFO - Processing /home/airflow/.local/lib/python3.7/site-packages/airflow/example_dags/example_branch_day_of_week_operator.py took 0.249 seconds
[2022-06-30 00:11:44,382] {processor.py:153} INFO - Started process (PID=436) to work on /home/airflow/.local/lib/python3.7/site-packages/airflow/example_dags/example_branch_day_of_week_operator.py
[2022-06-30 00:11:44,384] {processor.py:641} INFO - Processing file /home/airflow/.local/lib/python3.7/site-packages/airflow/example_dags/example_branch_day_of_week_operator.py for tasks to queue
[2022-06-30 00:11:44,385] {logging_mixin.py:115} INFO - [2022-06-30 00:11:44,385] {dagbag.py:507} INFO - Filling up the DagBag from /home/airflow/.local/lib/python3.7/site-packages/airflow/example_dags/example_branch_day_of_week_operator.py
[2022-06-30 00:11:44,399] {processor.py:651} INFO - DAG(s) dict_keys(['example_weekday_branch_operator']) retrieved from /home/airflow/.local/lib/python3.7/site-packages/airflow/example_dags/example_branch_day_of_week_operator.py
[2022-06-30 00:11:44,441] {logging_mixin.py:115} INFO - [2022-06-30 00:11:44,441] {dag.py:2371} INFO - Sync 1 DAGs
[2022-06-30 00:11:44,681] {logging_mixin.py:115} INFO - [2022-06-30 00:11:44,680] {dag.py:2919} INFO - Setting next_dagrun for example_weekday_branch_operator to 2022-06-29T00:00:00+00:00, run_after=2022-06-30T00:00:00+00:00
[2022-06-30 00:11:44,696] {processor.py:161} INFO - Processing /home/airflow/.local/lib/python3.7/site-packages/airflow/example_dags/example_branch_day_of_week_operator.py took 0.321 seconds
[2022-06-30 00:12:15,032] {processor.py:153} INFO - Started process (PID=498) to work on /home/airflow/.local/lib/python3.7/site-packages/airflow/example_dags/example_branch_day_of_week_operator.py
[2022-06-30 00:12:15,036] {processor.py:641} INFO - Processing file /home/airflow/.local/lib/python3.7/site-packages/airflow/example_dags/example_branch_day_of_week_operator.py for tasks to queue
[2022-06-30 00:12:15,038] {logging_mixin.py:115} INFO - [2022-06-30 00:12:15,038] {dagbag.py:507} INFO - Filling up the DagBag from /home/airflow/.local/lib/python3.7/site-packages/airflow/example_dags/example_branch_day_of_week_operator.py
[2022-06-30 00:12:15,054] {processor.py:651} INFO - DAG(s) dict_keys(['example_weekday_branch_operator']) retrieved from /home/airflow/.local/lib/python3.7/site-packages/airflow/example_dags/example_branch_day_of_week_operator.py
[2022-06-30 00:12:15,161] {logging_mixin.py:115} INFO - [2022-06-30 00:12:15,160] {dag.py:2371} INFO - Sync 1 DAGs
[2022-06-30 00:12:15,481] {logging_mixin.py:115} INFO - [2022-06-30 00:12:15,481] {dag.py:2919} INFO - Setting next_dagrun for example_weekday_branch_operator to 2022-06-29T00:00:00+00:00, run_after=2022-06-30T00:00:00+00:00
[2022-06-30 00:12:15,535] {processor.py:161} INFO - Processing /home/airflow/.local/lib/python3.7/site-packages/airflow/example_dags/example_branch_day_of_week_operator.py took 0.509 seconds
[2022-06-30 00:12:45,920] {processor.py:153} INFO - Started process (PID=554) to work on /home/airflow/.local/lib/python3.7/site-packages/airflow/example_dags/example_branch_day_of_week_operator.py
[2022-06-30 00:12:45,921] {processor.py:641} INFO - Processing file /home/airflow/.local/lib/python3.7/site-packages/airflow/example_dags/example_branch_day_of_week_operator.py for tasks to queue
[2022-06-30 00:12:45,923] {logging_mixin.py:115} INFO - [2022-06-30 00:12:45,923] {dagbag.py:507} INFO - Filling up the DagBag from /home/airflow/.local/lib/python3.7/site-packages/airflow/example_dags/example_branch_day_of_week_operator.py
[2022-06-30 00:12:45,933] {processor.py:651} INFO - DAG(s) dict_keys(['example_weekday_branch_operator']) retrieved from /home/airflow/.local/lib/python3.7/site-packages/airflow/example_dags/example_branch_day_of_week_operator.py
[2022-06-30 00:12:45,971] {logging_mixin.py:115} INFO - [2022-06-30 00:12:45,971] {dag.py:2371} INFO - Sync 1 DAGs
[2022-06-30 00:12:46,152] {logging_mixin.py:115} INFO - [2022-06-30 00:12:46,151] {dag.py:2919} INFO - Setting next_dagrun for example_weekday_branch_operator to 2022-06-29T00:00:00+00:00, run_after=2022-06-30T00:00:00+00:00
[2022-06-30 00:12:46,168] {processor.py:161} INFO - Processing /home/airflow/.local/lib/python3.7/site-packages/airflow/example_dags/example_branch_day_of_week_operator.py took 0.252 seconds
[2022-06-30 00:13:16,358] {processor.py:153} INFO - Started process (PID=619) to work on /home/airflow/.local/lib/python3.7/site-packages/airflow/example_dags/example_branch_day_of_week_operator.py
[2022-06-30 00:13:16,360] {processor.py:641} INFO - Processing file /home/airflow/.local/lib/python3.7/site-packages/airflow/example_dags/example_branch_day_of_week_operator.py for tasks to queue
[2022-06-30 00:13:16,361] {logging_mixin.py:115} INFO - [2022-06-30 00:13:16,361] {dagbag.py:507} INFO - Filling up the DagBag from /home/airflow/.local/lib/python3.7/site-packages/airflow/example_dags/example_branch_day_of_week_operator.py
[2022-06-30 00:13:16,372] {processor.py:651} INFO - DAG(s) dict_keys(['example_weekday_branch_operator']) retrieved from /home/airflow/.local/lib/python3.7/site-packages/airflow/example_dags/example_branch_day_of_week_operator.py
[2022-06-30 00:13:16,408] {logging_mixin.py:115} INFO - [2022-06-30 00:13:16,407] {dag.py:2371} INFO - Sync 1 DAGs
[2022-06-30 00:13:16,603] {logging_mixin.py:115} INFO - [2022-06-30 00:13:16,602] {dag.py:2919} INFO - Setting next_dagrun for example_weekday_branch_operator to 2022-06-29T00:00:00+00:00, run_after=2022-06-30T00:00:00+00:00
[2022-06-30 00:13:16,631] {processor.py:161} INFO - Processing /home/airflow/.local/lib/python3.7/site-packages/airflow/example_dags/example_branch_day_of_week_operator.py took 0.277 seconds
[2022-06-30 00:13:46,841] {processor.py:153} INFO - Started process (PID=676) to work on /home/airflow/.local/lib/python3.7/site-packages/airflow/example_dags/example_branch_day_of_week_operator.py
[2022-06-30 00:13:46,842] {processor.py:641} INFO - Processing file /home/airflow/.local/lib/python3.7/site-packages/airflow/example_dags/example_branch_day_of_week_operator.py for tasks to queue
[2022-06-30 00:13:46,844] {logging_mixin.py:115} INFO - [2022-06-30 00:13:46,844] {dagbag.py:507} INFO - Filling up the DagBag from /home/airflow/.local/lib/python3.7/site-packages/airflow/example_dags/example_branch_day_of_week_operator.py
[2022-06-30 00:13:46,858] {processor.py:651} INFO - DAG(s) dict_keys(['example_weekday_branch_operator']) retrieved from /home/airflow/.local/lib/python3.7/site-packages/airflow/example_dags/example_branch_day_of_week_operator.py
[2022-06-30 00:13:46,899] {logging_mixin.py:115} INFO - [2022-06-30 00:13:46,899] {dag.py:2371} INFO - Sync 1 DAGs
[2022-06-30 00:13:47,117] {logging_mixin.py:115} INFO - [2022-06-30 00:13:47,117] {dag.py:2919} INFO - Setting next_dagrun for example_weekday_branch_operator to 2022-06-29T00:00:00+00:00, run_after=2022-06-30T00:00:00+00:00
[2022-06-30 00:13:47,147] {processor.py:161} INFO - Processing /home/airflow/.local/lib/python3.7/site-packages/airflow/example_dags/example_branch_day_of_week_operator.py took 0.313 seconds
[2022-06-30 00:14:17,667] {processor.py:153} INFO - Started process (PID=740) to work on /home/airflow/.local/lib/python3.7/site-packages/airflow/example_dags/example_branch_day_of_week_operator.py
[2022-06-30 00:14:17,669] {processor.py:641} INFO - Processing file /home/airflow/.local/lib/python3.7/site-packages/airflow/example_dags/example_branch_day_of_week_operator.py for tasks to queue
[2022-06-30 00:14:17,670] {logging_mixin.py:115} INFO - [2022-06-30 00:14:17,670] {dagbag.py:507} INFO - Filling up the DagBag from /home/airflow/.local/lib/python3.7/site-packages/airflow/example_dags/example_branch_day_of_week_operator.py
[2022-06-30 00:14:17,681] {processor.py:651} INFO - DAG(s) dict_keys(['example_weekday_branch_operator']) retrieved from /home/airflow/.local/lib/python3.7/site-packages/airflow/example_dags/example_branch_day_of_week_operator.py
[2022-06-30 00:14:17,718] {logging_mixin.py:115} INFO - [2022-06-30 00:14:17,718] {dag.py:2371} INFO - Sync 1 DAGs
[2022-06-30 00:14:17,890] {logging_mixin.py:115} INFO - [2022-06-30 00:14:17,890] {dag.py:2919} INFO - Setting next_dagrun for example_weekday_branch_operator to 2022-06-29T00:00:00+00:00, run_after=2022-06-30T00:00:00+00:00
[2022-06-30 00:14:17,903] {processor.py:161} INFO - Processing /home/airflow/.local/lib/python3.7/site-packages/airflow/example_dags/example_branch_day_of_week_operator.py took 0.239 seconds
[2022-06-30 00:14:48,353] {processor.py:153} INFO - Started process (PID=794) to work on /home/airflow/.local/lib/python3.7/site-packages/airflow/example_dags/example_branch_day_of_week_operator.py
[2022-06-30 00:14:48,355] {processor.py:641} INFO - Processing file /home/airflow/.local/lib/python3.7/site-packages/airflow/example_dags/example_branch_day_of_week_operator.py for tasks to queue
[2022-06-30 00:14:48,356] {logging_mixin.py:115} INFO - [2022-06-30 00:14:48,356] {dagbag.py:507} INFO - Filling up the DagBag from /home/airflow/.local/lib/python3.7/site-packages/airflow/example_dags/example_branch_day_of_week_operator.py
[2022-06-30 00:14:48,368] {processor.py:651} INFO - DAG(s) dict_keys(['example_weekday_branch_operator']) retrieved from /home/airflow/.local/lib/python3.7/site-packages/airflow/example_dags/example_branch_day_of_week_operator.py
[2022-06-30 00:14:48,406] {logging_mixin.py:115} INFO - [2022-06-30 00:14:48,406] {dag.py:2371} INFO - Sync 1 DAGs
[2022-06-30 00:14:48,574] {logging_mixin.py:115} INFO - [2022-06-30 00:14:48,573] {dag.py:2919} INFO - Setting next_dagrun for example_weekday_branch_operator to 2022-06-29T00:00:00+00:00, run_after=2022-06-30T00:00:00+00:00
[2022-06-30 00:14:48,591] {processor.py:161} INFO - Processing /home/airflow/.local/lib/python3.7/site-packages/airflow/example_dags/example_branch_day_of_week_operator.py took 0.242 seconds
[2022-06-30 00:15:18,892] {processor.py:153} INFO - Started process (PID=858) to work on /home/airflow/.local/lib/python3.7/site-packages/airflow/example_dags/example_branch_day_of_week_operator.py
[2022-06-30 00:15:18,893] {processor.py:641} INFO - Processing file /home/airflow/.local/lib/python3.7/site-packages/airflow/example_dags/example_branch_day_of_week_operator.py for tasks to queue
[2022-06-30 00:15:18,895] {logging_mixin.py:115} INFO - [2022-06-30 00:15:18,894] {dagbag.py:507} INFO - Filling up the DagBag from /home/airflow/.local/lib/python3.7/site-packages/airflow/example_dags/example_branch_day_of_week_operator.py
[2022-06-30 00:15:18,904] {processor.py:651} INFO - DAG(s) dict_keys(['example_weekday_branch_operator']) retrieved from /home/airflow/.local/lib/python3.7/site-packages/airflow/example_dags/example_branch_day_of_week_operator.py
[2022-06-30 00:15:18,941] {logging_mixin.py:115} INFO - [2022-06-30 00:15:18,941] {dag.py:2371} INFO - Sync 1 DAGs
[2022-06-30 00:15:19,117] {logging_mixin.py:115} INFO - [2022-06-30 00:15:19,116] {dag.py:2919} INFO - Setting next_dagrun for example_weekday_branch_operator to 2022-06-29T00:00:00+00:00, run_after=2022-06-30T00:00:00+00:00
[2022-06-30 00:15:19,130] {processor.py:161} INFO - Processing /home/airflow/.local/lib/python3.7/site-packages/airflow/example_dags/example_branch_day_of_week_operator.py took 0.242 seconds
[2022-06-30 00:15:50,066] {processor.py:153} INFO - Started process (PID=925) to work on /home/airflow/.local/lib/python3.7/site-packages/airflow/example_dags/example_branch_day_of_week_operator.py
[2022-06-30 00:15:50,067] {processor.py:641} INFO - Processing file /home/airflow/.local/lib/python3.7/site-packages/airflow/example_dags/example_branch_day_of_week_operator.py for tasks to queue
[2022-06-30 00:15:50,070] {logging_mixin.py:115} INFO - [2022-06-30 00:15:50,069] {dagbag.py:507} INFO - Filling up the DagBag from /home/airflow/.local/lib/python3.7/site-packages/airflow/example_dags/example_branch_day_of_week_operator.py
[2022-06-30 00:15:50,083] {processor.py:651} INFO - DAG(s) dict_keys(['example_weekday_branch_operator']) retrieved from /home/airflow/.local/lib/python3.7/site-packages/airflow/example_dags/example_branch_day_of_week_operator.py
[2022-06-30 00:15:50,123] {logging_mixin.py:115} INFO - [2022-06-30 00:15:50,123] {dag.py:2371} INFO - Sync 1 DAGs
[2022-06-30 00:15:50,328] {logging_mixin.py:115} INFO - [2022-06-30 00:15:50,328] {dag.py:2919} INFO - Setting next_dagrun for example_weekday_branch_operator to 2022-06-29T00:00:00+00:00, run_after=2022-06-30T00:00:00+00:00
[2022-06-30 00:15:50,343] {processor.py:161} INFO - Processing /home/airflow/.local/lib/python3.7/site-packages/airflow/example_dags/example_branch_day_of_week_operator.py took 0.283 seconds
[2022-06-30 00:16:20,556] {processor.py:153} INFO - Started process (PID=978) to work on /home/airflow/.local/lib/python3.7/site-packages/airflow/example_dags/example_branch_day_of_week_operator.py
[2022-06-30 00:16:20,558] {processor.py:641} INFO - Processing file /home/airflow/.local/lib/python3.7/site-packages/airflow/example_dags/example_branch_day_of_week_operator.py for tasks to queue
[2022-06-30 00:16:20,560] {logging_mixin.py:115} INFO - [2022-06-30 00:16:20,560] {dagbag.py:507} INFO - Filling up the DagBag from /home/airflow/.local/lib/python3.7/site-packages/airflow/example_dags/example_branch_day_of_week_operator.py
[2022-06-30 00:16:20,573] {processor.py:651} INFO - DAG(s) dict_keys(['example_weekday_branch_operator']) retrieved from /home/airflow/.local/lib/python3.7/site-packages/airflow/example_dags/example_branch_day_of_week_operator.py
[2022-06-30 00:16:20,619] {logging_mixin.py:115} INFO - [2022-06-30 00:16:20,619] {dag.py:2371} INFO - Sync 1 DAGs
[2022-06-30 00:16:20,803] {logging_mixin.py:115} INFO - [2022-06-30 00:16:20,803] {dag.py:2919} INFO - Setting next_dagrun for example_weekday_branch_operator to 2022-06-29T00:00:00+00:00, run_after=2022-06-30T00:00:00+00:00
[2022-06-30 00:16:20,820] {processor.py:161} INFO - Processing /home/airflow/.local/lib/python3.7/site-packages/airflow/example_dags/example_branch_day_of_week_operator.py took 0.268 seconds
[2022-06-30 00:16:51,320] {processor.py:153} INFO - Started process (PID=1040) to work on /home/airflow/.local/lib/python3.7/site-packages/airflow/example_dags/example_branch_day_of_week_operator.py
[2022-06-30 00:16:51,321] {processor.py:641} INFO - Processing file /home/airflow/.local/lib/python3.7/site-packages/airflow/example_dags/example_branch_day_of_week_operator.py for tasks to queue
[2022-06-30 00:16:51,323] {logging_mixin.py:115} INFO - [2022-06-30 00:16:51,323] {dagbag.py:507} INFO - Filling up the DagBag from /home/airflow/.local/lib/python3.7/site-packages/airflow/example_dags/example_branch_day_of_week_operator.py
[2022-06-30 00:16:51,334] {processor.py:651} INFO - DAG(s) dict_keys(['example_weekday_branch_operator']) retrieved from /home/airflow/.local/lib/python3.7/site-packages/airflow/example_dags/example_branch_day_of_week_operator.py
[2022-06-30 00:16:51,378] {logging_mixin.py:115} INFO - [2022-06-30 00:16:51,378] {dag.py:2371} INFO - Sync 1 DAGs
[2022-06-30 00:16:51,598] {logging_mixin.py:115} INFO - [2022-06-30 00:16:51,598] {dag.py:2919} INFO - Setting next_dagrun for example_weekday_branch_operator to 2022-06-29T00:00:00+00:00, run_after=2022-06-30T00:00:00+00:00
[2022-06-30 00:16:51,618] {processor.py:161} INFO - Processing /home/airflow/.local/lib/python3.7/site-packages/airflow/example_dags/example_branch_day_of_week_operator.py took 0.306 seconds
