[2022-06-30 00:08:34,417] {processor.py:153} INFO - Started process (PID=68) to work on /home/airflow/.local/lib/python3.7/site-packages/airflow/example_dags/example_branch_labels.py
[2022-06-30 00:08:34,426] {processor.py:641} INFO - Processing file /home/airflow/.local/lib/python3.7/site-packages/airflow/example_dags/example_branch_labels.py for tasks to queue
[2022-06-30 00:08:34,431] {logging_mixin.py:115} INFO - [2022-06-30 00:08:34,430] {dagbag.py:507} INFO - Filling up the DagBag from /home/airflow/.local/lib/python3.7/site-packages/airflow/example_dags/example_branch_labels.py
[2022-06-30 00:08:34,476] {processor.py:651} INFO - DAG(s) dict_keys(['example_branch_labels']) retrieved from /home/airflow/.local/lib/python3.7/site-packages/airflow/example_dags/example_branch_labels.py
[2022-06-30 00:08:35,700] {logging_mixin.py:115} INFO - [2022-06-30 00:08:35,700] {manager.py:508} INFO - Created Permission View: can delete on DAG:example_branch_labels
[2022-06-30 00:08:35,752] {logging_mixin.py:115} INFO - [2022-06-30 00:08:35,752] {manager.py:508} INFO - Created Permission View: can read on DAG:example_branch_labels
[2022-06-30 00:08:35,781] {logging_mixin.py:115} INFO - [2022-06-30 00:08:35,781] {manager.py:508} INFO - Created Permission View: can edit on DAG:example_branch_labels
[2022-06-30 00:08:35,784] {logging_mixin.py:115} INFO - [2022-06-30 00:08:35,784] {dag.py:2371} INFO - Sync 1 DAGs
[2022-06-30 00:08:35,807] {logging_mixin.py:115} INFO - [2022-06-30 00:08:35,807] {dag.py:2390} INFO - Creating ORM DAG for example_branch_labels
[2022-06-30 00:08:35,858] {logging_mixin.py:115} INFO - [2022-06-30 00:08:35,858] {dag.py:2919} INFO - Setting next_dagrun for example_branch_labels to 2022-06-29T00:00:00+00:00, run_after=2022-06-30T00:00:00+00:00
[2022-06-30 00:08:35,903] {processor.py:161} INFO - Processing /home/airflow/.local/lib/python3.7/site-packages/airflow/example_dags/example_branch_labels.py took 1.507 seconds
[2022-06-30 00:09:06,247] {processor.py:153} INFO - Started process (PID=125) to work on /home/airflow/.local/lib/python3.7/site-packages/airflow/example_dags/example_branch_labels.py
[2022-06-30 00:09:06,249] {processor.py:641} INFO - Processing file /home/airflow/.local/lib/python3.7/site-packages/airflow/example_dags/example_branch_labels.py for tasks to queue
[2022-06-30 00:09:06,251] {logging_mixin.py:115} INFO - [2022-06-30 00:09:06,251] {dagbag.py:507} INFO - Filling up the DagBag from /home/airflow/.local/lib/python3.7/site-packages/airflow/example_dags/example_branch_labels.py
[2022-06-30 00:09:06,265] {processor.py:651} INFO - DAG(s) dict_keys(['example_branch_labels']) retrieved from /home/airflow/.local/lib/python3.7/site-packages/airflow/example_dags/example_branch_labels.py
[2022-06-30 00:09:06,323] {logging_mixin.py:115} INFO - [2022-06-30 00:09:06,323] {dag.py:2371} INFO - Sync 1 DAGs
[2022-06-30 00:09:06,608] {logging_mixin.py:115} INFO - [2022-06-30 00:09:06,608] {dag.py:2919} INFO - Setting next_dagrun for example_branch_labels to 2022-06-29T00:00:00+00:00, run_after=2022-06-30T00:00:00+00:00
[2022-06-30 00:09:06,653] {processor.py:161} INFO - Processing /home/airflow/.local/lib/python3.7/site-packages/airflow/example_dags/example_branch_labels.py took 0.412 seconds
[2022-06-30 00:09:36,876] {processor.py:153} INFO - Started process (PID=179) to work on /home/airflow/.local/lib/python3.7/site-packages/airflow/example_dags/example_branch_labels.py
[2022-06-30 00:09:36,878] {processor.py:641} INFO - Processing file /home/airflow/.local/lib/python3.7/site-packages/airflow/example_dags/example_branch_labels.py for tasks to queue
[2022-06-30 00:09:36,880] {logging_mixin.py:115} INFO - [2022-06-30 00:09:36,879] {dagbag.py:507} INFO - Filling up the DagBag from /home/airflow/.local/lib/python3.7/site-packages/airflow/example_dags/example_branch_labels.py
[2022-06-30 00:09:36,890] {processor.py:651} INFO - DAG(s) dict_keys(['example_branch_labels']) retrieved from /home/airflow/.local/lib/python3.7/site-packages/airflow/example_dags/example_branch_labels.py
[2022-06-30 00:09:36,943] {logging_mixin.py:115} INFO - [2022-06-30 00:09:36,943] {dag.py:2371} INFO - Sync 1 DAGs
[2022-06-30 00:09:37,137] {logging_mixin.py:115} INFO - [2022-06-30 00:09:37,137] {dag.py:2919} INFO - Setting next_dagrun for example_branch_labels to 2022-06-29T00:00:00+00:00, run_after=2022-06-30T00:00:00+00:00
[2022-06-30 00:09:37,153] {processor.py:161} INFO - Processing /home/airflow/.local/lib/python3.7/site-packages/airflow/example_dags/example_branch_labels.py took 0.281 seconds
[2022-06-30 00:10:07,637] {processor.py:153} INFO - Started process (PID=243) to work on /home/airflow/.local/lib/python3.7/site-packages/airflow/example_dags/example_branch_labels.py
[2022-06-30 00:10:07,639] {processor.py:641} INFO - Processing file /home/airflow/.local/lib/python3.7/site-packages/airflow/example_dags/example_branch_labels.py for tasks to queue
[2022-06-30 00:10:07,641] {logging_mixin.py:115} INFO - [2022-06-30 00:10:07,641] {dagbag.py:507} INFO - Filling up the DagBag from /home/airflow/.local/lib/python3.7/site-packages/airflow/example_dags/example_branch_labels.py
[2022-06-30 00:10:07,655] {processor.py:651} INFO - DAG(s) dict_keys(['example_branch_labels']) retrieved from /home/airflow/.local/lib/python3.7/site-packages/airflow/example_dags/example_branch_labels.py
[2022-06-30 00:10:07,699] {logging_mixin.py:115} INFO - [2022-06-30 00:10:07,699] {dag.py:2371} INFO - Sync 1 DAGs
[2022-06-30 00:10:07,872] {logging_mixin.py:115} INFO - [2022-06-30 00:10:07,872] {dag.py:2919} INFO - Setting next_dagrun for example_branch_labels to 2022-06-29T00:00:00+00:00, run_after=2022-06-30T00:00:00+00:00
[2022-06-30 00:10:07,887] {processor.py:161} INFO - Processing /home/airflow/.local/lib/python3.7/site-packages/airflow/example_dags/example_branch_labels.py took 0.258 seconds
[2022-06-30 00:10:38,400] {processor.py:153} INFO - Started process (PID=296) to work on /home/airflow/.local/lib/python3.7/site-packages/airflow/example_dags/example_branch_labels.py
[2022-06-30 00:10:38,402] {processor.py:641} INFO - Processing file /home/airflow/.local/lib/python3.7/site-packages/airflow/example_dags/example_branch_labels.py for tasks to queue
[2022-06-30 00:10:38,403] {logging_mixin.py:115} INFO - [2022-06-30 00:10:38,403] {dagbag.py:507} INFO - Filling up the DagBag from /home/airflow/.local/lib/python3.7/site-packages/airflow/example_dags/example_branch_labels.py
[2022-06-30 00:10:38,415] {processor.py:651} INFO - DAG(s) dict_keys(['example_branch_labels']) retrieved from /home/airflow/.local/lib/python3.7/site-packages/airflow/example_dags/example_branch_labels.py
[2022-06-30 00:10:38,456] {logging_mixin.py:115} INFO - [2022-06-30 00:10:38,456] {dag.py:2371} INFO - Sync 1 DAGs
[2022-06-30 00:10:38,643] {logging_mixin.py:115} INFO - [2022-06-30 00:10:38,643] {dag.py:2919} INFO - Setting next_dagrun for example_branch_labels to 2022-06-29T00:00:00+00:00, run_after=2022-06-30T00:00:00+00:00
[2022-06-30 00:10:38,661] {processor.py:161} INFO - Processing /home/airflow/.local/lib/python3.7/site-packages/airflow/example_dags/example_branch_labels.py took 0.270 seconds
[2022-06-30 00:11:08,736] {processor.py:153} INFO - Started process (PID=360) to work on /home/airflow/.local/lib/python3.7/site-packages/airflow/example_dags/example_branch_labels.py
[2022-06-30 00:11:08,737] {processor.py:641} INFO - Processing file /home/airflow/.local/lib/python3.7/site-packages/airflow/example_dags/example_branch_labels.py for tasks to queue
[2022-06-30 00:11:08,738] {logging_mixin.py:115} INFO - [2022-06-30 00:11:08,738] {dagbag.py:507} INFO - Filling up the DagBag from /home/airflow/.local/lib/python3.7/site-packages/airflow/example_dags/example_branch_labels.py
[2022-06-30 00:11:08,749] {processor.py:651} INFO - DAG(s) dict_keys(['example_branch_labels']) retrieved from /home/airflow/.local/lib/python3.7/site-packages/airflow/example_dags/example_branch_labels.py
[2022-06-30 00:11:08,790] {logging_mixin.py:115} INFO - [2022-06-30 00:11:08,790] {dag.py:2371} INFO - Sync 1 DAGs
[2022-06-30 00:11:08,989] {logging_mixin.py:115} INFO - [2022-06-30 00:11:08,989] {dag.py:2919} INFO - Setting next_dagrun for example_branch_labels to 2022-06-29T00:00:00+00:00, run_after=2022-06-30T00:00:00+00:00
[2022-06-30 00:11:09,006] {processor.py:161} INFO - Processing /home/airflow/.local/lib/python3.7/site-packages/airflow/example_dags/example_branch_labels.py took 0.275 seconds
[2022-06-30 00:11:39,523] {processor.py:153} INFO - Started process (PID=423) to work on /home/airflow/.local/lib/python3.7/site-packages/airflow/example_dags/example_branch_labels.py
[2022-06-30 00:11:39,524] {processor.py:641} INFO - Processing file /home/airflow/.local/lib/python3.7/site-packages/airflow/example_dags/example_branch_labels.py for tasks to queue
[2022-06-30 00:11:39,526] {logging_mixin.py:115} INFO - [2022-06-30 00:11:39,525] {dagbag.py:507} INFO - Filling up the DagBag from /home/airflow/.local/lib/python3.7/site-packages/airflow/example_dags/example_branch_labels.py
[2022-06-30 00:11:39,535] {processor.py:651} INFO - DAG(s) dict_keys(['example_branch_labels']) retrieved from /home/airflow/.local/lib/python3.7/site-packages/airflow/example_dags/example_branch_labels.py
[2022-06-30 00:11:39,574] {logging_mixin.py:115} INFO - [2022-06-30 00:11:39,574] {dag.py:2371} INFO - Sync 1 DAGs
[2022-06-30 00:11:39,751] {logging_mixin.py:115} INFO - [2022-06-30 00:11:39,751] {dag.py:2919} INFO - Setting next_dagrun for example_branch_labels to 2022-06-29T00:00:00+00:00, run_after=2022-06-30T00:00:00+00:00
[2022-06-30 00:11:39,765] {processor.py:161} INFO - Processing /home/airflow/.local/lib/python3.7/site-packages/airflow/example_dags/example_branch_labels.py took 0.246 seconds
[2022-06-30 00:12:10,685] {processor.py:153} INFO - Started process (PID=479) to work on /home/airflow/.local/lib/python3.7/site-packages/airflow/example_dags/example_branch_labels.py
[2022-06-30 00:12:10,698] {processor.py:641} INFO - Processing file /home/airflow/.local/lib/python3.7/site-packages/airflow/example_dags/example_branch_labels.py for tasks to queue
[2022-06-30 00:12:10,700] {logging_mixin.py:115} INFO - [2022-06-30 00:12:10,700] {dagbag.py:507} INFO - Filling up the DagBag from /home/airflow/.local/lib/python3.7/site-packages/airflow/example_dags/example_branch_labels.py
[2022-06-30 00:12:10,713] {processor.py:651} INFO - DAG(s) dict_keys(['example_branch_labels']) retrieved from /home/airflow/.local/lib/python3.7/site-packages/airflow/example_dags/example_branch_labels.py
[2022-06-30 00:12:10,768] {logging_mixin.py:115} INFO - [2022-06-30 00:12:10,768] {dag.py:2371} INFO - Sync 1 DAGs
[2022-06-30 00:12:11,161] {logging_mixin.py:115} INFO - [2022-06-30 00:12:11,161] {dag.py:2919} INFO - Setting next_dagrun for example_branch_labels to 2022-06-29T00:00:00+00:00, run_after=2022-06-30T00:00:00+00:00
[2022-06-30 00:12:11,186] {processor.py:161} INFO - Processing /home/airflow/.local/lib/python3.7/site-packages/airflow/example_dags/example_branch_labels.py took 0.506 seconds
[2022-06-30 00:12:41,285] {processor.py:153} INFO - Started process (PID=542) to work on /home/airflow/.local/lib/python3.7/site-packages/airflow/example_dags/example_branch_labels.py
[2022-06-30 00:12:41,286] {processor.py:641} INFO - Processing file /home/airflow/.local/lib/python3.7/site-packages/airflow/example_dags/example_branch_labels.py for tasks to queue
[2022-06-30 00:12:41,287] {logging_mixin.py:115} INFO - [2022-06-30 00:12:41,287] {dagbag.py:507} INFO - Filling up the DagBag from /home/airflow/.local/lib/python3.7/site-packages/airflow/example_dags/example_branch_labels.py
[2022-06-30 00:12:41,297] {processor.py:651} INFO - DAG(s) dict_keys(['example_branch_labels']) retrieved from /home/airflow/.local/lib/python3.7/site-packages/airflow/example_dags/example_branch_labels.py
[2022-06-30 00:12:41,332] {logging_mixin.py:115} INFO - [2022-06-30 00:12:41,332] {dag.py:2371} INFO - Sync 1 DAGs
[2022-06-30 00:12:41,504] {logging_mixin.py:115} INFO - [2022-06-30 00:12:41,504] {dag.py:2919} INFO - Setting next_dagrun for example_branch_labels to 2022-06-29T00:00:00+00:00, run_after=2022-06-30T00:00:00+00:00
[2022-06-30 00:12:41,518] {processor.py:161} INFO - Processing /home/airflow/.local/lib/python3.7/site-packages/airflow/example_dags/example_branch_labels.py took 0.237 seconds
[2022-06-30 00:13:11,645] {processor.py:153} INFO - Started process (PID=597) to work on /home/airflow/.local/lib/python3.7/site-packages/airflow/example_dags/example_branch_labels.py
[2022-06-30 00:13:11,646] {processor.py:641} INFO - Processing file /home/airflow/.local/lib/python3.7/site-packages/airflow/example_dags/example_branch_labels.py for tasks to queue
[2022-06-30 00:13:11,648] {logging_mixin.py:115} INFO - [2022-06-30 00:13:11,647] {dagbag.py:507} INFO - Filling up the DagBag from /home/airflow/.local/lib/python3.7/site-packages/airflow/example_dags/example_branch_labels.py
[2022-06-30 00:13:11,657] {processor.py:651} INFO - DAG(s) dict_keys(['example_branch_labels']) retrieved from /home/airflow/.local/lib/python3.7/site-packages/airflow/example_dags/example_branch_labels.py
[2022-06-30 00:13:11,693] {logging_mixin.py:115} INFO - [2022-06-30 00:13:11,693] {dag.py:2371} INFO - Sync 1 DAGs
[2022-06-30 00:13:11,886] {logging_mixin.py:115} INFO - [2022-06-30 00:13:11,886] {dag.py:2919} INFO - Setting next_dagrun for example_branch_labels to 2022-06-29T00:00:00+00:00, run_after=2022-06-30T00:00:00+00:00
[2022-06-30 00:13:11,902] {processor.py:161} INFO - Processing /home/airflow/.local/lib/python3.7/site-packages/airflow/example_dags/example_branch_labels.py took 0.264 seconds
[2022-06-30 00:13:42,200] {processor.py:153} INFO - Started process (PID=664) to work on /home/airflow/.local/lib/python3.7/site-packages/airflow/example_dags/example_branch_labels.py
[2022-06-30 00:13:42,201] {processor.py:641} INFO - Processing file /home/airflow/.local/lib/python3.7/site-packages/airflow/example_dags/example_branch_labels.py for tasks to queue
[2022-06-30 00:13:42,202] {logging_mixin.py:115} INFO - [2022-06-30 00:13:42,202] {dagbag.py:507} INFO - Filling up the DagBag from /home/airflow/.local/lib/python3.7/site-packages/airflow/example_dags/example_branch_labels.py
[2022-06-30 00:13:42,214] {processor.py:651} INFO - DAG(s) dict_keys(['example_branch_labels']) retrieved from /home/airflow/.local/lib/python3.7/site-packages/airflow/example_dags/example_branch_labels.py
[2022-06-30 00:13:42,255] {logging_mixin.py:115} INFO - [2022-06-30 00:13:42,254] {dag.py:2371} INFO - Sync 1 DAGs
[2022-06-30 00:13:42,423] {logging_mixin.py:115} INFO - [2022-06-30 00:13:42,423] {dag.py:2919} INFO - Setting next_dagrun for example_branch_labels to 2022-06-29T00:00:00+00:00, run_after=2022-06-30T00:00:00+00:00
[2022-06-30 00:13:42,436] {processor.py:161} INFO - Processing /home/airflow/.local/lib/python3.7/site-packages/airflow/example_dags/example_branch_labels.py took 0.243 seconds
[2022-06-30 00:14:13,113] {processor.py:153} INFO - Started process (PID=719) to work on /home/airflow/.local/lib/python3.7/site-packages/airflow/example_dags/example_branch_labels.py
[2022-06-30 00:14:13,115] {processor.py:641} INFO - Processing file /home/airflow/.local/lib/python3.7/site-packages/airflow/example_dags/example_branch_labels.py for tasks to queue
[2022-06-30 00:14:13,116] {logging_mixin.py:115} INFO - [2022-06-30 00:14:13,116] {dagbag.py:507} INFO - Filling up the DagBag from /home/airflow/.local/lib/python3.7/site-packages/airflow/example_dags/example_branch_labels.py
[2022-06-30 00:14:13,125] {processor.py:651} INFO - DAG(s) dict_keys(['example_branch_labels']) retrieved from /home/airflow/.local/lib/python3.7/site-packages/airflow/example_dags/example_branch_labels.py
[2022-06-30 00:14:13,163] {logging_mixin.py:115} INFO - [2022-06-30 00:14:13,163] {dag.py:2371} INFO - Sync 1 DAGs
[2022-06-30 00:14:13,328] {logging_mixin.py:115} INFO - [2022-06-30 00:14:13,328] {dag.py:2919} INFO - Setting next_dagrun for example_branch_labels to 2022-06-29T00:00:00+00:00, run_after=2022-06-30T00:00:00+00:00
[2022-06-30 00:14:13,342] {processor.py:161} INFO - Processing /home/airflow/.local/lib/python3.7/site-packages/airflow/example_dags/example_branch_labels.py took 0.234 seconds
[2022-06-30 00:14:43,802] {processor.py:153} INFO - Started process (PID=783) to work on /home/airflow/.local/lib/python3.7/site-packages/airflow/example_dags/example_branch_labels.py
[2022-06-30 00:14:43,804] {processor.py:641} INFO - Processing file /home/airflow/.local/lib/python3.7/site-packages/airflow/example_dags/example_branch_labels.py for tasks to queue
[2022-06-30 00:14:43,806] {logging_mixin.py:115} INFO - [2022-06-30 00:14:43,806] {dagbag.py:507} INFO - Filling up the DagBag from /home/airflow/.local/lib/python3.7/site-packages/airflow/example_dags/example_branch_labels.py
[2022-06-30 00:14:43,816] {processor.py:651} INFO - DAG(s) dict_keys(['example_branch_labels']) retrieved from /home/airflow/.local/lib/python3.7/site-packages/airflow/example_dags/example_branch_labels.py
[2022-06-30 00:14:43,856] {logging_mixin.py:115} INFO - [2022-06-30 00:14:43,856] {dag.py:2371} INFO - Sync 1 DAGs
[2022-06-30 00:14:44,026] {logging_mixin.py:115} INFO - [2022-06-30 00:14:44,026] {dag.py:2919} INFO - Setting next_dagrun for example_branch_labels to 2022-06-29T00:00:00+00:00, run_after=2022-06-30T00:00:00+00:00
[2022-06-30 00:14:44,042] {processor.py:161} INFO - Processing /home/airflow/.local/lib/python3.7/site-packages/airflow/example_dags/example_branch_labels.py took 0.246 seconds
[2022-06-30 00:15:14,413] {processor.py:153} INFO - Started process (PID=847) to work on /home/airflow/.local/lib/python3.7/site-packages/airflow/example_dags/example_branch_labels.py
[2022-06-30 00:15:14,414] {processor.py:641} INFO - Processing file /home/airflow/.local/lib/python3.7/site-packages/airflow/example_dags/example_branch_labels.py for tasks to queue
[2022-06-30 00:15:14,418] {logging_mixin.py:115} INFO - [2022-06-30 00:15:14,417] {dagbag.py:507} INFO - Filling up the DagBag from /home/airflow/.local/lib/python3.7/site-packages/airflow/example_dags/example_branch_labels.py
[2022-06-30 00:15:14,431] {processor.py:651} INFO - DAG(s) dict_keys(['example_branch_labels']) retrieved from /home/airflow/.local/lib/python3.7/site-packages/airflow/example_dags/example_branch_labels.py
[2022-06-30 00:15:14,482] {logging_mixin.py:115} INFO - [2022-06-30 00:15:14,481] {dag.py:2371} INFO - Sync 1 DAGs
[2022-06-30 00:15:14,660] {logging_mixin.py:115} INFO - [2022-06-30 00:15:14,660] {dag.py:2919} INFO - Setting next_dagrun for example_branch_labels to 2022-06-29T00:00:00+00:00, run_after=2022-06-30T00:00:00+00:00
[2022-06-30 00:15:14,679] {processor.py:161} INFO - Processing /home/airflow/.local/lib/python3.7/site-packages/airflow/example_dags/example_branch_labels.py took 0.272 seconds
[2022-06-30 00:15:45,143] {processor.py:153} INFO - Started process (PID=903) to work on /home/airflow/.local/lib/python3.7/site-packages/airflow/example_dags/example_branch_labels.py
[2022-06-30 00:15:45,147] {processor.py:641} INFO - Processing file /home/airflow/.local/lib/python3.7/site-packages/airflow/example_dags/example_branch_labels.py for tasks to queue
[2022-06-30 00:15:45,150] {logging_mixin.py:115} INFO - [2022-06-30 00:15:45,150] {dagbag.py:507} INFO - Filling up the DagBag from /home/airflow/.local/lib/python3.7/site-packages/airflow/example_dags/example_branch_labels.py
[2022-06-30 00:15:45,165] {processor.py:651} INFO - DAG(s) dict_keys(['example_branch_labels']) retrieved from /home/airflow/.local/lib/python3.7/site-packages/airflow/example_dags/example_branch_labels.py
[2022-06-30 00:15:45,216] {logging_mixin.py:115} INFO - [2022-06-30 00:15:45,216] {dag.py:2371} INFO - Sync 1 DAGs
[2022-06-30 00:15:45,393] {logging_mixin.py:115} INFO - [2022-06-30 00:15:45,393] {dag.py:2919} INFO - Setting next_dagrun for example_branch_labels to 2022-06-29T00:00:00+00:00, run_after=2022-06-30T00:00:00+00:00
[2022-06-30 00:15:45,412] {processor.py:161} INFO - Processing /home/airflow/.local/lib/python3.7/site-packages/airflow/example_dags/example_branch_labels.py took 0.277 seconds
[2022-06-30 00:16:15,467] {processor.py:153} INFO - Started process (PID=966) to work on /home/airflow/.local/lib/python3.7/site-packages/airflow/example_dags/example_branch_labels.py
[2022-06-30 00:16:15,469] {processor.py:641} INFO - Processing file /home/airflow/.local/lib/python3.7/site-packages/airflow/example_dags/example_branch_labels.py for tasks to queue
[2022-06-30 00:16:15,471] {logging_mixin.py:115} INFO - [2022-06-30 00:16:15,471] {dagbag.py:507} INFO - Filling up the DagBag from /home/airflow/.local/lib/python3.7/site-packages/airflow/example_dags/example_branch_labels.py
[2022-06-30 00:16:15,480] {processor.py:651} INFO - DAG(s) dict_keys(['example_branch_labels']) retrieved from /home/airflow/.local/lib/python3.7/site-packages/airflow/example_dags/example_branch_labels.py
[2022-06-30 00:16:15,523] {logging_mixin.py:115} INFO - [2022-06-30 00:16:15,523] {dag.py:2371} INFO - Sync 1 DAGs
[2022-06-30 00:16:15,697] {logging_mixin.py:115} INFO - [2022-06-30 00:16:15,697] {dag.py:2919} INFO - Setting next_dagrun for example_branch_labels to 2022-06-29T00:00:00+00:00, run_after=2022-06-30T00:00:00+00:00
[2022-06-30 00:16:15,713] {processor.py:161} INFO - Processing /home/airflow/.local/lib/python3.7/site-packages/airflow/example_dags/example_branch_labels.py took 0.250 seconds
[2022-06-30 00:16:46,477] {processor.py:153} INFO - Started process (PID=1020) to work on /home/airflow/.local/lib/python3.7/site-packages/airflow/example_dags/example_branch_labels.py
[2022-06-30 00:16:46,478] {processor.py:641} INFO - Processing file /home/airflow/.local/lib/python3.7/site-packages/airflow/example_dags/example_branch_labels.py for tasks to queue
[2022-06-30 00:16:46,480] {logging_mixin.py:115} INFO - [2022-06-30 00:16:46,479] {dagbag.py:507} INFO - Filling up the DagBag from /home/airflow/.local/lib/python3.7/site-packages/airflow/example_dags/example_branch_labels.py
[2022-06-30 00:16:46,491] {processor.py:651} INFO - DAG(s) dict_keys(['example_branch_labels']) retrieved from /home/airflow/.local/lib/python3.7/site-packages/airflow/example_dags/example_branch_labels.py
[2022-06-30 00:16:46,584] {logging_mixin.py:115} INFO - [2022-06-30 00:16:46,584] {dag.py:2371} INFO - Sync 1 DAGs
[2022-06-30 00:16:46,821] {logging_mixin.py:115} INFO - [2022-06-30 00:16:46,821] {dag.py:2919} INFO - Setting next_dagrun for example_branch_labels to 2022-06-29T00:00:00+00:00, run_after=2022-06-30T00:00:00+00:00
[2022-06-30 00:16:46,839] {processor.py:161} INFO - Processing /home/airflow/.local/lib/python3.7/site-packages/airflow/example_dags/example_branch_labels.py took 0.369 seconds
