[2022-06-30 00:08:37,020] {processor.py:153} INFO - Started process (PID=73) to work on /home/airflow/.local/lib/python3.7/site-packages/airflow/example_dags/example_bash_operator.py
[2022-06-30 00:08:37,027] {processor.py:641} INFO - Processing file /home/airflow/.local/lib/python3.7/site-packages/airflow/example_dags/example_bash_operator.py for tasks to queue
[2022-06-30 00:08:37,031] {logging_mixin.py:115} INFO - [2022-06-30 00:08:37,031] {dagbag.py:507} INFO - Filling up the DagBag from /home/airflow/.local/lib/python3.7/site-packages/airflow/example_dags/example_bash_operator.py
[2022-06-30 00:08:37,117] {processor.py:651} INFO - DAG(s) dict_keys(['example_bash_operator']) retrieved from /home/airflow/.local/lib/python3.7/site-packages/airflow/example_dags/example_bash_operator.py
[2022-06-30 00:08:37,732] {logging_mixin.py:115} INFO - [2022-06-30 00:08:37,732] {manager.py:508} INFO - Created Permission View: can delete on DAG:example_bash_operator
[2022-06-30 00:08:37,772] {logging_mixin.py:115} INFO - [2022-06-30 00:08:37,772] {manager.py:508} INFO - Created Permission View: can read on DAG:example_bash_operator
[2022-06-30 00:08:37,795] {logging_mixin.py:115} INFO - [2022-06-30 00:08:37,795] {manager.py:508} INFO - Created Permission View: can edit on DAG:example_bash_operator
[2022-06-30 00:08:37,796] {logging_mixin.py:115} INFO - [2022-06-30 00:08:37,796] {dag.py:2371} INFO - Sync 1 DAGs
[2022-06-30 00:08:37,832] {logging_mixin.py:115} INFO - [2022-06-30 00:08:37,832] {dag.py:2390} INFO - Creating ORM DAG for example_bash_operator
[2022-06-30 00:08:37,904] {logging_mixin.py:115} INFO - [2022-06-30 00:08:37,904] {dag.py:2919} INFO - Setting next_dagrun for example_bash_operator to 2022-06-29T00:00:00+00:00, run_after=2022-06-30T00:00:00+00:00
[2022-06-30 00:08:37,947] {processor.py:161} INFO - Processing /home/airflow/.local/lib/python3.7/site-packages/airflow/example_dags/example_bash_operator.py took 0.952 seconds
[2022-06-30 00:09:08,204] {processor.py:153} INFO - Started process (PID=128) to work on /home/airflow/.local/lib/python3.7/site-packages/airflow/example_dags/example_bash_operator.py
[2022-06-30 00:09:08,207] {processor.py:641} INFO - Processing file /home/airflow/.local/lib/python3.7/site-packages/airflow/example_dags/example_bash_operator.py for tasks to queue
[2022-06-30 00:09:08,208] {logging_mixin.py:115} INFO - [2022-06-30 00:09:08,208] {dagbag.py:507} INFO - Filling up the DagBag from /home/airflow/.local/lib/python3.7/site-packages/airflow/example_dags/example_bash_operator.py
[2022-06-30 00:09:08,234] {processor.py:651} INFO - DAG(s) dict_keys(['example_bash_operator']) retrieved from /home/airflow/.local/lib/python3.7/site-packages/airflow/example_dags/example_bash_operator.py
[2022-06-30 00:09:08,276] {logging_mixin.py:115} INFO - [2022-06-30 00:09:08,276] {dag.py:2371} INFO - Sync 1 DAGs
[2022-06-30 00:09:08,463] {logging_mixin.py:115} INFO - [2022-06-30 00:09:08,463] {dag.py:2919} INFO - Setting next_dagrun for example_bash_operator to 2022-06-29T00:00:00+00:00, run_after=2022-06-30T00:00:00+00:00
[2022-06-30 00:09:08,480] {processor.py:161} INFO - Processing /home/airflow/.local/lib/python3.7/site-packages/airflow/example_dags/example_bash_operator.py took 0.282 seconds
[2022-06-30 00:09:38,693] {processor.py:153} INFO - Started process (PID=192) to work on /home/airflow/.local/lib/python3.7/site-packages/airflow/example_dags/example_bash_operator.py
[2022-06-30 00:09:38,699] {processor.py:641} INFO - Processing file /home/airflow/.local/lib/python3.7/site-packages/airflow/example_dags/example_bash_operator.py for tasks to queue
[2022-06-30 00:09:38,703] {logging_mixin.py:115} INFO - [2022-06-30 00:09:38,702] {dagbag.py:507} INFO - Filling up the DagBag from /home/airflow/.local/lib/python3.7/site-packages/airflow/example_dags/example_bash_operator.py
[2022-06-30 00:09:38,732] {processor.py:651} INFO - DAG(s) dict_keys(['example_bash_operator']) retrieved from /home/airflow/.local/lib/python3.7/site-packages/airflow/example_dags/example_bash_operator.py
[2022-06-30 00:09:38,795] {logging_mixin.py:115} INFO - [2022-06-30 00:09:38,795] {dag.py:2371} INFO - Sync 1 DAGs
[2022-06-30 00:09:38,980] {logging_mixin.py:115} INFO - [2022-06-30 00:09:38,980] {dag.py:2919} INFO - Setting next_dagrun for example_bash_operator to 2022-06-29T00:00:00+00:00, run_after=2022-06-30T00:00:00+00:00
[2022-06-30 00:09:39,004] {processor.py:161} INFO - Processing /home/airflow/.local/lib/python3.7/site-packages/airflow/example_dags/example_bash_operator.py took 0.317 seconds
[2022-06-30 00:10:09,279] {processor.py:153} INFO - Started process (PID=246) to work on /home/airflow/.local/lib/python3.7/site-packages/airflow/example_dags/example_bash_operator.py
[2022-06-30 00:10:09,280] {processor.py:641} INFO - Processing file /home/airflow/.local/lib/python3.7/site-packages/airflow/example_dags/example_bash_operator.py for tasks to queue
[2022-06-30 00:10:09,282] {logging_mixin.py:115} INFO - [2022-06-30 00:10:09,281] {dagbag.py:507} INFO - Filling up the DagBag from /home/airflow/.local/lib/python3.7/site-packages/airflow/example_dags/example_bash_operator.py
[2022-06-30 00:10:09,297] {processor.py:651} INFO - DAG(s) dict_keys(['example_bash_operator']) retrieved from /home/airflow/.local/lib/python3.7/site-packages/airflow/example_dags/example_bash_operator.py
[2022-06-30 00:10:09,338] {logging_mixin.py:115} INFO - [2022-06-30 00:10:09,338] {dag.py:2371} INFO - Sync 1 DAGs
[2022-06-30 00:10:09,504] {logging_mixin.py:115} INFO - [2022-06-30 00:10:09,504] {dag.py:2919} INFO - Setting next_dagrun for example_bash_operator to 2022-06-29T00:00:00+00:00, run_after=2022-06-30T00:00:00+00:00
[2022-06-30 00:10:09,520] {processor.py:161} INFO - Processing /home/airflow/.local/lib/python3.7/site-packages/airflow/example_dags/example_bash_operator.py took 0.245 seconds
[2022-06-30 00:10:39,853] {processor.py:153} INFO - Started process (PID=299) to work on /home/airflow/.local/lib/python3.7/site-packages/airflow/example_dags/example_bash_operator.py
[2022-06-30 00:10:39,854] {processor.py:641} INFO - Processing file /home/airflow/.local/lib/python3.7/site-packages/airflow/example_dags/example_bash_operator.py for tasks to queue
[2022-06-30 00:10:39,855] {logging_mixin.py:115} INFO - [2022-06-30 00:10:39,855] {dagbag.py:507} INFO - Filling up the DagBag from /home/airflow/.local/lib/python3.7/site-packages/airflow/example_dags/example_bash_operator.py
[2022-06-30 00:10:39,874] {processor.py:651} INFO - DAG(s) dict_keys(['example_bash_operator']) retrieved from /home/airflow/.local/lib/python3.7/site-packages/airflow/example_dags/example_bash_operator.py
[2022-06-30 00:10:39,930] {logging_mixin.py:115} INFO - [2022-06-30 00:10:39,929] {dag.py:2371} INFO - Sync 1 DAGs
[2022-06-30 00:10:40,117] {logging_mixin.py:115} INFO - [2022-06-30 00:10:40,117] {dag.py:2919} INFO - Setting next_dagrun for example_bash_operator to 2022-06-29T00:00:00+00:00, run_after=2022-06-30T00:00:00+00:00
[2022-06-30 00:10:40,138] {processor.py:161} INFO - Processing /home/airflow/.local/lib/python3.7/site-packages/airflow/example_dags/example_bash_operator.py took 0.290 seconds
[2022-06-30 00:11:10,371] {processor.py:153} INFO - Started process (PID=363) to work on /home/airflow/.local/lib/python3.7/site-packages/airflow/example_dags/example_bash_operator.py
[2022-06-30 00:11:10,372] {processor.py:641} INFO - Processing file /home/airflow/.local/lib/python3.7/site-packages/airflow/example_dags/example_bash_operator.py for tasks to queue
[2022-06-30 00:11:10,374] {logging_mixin.py:115} INFO - [2022-06-30 00:11:10,374] {dagbag.py:507} INFO - Filling up the DagBag from /home/airflow/.local/lib/python3.7/site-packages/airflow/example_dags/example_bash_operator.py
[2022-06-30 00:11:10,389] {processor.py:651} INFO - DAG(s) dict_keys(['example_bash_operator']) retrieved from /home/airflow/.local/lib/python3.7/site-packages/airflow/example_dags/example_bash_operator.py
[2022-06-30 00:11:10,431] {logging_mixin.py:115} INFO - [2022-06-30 00:11:10,431] {dag.py:2371} INFO - Sync 1 DAGs
[2022-06-30 00:11:10,599] {logging_mixin.py:115} INFO - [2022-06-30 00:11:10,599] {dag.py:2919} INFO - Setting next_dagrun for example_bash_operator to 2022-06-29T00:00:00+00:00, run_after=2022-06-30T00:00:00+00:00
[2022-06-30 00:11:10,619] {processor.py:161} INFO - Processing /home/airflow/.local/lib/python3.7/site-packages/airflow/example_dags/example_bash_operator.py took 0.252 seconds
[2022-06-30 00:11:41,117] {processor.py:153} INFO - Started process (PID=428) to work on /home/airflow/.local/lib/python3.7/site-packages/airflow/example_dags/example_bash_operator.py
[2022-06-30 00:11:41,118] {processor.py:641} INFO - Processing file /home/airflow/.local/lib/python3.7/site-packages/airflow/example_dags/example_bash_operator.py for tasks to queue
[2022-06-30 00:11:41,120] {logging_mixin.py:115} INFO - [2022-06-30 00:11:41,120] {dagbag.py:507} INFO - Filling up the DagBag from /home/airflow/.local/lib/python3.7/site-packages/airflow/example_dags/example_bash_operator.py
[2022-06-30 00:11:41,141] {processor.py:651} INFO - DAG(s) dict_keys(['example_bash_operator']) retrieved from /home/airflow/.local/lib/python3.7/site-packages/airflow/example_dags/example_bash_operator.py
[2022-06-30 00:11:41,199] {logging_mixin.py:115} INFO - [2022-06-30 00:11:41,198] {dag.py:2371} INFO - Sync 1 DAGs
[2022-06-30 00:11:41,380] {logging_mixin.py:115} INFO - [2022-06-30 00:11:41,380] {dag.py:2919} INFO - Setting next_dagrun for example_bash_operator to 2022-06-29T00:00:00+00:00, run_after=2022-06-30T00:00:00+00:00
[2022-06-30 00:11:41,395] {processor.py:161} INFO - Processing /home/airflow/.local/lib/python3.7/site-packages/airflow/example_dags/example_bash_operator.py took 0.283 seconds
[2022-06-30 00:12:12,178] {processor.py:153} INFO - Started process (PID=482) to work on /home/airflow/.local/lib/python3.7/site-packages/airflow/example_dags/example_bash_operator.py
[2022-06-30 00:12:12,180] {processor.py:641} INFO - Processing file /home/airflow/.local/lib/python3.7/site-packages/airflow/example_dags/example_bash_operator.py for tasks to queue
[2022-06-30 00:12:12,182] {logging_mixin.py:115} INFO - [2022-06-30 00:12:12,181] {dagbag.py:507} INFO - Filling up the DagBag from /home/airflow/.local/lib/python3.7/site-packages/airflow/example_dags/example_bash_operator.py
[2022-06-30 00:12:12,205] {processor.py:651} INFO - DAG(s) dict_keys(['example_bash_operator']) retrieved from /home/airflow/.local/lib/python3.7/site-packages/airflow/example_dags/example_bash_operator.py
[2022-06-30 00:12:12,262] {logging_mixin.py:115} INFO - [2022-06-30 00:12:12,262] {dag.py:2371} INFO - Sync 1 DAGs
[2022-06-30 00:12:12,549] {logging_mixin.py:115} INFO - [2022-06-30 00:12:12,549] {dag.py:2919} INFO - Setting next_dagrun for example_bash_operator to 2022-06-29T00:00:00+00:00, run_after=2022-06-30T00:00:00+00:00
[2022-06-30 00:12:12,572] {processor.py:161} INFO - Processing /home/airflow/.local/lib/python3.7/site-packages/airflow/example_dags/example_bash_operator.py took 0.401 seconds
[2022-06-30 00:12:42,841] {processor.py:153} INFO - Started process (PID=546) to work on /home/airflow/.local/lib/python3.7/site-packages/airflow/example_dags/example_bash_operator.py
[2022-06-30 00:12:42,842] {processor.py:641} INFO - Processing file /home/airflow/.local/lib/python3.7/site-packages/airflow/example_dags/example_bash_operator.py for tasks to queue
[2022-06-30 00:12:42,844] {logging_mixin.py:115} INFO - [2022-06-30 00:12:42,844] {dagbag.py:507} INFO - Filling up the DagBag from /home/airflow/.local/lib/python3.7/site-packages/airflow/example_dags/example_bash_operator.py
[2022-06-30 00:12:42,860] {processor.py:651} INFO - DAG(s) dict_keys(['example_bash_operator']) retrieved from /home/airflow/.local/lib/python3.7/site-packages/airflow/example_dags/example_bash_operator.py
[2022-06-30 00:12:42,901] {logging_mixin.py:115} INFO - [2022-06-30 00:12:42,901] {dag.py:2371} INFO - Sync 1 DAGs
[2022-06-30 00:12:43,071] {logging_mixin.py:115} INFO - [2022-06-30 00:12:43,071] {dag.py:2919} INFO - Setting next_dagrun for example_bash_operator to 2022-06-29T00:00:00+00:00, run_after=2022-06-30T00:00:00+00:00
[2022-06-30 00:12:43,088] {processor.py:161} INFO - Processing /home/airflow/.local/lib/python3.7/site-packages/airflow/example_dags/example_bash_operator.py took 0.252 seconds
[2022-06-30 00:13:13,292] {processor.py:153} INFO - Started process (PID=601) to work on /home/airflow/.local/lib/python3.7/site-packages/airflow/example_dags/example_bash_operator.py
[2022-06-30 00:13:13,294] {processor.py:641} INFO - Processing file /home/airflow/.local/lib/python3.7/site-packages/airflow/example_dags/example_bash_operator.py for tasks to queue
[2022-06-30 00:13:13,296] {logging_mixin.py:115} INFO - [2022-06-30 00:13:13,296] {dagbag.py:507} INFO - Filling up the DagBag from /home/airflow/.local/lib/python3.7/site-packages/airflow/example_dags/example_bash_operator.py
[2022-06-30 00:13:13,317] {processor.py:651} INFO - DAG(s) dict_keys(['example_bash_operator']) retrieved from /home/airflow/.local/lib/python3.7/site-packages/airflow/example_dags/example_bash_operator.py
[2022-06-30 00:13:13,362] {logging_mixin.py:115} INFO - [2022-06-30 00:13:13,362] {dag.py:2371} INFO - Sync 1 DAGs
[2022-06-30 00:13:13,537] {logging_mixin.py:115} INFO - [2022-06-30 00:13:13,537] {dag.py:2919} INFO - Setting next_dagrun for example_bash_operator to 2022-06-29T00:00:00+00:00, run_after=2022-06-30T00:00:00+00:00
[2022-06-30 00:13:13,552] {processor.py:161} INFO - Processing /home/airflow/.local/lib/python3.7/site-packages/airflow/example_dags/example_bash_operator.py took 0.268 seconds
[2022-06-30 00:13:43,810] {processor.py:153} INFO - Started process (PID=668) to work on /home/airflow/.local/lib/python3.7/site-packages/airflow/example_dags/example_bash_operator.py
[2022-06-30 00:13:43,811] {processor.py:641} INFO - Processing file /home/airflow/.local/lib/python3.7/site-packages/airflow/example_dags/example_bash_operator.py for tasks to queue
[2022-06-30 00:13:43,813] {logging_mixin.py:115} INFO - [2022-06-30 00:13:43,813] {dagbag.py:507} INFO - Filling up the DagBag from /home/airflow/.local/lib/python3.7/site-packages/airflow/example_dags/example_bash_operator.py
[2022-06-30 00:13:43,829] {processor.py:651} INFO - DAG(s) dict_keys(['example_bash_operator']) retrieved from /home/airflow/.local/lib/python3.7/site-packages/airflow/example_dags/example_bash_operator.py
[2022-06-30 00:13:43,866] {logging_mixin.py:115} INFO - [2022-06-30 00:13:43,866] {dag.py:2371} INFO - Sync 1 DAGs
[2022-06-30 00:13:44,033] {logging_mixin.py:115} INFO - [2022-06-30 00:13:44,033] {dag.py:2919} INFO - Setting next_dagrun for example_bash_operator to 2022-06-29T00:00:00+00:00, run_after=2022-06-30T00:00:00+00:00
[2022-06-30 00:13:44,048] {processor.py:161} INFO - Processing /home/airflow/.local/lib/python3.7/site-packages/airflow/example_dags/example_bash_operator.py took 0.243 seconds
[2022-06-30 00:14:14,680] {processor.py:153} INFO - Started process (PID=732) to work on /home/airflow/.local/lib/python3.7/site-packages/airflow/example_dags/example_bash_operator.py
[2022-06-30 00:14:14,682] {processor.py:641} INFO - Processing file /home/airflow/.local/lib/python3.7/site-packages/airflow/example_dags/example_bash_operator.py for tasks to queue
[2022-06-30 00:14:14,683] {logging_mixin.py:115} INFO - [2022-06-30 00:14:14,683] {dagbag.py:507} INFO - Filling up the DagBag from /home/airflow/.local/lib/python3.7/site-packages/airflow/example_dags/example_bash_operator.py
[2022-06-30 00:14:14,701] {processor.py:651} INFO - DAG(s) dict_keys(['example_bash_operator']) retrieved from /home/airflow/.local/lib/python3.7/site-packages/airflow/example_dags/example_bash_operator.py
[2022-06-30 00:14:14,745] {logging_mixin.py:115} INFO - [2022-06-30 00:14:14,745] {dag.py:2371} INFO - Sync 1 DAGs
[2022-06-30 00:14:14,933] {logging_mixin.py:115} INFO - [2022-06-30 00:14:14,933] {dag.py:2919} INFO - Setting next_dagrun for example_bash_operator to 2022-06-29T00:00:00+00:00, run_after=2022-06-30T00:00:00+00:00
[2022-06-30 00:14:14,947] {processor.py:161} INFO - Processing /home/airflow/.local/lib/python3.7/site-packages/airflow/example_dags/example_bash_operator.py took 0.275 seconds
[2022-06-30 00:14:45,377] {processor.py:153} INFO - Started process (PID=786) to work on /home/airflow/.local/lib/python3.7/site-packages/airflow/example_dags/example_bash_operator.py
[2022-06-30 00:14:45,380] {processor.py:641} INFO - Processing file /home/airflow/.local/lib/python3.7/site-packages/airflow/example_dags/example_bash_operator.py for tasks to queue
[2022-06-30 00:14:45,381] {logging_mixin.py:115} INFO - [2022-06-30 00:14:45,381] {dagbag.py:507} INFO - Filling up the DagBag from /home/airflow/.local/lib/python3.7/site-packages/airflow/example_dags/example_bash_operator.py
[2022-06-30 00:14:45,399] {processor.py:651} INFO - DAG(s) dict_keys(['example_bash_operator']) retrieved from /home/airflow/.local/lib/python3.7/site-packages/airflow/example_dags/example_bash_operator.py
[2022-06-30 00:14:45,447] {logging_mixin.py:115} INFO - [2022-06-30 00:14:45,447] {dag.py:2371} INFO - Sync 1 DAGs
[2022-06-30 00:14:45,617] {logging_mixin.py:115} INFO - [2022-06-30 00:14:45,617] {dag.py:2919} INFO - Setting next_dagrun for example_bash_operator to 2022-06-29T00:00:00+00:00, run_after=2022-06-30T00:00:00+00:00
[2022-06-30 00:14:45,633] {processor.py:161} INFO - Processing /home/airflow/.local/lib/python3.7/site-packages/airflow/example_dags/example_bash_operator.py took 0.260 seconds
[2022-06-30 00:15:16,002] {processor.py:153} INFO - Started process (PID=850) to work on /home/airflow/.local/lib/python3.7/site-packages/airflow/example_dags/example_bash_operator.py
[2022-06-30 00:15:16,004] {processor.py:641} INFO - Processing file /home/airflow/.local/lib/python3.7/site-packages/airflow/example_dags/example_bash_operator.py for tasks to queue
[2022-06-30 00:15:16,005] {logging_mixin.py:115} INFO - [2022-06-30 00:15:16,005] {dagbag.py:507} INFO - Filling up the DagBag from /home/airflow/.local/lib/python3.7/site-packages/airflow/example_dags/example_bash_operator.py
[2022-06-30 00:15:16,023] {processor.py:651} INFO - DAG(s) dict_keys(['example_bash_operator']) retrieved from /home/airflow/.local/lib/python3.7/site-packages/airflow/example_dags/example_bash_operator.py
[2022-06-30 00:15:16,064] {logging_mixin.py:115} INFO - [2022-06-30 00:15:16,064] {dag.py:2371} INFO - Sync 1 DAGs
[2022-06-30 00:15:16,234] {logging_mixin.py:115} INFO - [2022-06-30 00:15:16,234] {dag.py:2919} INFO - Setting next_dagrun for example_bash_operator to 2022-06-29T00:00:00+00:00, run_after=2022-06-30T00:00:00+00:00
[2022-06-30 00:15:16,248] {processor.py:161} INFO - Processing /home/airflow/.local/lib/python3.7/site-packages/airflow/example_dags/example_bash_operator.py took 0.251 seconds
[2022-06-30 00:15:46,753] {processor.py:153} INFO - Started process (PID=906) to work on /home/airflow/.local/lib/python3.7/site-packages/airflow/example_dags/example_bash_operator.py
[2022-06-30 00:15:46,756] {processor.py:641} INFO - Processing file /home/airflow/.local/lib/python3.7/site-packages/airflow/example_dags/example_bash_operator.py for tasks to queue
[2022-06-30 00:15:46,759] {logging_mixin.py:115} INFO - [2022-06-30 00:15:46,758] {dagbag.py:507} INFO - Filling up the DagBag from /home/airflow/.local/lib/python3.7/site-packages/airflow/example_dags/example_bash_operator.py
[2022-06-30 00:15:46,789] {processor.py:651} INFO - DAG(s) dict_keys(['example_bash_operator']) retrieved from /home/airflow/.local/lib/python3.7/site-packages/airflow/example_dags/example_bash_operator.py
[2022-06-30 00:15:46,829] {logging_mixin.py:115} INFO - [2022-06-30 00:15:46,829] {dag.py:2371} INFO - Sync 1 DAGs
[2022-06-30 00:15:47,002] {logging_mixin.py:115} INFO - [2022-06-30 00:15:47,002] {dag.py:2919} INFO - Setting next_dagrun for example_bash_operator to 2022-06-29T00:00:00+00:00, run_after=2022-06-30T00:00:00+00:00
[2022-06-30 00:15:47,016] {processor.py:161} INFO - Processing /home/airflow/.local/lib/python3.7/site-packages/airflow/example_dags/example_bash_operator.py took 0.272 seconds
[2022-06-30 00:16:17,371] {processor.py:153} INFO - Started process (PID=969) to work on /home/airflow/.local/lib/python3.7/site-packages/airflow/example_dags/example_bash_operator.py
[2022-06-30 00:16:17,373] {processor.py:641} INFO - Processing file /home/airflow/.local/lib/python3.7/site-packages/airflow/example_dags/example_bash_operator.py for tasks to queue
[2022-06-30 00:16:17,375] {logging_mixin.py:115} INFO - [2022-06-30 00:16:17,375] {dagbag.py:507} INFO - Filling up the DagBag from /home/airflow/.local/lib/python3.7/site-packages/airflow/example_dags/example_bash_operator.py
[2022-06-30 00:16:17,390] {processor.py:651} INFO - DAG(s) dict_keys(['example_bash_operator']) retrieved from /home/airflow/.local/lib/python3.7/site-packages/airflow/example_dags/example_bash_operator.py
[2022-06-30 00:16:17,427] {logging_mixin.py:115} INFO - [2022-06-30 00:16:17,427] {dag.py:2371} INFO - Sync 1 DAGs
[2022-06-30 00:16:17,595] {logging_mixin.py:115} INFO - [2022-06-30 00:16:17,595] {dag.py:2919} INFO - Setting next_dagrun for example_bash_operator to 2022-06-29T00:00:00+00:00, run_after=2022-06-30T00:00:00+00:00
[2022-06-30 00:16:17,610] {processor.py:161} INFO - Processing /home/airflow/.local/lib/python3.7/site-packages/airflow/example_dags/example_bash_operator.py took 0.243 seconds
[2022-06-30 00:16:48,256] {processor.py:153} INFO - Started process (PID=1032) to work on /home/airflow/.local/lib/python3.7/site-packages/airflow/example_dags/example_bash_operator.py
[2022-06-30 00:16:48,258] {processor.py:641} INFO - Processing file /home/airflow/.local/lib/python3.7/site-packages/airflow/example_dags/example_bash_operator.py for tasks to queue
[2022-06-30 00:16:48,268] {logging_mixin.py:115} INFO - [2022-06-30 00:16:48,268] {dagbag.py:507} INFO - Filling up the DagBag from /home/airflow/.local/lib/python3.7/site-packages/airflow/example_dags/example_bash_operator.py
[2022-06-30 00:16:48,284] {processor.py:651} INFO - DAG(s) dict_keys(['example_bash_operator']) retrieved from /home/airflow/.local/lib/python3.7/site-packages/airflow/example_dags/example_bash_operator.py
[2022-06-30 00:16:48,331] {logging_mixin.py:115} INFO - [2022-06-30 00:16:48,331] {dag.py:2371} INFO - Sync 1 DAGs
[2022-06-30 00:16:48,515] {logging_mixin.py:115} INFO - [2022-06-30 00:16:48,515] {dag.py:2919} INFO - Setting next_dagrun for example_bash_operator to 2022-06-29T00:00:00+00:00, run_after=2022-06-30T00:00:00+00:00
[2022-06-30 00:16:48,530] {processor.py:161} INFO - Processing /home/airflow/.local/lib/python3.7/site-packages/airflow/example_dags/example_bash_operator.py took 0.281 seconds
