[2022-06-30 00:08:37,904] {processor.py:153} INFO - Started process (PID=74) to work on /home/airflow/.local/lib/python3.7/site-packages/airflow/example_dags/example_task_group.py
[2022-06-30 00:08:37,907] {processor.py:641} INFO - Processing file /home/airflow/.local/lib/python3.7/site-packages/airflow/example_dags/example_task_group.py for tasks to queue
[2022-06-30 00:08:37,914] {logging_mixin.py:115} INFO - [2022-06-30 00:08:37,913] {dagbag.py:507} INFO - Filling up the DagBag from /home/airflow/.local/lib/python3.7/site-packages/airflow/example_dags/example_task_group.py
[2022-06-30 00:08:37,956] {processor.py:651} INFO - DAG(s) dict_keys(['example_task_group']) retrieved from /home/airflow/.local/lib/python3.7/site-packages/airflow/example_dags/example_task_group.py
[2022-06-30 00:08:38,501] {logging_mixin.py:115} INFO - [2022-06-30 00:08:38,501] {manager.py:508} INFO - Created Permission View: can delete on DAG:example_task_group
[2022-06-30 00:08:38,518] {logging_mixin.py:115} INFO - [2022-06-30 00:08:38,518] {manager.py:508} INFO - Created Permission View: can read on DAG:example_task_group
[2022-06-30 00:08:38,528] {logging_mixin.py:115} INFO - [2022-06-30 00:08:38,528] {manager.py:508} INFO - Created Permission View: can edit on DAG:example_task_group
[2022-06-30 00:08:38,529] {logging_mixin.py:115} INFO - [2022-06-30 00:08:38,529] {dag.py:2371} INFO - Sync 1 DAGs
[2022-06-30 00:08:38,542] {logging_mixin.py:115} INFO - [2022-06-30 00:08:38,542] {dag.py:2390} INFO - Creating ORM DAG for example_task_group
[2022-06-30 00:08:38,561] {logging_mixin.py:115} INFO - [2022-06-30 00:08:38,561] {dag.py:2919} INFO - Setting next_dagrun for example_task_group to 2022-06-29T00:08:38.561176+00:00, run_after=2022-06-30T00:08:38.561176+00:00
[2022-06-30 00:08:38,601] {processor.py:161} INFO - Processing /home/airflow/.local/lib/python3.7/site-packages/airflow/example_dags/example_task_group.py took 0.706 seconds
[2022-06-30 00:09:09,526] {processor.py:153} INFO - Started process (PID=129) to work on /home/airflow/.local/lib/python3.7/site-packages/airflow/example_dags/example_task_group.py
[2022-06-30 00:09:09,529] {processor.py:641} INFO - Processing file /home/airflow/.local/lib/python3.7/site-packages/airflow/example_dags/example_task_group.py for tasks to queue
[2022-06-30 00:09:09,531] {logging_mixin.py:115} INFO - [2022-06-30 00:09:09,531] {dagbag.py:507} INFO - Filling up the DagBag from /home/airflow/.local/lib/python3.7/site-packages/airflow/example_dags/example_task_group.py
[2022-06-30 00:09:09,542] {processor.py:651} INFO - DAG(s) dict_keys(['example_task_group']) retrieved from /home/airflow/.local/lib/python3.7/site-packages/airflow/example_dags/example_task_group.py
[2022-06-30 00:09:09,593] {logging_mixin.py:115} INFO - [2022-06-30 00:09:09,593] {dag.py:2371} INFO - Sync 1 DAGs
[2022-06-30 00:09:09,768] {logging_mixin.py:115} INFO - [2022-06-30 00:09:09,768] {dag.py:2919} INFO - Setting next_dagrun for example_task_group to 2022-06-29T00:09:09.767977+00:00, run_after=2022-06-30T00:09:09.767977+00:00
[2022-06-30 00:09:09,783] {processor.py:161} INFO - Processing /home/airflow/.local/lib/python3.7/site-packages/airflow/example_dags/example_task_group.py took 0.262 seconds
[2022-06-30 00:09:40,019] {processor.py:153} INFO - Started process (PID=193) to work on /home/airflow/.local/lib/python3.7/site-packages/airflow/example_dags/example_task_group.py
[2022-06-30 00:09:40,021] {processor.py:641} INFO - Processing file /home/airflow/.local/lib/python3.7/site-packages/airflow/example_dags/example_task_group.py for tasks to queue
[2022-06-30 00:09:40,023] {logging_mixin.py:115} INFO - [2022-06-30 00:09:40,023] {dagbag.py:507} INFO - Filling up the DagBag from /home/airflow/.local/lib/python3.7/site-packages/airflow/example_dags/example_task_group.py
[2022-06-30 00:09:40,038] {processor.py:651} INFO - DAG(s) dict_keys(['example_task_group']) retrieved from /home/airflow/.local/lib/python3.7/site-packages/airflow/example_dags/example_task_group.py
[2022-06-30 00:09:40,078] {logging_mixin.py:115} INFO - [2022-06-30 00:09:40,078] {dag.py:2371} INFO - Sync 1 DAGs
[2022-06-30 00:09:40,260] {logging_mixin.py:115} INFO - [2022-06-30 00:09:40,260] {dag.py:2919} INFO - Setting next_dagrun for example_task_group to 2022-06-29T00:09:40.260634+00:00, run_after=2022-06-30T00:09:40.260634+00:00
[2022-06-30 00:09:40,277] {processor.py:161} INFO - Processing /home/airflow/.local/lib/python3.7/site-packages/airflow/example_dags/example_task_group.py took 0.263 seconds
[2022-06-30 00:10:10,562] {processor.py:153} INFO - Started process (PID=247) to work on /home/airflow/.local/lib/python3.7/site-packages/airflow/example_dags/example_task_group.py
[2022-06-30 00:10:10,565] {processor.py:641} INFO - Processing file /home/airflow/.local/lib/python3.7/site-packages/airflow/example_dags/example_task_group.py for tasks to queue
[2022-06-30 00:10:10,566] {logging_mixin.py:115} INFO - [2022-06-30 00:10:10,566] {dagbag.py:507} INFO - Filling up the DagBag from /home/airflow/.local/lib/python3.7/site-packages/airflow/example_dags/example_task_group.py
[2022-06-30 00:10:10,579] {processor.py:651} INFO - DAG(s) dict_keys(['example_task_group']) retrieved from /home/airflow/.local/lib/python3.7/site-packages/airflow/example_dags/example_task_group.py
[2022-06-30 00:10:10,652] {logging_mixin.py:115} INFO - [2022-06-30 00:10:10,652] {dag.py:2371} INFO - Sync 1 DAGs
[2022-06-30 00:10:10,820] {logging_mixin.py:115} INFO - [2022-06-30 00:10:10,820] {dag.py:2919} INFO - Setting next_dagrun for example_task_group to 2022-06-29T00:10:10.820239+00:00, run_after=2022-06-30T00:10:10.820239+00:00
[2022-06-30 00:10:10,839] {processor.py:161} INFO - Processing /home/airflow/.local/lib/python3.7/site-packages/airflow/example_dags/example_task_group.py took 0.283 seconds
[2022-06-30 00:10:41,032] {processor.py:153} INFO - Started process (PID=310) to work on /home/airflow/.local/lib/python3.7/site-packages/airflow/example_dags/example_task_group.py
[2022-06-30 00:10:41,036] {processor.py:641} INFO - Processing file /home/airflow/.local/lib/python3.7/site-packages/airflow/example_dags/example_task_group.py for tasks to queue
[2022-06-30 00:10:41,037] {logging_mixin.py:115} INFO - [2022-06-30 00:10:41,037] {dagbag.py:507} INFO - Filling up the DagBag from /home/airflow/.local/lib/python3.7/site-packages/airflow/example_dags/example_task_group.py
[2022-06-30 00:10:41,050] {processor.py:651} INFO - DAG(s) dict_keys(['example_task_group']) retrieved from /home/airflow/.local/lib/python3.7/site-packages/airflow/example_dags/example_task_group.py
[2022-06-30 00:10:41,090] {logging_mixin.py:115} INFO - [2022-06-30 00:10:41,089] {dag.py:2371} INFO - Sync 1 DAGs
[2022-06-30 00:10:41,270] {logging_mixin.py:115} INFO - [2022-06-30 00:10:41,270] {dag.py:2919} INFO - Setting next_dagrun for example_task_group to 2022-06-29T00:10:41.270517+00:00, run_after=2022-06-30T00:10:41.270517+00:00
[2022-06-30 00:10:41,294] {processor.py:161} INFO - Processing /home/airflow/.local/lib/python3.7/site-packages/airflow/example_dags/example_task_group.py took 0.267 seconds
[2022-06-30 00:11:11,429] {processor.py:153} INFO - Started process (PID=364) to work on /home/airflow/.local/lib/python3.7/site-packages/airflow/example_dags/example_task_group.py
[2022-06-30 00:11:11,431] {processor.py:641} INFO - Processing file /home/airflow/.local/lib/python3.7/site-packages/airflow/example_dags/example_task_group.py for tasks to queue
[2022-06-30 00:11:11,433] {logging_mixin.py:115} INFO - [2022-06-30 00:11:11,433] {dagbag.py:507} INFO - Filling up the DagBag from /home/airflow/.local/lib/python3.7/site-packages/airflow/example_dags/example_task_group.py
[2022-06-30 00:11:11,445] {processor.py:651} INFO - DAG(s) dict_keys(['example_task_group']) retrieved from /home/airflow/.local/lib/python3.7/site-packages/airflow/example_dags/example_task_group.py
[2022-06-30 00:11:11,486] {logging_mixin.py:115} INFO - [2022-06-30 00:11:11,486] {dag.py:2371} INFO - Sync 1 DAGs
[2022-06-30 00:11:11,650] {logging_mixin.py:115} INFO - [2022-06-30 00:11:11,650] {dag.py:2919} INFO - Setting next_dagrun for example_task_group to 2022-06-29T00:11:11.650138+00:00, run_after=2022-06-30T00:11:11.650138+00:00
[2022-06-30 00:11:11,671] {processor.py:161} INFO - Processing /home/airflow/.local/lib/python3.7/site-packages/airflow/example_dags/example_task_group.py took 0.247 seconds
[2022-06-30 00:11:42,176] {processor.py:153} INFO - Started process (PID=429) to work on /home/airflow/.local/lib/python3.7/site-packages/airflow/example_dags/example_task_group.py
[2022-06-30 00:11:42,178] {processor.py:641} INFO - Processing file /home/airflow/.local/lib/python3.7/site-packages/airflow/example_dags/example_task_group.py for tasks to queue
[2022-06-30 00:11:42,180] {logging_mixin.py:115} INFO - [2022-06-30 00:11:42,180] {dagbag.py:507} INFO - Filling up the DagBag from /home/airflow/.local/lib/python3.7/site-packages/airflow/example_dags/example_task_group.py
[2022-06-30 00:11:42,193] {processor.py:651} INFO - DAG(s) dict_keys(['example_task_group']) retrieved from /home/airflow/.local/lib/python3.7/site-packages/airflow/example_dags/example_task_group.py
[2022-06-30 00:11:42,237] {logging_mixin.py:115} INFO - [2022-06-30 00:11:42,237] {dag.py:2371} INFO - Sync 1 DAGs
[2022-06-30 00:11:42,478] {logging_mixin.py:115} INFO - [2022-06-30 00:11:42,478] {dag.py:2919} INFO - Setting next_dagrun for example_task_group to 2022-06-29T00:11:42.477751+00:00, run_after=2022-06-30T00:11:42.477751+00:00
[2022-06-30 00:11:42,497] {processor.py:161} INFO - Processing /home/airflow/.local/lib/python3.7/site-packages/airflow/example_dags/example_task_group.py took 0.329 seconds
[2022-06-30 00:12:12,702] {processor.py:153} INFO - Started process (PID=483) to work on /home/airflow/.local/lib/python3.7/site-packages/airflow/example_dags/example_task_group.py
[2022-06-30 00:12:12,707] {processor.py:641} INFO - Processing file /home/airflow/.local/lib/python3.7/site-packages/airflow/example_dags/example_task_group.py for tasks to queue
[2022-06-30 00:12:12,710] {logging_mixin.py:115} INFO - [2022-06-30 00:12:12,709] {dagbag.py:507} INFO - Filling up the DagBag from /home/airflow/.local/lib/python3.7/site-packages/airflow/example_dags/example_task_group.py
[2022-06-30 00:12:12,757] {processor.py:651} INFO - DAG(s) dict_keys(['example_task_group']) retrieved from /home/airflow/.local/lib/python3.7/site-packages/airflow/example_dags/example_task_group.py
[2022-06-30 00:12:12,816] {logging_mixin.py:115} INFO - [2022-06-30 00:12:12,816] {dag.py:2371} INFO - Sync 1 DAGs
[2022-06-30 00:12:13,170] {logging_mixin.py:115} INFO - [2022-06-30 00:12:13,170] {dag.py:2919} INFO - Setting next_dagrun for example_task_group to 2022-06-29T00:12:13.170176+00:00, run_after=2022-06-30T00:12:13.170176+00:00
[2022-06-30 00:12:13,201] {processor.py:161} INFO - Processing /home/airflow/.local/lib/python3.7/site-packages/airflow/example_dags/example_task_group.py took 0.505 seconds
[2022-06-30 00:12:43,923] {processor.py:153} INFO - Started process (PID=547) to work on /home/airflow/.local/lib/python3.7/site-packages/airflow/example_dags/example_task_group.py
[2022-06-30 00:12:43,924] {processor.py:641} INFO - Processing file /home/airflow/.local/lib/python3.7/site-packages/airflow/example_dags/example_task_group.py for tasks to queue
[2022-06-30 00:12:43,926] {logging_mixin.py:115} INFO - [2022-06-30 00:12:43,926] {dagbag.py:507} INFO - Filling up the DagBag from /home/airflow/.local/lib/python3.7/site-packages/airflow/example_dags/example_task_group.py
[2022-06-30 00:12:43,937] {processor.py:651} INFO - DAG(s) dict_keys(['example_task_group']) retrieved from /home/airflow/.local/lib/python3.7/site-packages/airflow/example_dags/example_task_group.py
[2022-06-30 00:12:43,975] {logging_mixin.py:115} INFO - [2022-06-30 00:12:43,975] {dag.py:2371} INFO - Sync 1 DAGs
[2022-06-30 00:12:44,149] {logging_mixin.py:115} INFO - [2022-06-30 00:12:44,149] {dag.py:2919} INFO - Setting next_dagrun for example_task_group to 2022-06-29T00:12:44.149598+00:00, run_after=2022-06-30T00:12:44.149598+00:00
[2022-06-30 00:12:44,163] {processor.py:161} INFO - Processing /home/airflow/.local/lib/python3.7/site-packages/airflow/example_dags/example_task_group.py took 0.245 seconds
[2022-06-30 00:13:14,354] {processor.py:153} INFO - Started process (PID=602) to work on /home/airflow/.local/lib/python3.7/site-packages/airflow/example_dags/example_task_group.py
[2022-06-30 00:13:14,355] {processor.py:641} INFO - Processing file /home/airflow/.local/lib/python3.7/site-packages/airflow/example_dags/example_task_group.py for tasks to queue
[2022-06-30 00:13:14,357] {logging_mixin.py:115} INFO - [2022-06-30 00:13:14,357] {dagbag.py:507} INFO - Filling up the DagBag from /home/airflow/.local/lib/python3.7/site-packages/airflow/example_dags/example_task_group.py
[2022-06-30 00:13:14,369] {processor.py:651} INFO - DAG(s) dict_keys(['example_task_group']) retrieved from /home/airflow/.local/lib/python3.7/site-packages/airflow/example_dags/example_task_group.py
[2022-06-30 00:13:14,408] {logging_mixin.py:115} INFO - [2022-06-30 00:13:14,408] {dag.py:2371} INFO - Sync 1 DAGs
[2022-06-30 00:13:14,605] {logging_mixin.py:115} INFO - [2022-06-30 00:13:14,605] {dag.py:2919} INFO - Setting next_dagrun for example_task_group to 2022-06-29T00:13:14.605250+00:00, run_after=2022-06-30T00:13:14.605250+00:00
[2022-06-30 00:13:14,621] {processor.py:161} INFO - Processing /home/airflow/.local/lib/python3.7/site-packages/airflow/example_dags/example_task_group.py took 0.272 seconds
[2022-06-30 00:13:44,835] {processor.py:153} INFO - Started process (PID=669) to work on /home/airflow/.local/lib/python3.7/site-packages/airflow/example_dags/example_task_group.py
[2022-06-30 00:13:44,837] {processor.py:641} INFO - Processing file /home/airflow/.local/lib/python3.7/site-packages/airflow/example_dags/example_task_group.py for tasks to queue
[2022-06-30 00:13:44,848] {logging_mixin.py:115} INFO - [2022-06-30 00:13:44,847] {dagbag.py:507} INFO - Filling up the DagBag from /home/airflow/.local/lib/python3.7/site-packages/airflow/example_dags/example_task_group.py
[2022-06-30 00:13:44,861] {processor.py:651} INFO - DAG(s) dict_keys(['example_task_group']) retrieved from /home/airflow/.local/lib/python3.7/site-packages/airflow/example_dags/example_task_group.py
[2022-06-30 00:13:44,921] {logging_mixin.py:115} INFO - [2022-06-30 00:13:44,921] {dag.py:2371} INFO - Sync 1 DAGs
[2022-06-30 00:13:45,086] {logging_mixin.py:115} INFO - [2022-06-30 00:13:45,086] {dag.py:2919} INFO - Setting next_dagrun for example_task_group to 2022-06-29T00:13:45.085892+00:00, run_after=2022-06-30T00:13:45.085892+00:00
[2022-06-30 00:13:45,100] {processor.py:161} INFO - Processing /home/airflow/.local/lib/python3.7/site-packages/airflow/example_dags/example_task_group.py took 0.270 seconds
[2022-06-30 00:14:15,709] {processor.py:153} INFO - Started process (PID=733) to work on /home/airflow/.local/lib/python3.7/site-packages/airflow/example_dags/example_task_group.py
[2022-06-30 00:14:15,711] {processor.py:641} INFO - Processing file /home/airflow/.local/lib/python3.7/site-packages/airflow/example_dags/example_task_group.py for tasks to queue
[2022-06-30 00:14:15,712] {logging_mixin.py:115} INFO - [2022-06-30 00:14:15,712] {dagbag.py:507} INFO - Filling up the DagBag from /home/airflow/.local/lib/python3.7/site-packages/airflow/example_dags/example_task_group.py
[2022-06-30 00:14:15,724] {processor.py:651} INFO - DAG(s) dict_keys(['example_task_group']) retrieved from /home/airflow/.local/lib/python3.7/site-packages/airflow/example_dags/example_task_group.py
[2022-06-30 00:14:15,763] {logging_mixin.py:115} INFO - [2022-06-30 00:14:15,763] {dag.py:2371} INFO - Sync 1 DAGs
[2022-06-30 00:14:15,936] {logging_mixin.py:115} INFO - [2022-06-30 00:14:15,936] {dag.py:2919} INFO - Setting next_dagrun for example_task_group to 2022-06-29T00:14:15.935843+00:00, run_after=2022-06-30T00:14:15.935843+00:00
[2022-06-30 00:14:15,950] {processor.py:161} INFO - Processing /home/airflow/.local/lib/python3.7/site-packages/airflow/example_dags/example_task_group.py took 0.247 seconds
[2022-06-30 00:14:46,390] {processor.py:153} INFO - Started process (PID=787) to work on /home/airflow/.local/lib/python3.7/site-packages/airflow/example_dags/example_task_group.py
[2022-06-30 00:14:46,393] {processor.py:641} INFO - Processing file /home/airflow/.local/lib/python3.7/site-packages/airflow/example_dags/example_task_group.py for tasks to queue
[2022-06-30 00:14:46,395] {logging_mixin.py:115} INFO - [2022-06-30 00:14:46,394] {dagbag.py:507} INFO - Filling up the DagBag from /home/airflow/.local/lib/python3.7/site-packages/airflow/example_dags/example_task_group.py
[2022-06-30 00:14:46,407] {processor.py:651} INFO - DAG(s) dict_keys(['example_task_group']) retrieved from /home/airflow/.local/lib/python3.7/site-packages/airflow/example_dags/example_task_group.py
[2022-06-30 00:14:46,446] {logging_mixin.py:115} INFO - [2022-06-30 00:14:46,446] {dag.py:2371} INFO - Sync 1 DAGs
[2022-06-30 00:14:46,640] {logging_mixin.py:115} INFO - [2022-06-30 00:14:46,640] {dag.py:2919} INFO - Setting next_dagrun for example_task_group to 2022-06-29T00:14:46.640313+00:00, run_after=2022-06-30T00:14:46.640313+00:00
[2022-06-30 00:14:46,659] {processor.py:161} INFO - Processing /home/airflow/.local/lib/python3.7/site-packages/airflow/example_dags/example_task_group.py took 0.274 seconds
[2022-06-30 00:15:17,017] {processor.py:153} INFO - Started process (PID=851) to work on /home/airflow/.local/lib/python3.7/site-packages/airflow/example_dags/example_task_group.py
[2022-06-30 00:15:17,019] {processor.py:641} INFO - Processing file /home/airflow/.local/lib/python3.7/site-packages/airflow/example_dags/example_task_group.py for tasks to queue
[2022-06-30 00:15:17,020] {logging_mixin.py:115} INFO - [2022-06-30 00:15:17,020] {dagbag.py:507} INFO - Filling up the DagBag from /home/airflow/.local/lib/python3.7/site-packages/airflow/example_dags/example_task_group.py
[2022-06-30 00:15:17,033] {processor.py:651} INFO - DAG(s) dict_keys(['example_task_group']) retrieved from /home/airflow/.local/lib/python3.7/site-packages/airflow/example_dags/example_task_group.py
[2022-06-30 00:15:17,077] {logging_mixin.py:115} INFO - [2022-06-30 00:15:17,077] {dag.py:2371} INFO - Sync 1 DAGs
[2022-06-30 00:15:17,239] {logging_mixin.py:115} INFO - [2022-06-30 00:15:17,239] {dag.py:2919} INFO - Setting next_dagrun for example_task_group to 2022-06-29T00:15:17.239197+00:00, run_after=2022-06-30T00:15:17.239197+00:00
[2022-06-30 00:15:17,257] {processor.py:161} INFO - Processing /home/airflow/.local/lib/python3.7/site-packages/airflow/example_dags/example_task_group.py took 0.245 seconds
[2022-06-30 00:15:47,819] {processor.py:153} INFO - Started process (PID=907) to work on /home/airflow/.local/lib/python3.7/site-packages/airflow/example_dags/example_task_group.py
[2022-06-30 00:15:47,822] {processor.py:641} INFO - Processing file /home/airflow/.local/lib/python3.7/site-packages/airflow/example_dags/example_task_group.py for tasks to queue
[2022-06-30 00:15:47,823] {logging_mixin.py:115} INFO - [2022-06-30 00:15:47,823] {dagbag.py:507} INFO - Filling up the DagBag from /home/airflow/.local/lib/python3.7/site-packages/airflow/example_dags/example_task_group.py
[2022-06-30 00:15:47,834] {processor.py:651} INFO - DAG(s) dict_keys(['example_task_group']) retrieved from /home/airflow/.local/lib/python3.7/site-packages/airflow/example_dags/example_task_group.py
[2022-06-30 00:15:47,876] {logging_mixin.py:115} INFO - [2022-06-30 00:15:47,876] {dag.py:2371} INFO - Sync 1 DAGs
[2022-06-30 00:15:48,037] {logging_mixin.py:115} INFO - [2022-06-30 00:15:48,037] {dag.py:2919} INFO - Setting next_dagrun for example_task_group to 2022-06-29T00:15:48.037034+00:00, run_after=2022-06-30T00:15:48.037034+00:00
[2022-06-30 00:15:48,055] {processor.py:161} INFO - Processing /home/airflow/.local/lib/python3.7/site-packages/airflow/example_dags/example_task_group.py took 0.243 seconds
[2022-06-30 00:16:18,381] {processor.py:153} INFO - Started process (PID=970) to work on /home/airflow/.local/lib/python3.7/site-packages/airflow/example_dags/example_task_group.py
[2022-06-30 00:16:18,382] {processor.py:641} INFO - Processing file /home/airflow/.local/lib/python3.7/site-packages/airflow/example_dags/example_task_group.py for tasks to queue
[2022-06-30 00:16:18,384] {logging_mixin.py:115} INFO - [2022-06-30 00:16:18,384] {dagbag.py:507} INFO - Filling up the DagBag from /home/airflow/.local/lib/python3.7/site-packages/airflow/example_dags/example_task_group.py
[2022-06-30 00:16:18,396] {processor.py:651} INFO - DAG(s) dict_keys(['example_task_group']) retrieved from /home/airflow/.local/lib/python3.7/site-packages/airflow/example_dags/example_task_group.py
[2022-06-30 00:16:18,440] {logging_mixin.py:115} INFO - [2022-06-30 00:16:18,439] {dag.py:2371} INFO - Sync 1 DAGs
[2022-06-30 00:16:18,634] {logging_mixin.py:115} INFO - [2022-06-30 00:16:18,634] {dag.py:2919} INFO - Setting next_dagrun for example_task_group to 2022-06-29T00:16:18.633903+00:00, run_after=2022-06-30T00:16:18.633903+00:00
[2022-06-30 00:16:18,649] {processor.py:161} INFO - Processing /home/airflow/.local/lib/python3.7/site-packages/airflow/example_dags/example_task_group.py took 0.273 seconds
[2022-06-30 00:16:49,335] {processor.py:153} INFO - Started process (PID=1033) to work on /home/airflow/.local/lib/python3.7/site-packages/airflow/example_dags/example_task_group.py
[2022-06-30 00:16:49,337] {processor.py:641} INFO - Processing file /home/airflow/.local/lib/python3.7/site-packages/airflow/example_dags/example_task_group.py for tasks to queue
[2022-06-30 00:16:49,338] {logging_mixin.py:115} INFO - [2022-06-30 00:16:49,338] {dagbag.py:507} INFO - Filling up the DagBag from /home/airflow/.local/lib/python3.7/site-packages/airflow/example_dags/example_task_group.py
[2022-06-30 00:16:49,353] {processor.py:651} INFO - DAG(s) dict_keys(['example_task_group']) retrieved from /home/airflow/.local/lib/python3.7/site-packages/airflow/example_dags/example_task_group.py
[2022-06-30 00:16:49,399] {logging_mixin.py:115} INFO - [2022-06-30 00:16:49,399] {dag.py:2371} INFO - Sync 1 DAGs
[2022-06-30 00:16:49,587] {logging_mixin.py:115} INFO - [2022-06-30 00:16:49,587] {dag.py:2919} INFO - Setting next_dagrun for example_task_group to 2022-06-29T00:16:49.587260+00:00, run_after=2022-06-30T00:16:49.587260+00:00
[2022-06-30 00:16:49,603] {processor.py:161} INFO - Processing /home/airflow/.local/lib/python3.7/site-packages/airflow/example_dags/example_task_group.py took 0.272 seconds
