[2022-06-30 00:08:32,831] {processor.py:153} INFO - Started process (PID=56) to work on /home/airflow/.local/lib/python3.7/site-packages/airflow/example_dags/example_branch_python_dop_operator_3.py
[2022-06-30 00:08:32,840] {processor.py:641} INFO - Processing file /home/airflow/.local/lib/python3.7/site-packages/airflow/example_dags/example_branch_python_dop_operator_3.py for tasks to queue
[2022-06-30 00:08:32,843] {logging_mixin.py:115} INFO - [2022-06-30 00:08:32,842] {dagbag.py:507} INFO - Filling up the DagBag from /home/airflow/.local/lib/python3.7/site-packages/airflow/example_dags/example_branch_python_dop_operator_3.py
[2022-06-30 00:08:32,971] {processor.py:651} INFO - DAG(s) dict_keys(['example_branch_dop_operator_v3']) retrieved from /home/airflow/.local/lib/python3.7/site-packages/airflow/example_dags/example_branch_python_dop_operator_3.py
[2022-06-30 00:08:33,417] {logging_mixin.py:115} INFO - [2022-06-30 00:08:33,416] {manager.py:508} INFO - Created Permission View: can delete on DAG:example_branch_dop_operator_v3
[2022-06-30 00:08:33,442] {logging_mixin.py:115} INFO - [2022-06-30 00:08:33,442] {manager.py:508} INFO - Created Permission View: can read on DAG:example_branch_dop_operator_v3
[2022-06-30 00:08:33,462] {logging_mixin.py:115} INFO - [2022-06-30 00:08:33,462] {manager.py:508} INFO - Created Permission View: can edit on DAG:example_branch_dop_operator_v3
[2022-06-30 00:08:33,463] {logging_mixin.py:115} INFO - [2022-06-30 00:08:33,463] {dag.py:2371} INFO - Sync 1 DAGs
[2022-06-30 00:08:33,483] {logging_mixin.py:115} INFO - [2022-06-30 00:08:33,483] {dag.py:2390} INFO - Creating ORM DAG for example_branch_dop_operator_v3
[2022-06-30 00:08:33,521] {logging_mixin.py:115} INFO - [2022-06-30 00:08:33,521] {dag.py:2919} INFO - Setting next_dagrun for example_branch_dop_operator_v3 to 2022-06-30T00:07:00+00:00, run_after=2022-06-30T00:08:00+00:00
[2022-06-30 00:08:33,563] {processor.py:161} INFO - Processing /home/airflow/.local/lib/python3.7/site-packages/airflow/example_dags/example_branch_python_dop_operator_3.py took 0.740 seconds
[2022-06-30 00:09:03,858] {processor.py:153} INFO - Started process (PID=122) to work on /home/airflow/.local/lib/python3.7/site-packages/airflow/example_dags/example_branch_python_dop_operator_3.py
[2022-06-30 00:09:03,861] {processor.py:641} INFO - Processing file /home/airflow/.local/lib/python3.7/site-packages/airflow/example_dags/example_branch_python_dop_operator_3.py for tasks to queue
[2022-06-30 00:09:03,862] {logging_mixin.py:115} INFO - [2022-06-30 00:09:03,862] {dagbag.py:507} INFO - Filling up the DagBag from /home/airflow/.local/lib/python3.7/site-packages/airflow/example_dags/example_branch_python_dop_operator_3.py
[2022-06-30 00:09:03,880] {processor.py:651} INFO - DAG(s) dict_keys(['example_branch_dop_operator_v3']) retrieved from /home/airflow/.local/lib/python3.7/site-packages/airflow/example_dags/example_branch_python_dop_operator_3.py
[2022-06-30 00:09:03,927] {logging_mixin.py:115} INFO - [2022-06-30 00:09:03,927] {dag.py:2371} INFO - Sync 1 DAGs
[2022-06-30 00:09:04,155] {logging_mixin.py:115} INFO - [2022-06-30 00:09:04,154] {dag.py:2919} INFO - Setting next_dagrun for example_branch_dop_operator_v3 to 2022-06-30T00:08:00+00:00, run_after=2022-06-30T00:09:00+00:00
[2022-06-30 00:09:04,173] {processor.py:161} INFO - Processing /home/airflow/.local/lib/python3.7/site-packages/airflow/example_dags/example_branch_python_dop_operator_3.py took 0.322 seconds
[2022-06-30 00:09:34,304] {processor.py:153} INFO - Started process (PID=176) to work on /home/airflow/.local/lib/python3.7/site-packages/airflow/example_dags/example_branch_python_dop_operator_3.py
[2022-06-30 00:09:34,305] {processor.py:641} INFO - Processing file /home/airflow/.local/lib/python3.7/site-packages/airflow/example_dags/example_branch_python_dop_operator_3.py for tasks to queue
[2022-06-30 00:09:34,307] {logging_mixin.py:115} INFO - [2022-06-30 00:09:34,307] {dagbag.py:507} INFO - Filling up the DagBag from /home/airflow/.local/lib/python3.7/site-packages/airflow/example_dags/example_branch_python_dop_operator_3.py
[2022-06-30 00:09:34,323] {processor.py:651} INFO - DAG(s) dict_keys(['example_branch_dop_operator_v3']) retrieved from /home/airflow/.local/lib/python3.7/site-packages/airflow/example_dags/example_branch_python_dop_operator_3.py
[2022-06-30 00:09:34,361] {logging_mixin.py:115} INFO - [2022-06-30 00:09:34,361] {dag.py:2371} INFO - Sync 1 DAGs
[2022-06-30 00:09:34,552] {logging_mixin.py:115} INFO - [2022-06-30 00:09:34,552] {dag.py:2919} INFO - Setting next_dagrun for example_branch_dop_operator_v3 to 2022-06-30T00:08:00+00:00, run_after=2022-06-30T00:09:00+00:00
[2022-06-30 00:09:34,570] {processor.py:161} INFO - Processing /home/airflow/.local/lib/python3.7/site-packages/airflow/example_dags/example_branch_python_dop_operator_3.py took 0.271 seconds
[2022-06-30 00:10:05,251] {processor.py:153} INFO - Started process (PID=240) to work on /home/airflow/.local/lib/python3.7/site-packages/airflow/example_dags/example_branch_python_dop_operator_3.py
[2022-06-30 00:10:05,253] {processor.py:641} INFO - Processing file /home/airflow/.local/lib/python3.7/site-packages/airflow/example_dags/example_branch_python_dop_operator_3.py for tasks to queue
[2022-06-30 00:10:05,256] {logging_mixin.py:115} INFO - [2022-06-30 00:10:05,256] {dagbag.py:507} INFO - Filling up the DagBag from /home/airflow/.local/lib/python3.7/site-packages/airflow/example_dags/example_branch_python_dop_operator_3.py
[2022-06-30 00:10:05,285] {processor.py:651} INFO - DAG(s) dict_keys(['example_branch_dop_operator_v3']) retrieved from /home/airflow/.local/lib/python3.7/site-packages/airflow/example_dags/example_branch_python_dop_operator_3.py
[2022-06-30 00:10:05,339] {logging_mixin.py:115} INFO - [2022-06-30 00:10:05,339] {dag.py:2371} INFO - Sync 1 DAGs
[2022-06-30 00:10:05,562] {logging_mixin.py:115} INFO - [2022-06-30 00:10:05,561] {dag.py:2919} INFO - Setting next_dagrun for example_branch_dop_operator_v3 to 2022-06-30T00:09:00+00:00, run_after=2022-06-30T00:10:00+00:00
[2022-06-30 00:10:05,581] {processor.py:161} INFO - Processing /home/airflow/.local/lib/python3.7/site-packages/airflow/example_dags/example_branch_python_dop_operator_3.py took 0.340 seconds
[2022-06-30 00:10:36,060] {processor.py:153} INFO - Started process (PID=293) to work on /home/airflow/.local/lib/python3.7/site-packages/airflow/example_dags/example_branch_python_dop_operator_3.py
[2022-06-30 00:10:36,062] {processor.py:641} INFO - Processing file /home/airflow/.local/lib/python3.7/site-packages/airflow/example_dags/example_branch_python_dop_operator_3.py for tasks to queue
[2022-06-30 00:10:36,064] {logging_mixin.py:115} INFO - [2022-06-30 00:10:36,063] {dagbag.py:507} INFO - Filling up the DagBag from /home/airflow/.local/lib/python3.7/site-packages/airflow/example_dags/example_branch_python_dop_operator_3.py
[2022-06-30 00:10:36,088] {processor.py:651} INFO - DAG(s) dict_keys(['example_branch_dop_operator_v3']) retrieved from /home/airflow/.local/lib/python3.7/site-packages/airflow/example_dags/example_branch_python_dop_operator_3.py
[2022-06-30 00:10:36,131] {logging_mixin.py:115} INFO - [2022-06-30 00:10:36,131] {dag.py:2371} INFO - Sync 1 DAGs
[2022-06-30 00:10:36,328] {logging_mixin.py:115} INFO - [2022-06-30 00:10:36,328] {dag.py:2919} INFO - Setting next_dagrun for example_branch_dop_operator_v3 to 2022-06-30T00:09:00+00:00, run_after=2022-06-30T00:10:00+00:00
[2022-06-30 00:10:36,342] {processor.py:161} INFO - Processing /home/airflow/.local/lib/python3.7/site-packages/airflow/example_dags/example_branch_python_dop_operator_3.py took 0.287 seconds
[2022-06-30 00:11:06,703] {processor.py:153} INFO - Started process (PID=357) to work on /home/airflow/.local/lib/python3.7/site-packages/airflow/example_dags/example_branch_python_dop_operator_3.py
[2022-06-30 00:11:06,705] {processor.py:641} INFO - Processing file /home/airflow/.local/lib/python3.7/site-packages/airflow/example_dags/example_branch_python_dop_operator_3.py for tasks to queue
[2022-06-30 00:11:06,706] {logging_mixin.py:115} INFO - [2022-06-30 00:11:06,706] {dagbag.py:507} INFO - Filling up the DagBag from /home/airflow/.local/lib/python3.7/site-packages/airflow/example_dags/example_branch_python_dop_operator_3.py
[2022-06-30 00:11:06,720] {processor.py:651} INFO - DAG(s) dict_keys(['example_branch_dop_operator_v3']) retrieved from /home/airflow/.local/lib/python3.7/site-packages/airflow/example_dags/example_branch_python_dop_operator_3.py
[2022-06-30 00:11:06,756] {logging_mixin.py:115} INFO - [2022-06-30 00:11:06,756] {dag.py:2371} INFO - Sync 1 DAGs
[2022-06-30 00:11:06,945] {logging_mixin.py:115} INFO - [2022-06-30 00:11:06,945] {dag.py:2919} INFO - Setting next_dagrun for example_branch_dop_operator_v3 to 2022-06-30T00:10:00+00:00, run_after=2022-06-30T00:11:00+00:00
[2022-06-30 00:11:06,977] {processor.py:161} INFO - Processing /home/airflow/.local/lib/python3.7/site-packages/airflow/example_dags/example_branch_python_dop_operator_3.py took 0.279 seconds
[2022-06-30 00:11:37,176] {processor.py:153} INFO - Started process (PID=412) to work on /home/airflow/.local/lib/python3.7/site-packages/airflow/example_dags/example_branch_python_dop_operator_3.py
[2022-06-30 00:11:37,177] {processor.py:641} INFO - Processing file /home/airflow/.local/lib/python3.7/site-packages/airflow/example_dags/example_branch_python_dop_operator_3.py for tasks to queue
[2022-06-30 00:11:37,178] {logging_mixin.py:115} INFO - [2022-06-30 00:11:37,178] {dagbag.py:507} INFO - Filling up the DagBag from /home/airflow/.local/lib/python3.7/site-packages/airflow/example_dags/example_branch_python_dop_operator_3.py
[2022-06-30 00:11:37,191] {processor.py:651} INFO - DAG(s) dict_keys(['example_branch_dop_operator_v3']) retrieved from /home/airflow/.local/lib/python3.7/site-packages/airflow/example_dags/example_branch_python_dop_operator_3.py
[2022-06-30 00:11:37,231] {logging_mixin.py:115} INFO - [2022-06-30 00:11:37,231] {dag.py:2371} INFO - Sync 1 DAGs
[2022-06-30 00:11:37,406] {logging_mixin.py:115} INFO - [2022-06-30 00:11:37,406] {dag.py:2919} INFO - Setting next_dagrun for example_branch_dop_operator_v3 to 2022-06-30T00:10:00+00:00, run_after=2022-06-30T00:11:00+00:00
[2022-06-30 00:11:37,421] {processor.py:161} INFO - Processing /home/airflow/.local/lib/python3.7/site-packages/airflow/example_dags/example_branch_python_dop_operator_3.py took 0.250 seconds
[2022-06-30 00:12:08,126] {processor.py:153} INFO - Started process (PID=476) to work on /home/airflow/.local/lib/python3.7/site-packages/airflow/example_dags/example_branch_python_dop_operator_3.py
[2022-06-30 00:12:08,128] {processor.py:641} INFO - Processing file /home/airflow/.local/lib/python3.7/site-packages/airflow/example_dags/example_branch_python_dop_operator_3.py for tasks to queue
[2022-06-30 00:12:08,129] {logging_mixin.py:115} INFO - [2022-06-30 00:12:08,129] {dagbag.py:507} INFO - Filling up the DagBag from /home/airflow/.local/lib/python3.7/site-packages/airflow/example_dags/example_branch_python_dop_operator_3.py
[2022-06-30 00:12:08,150] {processor.py:651} INFO - DAG(s) dict_keys(['example_branch_dop_operator_v3']) retrieved from /home/airflow/.local/lib/python3.7/site-packages/airflow/example_dags/example_branch_python_dop_operator_3.py
[2022-06-30 00:12:08,262] {logging_mixin.py:115} INFO - [2022-06-30 00:12:08,262] {dag.py:2371} INFO - Sync 1 DAGs
[2022-06-30 00:12:08,532] {logging_mixin.py:115} INFO - [2022-06-30 00:12:08,532] {dag.py:2919} INFO - Setting next_dagrun for example_branch_dop_operator_v3 to 2022-06-30T00:11:00+00:00, run_after=2022-06-30T00:12:00+00:00
[2022-06-30 00:12:08,560] {processor.py:161} INFO - Processing /home/airflow/.local/lib/python3.7/site-packages/airflow/example_dags/example_branch_python_dop_operator_3.py took 0.441 seconds
[2022-06-30 00:12:38,929] {processor.py:153} INFO - Started process (PID=530) to work on /home/airflow/.local/lib/python3.7/site-packages/airflow/example_dags/example_branch_python_dop_operator_3.py
[2022-06-30 00:12:38,930] {processor.py:641} INFO - Processing file /home/airflow/.local/lib/python3.7/site-packages/airflow/example_dags/example_branch_python_dop_operator_3.py for tasks to queue
[2022-06-30 00:12:38,932] {logging_mixin.py:115} INFO - [2022-06-30 00:12:38,932] {dagbag.py:507} INFO - Filling up the DagBag from /home/airflow/.local/lib/python3.7/site-packages/airflow/example_dags/example_branch_python_dop_operator_3.py
[2022-06-30 00:12:38,946] {processor.py:651} INFO - DAG(s) dict_keys(['example_branch_dop_operator_v3']) retrieved from /home/airflow/.local/lib/python3.7/site-packages/airflow/example_dags/example_branch_python_dop_operator_3.py
[2022-06-30 00:12:38,985] {logging_mixin.py:115} INFO - [2022-06-30 00:12:38,985] {dag.py:2371} INFO - Sync 1 DAGs
[2022-06-30 00:12:39,172] {logging_mixin.py:115} INFO - [2022-06-30 00:12:39,172] {dag.py:2919} INFO - Setting next_dagrun for example_branch_dop_operator_v3 to 2022-06-30T00:11:00+00:00, run_after=2022-06-30T00:12:00+00:00
[2022-06-30 00:12:39,187] {processor.py:161} INFO - Processing /home/airflow/.local/lib/python3.7/site-packages/airflow/example_dags/example_branch_python_dop_operator_3.py took 0.263 seconds
[2022-06-30 00:13:09,327] {processor.py:153} INFO - Started process (PID=595) to work on /home/airflow/.local/lib/python3.7/site-packages/airflow/example_dags/example_branch_python_dop_operator_3.py
[2022-06-30 00:13:09,329] {processor.py:641} INFO - Processing file /home/airflow/.local/lib/python3.7/site-packages/airflow/example_dags/example_branch_python_dop_operator_3.py for tasks to queue
[2022-06-30 00:13:09,332] {logging_mixin.py:115} INFO - [2022-06-30 00:13:09,331] {dagbag.py:507} INFO - Filling up the DagBag from /home/airflow/.local/lib/python3.7/site-packages/airflow/example_dags/example_branch_python_dop_operator_3.py
[2022-06-30 00:13:09,349] {processor.py:651} INFO - DAG(s) dict_keys(['example_branch_dop_operator_v3']) retrieved from /home/airflow/.local/lib/python3.7/site-packages/airflow/example_dags/example_branch_python_dop_operator_3.py
[2022-06-30 00:13:09,390] {logging_mixin.py:115} INFO - [2022-06-30 00:13:09,390] {dag.py:2371} INFO - Sync 1 DAGs
[2022-06-30 00:13:09,581] {logging_mixin.py:115} INFO - [2022-06-30 00:13:09,580] {dag.py:2919} INFO - Setting next_dagrun for example_branch_dop_operator_v3 to 2022-06-30T00:12:00+00:00, run_after=2022-06-30T00:13:00+00:00
[2022-06-30 00:13:09,596] {processor.py:161} INFO - Processing /home/airflow/.local/lib/python3.7/site-packages/airflow/example_dags/example_branch_python_dop_operator_3.py took 0.275 seconds
[2022-06-30 00:13:39,827] {processor.py:153} INFO - Started process (PID=662) to work on /home/airflow/.local/lib/python3.7/site-packages/airflow/example_dags/example_branch_python_dop_operator_3.py
[2022-06-30 00:13:39,829] {processor.py:641} INFO - Processing file /home/airflow/.local/lib/python3.7/site-packages/airflow/example_dags/example_branch_python_dop_operator_3.py for tasks to queue
[2022-06-30 00:13:39,831] {logging_mixin.py:115} INFO - [2022-06-30 00:13:39,831] {dagbag.py:507} INFO - Filling up the DagBag from /home/airflow/.local/lib/python3.7/site-packages/airflow/example_dags/example_branch_python_dop_operator_3.py
[2022-06-30 00:13:39,857] {processor.py:651} INFO - DAG(s) dict_keys(['example_branch_dop_operator_v3']) retrieved from /home/airflow/.local/lib/python3.7/site-packages/airflow/example_dags/example_branch_python_dop_operator_3.py
[2022-06-30 00:13:39,912] {logging_mixin.py:115} INFO - [2022-06-30 00:13:39,912] {dag.py:2371} INFO - Sync 1 DAGs
[2022-06-30 00:13:40,097] {logging_mixin.py:115} INFO - [2022-06-30 00:13:40,097] {dag.py:2919} INFO - Setting next_dagrun for example_branch_dop_operator_v3 to 2022-06-30T00:12:00+00:00, run_after=2022-06-30T00:13:00+00:00
[2022-06-30 00:13:40,114] {processor.py:161} INFO - Processing /home/airflow/.local/lib/python3.7/site-packages/airflow/example_dags/example_branch_python_dop_operator_3.py took 0.293 seconds
[2022-06-30 00:14:10,808] {processor.py:153} INFO - Started process (PID=716) to work on /home/airflow/.local/lib/python3.7/site-packages/airflow/example_dags/example_branch_python_dop_operator_3.py
[2022-06-30 00:14:10,810] {processor.py:641} INFO - Processing file /home/airflow/.local/lib/python3.7/site-packages/airflow/example_dags/example_branch_python_dop_operator_3.py for tasks to queue
[2022-06-30 00:14:10,812] {logging_mixin.py:115} INFO - [2022-06-30 00:14:10,811] {dagbag.py:507} INFO - Filling up the DagBag from /home/airflow/.local/lib/python3.7/site-packages/airflow/example_dags/example_branch_python_dop_operator_3.py
[2022-06-30 00:14:10,824] {processor.py:651} INFO - DAG(s) dict_keys(['example_branch_dop_operator_v3']) retrieved from /home/airflow/.local/lib/python3.7/site-packages/airflow/example_dags/example_branch_python_dop_operator_3.py
[2022-06-30 00:14:10,872] {logging_mixin.py:115} INFO - [2022-06-30 00:14:10,872] {dag.py:2371} INFO - Sync 1 DAGs
[2022-06-30 00:14:11,041] {logging_mixin.py:115} INFO - [2022-06-30 00:14:11,041] {dag.py:2919} INFO - Setting next_dagrun for example_branch_dop_operator_v3 to 2022-06-30T00:13:00+00:00, run_after=2022-06-30T00:14:00+00:00
[2022-06-30 00:14:11,057] {processor.py:161} INFO - Processing /home/airflow/.local/lib/python3.7/site-packages/airflow/example_dags/example_branch_python_dop_operator_3.py took 0.253 seconds
[2022-06-30 00:14:41,432] {processor.py:153} INFO - Started process (PID=780) to work on /home/airflow/.local/lib/python3.7/site-packages/airflow/example_dags/example_branch_python_dop_operator_3.py
[2022-06-30 00:14:41,433] {processor.py:641} INFO - Processing file /home/airflow/.local/lib/python3.7/site-packages/airflow/example_dags/example_branch_python_dop_operator_3.py for tasks to queue
[2022-06-30 00:14:41,434] {logging_mixin.py:115} INFO - [2022-06-30 00:14:41,434] {dagbag.py:507} INFO - Filling up the DagBag from /home/airflow/.local/lib/python3.7/site-packages/airflow/example_dags/example_branch_python_dop_operator_3.py
[2022-06-30 00:14:41,451] {processor.py:651} INFO - DAG(s) dict_keys(['example_branch_dop_operator_v3']) retrieved from /home/airflow/.local/lib/python3.7/site-packages/airflow/example_dags/example_branch_python_dop_operator_3.py
[2022-06-30 00:14:41,491] {logging_mixin.py:115} INFO - [2022-06-30 00:14:41,491] {dag.py:2371} INFO - Sync 1 DAGs
[2022-06-30 00:14:41,669] {logging_mixin.py:115} INFO - [2022-06-30 00:14:41,669] {dag.py:2919} INFO - Setting next_dagrun for example_branch_dop_operator_v3 to 2022-06-30T00:13:00+00:00, run_after=2022-06-30T00:14:00+00:00
[2022-06-30 00:14:41,683] {processor.py:161} INFO - Processing /home/airflow/.local/lib/python3.7/site-packages/airflow/example_dags/example_branch_python_dop_operator_3.py took 0.257 seconds
[2022-06-30 00:15:12,721] {processor.py:153} INFO - Started process (PID=842) to work on /home/airflow/.local/lib/python3.7/site-packages/airflow/example_dags/example_branch_python_dop_operator_3.py
[2022-06-30 00:15:12,723] {processor.py:641} INFO - Processing file /home/airflow/.local/lib/python3.7/site-packages/airflow/example_dags/example_branch_python_dop_operator_3.py for tasks to queue
[2022-06-30 00:15:12,724] {logging_mixin.py:115} INFO - [2022-06-30 00:15:12,724] {dagbag.py:507} INFO - Filling up the DagBag from /home/airflow/.local/lib/python3.7/site-packages/airflow/example_dags/example_branch_python_dop_operator_3.py
[2022-06-30 00:15:12,741] {processor.py:651} INFO - DAG(s) dict_keys(['example_branch_dop_operator_v3']) retrieved from /home/airflow/.local/lib/python3.7/site-packages/airflow/example_dags/example_branch_python_dop_operator_3.py
[2022-06-30 00:15:12,787] {logging_mixin.py:115} INFO - [2022-06-30 00:15:12,786] {dag.py:2371} INFO - Sync 1 DAGs
[2022-06-30 00:15:12,984] {logging_mixin.py:115} INFO - [2022-06-30 00:15:12,984] {dag.py:2919} INFO - Setting next_dagrun for example_branch_dop_operator_v3 to 2022-06-30T00:14:00+00:00, run_after=2022-06-30T00:15:00+00:00
[2022-06-30 00:15:13,001] {processor.py:161} INFO - Processing /home/airflow/.local/lib/python3.7/site-packages/airflow/example_dags/example_branch_python_dop_operator_3.py took 0.286 seconds
[2022-06-30 00:15:43,759] {processor.py:153} INFO - Started process (PID=900) to work on /home/airflow/.local/lib/python3.7/site-packages/airflow/example_dags/example_branch_python_dop_operator_3.py
[2022-06-30 00:15:43,761] {processor.py:641} INFO - Processing file /home/airflow/.local/lib/python3.7/site-packages/airflow/example_dags/example_branch_python_dop_operator_3.py for tasks to queue
[2022-06-30 00:15:43,762] {logging_mixin.py:115} INFO - [2022-06-30 00:15:43,762] {dagbag.py:507} INFO - Filling up the DagBag from /home/airflow/.local/lib/python3.7/site-packages/airflow/example_dags/example_branch_python_dop_operator_3.py
[2022-06-30 00:15:43,776] {processor.py:651} INFO - DAG(s) dict_keys(['example_branch_dop_operator_v3']) retrieved from /home/airflow/.local/lib/python3.7/site-packages/airflow/example_dags/example_branch_python_dop_operator_3.py
[2022-06-30 00:15:43,818] {logging_mixin.py:115} INFO - [2022-06-30 00:15:43,818] {dag.py:2371} INFO - Sync 1 DAGs
[2022-06-30 00:15:43,983] {logging_mixin.py:115} INFO - [2022-06-30 00:15:43,983] {dag.py:2919} INFO - Setting next_dagrun for example_branch_dop_operator_v3 to 2022-06-30T00:14:00+00:00, run_after=2022-06-30T00:15:00+00:00
[2022-06-30 00:15:43,996] {processor.py:161} INFO - Processing /home/airflow/.local/lib/python3.7/site-packages/airflow/example_dags/example_branch_python_dop_operator_3.py took 0.243 seconds
[2022-06-30 00:16:14,145] {processor.py:153} INFO - Started process (PID=963) to work on /home/airflow/.local/lib/python3.7/site-packages/airflow/example_dags/example_branch_python_dop_operator_3.py
[2022-06-30 00:16:14,146] {processor.py:641} INFO - Processing file /home/airflow/.local/lib/python3.7/site-packages/airflow/example_dags/example_branch_python_dop_operator_3.py for tasks to queue
[2022-06-30 00:16:14,148] {logging_mixin.py:115} INFO - [2022-06-30 00:16:14,148] {dagbag.py:507} INFO - Filling up the DagBag from /home/airflow/.local/lib/python3.7/site-packages/airflow/example_dags/example_branch_python_dop_operator_3.py
[2022-06-30 00:16:14,167] {processor.py:651} INFO - DAG(s) dict_keys(['example_branch_dop_operator_v3']) retrieved from /home/airflow/.local/lib/python3.7/site-packages/airflow/example_dags/example_branch_python_dop_operator_3.py
[2022-06-30 00:16:14,212] {logging_mixin.py:115} INFO - [2022-06-30 00:16:14,212] {dag.py:2371} INFO - Sync 1 DAGs
[2022-06-30 00:16:14,386] {logging_mixin.py:115} INFO - [2022-06-30 00:16:14,386] {dag.py:2919} INFO - Setting next_dagrun for example_branch_dop_operator_v3 to 2022-06-30T00:15:00+00:00, run_after=2022-06-30T00:16:00+00:00
[2022-06-30 00:16:14,410] {processor.py:161} INFO - Processing /home/airflow/.local/lib/python3.7/site-packages/airflow/example_dags/example_branch_python_dop_operator_3.py took 0.269 seconds
[2022-06-30 00:16:45,122] {processor.py:153} INFO - Started process (PID=1017) to work on /home/airflow/.local/lib/python3.7/site-packages/airflow/example_dags/example_branch_python_dop_operator_3.py
[2022-06-30 00:16:45,123] {processor.py:641} INFO - Processing file /home/airflow/.local/lib/python3.7/site-packages/airflow/example_dags/example_branch_python_dop_operator_3.py for tasks to queue
[2022-06-30 00:16:45,125] {logging_mixin.py:115} INFO - [2022-06-30 00:16:45,124] {dagbag.py:507} INFO - Filling up the DagBag from /home/airflow/.local/lib/python3.7/site-packages/airflow/example_dags/example_branch_python_dop_operator_3.py
[2022-06-30 00:16:45,146] {processor.py:651} INFO - DAG(s) dict_keys(['example_branch_dop_operator_v3']) retrieved from /home/airflow/.local/lib/python3.7/site-packages/airflow/example_dags/example_branch_python_dop_operator_3.py
[2022-06-30 00:16:45,200] {logging_mixin.py:115} INFO - [2022-06-30 00:16:45,200] {dag.py:2371} INFO - Sync 1 DAGs
[2022-06-30 00:16:45,382] {logging_mixin.py:115} INFO - [2022-06-30 00:16:45,382] {dag.py:2919} INFO - Setting next_dagrun for example_branch_dop_operator_v3 to 2022-06-30T00:15:00+00:00, run_after=2022-06-30T00:16:00+00:00
[2022-06-30 00:16:45,395] {processor.py:161} INFO - Processing /home/airflow/.local/lib/python3.7/site-packages/airflow/example_dags/example_branch_python_dop_operator_3.py took 0.279 seconds
