[2022-06-30 00:08:31,665] {processor.py:153} INFO - Started process (PID=53) to work on /home/airflow/.local/lib/python3.7/site-packages/airflow/example_dags/tutorial.py
[2022-06-30 00:08:31,667] {processor.py:641} INFO - Processing file /home/airflow/.local/lib/python3.7/site-packages/airflow/example_dags/tutorial.py for tasks to queue
[2022-06-30 00:08:31,672] {logging_mixin.py:115} INFO - [2022-06-30 00:08:31,672] {dagbag.py:507} INFO - Filling up the DagBag from /home/airflow/.local/lib/python3.7/site-packages/airflow/example_dags/tutorial.py
[2022-06-30 00:08:31,682] {processor.py:651} INFO - DAG(s) dict_keys(['tutorial']) retrieved from /home/airflow/.local/lib/python3.7/site-packages/airflow/example_dags/tutorial.py
[2022-06-30 00:08:32,185] {logging_mixin.py:115} INFO - [2022-06-30 00:08:32,185] {manager.py:508} INFO - Created Permission View: can delete on DAG:tutorial
[2022-06-30 00:08:32,205] {logging_mixin.py:115} INFO - [2022-06-30 00:08:32,205] {manager.py:508} INFO - Created Permission View: can read on DAG:tutorial
[2022-06-30 00:08:32,218] {logging_mixin.py:115} INFO - [2022-06-30 00:08:32,218] {manager.py:508} INFO - Created Permission View: can edit on DAG:tutorial
[2022-06-30 00:08:32,219] {logging_mixin.py:115} INFO - [2022-06-30 00:08:32,219] {dag.py:2371} INFO - Sync 1 DAGs
[2022-06-30 00:08:32,236] {logging_mixin.py:115} INFO - [2022-06-30 00:08:32,236] {dag.py:2390} INFO - Creating ORM DAG for tutorial
[2022-06-30 00:08:32,257] {logging_mixin.py:115} INFO - [2022-06-30 00:08:32,256] {dag.py:2919} INFO - Setting next_dagrun for tutorial to 2022-06-29T00:08:32.256589+00:00, run_after=2022-06-30T00:08:32.256589+00:00
[2022-06-30 00:08:32,284] {processor.py:161} INFO - Processing /home/airflow/.local/lib/python3.7/site-packages/airflow/example_dags/tutorial.py took 0.623 seconds
[2022-06-30 00:09:02,470] {processor.py:153} INFO - Started process (PID=119) to work on /home/airflow/.local/lib/python3.7/site-packages/airflow/example_dags/tutorial.py
[2022-06-30 00:09:02,471] {processor.py:641} INFO - Processing file /home/airflow/.local/lib/python3.7/site-packages/airflow/example_dags/tutorial.py for tasks to queue
[2022-06-30 00:09:02,473] {logging_mixin.py:115} INFO - [2022-06-30 00:09:02,473] {dagbag.py:507} INFO - Filling up the DagBag from /home/airflow/.local/lib/python3.7/site-packages/airflow/example_dags/tutorial.py
[2022-06-30 00:09:02,481] {processor.py:651} INFO - DAG(s) dict_keys(['tutorial']) retrieved from /home/airflow/.local/lib/python3.7/site-packages/airflow/example_dags/tutorial.py
[2022-06-30 00:09:02,517] {logging_mixin.py:115} INFO - [2022-06-30 00:09:02,516] {dag.py:2371} INFO - Sync 1 DAGs
[2022-06-30 00:09:02,746] {logging_mixin.py:115} INFO - [2022-06-30 00:09:02,746] {dag.py:2919} INFO - Setting next_dagrun for tutorial to 2022-06-29T00:09:02.746580+00:00, run_after=2022-06-30T00:09:02.746580+00:00
[2022-06-30 00:09:02,783] {processor.py:161} INFO - Processing /home/airflow/.local/lib/python3.7/site-packages/airflow/example_dags/tutorial.py took 0.319 seconds
[2022-06-30 00:09:32,990] {processor.py:153} INFO - Started process (PID=173) to work on /home/airflow/.local/lib/python3.7/site-packages/airflow/example_dags/tutorial.py
[2022-06-30 00:09:32,991] {processor.py:641} INFO - Processing file /home/airflow/.local/lib/python3.7/site-packages/airflow/example_dags/tutorial.py for tasks to queue
[2022-06-30 00:09:32,993] {logging_mixin.py:115} INFO - [2022-06-30 00:09:32,993] {dagbag.py:507} INFO - Filling up the DagBag from /home/airflow/.local/lib/python3.7/site-packages/airflow/example_dags/tutorial.py
[2022-06-30 00:09:33,001] {processor.py:651} INFO - DAG(s) dict_keys(['tutorial']) retrieved from /home/airflow/.local/lib/python3.7/site-packages/airflow/example_dags/tutorial.py
[2022-06-30 00:09:33,039] {logging_mixin.py:115} INFO - [2022-06-30 00:09:33,039] {dag.py:2371} INFO - Sync 1 DAGs
[2022-06-30 00:09:33,229] {logging_mixin.py:115} INFO - [2022-06-30 00:09:33,229] {dag.py:2919} INFO - Setting next_dagrun for tutorial to 2022-06-29T00:09:33.228634+00:00, run_after=2022-06-30T00:09:33.228634+00:00
[2022-06-30 00:09:33,248] {processor.py:161} INFO - Processing /home/airflow/.local/lib/python3.7/site-packages/airflow/example_dags/tutorial.py took 0.263 seconds
[2022-06-30 00:10:04,626] {processor.py:153} INFO - Started process (PID=237) to work on /home/airflow/.local/lib/python3.7/site-packages/airflow/example_dags/tutorial.py
[2022-06-30 00:10:04,628] {processor.py:641} INFO - Processing file /home/airflow/.local/lib/python3.7/site-packages/airflow/example_dags/tutorial.py for tasks to queue
[2022-06-30 00:10:04,629] {logging_mixin.py:115} INFO - [2022-06-30 00:10:04,629] {dagbag.py:507} INFO - Filling up the DagBag from /home/airflow/.local/lib/python3.7/site-packages/airflow/example_dags/tutorial.py
[2022-06-30 00:10:04,639] {processor.py:651} INFO - DAG(s) dict_keys(['tutorial']) retrieved from /home/airflow/.local/lib/python3.7/site-packages/airflow/example_dags/tutorial.py
[2022-06-30 00:10:04,689] {logging_mixin.py:115} INFO - [2022-06-30 00:10:04,689] {dag.py:2371} INFO - Sync 1 DAGs
[2022-06-30 00:10:04,913] {logging_mixin.py:115} INFO - [2022-06-30 00:10:04,913] {dag.py:2919} INFO - Setting next_dagrun for tutorial to 2022-06-29T00:10:04.913144+00:00, run_after=2022-06-30T00:10:04.913144+00:00
[2022-06-30 00:10:04,931] {processor.py:161} INFO - Processing /home/airflow/.local/lib/python3.7/site-packages/airflow/example_dags/tutorial.py took 0.311 seconds
[2022-06-30 00:10:35,481] {processor.py:153} INFO - Started process (PID=290) to work on /home/airflow/.local/lib/python3.7/site-packages/airflow/example_dags/tutorial.py
[2022-06-30 00:10:35,483] {processor.py:641} INFO - Processing file /home/airflow/.local/lib/python3.7/site-packages/airflow/example_dags/tutorial.py for tasks to queue
[2022-06-30 00:10:35,484] {logging_mixin.py:115} INFO - [2022-06-30 00:10:35,484] {dagbag.py:507} INFO - Filling up the DagBag from /home/airflow/.local/lib/python3.7/site-packages/airflow/example_dags/tutorial.py
[2022-06-30 00:10:35,495] {processor.py:651} INFO - DAG(s) dict_keys(['tutorial']) retrieved from /home/airflow/.local/lib/python3.7/site-packages/airflow/example_dags/tutorial.py
[2022-06-30 00:10:35,534] {logging_mixin.py:115} INFO - [2022-06-30 00:10:35,534] {dag.py:2371} INFO - Sync 1 DAGs
[2022-06-30 00:10:35,720] {logging_mixin.py:115} INFO - [2022-06-30 00:10:35,720] {dag.py:2919} INFO - Setting next_dagrun for tutorial to 2022-06-29T00:10:35.720344+00:00, run_after=2022-06-30T00:10:35.720344+00:00
[2022-06-30 00:10:35,736] {processor.py:161} INFO - Processing /home/airflow/.local/lib/python3.7/site-packages/airflow/example_dags/tutorial.py took 0.261 seconds
[2022-06-30 00:11:06,029] {processor.py:153} INFO - Started process (PID=354) to work on /home/airflow/.local/lib/python3.7/site-packages/airflow/example_dags/tutorial.py
[2022-06-30 00:11:06,031] {processor.py:641} INFO - Processing file /home/airflow/.local/lib/python3.7/site-packages/airflow/example_dags/tutorial.py for tasks to queue
[2022-06-30 00:11:06,034] {logging_mixin.py:115} INFO - [2022-06-30 00:11:06,034] {dagbag.py:507} INFO - Filling up the DagBag from /home/airflow/.local/lib/python3.7/site-packages/airflow/example_dags/tutorial.py
[2022-06-30 00:11:06,043] {processor.py:651} INFO - DAG(s) dict_keys(['tutorial']) retrieved from /home/airflow/.local/lib/python3.7/site-packages/airflow/example_dags/tutorial.py
[2022-06-30 00:11:06,089] {logging_mixin.py:115} INFO - [2022-06-30 00:11:06,089] {dag.py:2371} INFO - Sync 1 DAGs
[2022-06-30 00:11:06,275] {logging_mixin.py:115} INFO - [2022-06-30 00:11:06,275] {dag.py:2919} INFO - Setting next_dagrun for tutorial to 2022-06-29T00:11:06.275273+00:00, run_after=2022-06-30T00:11:06.275273+00:00
[2022-06-30 00:11:06,293] {processor.py:161} INFO - Processing /home/airflow/.local/lib/python3.7/site-packages/airflow/example_dags/tutorial.py took 0.269 seconds
[2022-06-30 00:11:36,636] {processor.py:153} INFO - Started process (PID=409) to work on /home/airflow/.local/lib/python3.7/site-packages/airflow/example_dags/tutorial.py
[2022-06-30 00:11:36,637] {processor.py:641} INFO - Processing file /home/airflow/.local/lib/python3.7/site-packages/airflow/example_dags/tutorial.py for tasks to queue
[2022-06-30 00:11:36,639] {logging_mixin.py:115} INFO - [2022-06-30 00:11:36,639] {dagbag.py:507} INFO - Filling up the DagBag from /home/airflow/.local/lib/python3.7/site-packages/airflow/example_dags/tutorial.py
[2022-06-30 00:11:36,647] {processor.py:651} INFO - DAG(s) dict_keys(['tutorial']) retrieved from /home/airflow/.local/lib/python3.7/site-packages/airflow/example_dags/tutorial.py
[2022-06-30 00:11:36,681] {logging_mixin.py:115} INFO - [2022-06-30 00:11:36,681] {dag.py:2371} INFO - Sync 1 DAGs
[2022-06-30 00:11:36,853] {logging_mixin.py:115} INFO - [2022-06-30 00:11:36,853] {dag.py:2919} INFO - Setting next_dagrun for tutorial to 2022-06-29T00:11:36.853526+00:00, run_after=2022-06-30T00:11:36.853526+00:00
[2022-06-30 00:11:36,871] {processor.py:161} INFO - Processing /home/airflow/.local/lib/python3.7/site-packages/airflow/example_dags/tutorial.py took 0.239 seconds
[2022-06-30 00:12:07,277] {processor.py:153} INFO - Started process (PID=473) to work on /home/airflow/.local/lib/python3.7/site-packages/airflow/example_dags/tutorial.py
[2022-06-30 00:12:07,280] {processor.py:641} INFO - Processing file /home/airflow/.local/lib/python3.7/site-packages/airflow/example_dags/tutorial.py for tasks to queue
[2022-06-30 00:12:07,282] {logging_mixin.py:115} INFO - [2022-06-30 00:12:07,281] {dagbag.py:507} INFO - Filling up the DagBag from /home/airflow/.local/lib/python3.7/site-packages/airflow/example_dags/tutorial.py
[2022-06-30 00:12:07,293] {processor.py:651} INFO - DAG(s) dict_keys(['tutorial']) retrieved from /home/airflow/.local/lib/python3.7/site-packages/airflow/example_dags/tutorial.py
[2022-06-30 00:12:07,338] {logging_mixin.py:115} INFO - [2022-06-30 00:12:07,338] {dag.py:2371} INFO - Sync 1 DAGs
[2022-06-30 00:12:07,570] {logging_mixin.py:115} INFO - [2022-06-30 00:12:07,570] {dag.py:2919} INFO - Setting next_dagrun for tutorial to 2022-06-29T00:12:07.569830+00:00, run_after=2022-06-30T00:12:07.569830+00:00
[2022-06-30 00:12:07,590] {processor.py:161} INFO - Processing /home/airflow/.local/lib/python3.7/site-packages/airflow/example_dags/tutorial.py took 0.319 seconds
[2022-06-30 00:12:38,400] {processor.py:153} INFO - Started process (PID=527) to work on /home/airflow/.local/lib/python3.7/site-packages/airflow/example_dags/tutorial.py
[2022-06-30 00:12:38,401] {processor.py:641} INFO - Processing file /home/airflow/.local/lib/python3.7/site-packages/airflow/example_dags/tutorial.py for tasks to queue
[2022-06-30 00:12:38,402] {logging_mixin.py:115} INFO - [2022-06-30 00:12:38,402] {dagbag.py:507} INFO - Filling up the DagBag from /home/airflow/.local/lib/python3.7/site-packages/airflow/example_dags/tutorial.py
[2022-06-30 00:12:38,410] {processor.py:651} INFO - DAG(s) dict_keys(['tutorial']) retrieved from /home/airflow/.local/lib/python3.7/site-packages/airflow/example_dags/tutorial.py
[2022-06-30 00:12:38,444] {logging_mixin.py:115} INFO - [2022-06-30 00:12:38,444] {dag.py:2371} INFO - Sync 1 DAGs
[2022-06-30 00:12:38,614] {logging_mixin.py:115} INFO - [2022-06-30 00:12:38,614] {dag.py:2919} INFO - Setting next_dagrun for tutorial to 2022-06-29T00:12:38.614057+00:00, run_after=2022-06-30T00:12:38.614057+00:00
[2022-06-30 00:12:38,628] {processor.py:161} INFO - Processing /home/airflow/.local/lib/python3.7/site-packages/airflow/example_dags/tutorial.py took 0.232 seconds
[2022-06-30 00:13:08,760] {processor.py:153} INFO - Started process (PID=592) to work on /home/airflow/.local/lib/python3.7/site-packages/airflow/example_dags/tutorial.py
[2022-06-30 00:13:08,761] {processor.py:641} INFO - Processing file /home/airflow/.local/lib/python3.7/site-packages/airflow/example_dags/tutorial.py for tasks to queue
[2022-06-30 00:13:08,763] {logging_mixin.py:115} INFO - [2022-06-30 00:13:08,763] {dagbag.py:507} INFO - Filling up the DagBag from /home/airflow/.local/lib/python3.7/site-packages/airflow/example_dags/tutorial.py
[2022-06-30 00:13:08,770] {processor.py:651} INFO - DAG(s) dict_keys(['tutorial']) retrieved from /home/airflow/.local/lib/python3.7/site-packages/airflow/example_dags/tutorial.py
[2022-06-30 00:13:08,810] {logging_mixin.py:115} INFO - [2022-06-30 00:13:08,810] {dag.py:2371} INFO - Sync 1 DAGs
[2022-06-30 00:13:08,989] {logging_mixin.py:115} INFO - [2022-06-30 00:13:08,989] {dag.py:2919} INFO - Setting next_dagrun for tutorial to 2022-06-29T00:13:08.988664+00:00, run_after=2022-06-30T00:13:08.988664+00:00
[2022-06-30 00:13:09,003] {processor.py:161} INFO - Processing /home/airflow/.local/lib/python3.7/site-packages/airflow/example_dags/tutorial.py took 0.247 seconds
[2022-06-30 00:13:39,194] {processor.py:153} INFO - Started process (PID=659) to work on /home/airflow/.local/lib/python3.7/site-packages/airflow/example_dags/tutorial.py
[2022-06-30 00:13:39,195] {processor.py:641} INFO - Processing file /home/airflow/.local/lib/python3.7/site-packages/airflow/example_dags/tutorial.py for tasks to queue
[2022-06-30 00:13:39,197] {logging_mixin.py:115} INFO - [2022-06-30 00:13:39,197] {dagbag.py:507} INFO - Filling up the DagBag from /home/airflow/.local/lib/python3.7/site-packages/airflow/example_dags/tutorial.py
[2022-06-30 00:13:39,209] {processor.py:651} INFO - DAG(s) dict_keys(['tutorial']) retrieved from /home/airflow/.local/lib/python3.7/site-packages/airflow/example_dags/tutorial.py
[2022-06-30 00:13:39,255] {logging_mixin.py:115} INFO - [2022-06-30 00:13:39,255] {dag.py:2371} INFO - Sync 1 DAGs
[2022-06-30 00:13:39,446] {logging_mixin.py:115} INFO - [2022-06-30 00:13:39,446] {dag.py:2919} INFO - Setting next_dagrun for tutorial to 2022-06-29T00:13:39.446405+00:00, run_after=2022-06-30T00:13:39.446405+00:00
[2022-06-30 00:13:39,467] {processor.py:161} INFO - Processing /home/airflow/.local/lib/python3.7/site-packages/airflow/example_dags/tutorial.py took 0.279 seconds
[2022-06-30 00:14:09,515] {processor.py:153} INFO - Started process (PID=713) to work on /home/airflow/.local/lib/python3.7/site-packages/airflow/example_dags/tutorial.py
[2022-06-30 00:14:09,516] {processor.py:641} INFO - Processing file /home/airflow/.local/lib/python3.7/site-packages/airflow/example_dags/tutorial.py for tasks to queue
[2022-06-30 00:14:09,518] {logging_mixin.py:115} INFO - [2022-06-30 00:14:09,517] {dagbag.py:507} INFO - Filling up the DagBag from /home/airflow/.local/lib/python3.7/site-packages/airflow/example_dags/tutorial.py
[2022-06-30 00:14:09,526] {processor.py:651} INFO - DAG(s) dict_keys(['tutorial']) retrieved from /home/airflow/.local/lib/python3.7/site-packages/airflow/example_dags/tutorial.py
[2022-06-30 00:14:09,565] {logging_mixin.py:115} INFO - [2022-06-30 00:14:09,564] {dag.py:2371} INFO - Sync 1 DAGs
[2022-06-30 00:14:09,733] {logging_mixin.py:115} INFO - [2022-06-30 00:14:09,733] {dag.py:2919} INFO - Setting next_dagrun for tutorial to 2022-06-29T00:14:09.733464+00:00, run_after=2022-06-30T00:14:09.733464+00:00
[2022-06-30 00:14:09,747] {processor.py:161} INFO - Processing /home/airflow/.local/lib/python3.7/site-packages/airflow/example_dags/tutorial.py took 0.236 seconds
[2022-06-30 00:14:40,120] {processor.py:153} INFO - Started process (PID=777) to work on /home/airflow/.local/lib/python3.7/site-packages/airflow/example_dags/tutorial.py
[2022-06-30 00:14:40,121] {processor.py:641} INFO - Processing file /home/airflow/.local/lib/python3.7/site-packages/airflow/example_dags/tutorial.py for tasks to queue
[2022-06-30 00:14:40,122] {logging_mixin.py:115} INFO - [2022-06-30 00:14:40,122] {dagbag.py:507} INFO - Filling up the DagBag from /home/airflow/.local/lib/python3.7/site-packages/airflow/example_dags/tutorial.py
[2022-06-30 00:14:40,131] {processor.py:651} INFO - DAG(s) dict_keys(['tutorial']) retrieved from /home/airflow/.local/lib/python3.7/site-packages/airflow/example_dags/tutorial.py
[2022-06-30 00:14:40,173] {logging_mixin.py:115} INFO - [2022-06-30 00:14:40,172] {dag.py:2371} INFO - Sync 1 DAGs
[2022-06-30 00:14:40,347] {logging_mixin.py:115} INFO - [2022-06-30 00:14:40,347] {dag.py:2919} INFO - Setting next_dagrun for tutorial to 2022-06-29T00:14:40.347519+00:00, run_after=2022-06-30T00:14:40.347519+00:00
[2022-06-30 00:14:40,364] {processor.py:161} INFO - Processing /home/airflow/.local/lib/python3.7/site-packages/airflow/example_dags/tutorial.py took 0.249 seconds
[2022-06-30 00:15:11,708] {processor.py:153} INFO - Started process (PID=831) to work on /home/airflow/.local/lib/python3.7/site-packages/airflow/example_dags/tutorial.py
[2022-06-30 00:15:11,710] {processor.py:641} INFO - Processing file /home/airflow/.local/lib/python3.7/site-packages/airflow/example_dags/tutorial.py for tasks to queue
[2022-06-30 00:15:11,711] {logging_mixin.py:115} INFO - [2022-06-30 00:15:11,711] {dagbag.py:507} INFO - Filling up the DagBag from /home/airflow/.local/lib/python3.7/site-packages/airflow/example_dags/tutorial.py
[2022-06-30 00:15:11,722] {processor.py:651} INFO - DAG(s) dict_keys(['tutorial']) retrieved from /home/airflow/.local/lib/python3.7/site-packages/airflow/example_dags/tutorial.py
[2022-06-30 00:15:11,769] {logging_mixin.py:115} INFO - [2022-06-30 00:15:11,769] {dag.py:2371} INFO - Sync 1 DAGs
[2022-06-30 00:15:12,297] {logging_mixin.py:115} INFO - [2022-06-30 00:15:12,296] {dag.py:2919} INFO - Setting next_dagrun for tutorial to 2022-06-29T00:15:12.296584+00:00, run_after=2022-06-30T00:15:12.296584+00:00
[2022-06-30 00:15:12,320] {processor.py:161} INFO - Processing /home/airflow/.local/lib/python3.7/site-packages/airflow/example_dags/tutorial.py took 0.617 seconds
[2022-06-30 00:15:43,175] {processor.py:153} INFO - Started process (PID=897) to work on /home/airflow/.local/lib/python3.7/site-packages/airflow/example_dags/tutorial.py
[2022-06-30 00:15:43,176] {processor.py:641} INFO - Processing file /home/airflow/.local/lib/python3.7/site-packages/airflow/example_dags/tutorial.py for tasks to queue
[2022-06-30 00:15:43,178] {logging_mixin.py:115} INFO - [2022-06-30 00:15:43,178] {dagbag.py:507} INFO - Filling up the DagBag from /home/airflow/.local/lib/python3.7/site-packages/airflow/example_dags/tutorial.py
[2022-06-30 00:15:43,188] {processor.py:651} INFO - DAG(s) dict_keys(['tutorial']) retrieved from /home/airflow/.local/lib/python3.7/site-packages/airflow/example_dags/tutorial.py
[2022-06-30 00:15:43,238] {logging_mixin.py:115} INFO - [2022-06-30 00:15:43,238] {dag.py:2371} INFO - Sync 1 DAGs
[2022-06-30 00:15:43,412] {logging_mixin.py:115} INFO - [2022-06-30 00:15:43,412] {dag.py:2919} INFO - Setting next_dagrun for tutorial to 2022-06-29T00:15:43.412325+00:00, run_after=2022-06-30T00:15:43.412325+00:00
[2022-06-30 00:15:43,428] {processor.py:161} INFO - Processing /home/airflow/.local/lib/python3.7/site-packages/airflow/example_dags/tutorial.py took 0.258 seconds
[2022-06-30 00:16:13,590] {processor.py:153} INFO - Started process (PID=960) to work on /home/airflow/.local/lib/python3.7/site-packages/airflow/example_dags/tutorial.py
[2022-06-30 00:16:13,591] {processor.py:641} INFO - Processing file /home/airflow/.local/lib/python3.7/site-packages/airflow/example_dags/tutorial.py for tasks to queue
[2022-06-30 00:16:13,593] {logging_mixin.py:115} INFO - [2022-06-30 00:16:13,593] {dagbag.py:507} INFO - Filling up the DagBag from /home/airflow/.local/lib/python3.7/site-packages/airflow/example_dags/tutorial.py
[2022-06-30 00:16:13,606] {processor.py:651} INFO - DAG(s) dict_keys(['tutorial']) retrieved from /home/airflow/.local/lib/python3.7/site-packages/airflow/example_dags/tutorial.py
[2022-06-30 00:16:13,651] {logging_mixin.py:115} INFO - [2022-06-30 00:16:13,650] {dag.py:2371} INFO - Sync 1 DAGs
[2022-06-30 00:16:13,827] {logging_mixin.py:115} INFO - [2022-06-30 00:16:13,827] {dag.py:2919} INFO - Setting next_dagrun for tutorial to 2022-06-29T00:16:13.827532+00:00, run_after=2022-06-30T00:16:13.827532+00:00
[2022-06-30 00:16:13,844] {processor.py:161} INFO - Processing /home/airflow/.local/lib/python3.7/site-packages/airflow/example_dags/tutorial.py took 0.274 seconds
[2022-06-30 00:16:44,521] {processor.py:153} INFO - Started process (PID=1014) to work on /home/airflow/.local/lib/python3.7/site-packages/airflow/example_dags/tutorial.py
[2022-06-30 00:16:44,523] {processor.py:641} INFO - Processing file /home/airflow/.local/lib/python3.7/site-packages/airflow/example_dags/tutorial.py for tasks to queue
[2022-06-30 00:16:44,525] {logging_mixin.py:115} INFO - [2022-06-30 00:16:44,525] {dagbag.py:507} INFO - Filling up the DagBag from /home/airflow/.local/lib/python3.7/site-packages/airflow/example_dags/tutorial.py
[2022-06-30 00:16:44,539] {processor.py:651} INFO - DAG(s) dict_keys(['tutorial']) retrieved from /home/airflow/.local/lib/python3.7/site-packages/airflow/example_dags/tutorial.py
[2022-06-30 00:16:44,590] {logging_mixin.py:115} INFO - [2022-06-30 00:16:44,589] {dag.py:2371} INFO - Sync 1 DAGs
[2022-06-30 00:16:44,783] {logging_mixin.py:115} INFO - [2022-06-30 00:16:44,783] {dag.py:2919} INFO - Setting next_dagrun for tutorial to 2022-06-29T00:16:44.783417+00:00, run_after=2022-06-30T00:16:44.783417+00:00
[2022-06-30 00:16:44,800] {processor.py:161} INFO - Processing /home/airflow/.local/lib/python3.7/site-packages/airflow/example_dags/tutorial.py took 0.287 seconds
