[2022-06-30 00:08:32,346] {processor.py:153} INFO - Started process (PID=55) to work on /home/airflow/.local/lib/python3.7/site-packages/airflow/example_dags/tutorial_taskflow_api_etl.py
[2022-06-30 00:08:32,351] {processor.py:641} INFO - Processing file /home/airflow/.local/lib/python3.7/site-packages/airflow/example_dags/tutorial_taskflow_api_etl.py for tasks to queue
[2022-06-30 00:08:32,353] {logging_mixin.py:115} INFO - [2022-06-30 00:08:32,353] {dagbag.py:507} INFO - Filling up the DagBag from /home/airflow/.local/lib/python3.7/site-packages/airflow/example_dags/tutorial_taskflow_api_etl.py
[2022-06-30 00:08:32,388] {processor.py:651} INFO - DAG(s) dict_keys(['tutorial_taskflow_api_etl']) retrieved from /home/airflow/.local/lib/python3.7/site-packages/airflow/example_dags/tutorial_taskflow_api_etl.py
[2022-06-30 00:08:33,252] {logging_mixin.py:115} INFO - [2022-06-30 00:08:33,252] {manager.py:508} INFO - Created Permission View: can delete on DAG:tutorial_taskflow_api_etl
[2022-06-30 00:08:33,276] {logging_mixin.py:115} INFO - [2022-06-30 00:08:33,276] {manager.py:508} INFO - Created Permission View: can read on DAG:tutorial_taskflow_api_etl
[2022-06-30 00:08:33,288] {logging_mixin.py:115} INFO - [2022-06-30 00:08:33,288] {manager.py:508} INFO - Created Permission View: can edit on DAG:tutorial_taskflow_api_etl
[2022-06-30 00:08:33,290] {logging_mixin.py:115} INFO - [2022-06-30 00:08:33,289] {dag.py:2371} INFO - Sync 1 DAGs
[2022-06-30 00:08:33,313] {logging_mixin.py:115} INFO - [2022-06-30 00:08:33,312] {dag.py:2390} INFO - Creating ORM DAG for tutorial_taskflow_api_etl
[2022-06-30 00:08:33,339] {logging_mixin.py:115} INFO - [2022-06-30 00:08:33,339] {dag.py:2919} INFO - Setting next_dagrun for tutorial_taskflow_api_etl to None, run_after=None
[2022-06-30 00:08:33,372] {processor.py:161} INFO - Processing /home/airflow/.local/lib/python3.7/site-packages/airflow/example_dags/tutorial_taskflow_api_etl.py took 1.030 seconds
[2022-06-30 00:09:03,842] {processor.py:153} INFO - Started process (PID=121) to work on /home/airflow/.local/lib/python3.7/site-packages/airflow/example_dags/tutorial_taskflow_api_etl.py
[2022-06-30 00:09:03,843] {processor.py:641} INFO - Processing file /home/airflow/.local/lib/python3.7/site-packages/airflow/example_dags/tutorial_taskflow_api_etl.py for tasks to queue
[2022-06-30 00:09:03,845] {logging_mixin.py:115} INFO - [2022-06-30 00:09:03,845] {dagbag.py:507} INFO - Filling up the DagBag from /home/airflow/.local/lib/python3.7/site-packages/airflow/example_dags/tutorial_taskflow_api_etl.py
[2022-06-30 00:09:03,873] {processor.py:651} INFO - DAG(s) dict_keys(['tutorial_taskflow_api_etl']) retrieved from /home/airflow/.local/lib/python3.7/site-packages/airflow/example_dags/tutorial_taskflow_api_etl.py
[2022-06-30 00:09:04,123] {logging_mixin.py:115} INFO - [2022-06-30 00:09:04,123] {dag.py:2371} INFO - Sync 1 DAGs
[2022-06-30 00:09:04,150] {logging_mixin.py:115} INFO - [2022-06-30 00:09:04,150] {dag.py:2919} INFO - Setting next_dagrun for tutorial_taskflow_api_etl to None, run_after=None
[2022-06-30 00:09:04,173] {processor.py:161} INFO - Processing /home/airflow/.local/lib/python3.7/site-packages/airflow/example_dags/tutorial_taskflow_api_etl.py took 0.336 seconds
[2022-06-30 00:09:34,296] {processor.py:153} INFO - Started process (PID=175) to work on /home/airflow/.local/lib/python3.7/site-packages/airflow/example_dags/tutorial_taskflow_api_etl.py
[2022-06-30 00:09:34,298] {processor.py:641} INFO - Processing file /home/airflow/.local/lib/python3.7/site-packages/airflow/example_dags/tutorial_taskflow_api_etl.py for tasks to queue
[2022-06-30 00:09:34,300] {logging_mixin.py:115} INFO - [2022-06-30 00:09:34,300] {dagbag.py:507} INFO - Filling up the DagBag from /home/airflow/.local/lib/python3.7/site-packages/airflow/example_dags/tutorial_taskflow_api_etl.py
[2022-06-30 00:09:34,329] {processor.py:651} INFO - DAG(s) dict_keys(['tutorial_taskflow_api_etl']) retrieved from /home/airflow/.local/lib/python3.7/site-packages/airflow/example_dags/tutorial_taskflow_api_etl.py
[2022-06-30 00:09:34,581] {logging_mixin.py:115} INFO - [2022-06-30 00:09:34,581] {dag.py:2371} INFO - Sync 1 DAGs
[2022-06-30 00:09:34,617] {logging_mixin.py:115} INFO - [2022-06-30 00:09:34,617] {dag.py:2919} INFO - Setting next_dagrun for tutorial_taskflow_api_etl to None, run_after=None
[2022-06-30 00:09:34,632] {processor.py:161} INFO - Processing /home/airflow/.local/lib/python3.7/site-packages/airflow/example_dags/tutorial_taskflow_api_etl.py took 0.341 seconds
[2022-06-30 00:10:04,980] {processor.py:153} INFO - Started process (PID=239) to work on /home/airflow/.local/lib/python3.7/site-packages/airflow/example_dags/tutorial_taskflow_api_etl.py
[2022-06-30 00:10:04,981] {processor.py:641} INFO - Processing file /home/airflow/.local/lib/python3.7/site-packages/airflow/example_dags/tutorial_taskflow_api_etl.py for tasks to queue
[2022-06-30 00:10:04,984] {logging_mixin.py:115} INFO - [2022-06-30 00:10:04,983] {dagbag.py:507} INFO - Filling up the DagBag from /home/airflow/.local/lib/python3.7/site-packages/airflow/example_dags/tutorial_taskflow_api_etl.py
[2022-06-30 00:10:05,014] {processor.py:651} INFO - DAG(s) dict_keys(['tutorial_taskflow_api_etl']) retrieved from /home/airflow/.local/lib/python3.7/site-packages/airflow/example_dags/tutorial_taskflow_api_etl.py
[2022-06-30 00:10:05,336] {logging_mixin.py:115} INFO - [2022-06-30 00:10:05,336] {dag.py:2371} INFO - Sync 1 DAGs
[2022-06-30 00:10:05,372] {logging_mixin.py:115} INFO - [2022-06-30 00:10:05,372] {dag.py:2919} INFO - Setting next_dagrun for tutorial_taskflow_api_etl to None, run_after=None
[2022-06-30 00:10:05,394] {processor.py:161} INFO - Processing /home/airflow/.local/lib/python3.7/site-packages/airflow/example_dags/tutorial_taskflow_api_etl.py took 0.420 seconds
[2022-06-30 00:10:35,785] {processor.py:153} INFO - Started process (PID=292) to work on /home/airflow/.local/lib/python3.7/site-packages/airflow/example_dags/tutorial_taskflow_api_etl.py
[2022-06-30 00:10:35,787] {processor.py:641} INFO - Processing file /home/airflow/.local/lib/python3.7/site-packages/airflow/example_dags/tutorial_taskflow_api_etl.py for tasks to queue
[2022-06-30 00:10:35,789] {logging_mixin.py:115} INFO - [2022-06-30 00:10:35,789] {dagbag.py:507} INFO - Filling up the DagBag from /home/airflow/.local/lib/python3.7/site-packages/airflow/example_dags/tutorial_taskflow_api_etl.py
[2022-06-30 00:10:35,818] {processor.py:651} INFO - DAG(s) dict_keys(['tutorial_taskflow_api_etl']) retrieved from /home/airflow/.local/lib/python3.7/site-packages/airflow/example_dags/tutorial_taskflow_api_etl.py
[2022-06-30 00:10:36,076] {logging_mixin.py:115} INFO - [2022-06-30 00:10:36,076] {dag.py:2371} INFO - Sync 1 DAGs
[2022-06-30 00:10:36,111] {logging_mixin.py:115} INFO - [2022-06-30 00:10:36,110] {dag.py:2919} INFO - Setting next_dagrun for tutorial_taskflow_api_etl to None, run_after=None
[2022-06-30 00:10:36,137] {processor.py:161} INFO - Processing /home/airflow/.local/lib/python3.7/site-packages/airflow/example_dags/tutorial_taskflow_api_etl.py took 0.360 seconds
[2022-06-30 00:11:06,339] {processor.py:153} INFO - Started process (PID=356) to work on /home/airflow/.local/lib/python3.7/site-packages/airflow/example_dags/tutorial_taskflow_api_etl.py
[2022-06-30 00:11:06,342] {processor.py:641} INFO - Processing file /home/airflow/.local/lib/python3.7/site-packages/airflow/example_dags/tutorial_taskflow_api_etl.py for tasks to queue
[2022-06-30 00:11:06,344] {logging_mixin.py:115} INFO - [2022-06-30 00:11:06,344] {dagbag.py:507} INFO - Filling up the DagBag from /home/airflow/.local/lib/python3.7/site-packages/airflow/example_dags/tutorial_taskflow_api_etl.py
[2022-06-30 00:11:06,372] {processor.py:651} INFO - DAG(s) dict_keys(['tutorial_taskflow_api_etl']) retrieved from /home/airflow/.local/lib/python3.7/site-packages/airflow/example_dags/tutorial_taskflow_api_etl.py
[2022-06-30 00:11:06,610] {logging_mixin.py:115} INFO - [2022-06-30 00:11:06,610] {dag.py:2371} INFO - Sync 1 DAGs
[2022-06-30 00:11:06,638] {logging_mixin.py:115} INFO - [2022-06-30 00:11:06,638] {dag.py:2919} INFO - Setting next_dagrun for tutorial_taskflow_api_etl to None, run_after=None
[2022-06-30 00:11:06,658] {processor.py:161} INFO - Processing /home/airflow/.local/lib/python3.7/site-packages/airflow/example_dags/tutorial_taskflow_api_etl.py took 0.324 seconds
[2022-06-30 00:11:37,172] {processor.py:153} INFO - Started process (PID=411) to work on /home/airflow/.local/lib/python3.7/site-packages/airflow/example_dags/tutorial_taskflow_api_etl.py
[2022-06-30 00:11:37,173] {processor.py:641} INFO - Processing file /home/airflow/.local/lib/python3.7/site-packages/airflow/example_dags/tutorial_taskflow_api_etl.py for tasks to queue
[2022-06-30 00:11:37,174] {logging_mixin.py:115} INFO - [2022-06-30 00:11:37,174] {dagbag.py:507} INFO - Filling up the DagBag from /home/airflow/.local/lib/python3.7/site-packages/airflow/example_dags/tutorial_taskflow_api_etl.py
[2022-06-30 00:11:37,197] {processor.py:651} INFO - DAG(s) dict_keys(['tutorial_taskflow_api_etl']) retrieved from /home/airflow/.local/lib/python3.7/site-packages/airflow/example_dags/tutorial_taskflow_api_etl.py
[2022-06-30 00:11:37,434] {logging_mixin.py:115} INFO - [2022-06-30 00:11:37,434] {dag.py:2371} INFO - Sync 1 DAGs
[2022-06-30 00:11:37,458] {logging_mixin.py:115} INFO - [2022-06-30 00:11:37,458] {dag.py:2919} INFO - Setting next_dagrun for tutorial_taskflow_api_etl to None, run_after=None
[2022-06-30 00:11:37,474] {processor.py:161} INFO - Processing /home/airflow/.local/lib/python3.7/site-packages/airflow/example_dags/tutorial_taskflow_api_etl.py took 0.307 seconds
[2022-06-30 00:12:07,665] {processor.py:153} INFO - Started process (PID=475) to work on /home/airflow/.local/lib/python3.7/site-packages/airflow/example_dags/tutorial_taskflow_api_etl.py
[2022-06-30 00:12:07,667] {processor.py:641} INFO - Processing file /home/airflow/.local/lib/python3.7/site-packages/airflow/example_dags/tutorial_taskflow_api_etl.py for tasks to queue
[2022-06-30 00:12:07,669] {logging_mixin.py:115} INFO - [2022-06-30 00:12:07,669] {dagbag.py:507} INFO - Filling up the DagBag from /home/airflow/.local/lib/python3.7/site-packages/airflow/example_dags/tutorial_taskflow_api_etl.py
[2022-06-30 00:12:07,700] {processor.py:651} INFO - DAG(s) dict_keys(['tutorial_taskflow_api_etl']) retrieved from /home/airflow/.local/lib/python3.7/site-packages/airflow/example_dags/tutorial_taskflow_api_etl.py
[2022-06-30 00:12:08,179] {logging_mixin.py:115} INFO - [2022-06-30 00:12:08,179] {dag.py:2371} INFO - Sync 1 DAGs
[2022-06-30 00:12:08,214] {logging_mixin.py:115} INFO - [2022-06-30 00:12:08,214] {dag.py:2919} INFO - Setting next_dagrun for tutorial_taskflow_api_etl to None, run_after=None
[2022-06-30 00:12:08,243] {processor.py:161} INFO - Processing /home/airflow/.local/lib/python3.7/site-packages/airflow/example_dags/tutorial_taskflow_api_etl.py took 0.584 seconds
[2022-06-30 00:12:38,671] {processor.py:153} INFO - Started process (PID=529) to work on /home/airflow/.local/lib/python3.7/site-packages/airflow/example_dags/tutorial_taskflow_api_etl.py
[2022-06-30 00:12:38,673] {processor.py:641} INFO - Processing file /home/airflow/.local/lib/python3.7/site-packages/airflow/example_dags/tutorial_taskflow_api_etl.py for tasks to queue
[2022-06-30 00:12:38,674] {logging_mixin.py:115} INFO - [2022-06-30 00:12:38,674] {dagbag.py:507} INFO - Filling up the DagBag from /home/airflow/.local/lib/python3.7/site-packages/airflow/example_dags/tutorial_taskflow_api_etl.py
[2022-06-30 00:12:38,695] {processor.py:651} INFO - DAG(s) dict_keys(['tutorial_taskflow_api_etl']) retrieved from /home/airflow/.local/lib/python3.7/site-packages/airflow/example_dags/tutorial_taskflow_api_etl.py
[2022-06-30 00:12:38,937] {logging_mixin.py:115} INFO - [2022-06-30 00:12:38,937] {dag.py:2371} INFO - Sync 1 DAGs
[2022-06-30 00:12:38,962] {logging_mixin.py:115} INFO - [2022-06-30 00:12:38,961] {dag.py:2919} INFO - Setting next_dagrun for tutorial_taskflow_api_etl to None, run_after=None
[2022-06-30 00:12:38,978] {processor.py:161} INFO - Processing /home/airflow/.local/lib/python3.7/site-packages/airflow/example_dags/tutorial_taskflow_api_etl.py took 0.313 seconds
[2022-06-30 00:13:09,046] {processor.py:153} INFO - Started process (PID=594) to work on /home/airflow/.local/lib/python3.7/site-packages/airflow/example_dags/tutorial_taskflow_api_etl.py
[2022-06-30 00:13:09,048] {processor.py:641} INFO - Processing file /home/airflow/.local/lib/python3.7/site-packages/airflow/example_dags/tutorial_taskflow_api_etl.py for tasks to queue
[2022-06-30 00:13:09,049] {logging_mixin.py:115} INFO - [2022-06-30 00:13:09,048] {dagbag.py:507} INFO - Filling up the DagBag from /home/airflow/.local/lib/python3.7/site-packages/airflow/example_dags/tutorial_taskflow_api_etl.py
[2022-06-30 00:13:09,072] {processor.py:651} INFO - DAG(s) dict_keys(['tutorial_taskflow_api_etl']) retrieved from /home/airflow/.local/lib/python3.7/site-packages/airflow/example_dags/tutorial_taskflow_api_etl.py
[2022-06-30 00:13:09,316] {logging_mixin.py:115} INFO - [2022-06-30 00:13:09,316] {dag.py:2371} INFO - Sync 1 DAGs
[2022-06-30 00:13:09,345] {logging_mixin.py:115} INFO - [2022-06-30 00:13:09,345] {dag.py:2919} INFO - Setting next_dagrun for tutorial_taskflow_api_etl to None, run_after=None
[2022-06-30 00:13:09,365] {processor.py:161} INFO - Processing /home/airflow/.local/lib/python3.7/site-packages/airflow/example_dags/tutorial_taskflow_api_etl.py took 0.325 seconds
[2022-06-30 00:13:39,517] {processor.py:153} INFO - Started process (PID=661) to work on /home/airflow/.local/lib/python3.7/site-packages/airflow/example_dags/tutorial_taskflow_api_etl.py
[2022-06-30 00:13:39,519] {processor.py:641} INFO - Processing file /home/airflow/.local/lib/python3.7/site-packages/airflow/example_dags/tutorial_taskflow_api_etl.py for tasks to queue
[2022-06-30 00:13:39,520] {logging_mixin.py:115} INFO - [2022-06-30 00:13:39,520] {dagbag.py:507} INFO - Filling up the DagBag from /home/airflow/.local/lib/python3.7/site-packages/airflow/example_dags/tutorial_taskflow_api_etl.py
[2022-06-30 00:13:39,552] {processor.py:651} INFO - DAG(s) dict_keys(['tutorial_taskflow_api_etl']) retrieved from /home/airflow/.local/lib/python3.7/site-packages/airflow/example_dags/tutorial_taskflow_api_etl.py
[2022-06-30 00:13:39,813] {logging_mixin.py:115} INFO - [2022-06-30 00:13:39,813] {dag.py:2371} INFO - Sync 1 DAGs
[2022-06-30 00:13:39,842] {logging_mixin.py:115} INFO - [2022-06-30 00:13:39,842] {dag.py:2919} INFO - Setting next_dagrun for tutorial_taskflow_api_etl to None, run_after=None
[2022-06-30 00:13:39,861] {processor.py:161} INFO - Processing /home/airflow/.local/lib/python3.7/site-packages/airflow/example_dags/tutorial_taskflow_api_etl.py took 0.350 seconds
[2022-06-30 00:14:10,534] {processor.py:153} INFO - Started process (PID=715) to work on /home/airflow/.local/lib/python3.7/site-packages/airflow/example_dags/tutorial_taskflow_api_etl.py
[2022-06-30 00:14:10,535] {processor.py:641} INFO - Processing file /home/airflow/.local/lib/python3.7/site-packages/airflow/example_dags/tutorial_taskflow_api_etl.py for tasks to queue
[2022-06-30 00:14:10,536] {logging_mixin.py:115} INFO - [2022-06-30 00:14:10,536] {dagbag.py:507} INFO - Filling up the DagBag from /home/airflow/.local/lib/python3.7/site-packages/airflow/example_dags/tutorial_taskflow_api_etl.py
[2022-06-30 00:14:10,564] {processor.py:651} INFO - DAG(s) dict_keys(['tutorial_taskflow_api_etl']) retrieved from /home/airflow/.local/lib/python3.7/site-packages/airflow/example_dags/tutorial_taskflow_api_etl.py
[2022-06-30 00:14:10,743] {logging_mixin.py:115} INFO - [2022-06-30 00:14:10,742] {dag.py:2371} INFO - Sync 1 DAGs
[2022-06-30 00:14:10,773] {logging_mixin.py:115} INFO - [2022-06-30 00:14:10,772] {dag.py:2919} INFO - Setting next_dagrun for tutorial_taskflow_api_etl to None, run_after=None
[2022-06-30 00:14:10,787] {processor.py:161} INFO - Processing /home/airflow/.local/lib/python3.7/site-packages/airflow/example_dags/tutorial_taskflow_api_etl.py took 0.258 seconds
[2022-06-30 00:14:41,151] {processor.py:153} INFO - Started process (PID=779) to work on /home/airflow/.local/lib/python3.7/site-packages/airflow/example_dags/tutorial_taskflow_api_etl.py
[2022-06-30 00:14:41,152] {processor.py:641} INFO - Processing file /home/airflow/.local/lib/python3.7/site-packages/airflow/example_dags/tutorial_taskflow_api_etl.py for tasks to queue
[2022-06-30 00:14:41,154] {logging_mixin.py:115} INFO - [2022-06-30 00:14:41,154] {dagbag.py:507} INFO - Filling up the DagBag from /home/airflow/.local/lib/python3.7/site-packages/airflow/example_dags/tutorial_taskflow_api_etl.py
[2022-06-30 00:14:41,184] {processor.py:651} INFO - DAG(s) dict_keys(['tutorial_taskflow_api_etl']) retrieved from /home/airflow/.local/lib/python3.7/site-packages/airflow/example_dags/tutorial_taskflow_api_etl.py
[2022-06-30 00:14:41,364] {logging_mixin.py:115} INFO - [2022-06-30 00:14:41,364] {dag.py:2371} INFO - Sync 1 DAGs
[2022-06-30 00:14:41,394] {logging_mixin.py:115} INFO - [2022-06-30 00:14:41,394] {dag.py:2919} INFO - Setting next_dagrun for tutorial_taskflow_api_etl to None, run_after=None
[2022-06-30 00:14:41,410] {processor.py:161} INFO - Processing /home/airflow/.local/lib/python3.7/site-packages/airflow/example_dags/tutorial_taskflow_api_etl.py took 0.266 seconds
[2022-06-30 00:15:12,374] {processor.py:153} INFO - Started process (PID=833) to work on /home/airflow/.local/lib/python3.7/site-packages/airflow/example_dags/tutorial_taskflow_api_etl.py
[2022-06-30 00:15:12,376] {processor.py:641} INFO - Processing file /home/airflow/.local/lib/python3.7/site-packages/airflow/example_dags/tutorial_taskflow_api_etl.py for tasks to queue
[2022-06-30 00:15:12,378] {logging_mixin.py:115} INFO - [2022-06-30 00:15:12,378] {dagbag.py:507} INFO - Filling up the DagBag from /home/airflow/.local/lib/python3.7/site-packages/airflow/example_dags/tutorial_taskflow_api_etl.py
[2022-06-30 00:15:12,406] {processor.py:651} INFO - DAG(s) dict_keys(['tutorial_taskflow_api_etl']) retrieved from /home/airflow/.local/lib/python3.7/site-packages/airflow/example_dags/tutorial_taskflow_api_etl.py
[2022-06-30 00:15:12,605] {logging_mixin.py:115} INFO - [2022-06-30 00:15:12,605] {dag.py:2371} INFO - Sync 1 DAGs
[2022-06-30 00:15:12,646] {logging_mixin.py:115} INFO - [2022-06-30 00:15:12,646] {dag.py:2919} INFO - Setting next_dagrun for tutorial_taskflow_api_etl to None, run_after=None
[2022-06-30 00:15:12,661] {processor.py:161} INFO - Processing /home/airflow/.local/lib/python3.7/site-packages/airflow/example_dags/tutorial_taskflow_api_etl.py took 0.293 seconds
[2022-06-30 00:15:43,752] {processor.py:153} INFO - Started process (PID=899) to work on /home/airflow/.local/lib/python3.7/site-packages/airflow/example_dags/tutorial_taskflow_api_etl.py
[2022-06-30 00:15:43,754] {processor.py:641} INFO - Processing file /home/airflow/.local/lib/python3.7/site-packages/airflow/example_dags/tutorial_taskflow_api_etl.py for tasks to queue
[2022-06-30 00:15:43,755] {logging_mixin.py:115} INFO - [2022-06-30 00:15:43,755] {dagbag.py:507} INFO - Filling up the DagBag from /home/airflow/.local/lib/python3.7/site-packages/airflow/example_dags/tutorial_taskflow_api_etl.py
[2022-06-30 00:15:43,784] {processor.py:651} INFO - DAG(s) dict_keys(['tutorial_taskflow_api_etl']) retrieved from /home/airflow/.local/lib/python3.7/site-packages/airflow/example_dags/tutorial_taskflow_api_etl.py
[2022-06-30 00:15:44,013] {logging_mixin.py:115} INFO - [2022-06-30 00:15:44,013] {dag.py:2371} INFO - Sync 1 DAGs
[2022-06-30 00:15:44,041] {logging_mixin.py:115} INFO - [2022-06-30 00:15:44,041] {dag.py:2919} INFO - Setting next_dagrun for tutorial_taskflow_api_etl to None, run_after=None
[2022-06-30 00:15:44,067] {processor.py:161} INFO - Processing /home/airflow/.local/lib/python3.7/site-packages/airflow/example_dags/tutorial_taskflow_api_etl.py took 0.320 seconds
[2022-06-30 00:16:14,143] {processor.py:153} INFO - Started process (PID=962) to work on /home/airflow/.local/lib/python3.7/site-packages/airflow/example_dags/tutorial_taskflow_api_etl.py
[2022-06-30 00:16:14,144] {processor.py:641} INFO - Processing file /home/airflow/.local/lib/python3.7/site-packages/airflow/example_dags/tutorial_taskflow_api_etl.py for tasks to queue
[2022-06-30 00:16:14,145] {logging_mixin.py:115} INFO - [2022-06-30 00:16:14,145] {dagbag.py:507} INFO - Filling up the DagBag from /home/airflow/.local/lib/python3.7/site-packages/airflow/example_dags/tutorial_taskflow_api_etl.py
[2022-06-30 00:16:14,176] {processor.py:651} INFO - DAG(s) dict_keys(['tutorial_taskflow_api_etl']) retrieved from /home/airflow/.local/lib/python3.7/site-packages/airflow/example_dags/tutorial_taskflow_api_etl.py
[2022-06-30 00:16:14,349] {logging_mixin.py:115} INFO - [2022-06-30 00:16:14,349] {dag.py:2371} INFO - Sync 1 DAGs
[2022-06-30 00:16:14,374] {logging_mixin.py:115} INFO - [2022-06-30 00:16:14,374] {dag.py:2919} INFO - Setting next_dagrun for tutorial_taskflow_api_etl to None, run_after=None
[2022-06-30 00:16:14,394] {processor.py:161} INFO - Processing /home/airflow/.local/lib/python3.7/site-packages/airflow/example_dags/tutorial_taskflow_api_etl.py took 0.256 seconds
[2022-06-30 00:16:44,835] {processor.py:153} INFO - Started process (PID=1016) to work on /home/airflow/.local/lib/python3.7/site-packages/airflow/example_dags/tutorial_taskflow_api_etl.py
[2022-06-30 00:16:44,837] {processor.py:641} INFO - Processing file /home/airflow/.local/lib/python3.7/site-packages/airflow/example_dags/tutorial_taskflow_api_etl.py for tasks to queue
[2022-06-30 00:16:44,838] {logging_mixin.py:115} INFO - [2022-06-30 00:16:44,838] {dagbag.py:507} INFO - Filling up the DagBag from /home/airflow/.local/lib/python3.7/site-packages/airflow/example_dags/tutorial_taskflow_api_etl.py
[2022-06-30 00:16:44,864] {processor.py:651} INFO - DAG(s) dict_keys(['tutorial_taskflow_api_etl']) retrieved from /home/airflow/.local/lib/python3.7/site-packages/airflow/example_dags/tutorial_taskflow_api_etl.py
[2022-06-30 00:16:45,105] {logging_mixin.py:115} INFO - [2022-06-30 00:16:45,105] {dag.py:2371} INFO - Sync 1 DAGs
[2022-06-30 00:16:45,131] {logging_mixin.py:115} INFO - [2022-06-30 00:16:45,131] {dag.py:2919} INFO - Setting next_dagrun for tutorial_taskflow_api_etl to None, run_after=None
[2022-06-30 00:16:45,161] {processor.py:161} INFO - Processing /home/airflow/.local/lib/python3.7/site-packages/airflow/example_dags/tutorial_taskflow_api_etl.py took 0.330 seconds
