[2022-07-05 21:16:24,757] {taskinstance.py:1159} INFO - Dependencies all met for <TaskInstance: example_bash_operator.runme_2 scheduled__2022-07-04T00:00:00+00:00 [queued]>
[2022-07-05 21:16:24,781] {taskinstance.py:1159} INFO - Dependencies all met for <TaskInstance: example_bash_operator.runme_2 scheduled__2022-07-04T00:00:00+00:00 [queued]>
[2022-07-05 21:16:24,782] {taskinstance.py:1356} INFO - 
--------------------------------------------------------------------------------
[2022-07-05 21:16:24,783] {taskinstance.py:1357} INFO - Starting attempt 1 of 1
[2022-07-05 21:16:24,784] {taskinstance.py:1358} INFO - 
--------------------------------------------------------------------------------
[2022-07-05 21:16:24,843] {taskinstance.py:1377} INFO - Executing <Task(BashOperator): runme_2> on 2022-07-04 00:00:00+00:00
[2022-07-05 21:16:24,852] {standard_task_runner.py:52} INFO - Started process 187 to run task
[2022-07-05 21:16:24,863] {standard_task_runner.py:79} INFO - Running: ['***', 'tasks', 'run', 'example_bash_operator', 'runme_2', 'scheduled__2022-07-04T00:00:00+00:00', '--job-id', '11', '--raw', '--subdir', '/home/***/.local/lib/python3.7/site-packages/***/example_dags/example_bash_operator.py', '--cfg-path', '/tmp/tmpuc3gkxns', '--error-file', '/tmp/tmp6lqa80ss']
[2022-07-05 21:16:24,865] {standard_task_runner.py:80} INFO - Job 11: Subtask runme_2
[2022-07-05 21:16:25,015] {task_command.py:369} INFO - Running <TaskInstance: example_bash_operator.runme_2 scheduled__2022-07-04T00:00:00+00:00 [running]> on host 3e3038753a11
[2022-07-05 21:16:25,146] {taskinstance.py:1571} INFO - Exporting the following env vars:
AIRFLOW_CTX_DAG_OWNER=***
AIRFLOW_CTX_DAG_ID=example_bash_operator
AIRFLOW_CTX_TASK_ID=runme_2
AIRFLOW_CTX_EXECUTION_DATE=2022-07-04T00:00:00+00:00
AIRFLOW_CTX_TRY_NUMBER=1
AIRFLOW_CTX_DAG_RUN_ID=scheduled__2022-07-04T00:00:00+00:00
[2022-07-05 21:16:25,150] {subprocess.py:62} INFO - Tmp dir root location: 
 /tmp
[2022-07-05 21:16:25,152] {subprocess.py:74} INFO - Running command: ['bash', '-c', 'echo "example_bash_operator__runme_2__20220704" && sleep 1']
[2022-07-05 21:16:25,164] {subprocess.py:85} INFO - Output:
[2022-07-05 21:16:25,171] {subprocess.py:92} INFO - example_bash_operator__runme_2__20220704
[2022-07-05 21:16:26,180] {subprocess.py:96} INFO - Command exited with return code 0
[2022-07-05 21:16:26,244] {taskinstance.py:1400} INFO - Marking task as SUCCESS. dag_id=example_bash_operator, task_id=runme_2, execution_date=20220704T000000, start_date=20220705T211624, end_date=20220705T211626
[2022-07-05 21:16:26,287] {local_task_job.py:156} INFO - Task exited with return code 0
[2022-07-05 21:16:26,332] {local_task_job.py:273} INFO - 1 downstream tasks scheduled from follow-on schedule check
