[2022-07-05 21:16:27,519] {taskinstance.py:1159} INFO - Dependencies all met for <TaskInstance: example_bash_operator.run_after_loop scheduled__2022-07-04T00:00:00+00:00 [queued]>
[2022-07-05 21:16:27,531] {taskinstance.py:1159} INFO - Dependencies all met for <TaskInstance: example_bash_operator.run_after_loop scheduled__2022-07-04T00:00:00+00:00 [queued]>
[2022-07-05 21:16:27,531] {taskinstance.py:1356} INFO - 
--------------------------------------------------------------------------------
[2022-07-05 21:16:27,532] {taskinstance.py:1357} INFO - Starting attempt 1 of 1
[2022-07-05 21:16:27,532] {taskinstance.py:1358} INFO - 
--------------------------------------------------------------------------------
[2022-07-05 21:16:27,552] {taskinstance.py:1377} INFO - Executing <Task(BashOperator): run_after_loop> on 2022-07-04 00:00:00+00:00
[2022-07-05 21:16:27,559] {standard_task_runner.py:52} INFO - Started process 193 to run task
[2022-07-05 21:16:27,564] {standard_task_runner.py:79} INFO - Running: ['***', 'tasks', 'run', 'example_bash_operator', 'run_after_loop', 'scheduled__2022-07-04T00:00:00+00:00', '--job-id', '12', '--raw', '--subdir', '/home/***/.local/lib/python3.7/site-packages/***/example_dags/example_bash_operator.py', '--cfg-path', '/tmp/tmpun57h701', '--error-file', '/tmp/tmprxwj8nf2']
[2022-07-05 21:16:27,565] {standard_task_runner.py:80} INFO - Job 12: Subtask run_after_loop
[2022-07-05 21:16:27,637] {task_command.py:369} INFO - Running <TaskInstance: example_bash_operator.run_after_loop scheduled__2022-07-04T00:00:00+00:00 [running]> on host 3e3038753a11
[2022-07-05 21:16:27,726] {taskinstance.py:1571} INFO - Exporting the following env vars:
AIRFLOW_CTX_DAG_OWNER=***
AIRFLOW_CTX_DAG_ID=example_bash_operator
AIRFLOW_CTX_TASK_ID=run_after_loop
AIRFLOW_CTX_EXECUTION_DATE=2022-07-04T00:00:00+00:00
AIRFLOW_CTX_TRY_NUMBER=1
AIRFLOW_CTX_DAG_RUN_ID=scheduled__2022-07-04T00:00:00+00:00
[2022-07-05 21:16:27,728] {subprocess.py:62} INFO - Tmp dir root location: 
 /tmp
[2022-07-05 21:16:27,729] {subprocess.py:74} INFO - Running command: ['bash', '-c', 'echo 1']
[2022-07-05 21:16:27,744] {subprocess.py:85} INFO - Output:
[2022-07-05 21:16:27,746] {subprocess.py:92} INFO - 1
[2022-07-05 21:16:27,747] {subprocess.py:96} INFO - Command exited with return code 0
[2022-07-05 21:16:27,784] {taskinstance.py:1400} INFO - Marking task as SUCCESS. dag_id=example_bash_operator, task_id=run_after_loop, execution_date=20220704T000000, start_date=20220705T211627, end_date=20220705T211627
[2022-07-05 21:16:27,818] {local_task_job.py:156} INFO - Task exited with return code 0
[2022-07-05 21:16:27,863] {local_task_job.py:273} INFO - 0 downstream tasks scheduled from follow-on schedule check
