[2022-07-05 21:16:24,464] {taskinstance.py:1159} INFO - Dependencies all met for <TaskInstance: example_bash_operator.runme_1 scheduled__2022-07-04T00:00:00+00:00 [queued]>
[2022-07-05 21:16:24,494] {taskinstance.py:1159} INFO - Dependencies all met for <TaskInstance: example_bash_operator.runme_1 scheduled__2022-07-04T00:00:00+00:00 [queued]>
[2022-07-05 21:16:24,495] {taskinstance.py:1356} INFO - 
--------------------------------------------------------------------------------
[2022-07-05 21:16:24,496] {taskinstance.py:1357} INFO - Starting attempt 1 of 1
[2022-07-05 21:16:24,497] {taskinstance.py:1358} INFO - 
--------------------------------------------------------------------------------
[2022-07-05 21:16:24,532] {taskinstance.py:1377} INFO - Executing <Task(BashOperator): runme_1> on 2022-07-04 00:00:00+00:00
[2022-07-05 21:16:24,544] {standard_task_runner.py:52} INFO - Started process 183 to run task
[2022-07-05 21:16:24,558] {standard_task_runner.py:79} INFO - Running: ['***', 'tasks', 'run', 'example_bash_operator', 'runme_1', 'scheduled__2022-07-04T00:00:00+00:00', '--job-id', '8', '--raw', '--subdir', '/home/***/.local/lib/python3.7/site-packages/***/example_dags/example_bash_operator.py', '--cfg-path', '/tmp/tmppnekv_u1', '--error-file', '/tmp/tmp71zed1eg']
[2022-07-05 21:16:24,559] {standard_task_runner.py:80} INFO - Job 8: Subtask runme_1
[2022-07-05 21:16:24,650] {task_command.py:369} INFO - Running <TaskInstance: example_bash_operator.runme_1 scheduled__2022-07-04T00:00:00+00:00 [running]> on host 3e3038753a11
[2022-07-05 21:16:24,914] {taskinstance.py:1571} INFO - Exporting the following env vars:
AIRFLOW_CTX_DAG_OWNER=***
AIRFLOW_CTX_DAG_ID=example_bash_operator
AIRFLOW_CTX_TASK_ID=runme_1
AIRFLOW_CTX_EXECUTION_DATE=2022-07-04T00:00:00+00:00
AIRFLOW_CTX_TRY_NUMBER=1
AIRFLOW_CTX_DAG_RUN_ID=scheduled__2022-07-04T00:00:00+00:00
[2022-07-05 21:16:24,918] {subprocess.py:62} INFO - Tmp dir root location: 
 /tmp
[2022-07-05 21:16:24,920] {subprocess.py:74} INFO - Running command: ['bash', '-c', 'echo "example_bash_operator__runme_1__20220704" && sleep 1']
[2022-07-05 21:16:24,942] {subprocess.py:85} INFO - Output:
[2022-07-05 21:16:24,948] {subprocess.py:92} INFO - example_bash_operator__runme_1__20220704
[2022-07-05 21:16:25,954] {subprocess.py:96} INFO - Command exited with return code 0
[2022-07-05 21:16:26,024] {taskinstance.py:1400} INFO - Marking task as SUCCESS. dag_id=example_bash_operator, task_id=runme_1, execution_date=20220704T000000, start_date=20220705T211624, end_date=20220705T211626
[2022-07-05 21:16:26,105] {local_task_job.py:156} INFO - Task exited with return code 0
[2022-07-05 21:16:26,178] {local_task_job.py:273} INFO - 0 downstream tasks scheduled from follow-on schedule check
