[2022-07-05 21:16:24,279] {taskinstance.py:1159} INFO - Dependencies all met for <TaskInstance: example_bash_operator.runme_0 scheduled__2022-07-04T00:00:00+00:00 [queued]>
[2022-07-05 21:16:24,337] {taskinstance.py:1159} INFO - Dependencies all met for <TaskInstance: example_bash_operator.runme_0 scheduled__2022-07-04T00:00:00+00:00 [queued]>
[2022-07-05 21:16:24,339] {taskinstance.py:1356} INFO - 
--------------------------------------------------------------------------------
[2022-07-05 21:16:24,342] {taskinstance.py:1357} INFO - Starting attempt 1 of 1
[2022-07-05 21:16:24,346] {taskinstance.py:1358} INFO - 
--------------------------------------------------------------------------------
[2022-07-05 21:16:24,403] {taskinstance.py:1377} INFO - Executing <Task(BashOperator): runme_0> on 2022-07-04 00:00:00+00:00
[2022-07-05 21:16:24,414] {standard_task_runner.py:52} INFO - Started process 182 to run task
[2022-07-05 21:16:24,427] {standard_task_runner.py:79} INFO - Running: ['***', 'tasks', 'run', 'example_bash_operator', 'runme_0', 'scheduled__2022-07-04T00:00:00+00:00', '--job-id', '7', '--raw', '--subdir', '/home/***/.local/lib/python3.7/site-packages/***/example_dags/example_bash_operator.py', '--cfg-path', '/tmp/tmpcak3k449', '--error-file', '/tmp/tmpe36i7hua']
[2022-07-05 21:16:24,428] {standard_task_runner.py:80} INFO - Job 7: Subtask runme_0
[2022-07-05 21:16:24,579] {task_command.py:369} INFO - Running <TaskInstance: example_bash_operator.runme_0 scheduled__2022-07-04T00:00:00+00:00 [running]> on host 3e3038753a11
[2022-07-05 21:16:24,814] {taskinstance.py:1571} INFO - Exporting the following env vars:
AIRFLOW_CTX_DAG_OWNER=***
AIRFLOW_CTX_DAG_ID=example_bash_operator
AIRFLOW_CTX_TASK_ID=runme_0
AIRFLOW_CTX_EXECUTION_DATE=2022-07-04T00:00:00+00:00
AIRFLOW_CTX_TRY_NUMBER=1
AIRFLOW_CTX_DAG_RUN_ID=scheduled__2022-07-04T00:00:00+00:00
[2022-07-05 21:16:24,817] {subprocess.py:62} INFO - Tmp dir root location: 
 /tmp
[2022-07-05 21:16:24,819] {subprocess.py:74} INFO - Running command: ['bash', '-c', 'echo "example_bash_operator__runme_0__20220704" && sleep 1']
[2022-07-05 21:16:24,844] {subprocess.py:85} INFO - Output:
[2022-07-05 21:16:24,847] {subprocess.py:92} INFO - example_bash_operator__runme_0__20220704
[2022-07-05 21:16:25,851] {subprocess.py:96} INFO - Command exited with return code 0
[2022-07-05 21:16:25,901] {taskinstance.py:1400} INFO - Marking task as SUCCESS. dag_id=example_bash_operator, task_id=runme_0, execution_date=20220704T000000, start_date=20220705T211624, end_date=20220705T211625
[2022-07-05 21:16:25,966] {local_task_job.py:156} INFO - Task exited with return code 0
[2022-07-05 21:16:26,021] {local_task_job.py:273} INFO - 0 downstream tasks scheduled from follow-on schedule check
