[2022-07-08 02:36:34,822] {taskinstance.py:1159} INFO - Dependencies all met for <TaskInstance: client_processing_db.create_product scheduled__2022-07-07T00:00:00+00:00 [queued]>
[2022-07-08 02:36:34,837] {taskinstance.py:1159} INFO - Dependencies all met for <TaskInstance: client_processing_db.create_product scheduled__2022-07-07T00:00:00+00:00 [queued]>
[2022-07-08 02:36:34,839] {taskinstance.py:1356} INFO - 
--------------------------------------------------------------------------------
[2022-07-08 02:36:34,840] {taskinstance.py:1357} INFO - Starting attempt 1 of 1
[2022-07-08 02:36:34,841] {taskinstance.py:1358} INFO - 
--------------------------------------------------------------------------------
[2022-07-08 02:36:34,877] {taskinstance.py:1377} INFO - Executing <Task(MySqlOperator): create_product> on 2022-07-07 00:00:00+00:00
[2022-07-08 02:36:34,883] {standard_task_runner.py:52} INFO - Started process 11458 to run task
[2022-07-08 02:36:34,891] {standard_task_runner.py:79} INFO - Running: ['***', 'tasks', 'run', 'client_processing_db', 'create_product', 'scheduled__2022-07-07T00:00:00+00:00', '--job-id', '24', '--raw', '--subdir', 'DAGS_FOLDER/client_processing_db.py', '--cfg-path', '/tmp/tmplicb7hca', '--error-file', '/tmp/tmpyg1a2ycu']
[2022-07-08 02:36:34,892] {standard_task_runner.py:80} INFO - Job 24: Subtask create_product
[2022-07-08 02:36:35,003] {task_command.py:369} INFO - Running <TaskInstance: client_processing_db.create_product scheduled__2022-07-07T00:00:00+00:00 [running]> on host 3e3038753a11
[2022-07-08 02:36:35,370] {taskinstance.py:1571} INFO - Exporting the following env vars:
AIRFLOW_CTX_DAG_OWNER=***
AIRFLOW_CTX_DAG_ID=client_processing_db
AIRFLOW_CTX_TASK_ID=create_product
AIRFLOW_CTX_EXECUTION_DATE=2022-07-07T00:00:00+00:00
AIRFLOW_CTX_TRY_NUMBER=1
AIRFLOW_CTX_DAG_RUN_ID=scheduled__2022-07-07T00:00:00+00:00
[2022-07-08 02:36:35,377] {mysql.py:82} INFO - Executing: 
            CREATE TABLE IF NOT EXISTS product (
                users_id INT NOT NULL PRIMARY KEY AUTO_INCREMENT,
                firstname TEXT NOT NULL,
                lastname TEXT NOT NULL,
                country TEXT NOT NULL,
                username TEXT NOT NULL UNIQUE,
                password TEXT NOT NULL,
                email TEXT NOT NULL UNIQUE
            );
        
[2022-07-08 02:36:35,445] {base.py:68} INFO - Using connection ID 'postgres' for task execution.
[2022-07-08 02:37:35,630] {taskinstance.py:1889} ERROR - Task failed with exception
Traceback (most recent call last):
  File "/home/airflow/.local/lib/python3.7/site-packages/airflow/providers/mysql/operators/mysql.py", line 84, in execute
    hook.run(self.sql, autocommit=self.autocommit, parameters=self.parameters)
  File "/home/airflow/.local/lib/python3.7/site-packages/airflow/hooks/dbapi.py", line 181, in run
    with closing(self.get_conn()) as conn:
  File "/home/airflow/.local/lib/python3.7/site-packages/airflow/providers/mysql/hooks/mysql.py", line 166, in get_conn
    return MySQLdb.connect(**conn_config)
  File "/home/airflow/.local/lib/python3.7/site-packages/MySQLdb/__init__.py", line 123, in Connect
    return Connection(*args, **kwargs)
  File "/home/airflow/.local/lib/python3.7/site-packages/MySQLdb/connections.py", line 185, in __init__
    super().__init__(*args, **kwargs2)
MySQLdb._exceptions.OperationalError: (2013, "Lost connection to MySQL server at 'reading initial communication packet', system error: 0")
[2022-07-08 02:37:35,654] {taskinstance.py:1400} INFO - Marking task as FAILED. dag_id=client_processing_db, task_id=create_product, execution_date=20220707T000000, start_date=20220708T023634, end_date=20220708T023735
[2022-07-08 02:37:35,674] {standard_task_runner.py:97} ERROR - Failed to execute job 24 for task create_product ((2013, "Lost connection to MySQL server at 'reading initial communication packet', system error: 0"); 11458)
[2022-07-08 02:37:35,724] {local_task_job.py:156} INFO - Task exited with return code 1
[2022-07-08 02:37:35,779] {local_task_job.py:273} INFO - 0 downstream tasks scheduled from follow-on schedule check
