[2022-07-06 18:36:12,003] {processor.py:153} INFO - Started process (PID=56) to work on /home/airflow/.local/lib/python3.7/site-packages/airflow/example_dags/example_latest_only_with_trigger.py
[2022-07-06 18:36:12,013] {processor.py:641} INFO - Processing file /home/airflow/.local/lib/python3.7/site-packages/airflow/example_dags/example_latest_only_with_trigger.py for tasks to queue
[2022-07-06 18:36:12,016] {logging_mixin.py:115} INFO - [2022-07-06 18:36:12,016] {dagbag.py:507} INFO - Filling up the DagBag from /home/airflow/.local/lib/python3.7/site-packages/airflow/example_dags/example_latest_only_with_trigger.py
[2022-07-06 18:36:12,043] {processor.py:651} INFO - DAG(s) dict_keys(['latest_only_with_trigger']) retrieved from /home/airflow/.local/lib/python3.7/site-packages/airflow/example_dags/example_latest_only_with_trigger.py
[2022-07-06 18:36:12,144] {logging_mixin.py:115} INFO - [2022-07-06 18:36:12,144] {dag.py:2371} INFO - Sync 1 DAGs
[2022-07-06 18:36:12,214] {logging_mixin.py:115} INFO - [2022-07-06 18:36:12,214] {dag.py:2919} INFO - Setting next_dagrun for latest_only_with_trigger to 2022-07-06T14:36:12.214419+00:00, run_after=2022-07-06T18:36:12.214419+00:00
[2022-07-06 18:36:12,253] {processor.py:161} INFO - Processing /home/airflow/.local/lib/python3.7/site-packages/airflow/example_dags/example_latest_only_with_trigger.py took 0.264 seconds
[2022-07-06 18:36:42,440] {processor.py:153} INFO - Started process (PID=120) to work on /home/airflow/.local/lib/python3.7/site-packages/airflow/example_dags/example_latest_only_with_trigger.py
[2022-07-06 18:36:42,442] {processor.py:641} INFO - Processing file /home/airflow/.local/lib/python3.7/site-packages/airflow/example_dags/example_latest_only_with_trigger.py for tasks to queue
[2022-07-06 18:36:42,443] {logging_mixin.py:115} INFO - [2022-07-06 18:36:42,443] {dagbag.py:507} INFO - Filling up the DagBag from /home/airflow/.local/lib/python3.7/site-packages/airflow/example_dags/example_latest_only_with_trigger.py
[2022-07-06 18:36:42,453] {processor.py:651} INFO - DAG(s) dict_keys(['latest_only_with_trigger']) retrieved from /home/airflow/.local/lib/python3.7/site-packages/airflow/example_dags/example_latest_only_with_trigger.py
[2022-07-06 18:36:42,494] {logging_mixin.py:115} INFO - [2022-07-06 18:36:42,494] {dag.py:2371} INFO - Sync 1 DAGs
[2022-07-06 18:36:42,526] {logging_mixin.py:115} INFO - [2022-07-06 18:36:42,526] {dag.py:2919} INFO - Setting next_dagrun for latest_only_with_trigger to 2022-07-06T14:36:42.525889+00:00, run_after=2022-07-06T18:36:42.525889+00:00
[2022-07-06 18:36:42,543] {processor.py:161} INFO - Processing /home/airflow/.local/lib/python3.7/site-packages/airflow/example_dags/example_latest_only_with_trigger.py took 0.107 seconds
[2022-07-06 18:37:12,775] {processor.py:153} INFO - Started process (PID=173) to work on /home/airflow/.local/lib/python3.7/site-packages/airflow/example_dags/example_latest_only_with_trigger.py
[2022-07-06 18:37:12,776] {processor.py:641} INFO - Processing file /home/airflow/.local/lib/python3.7/site-packages/airflow/example_dags/example_latest_only_with_trigger.py for tasks to queue
[2022-07-06 18:37:12,778] {logging_mixin.py:115} INFO - [2022-07-06 18:37:12,778] {dagbag.py:507} INFO - Filling up the DagBag from /home/airflow/.local/lib/python3.7/site-packages/airflow/example_dags/example_latest_only_with_trigger.py
[2022-07-06 18:37:12,787] {processor.py:651} INFO - DAG(s) dict_keys(['latest_only_with_trigger']) retrieved from /home/airflow/.local/lib/python3.7/site-packages/airflow/example_dags/example_latest_only_with_trigger.py
[2022-07-06 18:37:12,822] {logging_mixin.py:115} INFO - [2022-07-06 18:37:12,822] {dag.py:2371} INFO - Sync 1 DAGs
[2022-07-06 18:37:12,851] {logging_mixin.py:115} INFO - [2022-07-06 18:37:12,851] {dag.py:2919} INFO - Setting next_dagrun for latest_only_with_trigger to 2022-07-06T14:37:12.851189+00:00, run_after=2022-07-06T18:37:12.851189+00:00
[2022-07-06 18:37:12,867] {processor.py:161} INFO - Processing /home/airflow/.local/lib/python3.7/site-packages/airflow/example_dags/example_latest_only_with_trigger.py took 0.096 seconds
[2022-07-06 18:37:43,095] {processor.py:153} INFO - Started process (PID=237) to work on /home/airflow/.local/lib/python3.7/site-packages/airflow/example_dags/example_latest_only_with_trigger.py
[2022-07-06 18:37:43,097] {processor.py:641} INFO - Processing file /home/airflow/.local/lib/python3.7/site-packages/airflow/example_dags/example_latest_only_with_trigger.py for tasks to queue
[2022-07-06 18:37:43,098] {logging_mixin.py:115} INFO - [2022-07-06 18:37:43,098] {dagbag.py:507} INFO - Filling up the DagBag from /home/airflow/.local/lib/python3.7/site-packages/airflow/example_dags/example_latest_only_with_trigger.py
[2022-07-06 18:37:43,107] {processor.py:651} INFO - DAG(s) dict_keys(['latest_only_with_trigger']) retrieved from /home/airflow/.local/lib/python3.7/site-packages/airflow/example_dags/example_latest_only_with_trigger.py
[2022-07-06 18:37:43,142] {logging_mixin.py:115} INFO - [2022-07-06 18:37:43,142] {dag.py:2371} INFO - Sync 1 DAGs
[2022-07-06 18:37:43,181] {logging_mixin.py:115} INFO - [2022-07-06 18:37:43,180] {dag.py:2919} INFO - Setting next_dagrun for latest_only_with_trigger to 2022-07-06T14:37:43.180569+00:00, run_after=2022-07-06T18:37:43.180569+00:00
[2022-07-06 18:37:43,198] {processor.py:161} INFO - Processing /home/airflow/.local/lib/python3.7/site-packages/airflow/example_dags/example_latest_only_with_trigger.py took 0.108 seconds
[2022-07-06 18:38:14,014] {processor.py:153} INFO - Started process (PID=291) to work on /home/airflow/.local/lib/python3.7/site-packages/airflow/example_dags/example_latest_only_with_trigger.py
[2022-07-06 18:38:14,015] {processor.py:641} INFO - Processing file /home/airflow/.local/lib/python3.7/site-packages/airflow/example_dags/example_latest_only_with_trigger.py for tasks to queue
[2022-07-06 18:38:14,019] {logging_mixin.py:115} INFO - [2022-07-06 18:38:14,019] {dagbag.py:507} INFO - Filling up the DagBag from /home/airflow/.local/lib/python3.7/site-packages/airflow/example_dags/example_latest_only_with_trigger.py
[2022-07-06 18:38:14,027] {processor.py:651} INFO - DAG(s) dict_keys(['latest_only_with_trigger']) retrieved from /home/airflow/.local/lib/python3.7/site-packages/airflow/example_dags/example_latest_only_with_trigger.py
[2022-07-06 18:38:14,102] {logging_mixin.py:115} INFO - [2022-07-06 18:38:14,102] {dag.py:2371} INFO - Sync 1 DAGs
[2022-07-06 18:38:14,146] {logging_mixin.py:115} INFO - [2022-07-06 18:38:14,146] {dag.py:2919} INFO - Setting next_dagrun for latest_only_with_trigger to 2022-07-06T14:38:14.145904+00:00, run_after=2022-07-06T18:38:14.145904+00:00
[2022-07-06 18:38:14,174] {processor.py:161} INFO - Processing /home/airflow/.local/lib/python3.7/site-packages/airflow/example_dags/example_latest_only_with_trigger.py took 0.164 seconds
[2022-07-06 18:38:44,886] {processor.py:153} INFO - Started process (PID=354) to work on /home/airflow/.local/lib/python3.7/site-packages/airflow/example_dags/example_latest_only_with_trigger.py
[2022-07-06 18:38:44,887] {processor.py:641} INFO - Processing file /home/airflow/.local/lib/python3.7/site-packages/airflow/example_dags/example_latest_only_with_trigger.py for tasks to queue
[2022-07-06 18:38:44,888] {logging_mixin.py:115} INFO - [2022-07-06 18:38:44,888] {dagbag.py:507} INFO - Filling up the DagBag from /home/airflow/.local/lib/python3.7/site-packages/airflow/example_dags/example_latest_only_with_trigger.py
[2022-07-06 18:38:44,896] {processor.py:651} INFO - DAG(s) dict_keys(['latest_only_with_trigger']) retrieved from /home/airflow/.local/lib/python3.7/site-packages/airflow/example_dags/example_latest_only_with_trigger.py
[2022-07-06 18:38:44,931] {logging_mixin.py:115} INFO - [2022-07-06 18:38:44,930] {dag.py:2371} INFO - Sync 1 DAGs
[2022-07-06 18:38:44,960] {logging_mixin.py:115} INFO - [2022-07-06 18:38:44,960] {dag.py:2919} INFO - Setting next_dagrun for latest_only_with_trigger to 2022-07-06T14:38:44.959978+00:00, run_after=2022-07-06T18:38:44.959978+00:00
[2022-07-06 18:38:44,976] {processor.py:161} INFO - Processing /home/airflow/.local/lib/python3.7/site-packages/airflow/example_dags/example_latest_only_with_trigger.py took 0.094 seconds
[2022-07-06 18:39:15,112] {processor.py:153} INFO - Started process (PID=419) to work on /home/airflow/.local/lib/python3.7/site-packages/airflow/example_dags/example_latest_only_with_trigger.py
[2022-07-06 18:39:15,113] {processor.py:641} INFO - Processing file /home/airflow/.local/lib/python3.7/site-packages/airflow/example_dags/example_latest_only_with_trigger.py for tasks to queue
[2022-07-06 18:39:15,115] {logging_mixin.py:115} INFO - [2022-07-06 18:39:15,115] {dagbag.py:507} INFO - Filling up the DagBag from /home/airflow/.local/lib/python3.7/site-packages/airflow/example_dags/example_latest_only_with_trigger.py
[2022-07-06 18:39:15,124] {processor.py:651} INFO - DAG(s) dict_keys(['latest_only_with_trigger']) retrieved from /home/airflow/.local/lib/python3.7/site-packages/airflow/example_dags/example_latest_only_with_trigger.py
[2022-07-06 18:39:15,161] {logging_mixin.py:115} INFO - [2022-07-06 18:39:15,160] {dag.py:2371} INFO - Sync 1 DAGs
[2022-07-06 18:39:15,191] {logging_mixin.py:115} INFO - [2022-07-06 18:39:15,191] {dag.py:2919} INFO - Setting next_dagrun for latest_only_with_trigger to 2022-07-06T14:39:15.191541+00:00, run_after=2022-07-06T18:39:15.191541+00:00
[2022-07-06 18:39:15,207] {processor.py:161} INFO - Processing /home/airflow/.local/lib/python3.7/site-packages/airflow/example_dags/example_latest_only_with_trigger.py took 0.100 seconds
[2022-07-06 18:39:45,639] {processor.py:153} INFO - Started process (PID=473) to work on /home/airflow/.local/lib/python3.7/site-packages/airflow/example_dags/example_latest_only_with_trigger.py
[2022-07-06 18:39:45,641] {processor.py:641} INFO - Processing file /home/airflow/.local/lib/python3.7/site-packages/airflow/example_dags/example_latest_only_with_trigger.py for tasks to queue
[2022-07-06 18:39:45,642] {logging_mixin.py:115} INFO - [2022-07-06 18:39:45,642] {dagbag.py:507} INFO - Filling up the DagBag from /home/airflow/.local/lib/python3.7/site-packages/airflow/example_dags/example_latest_only_with_trigger.py
[2022-07-06 18:39:45,650] {processor.py:651} INFO - DAG(s) dict_keys(['latest_only_with_trigger']) retrieved from /home/airflow/.local/lib/python3.7/site-packages/airflow/example_dags/example_latest_only_with_trigger.py
[2022-07-06 18:39:45,698] {logging_mixin.py:115} INFO - [2022-07-06 18:39:45,698] {dag.py:2371} INFO - Sync 1 DAGs
[2022-07-06 18:39:45,731] {logging_mixin.py:115} INFO - [2022-07-06 18:39:45,731] {dag.py:2919} INFO - Setting next_dagrun for latest_only_with_trigger to 2022-07-06T14:39:45.731251+00:00, run_after=2022-07-06T18:39:45.731251+00:00
[2022-07-06 18:39:45,750] {processor.py:161} INFO - Processing /home/airflow/.local/lib/python3.7/site-packages/airflow/example_dags/example_latest_only_with_trigger.py took 0.116 seconds
[2022-07-06 18:40:16,174] {processor.py:153} INFO - Started process (PID=537) to work on /home/airflow/.local/lib/python3.7/site-packages/airflow/example_dags/example_latest_only_with_trigger.py
[2022-07-06 18:40:16,176] {processor.py:641} INFO - Processing file /home/airflow/.local/lib/python3.7/site-packages/airflow/example_dags/example_latest_only_with_trigger.py for tasks to queue
[2022-07-06 18:40:16,178] {logging_mixin.py:115} INFO - [2022-07-06 18:40:16,178] {dagbag.py:507} INFO - Filling up the DagBag from /home/airflow/.local/lib/python3.7/site-packages/airflow/example_dags/example_latest_only_with_trigger.py
[2022-07-06 18:40:16,188] {processor.py:651} INFO - DAG(s) dict_keys(['latest_only_with_trigger']) retrieved from /home/airflow/.local/lib/python3.7/site-packages/airflow/example_dags/example_latest_only_with_trigger.py
[2022-07-06 18:40:16,231] {logging_mixin.py:115} INFO - [2022-07-06 18:40:16,231] {dag.py:2371} INFO - Sync 1 DAGs
[2022-07-06 18:40:16,280] {logging_mixin.py:115} INFO - [2022-07-06 18:40:16,280] {dag.py:2919} INFO - Setting next_dagrun for latest_only_with_trigger to 2022-07-06T14:40:16.279931+00:00, run_after=2022-07-06T18:40:16.279931+00:00
[2022-07-06 18:40:16,297] {processor.py:161} INFO - Processing /home/airflow/.local/lib/python3.7/site-packages/airflow/example_dags/example_latest_only_with_trigger.py took 0.130 seconds
[2022-07-06 18:40:46,621] {processor.py:153} INFO - Started process (PID=601) to work on /home/airflow/.local/lib/python3.7/site-packages/airflow/example_dags/example_latest_only_with_trigger.py
[2022-07-06 18:40:46,622] {processor.py:641} INFO - Processing file /home/airflow/.local/lib/python3.7/site-packages/airflow/example_dags/example_latest_only_with_trigger.py for tasks to queue
[2022-07-06 18:40:46,624] {logging_mixin.py:115} INFO - [2022-07-06 18:40:46,624] {dagbag.py:507} INFO - Filling up the DagBag from /home/airflow/.local/lib/python3.7/site-packages/airflow/example_dags/example_latest_only_with_trigger.py
[2022-07-06 18:40:46,632] {processor.py:651} INFO - DAG(s) dict_keys(['latest_only_with_trigger']) retrieved from /home/airflow/.local/lib/python3.7/site-packages/airflow/example_dags/example_latest_only_with_trigger.py
[2022-07-06 18:40:46,666] {logging_mixin.py:115} INFO - [2022-07-06 18:40:46,666] {dag.py:2371} INFO - Sync 1 DAGs
[2022-07-06 18:40:46,697] {logging_mixin.py:115} INFO - [2022-07-06 18:40:46,697] {dag.py:2919} INFO - Setting next_dagrun for latest_only_with_trigger to 2022-07-06T14:40:46.697066+00:00, run_after=2022-07-06T18:40:46.697066+00:00
[2022-07-06 18:40:46,712] {processor.py:161} INFO - Processing /home/airflow/.local/lib/python3.7/site-packages/airflow/example_dags/example_latest_only_with_trigger.py took 0.096 seconds
[2022-07-06 18:41:16,832] {processor.py:153} INFO - Started process (PID=655) to work on /home/airflow/.local/lib/python3.7/site-packages/airflow/example_dags/example_latest_only_with_trigger.py
[2022-07-06 18:41:16,833] {processor.py:641} INFO - Processing file /home/airflow/.local/lib/python3.7/site-packages/airflow/example_dags/example_latest_only_with_trigger.py for tasks to queue
[2022-07-06 18:41:16,834] {logging_mixin.py:115} INFO - [2022-07-06 18:41:16,834] {dagbag.py:507} INFO - Filling up the DagBag from /home/airflow/.local/lib/python3.7/site-packages/airflow/example_dags/example_latest_only_with_trigger.py
[2022-07-06 18:41:16,843] {processor.py:651} INFO - DAG(s) dict_keys(['latest_only_with_trigger']) retrieved from /home/airflow/.local/lib/python3.7/site-packages/airflow/example_dags/example_latest_only_with_trigger.py
[2022-07-06 18:41:16,875] {logging_mixin.py:115} INFO - [2022-07-06 18:41:16,874] {dag.py:2371} INFO - Sync 1 DAGs
[2022-07-06 18:41:16,905] {logging_mixin.py:115} INFO - [2022-07-06 18:41:16,905] {dag.py:2919} INFO - Setting next_dagrun for latest_only_with_trigger to 2022-07-06T14:41:16.905260+00:00, run_after=2022-07-06T18:41:16.905260+00:00
[2022-07-06 18:41:16,919] {processor.py:161} INFO - Processing /home/airflow/.local/lib/python3.7/site-packages/airflow/example_dags/example_latest_only_with_trigger.py took 0.092 seconds
[2022-07-06 18:41:47,082] {processor.py:153} INFO - Started process (PID=720) to work on /home/airflow/.local/lib/python3.7/site-packages/airflow/example_dags/example_latest_only_with_trigger.py
[2022-07-06 18:41:47,083] {processor.py:641} INFO - Processing file /home/airflow/.local/lib/python3.7/site-packages/airflow/example_dags/example_latest_only_with_trigger.py for tasks to queue
[2022-07-06 18:41:47,085] {logging_mixin.py:115} INFO - [2022-07-06 18:41:47,085] {dagbag.py:507} INFO - Filling up the DagBag from /home/airflow/.local/lib/python3.7/site-packages/airflow/example_dags/example_latest_only_with_trigger.py
[2022-07-06 18:41:47,094] {processor.py:651} INFO - DAG(s) dict_keys(['latest_only_with_trigger']) retrieved from /home/airflow/.local/lib/python3.7/site-packages/airflow/example_dags/example_latest_only_with_trigger.py
[2022-07-06 18:41:47,129] {logging_mixin.py:115} INFO - [2022-07-06 18:41:47,129] {dag.py:2371} INFO - Sync 1 DAGs
[2022-07-06 18:41:47,159] {logging_mixin.py:115} INFO - [2022-07-06 18:41:47,159] {dag.py:2919} INFO - Setting next_dagrun for latest_only_with_trigger to 2022-07-06T14:41:47.158632+00:00, run_after=2022-07-06T18:41:47.158632+00:00
[2022-07-06 18:41:47,174] {processor.py:161} INFO - Processing /home/airflow/.local/lib/python3.7/site-packages/airflow/example_dags/example_latest_only_with_trigger.py took 0.096 seconds
[2022-07-06 18:42:18,061] {processor.py:153} INFO - Started process (PID=772) to work on /home/airflow/.local/lib/python3.7/site-packages/airflow/example_dags/example_latest_only_with_trigger.py
[2022-07-06 18:42:18,062] {processor.py:641} INFO - Processing file /home/airflow/.local/lib/python3.7/site-packages/airflow/example_dags/example_latest_only_with_trigger.py for tasks to queue
[2022-07-06 18:42:18,063] {logging_mixin.py:115} INFO - [2022-07-06 18:42:18,063] {dagbag.py:507} INFO - Filling up the DagBag from /home/airflow/.local/lib/python3.7/site-packages/airflow/example_dags/example_latest_only_with_trigger.py
[2022-07-06 18:42:18,072] {processor.py:651} INFO - DAG(s) dict_keys(['latest_only_with_trigger']) retrieved from /home/airflow/.local/lib/python3.7/site-packages/airflow/example_dags/example_latest_only_with_trigger.py
[2022-07-06 18:42:18,104] {logging_mixin.py:115} INFO - [2022-07-06 18:42:18,104] {dag.py:2371} INFO - Sync 1 DAGs
[2022-07-06 18:42:18,133] {logging_mixin.py:115} INFO - [2022-07-06 18:42:18,133] {dag.py:2919} INFO - Setting next_dagrun for latest_only_with_trigger to 2022-07-06T14:42:18.132906+00:00, run_after=2022-07-06T18:42:18.132906+00:00
[2022-07-06 18:42:18,149] {processor.py:161} INFO - Processing /home/airflow/.local/lib/python3.7/site-packages/airflow/example_dags/example_latest_only_with_trigger.py took 0.092 seconds
[2022-07-06 18:42:48,896] {processor.py:153} INFO - Started process (PID=836) to work on /home/airflow/.local/lib/python3.7/site-packages/airflow/example_dags/example_latest_only_with_trigger.py
[2022-07-06 18:42:48,897] {processor.py:641} INFO - Processing file /home/airflow/.local/lib/python3.7/site-packages/airflow/example_dags/example_latest_only_with_trigger.py for tasks to queue
[2022-07-06 18:42:48,899] {logging_mixin.py:115} INFO - [2022-07-06 18:42:48,899] {dagbag.py:507} INFO - Filling up the DagBag from /home/airflow/.local/lib/python3.7/site-packages/airflow/example_dags/example_latest_only_with_trigger.py
[2022-07-06 18:42:48,914] {processor.py:651} INFO - DAG(s) dict_keys(['latest_only_with_trigger']) retrieved from /home/airflow/.local/lib/python3.7/site-packages/airflow/example_dags/example_latest_only_with_trigger.py
[2022-07-06 18:42:48,957] {logging_mixin.py:115} INFO - [2022-07-06 18:42:48,957] {dag.py:2371} INFO - Sync 1 DAGs
[2022-07-06 18:42:48,984] {logging_mixin.py:115} INFO - [2022-07-06 18:42:48,984] {dag.py:2919} INFO - Setting next_dagrun for latest_only_with_trigger to 2022-07-06T14:42:48.984179+00:00, run_after=2022-07-06T18:42:48.984179+00:00
[2022-07-06 18:42:49,003] {processor.py:161} INFO - Processing /home/airflow/.local/lib/python3.7/site-packages/airflow/example_dags/example_latest_only_with_trigger.py took 0.115 seconds
[2022-07-06 18:43:19,530] {processor.py:153} INFO - Started process (PID=903) to work on /home/airflow/.local/lib/python3.7/site-packages/airflow/example_dags/example_latest_only_with_trigger.py
[2022-07-06 18:43:19,531] {processor.py:641} INFO - Processing file /home/airflow/.local/lib/python3.7/site-packages/airflow/example_dags/example_latest_only_with_trigger.py for tasks to queue
[2022-07-06 18:43:19,533] {logging_mixin.py:115} INFO - [2022-07-06 18:43:19,533] {dagbag.py:507} INFO - Filling up the DagBag from /home/airflow/.local/lib/python3.7/site-packages/airflow/example_dags/example_latest_only_with_trigger.py
[2022-07-06 18:43:19,546] {processor.py:651} INFO - DAG(s) dict_keys(['latest_only_with_trigger']) retrieved from /home/airflow/.local/lib/python3.7/site-packages/airflow/example_dags/example_latest_only_with_trigger.py
[2022-07-06 18:43:19,579] {logging_mixin.py:115} INFO - [2022-07-06 18:43:19,579] {dag.py:2371} INFO - Sync 1 DAGs
[2022-07-06 18:43:19,607] {logging_mixin.py:115} INFO - [2022-07-06 18:43:19,606] {dag.py:2919} INFO - Setting next_dagrun for latest_only_with_trigger to 2022-07-06T14:43:19.606595+00:00, run_after=2022-07-06T18:43:19.606595+00:00
[2022-07-06 18:43:19,623] {processor.py:161} INFO - Processing /home/airflow/.local/lib/python3.7/site-packages/airflow/example_dags/example_latest_only_with_trigger.py took 0.100 seconds
[2022-07-06 18:43:50,390] {processor.py:153} INFO - Started process (PID=958) to work on /home/airflow/.local/lib/python3.7/site-packages/airflow/example_dags/example_latest_only_with_trigger.py
[2022-07-06 18:43:50,392] {processor.py:641} INFO - Processing file /home/airflow/.local/lib/python3.7/site-packages/airflow/example_dags/example_latest_only_with_trigger.py for tasks to queue
[2022-07-06 18:43:50,394] {logging_mixin.py:115} INFO - [2022-07-06 18:43:50,394] {dagbag.py:507} INFO - Filling up the DagBag from /home/airflow/.local/lib/python3.7/site-packages/airflow/example_dags/example_latest_only_with_trigger.py
[2022-07-06 18:43:50,406] {processor.py:651} INFO - DAG(s) dict_keys(['latest_only_with_trigger']) retrieved from /home/airflow/.local/lib/python3.7/site-packages/airflow/example_dags/example_latest_only_with_trigger.py
[2022-07-06 18:43:50,445] {logging_mixin.py:115} INFO - [2022-07-06 18:43:50,445] {dag.py:2371} INFO - Sync 1 DAGs
[2022-07-06 18:43:50,479] {logging_mixin.py:115} INFO - [2022-07-06 18:43:50,479] {dag.py:2919} INFO - Setting next_dagrun for latest_only_with_trigger to 2022-07-06T14:43:50.478929+00:00, run_after=2022-07-06T18:43:50.478929+00:00
[2022-07-06 18:43:50,498] {processor.py:161} INFO - Processing /home/airflow/.local/lib/python3.7/site-packages/airflow/example_dags/example_latest_only_with_trigger.py took 0.116 seconds
[2022-07-06 18:44:20,997] {processor.py:153} INFO - Started process (PID=1022) to work on /home/airflow/.local/lib/python3.7/site-packages/airflow/example_dags/example_latest_only_with_trigger.py
[2022-07-06 18:44:20,999] {processor.py:641} INFO - Processing file /home/airflow/.local/lib/python3.7/site-packages/airflow/example_dags/example_latest_only_with_trigger.py for tasks to queue
[2022-07-06 18:44:21,000] {logging_mixin.py:115} INFO - [2022-07-06 18:44:20,999] {dagbag.py:507} INFO - Filling up the DagBag from /home/airflow/.local/lib/python3.7/site-packages/airflow/example_dags/example_latest_only_with_trigger.py
[2022-07-06 18:44:21,008] {processor.py:651} INFO - DAG(s) dict_keys(['latest_only_with_trigger']) retrieved from /home/airflow/.local/lib/python3.7/site-packages/airflow/example_dags/example_latest_only_with_trigger.py
[2022-07-06 18:44:21,046] {logging_mixin.py:115} INFO - [2022-07-06 18:44:21,045] {dag.py:2371} INFO - Sync 1 DAGs
[2022-07-06 18:44:21,078] {logging_mixin.py:115} INFO - [2022-07-06 18:44:21,077] {dag.py:2919} INFO - Setting next_dagrun for latest_only_with_trigger to 2022-07-06T14:44:21.077596+00:00, run_after=2022-07-06T18:44:21.077596+00:00
[2022-07-06 18:44:21,094] {processor.py:161} INFO - Processing /home/airflow/.local/lib/python3.7/site-packages/airflow/example_dags/example_latest_only_with_trigger.py took 0.101 seconds
[2022-07-06 18:44:51,972] {processor.py:153} INFO - Started process (PID=1083) to work on /home/airflow/.local/lib/python3.7/site-packages/airflow/example_dags/example_latest_only_with_trigger.py
[2022-07-06 18:44:51,973] {processor.py:641} INFO - Processing file /home/airflow/.local/lib/python3.7/site-packages/airflow/example_dags/example_latest_only_with_trigger.py for tasks to queue
[2022-07-06 18:44:51,974] {logging_mixin.py:115} INFO - [2022-07-06 18:44:51,974] {dagbag.py:507} INFO - Filling up the DagBag from /home/airflow/.local/lib/python3.7/site-packages/airflow/example_dags/example_latest_only_with_trigger.py
[2022-07-06 18:44:51,986] {processor.py:651} INFO - DAG(s) dict_keys(['latest_only_with_trigger']) retrieved from /home/airflow/.local/lib/python3.7/site-packages/airflow/example_dags/example_latest_only_with_trigger.py
[2022-07-06 18:44:52,034] {logging_mixin.py:115} INFO - [2022-07-06 18:44:52,034] {dag.py:2371} INFO - Sync 1 DAGs
[2022-07-06 18:44:52,069] {logging_mixin.py:115} INFO - [2022-07-06 18:44:52,069] {dag.py:2919} INFO - Setting next_dagrun for latest_only_with_trigger to 2022-07-06T14:44:52.069040+00:00, run_after=2022-07-06T18:44:52.069040+00:00
[2022-07-06 18:44:52,085] {processor.py:161} INFO - Processing /home/airflow/.local/lib/python3.7/site-packages/airflow/example_dags/example_latest_only_with_trigger.py took 0.118 seconds
[2022-07-06 18:45:22,153] {processor.py:153} INFO - Started process (PID=1137) to work on /home/airflow/.local/lib/python3.7/site-packages/airflow/example_dags/example_latest_only_with_trigger.py
[2022-07-06 18:45:22,154] {processor.py:641} INFO - Processing file /home/airflow/.local/lib/python3.7/site-packages/airflow/example_dags/example_latest_only_with_trigger.py for tasks to queue
[2022-07-06 18:45:22,156] {logging_mixin.py:115} INFO - [2022-07-06 18:45:22,156] {dagbag.py:507} INFO - Filling up the DagBag from /home/airflow/.local/lib/python3.7/site-packages/airflow/example_dags/example_latest_only_with_trigger.py
[2022-07-06 18:45:22,164] {processor.py:651} INFO - DAG(s) dict_keys(['latest_only_with_trigger']) retrieved from /home/airflow/.local/lib/python3.7/site-packages/airflow/example_dags/example_latest_only_with_trigger.py
[2022-07-06 18:45:22,198] {logging_mixin.py:115} INFO - [2022-07-06 18:45:22,198] {dag.py:2371} INFO - Sync 1 DAGs
[2022-07-06 18:45:22,233] {logging_mixin.py:115} INFO - [2022-07-06 18:45:22,232] {dag.py:2919} INFO - Setting next_dagrun for latest_only_with_trigger to 2022-07-06T14:45:22.232623+00:00, run_after=2022-07-06T18:45:22.232623+00:00
[2022-07-06 18:45:22,256] {processor.py:161} INFO - Processing /home/airflow/.local/lib/python3.7/site-packages/airflow/example_dags/example_latest_only_with_trigger.py took 0.107 seconds
[2022-07-06 18:45:52,709] {processor.py:153} INFO - Started process (PID=1200) to work on /home/airflow/.local/lib/python3.7/site-packages/airflow/example_dags/example_latest_only_with_trigger.py
[2022-07-06 18:45:52,711] {processor.py:641} INFO - Processing file /home/airflow/.local/lib/python3.7/site-packages/airflow/example_dags/example_latest_only_with_trigger.py for tasks to queue
[2022-07-06 18:45:52,712] {logging_mixin.py:115} INFO - [2022-07-06 18:45:52,712] {dagbag.py:507} INFO - Filling up the DagBag from /home/airflow/.local/lib/python3.7/site-packages/airflow/example_dags/example_latest_only_with_trigger.py
[2022-07-06 18:45:52,721] {processor.py:651} INFO - DAG(s) dict_keys(['latest_only_with_trigger']) retrieved from /home/airflow/.local/lib/python3.7/site-packages/airflow/example_dags/example_latest_only_with_trigger.py
[2022-07-06 18:45:52,755] {logging_mixin.py:115} INFO - [2022-07-06 18:45:52,755] {dag.py:2371} INFO - Sync 1 DAGs
[2022-07-06 18:45:52,782] {logging_mixin.py:115} INFO - [2022-07-06 18:45:52,782] {dag.py:2919} INFO - Setting next_dagrun for latest_only_with_trigger to 2022-07-06T14:45:52.782550+00:00, run_after=2022-07-06T18:45:52.782550+00:00
[2022-07-06 18:45:52,798] {processor.py:161} INFO - Processing /home/airflow/.local/lib/python3.7/site-packages/airflow/example_dags/example_latest_only_with_trigger.py took 0.093 seconds
[2022-07-06 18:46:23,114] {processor.py:153} INFO - Started process (PID=1263) to work on /home/airflow/.local/lib/python3.7/site-packages/airflow/example_dags/example_latest_only_with_trigger.py
[2022-07-06 18:46:23,115] {processor.py:641} INFO - Processing file /home/airflow/.local/lib/python3.7/site-packages/airflow/example_dags/example_latest_only_with_trigger.py for tasks to queue
[2022-07-06 18:46:23,117] {logging_mixin.py:115} INFO - [2022-07-06 18:46:23,116] {dagbag.py:507} INFO - Filling up the DagBag from /home/airflow/.local/lib/python3.7/site-packages/airflow/example_dags/example_latest_only_with_trigger.py
[2022-07-06 18:46:23,130] {processor.py:651} INFO - DAG(s) dict_keys(['latest_only_with_trigger']) retrieved from /home/airflow/.local/lib/python3.7/site-packages/airflow/example_dags/example_latest_only_with_trigger.py
[2022-07-06 18:46:23,164] {logging_mixin.py:115} INFO - [2022-07-06 18:46:23,163] {dag.py:2371} INFO - Sync 1 DAGs
[2022-07-06 18:46:23,194] {logging_mixin.py:115} INFO - [2022-07-06 18:46:23,194] {dag.py:2919} INFO - Setting next_dagrun for latest_only_with_trigger to 2022-07-06T14:46:23.193764+00:00, run_after=2022-07-06T18:46:23.193764+00:00
[2022-07-06 18:46:23,214] {processor.py:161} INFO - Processing /home/airflow/.local/lib/python3.7/site-packages/airflow/example_dags/example_latest_only_with_trigger.py took 0.104 seconds
[2022-07-06 18:46:54,056] {processor.py:153} INFO - Started process (PID=1319) to work on /home/airflow/.local/lib/python3.7/site-packages/airflow/example_dags/example_latest_only_with_trigger.py
[2022-07-06 18:46:54,057] {processor.py:641} INFO - Processing file /home/airflow/.local/lib/python3.7/site-packages/airflow/example_dags/example_latest_only_with_trigger.py for tasks to queue
[2022-07-06 18:46:54,058] {logging_mixin.py:115} INFO - [2022-07-06 18:46:54,058] {dagbag.py:507} INFO - Filling up the DagBag from /home/airflow/.local/lib/python3.7/site-packages/airflow/example_dags/example_latest_only_with_trigger.py
[2022-07-06 18:46:54,066] {processor.py:651} INFO - DAG(s) dict_keys(['latest_only_with_trigger']) retrieved from /home/airflow/.local/lib/python3.7/site-packages/airflow/example_dags/example_latest_only_with_trigger.py
[2022-07-06 18:46:54,100] {logging_mixin.py:115} INFO - [2022-07-06 18:46:54,099] {dag.py:2371} INFO - Sync 1 DAGs
[2022-07-06 18:46:54,128] {logging_mixin.py:115} INFO - [2022-07-06 18:46:54,128] {dag.py:2919} INFO - Setting next_dagrun for latest_only_with_trigger to 2022-07-06T14:46:54.127819+00:00, run_after=2022-07-06T18:46:54.127819+00:00
[2022-07-06 18:46:54,143] {processor.py:161} INFO - Processing /home/airflow/.local/lib/python3.7/site-packages/airflow/example_dags/example_latest_only_with_trigger.py took 0.092 seconds
[2022-07-06 18:47:24,824] {processor.py:153} INFO - Started process (PID=1383) to work on /home/airflow/.local/lib/python3.7/site-packages/airflow/example_dags/example_latest_only_with_trigger.py
[2022-07-06 18:47:24,825] {processor.py:641} INFO - Processing file /home/airflow/.local/lib/python3.7/site-packages/airflow/example_dags/example_latest_only_with_trigger.py for tasks to queue
[2022-07-06 18:47:24,827] {logging_mixin.py:115} INFO - [2022-07-06 18:47:24,827] {dagbag.py:507} INFO - Filling up the DagBag from /home/airflow/.local/lib/python3.7/site-packages/airflow/example_dags/example_latest_only_with_trigger.py
[2022-07-06 18:47:24,836] {processor.py:651} INFO - DAG(s) dict_keys(['latest_only_with_trigger']) retrieved from /home/airflow/.local/lib/python3.7/site-packages/airflow/example_dags/example_latest_only_with_trigger.py
[2022-07-06 18:47:24,870] {logging_mixin.py:115} INFO - [2022-07-06 18:47:24,870] {dag.py:2371} INFO - Sync 1 DAGs
[2022-07-06 18:47:24,899] {logging_mixin.py:115} INFO - [2022-07-06 18:47:24,898] {dag.py:2919} INFO - Setting next_dagrun for latest_only_with_trigger to 2022-07-06T14:47:24.898544+00:00, run_after=2022-07-06T18:47:24.898544+00:00
[2022-07-06 18:47:24,914] {processor.py:161} INFO - Processing /home/airflow/.local/lib/python3.7/site-packages/airflow/example_dags/example_latest_only_with_trigger.py took 0.095 seconds
[2022-07-06 18:47:55,767] {processor.py:153} INFO - Started process (PID=1436) to work on /home/airflow/.local/lib/python3.7/site-packages/airflow/example_dags/example_latest_only_with_trigger.py
[2022-07-06 18:47:55,768] {processor.py:641} INFO - Processing file /home/airflow/.local/lib/python3.7/site-packages/airflow/example_dags/example_latest_only_with_trigger.py for tasks to queue
[2022-07-06 18:47:55,770] {logging_mixin.py:115} INFO - [2022-07-06 18:47:55,769] {dagbag.py:507} INFO - Filling up the DagBag from /home/airflow/.local/lib/python3.7/site-packages/airflow/example_dags/example_latest_only_with_trigger.py
[2022-07-06 18:47:55,777] {processor.py:651} INFO - DAG(s) dict_keys(['latest_only_with_trigger']) retrieved from /home/airflow/.local/lib/python3.7/site-packages/airflow/example_dags/example_latest_only_with_trigger.py
[2022-07-06 18:47:55,814] {logging_mixin.py:115} INFO - [2022-07-06 18:47:55,814] {dag.py:2371} INFO - Sync 1 DAGs
[2022-07-06 18:47:55,843] {logging_mixin.py:115} INFO - [2022-07-06 18:47:55,843] {dag.py:2919} INFO - Setting next_dagrun for latest_only_with_trigger to 2022-07-06T14:47:55.843236+00:00, run_after=2022-07-06T18:47:55.843236+00:00
[2022-07-06 18:47:55,860] {processor.py:161} INFO - Processing /home/airflow/.local/lib/python3.7/site-packages/airflow/example_dags/example_latest_only_with_trigger.py took 0.099 seconds
[2022-07-06 18:48:26,622] {processor.py:153} INFO - Started process (PID=1502) to work on /home/airflow/.local/lib/python3.7/site-packages/airflow/example_dags/example_latest_only_with_trigger.py
[2022-07-06 18:48:26,623] {processor.py:641} INFO - Processing file /home/airflow/.local/lib/python3.7/site-packages/airflow/example_dags/example_latest_only_with_trigger.py for tasks to queue
[2022-07-06 18:48:26,624] {logging_mixin.py:115} INFO - [2022-07-06 18:48:26,624] {dagbag.py:507} INFO - Filling up the DagBag from /home/airflow/.local/lib/python3.7/site-packages/airflow/example_dags/example_latest_only_with_trigger.py
[2022-07-06 18:48:26,631] {processor.py:651} INFO - DAG(s) dict_keys(['latest_only_with_trigger']) retrieved from /home/airflow/.local/lib/python3.7/site-packages/airflow/example_dags/example_latest_only_with_trigger.py
[2022-07-06 18:48:26,666] {logging_mixin.py:115} INFO - [2022-07-06 18:48:26,666] {dag.py:2371} INFO - Sync 1 DAGs
[2022-07-06 18:48:26,697] {logging_mixin.py:115} INFO - [2022-07-06 18:48:26,697] {dag.py:2919} INFO - Setting next_dagrun for latest_only_with_trigger to 2022-07-06T14:48:26.696875+00:00, run_after=2022-07-06T18:48:26.696875+00:00
[2022-07-06 18:48:26,717] {processor.py:161} INFO - Processing /home/airflow/.local/lib/python3.7/site-packages/airflow/example_dags/example_latest_only_with_trigger.py took 0.100 seconds
[2022-07-06 18:48:57,314] {processor.py:153} INFO - Started process (PID=1566) to work on /home/airflow/.local/lib/python3.7/site-packages/airflow/example_dags/example_latest_only_with_trigger.py
[2022-07-06 18:48:57,315] {processor.py:641} INFO - Processing file /home/airflow/.local/lib/python3.7/site-packages/airflow/example_dags/example_latest_only_with_trigger.py for tasks to queue
[2022-07-06 18:48:57,316] {logging_mixin.py:115} INFO - [2022-07-06 18:48:57,316] {dagbag.py:507} INFO - Filling up the DagBag from /home/airflow/.local/lib/python3.7/site-packages/airflow/example_dags/example_latest_only_with_trigger.py
[2022-07-06 18:48:57,325] {processor.py:651} INFO - DAG(s) dict_keys(['latest_only_with_trigger']) retrieved from /home/airflow/.local/lib/python3.7/site-packages/airflow/example_dags/example_latest_only_with_trigger.py
[2022-07-06 18:48:57,373] {logging_mixin.py:115} INFO - [2022-07-06 18:48:57,373] {dag.py:2371} INFO - Sync 1 DAGs
[2022-07-06 18:48:57,401] {logging_mixin.py:115} INFO - [2022-07-06 18:48:57,401] {dag.py:2919} INFO - Setting next_dagrun for latest_only_with_trigger to 2022-07-06T14:48:57.400887+00:00, run_after=2022-07-06T18:48:57.400887+00:00
[2022-07-06 18:48:57,417] {processor.py:161} INFO - Processing /home/airflow/.local/lib/python3.7/site-packages/airflow/example_dags/example_latest_only_with_trigger.py took 0.107 seconds
[2022-07-06 18:49:27,893] {processor.py:153} INFO - Started process (PID=1620) to work on /home/airflow/.local/lib/python3.7/site-packages/airflow/example_dags/example_latest_only_with_trigger.py
[2022-07-06 18:49:27,895] {processor.py:641} INFO - Processing file /home/airflow/.local/lib/python3.7/site-packages/airflow/example_dags/example_latest_only_with_trigger.py for tasks to queue
[2022-07-06 18:49:27,896] {logging_mixin.py:115} INFO - [2022-07-06 18:49:27,896] {dagbag.py:507} INFO - Filling up the DagBag from /home/airflow/.local/lib/python3.7/site-packages/airflow/example_dags/example_latest_only_with_trigger.py
[2022-07-06 18:49:27,903] {processor.py:651} INFO - DAG(s) dict_keys(['latest_only_with_trigger']) retrieved from /home/airflow/.local/lib/python3.7/site-packages/airflow/example_dags/example_latest_only_with_trigger.py
[2022-07-06 18:49:27,938] {logging_mixin.py:115} INFO - [2022-07-06 18:49:27,938] {dag.py:2371} INFO - Sync 1 DAGs
[2022-07-06 18:49:27,972] {logging_mixin.py:115} INFO - [2022-07-06 18:49:27,971] {dag.py:2919} INFO - Setting next_dagrun for latest_only_with_trigger to 2022-07-06T14:49:27.971548+00:00, run_after=2022-07-06T18:49:27.971548+00:00
[2022-07-06 18:49:27,987] {processor.py:161} INFO - Processing /home/airflow/.local/lib/python3.7/site-packages/airflow/example_dags/example_latest_only_with_trigger.py took 0.098 seconds
[2022-07-06 18:49:58,500] {processor.py:153} INFO - Started process (PID=1686) to work on /home/airflow/.local/lib/python3.7/site-packages/airflow/example_dags/example_latest_only_with_trigger.py
[2022-07-06 18:49:58,501] {processor.py:641} INFO - Processing file /home/airflow/.local/lib/python3.7/site-packages/airflow/example_dags/example_latest_only_with_trigger.py for tasks to queue
[2022-07-06 18:49:58,502] {logging_mixin.py:115} INFO - [2022-07-06 18:49:58,502] {dagbag.py:507} INFO - Filling up the DagBag from /home/airflow/.local/lib/python3.7/site-packages/airflow/example_dags/example_latest_only_with_trigger.py
[2022-07-06 18:49:58,509] {processor.py:651} INFO - DAG(s) dict_keys(['latest_only_with_trigger']) retrieved from /home/airflow/.local/lib/python3.7/site-packages/airflow/example_dags/example_latest_only_with_trigger.py
[2022-07-06 18:49:58,544] {logging_mixin.py:115} INFO - [2022-07-06 18:49:58,544] {dag.py:2371} INFO - Sync 1 DAGs
[2022-07-06 18:49:58,571] {logging_mixin.py:115} INFO - [2022-07-06 18:49:58,571] {dag.py:2919} INFO - Setting next_dagrun for latest_only_with_trigger to 2022-07-06T14:49:58.571450+00:00, run_after=2022-07-06T18:49:58.571450+00:00
[2022-07-06 18:49:58,588] {processor.py:161} INFO - Processing /home/airflow/.local/lib/python3.7/site-packages/airflow/example_dags/example_latest_only_with_trigger.py took 0.092 seconds
[2022-07-06 18:50:29,102] {processor.py:153} INFO - Started process (PID=1751) to work on /home/airflow/.local/lib/python3.7/site-packages/airflow/example_dags/example_latest_only_with_trigger.py
[2022-07-06 18:50:29,104] {processor.py:641} INFO - Processing file /home/airflow/.local/lib/python3.7/site-packages/airflow/example_dags/example_latest_only_with_trigger.py for tasks to queue
[2022-07-06 18:50:29,105] {logging_mixin.py:115} INFO - [2022-07-06 18:50:29,105] {dagbag.py:507} INFO - Filling up the DagBag from /home/airflow/.local/lib/python3.7/site-packages/airflow/example_dags/example_latest_only_with_trigger.py
[2022-07-06 18:50:29,113] {processor.py:651} INFO - DAG(s) dict_keys(['latest_only_with_trigger']) retrieved from /home/airflow/.local/lib/python3.7/site-packages/airflow/example_dags/example_latest_only_with_trigger.py
[2022-07-06 18:50:29,146] {logging_mixin.py:115} INFO - [2022-07-06 18:50:29,146] {dag.py:2371} INFO - Sync 1 DAGs
[2022-07-06 18:50:29,178] {logging_mixin.py:115} INFO - [2022-07-06 18:50:29,178] {dag.py:2919} INFO - Setting next_dagrun for latest_only_with_trigger to 2022-07-06T14:50:29.177956+00:00, run_after=2022-07-06T18:50:29.177956+00:00
[2022-07-06 18:50:29,194] {processor.py:161} INFO - Processing /home/airflow/.local/lib/python3.7/site-packages/airflow/example_dags/example_latest_only_with_trigger.py took 0.097 seconds
[2022-07-06 18:50:59,517] {processor.py:153} INFO - Started process (PID=1806) to work on /home/airflow/.local/lib/python3.7/site-packages/airflow/example_dags/example_latest_only_with_trigger.py
[2022-07-06 18:50:59,519] {processor.py:641} INFO - Processing file /home/airflow/.local/lib/python3.7/site-packages/airflow/example_dags/example_latest_only_with_trigger.py for tasks to queue
[2022-07-06 18:50:59,520] {logging_mixin.py:115} INFO - [2022-07-06 18:50:59,520] {dagbag.py:507} INFO - Filling up the DagBag from /home/airflow/.local/lib/python3.7/site-packages/airflow/example_dags/example_latest_only_with_trigger.py
[2022-07-06 18:50:59,528] {processor.py:651} INFO - DAG(s) dict_keys(['latest_only_with_trigger']) retrieved from /home/airflow/.local/lib/python3.7/site-packages/airflow/example_dags/example_latest_only_with_trigger.py
[2022-07-06 18:50:59,562] {logging_mixin.py:115} INFO - [2022-07-06 18:50:59,562] {dag.py:2371} INFO - Sync 1 DAGs
[2022-07-06 18:50:59,590] {logging_mixin.py:115} INFO - [2022-07-06 18:50:59,590] {dag.py:2919} INFO - Setting next_dagrun for latest_only_with_trigger to 2022-07-06T14:50:59.590065+00:00, run_after=2022-07-06T18:50:59.590065+00:00
[2022-07-06 18:50:59,606] {processor.py:161} INFO - Processing /home/airflow/.local/lib/python3.7/site-packages/airflow/example_dags/example_latest_only_with_trigger.py took 0.094 seconds
[2022-07-06 18:51:30,418] {processor.py:153} INFO - Started process (PID=1872) to work on /home/airflow/.local/lib/python3.7/site-packages/airflow/example_dags/example_latest_only_with_trigger.py
[2022-07-06 18:51:30,419] {processor.py:641} INFO - Processing file /home/airflow/.local/lib/python3.7/site-packages/airflow/example_dags/example_latest_only_with_trigger.py for tasks to queue
[2022-07-06 18:51:30,420] {logging_mixin.py:115} INFO - [2022-07-06 18:51:30,420] {dagbag.py:507} INFO - Filling up the DagBag from /home/airflow/.local/lib/python3.7/site-packages/airflow/example_dags/example_latest_only_with_trigger.py
[2022-07-06 18:51:30,429] {processor.py:651} INFO - DAG(s) dict_keys(['latest_only_with_trigger']) retrieved from /home/airflow/.local/lib/python3.7/site-packages/airflow/example_dags/example_latest_only_with_trigger.py
[2022-07-06 18:51:30,470] {logging_mixin.py:115} INFO - [2022-07-06 18:51:30,470] {dag.py:2371} INFO - Sync 1 DAGs
[2022-07-06 18:51:30,509] {logging_mixin.py:115} INFO - [2022-07-06 18:51:30,509] {dag.py:2919} INFO - Setting next_dagrun for latest_only_with_trigger to 2022-07-06T14:51:30.509169+00:00, run_after=2022-07-06T18:51:30.509169+00:00
[2022-07-06 18:51:30,526] {processor.py:161} INFO - Processing /home/airflow/.local/lib/python3.7/site-packages/airflow/example_dags/example_latest_only_with_trigger.py took 0.113 seconds
[2022-07-06 18:52:01,530] {processor.py:153} INFO - Started process (PID=1934) to work on /home/airflow/.local/lib/python3.7/site-packages/airflow/example_dags/example_latest_only_with_trigger.py
[2022-07-06 18:52:01,531] {processor.py:641} INFO - Processing file /home/airflow/.local/lib/python3.7/site-packages/airflow/example_dags/example_latest_only_with_trigger.py for tasks to queue
[2022-07-06 18:52:01,533] {logging_mixin.py:115} INFO - [2022-07-06 18:52:01,532] {dagbag.py:507} INFO - Filling up the DagBag from /home/airflow/.local/lib/python3.7/site-packages/airflow/example_dags/example_latest_only_with_trigger.py
[2022-07-06 18:52:01,541] {processor.py:651} INFO - DAG(s) dict_keys(['latest_only_with_trigger']) retrieved from /home/airflow/.local/lib/python3.7/site-packages/airflow/example_dags/example_latest_only_with_trigger.py
[2022-07-06 18:52:01,574] {logging_mixin.py:115} INFO - [2022-07-06 18:52:01,574] {dag.py:2371} INFO - Sync 1 DAGs
[2022-07-06 18:52:01,602] {logging_mixin.py:115} INFO - [2022-07-06 18:52:01,601] {dag.py:2919} INFO - Setting next_dagrun for latest_only_with_trigger to 2022-07-06T14:52:01.601590+00:00, run_after=2022-07-06T18:52:01.601590+00:00
[2022-07-06 18:52:01,618] {processor.py:161} INFO - Processing /home/airflow/.local/lib/python3.7/site-packages/airflow/example_dags/example_latest_only_with_trigger.py took 0.091 seconds
[2022-07-06 18:52:31,706] {processor.py:153} INFO - Started process (PID=1988) to work on /home/airflow/.local/lib/python3.7/site-packages/airflow/example_dags/example_latest_only_with_trigger.py
[2022-07-06 18:52:31,707] {processor.py:641} INFO - Processing file /home/airflow/.local/lib/python3.7/site-packages/airflow/example_dags/example_latest_only_with_trigger.py for tasks to queue
[2022-07-06 18:52:31,709] {logging_mixin.py:115} INFO - [2022-07-06 18:52:31,709] {dagbag.py:507} INFO - Filling up the DagBag from /home/airflow/.local/lib/python3.7/site-packages/airflow/example_dags/example_latest_only_with_trigger.py
[2022-07-06 18:52:31,717] {processor.py:651} INFO - DAG(s) dict_keys(['latest_only_with_trigger']) retrieved from /home/airflow/.local/lib/python3.7/site-packages/airflow/example_dags/example_latest_only_with_trigger.py
[2022-07-06 18:52:31,752] {logging_mixin.py:115} INFO - [2022-07-06 18:52:31,752] {dag.py:2371} INFO - Sync 1 DAGs
[2022-07-06 18:52:31,783] {logging_mixin.py:115} INFO - [2022-07-06 18:52:31,782] {dag.py:2919} INFO - Setting next_dagrun for latest_only_with_trigger to 2022-07-06T14:52:31.782555+00:00, run_after=2022-07-06T18:52:31.782555+00:00
[2022-07-06 18:52:31,800] {processor.py:161} INFO - Processing /home/airflow/.local/lib/python3.7/site-packages/airflow/example_dags/example_latest_only_with_trigger.py took 0.099 seconds
[2022-07-06 18:53:02,149] {processor.py:153} INFO - Started process (PID=2052) to work on /home/airflow/.local/lib/python3.7/site-packages/airflow/example_dags/example_latest_only_with_trigger.py
[2022-07-06 18:53:02,150] {processor.py:641} INFO - Processing file /home/airflow/.local/lib/python3.7/site-packages/airflow/example_dags/example_latest_only_with_trigger.py for tasks to queue
[2022-07-06 18:53:02,151] {logging_mixin.py:115} INFO - [2022-07-06 18:53:02,151] {dagbag.py:507} INFO - Filling up the DagBag from /home/airflow/.local/lib/python3.7/site-packages/airflow/example_dags/example_latest_only_with_trigger.py
[2022-07-06 18:53:02,159] {processor.py:651} INFO - DAG(s) dict_keys(['latest_only_with_trigger']) retrieved from /home/airflow/.local/lib/python3.7/site-packages/airflow/example_dags/example_latest_only_with_trigger.py
[2022-07-06 18:53:02,195] {logging_mixin.py:115} INFO - [2022-07-06 18:53:02,194] {dag.py:2371} INFO - Sync 1 DAGs
[2022-07-06 18:53:02,224] {logging_mixin.py:115} INFO - [2022-07-06 18:53:02,224] {dag.py:2919} INFO - Setting next_dagrun for latest_only_with_trigger to 2022-07-06T14:53:02.224408+00:00, run_after=2022-07-06T18:53:02.224408+00:00
[2022-07-06 18:53:02,241] {processor.py:161} INFO - Processing /home/airflow/.local/lib/python3.7/site-packages/airflow/example_dags/example_latest_only_with_trigger.py took 0.097 seconds
[2022-07-06 18:53:32,436] {processor.py:153} INFO - Started process (PID=2113) to work on /home/airflow/.local/lib/python3.7/site-packages/airflow/example_dags/example_latest_only_with_trigger.py
[2022-07-06 18:53:32,437] {processor.py:641} INFO - Processing file /home/airflow/.local/lib/python3.7/site-packages/airflow/example_dags/example_latest_only_with_trigger.py for tasks to queue
[2022-07-06 18:53:32,439] {logging_mixin.py:115} INFO - [2022-07-06 18:53:32,439] {dagbag.py:507} INFO - Filling up the DagBag from /home/airflow/.local/lib/python3.7/site-packages/airflow/example_dags/example_latest_only_with_trigger.py
[2022-07-06 18:53:32,449] {processor.py:651} INFO - DAG(s) dict_keys(['latest_only_with_trigger']) retrieved from /home/airflow/.local/lib/python3.7/site-packages/airflow/example_dags/example_latest_only_with_trigger.py
[2022-07-06 18:53:32,482] {logging_mixin.py:115} INFO - [2022-07-06 18:53:32,482] {dag.py:2371} INFO - Sync 1 DAGs
[2022-07-06 18:53:32,511] {logging_mixin.py:115} INFO - [2022-07-06 18:53:32,511] {dag.py:2919} INFO - Setting next_dagrun for latest_only_with_trigger to 2022-07-06T14:53:32.510858+00:00, run_after=2022-07-06T18:53:32.510858+00:00
[2022-07-06 18:53:32,527] {processor.py:161} INFO - Processing /home/airflow/.local/lib/python3.7/site-packages/airflow/example_dags/example_latest_only_with_trigger.py took 0.098 seconds
[2022-07-06 18:54:05,337] {processor.py:153} INFO - Started process (PID=2169) to work on /home/airflow/.local/lib/python3.7/site-packages/airflow/example_dags/example_latest_only_with_trigger.py
[2022-07-06 18:54:05,339] {processor.py:641} INFO - Processing file /home/airflow/.local/lib/python3.7/site-packages/airflow/example_dags/example_latest_only_with_trigger.py for tasks to queue
[2022-07-06 18:54:05,354] {logging_mixin.py:115} INFO - [2022-07-06 18:54:05,354] {dagbag.py:507} INFO - Filling up the DagBag from /home/airflow/.local/lib/python3.7/site-packages/airflow/example_dags/example_latest_only_with_trigger.py
[2022-07-06 18:54:05,368] {processor.py:651} INFO - DAG(s) dict_keys(['latest_only_with_trigger']) retrieved from /home/airflow/.local/lib/python3.7/site-packages/airflow/example_dags/example_latest_only_with_trigger.py
[2022-07-06 18:54:05,431] {logging_mixin.py:115} INFO - [2022-07-06 18:54:05,431] {dag.py:2371} INFO - Sync 1 DAGs
[2022-07-06 18:54:05,482] {logging_mixin.py:115} INFO - [2022-07-06 18:54:05,482] {dag.py:2919} INFO - Setting next_dagrun for latest_only_with_trigger to 2022-07-06T14:54:05.482031+00:00, run_after=2022-07-06T18:54:05.482031+00:00
[2022-07-06 18:54:05,514] {processor.py:161} INFO - Processing /home/airflow/.local/lib/python3.7/site-packages/airflow/example_dags/example_latest_only_with_trigger.py took 0.183 seconds
[2022-07-06 18:54:36,369] {processor.py:153} INFO - Started process (PID=2224) to work on /home/airflow/.local/lib/python3.7/site-packages/airflow/example_dags/example_latest_only_with_trigger.py
[2022-07-06 18:54:36,371] {processor.py:641} INFO - Processing file /home/airflow/.local/lib/python3.7/site-packages/airflow/example_dags/example_latest_only_with_trigger.py for tasks to queue
[2022-07-06 18:54:36,373] {logging_mixin.py:115} INFO - [2022-07-06 18:54:36,373] {dagbag.py:507} INFO - Filling up the DagBag from /home/airflow/.local/lib/python3.7/site-packages/airflow/example_dags/example_latest_only_with_trigger.py
[2022-07-06 18:54:36,394] {processor.py:651} INFO - DAG(s) dict_keys(['latest_only_with_trigger']) retrieved from /home/airflow/.local/lib/python3.7/site-packages/airflow/example_dags/example_latest_only_with_trigger.py
[2022-07-06 18:54:36,473] {logging_mixin.py:115} INFO - [2022-07-06 18:54:36,473] {dag.py:2371} INFO - Sync 1 DAGs
[2022-07-06 18:54:36,526] {logging_mixin.py:115} INFO - [2022-07-06 18:54:36,526] {dag.py:2919} INFO - Setting next_dagrun for latest_only_with_trigger to 2022-07-06T14:54:36.525373+00:00, run_after=2022-07-06T18:54:36.525373+00:00
[2022-07-06 18:54:36,559] {processor.py:161} INFO - Processing /home/airflow/.local/lib/python3.7/site-packages/airflow/example_dags/example_latest_only_with_trigger.py took 0.202 seconds
[2022-07-06 18:55:07,365] {processor.py:153} INFO - Started process (PID=2289) to work on /home/airflow/.local/lib/python3.7/site-packages/airflow/example_dags/example_latest_only_with_trigger.py
[2022-07-06 18:55:07,366] {processor.py:641} INFO - Processing file /home/airflow/.local/lib/python3.7/site-packages/airflow/example_dags/example_latest_only_with_trigger.py for tasks to queue
[2022-07-06 18:55:07,368] {logging_mixin.py:115} INFO - [2022-07-06 18:55:07,367] {dagbag.py:507} INFO - Filling up the DagBag from /home/airflow/.local/lib/python3.7/site-packages/airflow/example_dags/example_latest_only_with_trigger.py
[2022-07-06 18:55:07,376] {processor.py:651} INFO - DAG(s) dict_keys(['latest_only_with_trigger']) retrieved from /home/airflow/.local/lib/python3.7/site-packages/airflow/example_dags/example_latest_only_with_trigger.py
[2022-07-06 18:55:07,414] {logging_mixin.py:115} INFO - [2022-07-06 18:55:07,414] {dag.py:2371} INFO - Sync 1 DAGs
[2022-07-06 18:55:07,451] {logging_mixin.py:115} INFO - [2022-07-06 18:55:07,451] {dag.py:2919} INFO - Setting next_dagrun for latest_only_with_trigger to 2022-07-06T14:55:07.451222+00:00, run_after=2022-07-06T18:55:07.451222+00:00
[2022-07-06 18:55:07,468] {processor.py:161} INFO - Processing /home/airflow/.local/lib/python3.7/site-packages/airflow/example_dags/example_latest_only_with_trigger.py took 0.109 seconds
[2022-07-06 18:55:38,159] {processor.py:153} INFO - Started process (PID=2343) to work on /home/airflow/.local/lib/python3.7/site-packages/airflow/example_dags/example_latest_only_with_trigger.py
[2022-07-06 18:55:38,160] {processor.py:641} INFO - Processing file /home/airflow/.local/lib/python3.7/site-packages/airflow/example_dags/example_latest_only_with_trigger.py for tasks to queue
[2022-07-06 18:55:38,161] {logging_mixin.py:115} INFO - [2022-07-06 18:55:38,161] {dagbag.py:507} INFO - Filling up the DagBag from /home/airflow/.local/lib/python3.7/site-packages/airflow/example_dags/example_latest_only_with_trigger.py
[2022-07-06 18:55:38,169] {processor.py:651} INFO - DAG(s) dict_keys(['latest_only_with_trigger']) retrieved from /home/airflow/.local/lib/python3.7/site-packages/airflow/example_dags/example_latest_only_with_trigger.py
[2022-07-06 18:55:38,222] {logging_mixin.py:115} INFO - [2022-07-06 18:55:38,222] {dag.py:2371} INFO - Sync 1 DAGs
[2022-07-06 18:55:38,258] {logging_mixin.py:115} INFO - [2022-07-06 18:55:38,258] {dag.py:2919} INFO - Setting next_dagrun for latest_only_with_trigger to 2022-07-06T14:55:38.258181+00:00, run_after=2022-07-06T18:55:38.258181+00:00
[2022-07-06 18:55:38,273] {processor.py:161} INFO - Processing /home/airflow/.local/lib/python3.7/site-packages/airflow/example_dags/example_latest_only_with_trigger.py took 0.120 seconds
[2022-07-06 18:56:08,785] {processor.py:153} INFO - Started process (PID=2401) to work on /home/airflow/.local/lib/python3.7/site-packages/airflow/example_dags/example_latest_only_with_trigger.py
[2022-07-06 18:56:08,791] {processor.py:641} INFO - Processing file /home/airflow/.local/lib/python3.7/site-packages/airflow/example_dags/example_latest_only_with_trigger.py for tasks to queue
[2022-07-06 18:56:08,794] {logging_mixin.py:115} INFO - [2022-07-06 18:56:08,794] {dagbag.py:507} INFO - Filling up the DagBag from /home/airflow/.local/lib/python3.7/site-packages/airflow/example_dags/example_latest_only_with_trigger.py
[2022-07-06 18:56:08,811] {processor.py:651} INFO - DAG(s) dict_keys(['latest_only_with_trigger']) retrieved from /home/airflow/.local/lib/python3.7/site-packages/airflow/example_dags/example_latest_only_with_trigger.py
[2022-07-06 18:56:08,889] {logging_mixin.py:115} INFO - [2022-07-06 18:56:08,889] {dag.py:2371} INFO - Sync 1 DAGs
[2022-07-06 18:56:08,955] {logging_mixin.py:115} INFO - [2022-07-06 18:56:08,955] {dag.py:2919} INFO - Setting next_dagrun for latest_only_with_trigger to 2022-07-06T14:56:08.954958+00:00, run_after=2022-07-06T18:56:08.954958+00:00
[2022-07-06 18:56:08,981] {processor.py:161} INFO - Processing /home/airflow/.local/lib/python3.7/site-packages/airflow/example_dags/example_latest_only_with_trigger.py took 0.202 seconds
[2022-07-06 18:56:39,502] {processor.py:153} INFO - Started process (PID=2467) to work on /home/airflow/.local/lib/python3.7/site-packages/airflow/example_dags/example_latest_only_with_trigger.py
[2022-07-06 18:56:39,507] {processor.py:641} INFO - Processing file /home/airflow/.local/lib/python3.7/site-packages/airflow/example_dags/example_latest_only_with_trigger.py for tasks to queue
[2022-07-06 18:56:39,510] {logging_mixin.py:115} INFO - [2022-07-06 18:56:39,509] {dagbag.py:507} INFO - Filling up the DagBag from /home/airflow/.local/lib/python3.7/site-packages/airflow/example_dags/example_latest_only_with_trigger.py
[2022-07-06 18:56:39,523] {processor.py:651} INFO - DAG(s) dict_keys(['latest_only_with_trigger']) retrieved from /home/airflow/.local/lib/python3.7/site-packages/airflow/example_dags/example_latest_only_with_trigger.py
[2022-07-06 18:56:39,579] {logging_mixin.py:115} INFO - [2022-07-06 18:56:39,579] {dag.py:2371} INFO - Sync 1 DAGs
[2022-07-06 18:56:39,653] {logging_mixin.py:115} INFO - [2022-07-06 18:56:39,653] {dag.py:2919} INFO - Setting next_dagrun for latest_only_with_trigger to 2022-07-06T14:56:39.652686+00:00, run_after=2022-07-06T18:56:39.652686+00:00
[2022-07-06 18:56:39,703] {processor.py:161} INFO - Processing /home/airflow/.local/lib/python3.7/site-packages/airflow/example_dags/example_latest_only_with_trigger.py took 0.208 seconds
[2022-07-06 18:57:12,127] {processor.py:153} INFO - Started process (PID=2521) to work on /home/airflow/.local/lib/python3.7/site-packages/airflow/example_dags/example_latest_only_with_trigger.py
[2022-07-06 18:57:12,129] {processor.py:641} INFO - Processing file /home/airflow/.local/lib/python3.7/site-packages/airflow/example_dags/example_latest_only_with_trigger.py for tasks to queue
[2022-07-06 18:57:12,132] {logging_mixin.py:115} INFO - [2022-07-06 18:57:12,131] {dagbag.py:507} INFO - Filling up the DagBag from /home/airflow/.local/lib/python3.7/site-packages/airflow/example_dags/example_latest_only_with_trigger.py
[2022-07-06 18:57:12,146] {processor.py:651} INFO - DAG(s) dict_keys(['latest_only_with_trigger']) retrieved from /home/airflow/.local/lib/python3.7/site-packages/airflow/example_dags/example_latest_only_with_trigger.py
[2022-07-06 18:57:12,193] {logging_mixin.py:115} INFO - [2022-07-06 18:57:12,193] {dag.py:2371} INFO - Sync 1 DAGs
[2022-07-06 18:57:12,365] {logging_mixin.py:115} INFO - [2022-07-06 18:57:12,364] {dag.py:2919} INFO - Setting next_dagrun for latest_only_with_trigger to 2022-07-06T14:57:12.364269+00:00, run_after=2022-07-06T18:57:12.364269+00:00
[2022-07-06 18:57:12,397] {processor.py:161} INFO - Processing /home/airflow/.local/lib/python3.7/site-packages/airflow/example_dags/example_latest_only_with_trigger.py took 0.277 seconds
[2022-07-06 18:57:43,044] {processor.py:153} INFO - Started process (PID=2574) to work on /home/airflow/.local/lib/python3.7/site-packages/airflow/example_dags/example_latest_only_with_trigger.py
[2022-07-06 18:57:43,046] {processor.py:641} INFO - Processing file /home/airflow/.local/lib/python3.7/site-packages/airflow/example_dags/example_latest_only_with_trigger.py for tasks to queue
[2022-07-06 18:57:43,048] {logging_mixin.py:115} INFO - [2022-07-06 18:57:43,047] {dagbag.py:507} INFO - Filling up the DagBag from /home/airflow/.local/lib/python3.7/site-packages/airflow/example_dags/example_latest_only_with_trigger.py
[2022-07-06 18:57:43,055] {processor.py:651} INFO - DAG(s) dict_keys(['latest_only_with_trigger']) retrieved from /home/airflow/.local/lib/python3.7/site-packages/airflow/example_dags/example_latest_only_with_trigger.py
[2022-07-06 18:57:43,096] {logging_mixin.py:115} INFO - [2022-07-06 18:57:43,096] {dag.py:2371} INFO - Sync 1 DAGs
[2022-07-06 18:57:43,128] {logging_mixin.py:115} INFO - [2022-07-06 18:57:43,128] {dag.py:2919} INFO - Setting next_dagrun for latest_only_with_trigger to 2022-07-06T14:57:43.128166+00:00, run_after=2022-07-06T18:57:43.128166+00:00
[2022-07-06 18:57:43,144] {processor.py:161} INFO - Processing /home/airflow/.local/lib/python3.7/site-packages/airflow/example_dags/example_latest_only_with_trigger.py took 0.106 seconds
[2022-07-06 18:58:13,722] {processor.py:153} INFO - Started process (PID=2638) to work on /home/airflow/.local/lib/python3.7/site-packages/airflow/example_dags/example_latest_only_with_trigger.py
[2022-07-06 18:58:13,727] {processor.py:641} INFO - Processing file /home/airflow/.local/lib/python3.7/site-packages/airflow/example_dags/example_latest_only_with_trigger.py for tasks to queue
[2022-07-06 18:58:13,732] {logging_mixin.py:115} INFO - [2022-07-06 18:58:13,731] {dagbag.py:507} INFO - Filling up the DagBag from /home/airflow/.local/lib/python3.7/site-packages/airflow/example_dags/example_latest_only_with_trigger.py
[2022-07-06 18:58:13,750] {processor.py:651} INFO - DAG(s) dict_keys(['latest_only_with_trigger']) retrieved from /home/airflow/.local/lib/python3.7/site-packages/airflow/example_dags/example_latest_only_with_trigger.py
[2022-07-06 18:58:13,797] {logging_mixin.py:115} INFO - [2022-07-06 18:58:13,797] {dag.py:2371} INFO - Sync 1 DAGs
[2022-07-06 18:58:13,832] {logging_mixin.py:115} INFO - [2022-07-06 18:58:13,832] {dag.py:2919} INFO - Setting next_dagrun for latest_only_with_trigger to 2022-07-06T14:58:13.831583+00:00, run_after=2022-07-06T18:58:13.831583+00:00
[2022-07-06 18:58:13,848] {processor.py:161} INFO - Processing /home/airflow/.local/lib/python3.7/site-packages/airflow/example_dags/example_latest_only_with_trigger.py took 0.131 seconds
[2022-07-06 18:58:43,881] {processor.py:153} INFO - Started process (PID=2691) to work on /home/airflow/.local/lib/python3.7/site-packages/airflow/example_dags/example_latest_only_with_trigger.py
[2022-07-06 18:58:43,883] {processor.py:641} INFO - Processing file /home/airflow/.local/lib/python3.7/site-packages/airflow/example_dags/example_latest_only_with_trigger.py for tasks to queue
[2022-07-06 18:58:43,884] {logging_mixin.py:115} INFO - [2022-07-06 18:58:43,884] {dagbag.py:507} INFO - Filling up the DagBag from /home/airflow/.local/lib/python3.7/site-packages/airflow/example_dags/example_latest_only_with_trigger.py
[2022-07-06 18:58:43,892] {processor.py:651} INFO - DAG(s) dict_keys(['latest_only_with_trigger']) retrieved from /home/airflow/.local/lib/python3.7/site-packages/airflow/example_dags/example_latest_only_with_trigger.py
[2022-07-06 18:58:43,929] {logging_mixin.py:115} INFO - [2022-07-06 18:58:43,929] {dag.py:2371} INFO - Sync 1 DAGs
[2022-07-06 18:58:43,960] {logging_mixin.py:115} INFO - [2022-07-06 18:58:43,960] {dag.py:2919} INFO - Setting next_dagrun for latest_only_with_trigger to 2022-07-06T14:58:43.959760+00:00, run_after=2022-07-06T18:58:43.959760+00:00
[2022-07-06 18:58:43,976] {processor.py:161} INFO - Processing /home/airflow/.local/lib/python3.7/site-packages/airflow/example_dags/example_latest_only_with_trigger.py took 0.099 seconds
[2022-07-06 18:59:14,146] {processor.py:153} INFO - Started process (PID=2755) to work on /home/airflow/.local/lib/python3.7/site-packages/airflow/example_dags/example_latest_only_with_trigger.py
[2022-07-06 18:59:14,148] {processor.py:641} INFO - Processing file /home/airflow/.local/lib/python3.7/site-packages/airflow/example_dags/example_latest_only_with_trigger.py for tasks to queue
[2022-07-06 18:59:14,150] {logging_mixin.py:115} INFO - [2022-07-06 18:59:14,150] {dagbag.py:507} INFO - Filling up the DagBag from /home/airflow/.local/lib/python3.7/site-packages/airflow/example_dags/example_latest_only_with_trigger.py
[2022-07-06 18:59:14,162] {processor.py:651} INFO - DAG(s) dict_keys(['latest_only_with_trigger']) retrieved from /home/airflow/.local/lib/python3.7/site-packages/airflow/example_dags/example_latest_only_with_trigger.py
[2022-07-06 18:59:14,201] {logging_mixin.py:115} INFO - [2022-07-06 18:59:14,201] {dag.py:2371} INFO - Sync 1 DAGs
[2022-07-06 18:59:14,241] {logging_mixin.py:115} INFO - [2022-07-06 18:59:14,241] {dag.py:2919} INFO - Setting next_dagrun for latest_only_with_trigger to 2022-07-06T14:59:14.241448+00:00, run_after=2022-07-06T18:59:14.241448+00:00
[2022-07-06 18:59:14,260] {processor.py:161} INFO - Processing /home/airflow/.local/lib/python3.7/site-packages/airflow/example_dags/example_latest_only_with_trigger.py took 0.120 seconds
[2022-07-06 18:59:44,323] {processor.py:153} INFO - Started process (PID=2819) to work on /home/airflow/.local/lib/python3.7/site-packages/airflow/example_dags/example_latest_only_with_trigger.py
[2022-07-06 18:59:44,324] {processor.py:641} INFO - Processing file /home/airflow/.local/lib/python3.7/site-packages/airflow/example_dags/example_latest_only_with_trigger.py for tasks to queue
[2022-07-06 18:59:44,328] {logging_mixin.py:115} INFO - [2022-07-06 18:59:44,328] {dagbag.py:507} INFO - Filling up the DagBag from /home/airflow/.local/lib/python3.7/site-packages/airflow/example_dags/example_latest_only_with_trigger.py
[2022-07-06 18:59:44,339] {processor.py:651} INFO - DAG(s) dict_keys(['latest_only_with_trigger']) retrieved from /home/airflow/.local/lib/python3.7/site-packages/airflow/example_dags/example_latest_only_with_trigger.py
[2022-07-06 18:59:44,377] {logging_mixin.py:115} INFO - [2022-07-06 18:59:44,377] {dag.py:2371} INFO - Sync 1 DAGs
[2022-07-06 18:59:44,416] {logging_mixin.py:115} INFO - [2022-07-06 18:59:44,416] {dag.py:2919} INFO - Setting next_dagrun for latest_only_with_trigger to 2022-07-06T14:59:44.416007+00:00, run_after=2022-07-06T18:59:44.416007+00:00
[2022-07-06 18:59:44,434] {processor.py:161} INFO - Processing /home/airflow/.local/lib/python3.7/site-packages/airflow/example_dags/example_latest_only_with_trigger.py took 0.117 seconds
[2022-07-06 19:00:14,497] {processor.py:153} INFO - Started process (PID=2875) to work on /home/airflow/.local/lib/python3.7/site-packages/airflow/example_dags/example_latest_only_with_trigger.py
[2022-07-06 19:00:14,498] {processor.py:641} INFO - Processing file /home/airflow/.local/lib/python3.7/site-packages/airflow/example_dags/example_latest_only_with_trigger.py for tasks to queue
[2022-07-06 19:00:14,499] {logging_mixin.py:115} INFO - [2022-07-06 19:00:14,499] {dagbag.py:507} INFO - Filling up the DagBag from /home/airflow/.local/lib/python3.7/site-packages/airflow/example_dags/example_latest_only_with_trigger.py
[2022-07-06 19:00:14,508] {processor.py:651} INFO - DAG(s) dict_keys(['latest_only_with_trigger']) retrieved from /home/airflow/.local/lib/python3.7/site-packages/airflow/example_dags/example_latest_only_with_trigger.py
[2022-07-06 19:00:14,545] {logging_mixin.py:115} INFO - [2022-07-06 19:00:14,545] {dag.py:2371} INFO - Sync 1 DAGs
[2022-07-06 19:00:14,587] {logging_mixin.py:115} INFO - [2022-07-06 19:00:14,587] {dag.py:2919} INFO - Setting next_dagrun for latest_only_with_trigger to 2022-07-06T15:00:14.586846+00:00, run_after=2022-07-06T19:00:14.586846+00:00
[2022-07-06 19:00:14,610] {processor.py:161} INFO - Processing /home/airflow/.local/lib/python3.7/site-packages/airflow/example_dags/example_latest_only_with_trigger.py took 0.118 seconds
[2022-07-06 19:00:45,486] {processor.py:153} INFO - Started process (PID=2938) to work on /home/airflow/.local/lib/python3.7/site-packages/airflow/example_dags/example_latest_only_with_trigger.py
[2022-07-06 19:00:45,487] {processor.py:641} INFO - Processing file /home/airflow/.local/lib/python3.7/site-packages/airflow/example_dags/example_latest_only_with_trigger.py for tasks to queue
[2022-07-06 19:00:45,488] {logging_mixin.py:115} INFO - [2022-07-06 19:00:45,488] {dagbag.py:507} INFO - Filling up the DagBag from /home/airflow/.local/lib/python3.7/site-packages/airflow/example_dags/example_latest_only_with_trigger.py
[2022-07-06 19:00:45,496] {processor.py:651} INFO - DAG(s) dict_keys(['latest_only_with_trigger']) retrieved from /home/airflow/.local/lib/python3.7/site-packages/airflow/example_dags/example_latest_only_with_trigger.py
[2022-07-06 19:00:45,532] {logging_mixin.py:115} INFO - [2022-07-06 19:00:45,532] {dag.py:2371} INFO - Sync 1 DAGs
[2022-07-06 19:00:45,562] {logging_mixin.py:115} INFO - [2022-07-06 19:00:45,562] {dag.py:2919} INFO - Setting next_dagrun for latest_only_with_trigger to 2022-07-06T15:00:45.562200+00:00, run_after=2022-07-06T19:00:45.562200+00:00
[2022-07-06 19:00:45,578] {processor.py:161} INFO - Processing /home/airflow/.local/lib/python3.7/site-packages/airflow/example_dags/example_latest_only_with_trigger.py took 0.097 seconds
[2022-07-06 19:01:16,124] {processor.py:153} INFO - Started process (PID=2992) to work on /home/airflow/.local/lib/python3.7/site-packages/airflow/example_dags/example_latest_only_with_trigger.py
[2022-07-06 19:01:16,125] {processor.py:641} INFO - Processing file /home/airflow/.local/lib/python3.7/site-packages/airflow/example_dags/example_latest_only_with_trigger.py for tasks to queue
[2022-07-06 19:01:16,126] {logging_mixin.py:115} INFO - [2022-07-06 19:01:16,126] {dagbag.py:507} INFO - Filling up the DagBag from /home/airflow/.local/lib/python3.7/site-packages/airflow/example_dags/example_latest_only_with_trigger.py
[2022-07-06 19:01:16,135] {processor.py:651} INFO - DAG(s) dict_keys(['latest_only_with_trigger']) retrieved from /home/airflow/.local/lib/python3.7/site-packages/airflow/example_dags/example_latest_only_with_trigger.py
[2022-07-06 19:01:16,171] {logging_mixin.py:115} INFO - [2022-07-06 19:01:16,171] {dag.py:2371} INFO - Sync 1 DAGs
[2022-07-06 19:01:16,209] {logging_mixin.py:115} INFO - [2022-07-06 19:01:16,209] {dag.py:2919} INFO - Setting next_dagrun for latest_only_with_trigger to 2022-07-06T15:01:16.208827+00:00, run_after=2022-07-06T19:01:16.208827+00:00
[2022-07-06 19:01:16,226] {processor.py:161} INFO - Processing /home/airflow/.local/lib/python3.7/site-packages/airflow/example_dags/example_latest_only_with_trigger.py took 0.106 seconds
