[2022-07-06 18:36:12,429] {processor.py:153} INFO - Started process (PID=59) to work on /home/airflow/.local/lib/python3.7/site-packages/airflow/example_dags/example_xcomargs.py
[2022-07-06 18:36:12,431] {processor.py:641} INFO - Processing file /home/airflow/.local/lib/python3.7/site-packages/airflow/example_dags/example_xcomargs.py for tasks to queue
[2022-07-06 18:36:12,433] {logging_mixin.py:115} INFO - [2022-07-06 18:36:12,433] {dagbag.py:507} INFO - Filling up the DagBag from /home/airflow/.local/lib/python3.7/site-packages/airflow/example_dags/example_xcomargs.py
[2022-07-06 18:36:12,494] {processor.py:651} INFO - DAG(s) dict_keys(['example_xcom_args', 'example_xcom_args_with_operators']) retrieved from /home/airflow/.local/lib/python3.7/site-packages/airflow/example_dags/example_xcomargs.py
[2022-07-06 18:36:12,721] {logging_mixin.py:115} INFO - [2022-07-06 18:36:12,721] {dag.py:2371} INFO - Sync 2 DAGs
[2022-07-06 18:36:12,774] {logging_mixin.py:115} INFO - [2022-07-06 18:36:12,774] {dag.py:2919} INFO - Setting next_dagrun for example_xcom_args to None, run_after=None
[2022-07-06 18:36:12,775] {logging_mixin.py:115} INFO - [2022-07-06 18:36:12,775] {dag.py:2919} INFO - Setting next_dagrun for example_xcom_args_with_operators to None, run_after=None
[2022-07-06 18:36:13,030] {processor.py:161} INFO - Processing /home/airflow/.local/lib/python3.7/site-packages/airflow/example_dags/example_xcomargs.py took 0.608 seconds
[2022-07-06 18:36:43,734] {processor.py:153} INFO - Started process (PID=124) to work on /home/airflow/.local/lib/python3.7/site-packages/airflow/example_dags/example_xcomargs.py
[2022-07-06 18:36:43,736] {processor.py:641} INFO - Processing file /home/airflow/.local/lib/python3.7/site-packages/airflow/example_dags/example_xcomargs.py for tasks to queue
[2022-07-06 18:36:43,737] {logging_mixin.py:115} INFO - [2022-07-06 18:36:43,737] {dagbag.py:507} INFO - Filling up the DagBag from /home/airflow/.local/lib/python3.7/site-packages/airflow/example_dags/example_xcomargs.py
[2022-07-06 18:36:43,767] {processor.py:651} INFO - DAG(s) dict_keys(['example_xcom_args', 'example_xcom_args_with_operators']) retrieved from /home/airflow/.local/lib/python3.7/site-packages/airflow/example_dags/example_xcomargs.py
[2022-07-06 18:36:43,856] {logging_mixin.py:115} INFO - [2022-07-06 18:36:43,856] {dag.py:2371} INFO - Sync 2 DAGs
[2022-07-06 18:36:44,023] {logging_mixin.py:115} INFO - [2022-07-06 18:36:44,023] {dag.py:2919} INFO - Setting next_dagrun for example_xcom_args to None, run_after=None
[2022-07-06 18:36:44,024] {logging_mixin.py:115} INFO - [2022-07-06 18:36:44,024] {dag.py:2919} INFO - Setting next_dagrun for example_xcom_args_with_operators to None, run_after=None
[2022-07-06 18:36:44,042] {processor.py:161} INFO - Processing /home/airflow/.local/lib/python3.7/site-packages/airflow/example_dags/example_xcomargs.py took 0.311 seconds
[2022-07-06 18:37:14,159] {processor.py:153} INFO - Started process (PID=179) to work on /home/airflow/.local/lib/python3.7/site-packages/airflow/example_dags/example_xcomargs.py
[2022-07-06 18:37:14,160] {processor.py:641} INFO - Processing file /home/airflow/.local/lib/python3.7/site-packages/airflow/example_dags/example_xcomargs.py for tasks to queue
[2022-07-06 18:37:14,161] {logging_mixin.py:115} INFO - [2022-07-06 18:37:14,161] {dagbag.py:507} INFO - Filling up the DagBag from /home/airflow/.local/lib/python3.7/site-packages/airflow/example_dags/example_xcomargs.py
[2022-07-06 18:37:14,184] {processor.py:651} INFO - DAG(s) dict_keys(['example_xcom_args', 'example_xcom_args_with_operators']) retrieved from /home/airflow/.local/lib/python3.7/site-packages/airflow/example_dags/example_xcomargs.py
[2022-07-06 18:37:14,266] {logging_mixin.py:115} INFO - [2022-07-06 18:37:14,266] {dag.py:2371} INFO - Sync 2 DAGs
[2022-07-06 18:37:14,424] {logging_mixin.py:115} INFO - [2022-07-06 18:37:14,424] {dag.py:2919} INFO - Setting next_dagrun for example_xcom_args to None, run_after=None
[2022-07-06 18:37:14,426] {logging_mixin.py:115} INFO - [2022-07-06 18:37:14,426] {dag.py:2919} INFO - Setting next_dagrun for example_xcom_args_with_operators to None, run_after=None
[2022-07-06 18:37:14,444] {processor.py:161} INFO - Processing /home/airflow/.local/lib/python3.7/site-packages/airflow/example_dags/example_xcomargs.py took 0.290 seconds
[2022-07-06 18:37:44,580] {processor.py:153} INFO - Started process (PID=243) to work on /home/airflow/.local/lib/python3.7/site-packages/airflow/example_dags/example_xcomargs.py
[2022-07-06 18:37:44,581] {processor.py:641} INFO - Processing file /home/airflow/.local/lib/python3.7/site-packages/airflow/example_dags/example_xcomargs.py for tasks to queue
[2022-07-06 18:37:44,582] {logging_mixin.py:115} INFO - [2022-07-06 18:37:44,582] {dagbag.py:507} INFO - Filling up the DagBag from /home/airflow/.local/lib/python3.7/site-packages/airflow/example_dags/example_xcomargs.py
[2022-07-06 18:37:44,605] {processor.py:651} INFO - DAG(s) dict_keys(['example_xcom_args', 'example_xcom_args_with_operators']) retrieved from /home/airflow/.local/lib/python3.7/site-packages/airflow/example_dags/example_xcomargs.py
[2022-07-06 18:37:44,689] {logging_mixin.py:115} INFO - [2022-07-06 18:37:44,689] {dag.py:2371} INFO - Sync 2 DAGs
[2022-07-06 18:37:44,846] {logging_mixin.py:115} INFO - [2022-07-06 18:37:44,845] {dag.py:2919} INFO - Setting next_dagrun for example_xcom_args to None, run_after=None
[2022-07-06 18:37:44,847] {logging_mixin.py:115} INFO - [2022-07-06 18:37:44,847] {dag.py:2919} INFO - Setting next_dagrun for example_xcom_args_with_operators to None, run_after=None
[2022-07-06 18:37:44,861] {processor.py:161} INFO - Processing /home/airflow/.local/lib/python3.7/site-packages/airflow/example_dags/example_xcomargs.py took 0.287 seconds
[2022-07-06 18:38:15,349] {processor.py:153} INFO - Started process (PID=305) to work on /home/airflow/.local/lib/python3.7/site-packages/airflow/example_dags/example_xcomargs.py
[2022-07-06 18:38:15,350] {processor.py:641} INFO - Processing file /home/airflow/.local/lib/python3.7/site-packages/airflow/example_dags/example_xcomargs.py for tasks to queue
[2022-07-06 18:38:15,352] {logging_mixin.py:115} INFO - [2022-07-06 18:38:15,352] {dagbag.py:507} INFO - Filling up the DagBag from /home/airflow/.local/lib/python3.7/site-packages/airflow/example_dags/example_xcomargs.py
[2022-07-06 18:38:15,377] {processor.py:651} INFO - DAG(s) dict_keys(['example_xcom_args', 'example_xcom_args_with_operators']) retrieved from /home/airflow/.local/lib/python3.7/site-packages/airflow/example_dags/example_xcomargs.py
[2022-07-06 18:38:15,465] {logging_mixin.py:115} INFO - [2022-07-06 18:38:15,464] {dag.py:2371} INFO - Sync 2 DAGs
[2022-07-06 18:38:15,624] {logging_mixin.py:115} INFO - [2022-07-06 18:38:15,624] {dag.py:2919} INFO - Setting next_dagrun for example_xcom_args to None, run_after=None
[2022-07-06 18:38:15,625] {logging_mixin.py:115} INFO - [2022-07-06 18:38:15,625] {dag.py:2919} INFO - Setting next_dagrun for example_xcom_args_with_operators to None, run_after=None
[2022-07-06 18:38:15,640] {processor.py:161} INFO - Processing /home/airflow/.local/lib/python3.7/site-packages/airflow/example_dags/example_xcomargs.py took 0.296 seconds
[2022-07-06 18:38:46,203] {processor.py:153} INFO - Started process (PID=358) to work on /home/airflow/.local/lib/python3.7/site-packages/airflow/example_dags/example_xcomargs.py
[2022-07-06 18:38:46,204] {processor.py:641} INFO - Processing file /home/airflow/.local/lib/python3.7/site-packages/airflow/example_dags/example_xcomargs.py for tasks to queue
[2022-07-06 18:38:46,205] {logging_mixin.py:115} INFO - [2022-07-06 18:38:46,205] {dagbag.py:507} INFO - Filling up the DagBag from /home/airflow/.local/lib/python3.7/site-packages/airflow/example_dags/example_xcomargs.py
[2022-07-06 18:38:46,229] {processor.py:651} INFO - DAG(s) dict_keys(['example_xcom_args', 'example_xcom_args_with_operators']) retrieved from /home/airflow/.local/lib/python3.7/site-packages/airflow/example_dags/example_xcomargs.py
[2022-07-06 18:38:46,318] {logging_mixin.py:115} INFO - [2022-07-06 18:38:46,318] {dag.py:2371} INFO - Sync 2 DAGs
[2022-07-06 18:38:46,495] {logging_mixin.py:115} INFO - [2022-07-06 18:38:46,495] {dag.py:2919} INFO - Setting next_dagrun for example_xcom_args to None, run_after=None
[2022-07-06 18:38:46,497] {logging_mixin.py:115} INFO - [2022-07-06 18:38:46,497] {dag.py:2919} INFO - Setting next_dagrun for example_xcom_args_with_operators to None, run_after=None
[2022-07-06 18:38:46,519] {processor.py:161} INFO - Processing /home/airflow/.local/lib/python3.7/site-packages/airflow/example_dags/example_xcomargs.py took 0.321 seconds
[2022-07-06 18:39:16,638] {processor.py:153} INFO - Started process (PID=425) to work on /home/airflow/.local/lib/python3.7/site-packages/airflow/example_dags/example_xcomargs.py
[2022-07-06 18:39:16,640] {processor.py:641} INFO - Processing file /home/airflow/.local/lib/python3.7/site-packages/airflow/example_dags/example_xcomargs.py for tasks to queue
[2022-07-06 18:39:16,642] {logging_mixin.py:115} INFO - [2022-07-06 18:39:16,641] {dagbag.py:507} INFO - Filling up the DagBag from /home/airflow/.local/lib/python3.7/site-packages/airflow/example_dags/example_xcomargs.py
[2022-07-06 18:39:16,668] {processor.py:651} INFO - DAG(s) dict_keys(['example_xcom_args', 'example_xcom_args_with_operators']) retrieved from /home/airflow/.local/lib/python3.7/site-packages/airflow/example_dags/example_xcomargs.py
[2022-07-06 18:39:16,757] {logging_mixin.py:115} INFO - [2022-07-06 18:39:16,757] {dag.py:2371} INFO - Sync 2 DAGs
[2022-07-06 18:39:16,948] {logging_mixin.py:115} INFO - [2022-07-06 18:39:16,948] {dag.py:2919} INFO - Setting next_dagrun for example_xcom_args to None, run_after=None
[2022-07-06 18:39:16,950] {logging_mixin.py:115} INFO - [2022-07-06 18:39:16,950] {dag.py:2919} INFO - Setting next_dagrun for example_xcom_args_with_operators to None, run_after=None
[2022-07-06 18:39:16,974] {processor.py:161} INFO - Processing /home/airflow/.local/lib/python3.7/site-packages/airflow/example_dags/example_xcomargs.py took 0.341 seconds
[2022-07-06 18:39:47,046] {processor.py:153} INFO - Started process (PID=477) to work on /home/airflow/.local/lib/python3.7/site-packages/airflow/example_dags/example_xcomargs.py
[2022-07-06 18:39:47,048] {processor.py:641} INFO - Processing file /home/airflow/.local/lib/python3.7/site-packages/airflow/example_dags/example_xcomargs.py for tasks to queue
[2022-07-06 18:39:47,049] {logging_mixin.py:115} INFO - [2022-07-06 18:39:47,049] {dagbag.py:507} INFO - Filling up the DagBag from /home/airflow/.local/lib/python3.7/site-packages/airflow/example_dags/example_xcomargs.py
[2022-07-06 18:39:47,074] {processor.py:651} INFO - DAG(s) dict_keys(['example_xcom_args', 'example_xcom_args_with_operators']) retrieved from /home/airflow/.local/lib/python3.7/site-packages/airflow/example_dags/example_xcomargs.py
[2022-07-06 18:39:47,189] {logging_mixin.py:115} INFO - [2022-07-06 18:39:47,189] {dag.py:2371} INFO - Sync 2 DAGs
[2022-07-06 18:39:47,366] {logging_mixin.py:115} INFO - [2022-07-06 18:39:47,366] {dag.py:2919} INFO - Setting next_dagrun for example_xcom_args to None, run_after=None
[2022-07-06 18:39:47,368] {logging_mixin.py:115} INFO - [2022-07-06 18:39:47,368] {dag.py:2919} INFO - Setting next_dagrun for example_xcom_args_with_operators to None, run_after=None
[2022-07-06 18:39:47,390] {processor.py:161} INFO - Processing /home/airflow/.local/lib/python3.7/site-packages/airflow/example_dags/example_xcomargs.py took 0.352 seconds
[2022-07-06 18:40:17,609] {processor.py:153} INFO - Started process (PID=541) to work on /home/airflow/.local/lib/python3.7/site-packages/airflow/example_dags/example_xcomargs.py
[2022-07-06 18:40:17,610] {processor.py:641} INFO - Processing file /home/airflow/.local/lib/python3.7/site-packages/airflow/example_dags/example_xcomargs.py for tasks to queue
[2022-07-06 18:40:17,612] {logging_mixin.py:115} INFO - [2022-07-06 18:40:17,612] {dagbag.py:507} INFO - Filling up the DagBag from /home/airflow/.local/lib/python3.7/site-packages/airflow/example_dags/example_xcomargs.py
[2022-07-06 18:40:17,642] {processor.py:651} INFO - DAG(s) dict_keys(['example_xcom_args', 'example_xcom_args_with_operators']) retrieved from /home/airflow/.local/lib/python3.7/site-packages/airflow/example_dags/example_xcomargs.py
[2022-07-06 18:40:17,680] {logging_mixin.py:115} INFO - [2022-07-06 18:40:17,680] {dag.py:2371} INFO - Sync 2 DAGs
[2022-07-06 18:40:17,709] {logging_mixin.py:115} INFO - [2022-07-06 18:40:17,708] {dag.py:2919} INFO - Setting next_dagrun for example_xcom_args to None, run_after=None
[2022-07-06 18:40:17,710] {logging_mixin.py:115} INFO - [2022-07-06 18:40:17,710] {dag.py:2919} INFO - Setting next_dagrun for example_xcom_args_with_operators to None, run_after=None
[2022-07-06 18:40:17,728] {processor.py:161} INFO - Processing /home/airflow/.local/lib/python3.7/site-packages/airflow/example_dags/example_xcomargs.py took 0.124 seconds
[2022-07-06 18:40:48,085] {processor.py:153} INFO - Started process (PID=605) to work on /home/airflow/.local/lib/python3.7/site-packages/airflow/example_dags/example_xcomargs.py
[2022-07-06 18:40:48,086] {processor.py:641} INFO - Processing file /home/airflow/.local/lib/python3.7/site-packages/airflow/example_dags/example_xcomargs.py for tasks to queue
[2022-07-06 18:40:48,087] {logging_mixin.py:115} INFO - [2022-07-06 18:40:48,087] {dagbag.py:507} INFO - Filling up the DagBag from /home/airflow/.local/lib/python3.7/site-packages/airflow/example_dags/example_xcomargs.py
[2022-07-06 18:40:48,113] {processor.py:651} INFO - DAG(s) dict_keys(['example_xcom_args', 'example_xcom_args_with_operators']) retrieved from /home/airflow/.local/lib/python3.7/site-packages/airflow/example_dags/example_xcomargs.py
[2022-07-06 18:40:48,201] {logging_mixin.py:115} INFO - [2022-07-06 18:40:48,201] {dag.py:2371} INFO - Sync 2 DAGs
[2022-07-06 18:40:48,361] {logging_mixin.py:115} INFO - [2022-07-06 18:40:48,361] {dag.py:2919} INFO - Setting next_dagrun for example_xcom_args to None, run_after=None
[2022-07-06 18:40:48,363] {logging_mixin.py:115} INFO - [2022-07-06 18:40:48,362] {dag.py:2919} INFO - Setting next_dagrun for example_xcom_args_with_operators to None, run_after=None
[2022-07-06 18:40:48,379] {processor.py:161} INFO - Processing /home/airflow/.local/lib/python3.7/site-packages/airflow/example_dags/example_xcomargs.py took 0.299 seconds
[2022-07-06 18:41:18,540] {processor.py:153} INFO - Started process (PID=660) to work on /home/airflow/.local/lib/python3.7/site-packages/airflow/example_dags/example_xcomargs.py
[2022-07-06 18:41:18,541] {processor.py:641} INFO - Processing file /home/airflow/.local/lib/python3.7/site-packages/airflow/example_dags/example_xcomargs.py for tasks to queue
[2022-07-06 18:41:18,542] {logging_mixin.py:115} INFO - [2022-07-06 18:41:18,542] {dagbag.py:507} INFO - Filling up the DagBag from /home/airflow/.local/lib/python3.7/site-packages/airflow/example_dags/example_xcomargs.py
[2022-07-06 18:41:18,567] {processor.py:651} INFO - DAG(s) dict_keys(['example_xcom_args', 'example_xcom_args_with_operators']) retrieved from /home/airflow/.local/lib/python3.7/site-packages/airflow/example_dags/example_xcomargs.py
[2022-07-06 18:41:18,655] {logging_mixin.py:115} INFO - [2022-07-06 18:41:18,655] {dag.py:2371} INFO - Sync 2 DAGs
[2022-07-06 18:41:18,826] {logging_mixin.py:115} INFO - [2022-07-06 18:41:18,826] {dag.py:2919} INFO - Setting next_dagrun for example_xcom_args to None, run_after=None
[2022-07-06 18:41:18,827] {logging_mixin.py:115} INFO - [2022-07-06 18:41:18,827] {dag.py:2919} INFO - Setting next_dagrun for example_xcom_args_with_operators to None, run_after=None
[2022-07-06 18:41:18,846] {processor.py:161} INFO - Processing /home/airflow/.local/lib/python3.7/site-packages/airflow/example_dags/example_xcomargs.py took 0.310 seconds
[2022-07-06 18:41:49,536] {processor.py:153} INFO - Started process (PID=725) to work on /home/airflow/.local/lib/python3.7/site-packages/airflow/example_dags/example_xcomargs.py
[2022-07-06 18:41:49,537] {processor.py:641} INFO - Processing file /home/airflow/.local/lib/python3.7/site-packages/airflow/example_dags/example_xcomargs.py for tasks to queue
[2022-07-06 18:41:49,538] {logging_mixin.py:115} INFO - [2022-07-06 18:41:49,538] {dagbag.py:507} INFO - Filling up the DagBag from /home/airflow/.local/lib/python3.7/site-packages/airflow/example_dags/example_xcomargs.py
[2022-07-06 18:41:49,569] {processor.py:651} INFO - DAG(s) dict_keys(['example_xcom_args', 'example_xcom_args_with_operators']) retrieved from /home/airflow/.local/lib/python3.7/site-packages/airflow/example_dags/example_xcomargs.py
[2022-07-06 18:41:49,673] {logging_mixin.py:115} INFO - [2022-07-06 18:41:49,672] {dag.py:2371} INFO - Sync 2 DAGs
[2022-07-06 18:41:49,837] {logging_mixin.py:115} INFO - [2022-07-06 18:41:49,837] {dag.py:2919} INFO - Setting next_dagrun for example_xcom_args to None, run_after=None
[2022-07-06 18:41:49,839] {logging_mixin.py:115} INFO - [2022-07-06 18:41:49,839] {dag.py:2919} INFO - Setting next_dagrun for example_xcom_args_with_operators to None, run_after=None
[2022-07-06 18:41:49,853] {processor.py:161} INFO - Processing /home/airflow/.local/lib/python3.7/site-packages/airflow/example_dags/example_xcomargs.py took 0.325 seconds
[2022-07-06 18:42:20,404] {processor.py:153} INFO - Started process (PID=787) to work on /home/airflow/.local/lib/python3.7/site-packages/airflow/example_dags/example_xcomargs.py
[2022-07-06 18:42:20,405] {processor.py:641} INFO - Processing file /home/airflow/.local/lib/python3.7/site-packages/airflow/example_dags/example_xcomargs.py for tasks to queue
[2022-07-06 18:42:20,407] {logging_mixin.py:115} INFO - [2022-07-06 18:42:20,407] {dagbag.py:507} INFO - Filling up the DagBag from /home/airflow/.local/lib/python3.7/site-packages/airflow/example_dags/example_xcomargs.py
[2022-07-06 18:42:20,431] {processor.py:651} INFO - DAG(s) dict_keys(['example_xcom_args', 'example_xcom_args_with_operators']) retrieved from /home/airflow/.local/lib/python3.7/site-packages/airflow/example_dags/example_xcomargs.py
[2022-07-06 18:42:20,521] {logging_mixin.py:115} INFO - [2022-07-06 18:42:20,521] {dag.py:2371} INFO - Sync 2 DAGs
[2022-07-06 18:42:20,692] {logging_mixin.py:115} INFO - [2022-07-06 18:42:20,692] {dag.py:2919} INFO - Setting next_dagrun for example_xcom_args to None, run_after=None
[2022-07-06 18:42:20,702] {logging_mixin.py:115} INFO - [2022-07-06 18:42:20,702] {dag.py:2919} INFO - Setting next_dagrun for example_xcom_args_with_operators to None, run_after=None
[2022-07-06 18:42:20,719] {processor.py:161} INFO - Processing /home/airflow/.local/lib/python3.7/site-packages/airflow/example_dags/example_xcomargs.py took 0.320 seconds
[2022-07-06 18:42:51,340] {processor.py:153} INFO - Started process (PID=841) to work on /home/airflow/.local/lib/python3.7/site-packages/airflow/example_dags/example_xcomargs.py
[2022-07-06 18:42:51,342] {processor.py:641} INFO - Processing file /home/airflow/.local/lib/python3.7/site-packages/airflow/example_dags/example_xcomargs.py for tasks to queue
[2022-07-06 18:42:51,343] {logging_mixin.py:115} INFO - [2022-07-06 18:42:51,343] {dagbag.py:507} INFO - Filling up the DagBag from /home/airflow/.local/lib/python3.7/site-packages/airflow/example_dags/example_xcomargs.py
[2022-07-06 18:42:51,376] {processor.py:651} INFO - DAG(s) dict_keys(['example_xcom_args', 'example_xcom_args_with_operators']) retrieved from /home/airflow/.local/lib/python3.7/site-packages/airflow/example_dags/example_xcomargs.py
[2022-07-06 18:42:51,434] {logging_mixin.py:115} INFO - [2022-07-06 18:42:51,434] {dag.py:2371} INFO - Sync 2 DAGs
[2022-07-06 18:42:51,468] {logging_mixin.py:115} INFO - [2022-07-06 18:42:51,468] {dag.py:2919} INFO - Setting next_dagrun for example_xcom_args to None, run_after=None
[2022-07-06 18:42:51,469] {logging_mixin.py:115} INFO - [2022-07-06 18:42:51,469] {dag.py:2919} INFO - Setting next_dagrun for example_xcom_args_with_operators to None, run_after=None
[2022-07-06 18:42:51,489] {processor.py:161} INFO - Processing /home/airflow/.local/lib/python3.7/site-packages/airflow/example_dags/example_xcomargs.py took 0.153 seconds
[2022-07-06 18:43:21,816] {processor.py:153} INFO - Started process (PID=908) to work on /home/airflow/.local/lib/python3.7/site-packages/airflow/example_dags/example_xcomargs.py
[2022-07-06 18:43:21,819] {processor.py:641} INFO - Processing file /home/airflow/.local/lib/python3.7/site-packages/airflow/example_dags/example_xcomargs.py for tasks to queue
[2022-07-06 18:43:21,820] {logging_mixin.py:115} INFO - [2022-07-06 18:43:21,820] {dagbag.py:507} INFO - Filling up the DagBag from /home/airflow/.local/lib/python3.7/site-packages/airflow/example_dags/example_xcomargs.py
[2022-07-06 18:43:21,852] {processor.py:651} INFO - DAG(s) dict_keys(['example_xcom_args', 'example_xcom_args_with_operators']) retrieved from /home/airflow/.local/lib/python3.7/site-packages/airflow/example_dags/example_xcomargs.py
[2022-07-06 18:43:21,952] {logging_mixin.py:115} INFO - [2022-07-06 18:43:21,952] {dag.py:2371} INFO - Sync 2 DAGs
[2022-07-06 18:43:22,134] {logging_mixin.py:115} INFO - [2022-07-06 18:43:22,134] {dag.py:2919} INFO - Setting next_dagrun for example_xcom_args to None, run_after=None
[2022-07-06 18:43:22,135] {logging_mixin.py:115} INFO - [2022-07-06 18:43:22,135] {dag.py:2919} INFO - Setting next_dagrun for example_xcom_args_with_operators to None, run_after=None
[2022-07-06 18:43:22,150] {processor.py:161} INFO - Processing /home/airflow/.local/lib/python3.7/site-packages/airflow/example_dags/example_xcomargs.py took 0.339 seconds
[2022-07-06 18:43:52,802] {processor.py:153} INFO - Started process (PID=972) to work on /home/airflow/.local/lib/python3.7/site-packages/airflow/example_dags/example_xcomargs.py
[2022-07-06 18:43:52,804] {processor.py:641} INFO - Processing file /home/airflow/.local/lib/python3.7/site-packages/airflow/example_dags/example_xcomargs.py for tasks to queue
[2022-07-06 18:43:52,805] {logging_mixin.py:115} INFO - [2022-07-06 18:43:52,805] {dagbag.py:507} INFO - Filling up the DagBag from /home/airflow/.local/lib/python3.7/site-packages/airflow/example_dags/example_xcomargs.py
[2022-07-06 18:43:52,832] {processor.py:651} INFO - DAG(s) dict_keys(['example_xcom_args', 'example_xcom_args_with_operators']) retrieved from /home/airflow/.local/lib/python3.7/site-packages/airflow/example_dags/example_xcomargs.py
[2022-07-06 18:43:52,885] {logging_mixin.py:115} INFO - [2022-07-06 18:43:52,885] {dag.py:2371} INFO - Sync 2 DAGs
[2022-07-06 18:43:52,915] {logging_mixin.py:115} INFO - [2022-07-06 18:43:52,915] {dag.py:2919} INFO - Setting next_dagrun for example_xcom_args to None, run_after=None
[2022-07-06 18:43:52,916] {logging_mixin.py:115} INFO - [2022-07-06 18:43:52,916] {dag.py:2919} INFO - Setting next_dagrun for example_xcom_args_with_operators to None, run_after=None
[2022-07-06 18:43:52,932] {processor.py:161} INFO - Processing /home/airflow/.local/lib/python3.7/site-packages/airflow/example_dags/example_xcomargs.py took 0.134 seconds
[2022-07-06 18:44:23,407] {processor.py:153} INFO - Started process (PID=1027) to work on /home/airflow/.local/lib/python3.7/site-packages/airflow/example_dags/example_xcomargs.py
[2022-07-06 18:44:23,408] {processor.py:641} INFO - Processing file /home/airflow/.local/lib/python3.7/site-packages/airflow/example_dags/example_xcomargs.py for tasks to queue
[2022-07-06 18:44:23,409] {logging_mixin.py:115} INFO - [2022-07-06 18:44:23,409] {dagbag.py:507} INFO - Filling up the DagBag from /home/airflow/.local/lib/python3.7/site-packages/airflow/example_dags/example_xcomargs.py
[2022-07-06 18:44:23,434] {processor.py:651} INFO - DAG(s) dict_keys(['example_xcom_args', 'example_xcom_args_with_operators']) retrieved from /home/airflow/.local/lib/python3.7/site-packages/airflow/example_dags/example_xcomargs.py
[2022-07-06 18:44:23,523] {logging_mixin.py:115} INFO - [2022-07-06 18:44:23,523] {dag.py:2371} INFO - Sync 2 DAGs
[2022-07-06 18:44:23,687] {logging_mixin.py:115} INFO - [2022-07-06 18:44:23,687] {dag.py:2919} INFO - Setting next_dagrun for example_xcom_args to None, run_after=None
[2022-07-06 18:44:23,688] {logging_mixin.py:115} INFO - [2022-07-06 18:44:23,688] {dag.py:2919} INFO - Setting next_dagrun for example_xcom_args_with_operators to None, run_after=None
[2022-07-06 18:44:23,710] {processor.py:161} INFO - Processing /home/airflow/.local/lib/python3.7/site-packages/airflow/example_dags/example_xcomargs.py took 0.308 seconds
[2022-07-06 18:44:53,842] {processor.py:153} INFO - Started process (PID=1090) to work on /home/airflow/.local/lib/python3.7/site-packages/airflow/example_dags/example_xcomargs.py
[2022-07-06 18:44:53,843] {processor.py:641} INFO - Processing file /home/airflow/.local/lib/python3.7/site-packages/airflow/example_dags/example_xcomargs.py for tasks to queue
[2022-07-06 18:44:53,844] {logging_mixin.py:115} INFO - [2022-07-06 18:44:53,844] {dagbag.py:507} INFO - Filling up the DagBag from /home/airflow/.local/lib/python3.7/site-packages/airflow/example_dags/example_xcomargs.py
[2022-07-06 18:44:53,869] {processor.py:651} INFO - DAG(s) dict_keys(['example_xcom_args', 'example_xcom_args_with_operators']) retrieved from /home/airflow/.local/lib/python3.7/site-packages/airflow/example_dags/example_xcomargs.py
[2022-07-06 18:44:53,908] {logging_mixin.py:115} INFO - [2022-07-06 18:44:53,907] {dag.py:2371} INFO - Sync 2 DAGs
[2022-07-06 18:44:53,941] {logging_mixin.py:115} INFO - [2022-07-06 18:44:53,940] {dag.py:2919} INFO - Setting next_dagrun for example_xcom_args to None, run_after=None
[2022-07-06 18:44:53,942] {logging_mixin.py:115} INFO - [2022-07-06 18:44:53,942] {dag.py:2919} INFO - Setting next_dagrun for example_xcom_args_with_operators to None, run_after=None
[2022-07-06 18:44:53,961] {processor.py:161} INFO - Processing /home/airflow/.local/lib/python3.7/site-packages/airflow/example_dags/example_xcomargs.py took 0.123 seconds
[2022-07-06 18:45:24,511] {processor.py:153} INFO - Started process (PID=1148) to work on /home/airflow/.local/lib/python3.7/site-packages/airflow/example_dags/example_xcomargs.py
[2022-07-06 18:45:24,512] {processor.py:641} INFO - Processing file /home/airflow/.local/lib/python3.7/site-packages/airflow/example_dags/example_xcomargs.py for tasks to queue
[2022-07-06 18:45:24,513] {logging_mixin.py:115} INFO - [2022-07-06 18:45:24,513] {dagbag.py:507} INFO - Filling up the DagBag from /home/airflow/.local/lib/python3.7/site-packages/airflow/example_dags/example_xcomargs.py
[2022-07-06 18:45:24,537] {processor.py:651} INFO - DAG(s) dict_keys(['example_xcom_args', 'example_xcom_args_with_operators']) retrieved from /home/airflow/.local/lib/python3.7/site-packages/airflow/example_dags/example_xcomargs.py
[2022-07-06 18:45:24,629] {logging_mixin.py:115} INFO - [2022-07-06 18:45:24,629] {dag.py:2371} INFO - Sync 2 DAGs
[2022-07-06 18:45:24,915] {logging_mixin.py:115} INFO - [2022-07-06 18:45:24,915] {dag.py:2919} INFO - Setting next_dagrun for example_xcom_args to None, run_after=None
[2022-07-06 18:45:24,917] {logging_mixin.py:115} INFO - [2022-07-06 18:45:24,916] {dag.py:2919} INFO - Setting next_dagrun for example_xcom_args_with_operators to None, run_after=None
[2022-07-06 18:45:24,947] {processor.py:161} INFO - Processing /home/airflow/.local/lib/python3.7/site-packages/airflow/example_dags/example_xcomargs.py took 0.441 seconds
[2022-07-06 18:45:55,106] {processor.py:153} INFO - Started process (PID=1205) to work on /home/airflow/.local/lib/python3.7/site-packages/airflow/example_dags/example_xcomargs.py
[2022-07-06 18:45:55,107] {processor.py:641} INFO - Processing file /home/airflow/.local/lib/python3.7/site-packages/airflow/example_dags/example_xcomargs.py for tasks to queue
[2022-07-06 18:45:55,108] {logging_mixin.py:115} INFO - [2022-07-06 18:45:55,108] {dagbag.py:507} INFO - Filling up the DagBag from /home/airflow/.local/lib/python3.7/site-packages/airflow/example_dags/example_xcomargs.py
[2022-07-06 18:45:55,132] {processor.py:651} INFO - DAG(s) dict_keys(['example_xcom_args', 'example_xcom_args_with_operators']) retrieved from /home/airflow/.local/lib/python3.7/site-packages/airflow/example_dags/example_xcomargs.py
[2022-07-06 18:45:55,223] {logging_mixin.py:115} INFO - [2022-07-06 18:45:55,223] {dag.py:2371} INFO - Sync 2 DAGs
[2022-07-06 18:45:55,384] {logging_mixin.py:115} INFO - [2022-07-06 18:45:55,384] {dag.py:2919} INFO - Setting next_dagrun for example_xcom_args to None, run_after=None
[2022-07-06 18:45:55,385] {logging_mixin.py:115} INFO - [2022-07-06 18:45:55,385] {dag.py:2919} INFO - Setting next_dagrun for example_xcom_args_with_operators to None, run_after=None
[2022-07-06 18:45:55,405] {processor.py:161} INFO - Processing /home/airflow/.local/lib/python3.7/site-packages/airflow/example_dags/example_xcomargs.py took 0.303 seconds
[2022-07-06 18:46:25,619] {processor.py:153} INFO - Started process (PID=1272) to work on /home/airflow/.local/lib/python3.7/site-packages/airflow/example_dags/example_xcomargs.py
[2022-07-06 18:46:25,620] {processor.py:641} INFO - Processing file /home/airflow/.local/lib/python3.7/site-packages/airflow/example_dags/example_xcomargs.py for tasks to queue
[2022-07-06 18:46:25,621] {logging_mixin.py:115} INFO - [2022-07-06 18:46:25,621] {dagbag.py:507} INFO - Filling up the DagBag from /home/airflow/.local/lib/python3.7/site-packages/airflow/example_dags/example_xcomargs.py
[2022-07-06 18:46:25,644] {processor.py:651} INFO - DAG(s) dict_keys(['example_xcom_args', 'example_xcom_args_with_operators']) retrieved from /home/airflow/.local/lib/python3.7/site-packages/airflow/example_dags/example_xcomargs.py
[2022-07-06 18:46:25,740] {logging_mixin.py:115} INFO - [2022-07-06 18:46:25,740] {dag.py:2371} INFO - Sync 2 DAGs
[2022-07-06 18:46:25,898] {logging_mixin.py:115} INFO - [2022-07-06 18:46:25,898] {dag.py:2919} INFO - Setting next_dagrun for example_xcom_args to None, run_after=None
[2022-07-06 18:46:25,900] {logging_mixin.py:115} INFO - [2022-07-06 18:46:25,900] {dag.py:2919} INFO - Setting next_dagrun for example_xcom_args_with_operators to None, run_after=None
[2022-07-06 18:46:25,915] {processor.py:161} INFO - Processing /home/airflow/.local/lib/python3.7/site-packages/airflow/example_dags/example_xcomargs.py took 0.300 seconds
[2022-07-06 18:46:56,328] {processor.py:153} INFO - Started process (PID=1323) to work on /home/airflow/.local/lib/python3.7/site-packages/airflow/example_dags/example_xcomargs.py
[2022-07-06 18:46:56,329] {processor.py:641} INFO - Processing file /home/airflow/.local/lib/python3.7/site-packages/airflow/example_dags/example_xcomargs.py for tasks to queue
[2022-07-06 18:46:56,330] {logging_mixin.py:115} INFO - [2022-07-06 18:46:56,330] {dagbag.py:507} INFO - Filling up the DagBag from /home/airflow/.local/lib/python3.7/site-packages/airflow/example_dags/example_xcomargs.py
[2022-07-06 18:46:56,353] {processor.py:651} INFO - DAG(s) dict_keys(['example_xcom_args', 'example_xcom_args_with_operators']) retrieved from /home/airflow/.local/lib/python3.7/site-packages/airflow/example_dags/example_xcomargs.py
[2022-07-06 18:46:56,454] {logging_mixin.py:115} INFO - [2022-07-06 18:46:56,453] {dag.py:2371} INFO - Sync 2 DAGs
[2022-07-06 18:46:56,617] {logging_mixin.py:115} INFO - [2022-07-06 18:46:56,617] {dag.py:2919} INFO - Setting next_dagrun for example_xcom_args to None, run_after=None
[2022-07-06 18:46:56,619] {logging_mixin.py:115} INFO - [2022-07-06 18:46:56,618] {dag.py:2919} INFO - Setting next_dagrun for example_xcom_args_with_operators to None, run_after=None
[2022-07-06 18:46:56,634] {processor.py:161} INFO - Processing /home/airflow/.local/lib/python3.7/site-packages/airflow/example_dags/example_xcomargs.py took 0.310 seconds
[2022-07-06 18:47:27,140] {processor.py:153} INFO - Started process (PID=1387) to work on /home/airflow/.local/lib/python3.7/site-packages/airflow/example_dags/example_xcomargs.py
[2022-07-06 18:47:27,142] {processor.py:641} INFO - Processing file /home/airflow/.local/lib/python3.7/site-packages/airflow/example_dags/example_xcomargs.py for tasks to queue
[2022-07-06 18:47:27,143] {logging_mixin.py:115} INFO - [2022-07-06 18:47:27,143] {dagbag.py:507} INFO - Filling up the DagBag from /home/airflow/.local/lib/python3.7/site-packages/airflow/example_dags/example_xcomargs.py
[2022-07-06 18:47:27,172] {processor.py:651} INFO - DAG(s) dict_keys(['example_xcom_args', 'example_xcom_args_with_operators']) retrieved from /home/airflow/.local/lib/python3.7/site-packages/airflow/example_dags/example_xcomargs.py
[2022-07-06 18:47:27,212] {logging_mixin.py:115} INFO - [2022-07-06 18:47:27,212] {dag.py:2371} INFO - Sync 2 DAGs
[2022-07-06 18:47:27,241] {logging_mixin.py:115} INFO - [2022-07-06 18:47:27,241] {dag.py:2919} INFO - Setting next_dagrun for example_xcom_args to None, run_after=None
[2022-07-06 18:47:27,242] {logging_mixin.py:115} INFO - [2022-07-06 18:47:27,242] {dag.py:2919} INFO - Setting next_dagrun for example_xcom_args_with_operators to None, run_after=None
[2022-07-06 18:47:27,257] {processor.py:161} INFO - Processing /home/airflow/.local/lib/python3.7/site-packages/airflow/example_dags/example_xcomargs.py took 0.122 seconds
[2022-07-06 18:47:58,163] {processor.py:153} INFO - Started process (PID=1450) to work on /home/airflow/.local/lib/python3.7/site-packages/airflow/example_dags/example_xcomargs.py
[2022-07-06 18:47:58,164] {processor.py:641} INFO - Processing file /home/airflow/.local/lib/python3.7/site-packages/airflow/example_dags/example_xcomargs.py for tasks to queue
[2022-07-06 18:47:58,165] {logging_mixin.py:115} INFO - [2022-07-06 18:47:58,165] {dagbag.py:507} INFO - Filling up the DagBag from /home/airflow/.local/lib/python3.7/site-packages/airflow/example_dags/example_xcomargs.py
[2022-07-06 18:47:58,191] {processor.py:651} INFO - DAG(s) dict_keys(['example_xcom_args', 'example_xcom_args_with_operators']) retrieved from /home/airflow/.local/lib/python3.7/site-packages/airflow/example_dags/example_xcomargs.py
[2022-07-06 18:47:58,294] {logging_mixin.py:115} INFO - [2022-07-06 18:47:58,294] {dag.py:2371} INFO - Sync 2 DAGs
[2022-07-06 18:47:58,464] {logging_mixin.py:115} INFO - [2022-07-06 18:47:58,464] {dag.py:2919} INFO - Setting next_dagrun for example_xcom_args to None, run_after=None
[2022-07-06 18:47:58,465] {logging_mixin.py:115} INFO - [2022-07-06 18:47:58,465] {dag.py:2919} INFO - Setting next_dagrun for example_xcom_args_with_operators to None, run_after=None
[2022-07-06 18:47:58,483] {processor.py:161} INFO - Processing /home/airflow/.local/lib/python3.7/site-packages/airflow/example_dags/example_xcomargs.py took 0.325 seconds
[2022-07-06 18:48:29,020] {processor.py:153} INFO - Started process (PID=1506) to work on /home/airflow/.local/lib/python3.7/site-packages/airflow/example_dags/example_xcomargs.py
[2022-07-06 18:48:29,022] {processor.py:641} INFO - Processing file /home/airflow/.local/lib/python3.7/site-packages/airflow/example_dags/example_xcomargs.py for tasks to queue
[2022-07-06 18:48:29,023] {logging_mixin.py:115} INFO - [2022-07-06 18:48:29,023] {dagbag.py:507} INFO - Filling up the DagBag from /home/airflow/.local/lib/python3.7/site-packages/airflow/example_dags/example_xcomargs.py
[2022-07-06 18:48:29,046] {processor.py:651} INFO - DAG(s) dict_keys(['example_xcom_args', 'example_xcom_args_with_operators']) retrieved from /home/airflow/.local/lib/python3.7/site-packages/airflow/example_dags/example_xcomargs.py
[2022-07-06 18:48:29,085] {logging_mixin.py:115} INFO - [2022-07-06 18:48:29,085] {dag.py:2371} INFO - Sync 2 DAGs
[2022-07-06 18:48:29,117] {logging_mixin.py:115} INFO - [2022-07-06 18:48:29,117] {dag.py:2919} INFO - Setting next_dagrun for example_xcom_args to None, run_after=None
[2022-07-06 18:48:29,118] {logging_mixin.py:115} INFO - [2022-07-06 18:48:29,118] {dag.py:2919} INFO - Setting next_dagrun for example_xcom_args_with_operators to None, run_after=None
[2022-07-06 18:48:29,135] {processor.py:161} INFO - Processing /home/airflow/.local/lib/python3.7/site-packages/airflow/example_dags/example_xcomargs.py took 0.118 seconds
[2022-07-06 18:48:59,657] {processor.py:153} INFO - Started process (PID=1570) to work on /home/airflow/.local/lib/python3.7/site-packages/airflow/example_dags/example_xcomargs.py
[2022-07-06 18:48:59,659] {processor.py:641} INFO - Processing file /home/airflow/.local/lib/python3.7/site-packages/airflow/example_dags/example_xcomargs.py for tasks to queue
[2022-07-06 18:48:59,660] {logging_mixin.py:115} INFO - [2022-07-06 18:48:59,660] {dagbag.py:507} INFO - Filling up the DagBag from /home/airflow/.local/lib/python3.7/site-packages/airflow/example_dags/example_xcomargs.py
[2022-07-06 18:48:59,684] {processor.py:651} INFO - DAG(s) dict_keys(['example_xcom_args', 'example_xcom_args_with_operators']) retrieved from /home/airflow/.local/lib/python3.7/site-packages/airflow/example_dags/example_xcomargs.py
[2022-07-06 18:48:59,727] {logging_mixin.py:115} INFO - [2022-07-06 18:48:59,727] {dag.py:2371} INFO - Sync 2 DAGs
[2022-07-06 18:48:59,755] {logging_mixin.py:115} INFO - [2022-07-06 18:48:59,755] {dag.py:2919} INFO - Setting next_dagrun for example_xcom_args to None, run_after=None
[2022-07-06 18:48:59,757] {logging_mixin.py:115} INFO - [2022-07-06 18:48:59,756] {dag.py:2919} INFO - Setting next_dagrun for example_xcom_args_with_operators to None, run_after=None
[2022-07-06 18:48:59,772] {processor.py:161} INFO - Processing /home/airflow/.local/lib/python3.7/site-packages/airflow/example_dags/example_xcomargs.py took 0.119 seconds
[2022-07-06 18:49:30,266] {processor.py:153} INFO - Started process (PID=1635) to work on /home/airflow/.local/lib/python3.7/site-packages/airflow/example_dags/example_xcomargs.py
[2022-07-06 18:49:30,267] {processor.py:641} INFO - Processing file /home/airflow/.local/lib/python3.7/site-packages/airflow/example_dags/example_xcomargs.py for tasks to queue
[2022-07-06 18:49:30,269] {logging_mixin.py:115} INFO - [2022-07-06 18:49:30,269] {dagbag.py:507} INFO - Filling up the DagBag from /home/airflow/.local/lib/python3.7/site-packages/airflow/example_dags/example_xcomargs.py
[2022-07-06 18:49:30,294] {processor.py:651} INFO - DAG(s) dict_keys(['example_xcom_args', 'example_xcom_args_with_operators']) retrieved from /home/airflow/.local/lib/python3.7/site-packages/airflow/example_dags/example_xcomargs.py
[2022-07-06 18:49:30,335] {logging_mixin.py:115} INFO - [2022-07-06 18:49:30,335] {dag.py:2371} INFO - Sync 2 DAGs
[2022-07-06 18:49:30,364] {logging_mixin.py:115} INFO - [2022-07-06 18:49:30,364] {dag.py:2919} INFO - Setting next_dagrun for example_xcom_args to None, run_after=None
[2022-07-06 18:49:30,365] {logging_mixin.py:115} INFO - [2022-07-06 18:49:30,365] {dag.py:2919} INFO - Setting next_dagrun for example_xcom_args_with_operators to None, run_after=None
[2022-07-06 18:49:30,384] {processor.py:161} INFO - Processing /home/airflow/.local/lib/python3.7/site-packages/airflow/example_dags/example_xcomargs.py took 0.122 seconds
[2022-07-06 18:50:00,769] {processor.py:153} INFO - Started process (PID=1690) to work on /home/airflow/.local/lib/python3.7/site-packages/airflow/example_dags/example_xcomargs.py
[2022-07-06 18:50:00,770] {processor.py:641} INFO - Processing file /home/airflow/.local/lib/python3.7/site-packages/airflow/example_dags/example_xcomargs.py for tasks to queue
[2022-07-06 18:50:00,771] {logging_mixin.py:115} INFO - [2022-07-06 18:50:00,771] {dagbag.py:507} INFO - Filling up the DagBag from /home/airflow/.local/lib/python3.7/site-packages/airflow/example_dags/example_xcomargs.py
[2022-07-06 18:50:00,799] {processor.py:651} INFO - DAG(s) dict_keys(['example_xcom_args', 'example_xcom_args_with_operators']) retrieved from /home/airflow/.local/lib/python3.7/site-packages/airflow/example_dags/example_xcomargs.py
[2022-07-06 18:50:00,896] {logging_mixin.py:115} INFO - [2022-07-06 18:50:00,896] {dag.py:2371} INFO - Sync 2 DAGs
[2022-07-06 18:50:01,058] {logging_mixin.py:115} INFO - [2022-07-06 18:50:01,057] {dag.py:2919} INFO - Setting next_dagrun for example_xcom_args to None, run_after=None
[2022-07-06 18:50:01,059] {logging_mixin.py:115} INFO - [2022-07-06 18:50:01,059] {dag.py:2919} INFO - Setting next_dagrun for example_xcom_args_with_operators to None, run_after=None
[2022-07-06 18:50:01,074] {processor.py:161} INFO - Processing /home/airflow/.local/lib/python3.7/site-packages/airflow/example_dags/example_xcomargs.py took 0.309 seconds
[2022-07-06 18:50:31,305] {processor.py:153} INFO - Started process (PID=1755) to work on /home/airflow/.local/lib/python3.7/site-packages/airflow/example_dags/example_xcomargs.py
[2022-07-06 18:50:31,306] {processor.py:641} INFO - Processing file /home/airflow/.local/lib/python3.7/site-packages/airflow/example_dags/example_xcomargs.py for tasks to queue
[2022-07-06 18:50:31,309] {logging_mixin.py:115} INFO - [2022-07-06 18:50:31,309] {dagbag.py:507} INFO - Filling up the DagBag from /home/airflow/.local/lib/python3.7/site-packages/airflow/example_dags/example_xcomargs.py
[2022-07-06 18:50:31,332] {processor.py:651} INFO - DAG(s) dict_keys(['example_xcom_args', 'example_xcom_args_with_operators']) retrieved from /home/airflow/.local/lib/python3.7/site-packages/airflow/example_dags/example_xcomargs.py
[2022-07-06 18:50:31,372] {logging_mixin.py:115} INFO - [2022-07-06 18:50:31,372] {dag.py:2371} INFO - Sync 2 DAGs
[2022-07-06 18:50:31,404] {logging_mixin.py:115} INFO - [2022-07-06 18:50:31,404] {dag.py:2919} INFO - Setting next_dagrun for example_xcom_args to None, run_after=None
[2022-07-06 18:50:31,405] {logging_mixin.py:115} INFO - [2022-07-06 18:50:31,405] {dag.py:2919} INFO - Setting next_dagrun for example_xcom_args_with_operators to None, run_after=None
[2022-07-06 18:50:31,426] {processor.py:161} INFO - Processing /home/airflow/.local/lib/python3.7/site-packages/airflow/example_dags/example_xcomargs.py took 0.127 seconds
[2022-07-06 18:51:01,837] {processor.py:153} INFO - Started process (PID=1820) to work on /home/airflow/.local/lib/python3.7/site-packages/airflow/example_dags/example_xcomargs.py
[2022-07-06 18:51:01,838] {processor.py:641} INFO - Processing file /home/airflow/.local/lib/python3.7/site-packages/airflow/example_dags/example_xcomargs.py for tasks to queue
[2022-07-06 18:51:01,840] {logging_mixin.py:115} INFO - [2022-07-06 18:51:01,839] {dagbag.py:507} INFO - Filling up the DagBag from /home/airflow/.local/lib/python3.7/site-packages/airflow/example_dags/example_xcomargs.py
[2022-07-06 18:51:01,863] {processor.py:651} INFO - DAG(s) dict_keys(['example_xcom_args', 'example_xcom_args_with_operators']) retrieved from /home/airflow/.local/lib/python3.7/site-packages/airflow/example_dags/example_xcomargs.py
[2022-07-06 18:51:01,902] {logging_mixin.py:115} INFO - [2022-07-06 18:51:01,902] {dag.py:2371} INFO - Sync 2 DAGs
[2022-07-06 18:51:01,931] {logging_mixin.py:115} INFO - [2022-07-06 18:51:01,931] {dag.py:2919} INFO - Setting next_dagrun for example_xcom_args to None, run_after=None
[2022-07-06 18:51:01,932] {logging_mixin.py:115} INFO - [2022-07-06 18:51:01,932] {dag.py:2919} INFO - Setting next_dagrun for example_xcom_args_with_operators to None, run_after=None
[2022-07-06 18:51:01,964] {processor.py:161} INFO - Processing /home/airflow/.local/lib/python3.7/site-packages/airflow/example_dags/example_xcomargs.py took 0.131 seconds
[2022-07-06 18:51:32,683] {processor.py:153} INFO - Started process (PID=1876) to work on /home/airflow/.local/lib/python3.7/site-packages/airflow/example_dags/example_xcomargs.py
[2022-07-06 18:51:32,684] {processor.py:641} INFO - Processing file /home/airflow/.local/lib/python3.7/site-packages/airflow/example_dags/example_xcomargs.py for tasks to queue
[2022-07-06 18:51:32,686] {logging_mixin.py:115} INFO - [2022-07-06 18:51:32,685] {dagbag.py:507} INFO - Filling up the DagBag from /home/airflow/.local/lib/python3.7/site-packages/airflow/example_dags/example_xcomargs.py
[2022-07-06 18:51:32,708] {processor.py:651} INFO - DAG(s) dict_keys(['example_xcom_args', 'example_xcom_args_with_operators']) retrieved from /home/airflow/.local/lib/python3.7/site-packages/airflow/example_dags/example_xcomargs.py
[2022-07-06 18:51:32,943] {logging_mixin.py:115} INFO - [2022-07-06 18:51:32,943] {dag.py:2371} INFO - Sync 2 DAGs
[2022-07-06 18:51:32,965] {logging_mixin.py:115} INFO - [2022-07-06 18:51:32,965] {dag.py:2919} INFO - Setting next_dagrun for example_xcom_args to None, run_after=None
[2022-07-06 18:51:32,967] {logging_mixin.py:115} INFO - [2022-07-06 18:51:32,967] {dag.py:2919} INFO - Setting next_dagrun for example_xcom_args_with_operators to None, run_after=None
[2022-07-06 18:51:32,986] {processor.py:161} INFO - Processing /home/airflow/.local/lib/python3.7/site-packages/airflow/example_dags/example_xcomargs.py took 0.306 seconds
[2022-07-06 18:52:03,074] {processor.py:153} INFO - Started process (PID=1939) to work on /home/airflow/.local/lib/python3.7/site-packages/airflow/example_dags/example_xcomargs.py
[2022-07-06 18:52:03,076] {processor.py:641} INFO - Processing file /home/airflow/.local/lib/python3.7/site-packages/airflow/example_dags/example_xcomargs.py for tasks to queue
[2022-07-06 18:52:03,077] {logging_mixin.py:115} INFO - [2022-07-06 18:52:03,077] {dagbag.py:507} INFO - Filling up the DagBag from /home/airflow/.local/lib/python3.7/site-packages/airflow/example_dags/example_xcomargs.py
[2022-07-06 18:52:03,101] {processor.py:651} INFO - DAG(s) dict_keys(['example_xcom_args', 'example_xcom_args_with_operators']) retrieved from /home/airflow/.local/lib/python3.7/site-packages/airflow/example_dags/example_xcomargs.py
[2022-07-06 18:52:03,348] {logging_mixin.py:115} INFO - [2022-07-06 18:52:03,348] {dag.py:2371} INFO - Sync 2 DAGs
[2022-07-06 18:52:03,375] {logging_mixin.py:115} INFO - [2022-07-06 18:52:03,375] {dag.py:2919} INFO - Setting next_dagrun for example_xcom_args to None, run_after=None
[2022-07-06 18:52:03,376] {logging_mixin.py:115} INFO - [2022-07-06 18:52:03,376] {dag.py:2919} INFO - Setting next_dagrun for example_xcom_args_with_operators to None, run_after=None
[2022-07-06 18:52:03,393] {processor.py:161} INFO - Processing /home/airflow/.local/lib/python3.7/site-packages/airflow/example_dags/example_xcomargs.py took 0.323 seconds
[2022-07-06 18:52:33,453] {processor.py:153} INFO - Started process (PID=1994) to work on /home/airflow/.local/lib/python3.7/site-packages/airflow/example_dags/example_xcomargs.py
[2022-07-06 18:52:33,454] {processor.py:641} INFO - Processing file /home/airflow/.local/lib/python3.7/site-packages/airflow/example_dags/example_xcomargs.py for tasks to queue
[2022-07-06 18:52:33,455] {logging_mixin.py:115} INFO - [2022-07-06 18:52:33,455] {dagbag.py:507} INFO - Filling up the DagBag from /home/airflow/.local/lib/python3.7/site-packages/airflow/example_dags/example_xcomargs.py
[2022-07-06 18:52:33,489] {processor.py:651} INFO - DAG(s) dict_keys(['example_xcom_args', 'example_xcom_args_with_operators']) retrieved from /home/airflow/.local/lib/python3.7/site-packages/airflow/example_dags/example_xcomargs.py
[2022-07-06 18:52:33,749] {logging_mixin.py:115} INFO - [2022-07-06 18:52:33,748] {dag.py:2371} INFO - Sync 2 DAGs
[2022-07-06 18:52:33,771] {logging_mixin.py:115} INFO - [2022-07-06 18:52:33,771] {dag.py:2919} INFO - Setting next_dagrun for example_xcom_args to None, run_after=None
[2022-07-06 18:52:33,773] {logging_mixin.py:115} INFO - [2022-07-06 18:52:33,773] {dag.py:2919} INFO - Setting next_dagrun for example_xcom_args_with_operators to None, run_after=None
[2022-07-06 18:52:33,790] {processor.py:161} INFO - Processing /home/airflow/.local/lib/python3.7/site-packages/airflow/example_dags/example_xcomargs.py took 0.342 seconds
[2022-07-06 18:53:03,975] {processor.py:153} INFO - Started process (PID=2058) to work on /home/airflow/.local/lib/python3.7/site-packages/airflow/example_dags/example_xcomargs.py
[2022-07-06 18:53:03,978] {processor.py:641} INFO - Processing file /home/airflow/.local/lib/python3.7/site-packages/airflow/example_dags/example_xcomargs.py for tasks to queue
[2022-07-06 18:53:03,979] {logging_mixin.py:115} INFO - [2022-07-06 18:53:03,979] {dagbag.py:507} INFO - Filling up the DagBag from /home/airflow/.local/lib/python3.7/site-packages/airflow/example_dags/example_xcomargs.py
[2022-07-06 18:53:04,022] {processor.py:651} INFO - DAG(s) dict_keys(['example_xcom_args', 'example_xcom_args_with_operators']) retrieved from /home/airflow/.local/lib/python3.7/site-packages/airflow/example_dags/example_xcomargs.py
[2022-07-06 18:53:04,434] {logging_mixin.py:115} INFO - [2022-07-06 18:53:04,434] {dag.py:2371} INFO - Sync 2 DAGs
[2022-07-06 18:53:04,581] {logging_mixin.py:115} INFO - [2022-07-06 18:53:04,581] {dag.py:2919} INFO - Setting next_dagrun for example_xcom_args to None, run_after=None
[2022-07-06 18:53:04,583] {logging_mixin.py:115} INFO - [2022-07-06 18:53:04,583] {dag.py:2919} INFO - Setting next_dagrun for example_xcom_args_with_operators to None, run_after=None
[2022-07-06 18:53:04,634] {processor.py:161} INFO - Processing /home/airflow/.local/lib/python3.7/site-packages/airflow/example_dags/example_xcomargs.py took 0.672 seconds
[2022-07-06 18:53:35,043] {processor.py:153} INFO - Started process (PID=2123) to work on /home/airflow/.local/lib/python3.7/site-packages/airflow/example_dags/example_xcomargs.py
[2022-07-06 18:53:35,044] {processor.py:641} INFO - Processing file /home/airflow/.local/lib/python3.7/site-packages/airflow/example_dags/example_xcomargs.py for tasks to queue
[2022-07-06 18:53:35,045] {logging_mixin.py:115} INFO - [2022-07-06 18:53:35,045] {dagbag.py:507} INFO - Filling up the DagBag from /home/airflow/.local/lib/python3.7/site-packages/airflow/example_dags/example_xcomargs.py
[2022-07-06 18:53:35,070] {processor.py:651} INFO - DAG(s) dict_keys(['example_xcom_args', 'example_xcom_args_with_operators']) retrieved from /home/airflow/.local/lib/python3.7/site-packages/airflow/example_dags/example_xcomargs.py
[2022-07-06 18:53:35,310] {logging_mixin.py:115} INFO - [2022-07-06 18:53:35,310] {dag.py:2371} INFO - Sync 2 DAGs
[2022-07-06 18:53:35,335] {logging_mixin.py:115} INFO - [2022-07-06 18:53:35,335] {dag.py:2919} INFO - Setting next_dagrun for example_xcom_args to None, run_after=None
[2022-07-06 18:53:35,336] {logging_mixin.py:115} INFO - [2022-07-06 18:53:35,336] {dag.py:2919} INFO - Setting next_dagrun for example_xcom_args_with_operators to None, run_after=None
[2022-07-06 18:53:35,353] {processor.py:161} INFO - Processing /home/airflow/.local/lib/python3.7/site-packages/airflow/example_dags/example_xcomargs.py took 0.315 seconds
[2022-07-06 18:54:06,274] {processor.py:153} INFO - Started process (PID=2173) to work on /home/airflow/.local/lib/python3.7/site-packages/airflow/example_dags/example_xcomargs.py
[2022-07-06 18:54:06,276] {processor.py:641} INFO - Processing file /home/airflow/.local/lib/python3.7/site-packages/airflow/example_dags/example_xcomargs.py for tasks to queue
[2022-07-06 18:54:06,278] {logging_mixin.py:115} INFO - [2022-07-06 18:54:06,278] {dagbag.py:507} INFO - Filling up the DagBag from /home/airflow/.local/lib/python3.7/site-packages/airflow/example_dags/example_xcomargs.py
[2022-07-06 18:54:06,394] {processor.py:651} INFO - DAG(s) dict_keys(['example_xcom_args', 'example_xcom_args_with_operators']) retrieved from /home/airflow/.local/lib/python3.7/site-packages/airflow/example_dags/example_xcomargs.py
[2022-07-06 18:54:07,332] {logging_mixin.py:115} INFO - [2022-07-06 18:54:07,332] {dag.py:2371} INFO - Sync 2 DAGs
[2022-07-06 18:54:07,520] {logging_mixin.py:115} INFO - [2022-07-06 18:54:07,519] {dag.py:2919} INFO - Setting next_dagrun for example_xcom_args to None, run_after=None
[2022-07-06 18:54:07,548] {logging_mixin.py:115} INFO - [2022-07-06 18:54:07,548] {dag.py:2919} INFO - Setting next_dagrun for example_xcom_args_with_operators to None, run_after=None
[2022-07-06 18:54:07,699] {processor.py:161} INFO - Processing /home/airflow/.local/lib/python3.7/site-packages/airflow/example_dags/example_xcomargs.py took 1.432 seconds
[2022-07-06 18:54:37,981] {processor.py:153} INFO - Started process (PID=2227) to work on /home/airflow/.local/lib/python3.7/site-packages/airflow/example_dags/example_xcomargs.py
[2022-07-06 18:54:37,984] {processor.py:641} INFO - Processing file /home/airflow/.local/lib/python3.7/site-packages/airflow/example_dags/example_xcomargs.py for tasks to queue
[2022-07-06 18:54:37,986] {logging_mixin.py:115} INFO - [2022-07-06 18:54:37,986] {dagbag.py:507} INFO - Filling up the DagBag from /home/airflow/.local/lib/python3.7/site-packages/airflow/example_dags/example_xcomargs.py
[2022-07-06 18:54:38,026] {processor.py:651} INFO - DAG(s) dict_keys(['example_xcom_args', 'example_xcom_args_with_operators']) retrieved from /home/airflow/.local/lib/python3.7/site-packages/airflow/example_dags/example_xcomargs.py
[2022-07-06 18:54:38,422] {logging_mixin.py:115} INFO - [2022-07-06 18:54:38,422] {dag.py:2371} INFO - Sync 2 DAGs
[2022-07-06 18:54:38,448] {logging_mixin.py:115} INFO - [2022-07-06 18:54:38,448] {dag.py:2919} INFO - Setting next_dagrun for example_xcom_args to None, run_after=None
[2022-07-06 18:54:38,451] {logging_mixin.py:115} INFO - [2022-07-06 18:54:38,450] {dag.py:2919} INFO - Setting next_dagrun for example_xcom_args_with_operators to None, run_after=None
[2022-07-06 18:54:38,470] {processor.py:161} INFO - Processing /home/airflow/.local/lib/python3.7/site-packages/airflow/example_dags/example_xcomargs.py took 0.498 seconds
[2022-07-06 18:55:08,641] {processor.py:153} INFO - Started process (PID=2292) to work on /home/airflow/.local/lib/python3.7/site-packages/airflow/example_dags/example_xcomargs.py
[2022-07-06 18:55:08,645] {processor.py:641} INFO - Processing file /home/airflow/.local/lib/python3.7/site-packages/airflow/example_dags/example_xcomargs.py for tasks to queue
[2022-07-06 18:55:08,646] {logging_mixin.py:115} INFO - [2022-07-06 18:55:08,646] {dagbag.py:507} INFO - Filling up the DagBag from /home/airflow/.local/lib/python3.7/site-packages/airflow/example_dags/example_xcomargs.py
[2022-07-06 18:55:08,679] {processor.py:651} INFO - DAG(s) dict_keys(['example_xcom_args', 'example_xcom_args_with_operators']) retrieved from /home/airflow/.local/lib/python3.7/site-packages/airflow/example_dags/example_xcomargs.py
[2022-07-06 18:55:08,725] {logging_mixin.py:115} INFO - [2022-07-06 18:55:08,725] {dag.py:2371} INFO - Sync 2 DAGs
[2022-07-06 18:55:08,757] {logging_mixin.py:115} INFO - [2022-07-06 18:55:08,757] {dag.py:2919} INFO - Setting next_dagrun for example_xcom_args to None, run_after=None
[2022-07-06 18:55:08,765] {logging_mixin.py:115} INFO - [2022-07-06 18:55:08,765] {dag.py:2919} INFO - Setting next_dagrun for example_xcom_args_with_operators to None, run_after=None
[2022-07-06 18:55:08,788] {processor.py:161} INFO - Processing /home/airflow/.local/lib/python3.7/site-packages/airflow/example_dags/example_xcomargs.py took 0.152 seconds
[2022-07-06 18:55:39,463] {processor.py:153} INFO - Started process (PID=2346) to work on /home/airflow/.local/lib/python3.7/site-packages/airflow/example_dags/example_xcomargs.py
[2022-07-06 18:55:39,464] {processor.py:641} INFO - Processing file /home/airflow/.local/lib/python3.7/site-packages/airflow/example_dags/example_xcomargs.py for tasks to queue
[2022-07-06 18:55:39,465] {logging_mixin.py:115} INFO - [2022-07-06 18:55:39,465] {dagbag.py:507} INFO - Filling up the DagBag from /home/airflow/.local/lib/python3.7/site-packages/airflow/example_dags/example_xcomargs.py
[2022-07-06 18:55:39,491] {processor.py:651} INFO - DAG(s) dict_keys(['example_xcom_args', 'example_xcom_args_with_operators']) retrieved from /home/airflow/.local/lib/python3.7/site-packages/airflow/example_dags/example_xcomargs.py
[2022-07-06 18:55:39,532] {logging_mixin.py:115} INFO - [2022-07-06 18:55:39,531] {dag.py:2371} INFO - Sync 2 DAGs
[2022-07-06 18:55:39,568] {logging_mixin.py:115} INFO - [2022-07-06 18:55:39,568] {dag.py:2919} INFO - Setting next_dagrun for example_xcom_args to None, run_after=None
[2022-07-06 18:55:39,570] {logging_mixin.py:115} INFO - [2022-07-06 18:55:39,569] {dag.py:2919} INFO - Setting next_dagrun for example_xcom_args_with_operators to None, run_after=None
[2022-07-06 18:55:39,591] {processor.py:161} INFO - Processing /home/airflow/.local/lib/python3.7/site-packages/airflow/example_dags/example_xcomargs.py took 0.134 seconds
[2022-07-06 18:56:09,754] {processor.py:153} INFO - Started process (PID=2415) to work on /home/airflow/.local/lib/python3.7/site-packages/airflow/example_dags/example_xcomargs.py
[2022-07-06 18:56:09,757] {processor.py:641} INFO - Processing file /home/airflow/.local/lib/python3.7/site-packages/airflow/example_dags/example_xcomargs.py for tasks to queue
[2022-07-06 18:56:09,760] {logging_mixin.py:115} INFO - [2022-07-06 18:56:09,759] {dagbag.py:507} INFO - Filling up the DagBag from /home/airflow/.local/lib/python3.7/site-packages/airflow/example_dags/example_xcomargs.py
[2022-07-06 18:56:09,868] {processor.py:651} INFO - DAG(s) dict_keys(['example_xcom_args', 'example_xcom_args_with_operators']) retrieved from /home/airflow/.local/lib/python3.7/site-packages/airflow/example_dags/example_xcomargs.py
[2022-07-06 18:56:10,581] {logging_mixin.py:115} INFO - [2022-07-06 18:56:10,580] {dag.py:2371} INFO - Sync 2 DAGs
[2022-07-06 18:56:10,640] {logging_mixin.py:115} INFO - [2022-07-06 18:56:10,640] {dag.py:2919} INFO - Setting next_dagrun for example_xcom_args to None, run_after=None
[2022-07-06 18:56:10,643] {logging_mixin.py:115} INFO - [2022-07-06 18:56:10,643] {dag.py:2919} INFO - Setting next_dagrun for example_xcom_args_with_operators to None, run_after=None
[2022-07-06 18:56:10,679] {processor.py:161} INFO - Processing /home/airflow/.local/lib/python3.7/site-packages/airflow/example_dags/example_xcomargs.py took 0.932 seconds
[2022-07-06 18:56:41,665] {processor.py:153} INFO - Started process (PID=2473) to work on /home/airflow/.local/lib/python3.7/site-packages/airflow/example_dags/example_xcomargs.py
[2022-07-06 18:56:41,666] {processor.py:641} INFO - Processing file /home/airflow/.local/lib/python3.7/site-packages/airflow/example_dags/example_xcomargs.py for tasks to queue
[2022-07-06 18:56:41,668] {logging_mixin.py:115} INFO - [2022-07-06 18:56:41,668] {dagbag.py:507} INFO - Filling up the DagBag from /home/airflow/.local/lib/python3.7/site-packages/airflow/example_dags/example_xcomargs.py
[2022-07-06 18:56:41,718] {processor.py:651} INFO - DAG(s) dict_keys(['example_xcom_args', 'example_xcom_args_with_operators']) retrieved from /home/airflow/.local/lib/python3.7/site-packages/airflow/example_dags/example_xcomargs.py
[2022-07-06 18:56:42,142] {logging_mixin.py:115} INFO - [2022-07-06 18:56:42,141] {dag.py:2371} INFO - Sync 2 DAGs
[2022-07-06 18:56:42,231] {logging_mixin.py:115} INFO - [2022-07-06 18:56:42,231] {dag.py:2919} INFO - Setting next_dagrun for example_xcom_args to None, run_after=None
[2022-07-06 18:56:42,236] {logging_mixin.py:115} INFO - [2022-07-06 18:56:42,236] {dag.py:2919} INFO - Setting next_dagrun for example_xcom_args_with_operators to None, run_after=None
[2022-07-06 18:56:42,297] {processor.py:161} INFO - Processing /home/airflow/.local/lib/python3.7/site-packages/airflow/example_dags/example_xcomargs.py took 0.640 seconds
[2022-07-06 18:57:12,972] {processor.py:153} INFO - Started process (PID=2526) to work on /home/airflow/.local/lib/python3.7/site-packages/airflow/example_dags/example_xcomargs.py
[2022-07-06 18:57:12,974] {processor.py:641} INFO - Processing file /home/airflow/.local/lib/python3.7/site-packages/airflow/example_dags/example_xcomargs.py for tasks to queue
[2022-07-06 18:57:12,977] {logging_mixin.py:115} INFO - [2022-07-06 18:57:12,976] {dagbag.py:507} INFO - Filling up the DagBag from /home/airflow/.local/lib/python3.7/site-packages/airflow/example_dags/example_xcomargs.py
[2022-07-06 18:57:13,010] {processor.py:651} INFO - DAG(s) dict_keys(['example_xcom_args', 'example_xcom_args_with_operators']) retrieved from /home/airflow/.local/lib/python3.7/site-packages/airflow/example_dags/example_xcomargs.py
[2022-07-06 18:57:13,313] {logging_mixin.py:115} INFO - [2022-07-06 18:57:13,313] {dag.py:2371} INFO - Sync 2 DAGs
[2022-07-06 18:57:13,350] {logging_mixin.py:115} INFO - [2022-07-06 18:57:13,350] {dag.py:2919} INFO - Setting next_dagrun for example_xcom_args to None, run_after=None
[2022-07-06 18:57:13,352] {logging_mixin.py:115} INFO - [2022-07-06 18:57:13,351] {dag.py:2919} INFO - Setting next_dagrun for example_xcom_args_with_operators to None, run_after=None
[2022-07-06 18:57:13,375] {processor.py:161} INFO - Processing /home/airflow/.local/lib/python3.7/site-packages/airflow/example_dags/example_xcomargs.py took 0.409 seconds
[2022-07-06 18:57:43,542] {processor.py:153} INFO - Started process (PID=2580) to work on /home/airflow/.local/lib/python3.7/site-packages/airflow/example_dags/example_xcomargs.py
[2022-07-06 18:57:43,544] {processor.py:641} INFO - Processing file /home/airflow/.local/lib/python3.7/site-packages/airflow/example_dags/example_xcomargs.py for tasks to queue
[2022-07-06 18:57:43,545] {logging_mixin.py:115} INFO - [2022-07-06 18:57:43,545] {dagbag.py:507} INFO - Filling up the DagBag from /home/airflow/.local/lib/python3.7/site-packages/airflow/example_dags/example_xcomargs.py
[2022-07-06 18:57:43,571] {processor.py:651} INFO - DAG(s) dict_keys(['example_xcom_args', 'example_xcom_args_with_operators']) retrieved from /home/airflow/.local/lib/python3.7/site-packages/airflow/example_dags/example_xcomargs.py
[2022-07-06 18:57:43,862] {logging_mixin.py:115} INFO - [2022-07-06 18:57:43,862] {dag.py:2371} INFO - Sync 2 DAGs
[2022-07-06 18:57:43,888] {logging_mixin.py:115} INFO - [2022-07-06 18:57:43,888] {dag.py:2919} INFO - Setting next_dagrun for example_xcom_args to None, run_after=None
[2022-07-06 18:57:43,889] {logging_mixin.py:115} INFO - [2022-07-06 18:57:43,889] {dag.py:2919} INFO - Setting next_dagrun for example_xcom_args_with_operators to None, run_after=None
[2022-07-06 18:57:43,907] {processor.py:161} INFO - Processing /home/airflow/.local/lib/python3.7/site-packages/airflow/example_dags/example_xcomargs.py took 0.369 seconds
[2022-07-06 18:58:14,075] {processor.py:153} INFO - Started process (PID=2642) to work on /home/airflow/.local/lib/python3.7/site-packages/airflow/example_dags/example_xcomargs.py
[2022-07-06 18:58:14,076] {processor.py:641} INFO - Processing file /home/airflow/.local/lib/python3.7/site-packages/airflow/example_dags/example_xcomargs.py for tasks to queue
[2022-07-06 18:58:14,077] {logging_mixin.py:115} INFO - [2022-07-06 18:58:14,077] {dagbag.py:507} INFO - Filling up the DagBag from /home/airflow/.local/lib/python3.7/site-packages/airflow/example_dags/example_xcomargs.py
[2022-07-06 18:58:14,102] {processor.py:651} INFO - DAG(s) dict_keys(['example_xcom_args', 'example_xcom_args_with_operators']) retrieved from /home/airflow/.local/lib/python3.7/site-packages/airflow/example_dags/example_xcomargs.py
[2022-07-06 18:58:14,400] {logging_mixin.py:115} INFO - [2022-07-06 18:58:14,399] {dag.py:2371} INFO - Sync 2 DAGs
[2022-07-06 18:58:14,436] {logging_mixin.py:115} INFO - [2022-07-06 18:58:14,436] {dag.py:2919} INFO - Setting next_dagrun for example_xcom_args to None, run_after=None
[2022-07-06 18:58:14,437] {logging_mixin.py:115} INFO - [2022-07-06 18:58:14,437] {dag.py:2919} INFO - Setting next_dagrun for example_xcom_args_with_operators to None, run_after=None
[2022-07-06 18:58:14,460] {processor.py:161} INFO - Processing /home/airflow/.local/lib/python3.7/site-packages/airflow/example_dags/example_xcomargs.py took 0.390 seconds
[2022-07-06 18:58:44,502] {processor.py:153} INFO - Started process (PID=2704) to work on /home/airflow/.local/lib/python3.7/site-packages/airflow/example_dags/example_xcomargs.py
[2022-07-06 18:58:44,503] {processor.py:641} INFO - Processing file /home/airflow/.local/lib/python3.7/site-packages/airflow/example_dags/example_xcomargs.py for tasks to queue
[2022-07-06 18:58:44,504] {logging_mixin.py:115} INFO - [2022-07-06 18:58:44,504] {dagbag.py:507} INFO - Filling up the DagBag from /home/airflow/.local/lib/python3.7/site-packages/airflow/example_dags/example_xcomargs.py
[2022-07-06 18:58:44,528] {processor.py:651} INFO - DAG(s) dict_keys(['example_xcom_args', 'example_xcom_args_with_operators']) retrieved from /home/airflow/.local/lib/python3.7/site-packages/airflow/example_dags/example_xcomargs.py
[2022-07-06 18:58:44,780] {logging_mixin.py:115} INFO - [2022-07-06 18:58:44,780] {dag.py:2371} INFO - Sync 2 DAGs
[2022-07-06 18:58:44,803] {logging_mixin.py:115} INFO - [2022-07-06 18:58:44,803] {dag.py:2919} INFO - Setting next_dagrun for example_xcom_args to None, run_after=None
[2022-07-06 18:58:44,804] {logging_mixin.py:115} INFO - [2022-07-06 18:58:44,804] {dag.py:2919} INFO - Setting next_dagrun for example_xcom_args_with_operators to None, run_after=None
[2022-07-06 18:58:44,821] {processor.py:161} INFO - Processing /home/airflow/.local/lib/python3.7/site-packages/airflow/example_dags/example_xcomargs.py took 0.324 seconds
[2022-07-06 18:59:15,493] {processor.py:153} INFO - Started process (PID=2759) to work on /home/airflow/.local/lib/python3.7/site-packages/airflow/example_dags/example_xcomargs.py
[2022-07-06 18:59:15,495] {processor.py:641} INFO - Processing file /home/airflow/.local/lib/python3.7/site-packages/airflow/example_dags/example_xcomargs.py for tasks to queue
[2022-07-06 18:59:15,497] {logging_mixin.py:115} INFO - [2022-07-06 18:59:15,497] {dagbag.py:507} INFO - Filling up the DagBag from /home/airflow/.local/lib/python3.7/site-packages/airflow/example_dags/example_xcomargs.py
[2022-07-06 18:59:15,543] {processor.py:651} INFO - DAG(s) dict_keys(['example_xcom_args', 'example_xcom_args_with_operators']) retrieved from /home/airflow/.local/lib/python3.7/site-packages/airflow/example_dags/example_xcomargs.py
[2022-07-06 18:59:15,796] {logging_mixin.py:115} INFO - [2022-07-06 18:59:15,795] {dag.py:2371} INFO - Sync 2 DAGs
[2022-07-06 18:59:15,823] {logging_mixin.py:115} INFO - [2022-07-06 18:59:15,823] {dag.py:2919} INFO - Setting next_dagrun for example_xcom_args to None, run_after=None
[2022-07-06 18:59:15,825] {logging_mixin.py:115} INFO - [2022-07-06 18:59:15,824] {dag.py:2919} INFO - Setting next_dagrun for example_xcom_args_with_operators to None, run_after=None
[2022-07-06 18:59:15,844] {processor.py:161} INFO - Processing /home/airflow/.local/lib/python3.7/site-packages/airflow/example_dags/example_xcomargs.py took 0.357 seconds
[2022-07-06 18:59:46,596] {processor.py:153} INFO - Started process (PID=2823) to work on /home/airflow/.local/lib/python3.7/site-packages/airflow/example_dags/example_xcomargs.py
[2022-07-06 18:59:46,598] {processor.py:641} INFO - Processing file /home/airflow/.local/lib/python3.7/site-packages/airflow/example_dags/example_xcomargs.py for tasks to queue
[2022-07-06 18:59:46,599] {logging_mixin.py:115} INFO - [2022-07-06 18:59:46,599] {dagbag.py:507} INFO - Filling up the DagBag from /home/airflow/.local/lib/python3.7/site-packages/airflow/example_dags/example_xcomargs.py
[2022-07-06 18:59:46,622] {processor.py:651} INFO - DAG(s) dict_keys(['example_xcom_args', 'example_xcom_args_with_operators']) retrieved from /home/airflow/.local/lib/python3.7/site-packages/airflow/example_dags/example_xcomargs.py
[2022-07-06 18:59:46,659] {logging_mixin.py:115} INFO - [2022-07-06 18:59:46,659] {dag.py:2371} INFO - Sync 2 DAGs
[2022-07-06 18:59:46,688] {logging_mixin.py:115} INFO - [2022-07-06 18:59:46,688] {dag.py:2919} INFO - Setting next_dagrun for example_xcom_args to None, run_after=None
[2022-07-06 18:59:46,690] {logging_mixin.py:115} INFO - [2022-07-06 18:59:46,690] {dag.py:2919} INFO - Setting next_dagrun for example_xcom_args_with_operators to None, run_after=None
[2022-07-06 18:59:46,706] {processor.py:161} INFO - Processing /home/airflow/.local/lib/python3.7/site-packages/airflow/example_dags/example_xcomargs.py took 0.114 seconds
[2022-07-06 19:00:16,775] {processor.py:153} INFO - Started process (PID=2879) to work on /home/airflow/.local/lib/python3.7/site-packages/airflow/example_dags/example_xcomargs.py
[2022-07-06 19:00:16,776] {processor.py:641} INFO - Processing file /home/airflow/.local/lib/python3.7/site-packages/airflow/example_dags/example_xcomargs.py for tasks to queue
[2022-07-06 19:00:16,777] {logging_mixin.py:115} INFO - [2022-07-06 19:00:16,777] {dagbag.py:507} INFO - Filling up the DagBag from /home/airflow/.local/lib/python3.7/site-packages/airflow/example_dags/example_xcomargs.py
[2022-07-06 19:00:16,800] {processor.py:651} INFO - DAG(s) dict_keys(['example_xcom_args', 'example_xcom_args_with_operators']) retrieved from /home/airflow/.local/lib/python3.7/site-packages/airflow/example_dags/example_xcomargs.py
[2022-07-06 19:00:16,838] {logging_mixin.py:115} INFO - [2022-07-06 19:00:16,838] {dag.py:2371} INFO - Sync 2 DAGs
[2022-07-06 19:00:16,874] {logging_mixin.py:115} INFO - [2022-07-06 19:00:16,874] {dag.py:2919} INFO - Setting next_dagrun for example_xcom_args to None, run_after=None
[2022-07-06 19:00:16,876] {logging_mixin.py:115} INFO - [2022-07-06 19:00:16,876] {dag.py:2919} INFO - Setting next_dagrun for example_xcom_args_with_operators to None, run_after=None
[2022-07-06 19:00:16,893] {processor.py:161} INFO - Processing /home/airflow/.local/lib/python3.7/site-packages/airflow/example_dags/example_xcomargs.py took 0.122 seconds
[2022-07-06 19:00:47,007] {processor.py:153} INFO - Started process (PID=2942) to work on /home/airflow/.local/lib/python3.7/site-packages/airflow/example_dags/example_xcomargs.py
[2022-07-06 19:00:47,010] {processor.py:641} INFO - Processing file /home/airflow/.local/lib/python3.7/site-packages/airflow/example_dags/example_xcomargs.py for tasks to queue
[2022-07-06 19:00:47,012] {logging_mixin.py:115} INFO - [2022-07-06 19:00:47,012] {dagbag.py:507} INFO - Filling up the DagBag from /home/airflow/.local/lib/python3.7/site-packages/airflow/example_dags/example_xcomargs.py
[2022-07-06 19:00:47,053] {processor.py:651} INFO - DAG(s) dict_keys(['example_xcom_args', 'example_xcom_args_with_operators']) retrieved from /home/airflow/.local/lib/python3.7/site-packages/airflow/example_dags/example_xcomargs.py
[2022-07-06 19:00:47,301] {logging_mixin.py:115} INFO - [2022-07-06 19:00:47,301] {dag.py:2371} INFO - Sync 2 DAGs
[2022-07-06 19:00:47,325] {logging_mixin.py:115} INFO - [2022-07-06 19:00:47,325] {dag.py:2919} INFO - Setting next_dagrun for example_xcom_args to None, run_after=None
[2022-07-06 19:00:47,327] {logging_mixin.py:115} INFO - [2022-07-06 19:00:47,327] {dag.py:2919} INFO - Setting next_dagrun for example_xcom_args_with_operators to None, run_after=None
[2022-07-06 19:00:47,348] {processor.py:161} INFO - Processing /home/airflow/.local/lib/python3.7/site-packages/airflow/example_dags/example_xcomargs.py took 0.352 seconds
[2022-07-06 19:01:17,515] {processor.py:153} INFO - Started process (PID=3007) to work on /home/airflow/.local/lib/python3.7/site-packages/airflow/example_dags/example_xcomargs.py
[2022-07-06 19:01:17,516] {processor.py:641} INFO - Processing file /home/airflow/.local/lib/python3.7/site-packages/airflow/example_dags/example_xcomargs.py for tasks to queue
[2022-07-06 19:01:17,518] {logging_mixin.py:115} INFO - [2022-07-06 19:01:17,517] {dagbag.py:507} INFO - Filling up the DagBag from /home/airflow/.local/lib/python3.7/site-packages/airflow/example_dags/example_xcomargs.py
[2022-07-06 19:01:17,542] {processor.py:651} INFO - DAG(s) dict_keys(['example_xcom_args', 'example_xcom_args_with_operators']) retrieved from /home/airflow/.local/lib/python3.7/site-packages/airflow/example_dags/example_xcomargs.py
[2022-07-06 19:01:17,814] {logging_mixin.py:115} INFO - [2022-07-06 19:01:17,813] {dag.py:2371} INFO - Sync 2 DAGs
[2022-07-06 19:01:17,844] {logging_mixin.py:115} INFO - [2022-07-06 19:01:17,844] {dag.py:2919} INFO - Setting next_dagrun for example_xcom_args to None, run_after=None
[2022-07-06 19:01:17,845] {logging_mixin.py:115} INFO - [2022-07-06 19:01:17,845] {dag.py:2919} INFO - Setting next_dagrun for example_xcom_args_with_operators to None, run_after=None
[2022-07-06 19:01:17,869] {processor.py:161} INFO - Processing /home/airflow/.local/lib/python3.7/site-packages/airflow/example_dags/example_xcomargs.py took 0.358 seconds
