[2022-07-06 18:36:14,452] {processor.py:153} INFO - Started process (PID=71) to work on /home/airflow/.local/lib/python3.7/site-packages/airflow/example_dags/example_xcom.py
[2022-07-06 18:36:14,453] {processor.py:641} INFO - Processing file /home/airflow/.local/lib/python3.7/site-packages/airflow/example_dags/example_xcom.py for tasks to queue
[2022-07-06 18:36:14,456] {logging_mixin.py:115} INFO - [2022-07-06 18:36:14,456] {dagbag.py:507} INFO - Filling up the DagBag from /home/airflow/.local/lib/python3.7/site-packages/airflow/example_dags/example_xcom.py
[2022-07-06 18:36:14,489] {processor.py:651} INFO - DAG(s) dict_keys(['example_xcom']) retrieved from /home/airflow/.local/lib/python3.7/site-packages/airflow/example_dags/example_xcom.py
[2022-07-06 18:36:14,602] {logging_mixin.py:115} INFO - [2022-07-06 18:36:14,601] {dag.py:2371} INFO - Sync 1 DAGs
[2022-07-06 18:36:14,650] {logging_mixin.py:115} INFO - [2022-07-06 18:36:14,650] {dag.py:2919} INFO - Setting next_dagrun for example_xcom to 2021-01-01T00:00:00+00:00, run_after=2021-01-01T00:00:00+00:00
[2022-07-06 18:36:14,876] {processor.py:161} INFO - Processing /home/airflow/.local/lib/python3.7/site-packages/airflow/example_dags/example_xcom.py took 0.433 seconds
[2022-07-06 18:36:44,961] {processor.py:153} INFO - Started process (PID=137) to work on /home/airflow/.local/lib/python3.7/site-packages/airflow/example_dags/example_xcom.py
[2022-07-06 18:36:44,962] {processor.py:641} INFO - Processing file /home/airflow/.local/lib/python3.7/site-packages/airflow/example_dags/example_xcom.py for tasks to queue
[2022-07-06 18:36:44,963] {logging_mixin.py:115} INFO - [2022-07-06 18:36:44,963] {dagbag.py:507} INFO - Filling up the DagBag from /home/airflow/.local/lib/python3.7/site-packages/airflow/example_dags/example_xcom.py
[2022-07-06 18:36:44,986] {processor.py:651} INFO - DAG(s) dict_keys(['example_xcom']) retrieved from /home/airflow/.local/lib/python3.7/site-packages/airflow/example_dags/example_xcom.py
[2022-07-06 18:36:45,084] {logging_mixin.py:115} INFO - [2022-07-06 18:36:45,084] {dag.py:2371} INFO - Sync 1 DAGs
[2022-07-06 18:36:45,238] {logging_mixin.py:115} INFO - [2022-07-06 18:36:45,238] {dag.py:2919} INFO - Setting next_dagrun for example_xcom to 2021-01-01T00:00:00+00:00, run_after=2021-01-01T00:00:00+00:00
[2022-07-06 18:36:45,254] {processor.py:161} INFO - Processing /home/airflow/.local/lib/python3.7/site-packages/airflow/example_dags/example_xcom.py took 0.297 seconds
[2022-07-06 18:37:15,331] {processor.py:153} INFO - Started process (PID=189) to work on /home/airflow/.local/lib/python3.7/site-packages/airflow/example_dags/example_xcom.py
[2022-07-06 18:37:15,333] {processor.py:641} INFO - Processing file /home/airflow/.local/lib/python3.7/site-packages/airflow/example_dags/example_xcom.py for tasks to queue
[2022-07-06 18:37:15,334] {logging_mixin.py:115} INFO - [2022-07-06 18:37:15,334] {dagbag.py:507} INFO - Filling up the DagBag from /home/airflow/.local/lib/python3.7/site-packages/airflow/example_dags/example_xcom.py
[2022-07-06 18:37:15,357] {processor.py:651} INFO - DAG(s) dict_keys(['example_xcom']) retrieved from /home/airflow/.local/lib/python3.7/site-packages/airflow/example_dags/example_xcom.py
[2022-07-06 18:37:15,442] {logging_mixin.py:115} INFO - [2022-07-06 18:37:15,441] {dag.py:2371} INFO - Sync 1 DAGs
[2022-07-06 18:37:15,594] {logging_mixin.py:115} INFO - [2022-07-06 18:37:15,594] {dag.py:2919} INFO - Setting next_dagrun for example_xcom to 2021-01-01T00:00:00+00:00, run_after=2021-01-01T00:00:00+00:00
[2022-07-06 18:37:15,608] {processor.py:161} INFO - Processing /home/airflow/.local/lib/python3.7/site-packages/airflow/example_dags/example_xcom.py took 0.281 seconds
[2022-07-06 18:37:45,812] {processor.py:153} INFO - Started process (PID=256) to work on /home/airflow/.local/lib/python3.7/site-packages/airflow/example_dags/example_xcom.py
[2022-07-06 18:37:45,813] {processor.py:641} INFO - Processing file /home/airflow/.local/lib/python3.7/site-packages/airflow/example_dags/example_xcom.py for tasks to queue
[2022-07-06 18:37:45,814] {logging_mixin.py:115} INFO - [2022-07-06 18:37:45,814] {dagbag.py:507} INFO - Filling up the DagBag from /home/airflow/.local/lib/python3.7/site-packages/airflow/example_dags/example_xcom.py
[2022-07-06 18:37:45,836] {processor.py:651} INFO - DAG(s) dict_keys(['example_xcom']) retrieved from /home/airflow/.local/lib/python3.7/site-packages/airflow/example_dags/example_xcom.py
[2022-07-06 18:37:45,915] {logging_mixin.py:115} INFO - [2022-07-06 18:37:45,915] {dag.py:2371} INFO - Sync 1 DAGs
[2022-07-06 18:37:46,080] {logging_mixin.py:115} INFO - [2022-07-06 18:37:46,080] {dag.py:2919} INFO - Setting next_dagrun for example_xcom to 2021-01-01T00:00:00+00:00, run_after=2021-01-01T00:00:00+00:00
[2022-07-06 18:37:46,098] {processor.py:161} INFO - Processing /home/airflow/.local/lib/python3.7/site-packages/airflow/example_dags/example_xcom.py took 0.290 seconds
[2022-07-06 18:38:16,640] {processor.py:153} INFO - Started process (PID=320) to work on /home/airflow/.local/lib/python3.7/site-packages/airflow/example_dags/example_xcom.py
[2022-07-06 18:38:16,641] {processor.py:641} INFO - Processing file /home/airflow/.local/lib/python3.7/site-packages/airflow/example_dags/example_xcom.py for tasks to queue
[2022-07-06 18:38:16,643] {logging_mixin.py:115} INFO - [2022-07-06 18:38:16,643] {dagbag.py:507} INFO - Filling up the DagBag from /home/airflow/.local/lib/python3.7/site-packages/airflow/example_dags/example_xcom.py
[2022-07-06 18:38:16,666] {processor.py:651} INFO - DAG(s) dict_keys(['example_xcom']) retrieved from /home/airflow/.local/lib/python3.7/site-packages/airflow/example_dags/example_xcom.py
[2022-07-06 18:38:16,750] {logging_mixin.py:115} INFO - [2022-07-06 18:38:16,750] {dag.py:2371} INFO - Sync 1 DAGs
[2022-07-06 18:38:16,912] {logging_mixin.py:115} INFO - [2022-07-06 18:38:16,912] {dag.py:2919} INFO - Setting next_dagrun for example_xcom to 2021-01-01T00:00:00+00:00, run_after=2021-01-01T00:00:00+00:00
[2022-07-06 18:38:16,930] {processor.py:161} INFO - Processing /home/airflow/.local/lib/python3.7/site-packages/airflow/example_dags/example_xcom.py took 0.293 seconds
[2022-07-06 18:38:47,458] {processor.py:153} INFO - Started process (PID=373) to work on /home/airflow/.local/lib/python3.7/site-packages/airflow/example_dags/example_xcom.py
[2022-07-06 18:38:47,459] {processor.py:641} INFO - Processing file /home/airflow/.local/lib/python3.7/site-packages/airflow/example_dags/example_xcom.py for tasks to queue
[2022-07-06 18:38:47,460] {logging_mixin.py:115} INFO - [2022-07-06 18:38:47,460] {dagbag.py:507} INFO - Filling up the DagBag from /home/airflow/.local/lib/python3.7/site-packages/airflow/example_dags/example_xcom.py
[2022-07-06 18:38:47,484] {processor.py:651} INFO - DAG(s) dict_keys(['example_xcom']) retrieved from /home/airflow/.local/lib/python3.7/site-packages/airflow/example_dags/example_xcom.py
[2022-07-06 18:38:47,575] {logging_mixin.py:115} INFO - [2022-07-06 18:38:47,575] {dag.py:2371} INFO - Sync 1 DAGs
[2022-07-06 18:38:47,802] {logging_mixin.py:115} INFO - [2022-07-06 18:38:47,802] {dag.py:2919} INFO - Setting next_dagrun for example_xcom to 2021-01-01T00:00:00+00:00, run_after=2021-01-01T00:00:00+00:00
[2022-07-06 18:38:47,819] {processor.py:161} INFO - Processing /home/airflow/.local/lib/python3.7/site-packages/airflow/example_dags/example_xcom.py took 0.365 seconds
[2022-07-06 18:39:17,972] {processor.py:153} INFO - Started process (PID=437) to work on /home/airflow/.local/lib/python3.7/site-packages/airflow/example_dags/example_xcom.py
[2022-07-06 18:39:17,973] {processor.py:641} INFO - Processing file /home/airflow/.local/lib/python3.7/site-packages/airflow/example_dags/example_xcom.py for tasks to queue
[2022-07-06 18:39:17,975] {logging_mixin.py:115} INFO - [2022-07-06 18:39:17,975] {dagbag.py:507} INFO - Filling up the DagBag from /home/airflow/.local/lib/python3.7/site-packages/airflow/example_dags/example_xcom.py
[2022-07-06 18:39:18,008] {processor.py:651} INFO - DAG(s) dict_keys(['example_xcom']) retrieved from /home/airflow/.local/lib/python3.7/site-packages/airflow/example_dags/example_xcom.py
[2022-07-06 18:39:18,097] {logging_mixin.py:115} INFO - [2022-07-06 18:39:18,097] {dag.py:2371} INFO - Sync 1 DAGs
[2022-07-06 18:39:18,272] {logging_mixin.py:115} INFO - [2022-07-06 18:39:18,272] {dag.py:2919} INFO - Setting next_dagrun for example_xcom to 2021-01-01T00:00:00+00:00, run_after=2021-01-01T00:00:00+00:00
[2022-07-06 18:39:18,290] {processor.py:161} INFO - Processing /home/airflow/.local/lib/python3.7/site-packages/airflow/example_dags/example_xcom.py took 0.324 seconds
[2022-07-06 18:39:48,330] {processor.py:153} INFO - Started process (PID=498) to work on /home/airflow/.local/lib/python3.7/site-packages/airflow/example_dags/example_xcom.py
[2022-07-06 18:39:48,331] {processor.py:641} INFO - Processing file /home/airflow/.local/lib/python3.7/site-packages/airflow/example_dags/example_xcom.py for tasks to queue
[2022-07-06 18:39:48,332] {logging_mixin.py:115} INFO - [2022-07-06 18:39:48,332] {dagbag.py:507} INFO - Filling up the DagBag from /home/airflow/.local/lib/python3.7/site-packages/airflow/example_dags/example_xcom.py
[2022-07-06 18:39:48,354] {processor.py:651} INFO - DAG(s) dict_keys(['example_xcom']) retrieved from /home/airflow/.local/lib/python3.7/site-packages/airflow/example_dags/example_xcom.py
[2022-07-06 18:39:48,441] {logging_mixin.py:115} INFO - [2022-07-06 18:39:48,441] {dag.py:2371} INFO - Sync 1 DAGs
[2022-07-06 18:39:48,627] {logging_mixin.py:115} INFO - [2022-07-06 18:39:48,627] {dag.py:2919} INFO - Setting next_dagrun for example_xcom to 2021-01-01T00:00:00+00:00, run_after=2021-01-01T00:00:00+00:00
[2022-07-06 18:39:48,661] {processor.py:161} INFO - Processing /home/airflow/.local/lib/python3.7/site-packages/airflow/example_dags/example_xcom.py took 0.336 seconds
[2022-07-06 18:40:18,735] {processor.py:153} INFO - Started process (PID=552) to work on /home/airflow/.local/lib/python3.7/site-packages/airflow/example_dags/example_xcom.py
[2022-07-06 18:40:18,736] {processor.py:641} INFO - Processing file /home/airflow/.local/lib/python3.7/site-packages/airflow/example_dags/example_xcom.py for tasks to queue
[2022-07-06 18:40:18,737] {logging_mixin.py:115} INFO - [2022-07-06 18:40:18,737] {dagbag.py:507} INFO - Filling up the DagBag from /home/airflow/.local/lib/python3.7/site-packages/airflow/example_dags/example_xcom.py
[2022-07-06 18:40:18,760] {processor.py:651} INFO - DAG(s) dict_keys(['example_xcom']) retrieved from /home/airflow/.local/lib/python3.7/site-packages/airflow/example_dags/example_xcom.py
[2022-07-06 18:40:18,841] {logging_mixin.py:115} INFO - [2022-07-06 18:40:18,841] {dag.py:2371} INFO - Sync 1 DAGs
[2022-07-06 18:40:18,998] {logging_mixin.py:115} INFO - [2022-07-06 18:40:18,998] {dag.py:2919} INFO - Setting next_dagrun for example_xcom to 2021-01-01T00:00:00+00:00, run_after=2021-01-01T00:00:00+00:00
[2022-07-06 18:40:19,017] {processor.py:161} INFO - Processing /home/airflow/.local/lib/python3.7/site-packages/airflow/example_dags/example_xcom.py took 0.286 seconds
[2022-07-06 18:40:49,184] {processor.py:153} INFO - Started process (PID=616) to work on /home/airflow/.local/lib/python3.7/site-packages/airflow/example_dags/example_xcom.py
[2022-07-06 18:40:49,185] {processor.py:641} INFO - Processing file /home/airflow/.local/lib/python3.7/site-packages/airflow/example_dags/example_xcom.py for tasks to queue
[2022-07-06 18:40:49,186] {logging_mixin.py:115} INFO - [2022-07-06 18:40:49,186] {dagbag.py:507} INFO - Filling up the DagBag from /home/airflow/.local/lib/python3.7/site-packages/airflow/example_dags/example_xcom.py
[2022-07-06 18:40:49,208] {processor.py:651} INFO - DAG(s) dict_keys(['example_xcom']) retrieved from /home/airflow/.local/lib/python3.7/site-packages/airflow/example_dags/example_xcom.py
[2022-07-06 18:40:49,288] {logging_mixin.py:115} INFO - [2022-07-06 18:40:49,288] {dag.py:2371} INFO - Sync 1 DAGs
[2022-07-06 18:40:49,449] {logging_mixin.py:115} INFO - [2022-07-06 18:40:49,449] {dag.py:2919} INFO - Setting next_dagrun for example_xcom to 2021-01-01T00:00:00+00:00, run_after=2021-01-01T00:00:00+00:00
[2022-07-06 18:40:49,465] {processor.py:161} INFO - Processing /home/airflow/.local/lib/python3.7/site-packages/airflow/example_dags/example_xcom.py took 0.285 seconds
[2022-07-06 18:41:19,632] {processor.py:153} INFO - Started process (PID=671) to work on /home/airflow/.local/lib/python3.7/site-packages/airflow/example_dags/example_xcom.py
[2022-07-06 18:41:19,634] {processor.py:641} INFO - Processing file /home/airflow/.local/lib/python3.7/site-packages/airflow/example_dags/example_xcom.py for tasks to queue
[2022-07-06 18:41:19,635] {logging_mixin.py:115} INFO - [2022-07-06 18:41:19,635] {dagbag.py:507} INFO - Filling up the DagBag from /home/airflow/.local/lib/python3.7/site-packages/airflow/example_dags/example_xcom.py
[2022-07-06 18:41:19,657] {processor.py:651} INFO - DAG(s) dict_keys(['example_xcom']) retrieved from /home/airflow/.local/lib/python3.7/site-packages/airflow/example_dags/example_xcom.py
[2022-07-06 18:41:19,690] {logging_mixin.py:115} INFO - [2022-07-06 18:41:19,690] {dag.py:2371} INFO - Sync 1 DAGs
[2022-07-06 18:41:19,718] {logging_mixin.py:115} INFO - [2022-07-06 18:41:19,718] {dag.py:2919} INFO - Setting next_dagrun for example_xcom to 2021-01-01T00:00:00+00:00, run_after=2021-01-01T00:00:00+00:00
[2022-07-06 18:41:19,734] {processor.py:161} INFO - Processing /home/airflow/.local/lib/python3.7/site-packages/airflow/example_dags/example_xcom.py took 0.106 seconds
[2022-07-06 18:41:50,311] {processor.py:153} INFO - Started process (PID=736) to work on /home/airflow/.local/lib/python3.7/site-packages/airflow/example_dags/example_xcom.py
[2022-07-06 18:41:50,312] {processor.py:641} INFO - Processing file /home/airflow/.local/lib/python3.7/site-packages/airflow/example_dags/example_xcom.py for tasks to queue
[2022-07-06 18:41:50,313] {logging_mixin.py:115} INFO - [2022-07-06 18:41:50,313] {dagbag.py:507} INFO - Filling up the DagBag from /home/airflow/.local/lib/python3.7/site-packages/airflow/example_dags/example_xcom.py
[2022-07-06 18:41:50,338] {processor.py:651} INFO - DAG(s) dict_keys(['example_xcom']) retrieved from /home/airflow/.local/lib/python3.7/site-packages/airflow/example_dags/example_xcom.py
[2022-07-06 18:41:50,445] {logging_mixin.py:115} INFO - [2022-07-06 18:41:50,444] {dag.py:2371} INFO - Sync 1 DAGs
[2022-07-06 18:41:50,612] {logging_mixin.py:115} INFO - [2022-07-06 18:41:50,611] {dag.py:2919} INFO - Setting next_dagrun for example_xcom to 2021-01-01T00:00:00+00:00, run_after=2021-01-01T00:00:00+00:00
[2022-07-06 18:41:50,629] {processor.py:161} INFO - Processing /home/airflow/.local/lib/python3.7/site-packages/airflow/example_dags/example_xcom.py took 0.323 seconds
[2022-07-06 18:42:21,313] {processor.py:153} INFO - Started process (PID=798) to work on /home/airflow/.local/lib/python3.7/site-packages/airflow/example_dags/example_xcom.py
[2022-07-06 18:42:21,315] {processor.py:641} INFO - Processing file /home/airflow/.local/lib/python3.7/site-packages/airflow/example_dags/example_xcom.py for tasks to queue
[2022-07-06 18:42:21,316] {logging_mixin.py:115} INFO - [2022-07-06 18:42:21,316] {dagbag.py:507} INFO - Filling up the DagBag from /home/airflow/.local/lib/python3.7/site-packages/airflow/example_dags/example_xcom.py
[2022-07-06 18:42:21,341] {processor.py:651} INFO - DAG(s) dict_keys(['example_xcom']) retrieved from /home/airflow/.local/lib/python3.7/site-packages/airflow/example_dags/example_xcom.py
[2022-07-06 18:42:21,430] {logging_mixin.py:115} INFO - [2022-07-06 18:42:21,429] {dag.py:2371} INFO - Sync 1 DAGs
[2022-07-06 18:42:21,610] {logging_mixin.py:115} INFO - [2022-07-06 18:42:21,610] {dag.py:2919} INFO - Setting next_dagrun for example_xcom to 2021-01-01T00:00:00+00:00, run_after=2021-01-01T00:00:00+00:00
[2022-07-06 18:42:21,630] {processor.py:161} INFO - Processing /home/airflow/.local/lib/python3.7/site-packages/airflow/example_dags/example_xcom.py took 0.323 seconds
[2022-07-06 18:42:52,091] {processor.py:153} INFO - Started process (PID=852) to work on /home/airflow/.local/lib/python3.7/site-packages/airflow/example_dags/example_xcom.py
[2022-07-06 18:42:52,092] {processor.py:641} INFO - Processing file /home/airflow/.local/lib/python3.7/site-packages/airflow/example_dags/example_xcom.py for tasks to queue
[2022-07-06 18:42:52,094] {logging_mixin.py:115} INFO - [2022-07-06 18:42:52,093] {dagbag.py:507} INFO - Filling up the DagBag from /home/airflow/.local/lib/python3.7/site-packages/airflow/example_dags/example_xcom.py
[2022-07-06 18:42:52,117] {processor.py:651} INFO - DAG(s) dict_keys(['example_xcom']) retrieved from /home/airflow/.local/lib/python3.7/site-packages/airflow/example_dags/example_xcom.py
[2022-07-06 18:42:52,199] {logging_mixin.py:115} INFO - [2022-07-06 18:42:52,199] {dag.py:2371} INFO - Sync 1 DAGs
[2022-07-06 18:42:52,361] {logging_mixin.py:115} INFO - [2022-07-06 18:42:52,361] {dag.py:2919} INFO - Setting next_dagrun for example_xcom to 2021-01-01T00:00:00+00:00, run_after=2021-01-01T00:00:00+00:00
[2022-07-06 18:42:52,386] {processor.py:161} INFO - Processing /home/airflow/.local/lib/python3.7/site-packages/airflow/example_dags/example_xcom.py took 0.300 seconds
[2022-07-06 18:43:22,909] {processor.py:153} INFO - Started process (PID=919) to work on /home/airflow/.local/lib/python3.7/site-packages/airflow/example_dags/example_xcom.py
[2022-07-06 18:43:22,910] {processor.py:641} INFO - Processing file /home/airflow/.local/lib/python3.7/site-packages/airflow/example_dags/example_xcom.py for tasks to queue
[2022-07-06 18:43:22,912] {logging_mixin.py:115} INFO - [2022-07-06 18:43:22,911] {dagbag.py:507} INFO - Filling up the DagBag from /home/airflow/.local/lib/python3.7/site-packages/airflow/example_dags/example_xcom.py
[2022-07-06 18:43:22,936] {processor.py:651} INFO - DAG(s) dict_keys(['example_xcom']) retrieved from /home/airflow/.local/lib/python3.7/site-packages/airflow/example_dags/example_xcom.py
[2022-07-06 18:43:23,021] {logging_mixin.py:115} INFO - [2022-07-06 18:43:23,021] {dag.py:2371} INFO - Sync 1 DAGs
[2022-07-06 18:43:23,182] {logging_mixin.py:115} INFO - [2022-07-06 18:43:23,182] {dag.py:2919} INFO - Setting next_dagrun for example_xcom to 2021-01-01T00:00:00+00:00, run_after=2021-01-01T00:00:00+00:00
[2022-07-06 18:43:23,200] {processor.py:161} INFO - Processing /home/airflow/.local/lib/python3.7/site-packages/airflow/example_dags/example_xcom.py took 0.295 seconds
[2022-07-06 18:43:53,735] {processor.py:153} INFO - Started process (PID=983) to work on /home/airflow/.local/lib/python3.7/site-packages/airflow/example_dags/example_xcom.py
[2022-07-06 18:43:53,736] {processor.py:641} INFO - Processing file /home/airflow/.local/lib/python3.7/site-packages/airflow/example_dags/example_xcom.py for tasks to queue
[2022-07-06 18:43:53,738] {logging_mixin.py:115} INFO - [2022-07-06 18:43:53,738] {dagbag.py:507} INFO - Filling up the DagBag from /home/airflow/.local/lib/python3.7/site-packages/airflow/example_dags/example_xcom.py
[2022-07-06 18:43:53,760] {processor.py:651} INFO - DAG(s) dict_keys(['example_xcom']) retrieved from /home/airflow/.local/lib/python3.7/site-packages/airflow/example_dags/example_xcom.py
[2022-07-06 18:43:53,794] {logging_mixin.py:115} INFO - [2022-07-06 18:43:53,793] {dag.py:2371} INFO - Sync 1 DAGs
[2022-07-06 18:43:53,821] {logging_mixin.py:115} INFO - [2022-07-06 18:43:53,821] {dag.py:2919} INFO - Setting next_dagrun for example_xcom to 2021-01-01T00:00:00+00:00, run_after=2021-01-01T00:00:00+00:00
[2022-07-06 18:43:53,836] {processor.py:161} INFO - Processing /home/airflow/.local/lib/python3.7/site-packages/airflow/example_dags/example_xcom.py took 0.105 seconds
[2022-07-06 18:44:24,255] {processor.py:153} INFO - Started process (PID=1037) to work on /home/airflow/.local/lib/python3.7/site-packages/airflow/example_dags/example_xcom.py
[2022-07-06 18:44:24,257] {processor.py:641} INFO - Processing file /home/airflow/.local/lib/python3.7/site-packages/airflow/example_dags/example_xcom.py for tasks to queue
[2022-07-06 18:44:24,258] {logging_mixin.py:115} INFO - [2022-07-06 18:44:24,258] {dagbag.py:507} INFO - Filling up the DagBag from /home/airflow/.local/lib/python3.7/site-packages/airflow/example_dags/example_xcom.py
[2022-07-06 18:44:24,281] {processor.py:651} INFO - DAG(s) dict_keys(['example_xcom']) retrieved from /home/airflow/.local/lib/python3.7/site-packages/airflow/example_dags/example_xcom.py
[2022-07-06 18:44:24,375] {logging_mixin.py:115} INFO - [2022-07-06 18:44:24,375] {dag.py:2371} INFO - Sync 1 DAGs
[2022-07-06 18:44:24,540] {logging_mixin.py:115} INFO - [2022-07-06 18:44:24,540] {dag.py:2919} INFO - Setting next_dagrun for example_xcom to 2021-01-01T00:00:00+00:00, run_after=2021-01-01T00:00:00+00:00
[2022-07-06 18:44:24,555] {processor.py:161} INFO - Processing /home/airflow/.local/lib/python3.7/site-packages/airflow/example_dags/example_xcom.py took 0.305 seconds
[2022-07-06 18:44:54,615] {processor.py:153} INFO - Started process (PID=1098) to work on /home/airflow/.local/lib/python3.7/site-packages/airflow/example_dags/example_xcom.py
[2022-07-06 18:44:54,617] {processor.py:641} INFO - Processing file /home/airflow/.local/lib/python3.7/site-packages/airflow/example_dags/example_xcom.py for tasks to queue
[2022-07-06 18:44:54,619] {logging_mixin.py:115} INFO - [2022-07-06 18:44:54,619] {dagbag.py:507} INFO - Filling up the DagBag from /home/airflow/.local/lib/python3.7/site-packages/airflow/example_dags/example_xcom.py
[2022-07-06 18:44:54,645] {processor.py:651} INFO - DAG(s) dict_keys(['example_xcom']) retrieved from /home/airflow/.local/lib/python3.7/site-packages/airflow/example_dags/example_xcom.py
[2022-07-06 18:44:54,753] {logging_mixin.py:115} INFO - [2022-07-06 18:44:54,753] {dag.py:2371} INFO - Sync 1 DAGs
[2022-07-06 18:44:54,934] {logging_mixin.py:115} INFO - [2022-07-06 18:44:54,933] {dag.py:2919} INFO - Setting next_dagrun for example_xcom to 2021-01-01T00:00:00+00:00, run_after=2021-01-01T00:00:00+00:00
[2022-07-06 18:44:54,949] {processor.py:161} INFO - Processing /home/airflow/.local/lib/python3.7/site-packages/airflow/example_dags/example_xcom.py took 0.338 seconds
[2022-07-06 18:45:26,198] {processor.py:153} INFO - Started process (PID=1162) to work on /home/airflow/.local/lib/python3.7/site-packages/airflow/example_dags/example_xcom.py
[2022-07-06 18:45:26,200] {processor.py:641} INFO - Processing file /home/airflow/.local/lib/python3.7/site-packages/airflow/example_dags/example_xcom.py for tasks to queue
[2022-07-06 18:45:26,201] {logging_mixin.py:115} INFO - [2022-07-06 18:45:26,201] {dagbag.py:507} INFO - Filling up the DagBag from /home/airflow/.local/lib/python3.7/site-packages/airflow/example_dags/example_xcom.py
[2022-07-06 18:45:26,229] {processor.py:651} INFO - DAG(s) dict_keys(['example_xcom']) retrieved from /home/airflow/.local/lib/python3.7/site-packages/airflow/example_dags/example_xcom.py
[2022-07-06 18:45:26,332] {logging_mixin.py:115} INFO - [2022-07-06 18:45:26,332] {dag.py:2371} INFO - Sync 1 DAGs
[2022-07-06 18:45:26,528] {logging_mixin.py:115} INFO - [2022-07-06 18:45:26,528] {dag.py:2919} INFO - Setting next_dagrun for example_xcom to 2021-01-01T00:00:00+00:00, run_after=2021-01-01T00:00:00+00:00
[2022-07-06 18:45:26,544] {processor.py:161} INFO - Processing /home/airflow/.local/lib/python3.7/site-packages/airflow/example_dags/example_xcom.py took 0.350 seconds
[2022-07-06 18:45:56,708] {processor.py:153} INFO - Started process (PID=1217) to work on /home/airflow/.local/lib/python3.7/site-packages/airflow/example_dags/example_xcom.py
[2022-07-06 18:45:56,709] {processor.py:641} INFO - Processing file /home/airflow/.local/lib/python3.7/site-packages/airflow/example_dags/example_xcom.py for tasks to queue
[2022-07-06 18:45:56,710] {logging_mixin.py:115} INFO - [2022-07-06 18:45:56,710] {dagbag.py:507} INFO - Filling up the DagBag from /home/airflow/.local/lib/python3.7/site-packages/airflow/example_dags/example_xcom.py
[2022-07-06 18:45:56,735] {processor.py:651} INFO - DAG(s) dict_keys(['example_xcom']) retrieved from /home/airflow/.local/lib/python3.7/site-packages/airflow/example_dags/example_xcom.py
[2022-07-06 18:45:56,817] {logging_mixin.py:115} INFO - [2022-07-06 18:45:56,817] {dag.py:2371} INFO - Sync 1 DAGs
[2022-07-06 18:45:56,985] {logging_mixin.py:115} INFO - [2022-07-06 18:45:56,985] {dag.py:2919} INFO - Setting next_dagrun for example_xcom to 2021-01-01T00:00:00+00:00, run_after=2021-01-01T00:00:00+00:00
[2022-07-06 18:45:57,002] {processor.py:161} INFO - Processing /home/airflow/.local/lib/python3.7/site-packages/airflow/example_dags/example_xcom.py took 0.299 seconds
[2022-07-06 18:46:27,663] {processor.py:153} INFO - Started process (PID=1281) to work on /home/airflow/.local/lib/python3.7/site-packages/airflow/example_dags/example_xcom.py
[2022-07-06 18:46:27,664] {processor.py:641} INFO - Processing file /home/airflow/.local/lib/python3.7/site-packages/airflow/example_dags/example_xcom.py for tasks to queue
[2022-07-06 18:46:27,665] {logging_mixin.py:115} INFO - [2022-07-06 18:46:27,665] {dagbag.py:507} INFO - Filling up the DagBag from /home/airflow/.local/lib/python3.7/site-packages/airflow/example_dags/example_xcom.py
[2022-07-06 18:46:27,689] {processor.py:651} INFO - DAG(s) dict_keys(['example_xcom']) retrieved from /home/airflow/.local/lib/python3.7/site-packages/airflow/example_dags/example_xcom.py
[2022-07-06 18:46:27,772] {logging_mixin.py:115} INFO - [2022-07-06 18:46:27,772] {dag.py:2371} INFO - Sync 1 DAGs
[2022-07-06 18:46:27,938] {logging_mixin.py:115} INFO - [2022-07-06 18:46:27,938] {dag.py:2919} INFO - Setting next_dagrun for example_xcom to 2021-01-01T00:00:00+00:00, run_after=2021-01-01T00:00:00+00:00
[2022-07-06 18:46:27,956] {processor.py:161} INFO - Processing /home/airflow/.local/lib/python3.7/site-packages/airflow/example_dags/example_xcom.py took 0.298 seconds
[2022-07-06 18:46:58,332] {processor.py:153} INFO - Started process (PID=1345) to work on /home/airflow/.local/lib/python3.7/site-packages/airflow/example_dags/example_xcom.py
[2022-07-06 18:46:58,334] {processor.py:641} INFO - Processing file /home/airflow/.local/lib/python3.7/site-packages/airflow/example_dags/example_xcom.py for tasks to queue
[2022-07-06 18:46:58,336] {logging_mixin.py:115} INFO - [2022-07-06 18:46:58,335] {dagbag.py:507} INFO - Filling up the DagBag from /home/airflow/.local/lib/python3.7/site-packages/airflow/example_dags/example_xcom.py
[2022-07-06 18:46:58,361] {processor.py:651} INFO - DAG(s) dict_keys(['example_xcom']) retrieved from /home/airflow/.local/lib/python3.7/site-packages/airflow/example_dags/example_xcom.py
[2022-07-06 18:46:58,396] {logging_mixin.py:115} INFO - [2022-07-06 18:46:58,396] {dag.py:2371} INFO - Sync 1 DAGs
[2022-07-06 18:46:58,436] {logging_mixin.py:115} INFO - [2022-07-06 18:46:58,436] {dag.py:2919} INFO - Setting next_dagrun for example_xcom to 2021-01-01T00:00:00+00:00, run_after=2021-01-01T00:00:00+00:00
[2022-07-06 18:46:58,455] {processor.py:161} INFO - Processing /home/airflow/.local/lib/python3.7/site-packages/airflow/example_dags/example_xcom.py took 0.129 seconds
[2022-07-06 18:47:29,070] {processor.py:153} INFO - Started process (PID=1399) to work on /home/airflow/.local/lib/python3.7/site-packages/airflow/example_dags/example_xcom.py
[2022-07-06 18:47:29,072] {processor.py:641} INFO - Processing file /home/airflow/.local/lib/python3.7/site-packages/airflow/example_dags/example_xcom.py for tasks to queue
[2022-07-06 18:47:29,073] {logging_mixin.py:115} INFO - [2022-07-06 18:47:29,073] {dagbag.py:507} INFO - Filling up the DagBag from /home/airflow/.local/lib/python3.7/site-packages/airflow/example_dags/example_xcom.py
[2022-07-06 18:47:29,099] {processor.py:651} INFO - DAG(s) dict_keys(['example_xcom']) retrieved from /home/airflow/.local/lib/python3.7/site-packages/airflow/example_dags/example_xcom.py
[2022-07-06 18:47:29,188] {logging_mixin.py:115} INFO - [2022-07-06 18:47:29,188] {dag.py:2371} INFO - Sync 1 DAGs
[2022-07-06 18:47:29,360] {logging_mixin.py:115} INFO - [2022-07-06 18:47:29,360] {dag.py:2919} INFO - Setting next_dagrun for example_xcom to 2021-01-01T00:00:00+00:00, run_after=2021-01-01T00:00:00+00:00
[2022-07-06 18:47:29,384] {processor.py:161} INFO - Processing /home/airflow/.local/lib/python3.7/site-packages/airflow/example_dags/example_xcom.py took 0.321 seconds
[2022-07-06 18:48:00,114] {processor.py:153} INFO - Started process (PID=1462) to work on /home/airflow/.local/lib/python3.7/site-packages/airflow/example_dags/example_xcom.py
[2022-07-06 18:48:00,116] {processor.py:641} INFO - Processing file /home/airflow/.local/lib/python3.7/site-packages/airflow/example_dags/example_xcom.py for tasks to queue
[2022-07-06 18:48:00,117] {logging_mixin.py:115} INFO - [2022-07-06 18:48:00,117] {dagbag.py:507} INFO - Filling up the DagBag from /home/airflow/.local/lib/python3.7/site-packages/airflow/example_dags/example_xcom.py
[2022-07-06 18:48:00,139] {processor.py:651} INFO - DAG(s) dict_keys(['example_xcom']) retrieved from /home/airflow/.local/lib/python3.7/site-packages/airflow/example_dags/example_xcom.py
[2022-07-06 18:48:00,222] {logging_mixin.py:115} INFO - [2022-07-06 18:48:00,222] {dag.py:2371} INFO - Sync 1 DAGs
[2022-07-06 18:48:00,379] {logging_mixin.py:115} INFO - [2022-07-06 18:48:00,379] {dag.py:2919} INFO - Setting next_dagrun for example_xcom to 2021-01-01T00:00:00+00:00, run_after=2021-01-01T00:00:00+00:00
[2022-07-06 18:48:00,396] {processor.py:161} INFO - Processing /home/airflow/.local/lib/python3.7/site-packages/airflow/example_dags/example_xcom.py took 0.286 seconds
[2022-07-06 18:48:30,775] {processor.py:153} INFO - Started process (PID=1526) to work on /home/airflow/.local/lib/python3.7/site-packages/airflow/example_dags/example_xcom.py
[2022-07-06 18:48:30,777] {processor.py:641} INFO - Processing file /home/airflow/.local/lib/python3.7/site-packages/airflow/example_dags/example_xcom.py for tasks to queue
[2022-07-06 18:48:30,779] {logging_mixin.py:115} INFO - [2022-07-06 18:48:30,779] {dagbag.py:507} INFO - Filling up the DagBag from /home/airflow/.local/lib/python3.7/site-packages/airflow/example_dags/example_xcom.py
[2022-07-06 18:48:30,813] {processor.py:651} INFO - DAG(s) dict_keys(['example_xcom']) retrieved from /home/airflow/.local/lib/python3.7/site-packages/airflow/example_dags/example_xcom.py
[2022-07-06 18:48:30,858] {logging_mixin.py:115} INFO - [2022-07-06 18:48:30,858] {dag.py:2371} INFO - Sync 1 DAGs
[2022-07-06 18:48:30,889] {logging_mixin.py:115} INFO - [2022-07-06 18:48:30,889] {dag.py:2919} INFO - Setting next_dagrun for example_xcom to 2021-01-01T00:00:00+00:00, run_after=2021-01-01T00:00:00+00:00
[2022-07-06 18:48:30,903] {processor.py:161} INFO - Processing /home/airflow/.local/lib/python3.7/site-packages/airflow/example_dags/example_xcom.py took 0.134 seconds
[2022-07-06 18:49:01,496] {processor.py:153} INFO - Started process (PID=1582) to work on /home/airflow/.local/lib/python3.7/site-packages/airflow/example_dags/example_xcom.py
[2022-07-06 18:49:01,497] {processor.py:641} INFO - Processing file /home/airflow/.local/lib/python3.7/site-packages/airflow/example_dags/example_xcom.py for tasks to queue
[2022-07-06 18:49:01,499] {logging_mixin.py:115} INFO - [2022-07-06 18:49:01,498] {dagbag.py:507} INFO - Filling up the DagBag from /home/airflow/.local/lib/python3.7/site-packages/airflow/example_dags/example_xcom.py
[2022-07-06 18:49:01,521] {processor.py:651} INFO - DAG(s) dict_keys(['example_xcom']) retrieved from /home/airflow/.local/lib/python3.7/site-packages/airflow/example_dags/example_xcom.py
[2022-07-06 18:49:01,556] {logging_mixin.py:115} INFO - [2022-07-06 18:49:01,556] {dag.py:2371} INFO - Sync 1 DAGs
[2022-07-06 18:49:01,586] {logging_mixin.py:115} INFO - [2022-07-06 18:49:01,586] {dag.py:2919} INFO - Setting next_dagrun for example_xcom to 2021-01-01T00:00:00+00:00, run_after=2021-01-01T00:00:00+00:00
[2022-07-06 18:49:01,601] {processor.py:161} INFO - Processing /home/airflow/.local/lib/python3.7/site-packages/airflow/example_dags/example_xcom.py took 0.109 seconds
[2022-07-06 18:49:32,100] {processor.py:153} INFO - Started process (PID=1647) to work on /home/airflow/.local/lib/python3.7/site-packages/airflow/example_dags/example_xcom.py
[2022-07-06 18:49:32,103] {processor.py:641} INFO - Processing file /home/airflow/.local/lib/python3.7/site-packages/airflow/example_dags/example_xcom.py for tasks to queue
[2022-07-06 18:49:32,106] {logging_mixin.py:115} INFO - [2022-07-06 18:49:32,106] {dagbag.py:507} INFO - Filling up the DagBag from /home/airflow/.local/lib/python3.7/site-packages/airflow/example_dags/example_xcom.py
[2022-07-06 18:49:32,136] {processor.py:651} INFO - DAG(s) dict_keys(['example_xcom']) retrieved from /home/airflow/.local/lib/python3.7/site-packages/airflow/example_dags/example_xcom.py
[2022-07-06 18:49:32,221] {logging_mixin.py:115} INFO - [2022-07-06 18:49:32,221] {dag.py:2371} INFO - Sync 1 DAGs
[2022-07-06 18:49:32,396] {logging_mixin.py:115} INFO - [2022-07-06 18:49:32,395] {dag.py:2919} INFO - Setting next_dagrun for example_xcom to 2021-01-01T00:00:00+00:00, run_after=2021-01-01T00:00:00+00:00
[2022-07-06 18:49:32,412] {processor.py:161} INFO - Processing /home/airflow/.local/lib/python3.7/site-packages/airflow/example_dags/example_xcom.py took 0.316 seconds
[2022-07-06 18:50:02,613] {processor.py:153} INFO - Started process (PID=1702) to work on /home/airflow/.local/lib/python3.7/site-packages/airflow/example_dags/example_xcom.py
[2022-07-06 18:50:02,614] {processor.py:641} INFO - Processing file /home/airflow/.local/lib/python3.7/site-packages/airflow/example_dags/example_xcom.py for tasks to queue
[2022-07-06 18:50:02,615] {logging_mixin.py:115} INFO - [2022-07-06 18:50:02,615] {dagbag.py:507} INFO - Filling up the DagBag from /home/airflow/.local/lib/python3.7/site-packages/airflow/example_dags/example_xcom.py
[2022-07-06 18:50:02,636] {processor.py:651} INFO - DAG(s) dict_keys(['example_xcom']) retrieved from /home/airflow/.local/lib/python3.7/site-packages/airflow/example_dags/example_xcom.py
[2022-07-06 18:50:02,674] {logging_mixin.py:115} INFO - [2022-07-06 18:50:02,674] {dag.py:2371} INFO - Sync 1 DAGs
[2022-07-06 18:50:02,706] {logging_mixin.py:115} INFO - [2022-07-06 18:50:02,706] {dag.py:2919} INFO - Setting next_dagrun for example_xcom to 2021-01-01T00:00:00+00:00, run_after=2021-01-01T00:00:00+00:00
[2022-07-06 18:50:02,721] {processor.py:161} INFO - Processing /home/airflow/.local/lib/python3.7/site-packages/airflow/example_dags/example_xcom.py took 0.112 seconds
[2022-07-06 18:50:33,138] {processor.py:153} INFO - Started process (PID=1767) to work on /home/airflow/.local/lib/python3.7/site-packages/airflow/example_dags/example_xcom.py
[2022-07-06 18:50:33,139] {processor.py:641} INFO - Processing file /home/airflow/.local/lib/python3.7/site-packages/airflow/example_dags/example_xcom.py for tasks to queue
[2022-07-06 18:50:33,141] {logging_mixin.py:115} INFO - [2022-07-06 18:50:33,141] {dagbag.py:507} INFO - Filling up the DagBag from /home/airflow/.local/lib/python3.7/site-packages/airflow/example_dags/example_xcom.py
[2022-07-06 18:50:33,163] {processor.py:651} INFO - DAG(s) dict_keys(['example_xcom']) retrieved from /home/airflow/.local/lib/python3.7/site-packages/airflow/example_dags/example_xcom.py
[2022-07-06 18:50:33,196] {logging_mixin.py:115} INFO - [2022-07-06 18:50:33,195] {dag.py:2371} INFO - Sync 1 DAGs
[2022-07-06 18:50:33,224] {logging_mixin.py:115} INFO - [2022-07-06 18:50:33,224] {dag.py:2919} INFO - Setting next_dagrun for example_xcom to 2021-01-01T00:00:00+00:00, run_after=2021-01-01T00:00:00+00:00
[2022-07-06 18:50:33,243] {processor.py:161} INFO - Processing /home/airflow/.local/lib/python3.7/site-packages/airflow/example_dags/example_xcom.py took 0.111 seconds
[2022-07-06 18:51:03,770] {processor.py:153} INFO - Started process (PID=1832) to work on /home/airflow/.local/lib/python3.7/site-packages/airflow/example_dags/example_xcom.py
[2022-07-06 18:51:03,771] {processor.py:641} INFO - Processing file /home/airflow/.local/lib/python3.7/site-packages/airflow/example_dags/example_xcom.py for tasks to queue
[2022-07-06 18:51:03,772] {logging_mixin.py:115} INFO - [2022-07-06 18:51:03,772] {dagbag.py:507} INFO - Filling up the DagBag from /home/airflow/.local/lib/python3.7/site-packages/airflow/example_dags/example_xcom.py
[2022-07-06 18:51:03,794] {processor.py:651} INFO - DAG(s) dict_keys(['example_xcom']) retrieved from /home/airflow/.local/lib/python3.7/site-packages/airflow/example_dags/example_xcom.py
[2022-07-06 18:51:03,827] {logging_mixin.py:115} INFO - [2022-07-06 18:51:03,827] {dag.py:2371} INFO - Sync 1 DAGs
[2022-07-06 18:51:03,862] {logging_mixin.py:115} INFO - [2022-07-06 18:51:03,861] {dag.py:2919} INFO - Setting next_dagrun for example_xcom to 2021-01-01T00:00:00+00:00, run_after=2021-01-01T00:00:00+00:00
[2022-07-06 18:51:03,891] {processor.py:161} INFO - Processing /home/airflow/.local/lib/python3.7/site-packages/airflow/example_dags/example_xcom.py took 0.126 seconds
[2022-07-06 18:51:34,679] {processor.py:153} INFO - Started process (PID=1888) to work on /home/airflow/.local/lib/python3.7/site-packages/airflow/example_dags/example_xcom.py
[2022-07-06 18:51:34,680] {processor.py:641} INFO - Processing file /home/airflow/.local/lib/python3.7/site-packages/airflow/example_dags/example_xcom.py for tasks to queue
[2022-07-06 18:51:34,681] {logging_mixin.py:115} INFO - [2022-07-06 18:51:34,681] {dagbag.py:507} INFO - Filling up the DagBag from /home/airflow/.local/lib/python3.7/site-packages/airflow/example_dags/example_xcom.py
[2022-07-06 18:51:34,707] {processor.py:651} INFO - DAG(s) dict_keys(['example_xcom']) retrieved from /home/airflow/.local/lib/python3.7/site-packages/airflow/example_dags/example_xcom.py
[2022-07-06 18:51:34,927] {logging_mixin.py:115} INFO - [2022-07-06 18:51:34,927] {dag.py:2371} INFO - Sync 1 DAGs
[2022-07-06 18:51:34,953] {logging_mixin.py:115} INFO - [2022-07-06 18:51:34,953] {dag.py:2919} INFO - Setting next_dagrun for example_xcom to 2021-01-01T00:00:00+00:00, run_after=2021-01-01T00:00:00+00:00
[2022-07-06 18:51:34,972] {processor.py:161} INFO - Processing /home/airflow/.local/lib/python3.7/site-packages/airflow/example_dags/example_xcom.py took 0.298 seconds
[2022-07-06 18:52:05,039] {processor.py:153} INFO - Started process (PID=1950) to work on /home/airflow/.local/lib/python3.7/site-packages/airflow/example_dags/example_xcom.py
[2022-07-06 18:52:05,041] {processor.py:641} INFO - Processing file /home/airflow/.local/lib/python3.7/site-packages/airflow/example_dags/example_xcom.py for tasks to queue
[2022-07-06 18:52:05,042] {logging_mixin.py:115} INFO - [2022-07-06 18:52:05,042] {dagbag.py:507} INFO - Filling up the DagBag from /home/airflow/.local/lib/python3.7/site-packages/airflow/example_dags/example_xcom.py
[2022-07-06 18:52:05,064] {processor.py:651} INFO - DAG(s) dict_keys(['example_xcom']) retrieved from /home/airflow/.local/lib/python3.7/site-packages/airflow/example_dags/example_xcom.py
[2022-07-06 18:52:05,285] {logging_mixin.py:115} INFO - [2022-07-06 18:52:05,284] {dag.py:2371} INFO - Sync 1 DAGs
[2022-07-06 18:52:05,309] {logging_mixin.py:115} INFO - [2022-07-06 18:52:05,309] {dag.py:2919} INFO - Setting next_dagrun for example_xcom to 2021-01-01T00:00:00+00:00, run_after=2021-01-01T00:00:00+00:00
[2022-07-06 18:52:05,325] {processor.py:161} INFO - Processing /home/airflow/.local/lib/python3.7/site-packages/airflow/example_dags/example_xcom.py took 0.290 seconds
[2022-07-06 18:52:36,334] {processor.py:153} INFO - Started process (PID=2015) to work on /home/airflow/.local/lib/python3.7/site-packages/airflow/example_dags/example_xcom.py
[2022-07-06 18:52:36,335] {processor.py:641} INFO - Processing file /home/airflow/.local/lib/python3.7/site-packages/airflow/example_dags/example_xcom.py for tasks to queue
[2022-07-06 18:52:36,336] {logging_mixin.py:115} INFO - [2022-07-06 18:52:36,336] {dagbag.py:507} INFO - Filling up the DagBag from /home/airflow/.local/lib/python3.7/site-packages/airflow/example_dags/example_xcom.py
[2022-07-06 18:52:36,358] {processor.py:651} INFO - DAG(s) dict_keys(['example_xcom']) retrieved from /home/airflow/.local/lib/python3.7/site-packages/airflow/example_dags/example_xcom.py
[2022-07-06 18:52:36,571] {logging_mixin.py:115} INFO - [2022-07-06 18:52:36,571] {dag.py:2371} INFO - Sync 1 DAGs
[2022-07-06 18:52:36,594] {logging_mixin.py:115} INFO - [2022-07-06 18:52:36,594] {dag.py:2919} INFO - Setting next_dagrun for example_xcom to 2021-01-01T00:00:00+00:00, run_after=2021-01-01T00:00:00+00:00
[2022-07-06 18:52:36,611] {processor.py:161} INFO - Processing /home/airflow/.local/lib/python3.7/site-packages/airflow/example_dags/example_xcom.py took 0.281 seconds
[2022-07-06 18:53:07,491] {processor.py:153} INFO - Started process (PID=2068) to work on /home/airflow/.local/lib/python3.7/site-packages/airflow/example_dags/example_xcom.py
[2022-07-06 18:53:07,492] {processor.py:641} INFO - Processing file /home/airflow/.local/lib/python3.7/site-packages/airflow/example_dags/example_xcom.py for tasks to queue
[2022-07-06 18:53:07,494] {logging_mixin.py:115} INFO - [2022-07-06 18:53:07,494] {dagbag.py:507} INFO - Filling up the DagBag from /home/airflow/.local/lib/python3.7/site-packages/airflow/example_dags/example_xcom.py
[2022-07-06 18:53:07,519] {processor.py:651} INFO - DAG(s) dict_keys(['example_xcom']) retrieved from /home/airflow/.local/lib/python3.7/site-packages/airflow/example_dags/example_xcom.py
[2022-07-06 18:53:07,788] {logging_mixin.py:115} INFO - [2022-07-06 18:53:07,788] {dag.py:2371} INFO - Sync 1 DAGs
[2022-07-06 18:53:07,815] {logging_mixin.py:115} INFO - [2022-07-06 18:53:07,815] {dag.py:2919} INFO - Setting next_dagrun for example_xcom to 2021-01-01T00:00:00+00:00, run_after=2021-01-01T00:00:00+00:00
[2022-07-06 18:53:07,835] {processor.py:161} INFO - Processing /home/airflow/.local/lib/python3.7/site-packages/airflow/example_dags/example_xcom.py took 0.351 seconds
[2022-07-06 18:53:38,681] {processor.py:153} INFO - Started process (PID=2131) to work on /home/airflow/.local/lib/python3.7/site-packages/airflow/example_dags/example_xcom.py
[2022-07-06 18:53:38,683] {processor.py:641} INFO - Processing file /home/airflow/.local/lib/python3.7/site-packages/airflow/example_dags/example_xcom.py for tasks to queue
[2022-07-06 18:53:38,684] {logging_mixin.py:115} INFO - [2022-07-06 18:53:38,684] {dagbag.py:507} INFO - Filling up the DagBag from /home/airflow/.local/lib/python3.7/site-packages/airflow/example_dags/example_xcom.py
[2022-07-06 18:53:38,710] {processor.py:651} INFO - DAG(s) dict_keys(['example_xcom']) retrieved from /home/airflow/.local/lib/python3.7/site-packages/airflow/example_dags/example_xcom.py
[2022-07-06 18:53:38,746] {logging_mixin.py:115} INFO - [2022-07-06 18:53:38,746] {dag.py:2371} INFO - Sync 1 DAGs
[2022-07-06 18:53:38,773] {logging_mixin.py:115} INFO - [2022-07-06 18:53:38,773] {dag.py:2919} INFO - Setting next_dagrun for example_xcom to 2021-01-01T00:00:00+00:00, run_after=2021-01-01T00:00:00+00:00
[2022-07-06 18:53:38,788] {processor.py:161} INFO - Processing /home/airflow/.local/lib/python3.7/site-packages/airflow/example_dags/example_xcom.py took 0.112 seconds
[2022-07-06 18:54:13,577] {processor.py:153} INFO - Started process (PID=2192) to work on /home/airflow/.local/lib/python3.7/site-packages/airflow/example_dags/example_xcom.py
[2022-07-06 18:54:13,636] {processor.py:641} INFO - Processing file /home/airflow/.local/lib/python3.7/site-packages/airflow/example_dags/example_xcom.py for tasks to queue
[2022-07-06 18:54:13,728] {logging_mixin.py:115} INFO - [2022-07-06 18:54:13,726] {dagbag.py:507} INFO - Filling up the DagBag from /home/airflow/.local/lib/python3.7/site-packages/airflow/example_dags/example_xcom.py
[2022-07-06 18:54:14,059] {processor.py:651} INFO - DAG(s) dict_keys(['example_xcom']) retrieved from /home/airflow/.local/lib/python3.7/site-packages/airflow/example_dags/example_xcom.py
[2022-07-06 18:54:16,273] {logging_mixin.py:115} INFO - [2022-07-06 18:54:16,272] {dag.py:2371} INFO - Sync 1 DAGs
[2022-07-06 18:54:16,430] {logging_mixin.py:115} INFO - [2022-07-06 18:54:16,429] {dag.py:2919} INFO - Setting next_dagrun for example_xcom to 2021-01-01T00:00:00+00:00, run_after=2021-01-01T00:00:00+00:00
[2022-07-06 18:54:16,484] {processor.py:161} INFO - Processing /home/airflow/.local/lib/python3.7/site-packages/airflow/example_dags/example_xcom.py took 2.982 seconds
[2022-07-06 18:54:46,794] {processor.py:153} INFO - Started process (PID=2251) to work on /home/airflow/.local/lib/python3.7/site-packages/airflow/example_dags/example_xcom.py
[2022-07-06 18:54:46,797] {processor.py:641} INFO - Processing file /home/airflow/.local/lib/python3.7/site-packages/airflow/example_dags/example_xcom.py for tasks to queue
[2022-07-06 18:54:46,801] {logging_mixin.py:115} INFO - [2022-07-06 18:54:46,801] {dagbag.py:507} INFO - Filling up the DagBag from /home/airflow/.local/lib/python3.7/site-packages/airflow/example_dags/example_xcom.py
[2022-07-06 18:54:46,845] {processor.py:651} INFO - DAG(s) dict_keys(['example_xcom']) retrieved from /home/airflow/.local/lib/python3.7/site-packages/airflow/example_dags/example_xcom.py
[2022-07-06 18:54:47,219] {logging_mixin.py:115} INFO - [2022-07-06 18:54:47,219] {dag.py:2371} INFO - Sync 1 DAGs
[2022-07-06 18:54:47,248] {logging_mixin.py:115} INFO - [2022-07-06 18:54:47,248] {dag.py:2919} INFO - Setting next_dagrun for example_xcom to 2021-01-01T00:00:00+00:00, run_after=2021-01-01T00:00:00+00:00
[2022-07-06 18:54:47,266] {processor.py:161} INFO - Processing /home/airflow/.local/lib/python3.7/site-packages/airflow/example_dags/example_xcom.py took 0.479 seconds
[2022-07-06 18:55:17,606] {processor.py:153} INFO - Started process (PID=2304) to work on /home/airflow/.local/lib/python3.7/site-packages/airflow/example_dags/example_xcom.py
[2022-07-06 18:55:17,608] {processor.py:641} INFO - Processing file /home/airflow/.local/lib/python3.7/site-packages/airflow/example_dags/example_xcom.py for tasks to queue
[2022-07-06 18:55:17,610] {logging_mixin.py:115} INFO - [2022-07-06 18:55:17,610] {dagbag.py:507} INFO - Filling up the DagBag from /home/airflow/.local/lib/python3.7/site-packages/airflow/example_dags/example_xcom.py
[2022-07-06 18:55:17,642] {processor.py:651} INFO - DAG(s) dict_keys(['example_xcom']) retrieved from /home/airflow/.local/lib/python3.7/site-packages/airflow/example_dags/example_xcom.py
[2022-07-06 18:55:18,000] {logging_mixin.py:115} INFO - [2022-07-06 18:55:18,000] {dag.py:2371} INFO - Sync 1 DAGs
[2022-07-06 18:55:18,039] {logging_mixin.py:115} INFO - [2022-07-06 18:55:18,033] {dag.py:2919} INFO - Setting next_dagrun for example_xcom to 2021-01-01T00:00:00+00:00, run_after=2021-01-01T00:00:00+00:00
[2022-07-06 18:55:18,062] {processor.py:161} INFO - Processing /home/airflow/.local/lib/python3.7/site-packages/airflow/example_dags/example_xcom.py took 0.464 seconds
[2022-07-06 18:55:48,140] {processor.py:153} INFO - Started process (PID=2370) to work on /home/airflow/.local/lib/python3.7/site-packages/airflow/example_dags/example_xcom.py
[2022-07-06 18:55:48,142] {processor.py:641} INFO - Processing file /home/airflow/.local/lib/python3.7/site-packages/airflow/example_dags/example_xcom.py for tasks to queue
[2022-07-06 18:55:48,143] {logging_mixin.py:115} INFO - [2022-07-06 18:55:48,143] {dagbag.py:507} INFO - Filling up the DagBag from /home/airflow/.local/lib/python3.7/site-packages/airflow/example_dags/example_xcom.py
[2022-07-06 18:55:48,171] {processor.py:651} INFO - DAG(s) dict_keys(['example_xcom']) retrieved from /home/airflow/.local/lib/python3.7/site-packages/airflow/example_dags/example_xcom.py
[2022-07-06 18:55:48,421] {logging_mixin.py:115} INFO - [2022-07-06 18:55:48,421] {dag.py:2371} INFO - Sync 1 DAGs
[2022-07-06 18:55:48,451] {logging_mixin.py:115} INFO - [2022-07-06 18:55:48,451] {dag.py:2919} INFO - Setting next_dagrun for example_xcom to 2021-01-01T00:00:00+00:00, run_after=2021-01-01T00:00:00+00:00
[2022-07-06 18:55:48,466] {processor.py:161} INFO - Processing /home/airflow/.local/lib/python3.7/site-packages/airflow/example_dags/example_xcom.py took 0.329 seconds
[2022-07-06 18:56:19,034] {processor.py:153} INFO - Started process (PID=2429) to work on /home/airflow/.local/lib/python3.7/site-packages/airflow/example_dags/example_xcom.py
[2022-07-06 18:56:19,038] {processor.py:641} INFO - Processing file /home/airflow/.local/lib/python3.7/site-packages/airflow/example_dags/example_xcom.py for tasks to queue
[2022-07-06 18:56:19,039] {logging_mixin.py:115} INFO - [2022-07-06 18:56:19,039] {dagbag.py:507} INFO - Filling up the DagBag from /home/airflow/.local/lib/python3.7/site-packages/airflow/example_dags/example_xcom.py
[2022-07-06 18:56:19,065] {processor.py:651} INFO - DAG(s) dict_keys(['example_xcom']) retrieved from /home/airflow/.local/lib/python3.7/site-packages/airflow/example_dags/example_xcom.py
[2022-07-06 18:56:19,314] {logging_mixin.py:115} INFO - [2022-07-06 18:56:19,314] {dag.py:2371} INFO - Sync 1 DAGs
[2022-07-06 18:56:19,344] {logging_mixin.py:115} INFO - [2022-07-06 18:56:19,344] {dag.py:2919} INFO - Setting next_dagrun for example_xcom to 2021-01-01T00:00:00+00:00, run_after=2021-01-01T00:00:00+00:00
[2022-07-06 18:56:19,366] {processor.py:161} INFO - Processing /home/airflow/.local/lib/python3.7/site-packages/airflow/example_dags/example_xcom.py took 0.342 seconds
[2022-07-06 18:56:49,722] {processor.py:153} INFO - Started process (PID=2492) to work on /home/airflow/.local/lib/python3.7/site-packages/airflow/example_dags/example_xcom.py
[2022-07-06 18:56:49,746] {processor.py:641} INFO - Processing file /home/airflow/.local/lib/python3.7/site-packages/airflow/example_dags/example_xcom.py for tasks to queue
[2022-07-06 18:56:49,775] {logging_mixin.py:115} INFO - [2022-07-06 18:56:49,770] {dagbag.py:507} INFO - Filling up the DagBag from /home/airflow/.local/lib/python3.7/site-packages/airflow/example_dags/example_xcom.py
[2022-07-06 18:56:50,133] {processor.py:651} INFO - DAG(s) dict_keys(['example_xcom']) retrieved from /home/airflow/.local/lib/python3.7/site-packages/airflow/example_dags/example_xcom.py
[2022-07-06 18:56:51,354] {logging_mixin.py:115} INFO - [2022-07-06 18:56:51,353] {dag.py:2371} INFO - Sync 1 DAGs
[2022-07-06 18:56:51,510] {logging_mixin.py:115} INFO - [2022-07-06 18:56:51,510] {dag.py:2919} INFO - Setting next_dagrun for example_xcom to 2021-01-01T00:00:00+00:00, run_after=2021-01-01T00:00:00+00:00
[2022-07-06 18:56:51,719] {processor.py:161} INFO - Processing /home/airflow/.local/lib/python3.7/site-packages/airflow/example_dags/example_xcom.py took 2.085 seconds
[2022-07-06 18:57:22,631] {processor.py:153} INFO - Started process (PID=2545) to work on /home/airflow/.local/lib/python3.7/site-packages/airflow/example_dags/example_xcom.py
[2022-07-06 18:57:22,636] {processor.py:641} INFO - Processing file /home/airflow/.local/lib/python3.7/site-packages/airflow/example_dags/example_xcom.py for tasks to queue
[2022-07-06 18:57:22,639] {logging_mixin.py:115} INFO - [2022-07-06 18:57:22,638] {dagbag.py:507} INFO - Filling up the DagBag from /home/airflow/.local/lib/python3.7/site-packages/airflow/example_dags/example_xcom.py
[2022-07-06 18:57:22,679] {processor.py:651} INFO - DAG(s) dict_keys(['example_xcom']) retrieved from /home/airflow/.local/lib/python3.7/site-packages/airflow/example_dags/example_xcom.py
[2022-07-06 18:57:22,728] {logging_mixin.py:115} INFO - [2022-07-06 18:57:22,728] {dag.py:2371} INFO - Sync 1 DAGs
[2022-07-06 18:57:22,772] {logging_mixin.py:115} INFO - [2022-07-06 18:57:22,772] {dag.py:2919} INFO - Setting next_dagrun for example_xcom to 2021-01-01T00:00:00+00:00, run_after=2021-01-01T00:00:00+00:00
[2022-07-06 18:57:22,798] {processor.py:161} INFO - Processing /home/airflow/.local/lib/python3.7/site-packages/airflow/example_dags/example_xcom.py took 0.173 seconds
[2022-07-06 18:57:52,928] {processor.py:153} INFO - Started process (PID=2601) to work on /home/airflow/.local/lib/python3.7/site-packages/airflow/example_dags/example_xcom.py
[2022-07-06 18:57:52,930] {processor.py:641} INFO - Processing file /home/airflow/.local/lib/python3.7/site-packages/airflow/example_dags/example_xcom.py for tasks to queue
[2022-07-06 18:57:52,931] {logging_mixin.py:115} INFO - [2022-07-06 18:57:52,931] {dagbag.py:507} INFO - Filling up the DagBag from /home/airflow/.local/lib/python3.7/site-packages/airflow/example_dags/example_xcom.py
[2022-07-06 18:57:52,960] {processor.py:651} INFO - DAG(s) dict_keys(['example_xcom']) retrieved from /home/airflow/.local/lib/python3.7/site-packages/airflow/example_dags/example_xcom.py
[2022-07-06 18:57:53,211] {logging_mixin.py:115} INFO - [2022-07-06 18:57:53,211] {dag.py:2371} INFO - Sync 1 DAGs
[2022-07-06 18:57:53,237] {logging_mixin.py:115} INFO - [2022-07-06 18:57:53,236] {dag.py:2919} INFO - Setting next_dagrun for example_xcom to 2021-01-01T00:00:00+00:00, run_after=2021-01-01T00:00:00+00:00
[2022-07-06 18:57:53,259] {processor.py:161} INFO - Processing /home/airflow/.local/lib/python3.7/site-packages/airflow/example_dags/example_xcom.py took 0.336 seconds
[2022-07-06 18:58:23,403] {processor.py:153} INFO - Started process (PID=2665) to work on /home/airflow/.local/lib/python3.7/site-packages/airflow/example_dags/example_xcom.py
[2022-07-06 18:58:23,405] {processor.py:641} INFO - Processing file /home/airflow/.local/lib/python3.7/site-packages/airflow/example_dags/example_xcom.py for tasks to queue
[2022-07-06 18:58:23,406] {logging_mixin.py:115} INFO - [2022-07-06 18:58:23,406] {dagbag.py:507} INFO - Filling up the DagBag from /home/airflow/.local/lib/python3.7/site-packages/airflow/example_dags/example_xcom.py
[2022-07-06 18:58:23,429] {processor.py:651} INFO - DAG(s) dict_keys(['example_xcom']) retrieved from /home/airflow/.local/lib/python3.7/site-packages/airflow/example_dags/example_xcom.py
[2022-07-06 18:58:23,463] {logging_mixin.py:115} INFO - [2022-07-06 18:58:23,462] {dag.py:2371} INFO - Sync 1 DAGs
[2022-07-06 18:58:23,488] {logging_mixin.py:115} INFO - [2022-07-06 18:58:23,488] {dag.py:2919} INFO - Setting next_dagrun for example_xcom to 2021-01-01T00:00:00+00:00, run_after=2021-01-01T00:00:00+00:00
[2022-07-06 18:58:23,506] {processor.py:161} INFO - Processing /home/airflow/.local/lib/python3.7/site-packages/airflow/example_dags/example_xcom.py took 0.107 seconds
[2022-07-06 18:58:53,826] {processor.py:153} INFO - Started process (PID=2719) to work on /home/airflow/.local/lib/python3.7/site-packages/airflow/example_dags/example_xcom.py
[2022-07-06 18:58:53,827] {processor.py:641} INFO - Processing file /home/airflow/.local/lib/python3.7/site-packages/airflow/example_dags/example_xcom.py for tasks to queue
[2022-07-06 18:58:53,829] {logging_mixin.py:115} INFO - [2022-07-06 18:58:53,828] {dagbag.py:507} INFO - Filling up the DagBag from /home/airflow/.local/lib/python3.7/site-packages/airflow/example_dags/example_xcom.py
[2022-07-06 18:58:53,851] {processor.py:651} INFO - DAG(s) dict_keys(['example_xcom']) retrieved from /home/airflow/.local/lib/python3.7/site-packages/airflow/example_dags/example_xcom.py
[2022-07-06 18:58:54,079] {logging_mixin.py:115} INFO - [2022-07-06 18:58:54,078] {dag.py:2371} INFO - Sync 1 DAGs
[2022-07-06 18:58:54,102] {logging_mixin.py:115} INFO - [2022-07-06 18:58:54,102] {dag.py:2919} INFO - Setting next_dagrun for example_xcom to 2021-01-01T00:00:00+00:00, run_after=2021-01-01T00:00:00+00:00
[2022-07-06 18:58:54,119] {processor.py:161} INFO - Processing /home/airflow/.local/lib/python3.7/site-packages/airflow/example_dags/example_xcom.py took 0.297 seconds
[2022-07-06 18:59:24,730] {processor.py:153} INFO - Started process (PID=2782) to work on /home/airflow/.local/lib/python3.7/site-packages/airflow/example_dags/example_xcom.py
[2022-07-06 18:59:24,732] {processor.py:641} INFO - Processing file /home/airflow/.local/lib/python3.7/site-packages/airflow/example_dags/example_xcom.py for tasks to queue
[2022-07-06 18:59:24,736] {logging_mixin.py:115} INFO - [2022-07-06 18:59:24,735] {dagbag.py:507} INFO - Filling up the DagBag from /home/airflow/.local/lib/python3.7/site-packages/airflow/example_dags/example_xcom.py
[2022-07-06 18:59:24,773] {processor.py:651} INFO - DAG(s) dict_keys(['example_xcom']) retrieved from /home/airflow/.local/lib/python3.7/site-packages/airflow/example_dags/example_xcom.py
[2022-07-06 18:59:24,813] {logging_mixin.py:115} INFO - [2022-07-06 18:59:24,812] {dag.py:2371} INFO - Sync 1 DAGs
[2022-07-06 18:59:24,856] {logging_mixin.py:115} INFO - [2022-07-06 18:59:24,856] {dag.py:2919} INFO - Setting next_dagrun for example_xcom to 2021-01-01T00:00:00+00:00, run_after=2021-01-01T00:00:00+00:00
[2022-07-06 18:59:24,877] {processor.py:161} INFO - Processing /home/airflow/.local/lib/python3.7/site-packages/airflow/example_dags/example_xcom.py took 0.154 seconds
[2022-07-06 18:59:55,171] {processor.py:153} INFO - Started process (PID=2846) to work on /home/airflow/.local/lib/python3.7/site-packages/airflow/example_dags/example_xcom.py
[2022-07-06 18:59:55,176] {processor.py:641} INFO - Processing file /home/airflow/.local/lib/python3.7/site-packages/airflow/example_dags/example_xcom.py for tasks to queue
[2022-07-06 18:59:55,179] {logging_mixin.py:115} INFO - [2022-07-06 18:59:55,178] {dagbag.py:507} INFO - Filling up the DagBag from /home/airflow/.local/lib/python3.7/site-packages/airflow/example_dags/example_xcom.py
[2022-07-06 18:59:55,222] {processor.py:651} INFO - DAG(s) dict_keys(['example_xcom']) retrieved from /home/airflow/.local/lib/python3.7/site-packages/airflow/example_dags/example_xcom.py
[2022-07-06 18:59:55,559] {logging_mixin.py:115} INFO - [2022-07-06 18:59:55,559] {dag.py:2371} INFO - Sync 1 DAGs
[2022-07-06 18:59:55,585] {logging_mixin.py:115} INFO - [2022-07-06 18:59:55,585] {dag.py:2919} INFO - Setting next_dagrun for example_xcom to 2021-01-01T00:00:00+00:00, run_after=2021-01-01T00:00:00+00:00
[2022-07-06 18:59:55,605] {processor.py:161} INFO - Processing /home/airflow/.local/lib/python3.7/site-packages/airflow/example_dags/example_xcom.py took 0.439 seconds
[2022-07-06 19:00:26,212] {processor.py:153} INFO - Started process (PID=2903) to work on /home/airflow/.local/lib/python3.7/site-packages/airflow/example_dags/example_xcom.py
[2022-07-06 19:00:26,215] {processor.py:641} INFO - Processing file /home/airflow/.local/lib/python3.7/site-packages/airflow/example_dags/example_xcom.py for tasks to queue
[2022-07-06 19:00:26,217] {logging_mixin.py:115} INFO - [2022-07-06 19:00:26,216] {dagbag.py:507} INFO - Filling up the DagBag from /home/airflow/.local/lib/python3.7/site-packages/airflow/example_dags/example_xcom.py
[2022-07-06 19:00:26,249] {processor.py:651} INFO - DAG(s) dict_keys(['example_xcom']) retrieved from /home/airflow/.local/lib/python3.7/site-packages/airflow/example_dags/example_xcom.py
[2022-07-06 19:00:26,488] {logging_mixin.py:115} INFO - [2022-07-06 19:00:26,488] {dag.py:2371} INFO - Sync 1 DAGs
[2022-07-06 19:00:26,514] {logging_mixin.py:115} INFO - [2022-07-06 19:00:26,513] {dag.py:2919} INFO - Setting next_dagrun for example_xcom to 2021-01-01T00:00:00+00:00, run_after=2021-01-01T00:00:00+00:00
[2022-07-06 19:00:26,534] {processor.py:161} INFO - Processing /home/airflow/.local/lib/python3.7/site-packages/airflow/example_dags/example_xcom.py took 0.326 seconds
[2022-07-06 19:00:56,626] {processor.py:153} INFO - Started process (PID=2966) to work on /home/airflow/.local/lib/python3.7/site-packages/airflow/example_dags/example_xcom.py
[2022-07-06 19:00:56,628] {processor.py:641} INFO - Processing file /home/airflow/.local/lib/python3.7/site-packages/airflow/example_dags/example_xcom.py for tasks to queue
[2022-07-06 19:00:56,629] {logging_mixin.py:115} INFO - [2022-07-06 19:00:56,629] {dagbag.py:507} INFO - Filling up the DagBag from /home/airflow/.local/lib/python3.7/site-packages/airflow/example_dags/example_xcom.py
[2022-07-06 19:00:56,666] {processor.py:651} INFO - DAG(s) dict_keys(['example_xcom']) retrieved from /home/airflow/.local/lib/python3.7/site-packages/airflow/example_dags/example_xcom.py
[2022-07-06 19:00:56,714] {logging_mixin.py:115} INFO - [2022-07-06 19:00:56,714] {dag.py:2371} INFO - Sync 1 DAGs
[2022-07-06 19:00:56,765] {logging_mixin.py:115} INFO - [2022-07-06 19:00:56,765] {dag.py:2919} INFO - Setting next_dagrun for example_xcom to 2021-01-01T00:00:00+00:00, run_after=2021-01-01T00:00:00+00:00
[2022-07-06 19:00:56,790] {processor.py:161} INFO - Processing /home/airflow/.local/lib/python3.7/site-packages/airflow/example_dags/example_xcom.py took 0.171 seconds
[2022-07-06 19:01:27,233] {processor.py:153} INFO - Started process (PID=3021) to work on /home/airflow/.local/lib/python3.7/site-packages/airflow/example_dags/example_xcom.py
[2022-07-06 19:01:27,236] {processor.py:641} INFO - Processing file /home/airflow/.local/lib/python3.7/site-packages/airflow/example_dags/example_xcom.py for tasks to queue
[2022-07-06 19:01:27,238] {logging_mixin.py:115} INFO - [2022-07-06 19:01:27,238] {dagbag.py:507} INFO - Filling up the DagBag from /home/airflow/.local/lib/python3.7/site-packages/airflow/example_dags/example_xcom.py
[2022-07-06 19:01:27,269] {processor.py:651} INFO - DAG(s) dict_keys(['example_xcom']) retrieved from /home/airflow/.local/lib/python3.7/site-packages/airflow/example_dags/example_xcom.py
[2022-07-06 19:01:27,505] {logging_mixin.py:115} INFO - [2022-07-06 19:01:27,505] {dag.py:2371} INFO - Sync 1 DAGs
[2022-07-06 19:01:27,529] {logging_mixin.py:115} INFO - [2022-07-06 19:01:27,529] {dag.py:2919} INFO - Setting next_dagrun for example_xcom to 2021-01-01T00:00:00+00:00, run_after=2021-01-01T00:00:00+00:00
[2022-07-06 19:01:27,547] {processor.py:161} INFO - Processing /home/airflow/.local/lib/python3.7/site-packages/airflow/example_dags/example_xcom.py took 0.322 seconds
