[2022-07-06 18:36:13,754] {processor.py:153} INFO - Started process (PID=67) to work on /home/airflow/.local/lib/python3.7/site-packages/airflow/example_dags/example_task_group_decorator.py
[2022-07-06 18:36:13,758] {processor.py:641} INFO - Processing file /home/airflow/.local/lib/python3.7/site-packages/airflow/example_dags/example_task_group_decorator.py for tasks to queue
[2022-07-06 18:36:13,759] {logging_mixin.py:115} INFO - [2022-07-06 18:36:13,759] {dagbag.py:507} INFO - Filling up the DagBag from /home/airflow/.local/lib/python3.7/site-packages/airflow/example_dags/example_task_group_decorator.py
[2022-07-06 18:36:13,856] {processor.py:651} INFO - DAG(s) dict_keys(['example_task_group_decorator']) retrieved from /home/airflow/.local/lib/python3.7/site-packages/airflow/example_dags/example_task_group_decorator.py
[2022-07-06 18:36:13,980] {logging_mixin.py:115} INFO - [2022-07-06 18:36:13,980] {dag.py:2371} INFO - Sync 1 DAGs
[2022-07-06 18:36:14,367] {logging_mixin.py:115} INFO - [2022-07-06 18:36:14,367] {dag.py:2919} INFO - Setting next_dagrun for example_task_group_decorator to 2022-07-05T18:36:14.366825+00:00, run_after=2022-07-06T18:36:14.366825+00:00
[2022-07-06 18:36:14,394] {processor.py:161} INFO - Processing /home/airflow/.local/lib/python3.7/site-packages/airflow/example_dags/example_task_group_decorator.py took 0.646 seconds
[2022-07-06 18:36:44,550] {processor.py:153} INFO - Started process (PID=133) to work on /home/airflow/.local/lib/python3.7/site-packages/airflow/example_dags/example_task_group_decorator.py
[2022-07-06 18:36:44,551] {processor.py:641} INFO - Processing file /home/airflow/.local/lib/python3.7/site-packages/airflow/example_dags/example_task_group_decorator.py for tasks to queue
[2022-07-06 18:36:44,552] {logging_mixin.py:115} INFO - [2022-07-06 18:36:44,552] {dagbag.py:507} INFO - Filling up the DagBag from /home/airflow/.local/lib/python3.7/site-packages/airflow/example_dags/example_task_group_decorator.py
[2022-07-06 18:36:44,607] {processor.py:651} INFO - DAG(s) dict_keys(['example_task_group_decorator']) retrieved from /home/airflow/.local/lib/python3.7/site-packages/airflow/example_dags/example_task_group_decorator.py
[2022-07-06 18:36:44,708] {logging_mixin.py:115} INFO - [2022-07-06 18:36:44,708] {dag.py:2371} INFO - Sync 1 DAGs
[2022-07-06 18:36:44,908] {logging_mixin.py:115} INFO - [2022-07-06 18:36:44,908] {dag.py:2919} INFO - Setting next_dagrun for example_task_group_decorator to 2022-07-05T18:36:44.908417+00:00, run_after=2022-07-06T18:36:44.908417+00:00
[2022-07-06 18:36:44,926] {processor.py:161} INFO - Processing /home/airflow/.local/lib/python3.7/site-packages/airflow/example_dags/example_task_group_decorator.py took 0.384 seconds
[2022-07-06 18:37:14,973] {processor.py:153} INFO - Started process (PID=186) to work on /home/airflow/.local/lib/python3.7/site-packages/airflow/example_dags/example_task_group_decorator.py
[2022-07-06 18:37:14,975] {processor.py:641} INFO - Processing file /home/airflow/.local/lib/python3.7/site-packages/airflow/example_dags/example_task_group_decorator.py for tasks to queue
[2022-07-06 18:37:14,976] {logging_mixin.py:115} INFO - [2022-07-06 18:37:14,976] {dagbag.py:507} INFO - Filling up the DagBag from /home/airflow/.local/lib/python3.7/site-packages/airflow/example_dags/example_task_group_decorator.py
[2022-07-06 18:37:15,016] {processor.py:651} INFO - DAG(s) dict_keys(['example_task_group_decorator']) retrieved from /home/airflow/.local/lib/python3.7/site-packages/airflow/example_dags/example_task_group_decorator.py
[2022-07-06 18:37:15,125] {logging_mixin.py:115} INFO - [2022-07-06 18:37:15,125] {dag.py:2371} INFO - Sync 1 DAGs
[2022-07-06 18:37:15,276] {logging_mixin.py:115} INFO - [2022-07-06 18:37:15,276] {dag.py:2919} INFO - Setting next_dagrun for example_task_group_decorator to 2022-07-05T18:37:15.276260+00:00, run_after=2022-07-06T18:37:15.276260+00:00
[2022-07-06 18:37:15,292] {processor.py:161} INFO - Processing /home/airflow/.local/lib/python3.7/site-packages/airflow/example_dags/example_task_group_decorator.py took 0.324 seconds
[2022-07-06 18:37:45,398] {processor.py:153} INFO - Started process (PID=251) to work on /home/airflow/.local/lib/python3.7/site-packages/airflow/example_dags/example_task_group_decorator.py
[2022-07-06 18:37:45,400] {processor.py:641} INFO - Processing file /home/airflow/.local/lib/python3.7/site-packages/airflow/example_dags/example_task_group_decorator.py for tasks to queue
[2022-07-06 18:37:45,401] {logging_mixin.py:115} INFO - [2022-07-06 18:37:45,401] {dagbag.py:507} INFO - Filling up the DagBag from /home/airflow/.local/lib/python3.7/site-packages/airflow/example_dags/example_task_group_decorator.py
[2022-07-06 18:37:45,435] {processor.py:651} INFO - DAG(s) dict_keys(['example_task_group_decorator']) retrieved from /home/airflow/.local/lib/python3.7/site-packages/airflow/example_dags/example_task_group_decorator.py
[2022-07-06 18:37:45,532] {logging_mixin.py:115} INFO - [2022-07-06 18:37:45,532] {dag.py:2371} INFO - Sync 1 DAGs
[2022-07-06 18:37:45,701] {logging_mixin.py:115} INFO - [2022-07-06 18:37:45,701] {dag.py:2919} INFO - Setting next_dagrun for example_task_group_decorator to 2022-07-05T18:37:45.701359+00:00, run_after=2022-07-06T18:37:45.701359+00:00
[2022-07-06 18:37:45,728] {processor.py:161} INFO - Processing /home/airflow/.local/lib/python3.7/site-packages/airflow/example_dags/example_task_group_decorator.py took 0.334 seconds
[2022-07-06 18:38:15,926] {processor.py:153} INFO - Started process (PID=313) to work on /home/airflow/.local/lib/python3.7/site-packages/airflow/example_dags/example_task_group_decorator.py
[2022-07-06 18:38:15,927] {processor.py:641} INFO - Processing file /home/airflow/.local/lib/python3.7/site-packages/airflow/example_dags/example_task_group_decorator.py for tasks to queue
[2022-07-06 18:38:15,929] {logging_mixin.py:115} INFO - [2022-07-06 18:38:15,929] {dagbag.py:507} INFO - Filling up the DagBag from /home/airflow/.local/lib/python3.7/site-packages/airflow/example_dags/example_task_group_decorator.py
[2022-07-06 18:38:15,961] {processor.py:651} INFO - DAG(s) dict_keys(['example_task_group_decorator']) retrieved from /home/airflow/.local/lib/python3.7/site-packages/airflow/example_dags/example_task_group_decorator.py
[2022-07-06 18:38:16,048] {logging_mixin.py:115} INFO - [2022-07-06 18:38:16,048] {dag.py:2371} INFO - Sync 1 DAGs
[2022-07-06 18:38:16,210] {logging_mixin.py:115} INFO - [2022-07-06 18:38:16,210] {dag.py:2919} INFO - Setting next_dagrun for example_task_group_decorator to 2022-07-05T18:38:16.210454+00:00, run_after=2022-07-06T18:38:16.210454+00:00
[2022-07-06 18:38:16,230] {processor.py:161} INFO - Processing /home/airflow/.local/lib/python3.7/site-packages/airflow/example_dags/example_task_group_decorator.py took 0.309 seconds
[2022-07-06 18:38:46,843] {processor.py:153} INFO - Started process (PID=366) to work on /home/airflow/.local/lib/python3.7/site-packages/airflow/example_dags/example_task_group_decorator.py
[2022-07-06 18:38:46,845] {processor.py:641} INFO - Processing file /home/airflow/.local/lib/python3.7/site-packages/airflow/example_dags/example_task_group_decorator.py for tasks to queue
[2022-07-06 18:38:46,847] {logging_mixin.py:115} INFO - [2022-07-06 18:38:46,847] {dagbag.py:507} INFO - Filling up the DagBag from /home/airflow/.local/lib/python3.7/site-packages/airflow/example_dags/example_task_group_decorator.py
[2022-07-06 18:38:46,882] {processor.py:651} INFO - DAG(s) dict_keys(['example_task_group_decorator']) retrieved from /home/airflow/.local/lib/python3.7/site-packages/airflow/example_dags/example_task_group_decorator.py
[2022-07-06 18:38:46,970] {logging_mixin.py:115} INFO - [2022-07-06 18:38:46,970] {dag.py:2371} INFO - Sync 1 DAGs
[2022-07-06 18:38:47,142] {logging_mixin.py:115} INFO - [2022-07-06 18:38:47,142] {dag.py:2919} INFO - Setting next_dagrun for example_task_group_decorator to 2022-07-05T18:38:47.142439+00:00, run_after=2022-07-06T18:38:47.142439+00:00
[2022-07-06 18:38:47,161] {processor.py:161} INFO - Processing /home/airflow/.local/lib/python3.7/site-packages/airflow/example_dags/example_task_group_decorator.py took 0.327 seconds
[2022-07-06 18:39:17,475] {processor.py:153} INFO - Started process (PID=431) to work on /home/airflow/.local/lib/python3.7/site-packages/airflow/example_dags/example_task_group_decorator.py
[2022-07-06 18:39:17,477] {processor.py:641} INFO - Processing file /home/airflow/.local/lib/python3.7/site-packages/airflow/example_dags/example_task_group_decorator.py for tasks to queue
[2022-07-06 18:39:17,479] {logging_mixin.py:115} INFO - [2022-07-06 18:39:17,479] {dagbag.py:507} INFO - Filling up the DagBag from /home/airflow/.local/lib/python3.7/site-packages/airflow/example_dags/example_task_group_decorator.py
[2022-07-06 18:39:17,514] {processor.py:651} INFO - DAG(s) dict_keys(['example_task_group_decorator']) retrieved from /home/airflow/.local/lib/python3.7/site-packages/airflow/example_dags/example_task_group_decorator.py
[2022-07-06 18:39:17,611] {logging_mixin.py:115} INFO - [2022-07-06 18:39:17,611] {dag.py:2371} INFO - Sync 1 DAGs
[2022-07-06 18:39:17,784] {logging_mixin.py:115} INFO - [2022-07-06 18:39:17,784] {dag.py:2919} INFO - Setting next_dagrun for example_task_group_decorator to 2022-07-05T18:39:17.784215+00:00, run_after=2022-07-06T18:39:17.784215+00:00
[2022-07-06 18:39:17,801] {processor.py:161} INFO - Processing /home/airflow/.local/lib/python3.7/site-packages/airflow/example_dags/example_task_group_decorator.py took 0.330 seconds
[2022-07-06 18:39:47,935] {processor.py:153} INFO - Started process (PID=496) to work on /home/airflow/.local/lib/python3.7/site-packages/airflow/example_dags/example_task_group_decorator.py
[2022-07-06 18:39:47,936] {processor.py:641} INFO - Processing file /home/airflow/.local/lib/python3.7/site-packages/airflow/example_dags/example_task_group_decorator.py for tasks to queue
[2022-07-06 18:39:47,937] {logging_mixin.py:115} INFO - [2022-07-06 18:39:47,937] {dagbag.py:507} INFO - Filling up the DagBag from /home/airflow/.local/lib/python3.7/site-packages/airflow/example_dags/example_task_group_decorator.py
[2022-07-06 18:39:47,977] {processor.py:651} INFO - DAG(s) dict_keys(['example_task_group_decorator']) retrieved from /home/airflow/.local/lib/python3.7/site-packages/airflow/example_dags/example_task_group_decorator.py
[2022-07-06 18:39:48,075] {logging_mixin.py:115} INFO - [2022-07-06 18:39:48,075] {dag.py:2371} INFO - Sync 1 DAGs
[2022-07-06 18:39:48,258] {logging_mixin.py:115} INFO - [2022-07-06 18:39:48,258] {dag.py:2919} INFO - Setting next_dagrun for example_task_group_decorator to 2022-07-05T18:39:48.258479+00:00, run_after=2022-07-06T18:39:48.258479+00:00
[2022-07-06 18:39:48,285] {processor.py:161} INFO - Processing /home/airflow/.local/lib/python3.7/site-packages/airflow/example_dags/example_task_group_decorator.py took 0.356 seconds
[2022-07-06 18:40:18,390] {processor.py:153} INFO - Started process (PID=550) to work on /home/airflow/.local/lib/python3.7/site-packages/airflow/example_dags/example_task_group_decorator.py
[2022-07-06 18:40:18,392] {processor.py:641} INFO - Processing file /home/airflow/.local/lib/python3.7/site-packages/airflow/example_dags/example_task_group_decorator.py for tasks to queue
[2022-07-06 18:40:18,393] {logging_mixin.py:115} INFO - [2022-07-06 18:40:18,393] {dagbag.py:507} INFO - Filling up the DagBag from /home/airflow/.local/lib/python3.7/site-packages/airflow/example_dags/example_task_group_decorator.py
[2022-07-06 18:40:18,426] {processor.py:651} INFO - DAG(s) dict_keys(['example_task_group_decorator']) retrieved from /home/airflow/.local/lib/python3.7/site-packages/airflow/example_dags/example_task_group_decorator.py
[2022-07-06 18:40:18,517] {logging_mixin.py:115} INFO - [2022-07-06 18:40:18,517] {dag.py:2371} INFO - Sync 1 DAGs
[2022-07-06 18:40:18,683] {logging_mixin.py:115} INFO - [2022-07-06 18:40:18,683] {dag.py:2919} INFO - Setting next_dagrun for example_task_group_decorator to 2022-07-05T18:40:18.683430+00:00, run_after=2022-07-06T18:40:18.683430+00:00
[2022-07-06 18:40:18,701] {processor.py:161} INFO - Processing /home/airflow/.local/lib/python3.7/site-packages/airflow/example_dags/example_task_group_decorator.py took 0.314 seconds
[2022-07-06 18:40:48,849] {processor.py:153} INFO - Started process (PID=615) to work on /home/airflow/.local/lib/python3.7/site-packages/airflow/example_dags/example_task_group_decorator.py
[2022-07-06 18:40:48,850] {processor.py:641} INFO - Processing file /home/airflow/.local/lib/python3.7/site-packages/airflow/example_dags/example_task_group_decorator.py for tasks to queue
[2022-07-06 18:40:48,851] {logging_mixin.py:115} INFO - [2022-07-06 18:40:48,851] {dagbag.py:507} INFO - Filling up the DagBag from /home/airflow/.local/lib/python3.7/site-packages/airflow/example_dags/example_task_group_decorator.py
[2022-07-06 18:40:48,884] {processor.py:651} INFO - DAG(s) dict_keys(['example_task_group_decorator']) retrieved from /home/airflow/.local/lib/python3.7/site-packages/airflow/example_dags/example_task_group_decorator.py
[2022-07-06 18:40:48,968] {logging_mixin.py:115} INFO - [2022-07-06 18:40:48,968] {dag.py:2371} INFO - Sync 1 DAGs
[2022-07-06 18:40:49,133] {logging_mixin.py:115} INFO - [2022-07-06 18:40:49,133] {dag.py:2919} INFO - Setting next_dagrun for example_task_group_decorator to 2022-07-05T18:40:49.133190+00:00, run_after=2022-07-06T18:40:49.133190+00:00
[2022-07-06 18:40:49,150] {processor.py:161} INFO - Processing /home/airflow/.local/lib/python3.7/site-packages/airflow/example_dags/example_task_group_decorator.py took 0.305 seconds
[2022-07-06 18:41:19,292] {processor.py:153} INFO - Started process (PID=670) to work on /home/airflow/.local/lib/python3.7/site-packages/airflow/example_dags/example_task_group_decorator.py
[2022-07-06 18:41:19,294] {processor.py:641} INFO - Processing file /home/airflow/.local/lib/python3.7/site-packages/airflow/example_dags/example_task_group_decorator.py for tasks to queue
[2022-07-06 18:41:19,295] {logging_mixin.py:115} INFO - [2022-07-06 18:41:19,295] {dagbag.py:507} INFO - Filling up the DagBag from /home/airflow/.local/lib/python3.7/site-packages/airflow/example_dags/example_task_group_decorator.py
[2022-07-06 18:41:19,331] {processor.py:651} INFO - DAG(s) dict_keys(['example_task_group_decorator']) retrieved from /home/airflow/.local/lib/python3.7/site-packages/airflow/example_dags/example_task_group_decorator.py
[2022-07-06 18:41:19,417] {logging_mixin.py:115} INFO - [2022-07-06 18:41:19,417] {dag.py:2371} INFO - Sync 1 DAGs
[2022-07-06 18:41:19,580] {logging_mixin.py:115} INFO - [2022-07-06 18:41:19,580] {dag.py:2919} INFO - Setting next_dagrun for example_task_group_decorator to 2022-07-05T18:41:19.579992+00:00, run_after=2022-07-06T18:41:19.579992+00:00
[2022-07-06 18:41:19,596] {processor.py:161} INFO - Processing /home/airflow/.local/lib/python3.7/site-packages/airflow/example_dags/example_task_group_decorator.py took 0.309 seconds
[2022-07-06 18:41:50,277] {processor.py:153} INFO - Started process (PID=735) to work on /home/airflow/.local/lib/python3.7/site-packages/airflow/example_dags/example_task_group_decorator.py
[2022-07-06 18:41:50,278] {processor.py:641} INFO - Processing file /home/airflow/.local/lib/python3.7/site-packages/airflow/example_dags/example_task_group_decorator.py for tasks to queue
[2022-07-06 18:41:50,279] {logging_mixin.py:115} INFO - [2022-07-06 18:41:50,279] {dagbag.py:507} INFO - Filling up the DagBag from /home/airflow/.local/lib/python3.7/site-packages/airflow/example_dags/example_task_group_decorator.py
[2022-07-06 18:41:50,322] {processor.py:651} INFO - DAG(s) dict_keys(['example_task_group_decorator']) retrieved from /home/airflow/.local/lib/python3.7/site-packages/airflow/example_dags/example_task_group_decorator.py
[2022-07-06 18:41:50,433] {logging_mixin.py:115} INFO - [2022-07-06 18:41:50,433] {dag.py:2371} INFO - Sync 1 DAGs
[2022-07-06 18:41:50,612] {logging_mixin.py:115} INFO - [2022-07-06 18:41:50,612] {dag.py:2919} INFO - Setting next_dagrun for example_task_group_decorator to 2022-07-05T18:41:50.611866+00:00, run_after=2022-07-06T18:41:50.611866+00:00
[2022-07-06 18:41:50,629] {processor.py:161} INFO - Processing /home/airflow/.local/lib/python3.7/site-packages/airflow/example_dags/example_task_group_decorator.py took 0.360 seconds
[2022-07-06 18:42:21,271] {processor.py:153} INFO - Started process (PID=797) to work on /home/airflow/.local/lib/python3.7/site-packages/airflow/example_dags/example_task_group_decorator.py
[2022-07-06 18:42:21,273] {processor.py:641} INFO - Processing file /home/airflow/.local/lib/python3.7/site-packages/airflow/example_dags/example_task_group_decorator.py for tasks to queue
[2022-07-06 18:42:21,274] {logging_mixin.py:115} INFO - [2022-07-06 18:42:21,274] {dagbag.py:507} INFO - Filling up the DagBag from /home/airflow/.local/lib/python3.7/site-packages/airflow/example_dags/example_task_group_decorator.py
[2022-07-06 18:42:21,310] {processor.py:651} INFO - DAG(s) dict_keys(['example_task_group_decorator']) retrieved from /home/airflow/.local/lib/python3.7/site-packages/airflow/example_dags/example_task_group_decorator.py
[2022-07-06 18:42:21,398] {logging_mixin.py:115} INFO - [2022-07-06 18:42:21,398] {dag.py:2371} INFO - Sync 1 DAGs
[2022-07-06 18:42:21,561] {logging_mixin.py:115} INFO - [2022-07-06 18:42:21,561] {dag.py:2919} INFO - Setting next_dagrun for example_task_group_decorator to 2022-07-05T18:42:21.561307+00:00, run_after=2022-07-06T18:42:21.561307+00:00
[2022-07-06 18:42:21,579] {processor.py:161} INFO - Processing /home/airflow/.local/lib/python3.7/site-packages/airflow/example_dags/example_task_group_decorator.py took 0.312 seconds
[2022-07-06 18:42:52,028] {processor.py:153} INFO - Started process (PID=851) to work on /home/airflow/.local/lib/python3.7/site-packages/airflow/example_dags/example_task_group_decorator.py
[2022-07-06 18:42:52,029] {processor.py:641} INFO - Processing file /home/airflow/.local/lib/python3.7/site-packages/airflow/example_dags/example_task_group_decorator.py for tasks to queue
[2022-07-06 18:42:52,031] {logging_mixin.py:115} INFO - [2022-07-06 18:42:52,030] {dagbag.py:507} INFO - Filling up the DagBag from /home/airflow/.local/lib/python3.7/site-packages/airflow/example_dags/example_task_group_decorator.py
[2022-07-06 18:42:52,065] {processor.py:651} INFO - DAG(s) dict_keys(['example_task_group_decorator']) retrieved from /home/airflow/.local/lib/python3.7/site-packages/airflow/example_dags/example_task_group_decorator.py
[2022-07-06 18:42:52,155] {logging_mixin.py:115} INFO - [2022-07-06 18:42:52,155] {dag.py:2371} INFO - Sync 1 DAGs
[2022-07-06 18:42:52,320] {logging_mixin.py:115} INFO - [2022-07-06 18:42:52,320] {dag.py:2919} INFO - Setting next_dagrun for example_task_group_decorator to 2022-07-05T18:42:52.320263+00:00, run_after=2022-07-06T18:42:52.320263+00:00
[2022-07-06 18:42:52,337] {processor.py:161} INFO - Processing /home/airflow/.local/lib/python3.7/site-packages/airflow/example_dags/example_task_group_decorator.py took 0.314 seconds
[2022-07-06 18:43:22,556] {processor.py:153} INFO - Started process (PID=915) to work on /home/airflow/.local/lib/python3.7/site-packages/airflow/example_dags/example_task_group_decorator.py
[2022-07-06 18:43:22,557] {processor.py:641} INFO - Processing file /home/airflow/.local/lib/python3.7/site-packages/airflow/example_dags/example_task_group_decorator.py for tasks to queue
[2022-07-06 18:43:22,559] {logging_mixin.py:115} INFO - [2022-07-06 18:43:22,559] {dagbag.py:507} INFO - Filling up the DagBag from /home/airflow/.local/lib/python3.7/site-packages/airflow/example_dags/example_task_group_decorator.py
[2022-07-06 18:43:22,593] {processor.py:651} INFO - DAG(s) dict_keys(['example_task_group_decorator']) retrieved from /home/airflow/.local/lib/python3.7/site-packages/airflow/example_dags/example_task_group_decorator.py
[2022-07-06 18:43:22,696] {logging_mixin.py:115} INFO - [2022-07-06 18:43:22,696] {dag.py:2371} INFO - Sync 1 DAGs
[2022-07-06 18:43:22,858] {logging_mixin.py:115} INFO - [2022-07-06 18:43:22,858] {dag.py:2919} INFO - Setting next_dagrun for example_task_group_decorator to 2022-07-05T18:43:22.857867+00:00, run_after=2022-07-06T18:43:22.857867+00:00
[2022-07-06 18:43:22,876] {processor.py:161} INFO - Processing /home/airflow/.local/lib/python3.7/site-packages/airflow/example_dags/example_task_group_decorator.py took 0.325 seconds
[2022-07-06 18:43:53,552] {processor.py:153} INFO - Started process (PID=981) to work on /home/airflow/.local/lib/python3.7/site-packages/airflow/example_dags/example_task_group_decorator.py
[2022-07-06 18:43:53,553] {processor.py:641} INFO - Processing file /home/airflow/.local/lib/python3.7/site-packages/airflow/example_dags/example_task_group_decorator.py for tasks to queue
[2022-07-06 18:43:53,554] {logging_mixin.py:115} INFO - [2022-07-06 18:43:53,554] {dagbag.py:507} INFO - Filling up the DagBag from /home/airflow/.local/lib/python3.7/site-packages/airflow/example_dags/example_task_group_decorator.py
[2022-07-06 18:43:53,588] {processor.py:651} INFO - DAG(s) dict_keys(['example_task_group_decorator']) retrieved from /home/airflow/.local/lib/python3.7/site-packages/airflow/example_dags/example_task_group_decorator.py
[2022-07-06 18:43:53,684] {logging_mixin.py:115} INFO - [2022-07-06 18:43:53,684] {dag.py:2371} INFO - Sync 1 DAGs
[2022-07-06 18:43:53,847] {logging_mixin.py:115} INFO - [2022-07-06 18:43:53,847] {dag.py:2919} INFO - Setting next_dagrun for example_task_group_decorator to 2022-07-05T18:43:53.847489+00:00, run_after=2022-07-06T18:43:53.847489+00:00
[2022-07-06 18:43:53,867] {processor.py:161} INFO - Processing /home/airflow/.local/lib/python3.7/site-packages/airflow/example_dags/example_task_group_decorator.py took 0.320 seconds
[2022-07-06 18:44:24,311] {processor.py:153} INFO - Started process (PID=1038) to work on /home/airflow/.local/lib/python3.7/site-packages/airflow/example_dags/example_task_group_decorator.py
[2022-07-06 18:44:24,312] {processor.py:641} INFO - Processing file /home/airflow/.local/lib/python3.7/site-packages/airflow/example_dags/example_task_group_decorator.py for tasks to queue
[2022-07-06 18:44:24,314] {logging_mixin.py:115} INFO - [2022-07-06 18:44:24,314] {dagbag.py:507} INFO - Filling up the DagBag from /home/airflow/.local/lib/python3.7/site-packages/airflow/example_dags/example_task_group_decorator.py
[2022-07-06 18:44:24,349] {processor.py:651} INFO - DAG(s) dict_keys(['example_task_group_decorator']) retrieved from /home/airflow/.local/lib/python3.7/site-packages/airflow/example_dags/example_task_group_decorator.py
[2022-07-06 18:44:24,438] {logging_mixin.py:115} INFO - [2022-07-06 18:44:24,438] {dag.py:2371} INFO - Sync 1 DAGs
[2022-07-06 18:44:24,602] {logging_mixin.py:115} INFO - [2022-07-06 18:44:24,602] {dag.py:2919} INFO - Setting next_dagrun for example_task_group_decorator to 2022-07-05T18:44:24.601994+00:00, run_after=2022-07-06T18:44:24.601994+00:00
[2022-07-06 18:44:24,618] {processor.py:161} INFO - Processing /home/airflow/.local/lib/python3.7/site-packages/airflow/example_dags/example_task_group_decorator.py took 0.313 seconds
[2022-07-06 18:44:54,697] {processor.py:153} INFO - Started process (PID=1099) to work on /home/airflow/.local/lib/python3.7/site-packages/airflow/example_dags/example_task_group_decorator.py
[2022-07-06 18:44:54,698] {processor.py:641} INFO - Processing file /home/airflow/.local/lib/python3.7/site-packages/airflow/example_dags/example_task_group_decorator.py for tasks to queue
[2022-07-06 18:44:54,700] {logging_mixin.py:115} INFO - [2022-07-06 18:44:54,700] {dagbag.py:507} INFO - Filling up the DagBag from /home/airflow/.local/lib/python3.7/site-packages/airflow/example_dags/example_task_group_decorator.py
[2022-07-06 18:44:54,733] {processor.py:651} INFO - DAG(s) dict_keys(['example_task_group_decorator']) retrieved from /home/airflow/.local/lib/python3.7/site-packages/airflow/example_dags/example_task_group_decorator.py
[2022-07-06 18:44:54,773] {logging_mixin.py:115} INFO - [2022-07-06 18:44:54,773] {dag.py:2371} INFO - Sync 1 DAGs
[2022-07-06 18:44:54,803] {logging_mixin.py:115} INFO - [2022-07-06 18:44:54,803] {dag.py:2919} INFO - Setting next_dagrun for example_task_group_decorator to 2022-07-05T18:44:54.803450+00:00, run_after=2022-07-06T18:44:54.803450+00:00
[2022-07-06 18:44:54,821] {processor.py:161} INFO - Processing /home/airflow/.local/lib/python3.7/site-packages/airflow/example_dags/example_task_group_decorator.py took 0.129 seconds
[2022-07-06 18:45:25,733] {processor.py:153} INFO - Started process (PID=1158) to work on /home/airflow/.local/lib/python3.7/site-packages/airflow/example_dags/example_task_group_decorator.py
[2022-07-06 18:45:25,734] {processor.py:641} INFO - Processing file /home/airflow/.local/lib/python3.7/site-packages/airflow/example_dags/example_task_group_decorator.py for tasks to queue
[2022-07-06 18:45:25,735] {logging_mixin.py:115} INFO - [2022-07-06 18:45:25,735] {dagbag.py:507} INFO - Filling up the DagBag from /home/airflow/.local/lib/python3.7/site-packages/airflow/example_dags/example_task_group_decorator.py
[2022-07-06 18:45:25,802] {processor.py:651} INFO - DAG(s) dict_keys(['example_task_group_decorator']) retrieved from /home/airflow/.local/lib/python3.7/site-packages/airflow/example_dags/example_task_group_decorator.py
[2022-07-06 18:45:25,933] {logging_mixin.py:115} INFO - [2022-07-06 18:45:25,932] {dag.py:2371} INFO - Sync 1 DAGs
[2022-07-06 18:45:26,140] {logging_mixin.py:115} INFO - [2022-07-06 18:45:26,140] {dag.py:2919} INFO - Setting next_dagrun for example_task_group_decorator to 2022-07-05T18:45:26.139899+00:00, run_after=2022-07-06T18:45:26.139899+00:00
[2022-07-06 18:45:26,161] {processor.py:161} INFO - Processing /home/airflow/.local/lib/python3.7/site-packages/airflow/example_dags/example_task_group_decorator.py took 0.432 seconds
[2022-07-06 18:45:56,237] {processor.py:153} INFO - Started process (PID=1214) to work on /home/airflow/.local/lib/python3.7/site-packages/airflow/example_dags/example_task_group_decorator.py
[2022-07-06 18:45:56,239] {processor.py:641} INFO - Processing file /home/airflow/.local/lib/python3.7/site-packages/airflow/example_dags/example_task_group_decorator.py for tasks to queue
[2022-07-06 18:45:56,240] {logging_mixin.py:115} INFO - [2022-07-06 18:45:56,240] {dagbag.py:507} INFO - Filling up the DagBag from /home/airflow/.local/lib/python3.7/site-packages/airflow/example_dags/example_task_group_decorator.py
[2022-07-06 18:45:56,271] {processor.py:651} INFO - DAG(s) dict_keys(['example_task_group_decorator']) retrieved from /home/airflow/.local/lib/python3.7/site-packages/airflow/example_dags/example_task_group_decorator.py
[2022-07-06 18:45:56,357] {logging_mixin.py:115} INFO - [2022-07-06 18:45:56,357] {dag.py:2371} INFO - Sync 1 DAGs
[2022-07-06 18:45:56,515] {logging_mixin.py:115} INFO - [2022-07-06 18:45:56,515] {dag.py:2919} INFO - Setting next_dagrun for example_task_group_decorator to 2022-07-05T18:45:56.515015+00:00, run_after=2022-07-06T18:45:56.515015+00:00
[2022-07-06 18:45:56,532] {processor.py:161} INFO - Processing /home/airflow/.local/lib/python3.7/site-packages/airflow/example_dags/example_task_group_decorator.py took 0.299 seconds
[2022-07-06 18:46:27,530] {processor.py:153} INFO - Started process (PID=1279) to work on /home/airflow/.local/lib/python3.7/site-packages/airflow/example_dags/example_task_group_decorator.py
[2022-07-06 18:46:27,531] {processor.py:641} INFO - Processing file /home/airflow/.local/lib/python3.7/site-packages/airflow/example_dags/example_task_group_decorator.py for tasks to queue
[2022-07-06 18:46:27,533] {logging_mixin.py:115} INFO - [2022-07-06 18:46:27,532] {dagbag.py:507} INFO - Filling up the DagBag from /home/airflow/.local/lib/python3.7/site-packages/airflow/example_dags/example_task_group_decorator.py
[2022-07-06 18:46:27,568] {processor.py:651} INFO - DAG(s) dict_keys(['example_task_group_decorator']) retrieved from /home/airflow/.local/lib/python3.7/site-packages/airflow/example_dags/example_task_group_decorator.py
[2022-07-06 18:46:27,804] {logging_mixin.py:115} INFO - [2022-07-06 18:46:27,804] {dag.py:2371} INFO - Sync 1 DAGs
[2022-07-06 18:46:27,827] {logging_mixin.py:115} INFO - [2022-07-06 18:46:27,827] {dag.py:2919} INFO - Setting next_dagrun for example_task_group_decorator to 2022-07-05T18:46:27.827103+00:00, run_after=2022-07-06T18:46:27.827103+00:00
[2022-07-06 18:46:27,844] {processor.py:161} INFO - Processing /home/airflow/.local/lib/python3.7/site-packages/airflow/example_dags/example_task_group_decorator.py took 0.320 seconds
[2022-07-06 18:46:58,186] {processor.py:153} INFO - Started process (PID=1341) to work on /home/airflow/.local/lib/python3.7/site-packages/airflow/example_dags/example_task_group_decorator.py
[2022-07-06 18:46:58,188] {processor.py:641} INFO - Processing file /home/airflow/.local/lib/python3.7/site-packages/airflow/example_dags/example_task_group_decorator.py for tasks to queue
[2022-07-06 18:46:58,190] {logging_mixin.py:115} INFO - [2022-07-06 18:46:58,189] {dagbag.py:507} INFO - Filling up the DagBag from /home/airflow/.local/lib/python3.7/site-packages/airflow/example_dags/example_task_group_decorator.py
[2022-07-06 18:46:58,230] {processor.py:651} INFO - DAG(s) dict_keys(['example_task_group_decorator']) retrieved from /home/airflow/.local/lib/python3.7/site-packages/airflow/example_dags/example_task_group_decorator.py
[2022-07-06 18:46:58,462] {logging_mixin.py:115} INFO - [2022-07-06 18:46:58,462] {dag.py:2371} INFO - Sync 1 DAGs
[2022-07-06 18:46:58,491] {logging_mixin.py:115} INFO - [2022-07-06 18:46:58,491] {dag.py:2919} INFO - Setting next_dagrun for example_task_group_decorator to 2022-07-05T18:46:58.491471+00:00, run_after=2022-07-06T18:46:58.491471+00:00
[2022-07-06 18:46:58,509] {processor.py:161} INFO - Processing /home/airflow/.local/lib/python3.7/site-packages/airflow/example_dags/example_task_group_decorator.py took 0.327 seconds
[2022-07-06 18:47:28,930] {processor.py:153} INFO - Started process (PID=1397) to work on /home/airflow/.local/lib/python3.7/site-packages/airflow/example_dags/example_task_group_decorator.py
[2022-07-06 18:47:28,932] {processor.py:641} INFO - Processing file /home/airflow/.local/lib/python3.7/site-packages/airflow/example_dags/example_task_group_decorator.py for tasks to queue
[2022-07-06 18:47:28,933] {logging_mixin.py:115} INFO - [2022-07-06 18:47:28,933] {dagbag.py:507} INFO - Filling up the DagBag from /home/airflow/.local/lib/python3.7/site-packages/airflow/example_dags/example_task_group_decorator.py
[2022-07-06 18:47:28,967] {processor.py:651} INFO - DAG(s) dict_keys(['example_task_group_decorator']) retrieved from /home/airflow/.local/lib/python3.7/site-packages/airflow/example_dags/example_task_group_decorator.py
[2022-07-06 18:47:29,203] {logging_mixin.py:115} INFO - [2022-07-06 18:47:29,203] {dag.py:2371} INFO - Sync 1 DAGs
[2022-07-06 18:47:29,228] {logging_mixin.py:115} INFO - [2022-07-06 18:47:29,228] {dag.py:2919} INFO - Setting next_dagrun for example_task_group_decorator to 2022-07-05T18:47:29.227934+00:00, run_after=2022-07-06T18:47:29.227934+00:00
[2022-07-06 18:47:29,246] {processor.py:161} INFO - Processing /home/airflow/.local/lib/python3.7/site-packages/airflow/example_dags/example_task_group_decorator.py took 0.320 seconds
[2022-07-06 18:48:00,110] {processor.py:153} INFO - Started process (PID=1461) to work on /home/airflow/.local/lib/python3.7/site-packages/airflow/example_dags/example_task_group_decorator.py
[2022-07-06 18:48:00,112] {processor.py:641} INFO - Processing file /home/airflow/.local/lib/python3.7/site-packages/airflow/example_dags/example_task_group_decorator.py for tasks to queue
[2022-07-06 18:48:00,113] {logging_mixin.py:115} INFO - [2022-07-06 18:48:00,113] {dagbag.py:507} INFO - Filling up the DagBag from /home/airflow/.local/lib/python3.7/site-packages/airflow/example_dags/example_task_group_decorator.py
[2022-07-06 18:48:00,146] {processor.py:651} INFO - DAG(s) dict_keys(['example_task_group_decorator']) retrieved from /home/airflow/.local/lib/python3.7/site-packages/airflow/example_dags/example_task_group_decorator.py
[2022-07-06 18:48:00,362] {logging_mixin.py:115} INFO - [2022-07-06 18:48:00,362] {dag.py:2371} INFO - Sync 1 DAGs
[2022-07-06 18:48:00,387] {logging_mixin.py:115} INFO - [2022-07-06 18:48:00,387] {dag.py:2919} INFO - Setting next_dagrun for example_task_group_decorator to 2022-07-05T18:48:00.387336+00:00, run_after=2022-07-06T18:48:00.387336+00:00
[2022-07-06 18:48:00,406] {processor.py:161} INFO - Processing /home/airflow/.local/lib/python3.7/site-packages/airflow/example_dags/example_task_group_decorator.py took 0.301 seconds
[2022-07-06 18:48:30,760] {processor.py:153} INFO - Started process (PID=1525) to work on /home/airflow/.local/lib/python3.7/site-packages/airflow/example_dags/example_task_group_decorator.py
[2022-07-06 18:48:30,761] {processor.py:641} INFO - Processing file /home/airflow/.local/lib/python3.7/site-packages/airflow/example_dags/example_task_group_decorator.py for tasks to queue
[2022-07-06 18:48:30,762] {logging_mixin.py:115} INFO - [2022-07-06 18:48:30,762] {dagbag.py:507} INFO - Filling up the DagBag from /home/airflow/.local/lib/python3.7/site-packages/airflow/example_dags/example_task_group_decorator.py
[2022-07-06 18:48:30,799] {processor.py:651} INFO - DAG(s) dict_keys(['example_task_group_decorator']) retrieved from /home/airflow/.local/lib/python3.7/site-packages/airflow/example_dags/example_task_group_decorator.py
[2022-07-06 18:48:30,845] {logging_mixin.py:115} INFO - [2022-07-06 18:48:30,845] {dag.py:2371} INFO - Sync 1 DAGs
[2022-07-06 18:48:30,887] {logging_mixin.py:115} INFO - [2022-07-06 18:48:30,887] {dag.py:2919} INFO - Setting next_dagrun for example_task_group_decorator to 2022-07-05T18:48:30.887533+00:00, run_after=2022-07-06T18:48:30.887533+00:00
[2022-07-06 18:48:30,904] {processor.py:161} INFO - Processing /home/airflow/.local/lib/python3.7/site-packages/airflow/example_dags/example_task_group_decorator.py took 0.149 seconds
[2022-07-06 18:49:01,496] {processor.py:153} INFO - Started process (PID=1581) to work on /home/airflow/.local/lib/python3.7/site-packages/airflow/example_dags/example_task_group_decorator.py
[2022-07-06 18:49:01,498] {processor.py:641} INFO - Processing file /home/airflow/.local/lib/python3.7/site-packages/airflow/example_dags/example_task_group_decorator.py for tasks to queue
[2022-07-06 18:49:01,499] {logging_mixin.py:115} INFO - [2022-07-06 18:49:01,499] {dagbag.py:507} INFO - Filling up the DagBag from /home/airflow/.local/lib/python3.7/site-packages/airflow/example_dags/example_task_group_decorator.py
[2022-07-06 18:49:01,534] {processor.py:651} INFO - DAG(s) dict_keys(['example_task_group_decorator']) retrieved from /home/airflow/.local/lib/python3.7/site-packages/airflow/example_dags/example_task_group_decorator.py
[2022-07-06 18:49:01,575] {logging_mixin.py:115} INFO - [2022-07-06 18:49:01,575] {dag.py:2371} INFO - Sync 1 DAGs
[2022-07-06 18:49:01,613] {logging_mixin.py:115} INFO - [2022-07-06 18:49:01,613] {dag.py:2919} INFO - Setting next_dagrun for example_task_group_decorator to 2022-07-05T18:49:01.612743+00:00, run_after=2022-07-06T18:49:01.612743+00:00
[2022-07-06 18:49:01,635] {processor.py:161} INFO - Processing /home/airflow/.local/lib/python3.7/site-packages/airflow/example_dags/example_task_group_decorator.py took 0.147 seconds
[2022-07-06 18:49:32,094] {processor.py:153} INFO - Started process (PID=1646) to work on /home/airflow/.local/lib/python3.7/site-packages/airflow/example_dags/example_task_group_decorator.py
[2022-07-06 18:49:32,096] {processor.py:641} INFO - Processing file /home/airflow/.local/lib/python3.7/site-packages/airflow/example_dags/example_task_group_decorator.py for tasks to queue
[2022-07-06 18:49:32,097] {logging_mixin.py:115} INFO - [2022-07-06 18:49:32,097] {dagbag.py:507} INFO - Filling up the DagBag from /home/airflow/.local/lib/python3.7/site-packages/airflow/example_dags/example_task_group_decorator.py
[2022-07-06 18:49:32,142] {processor.py:651} INFO - DAG(s) dict_keys(['example_task_group_decorator']) retrieved from /home/airflow/.local/lib/python3.7/site-packages/airflow/example_dags/example_task_group_decorator.py
[2022-07-06 18:49:32,183] {logging_mixin.py:115} INFO - [2022-07-06 18:49:32,183] {dag.py:2371} INFO - Sync 1 DAGs
[2022-07-06 18:49:32,211] {logging_mixin.py:115} INFO - [2022-07-06 18:49:32,211] {dag.py:2919} INFO - Setting next_dagrun for example_task_group_decorator to 2022-07-05T18:49:32.211072+00:00, run_after=2022-07-06T18:49:32.211072+00:00
[2022-07-06 18:49:32,228] {processor.py:161} INFO - Processing /home/airflow/.local/lib/python3.7/site-packages/airflow/example_dags/example_task_group_decorator.py took 0.138 seconds
[2022-07-06 18:50:02,610] {processor.py:153} INFO - Started process (PID=1701) to work on /home/airflow/.local/lib/python3.7/site-packages/airflow/example_dags/example_task_group_decorator.py
[2022-07-06 18:50:02,611] {processor.py:641} INFO - Processing file /home/airflow/.local/lib/python3.7/site-packages/airflow/example_dags/example_task_group_decorator.py for tasks to queue
[2022-07-06 18:50:02,612] {logging_mixin.py:115} INFO - [2022-07-06 18:50:02,612] {dagbag.py:507} INFO - Filling up the DagBag from /home/airflow/.local/lib/python3.7/site-packages/airflow/example_dags/example_task_group_decorator.py
[2022-07-06 18:50:02,646] {processor.py:651} INFO - DAG(s) dict_keys(['example_task_group_decorator']) retrieved from /home/airflow/.local/lib/python3.7/site-packages/airflow/example_dags/example_task_group_decorator.py
[2022-07-06 18:50:02,885] {logging_mixin.py:115} INFO - [2022-07-06 18:50:02,885] {dag.py:2371} INFO - Sync 1 DAGs
[2022-07-06 18:50:02,908] {logging_mixin.py:115} INFO - [2022-07-06 18:50:02,908] {dag.py:2919} INFO - Setting next_dagrun for example_task_group_decorator to 2022-07-05T18:50:02.907784+00:00, run_after=2022-07-06T18:50:02.907784+00:00
[2022-07-06 18:50:02,932] {processor.py:161} INFO - Processing /home/airflow/.local/lib/python3.7/site-packages/airflow/example_dags/example_task_group_decorator.py took 0.328 seconds
[2022-07-06 18:50:33,133] {processor.py:153} INFO - Started process (PID=1766) to work on /home/airflow/.local/lib/python3.7/site-packages/airflow/example_dags/example_task_group_decorator.py
[2022-07-06 18:50:33,135] {processor.py:641} INFO - Processing file /home/airflow/.local/lib/python3.7/site-packages/airflow/example_dags/example_task_group_decorator.py for tasks to queue
[2022-07-06 18:50:33,136] {logging_mixin.py:115} INFO - [2022-07-06 18:50:33,136] {dagbag.py:507} INFO - Filling up the DagBag from /home/airflow/.local/lib/python3.7/site-packages/airflow/example_dags/example_task_group_decorator.py
[2022-07-06 18:50:33,174] {processor.py:651} INFO - DAG(s) dict_keys(['example_task_group_decorator']) retrieved from /home/airflow/.local/lib/python3.7/site-packages/airflow/example_dags/example_task_group_decorator.py
[2022-07-06 18:50:33,214] {logging_mixin.py:115} INFO - [2022-07-06 18:50:33,214] {dag.py:2371} INFO - Sync 1 DAGs
[2022-07-06 18:50:33,256] {logging_mixin.py:115} INFO - [2022-07-06 18:50:33,256] {dag.py:2919} INFO - Setting next_dagrun for example_task_group_decorator to 2022-07-05T18:50:33.255754+00:00, run_after=2022-07-06T18:50:33.255754+00:00
[2022-07-06 18:50:33,271] {processor.py:161} INFO - Processing /home/airflow/.local/lib/python3.7/site-packages/airflow/example_dags/example_task_group_decorator.py took 0.143 seconds
[2022-07-06 18:51:03,764] {processor.py:153} INFO - Started process (PID=1831) to work on /home/airflow/.local/lib/python3.7/site-packages/airflow/example_dags/example_task_group_decorator.py
[2022-07-06 18:51:03,766] {processor.py:641} INFO - Processing file /home/airflow/.local/lib/python3.7/site-packages/airflow/example_dags/example_task_group_decorator.py for tasks to queue
[2022-07-06 18:51:03,767] {logging_mixin.py:115} INFO - [2022-07-06 18:51:03,767] {dagbag.py:507} INFO - Filling up the DagBag from /home/airflow/.local/lib/python3.7/site-packages/airflow/example_dags/example_task_group_decorator.py
[2022-07-06 18:51:03,800] {processor.py:651} INFO - DAG(s) dict_keys(['example_task_group_decorator']) retrieved from /home/airflow/.local/lib/python3.7/site-packages/airflow/example_dags/example_task_group_decorator.py
[2022-07-06 18:51:03,836] {logging_mixin.py:115} INFO - [2022-07-06 18:51:03,836] {dag.py:2371} INFO - Sync 1 DAGs
[2022-07-06 18:51:03,871] {logging_mixin.py:115} INFO - [2022-07-06 18:51:03,871] {dag.py:2919} INFO - Setting next_dagrun for example_task_group_decorator to 2022-07-05T18:51:03.871087+00:00, run_after=2022-07-06T18:51:03.871087+00:00
[2022-07-06 18:51:03,892] {processor.py:161} INFO - Processing /home/airflow/.local/lib/python3.7/site-packages/airflow/example_dags/example_task_group_decorator.py took 0.132 seconds
[2022-07-06 18:51:34,673] {processor.py:153} INFO - Started process (PID=1887) to work on /home/airflow/.local/lib/python3.7/site-packages/airflow/example_dags/example_task_group_decorator.py
[2022-07-06 18:51:34,675] {processor.py:641} INFO - Processing file /home/airflow/.local/lib/python3.7/site-packages/airflow/example_dags/example_task_group_decorator.py for tasks to queue
[2022-07-06 18:51:34,676] {logging_mixin.py:115} INFO - [2022-07-06 18:51:34,676] {dagbag.py:507} INFO - Filling up the DagBag from /home/airflow/.local/lib/python3.7/site-packages/airflow/example_dags/example_task_group_decorator.py
[2022-07-06 18:51:34,715] {processor.py:651} INFO - DAG(s) dict_keys(['example_task_group_decorator']) retrieved from /home/airflow/.local/lib/python3.7/site-packages/airflow/example_dags/example_task_group_decorator.py
[2022-07-06 18:51:34,931] {logging_mixin.py:115} INFO - [2022-07-06 18:51:34,931] {dag.py:2371} INFO - Sync 1 DAGs
[2022-07-06 18:51:34,954] {logging_mixin.py:115} INFO - [2022-07-06 18:51:34,953] {dag.py:2919} INFO - Setting next_dagrun for example_task_group_decorator to 2022-07-05T18:51:34.953700+00:00, run_after=2022-07-06T18:51:34.953700+00:00
[2022-07-06 18:51:34,972] {processor.py:161} INFO - Processing /home/airflow/.local/lib/python3.7/site-packages/airflow/example_dags/example_task_group_decorator.py took 0.304 seconds
[2022-07-06 18:52:05,033] {processor.py:153} INFO - Started process (PID=1949) to work on /home/airflow/.local/lib/python3.7/site-packages/airflow/example_dags/example_task_group_decorator.py
[2022-07-06 18:52:05,034] {processor.py:641} INFO - Processing file /home/airflow/.local/lib/python3.7/site-packages/airflow/example_dags/example_task_group_decorator.py for tasks to queue
[2022-07-06 18:52:05,035] {logging_mixin.py:115} INFO - [2022-07-06 18:52:05,035] {dagbag.py:507} INFO - Filling up the DagBag from /home/airflow/.local/lib/python3.7/site-packages/airflow/example_dags/example_task_group_decorator.py
[2022-07-06 18:52:05,069] {processor.py:651} INFO - DAG(s) dict_keys(['example_task_group_decorator']) retrieved from /home/airflow/.local/lib/python3.7/site-packages/airflow/example_dags/example_task_group_decorator.py
[2022-07-06 18:52:05,289] {logging_mixin.py:115} INFO - [2022-07-06 18:52:05,289] {dag.py:2371} INFO - Sync 1 DAGs
[2022-07-06 18:52:05,316] {logging_mixin.py:115} INFO - [2022-07-06 18:52:05,316] {dag.py:2919} INFO - Setting next_dagrun for example_task_group_decorator to 2022-07-05T18:52:05.316174+00:00, run_after=2022-07-06T18:52:05.316174+00:00
[2022-07-06 18:52:05,337] {processor.py:161} INFO - Processing /home/airflow/.local/lib/python3.7/site-packages/airflow/example_dags/example_task_group_decorator.py took 0.309 seconds
[2022-07-06 18:52:36,328] {processor.py:153} INFO - Started process (PID=2014) to work on /home/airflow/.local/lib/python3.7/site-packages/airflow/example_dags/example_task_group_decorator.py
[2022-07-06 18:52:36,329] {processor.py:641} INFO - Processing file /home/airflow/.local/lib/python3.7/site-packages/airflow/example_dags/example_task_group_decorator.py for tasks to queue
[2022-07-06 18:52:36,331] {logging_mixin.py:115} INFO - [2022-07-06 18:52:36,330] {dagbag.py:507} INFO - Filling up the DagBag from /home/airflow/.local/lib/python3.7/site-packages/airflow/example_dags/example_task_group_decorator.py
[2022-07-06 18:52:36,363] {processor.py:651} INFO - DAG(s) dict_keys(['example_task_group_decorator']) retrieved from /home/airflow/.local/lib/python3.7/site-packages/airflow/example_dags/example_task_group_decorator.py
[2022-07-06 18:52:36,575] {logging_mixin.py:115} INFO - [2022-07-06 18:52:36,575] {dag.py:2371} INFO - Sync 1 DAGs
[2022-07-06 18:52:36,598] {logging_mixin.py:115} INFO - [2022-07-06 18:52:36,598] {dag.py:2919} INFO - Setting next_dagrun for example_task_group_decorator to 2022-07-05T18:52:36.597931+00:00, run_after=2022-07-06T18:52:36.597931+00:00
[2022-07-06 18:52:36,617] {processor.py:161} INFO - Processing /home/airflow/.local/lib/python3.7/site-packages/airflow/example_dags/example_task_group_decorator.py took 0.293 seconds
[2022-07-06 18:53:07,484] {processor.py:153} INFO - Started process (PID=2067) to work on /home/airflow/.local/lib/python3.7/site-packages/airflow/example_dags/example_task_group_decorator.py
[2022-07-06 18:53:07,486] {processor.py:641} INFO - Processing file /home/airflow/.local/lib/python3.7/site-packages/airflow/example_dags/example_task_group_decorator.py for tasks to queue
[2022-07-06 18:53:07,487] {logging_mixin.py:115} INFO - [2022-07-06 18:53:07,487] {dagbag.py:507} INFO - Filling up the DagBag from /home/airflow/.local/lib/python3.7/site-packages/airflow/example_dags/example_task_group_decorator.py
[2022-07-06 18:53:07,529] {processor.py:651} INFO - DAG(s) dict_keys(['example_task_group_decorator']) retrieved from /home/airflow/.local/lib/python3.7/site-packages/airflow/example_dags/example_task_group_decorator.py
[2022-07-06 18:53:07,796] {logging_mixin.py:115} INFO - [2022-07-06 18:53:07,796] {dag.py:2371} INFO - Sync 1 DAGs
[2022-07-06 18:53:07,828] {logging_mixin.py:115} INFO - [2022-07-06 18:53:07,827] {dag.py:2919} INFO - Setting next_dagrun for example_task_group_decorator to 2022-07-05T18:53:07.827580+00:00, run_after=2022-07-06T18:53:07.827580+00:00
[2022-07-06 18:53:07,853] {processor.py:161} INFO - Processing /home/airflow/.local/lib/python3.7/site-packages/airflow/example_dags/example_task_group_decorator.py took 0.377 seconds
[2022-07-06 18:53:38,677] {processor.py:153} INFO - Started process (PID=2130) to work on /home/airflow/.local/lib/python3.7/site-packages/airflow/example_dags/example_task_group_decorator.py
[2022-07-06 18:53:38,679] {processor.py:641} INFO - Processing file /home/airflow/.local/lib/python3.7/site-packages/airflow/example_dags/example_task_group_decorator.py for tasks to queue
[2022-07-06 18:53:38,681] {logging_mixin.py:115} INFO - [2022-07-06 18:53:38,681] {dagbag.py:507} INFO - Filling up the DagBag from /home/airflow/.local/lib/python3.7/site-packages/airflow/example_dags/example_task_group_decorator.py
[2022-07-06 18:53:38,729] {processor.py:651} INFO - DAG(s) dict_keys(['example_task_group_decorator']) retrieved from /home/airflow/.local/lib/python3.7/site-packages/airflow/example_dags/example_task_group_decorator.py
[2022-07-06 18:53:38,955] {logging_mixin.py:115} INFO - [2022-07-06 18:53:38,955] {dag.py:2371} INFO - Sync 1 DAGs
[2022-07-06 18:53:38,981] {logging_mixin.py:115} INFO - [2022-07-06 18:53:38,981] {dag.py:2919} INFO - Setting next_dagrun for example_task_group_decorator to 2022-07-05T18:53:38.981508+00:00, run_after=2022-07-06T18:53:38.981508+00:00
[2022-07-06 18:53:39,001] {processor.py:161} INFO - Processing /home/airflow/.local/lib/python3.7/site-packages/airflow/example_dags/example_task_group_decorator.py took 0.331 seconds
[2022-07-06 18:54:09,952] {processor.py:153} INFO - Started process (PID=2182) to work on /home/airflow/.local/lib/python3.7/site-packages/airflow/example_dags/example_task_group_decorator.py
[2022-07-06 18:54:09,973] {processor.py:641} INFO - Processing file /home/airflow/.local/lib/python3.7/site-packages/airflow/example_dags/example_task_group_decorator.py for tasks to queue
[2022-07-06 18:54:09,976] {logging_mixin.py:115} INFO - [2022-07-06 18:54:09,975] {dagbag.py:507} INFO - Filling up the DagBag from /home/airflow/.local/lib/python3.7/site-packages/airflow/example_dags/example_task_group_decorator.py
[2022-07-06 18:54:10,419] {processor.py:651} INFO - DAG(s) dict_keys(['example_task_group_decorator']) retrieved from /home/airflow/.local/lib/python3.7/site-packages/airflow/example_dags/example_task_group_decorator.py
[2022-07-06 18:54:12,221] {logging_mixin.py:115} INFO - [2022-07-06 18:54:12,221] {dag.py:2371} INFO - Sync 1 DAGs
[2022-07-06 18:54:12,415] {logging_mixin.py:115} INFO - [2022-07-06 18:54:12,414] {dag.py:2919} INFO - Setting next_dagrun for example_task_group_decorator to 2022-07-05T18:54:12.414579+00:00, run_after=2022-07-06T18:54:12.414579+00:00
[2022-07-06 18:54:12,601] {processor.py:161} INFO - Processing /home/airflow/.local/lib/python3.7/site-packages/airflow/example_dags/example_task_group_decorator.py took 2.675 seconds
[2022-07-06 18:54:43,340] {processor.py:153} INFO - Started process (PID=2247) to work on /home/airflow/.local/lib/python3.7/site-packages/airflow/example_dags/example_task_group_decorator.py
[2022-07-06 18:54:43,343] {processor.py:641} INFO - Processing file /home/airflow/.local/lib/python3.7/site-packages/airflow/example_dags/example_task_group_decorator.py for tasks to queue
[2022-07-06 18:54:43,347] {logging_mixin.py:115} INFO - [2022-07-06 18:54:43,346] {dagbag.py:507} INFO - Filling up the DagBag from /home/airflow/.local/lib/python3.7/site-packages/airflow/example_dags/example_task_group_decorator.py
[2022-07-06 18:54:43,467] {processor.py:651} INFO - DAG(s) dict_keys(['example_task_group_decorator']) retrieved from /home/airflow/.local/lib/python3.7/site-packages/airflow/example_dags/example_task_group_decorator.py
[2022-07-06 18:54:43,802] {logging_mixin.py:115} INFO - [2022-07-06 18:54:43,801] {dag.py:2371} INFO - Sync 1 DAGs
[2022-07-06 18:54:43,848] {logging_mixin.py:115} INFO - [2022-07-06 18:54:43,847] {dag.py:2919} INFO - Setting next_dagrun for example_task_group_decorator to 2022-07-05T18:54:43.847540+00:00, run_after=2022-07-06T18:54:43.847540+00:00
[2022-07-06 18:54:43,884] {processor.py:161} INFO - Processing /home/airflow/.local/lib/python3.7/site-packages/airflow/example_dags/example_task_group_decorator.py took 0.551 seconds
[2022-07-06 18:55:14,225] {processor.py:153} INFO - Started process (PID=2301) to work on /home/airflow/.local/lib/python3.7/site-packages/airflow/example_dags/example_task_group_decorator.py
[2022-07-06 18:55:14,227] {processor.py:641} INFO - Processing file /home/airflow/.local/lib/python3.7/site-packages/airflow/example_dags/example_task_group_decorator.py for tasks to queue
[2022-07-06 18:55:14,229] {logging_mixin.py:115} INFO - [2022-07-06 18:55:14,229] {dagbag.py:507} INFO - Filling up the DagBag from /home/airflow/.local/lib/python3.7/site-packages/airflow/example_dags/example_task_group_decorator.py
[2022-07-06 18:55:14,264] {processor.py:651} INFO - DAG(s) dict_keys(['example_task_group_decorator']) retrieved from /home/airflow/.local/lib/python3.7/site-packages/airflow/example_dags/example_task_group_decorator.py
[2022-07-06 18:55:14,502] {logging_mixin.py:115} INFO - [2022-07-06 18:55:14,502] {dag.py:2371} INFO - Sync 1 DAGs
[2022-07-06 18:55:14,526] {logging_mixin.py:115} INFO - [2022-07-06 18:55:14,526] {dag.py:2919} INFO - Setting next_dagrun for example_task_group_decorator to 2022-07-05T18:55:14.525728+00:00, run_after=2022-07-06T18:55:14.525728+00:00
[2022-07-06 18:55:14,543] {processor.py:161} INFO - Processing /home/airflow/.local/lib/python3.7/site-packages/airflow/example_dags/example_task_group_decorator.py took 0.326 seconds
[2022-07-06 18:55:45,165] {processor.py:153} INFO - Started process (PID=2366) to work on /home/airflow/.local/lib/python3.7/site-packages/airflow/example_dags/example_task_group_decorator.py
[2022-07-06 18:55:45,168] {processor.py:641} INFO - Processing file /home/airflow/.local/lib/python3.7/site-packages/airflow/example_dags/example_task_group_decorator.py for tasks to queue
[2022-07-06 18:55:45,170] {logging_mixin.py:115} INFO - [2022-07-06 18:55:45,170] {dagbag.py:507} INFO - Filling up the DagBag from /home/airflow/.local/lib/python3.7/site-packages/airflow/example_dags/example_task_group_decorator.py
[2022-07-06 18:55:45,222] {processor.py:651} INFO - DAG(s) dict_keys(['example_task_group_decorator']) retrieved from /home/airflow/.local/lib/python3.7/site-packages/airflow/example_dags/example_task_group_decorator.py
[2022-07-06 18:55:45,815] {logging_mixin.py:115} INFO - [2022-07-06 18:55:45,814] {dag.py:2371} INFO - Sync 1 DAGs
[2022-07-06 18:55:45,863] {logging_mixin.py:115} INFO - [2022-07-06 18:55:45,863] {dag.py:2919} INFO - Setting next_dagrun for example_task_group_decorator to 2022-07-05T18:55:45.863499+00:00, run_after=2022-07-06T18:55:45.863499+00:00
[2022-07-06 18:55:45,896] {processor.py:161} INFO - Processing /home/airflow/.local/lib/python3.7/site-packages/airflow/example_dags/example_task_group_decorator.py took 0.738 seconds
[2022-07-06 18:56:16,447] {processor.py:153} INFO - Started process (PID=2426) to work on /home/airflow/.local/lib/python3.7/site-packages/airflow/example_dags/example_task_group_decorator.py
[2022-07-06 18:56:16,448] {processor.py:641} INFO - Processing file /home/airflow/.local/lib/python3.7/site-packages/airflow/example_dags/example_task_group_decorator.py for tasks to queue
[2022-07-06 18:56:16,449] {logging_mixin.py:115} INFO - [2022-07-06 18:56:16,449] {dagbag.py:507} INFO - Filling up the DagBag from /home/airflow/.local/lib/python3.7/site-packages/airflow/example_dags/example_task_group_decorator.py
[2022-07-06 18:56:16,483] {processor.py:651} INFO - DAG(s) dict_keys(['example_task_group_decorator']) retrieved from /home/airflow/.local/lib/python3.7/site-packages/airflow/example_dags/example_task_group_decorator.py
[2022-07-06 18:56:16,766] {logging_mixin.py:115} INFO - [2022-07-06 18:56:16,766] {dag.py:2371} INFO - Sync 1 DAGs
[2022-07-06 18:56:16,807] {logging_mixin.py:115} INFO - [2022-07-06 18:56:16,807] {dag.py:2919} INFO - Setting next_dagrun for example_task_group_decorator to 2022-07-05T18:56:16.807167+00:00, run_after=2022-07-06T18:56:16.807167+00:00
[2022-07-06 18:56:16,827] {processor.py:161} INFO - Processing /home/airflow/.local/lib/python3.7/site-packages/airflow/example_dags/example_task_group_decorator.py took 0.385 seconds
[2022-07-06 18:56:46,942] {processor.py:153} INFO - Started process (PID=2480) to work on /home/airflow/.local/lib/python3.7/site-packages/airflow/example_dags/example_task_group_decorator.py
[2022-07-06 18:56:46,944] {processor.py:641} INFO - Processing file /home/airflow/.local/lib/python3.7/site-packages/airflow/example_dags/example_task_group_decorator.py for tasks to queue
[2022-07-06 18:56:46,947] {logging_mixin.py:115} INFO - [2022-07-06 18:56:46,947] {dagbag.py:507} INFO - Filling up the DagBag from /home/airflow/.local/lib/python3.7/site-packages/airflow/example_dags/example_task_group_decorator.py
[2022-07-06 18:56:47,046] {processor.py:651} INFO - DAG(s) dict_keys(['example_task_group_decorator']) retrieved from /home/airflow/.local/lib/python3.7/site-packages/airflow/example_dags/example_task_group_decorator.py
[2022-07-06 18:56:47,681] {logging_mixin.py:115} INFO - [2022-07-06 18:56:47,681] {dag.py:2371} INFO - Sync 1 DAGs
[2022-07-06 18:56:47,753] {logging_mixin.py:115} INFO - [2022-07-06 18:56:47,753] {dag.py:2919} INFO - Setting next_dagrun for example_task_group_decorator to 2022-07-05T18:56:47.752809+00:00, run_after=2022-07-06T18:56:47.752809+00:00
[2022-07-06 18:56:47,790] {processor.py:161} INFO - Processing /home/airflow/.local/lib/python3.7/site-packages/airflow/example_dags/example_task_group_decorator.py took 0.855 seconds
[2022-07-06 18:57:18,728] {processor.py:153} INFO - Started process (PID=2533) to work on /home/airflow/.local/lib/python3.7/site-packages/airflow/example_dags/example_task_group_decorator.py
[2022-07-06 18:57:18,730] {processor.py:641} INFO - Processing file /home/airflow/.local/lib/python3.7/site-packages/airflow/example_dags/example_task_group_decorator.py for tasks to queue
[2022-07-06 18:57:18,732] {logging_mixin.py:115} INFO - [2022-07-06 18:57:18,732] {dagbag.py:507} INFO - Filling up the DagBag from /home/airflow/.local/lib/python3.7/site-packages/airflow/example_dags/example_task_group_decorator.py
[2022-07-06 18:57:18,775] {processor.py:651} INFO - DAG(s) dict_keys(['example_task_group_decorator']) retrieved from /home/airflow/.local/lib/python3.7/site-packages/airflow/example_dags/example_task_group_decorator.py
[2022-07-06 18:57:19,218] {logging_mixin.py:115} INFO - [2022-07-06 18:57:19,218] {dag.py:2371} INFO - Sync 1 DAGs
[2022-07-06 18:57:19,268] {logging_mixin.py:115} INFO - [2022-07-06 18:57:19,268] {dag.py:2919} INFO - Setting next_dagrun for example_task_group_decorator to 2022-07-05T18:57:19.267858+00:00, run_after=2022-07-06T18:57:19.267858+00:00
[2022-07-06 18:57:19,306] {processor.py:161} INFO - Processing /home/airflow/.local/lib/python3.7/site-packages/airflow/example_dags/example_task_group_decorator.py took 0.585 seconds
[2022-07-06 18:57:50,152] {processor.py:153} INFO - Started process (PID=2596) to work on /home/airflow/.local/lib/python3.7/site-packages/airflow/example_dags/example_task_group_decorator.py
[2022-07-06 18:57:50,155] {processor.py:641} INFO - Processing file /home/airflow/.local/lib/python3.7/site-packages/airflow/example_dags/example_task_group_decorator.py for tasks to queue
[2022-07-06 18:57:50,160] {logging_mixin.py:115} INFO - [2022-07-06 18:57:50,159] {dagbag.py:507} INFO - Filling up the DagBag from /home/airflow/.local/lib/python3.7/site-packages/airflow/example_dags/example_task_group_decorator.py
[2022-07-06 18:57:50,234] {processor.py:651} INFO - DAG(s) dict_keys(['example_task_group_decorator']) retrieved from /home/airflow/.local/lib/python3.7/site-packages/airflow/example_dags/example_task_group_decorator.py
[2022-07-06 18:57:50,572] {logging_mixin.py:115} INFO - [2022-07-06 18:57:50,572] {dag.py:2371} INFO - Sync 1 DAGs
[2022-07-06 18:57:50,630] {logging_mixin.py:115} INFO - [2022-07-06 18:57:50,629] {dag.py:2919} INFO - Setting next_dagrun for example_task_group_decorator to 2022-07-05T18:57:50.629088+00:00, run_after=2022-07-06T18:57:50.629088+00:00
[2022-07-06 18:57:50,729] {processor.py:161} INFO - Processing /home/airflow/.local/lib/python3.7/site-packages/airflow/example_dags/example_task_group_decorator.py took 0.584 seconds
[2022-07-06 18:58:20,888] {processor.py:153} INFO - Started process (PID=2650) to work on /home/airflow/.local/lib/python3.7/site-packages/airflow/example_dags/example_task_group_decorator.py
[2022-07-06 18:58:20,891] {processor.py:641} INFO - Processing file /home/airflow/.local/lib/python3.7/site-packages/airflow/example_dags/example_task_group_decorator.py for tasks to queue
[2022-07-06 18:58:20,892] {logging_mixin.py:115} INFO - [2022-07-06 18:58:20,892] {dagbag.py:507} INFO - Filling up the DagBag from /home/airflow/.local/lib/python3.7/site-packages/airflow/example_dags/example_task_group_decorator.py
[2022-07-06 18:58:20,927] {processor.py:651} INFO - DAG(s) dict_keys(['example_task_group_decorator']) retrieved from /home/airflow/.local/lib/python3.7/site-packages/airflow/example_dags/example_task_group_decorator.py
[2022-07-06 18:58:20,963] {logging_mixin.py:115} INFO - [2022-07-06 18:58:20,963] {dag.py:2371} INFO - Sync 1 DAGs
[2022-07-06 18:58:20,994] {logging_mixin.py:115} INFO - [2022-07-06 18:58:20,994] {dag.py:2919} INFO - Setting next_dagrun for example_task_group_decorator to 2022-07-05T18:58:20.993666+00:00, run_after=2022-07-06T18:58:20.993666+00:00
[2022-07-06 18:58:21,119] {processor.py:161} INFO - Processing /home/airflow/.local/lib/python3.7/site-packages/airflow/example_dags/example_task_group_decorator.py took 0.258 seconds
[2022-07-06 18:58:51,166] {processor.py:153} INFO - Started process (PID=2713) to work on /home/airflow/.local/lib/python3.7/site-packages/airflow/example_dags/example_task_group_decorator.py
[2022-07-06 18:58:51,167] {processor.py:641} INFO - Processing file /home/airflow/.local/lib/python3.7/site-packages/airflow/example_dags/example_task_group_decorator.py for tasks to queue
[2022-07-06 18:58:51,169] {logging_mixin.py:115} INFO - [2022-07-06 18:58:51,169] {dagbag.py:507} INFO - Filling up the DagBag from /home/airflow/.local/lib/python3.7/site-packages/airflow/example_dags/example_task_group_decorator.py
[2022-07-06 18:58:51,205] {processor.py:651} INFO - DAG(s) dict_keys(['example_task_group_decorator']) retrieved from /home/airflow/.local/lib/python3.7/site-packages/airflow/example_dags/example_task_group_decorator.py
[2022-07-06 18:58:51,417] {logging_mixin.py:115} INFO - [2022-07-06 18:58:51,417] {dag.py:2371} INFO - Sync 1 DAGs
[2022-07-06 18:58:51,448] {logging_mixin.py:115} INFO - [2022-07-06 18:58:51,447] {dag.py:2919} INFO - Setting next_dagrun for example_task_group_decorator to 2022-07-05T18:58:51.446140+00:00, run_after=2022-07-06T18:58:51.446140+00:00
[2022-07-06 18:58:51,464] {processor.py:161} INFO - Processing /home/airflow/.local/lib/python3.7/site-packages/airflow/example_dags/example_task_group_decorator.py took 0.303 seconds
[2022-07-06 18:59:22,193] {processor.py:153} INFO - Started process (PID=2777) to work on /home/airflow/.local/lib/python3.7/site-packages/airflow/example_dags/example_task_group_decorator.py
[2022-07-06 18:59:22,194] {processor.py:641} INFO - Processing file /home/airflow/.local/lib/python3.7/site-packages/airflow/example_dags/example_task_group_decorator.py for tasks to queue
[2022-07-06 18:59:22,196] {logging_mixin.py:115} INFO - [2022-07-06 18:59:22,196] {dagbag.py:507} INFO - Filling up the DagBag from /home/airflow/.local/lib/python3.7/site-packages/airflow/example_dags/example_task_group_decorator.py
[2022-07-06 18:59:22,231] {processor.py:651} INFO - DAG(s) dict_keys(['example_task_group_decorator']) retrieved from /home/airflow/.local/lib/python3.7/site-packages/airflow/example_dags/example_task_group_decorator.py
[2022-07-06 18:59:22,473] {logging_mixin.py:115} INFO - [2022-07-06 18:59:22,473] {dag.py:2371} INFO - Sync 1 DAGs
[2022-07-06 18:59:22,512] {logging_mixin.py:115} INFO - [2022-07-06 18:59:22,512] {dag.py:2919} INFO - Setting next_dagrun for example_task_group_decorator to 2022-07-05T18:59:22.511949+00:00, run_after=2022-07-06T18:59:22.511949+00:00
[2022-07-06 18:59:22,546] {processor.py:161} INFO - Processing /home/airflow/.local/lib/python3.7/site-packages/airflow/example_dags/example_task_group_decorator.py took 0.358 seconds
[2022-07-06 18:59:53,247] {processor.py:153} INFO - Started process (PID=2832) to work on /home/airflow/.local/lib/python3.7/site-packages/airflow/example_dags/example_task_group_decorator.py
[2022-07-06 18:59:53,249] {processor.py:641} INFO - Processing file /home/airflow/.local/lib/python3.7/site-packages/airflow/example_dags/example_task_group_decorator.py for tasks to queue
[2022-07-06 18:59:53,250] {logging_mixin.py:115} INFO - [2022-07-06 18:59:53,250] {dagbag.py:507} INFO - Filling up the DagBag from /home/airflow/.local/lib/python3.7/site-packages/airflow/example_dags/example_task_group_decorator.py
[2022-07-06 18:59:53,293] {processor.py:651} INFO - DAG(s) dict_keys(['example_task_group_decorator']) retrieved from /home/airflow/.local/lib/python3.7/site-packages/airflow/example_dags/example_task_group_decorator.py
[2022-07-06 18:59:53,642] {logging_mixin.py:115} INFO - [2022-07-06 18:59:53,642] {dag.py:2371} INFO - Sync 1 DAGs
[2022-07-06 18:59:53,676] {logging_mixin.py:115} INFO - [2022-07-06 18:59:53,676] {dag.py:2919} INFO - Setting next_dagrun for example_task_group_decorator to 2022-07-05T18:59:53.675606+00:00, run_after=2022-07-06T18:59:53.675606+00:00
[2022-07-06 18:59:53,699] {processor.py:161} INFO - Processing /home/airflow/.local/lib/python3.7/site-packages/airflow/example_dags/example_task_group_decorator.py took 0.460 seconds
[2022-07-06 19:00:24,502] {processor.py:153} INFO - Started process (PID=2898) to work on /home/airflow/.local/lib/python3.7/site-packages/airflow/example_dags/example_task_group_decorator.py
[2022-07-06 19:00:24,504] {processor.py:641} INFO - Processing file /home/airflow/.local/lib/python3.7/site-packages/airflow/example_dags/example_task_group_decorator.py for tasks to queue
[2022-07-06 19:00:24,506] {logging_mixin.py:115} INFO - [2022-07-06 19:00:24,506] {dagbag.py:507} INFO - Filling up the DagBag from /home/airflow/.local/lib/python3.7/site-packages/airflow/example_dags/example_task_group_decorator.py
[2022-07-06 19:00:24,544] {processor.py:651} INFO - DAG(s) dict_keys(['example_task_group_decorator']) retrieved from /home/airflow/.local/lib/python3.7/site-packages/airflow/example_dags/example_task_group_decorator.py
[2022-07-06 19:00:24,765] {logging_mixin.py:115} INFO - [2022-07-06 19:00:24,765] {dag.py:2371} INFO - Sync 1 DAGs
[2022-07-06 19:00:24,805] {logging_mixin.py:115} INFO - [2022-07-06 19:00:24,805] {dag.py:2919} INFO - Setting next_dagrun for example_task_group_decorator to 2022-07-05T19:00:24.805050+00:00, run_after=2022-07-06T19:00:24.805050+00:00
[2022-07-06 19:00:24,829] {processor.py:161} INFO - Processing /home/airflow/.local/lib/python3.7/site-packages/airflow/example_dags/example_task_group_decorator.py took 0.333 seconds
[2022-07-06 19:00:54,925] {processor.py:153} INFO - Started process (PID=2961) to work on /home/airflow/.local/lib/python3.7/site-packages/airflow/example_dags/example_task_group_decorator.py
[2022-07-06 19:00:54,927] {processor.py:641} INFO - Processing file /home/airflow/.local/lib/python3.7/site-packages/airflow/example_dags/example_task_group_decorator.py for tasks to queue
[2022-07-06 19:00:54,928] {logging_mixin.py:115} INFO - [2022-07-06 19:00:54,928] {dagbag.py:507} INFO - Filling up the DagBag from /home/airflow/.local/lib/python3.7/site-packages/airflow/example_dags/example_task_group_decorator.py
[2022-07-06 19:00:54,966] {processor.py:651} INFO - DAG(s) dict_keys(['example_task_group_decorator']) retrieved from /home/airflow/.local/lib/python3.7/site-packages/airflow/example_dags/example_task_group_decorator.py
[2022-07-06 19:00:55,007] {logging_mixin.py:115} INFO - [2022-07-06 19:00:55,007] {dag.py:2371} INFO - Sync 1 DAGs
[2022-07-06 19:00:55,039] {logging_mixin.py:115} INFO - [2022-07-06 19:00:55,039] {dag.py:2919} INFO - Setting next_dagrun for example_task_group_decorator to 2022-07-05T19:00:55.039151+00:00, run_after=2022-07-06T19:00:55.039151+00:00
[2022-07-06 19:00:55,181] {processor.py:161} INFO - Processing /home/airflow/.local/lib/python3.7/site-packages/airflow/example_dags/example_task_group_decorator.py took 0.261 seconds
[2022-07-06 19:01:25,706] {processor.py:153} INFO - Started process (PID=3016) to work on /home/airflow/.local/lib/python3.7/site-packages/airflow/example_dags/example_task_group_decorator.py
[2022-07-06 19:01:25,707] {processor.py:641} INFO - Processing file /home/airflow/.local/lib/python3.7/site-packages/airflow/example_dags/example_task_group_decorator.py for tasks to queue
[2022-07-06 19:01:25,708] {logging_mixin.py:115} INFO - [2022-07-06 19:01:25,708] {dagbag.py:507} INFO - Filling up the DagBag from /home/airflow/.local/lib/python3.7/site-packages/airflow/example_dags/example_task_group_decorator.py
[2022-07-06 19:01:25,741] {processor.py:651} INFO - DAG(s) dict_keys(['example_task_group_decorator']) retrieved from /home/airflow/.local/lib/python3.7/site-packages/airflow/example_dags/example_task_group_decorator.py
[2022-07-06 19:01:25,950] {logging_mixin.py:115} INFO - [2022-07-06 19:01:25,950] {dag.py:2371} INFO - Sync 1 DAGs
[2022-07-06 19:01:25,974] {logging_mixin.py:115} INFO - [2022-07-06 19:01:25,974] {dag.py:2919} INFO - Setting next_dagrun for example_task_group_decorator to 2022-07-05T19:01:25.974107+00:00, run_after=2022-07-06T19:01:25.974107+00:00
[2022-07-06 19:01:25,991] {processor.py:161} INFO - Processing /home/airflow/.local/lib/python3.7/site-packages/airflow/example_dags/example_task_group_decorator.py took 0.289 seconds
