[2022-07-06 18:36:14,023] {processor.py:153} INFO - Started process (PID=69) to work on /home/airflow/.local/lib/python3.7/site-packages/airflow/example_dags/example_branch_day_of_week_operator.py
[2022-07-06 18:36:14,026] {processor.py:641} INFO - Processing file /home/airflow/.local/lib/python3.7/site-packages/airflow/example_dags/example_branch_day_of_week_operator.py for tasks to queue
[2022-07-06 18:36:14,031] {logging_mixin.py:115} INFO - [2022-07-06 18:36:14,030] {dagbag.py:507} INFO - Filling up the DagBag from /home/airflow/.local/lib/python3.7/site-packages/airflow/example_dags/example_branch_day_of_week_operator.py
[2022-07-06 18:36:14,066] {processor.py:651} INFO - DAG(s) dict_keys(['example_weekday_branch_operator']) retrieved from /home/airflow/.local/lib/python3.7/site-packages/airflow/example_dags/example_branch_day_of_week_operator.py
[2022-07-06 18:36:14,124] {logging_mixin.py:115} INFO - [2022-07-06 18:36:14,124] {dag.py:2371} INFO - Sync 1 DAGs
[2022-07-06 18:36:14,173] {logging_mixin.py:115} INFO - [2022-07-06 18:36:14,173] {dag.py:2919} INFO - Setting next_dagrun for example_weekday_branch_operator to 2022-07-05T00:00:00+00:00, run_after=2022-07-06T00:00:00+00:00
[2022-07-06 18:36:14,195] {processor.py:161} INFO - Processing /home/airflow/.local/lib/python3.7/site-packages/airflow/example_dags/example_branch_day_of_week_operator.py took 0.179 seconds
[2022-07-06 18:36:44,441] {processor.py:153} INFO - Started process (PID=132) to work on /home/airflow/.local/lib/python3.7/site-packages/airflow/example_dags/example_branch_day_of_week_operator.py
[2022-07-06 18:36:44,442] {processor.py:641} INFO - Processing file /home/airflow/.local/lib/python3.7/site-packages/airflow/example_dags/example_branch_day_of_week_operator.py for tasks to queue
[2022-07-06 18:36:44,444] {logging_mixin.py:115} INFO - [2022-07-06 18:36:44,444] {dagbag.py:507} INFO - Filling up the DagBag from /home/airflow/.local/lib/python3.7/site-packages/airflow/example_dags/example_branch_day_of_week_operator.py
[2022-07-06 18:36:44,457] {processor.py:651} INFO - DAG(s) dict_keys(['example_weekday_branch_operator']) retrieved from /home/airflow/.local/lib/python3.7/site-packages/airflow/example_dags/example_branch_day_of_week_operator.py
[2022-07-06 18:36:44,496] {logging_mixin.py:115} INFO - [2022-07-06 18:36:44,496] {dag.py:2371} INFO - Sync 1 DAGs
[2022-07-06 18:36:44,542] {logging_mixin.py:115} INFO - [2022-07-06 18:36:44,541] {dag.py:2919} INFO - Setting next_dagrun for example_weekday_branch_operator to 2022-07-05T00:00:00+00:00, run_after=2022-07-06T00:00:00+00:00
[2022-07-06 18:36:44,559] {processor.py:161} INFO - Processing /home/airflow/.local/lib/python3.7/site-packages/airflow/example_dags/example_branch_day_of_week_operator.py took 0.124 seconds
[2022-07-06 18:37:14,933] {processor.py:153} INFO - Started process (PID=185) to work on /home/airflow/.local/lib/python3.7/site-packages/airflow/example_dags/example_branch_day_of_week_operator.py
[2022-07-06 18:37:14,935] {processor.py:641} INFO - Processing file /home/airflow/.local/lib/python3.7/site-packages/airflow/example_dags/example_branch_day_of_week_operator.py for tasks to queue
[2022-07-06 18:37:14,936] {logging_mixin.py:115} INFO - [2022-07-06 18:37:14,936] {dagbag.py:507} INFO - Filling up the DagBag from /home/airflow/.local/lib/python3.7/site-packages/airflow/example_dags/example_branch_day_of_week_operator.py
[2022-07-06 18:37:14,947] {processor.py:651} INFO - DAG(s) dict_keys(['example_weekday_branch_operator']) retrieved from /home/airflow/.local/lib/python3.7/site-packages/airflow/example_dags/example_branch_day_of_week_operator.py
[2022-07-06 18:37:14,986] {logging_mixin.py:115} INFO - [2022-07-06 18:37:14,985] {dag.py:2371} INFO - Sync 1 DAGs
[2022-07-06 18:37:15,024] {logging_mixin.py:115} INFO - [2022-07-06 18:37:15,024] {dag.py:2919} INFO - Setting next_dagrun for example_weekday_branch_operator to 2022-07-05T00:00:00+00:00, run_after=2022-07-06T00:00:00+00:00
[2022-07-06 18:37:15,043] {processor.py:161} INFO - Processing /home/airflow/.local/lib/python3.7/site-packages/airflow/example_dags/example_branch_day_of_week_operator.py took 0.113 seconds
[2022-07-06 18:37:45,261] {processor.py:153} INFO - Started process (PID=249) to work on /home/airflow/.local/lib/python3.7/site-packages/airflow/example_dags/example_branch_day_of_week_operator.py
[2022-07-06 18:37:45,262] {processor.py:641} INFO - Processing file /home/airflow/.local/lib/python3.7/site-packages/airflow/example_dags/example_branch_day_of_week_operator.py for tasks to queue
[2022-07-06 18:37:45,263] {logging_mixin.py:115} INFO - [2022-07-06 18:37:45,263] {dagbag.py:507} INFO - Filling up the DagBag from /home/airflow/.local/lib/python3.7/site-packages/airflow/example_dags/example_branch_day_of_week_operator.py
[2022-07-06 18:37:45,278] {processor.py:651} INFO - DAG(s) dict_keys(['example_weekday_branch_operator']) retrieved from /home/airflow/.local/lib/python3.7/site-packages/airflow/example_dags/example_branch_day_of_week_operator.py
[2022-07-06 18:37:45,316] {logging_mixin.py:115} INFO - [2022-07-06 18:37:45,316] {dag.py:2371} INFO - Sync 1 DAGs
[2022-07-06 18:37:45,355] {logging_mixin.py:115} INFO - [2022-07-06 18:37:45,354] {dag.py:2919} INFO - Setting next_dagrun for example_weekday_branch_operator to 2022-07-05T00:00:00+00:00, run_after=2022-07-06T00:00:00+00:00
[2022-07-06 18:37:45,370] {processor.py:161} INFO - Processing /home/airflow/.local/lib/python3.7/site-packages/airflow/example_dags/example_branch_day_of_week_operator.py took 0.116 seconds
[2022-07-06 18:38:16,230] {processor.py:153} INFO - Started process (PID=314) to work on /home/airflow/.local/lib/python3.7/site-packages/airflow/example_dags/example_branch_day_of_week_operator.py
[2022-07-06 18:38:16,231] {processor.py:641} INFO - Processing file /home/airflow/.local/lib/python3.7/site-packages/airflow/example_dags/example_branch_day_of_week_operator.py for tasks to queue
[2022-07-06 18:38:16,233] {logging_mixin.py:115} INFO - [2022-07-06 18:38:16,233] {dagbag.py:507} INFO - Filling up the DagBag from /home/airflow/.local/lib/python3.7/site-packages/airflow/example_dags/example_branch_day_of_week_operator.py
[2022-07-06 18:38:16,244] {processor.py:651} INFO - DAG(s) dict_keys(['example_weekday_branch_operator']) retrieved from /home/airflow/.local/lib/python3.7/site-packages/airflow/example_dags/example_branch_day_of_week_operator.py
[2022-07-06 18:38:16,282] {logging_mixin.py:115} INFO - [2022-07-06 18:38:16,282] {dag.py:2371} INFO - Sync 1 DAGs
[2022-07-06 18:38:16,314] {logging_mixin.py:115} INFO - [2022-07-06 18:38:16,314] {dag.py:2919} INFO - Setting next_dagrun for example_weekday_branch_operator to 2022-07-05T00:00:00+00:00, run_after=2022-07-06T00:00:00+00:00
[2022-07-06 18:38:16,337] {processor.py:161} INFO - Processing /home/airflow/.local/lib/python3.7/site-packages/airflow/example_dags/example_branch_day_of_week_operator.py took 0.113 seconds
[2022-07-06 18:38:47,121] {processor.py:153} INFO - Started process (PID=367) to work on /home/airflow/.local/lib/python3.7/site-packages/airflow/example_dags/example_branch_day_of_week_operator.py
[2022-07-06 18:38:47,123] {processor.py:641} INFO - Processing file /home/airflow/.local/lib/python3.7/site-packages/airflow/example_dags/example_branch_day_of_week_operator.py for tasks to queue
[2022-07-06 18:38:47,126] {logging_mixin.py:115} INFO - [2022-07-06 18:38:47,125] {dagbag.py:507} INFO - Filling up the DagBag from /home/airflow/.local/lib/python3.7/site-packages/airflow/example_dags/example_branch_day_of_week_operator.py
[2022-07-06 18:38:47,140] {processor.py:651} INFO - DAG(s) dict_keys(['example_weekday_branch_operator']) retrieved from /home/airflow/.local/lib/python3.7/site-packages/airflow/example_dags/example_branch_day_of_week_operator.py
[2022-07-06 18:38:47,181] {logging_mixin.py:115} INFO - [2022-07-06 18:38:47,180] {dag.py:2371} INFO - Sync 1 DAGs
[2022-07-06 18:38:47,214] {logging_mixin.py:115} INFO - [2022-07-06 18:38:47,214] {dag.py:2919} INFO - Setting next_dagrun for example_weekday_branch_operator to 2022-07-05T00:00:00+00:00, run_after=2022-07-06T00:00:00+00:00
[2022-07-06 18:38:47,229] {processor.py:161} INFO - Processing /home/airflow/.local/lib/python3.7/site-packages/airflow/example_dags/example_branch_day_of_week_operator.py took 0.114 seconds
[2022-07-06 18:39:17,485] {processor.py:153} INFO - Started process (PID=432) to work on /home/airflow/.local/lib/python3.7/site-packages/airflow/example_dags/example_branch_day_of_week_operator.py
[2022-07-06 18:39:17,486] {processor.py:641} INFO - Processing file /home/airflow/.local/lib/python3.7/site-packages/airflow/example_dags/example_branch_day_of_week_operator.py for tasks to queue
[2022-07-06 18:39:17,487] {logging_mixin.py:115} INFO - [2022-07-06 18:39:17,487] {dagbag.py:507} INFO - Filling up the DagBag from /home/airflow/.local/lib/python3.7/site-packages/airflow/example_dags/example_branch_day_of_week_operator.py
[2022-07-06 18:39:17,498] {processor.py:651} INFO - DAG(s) dict_keys(['example_weekday_branch_operator']) retrieved from /home/airflow/.local/lib/python3.7/site-packages/airflow/example_dags/example_branch_day_of_week_operator.py
[2022-07-06 18:39:17,535] {logging_mixin.py:115} INFO - [2022-07-06 18:39:17,535] {dag.py:2371} INFO - Sync 1 DAGs
[2022-07-06 18:39:17,565] {logging_mixin.py:115} INFO - [2022-07-06 18:39:17,565] {dag.py:2919} INFO - Setting next_dagrun for example_weekday_branch_operator to 2022-07-05T00:00:00+00:00, run_after=2022-07-06T00:00:00+00:00
[2022-07-06 18:39:17,580] {processor.py:161} INFO - Processing /home/airflow/.local/lib/python3.7/site-packages/airflow/example_dags/example_branch_day_of_week_operator.py took 0.100 seconds
[2022-07-06 18:39:47,774] {processor.py:153} INFO - Started process (PID=493) to work on /home/airflow/.local/lib/python3.7/site-packages/airflow/example_dags/example_branch_day_of_week_operator.py
[2022-07-06 18:39:47,777] {processor.py:641} INFO - Processing file /home/airflow/.local/lib/python3.7/site-packages/airflow/example_dags/example_branch_day_of_week_operator.py for tasks to queue
[2022-07-06 18:39:47,779] {logging_mixin.py:115} INFO - [2022-07-06 18:39:47,779] {dagbag.py:507} INFO - Filling up the DagBag from /home/airflow/.local/lib/python3.7/site-packages/airflow/example_dags/example_branch_day_of_week_operator.py
[2022-07-06 18:39:47,797] {processor.py:651} INFO - DAG(s) dict_keys(['example_weekday_branch_operator']) retrieved from /home/airflow/.local/lib/python3.7/site-packages/airflow/example_dags/example_branch_day_of_week_operator.py
[2022-07-06 18:39:47,847] {logging_mixin.py:115} INFO - [2022-07-06 18:39:47,847] {dag.py:2371} INFO - Sync 1 DAGs
[2022-07-06 18:39:47,879] {logging_mixin.py:115} INFO - [2022-07-06 18:39:47,879] {dag.py:2919} INFO - Setting next_dagrun for example_weekday_branch_operator to 2022-07-05T00:00:00+00:00, run_after=2022-07-06T00:00:00+00:00
[2022-07-06 18:39:47,897] {processor.py:161} INFO - Processing /home/airflow/.local/lib/python3.7/site-packages/airflow/example_dags/example_branch_day_of_week_operator.py took 0.129 seconds
[2022-07-06 18:40:18,252] {processor.py:153} INFO - Started process (PID=548) to work on /home/airflow/.local/lib/python3.7/site-packages/airflow/example_dags/example_branch_day_of_week_operator.py
[2022-07-06 18:40:18,254] {processor.py:641} INFO - Processing file /home/airflow/.local/lib/python3.7/site-packages/airflow/example_dags/example_branch_day_of_week_operator.py for tasks to queue
[2022-07-06 18:40:18,256] {logging_mixin.py:115} INFO - [2022-07-06 18:40:18,256] {dagbag.py:507} INFO - Filling up the DagBag from /home/airflow/.local/lib/python3.7/site-packages/airflow/example_dags/example_branch_day_of_week_operator.py
[2022-07-06 18:40:18,270] {processor.py:651} INFO - DAG(s) dict_keys(['example_weekday_branch_operator']) retrieved from /home/airflow/.local/lib/python3.7/site-packages/airflow/example_dags/example_branch_day_of_week_operator.py
[2022-07-06 18:40:18,305] {logging_mixin.py:115} INFO - [2022-07-06 18:40:18,305] {dag.py:2371} INFO - Sync 1 DAGs
[2022-07-06 18:40:18,338] {logging_mixin.py:115} INFO - [2022-07-06 18:40:18,338] {dag.py:2919} INFO - Setting next_dagrun for example_weekday_branch_operator to 2022-07-05T00:00:00+00:00, run_after=2022-07-06T00:00:00+00:00
[2022-07-06 18:40:18,354] {processor.py:161} INFO - Processing /home/airflow/.local/lib/python3.7/site-packages/airflow/example_dags/example_branch_day_of_week_operator.py took 0.108 seconds
[2022-07-06 18:40:48,585] {processor.py:153} INFO - Started process (PID=612) to work on /home/airflow/.local/lib/python3.7/site-packages/airflow/example_dags/example_branch_day_of_week_operator.py
[2022-07-06 18:40:48,586] {processor.py:641} INFO - Processing file /home/airflow/.local/lib/python3.7/site-packages/airflow/example_dags/example_branch_day_of_week_operator.py for tasks to queue
[2022-07-06 18:40:48,588] {logging_mixin.py:115} INFO - [2022-07-06 18:40:48,587] {dagbag.py:507} INFO - Filling up the DagBag from /home/airflow/.local/lib/python3.7/site-packages/airflow/example_dags/example_branch_day_of_week_operator.py
[2022-07-06 18:40:48,598] {processor.py:651} INFO - DAG(s) dict_keys(['example_weekday_branch_operator']) retrieved from /home/airflow/.local/lib/python3.7/site-packages/airflow/example_dags/example_branch_day_of_week_operator.py
[2022-07-06 18:40:48,636] {logging_mixin.py:115} INFO - [2022-07-06 18:40:48,635] {dag.py:2371} INFO - Sync 1 DAGs
[2022-07-06 18:40:48,682] {logging_mixin.py:115} INFO - [2022-07-06 18:40:48,682] {dag.py:2919} INFO - Setting next_dagrun for example_weekday_branch_operator to 2022-07-05T00:00:00+00:00, run_after=2022-07-06T00:00:00+00:00
[2022-07-06 18:40:48,697] {processor.py:161} INFO - Processing /home/airflow/.local/lib/python3.7/site-packages/airflow/example_dags/example_branch_day_of_week_operator.py took 0.118 seconds
[2022-07-06 18:41:19,055] {processor.py:153} INFO - Started process (PID=667) to work on /home/airflow/.local/lib/python3.7/site-packages/airflow/example_dags/example_branch_day_of_week_operator.py
[2022-07-06 18:41:19,057] {processor.py:641} INFO - Processing file /home/airflow/.local/lib/python3.7/site-packages/airflow/example_dags/example_branch_day_of_week_operator.py for tasks to queue
[2022-07-06 18:41:19,058] {logging_mixin.py:115} INFO - [2022-07-06 18:41:19,058] {dagbag.py:507} INFO - Filling up the DagBag from /home/airflow/.local/lib/python3.7/site-packages/airflow/example_dags/example_branch_day_of_week_operator.py
[2022-07-06 18:41:19,074] {processor.py:651} INFO - DAG(s) dict_keys(['example_weekday_branch_operator']) retrieved from /home/airflow/.local/lib/python3.7/site-packages/airflow/example_dags/example_branch_day_of_week_operator.py
[2022-07-06 18:41:19,116] {logging_mixin.py:115} INFO - [2022-07-06 18:41:19,115] {dag.py:2371} INFO - Sync 1 DAGs
[2022-07-06 18:41:19,154] {logging_mixin.py:115} INFO - [2022-07-06 18:41:19,154] {dag.py:2919} INFO - Setting next_dagrun for example_weekday_branch_operator to 2022-07-05T00:00:00+00:00, run_after=2022-07-06T00:00:00+00:00
[2022-07-06 18:41:19,171] {processor.py:161} INFO - Processing /home/airflow/.local/lib/python3.7/site-packages/airflow/example_dags/example_branch_day_of_week_operator.py took 0.121 seconds
[2022-07-06 18:41:50,139] {processor.py:153} INFO - Started process (PID=733) to work on /home/airflow/.local/lib/python3.7/site-packages/airflow/example_dags/example_branch_day_of_week_operator.py
[2022-07-06 18:41:50,141] {processor.py:641} INFO - Processing file /home/airflow/.local/lib/python3.7/site-packages/airflow/example_dags/example_branch_day_of_week_operator.py for tasks to queue
[2022-07-06 18:41:50,142] {logging_mixin.py:115} INFO - [2022-07-06 18:41:50,142] {dagbag.py:507} INFO - Filling up the DagBag from /home/airflow/.local/lib/python3.7/site-packages/airflow/example_dags/example_branch_day_of_week_operator.py
[2022-07-06 18:41:50,153] {processor.py:651} INFO - DAG(s) dict_keys(['example_weekday_branch_operator']) retrieved from /home/airflow/.local/lib/python3.7/site-packages/airflow/example_dags/example_branch_day_of_week_operator.py
[2022-07-06 18:41:50,197] {logging_mixin.py:115} INFO - [2022-07-06 18:41:50,196] {dag.py:2371} INFO - Sync 1 DAGs
[2022-07-06 18:41:50,230] {logging_mixin.py:115} INFO - [2022-07-06 18:41:50,230] {dag.py:2919} INFO - Setting next_dagrun for example_weekday_branch_operator to 2022-07-05T00:00:00+00:00, run_after=2022-07-06T00:00:00+00:00
[2022-07-06 18:41:50,248] {processor.py:161} INFO - Processing /home/airflow/.local/lib/python3.7/site-packages/airflow/example_dags/example_branch_day_of_week_operator.py took 0.113 seconds
[2022-07-06 18:42:21,139] {processor.py:153} INFO - Started process (PID=795) to work on /home/airflow/.local/lib/python3.7/site-packages/airflow/example_dags/example_branch_day_of_week_operator.py
[2022-07-06 18:42:21,140] {processor.py:641} INFO - Processing file /home/airflow/.local/lib/python3.7/site-packages/airflow/example_dags/example_branch_day_of_week_operator.py for tasks to queue
[2022-07-06 18:42:21,141] {logging_mixin.py:115} INFO - [2022-07-06 18:42:21,141] {dagbag.py:507} INFO - Filling up the DagBag from /home/airflow/.local/lib/python3.7/site-packages/airflow/example_dags/example_branch_day_of_week_operator.py
[2022-07-06 18:42:21,153] {processor.py:651} INFO - DAG(s) dict_keys(['example_weekday_branch_operator']) retrieved from /home/airflow/.local/lib/python3.7/site-packages/airflow/example_dags/example_branch_day_of_week_operator.py
[2022-07-06 18:42:21,189] {logging_mixin.py:115} INFO - [2022-07-06 18:42:21,189] {dag.py:2371} INFO - Sync 1 DAGs
[2022-07-06 18:42:21,224] {logging_mixin.py:115} INFO - [2022-07-06 18:42:21,224] {dag.py:2919} INFO - Setting next_dagrun for example_weekday_branch_operator to 2022-07-05T00:00:00+00:00, run_after=2022-07-06T00:00:00+00:00
[2022-07-06 18:42:21,245] {processor.py:161} INFO - Processing /home/airflow/.local/lib/python3.7/site-packages/airflow/example_dags/example_branch_day_of_week_operator.py took 0.110 seconds
[2022-07-06 18:42:51,895] {processor.py:153} INFO - Started process (PID=849) to work on /home/airflow/.local/lib/python3.7/site-packages/airflow/example_dags/example_branch_day_of_week_operator.py
[2022-07-06 18:42:51,896] {processor.py:641} INFO - Processing file /home/airflow/.local/lib/python3.7/site-packages/airflow/example_dags/example_branch_day_of_week_operator.py for tasks to queue
[2022-07-06 18:42:51,897] {logging_mixin.py:115} INFO - [2022-07-06 18:42:51,897] {dagbag.py:507} INFO - Filling up the DagBag from /home/airflow/.local/lib/python3.7/site-packages/airflow/example_dags/example_branch_day_of_week_operator.py
[2022-07-06 18:42:51,915] {processor.py:651} INFO - DAG(s) dict_keys(['example_weekday_branch_operator']) retrieved from /home/airflow/.local/lib/python3.7/site-packages/airflow/example_dags/example_branch_day_of_week_operator.py
[2022-07-06 18:42:51,949] {logging_mixin.py:115} INFO - [2022-07-06 18:42:51,949] {dag.py:2371} INFO - Sync 1 DAGs
[2022-07-06 18:42:51,982] {logging_mixin.py:115} INFO - [2022-07-06 18:42:51,982] {dag.py:2919} INFO - Setting next_dagrun for example_weekday_branch_operator to 2022-07-05T00:00:00+00:00, run_after=2022-07-06T00:00:00+00:00
[2022-07-06 18:42:52,000] {processor.py:161} INFO - Processing /home/airflow/.local/lib/python3.7/site-packages/airflow/example_dags/example_branch_day_of_week_operator.py took 0.109 seconds
[2022-07-06 18:43:22,681] {processor.py:153} INFO - Started process (PID=917) to work on /home/airflow/.local/lib/python3.7/site-packages/airflow/example_dags/example_branch_day_of_week_operator.py
[2022-07-06 18:43:22,683] {processor.py:641} INFO - Processing file /home/airflow/.local/lib/python3.7/site-packages/airflow/example_dags/example_branch_day_of_week_operator.py for tasks to queue
[2022-07-06 18:43:22,685] {logging_mixin.py:115} INFO - [2022-07-06 18:43:22,685] {dagbag.py:507} INFO - Filling up the DagBag from /home/airflow/.local/lib/python3.7/site-packages/airflow/example_dags/example_branch_day_of_week_operator.py
[2022-07-06 18:43:22,695] {processor.py:651} INFO - DAG(s) dict_keys(['example_weekday_branch_operator']) retrieved from /home/airflow/.local/lib/python3.7/site-packages/airflow/example_dags/example_branch_day_of_week_operator.py
[2022-07-06 18:43:22,728] {logging_mixin.py:115} INFO - [2022-07-06 18:43:22,728] {dag.py:2371} INFO - Sync 1 DAGs
[2022-07-06 18:43:22,759] {logging_mixin.py:115} INFO - [2022-07-06 18:43:22,759] {dag.py:2919} INFO - Setting next_dagrun for example_weekday_branch_operator to 2022-07-05T00:00:00+00:00, run_after=2022-07-06T00:00:00+00:00
[2022-07-06 18:43:22,774] {processor.py:161} INFO - Processing /home/airflow/.local/lib/python3.7/site-packages/airflow/example_dags/example_branch_day_of_week_operator.py took 0.098 seconds
[2022-07-06 18:43:53,486] {processor.py:153} INFO - Started process (PID=980) to work on /home/airflow/.local/lib/python3.7/site-packages/airflow/example_dags/example_branch_day_of_week_operator.py
[2022-07-06 18:43:53,488] {processor.py:641} INFO - Processing file /home/airflow/.local/lib/python3.7/site-packages/airflow/example_dags/example_branch_day_of_week_operator.py for tasks to queue
[2022-07-06 18:43:53,489] {logging_mixin.py:115} INFO - [2022-07-06 18:43:53,489] {dagbag.py:507} INFO - Filling up the DagBag from /home/airflow/.local/lib/python3.7/site-packages/airflow/example_dags/example_branch_day_of_week_operator.py
[2022-07-06 18:43:53,499] {processor.py:651} INFO - DAG(s) dict_keys(['example_weekday_branch_operator']) retrieved from /home/airflow/.local/lib/python3.7/site-packages/airflow/example_dags/example_branch_day_of_week_operator.py
[2022-07-06 18:43:53,533] {logging_mixin.py:115} INFO - [2022-07-06 18:43:53,533] {dag.py:2371} INFO - Sync 1 DAGs
[2022-07-06 18:43:53,564] {logging_mixin.py:115} INFO - [2022-07-06 18:43:53,564] {dag.py:2919} INFO - Setting next_dagrun for example_weekday_branch_operator to 2022-07-05T00:00:00+00:00, run_after=2022-07-06T00:00:00+00:00
[2022-07-06 18:43:53,577] {processor.py:161} INFO - Processing /home/airflow/.local/lib/python3.7/site-packages/airflow/example_dags/example_branch_day_of_week_operator.py took 0.095 seconds
[2022-07-06 18:44:24,127] {processor.py:153} INFO - Started process (PID=1035) to work on /home/airflow/.local/lib/python3.7/site-packages/airflow/example_dags/example_branch_day_of_week_operator.py
[2022-07-06 18:44:24,129] {processor.py:641} INFO - Processing file /home/airflow/.local/lib/python3.7/site-packages/airflow/example_dags/example_branch_day_of_week_operator.py for tasks to queue
[2022-07-06 18:44:24,130] {logging_mixin.py:115} INFO - [2022-07-06 18:44:24,130] {dagbag.py:507} INFO - Filling up the DagBag from /home/airflow/.local/lib/python3.7/site-packages/airflow/example_dags/example_branch_day_of_week_operator.py
[2022-07-06 18:44:24,144] {processor.py:651} INFO - DAG(s) dict_keys(['example_weekday_branch_operator']) retrieved from /home/airflow/.local/lib/python3.7/site-packages/airflow/example_dags/example_branch_day_of_week_operator.py
[2022-07-06 18:44:24,180] {logging_mixin.py:115} INFO - [2022-07-06 18:44:24,180] {dag.py:2371} INFO - Sync 1 DAGs
[2022-07-06 18:44:24,211] {logging_mixin.py:115} INFO - [2022-07-06 18:44:24,211] {dag.py:2919} INFO - Setting next_dagrun for example_weekday_branch_operator to 2022-07-05T00:00:00+00:00, run_after=2022-07-06T00:00:00+00:00
[2022-07-06 18:44:24,227] {processor.py:161} INFO - Processing /home/airflow/.local/lib/python3.7/site-packages/airflow/example_dags/example_branch_day_of_week_operator.py took 0.105 seconds
[2022-07-06 18:44:54,466] {processor.py:153} INFO - Started process (PID=1096) to work on /home/airflow/.local/lib/python3.7/site-packages/airflow/example_dags/example_branch_day_of_week_operator.py
[2022-07-06 18:44:54,468] {processor.py:641} INFO - Processing file /home/airflow/.local/lib/python3.7/site-packages/airflow/example_dags/example_branch_day_of_week_operator.py for tasks to queue
[2022-07-06 18:44:54,470] {logging_mixin.py:115} INFO - [2022-07-06 18:44:54,469] {dagbag.py:507} INFO - Filling up the DagBag from /home/airflow/.local/lib/python3.7/site-packages/airflow/example_dags/example_branch_day_of_week_operator.py
[2022-07-06 18:44:54,484] {processor.py:651} INFO - DAG(s) dict_keys(['example_weekday_branch_operator']) retrieved from /home/airflow/.local/lib/python3.7/site-packages/airflow/example_dags/example_branch_day_of_week_operator.py
[2022-07-06 18:44:54,525] {logging_mixin.py:115} INFO - [2022-07-06 18:44:54,525] {dag.py:2371} INFO - Sync 1 DAGs
[2022-07-06 18:44:54,569] {logging_mixin.py:115} INFO - [2022-07-06 18:44:54,568] {dag.py:2919} INFO - Setting next_dagrun for example_weekday_branch_operator to 2022-07-05T00:00:00+00:00, run_after=2022-07-06T00:00:00+00:00
[2022-07-06 18:44:54,586] {processor.py:161} INFO - Processing /home/airflow/.local/lib/python3.7/site-packages/airflow/example_dags/example_branch_day_of_week_operator.py took 0.126 seconds
[2022-07-06 18:45:25,969] {processor.py:153} INFO - Started process (PID=1160) to work on /home/airflow/.local/lib/python3.7/site-packages/airflow/example_dags/example_branch_day_of_week_operator.py
[2022-07-06 18:45:25,970] {processor.py:641} INFO - Processing file /home/airflow/.local/lib/python3.7/site-packages/airflow/example_dags/example_branch_day_of_week_operator.py for tasks to queue
[2022-07-06 18:45:25,972] {logging_mixin.py:115} INFO - [2022-07-06 18:45:25,972] {dagbag.py:507} INFO - Filling up the DagBag from /home/airflow/.local/lib/python3.7/site-packages/airflow/example_dags/example_branch_day_of_week_operator.py
[2022-07-06 18:45:25,984] {processor.py:651} INFO - DAG(s) dict_keys(['example_weekday_branch_operator']) retrieved from /home/airflow/.local/lib/python3.7/site-packages/airflow/example_dags/example_branch_day_of_week_operator.py
[2022-07-06 18:45:26,017] {logging_mixin.py:115} INFO - [2022-07-06 18:45:26,016] {dag.py:2371} INFO - Sync 1 DAGs
[2022-07-06 18:45:26,049] {logging_mixin.py:115} INFO - [2022-07-06 18:45:26,049] {dag.py:2919} INFO - Setting next_dagrun for example_weekday_branch_operator to 2022-07-05T00:00:00+00:00, run_after=2022-07-06T00:00:00+00:00
[2022-07-06 18:45:26,065] {processor.py:161} INFO - Processing /home/airflow/.local/lib/python3.7/site-packages/airflow/example_dags/example_branch_day_of_week_operator.py took 0.101 seconds
[2022-07-06 18:45:56,121] {processor.py:153} INFO - Started process (PID=1213) to work on /home/airflow/.local/lib/python3.7/site-packages/airflow/example_dags/example_branch_day_of_week_operator.py
[2022-07-06 18:45:56,122] {processor.py:641} INFO - Processing file /home/airflow/.local/lib/python3.7/site-packages/airflow/example_dags/example_branch_day_of_week_operator.py for tasks to queue
[2022-07-06 18:45:56,123] {logging_mixin.py:115} INFO - [2022-07-06 18:45:56,123] {dagbag.py:507} INFO - Filling up the DagBag from /home/airflow/.local/lib/python3.7/site-packages/airflow/example_dags/example_branch_day_of_week_operator.py
[2022-07-06 18:45:56,134] {processor.py:651} INFO - DAG(s) dict_keys(['example_weekday_branch_operator']) retrieved from /home/airflow/.local/lib/python3.7/site-packages/airflow/example_dags/example_branch_day_of_week_operator.py
[2022-07-06 18:45:56,166] {logging_mixin.py:115} INFO - [2022-07-06 18:45:56,166] {dag.py:2371} INFO - Sync 1 DAGs
[2022-07-06 18:45:56,196] {logging_mixin.py:115} INFO - [2022-07-06 18:45:56,196] {dag.py:2919} INFO - Setting next_dagrun for example_weekday_branch_operator to 2022-07-05T00:00:00+00:00, run_after=2022-07-06T00:00:00+00:00
[2022-07-06 18:45:56,212] {processor.py:161} INFO - Processing /home/airflow/.local/lib/python3.7/site-packages/airflow/example_dags/example_branch_day_of_week_operator.py took 0.095 seconds
[2022-07-06 18:46:26,399] {processor.py:153} INFO - Started process (PID=1278) to work on /home/airflow/.local/lib/python3.7/site-packages/airflow/example_dags/example_branch_day_of_week_operator.py
[2022-07-06 18:46:26,400] {processor.py:641} INFO - Processing file /home/airflow/.local/lib/python3.7/site-packages/airflow/example_dags/example_branch_day_of_week_operator.py for tasks to queue
[2022-07-06 18:46:26,401] {logging_mixin.py:115} INFO - [2022-07-06 18:46:26,401] {dagbag.py:507} INFO - Filling up the DagBag from /home/airflow/.local/lib/python3.7/site-packages/airflow/example_dags/example_branch_day_of_week_operator.py
[2022-07-06 18:46:26,412] {processor.py:651} INFO - DAG(s) dict_keys(['example_weekday_branch_operator']) retrieved from /home/airflow/.local/lib/python3.7/site-packages/airflow/example_dags/example_branch_day_of_week_operator.py
[2022-07-06 18:46:26,446] {logging_mixin.py:115} INFO - [2022-07-06 18:46:26,446] {dag.py:2371} INFO - Sync 1 DAGs
[2022-07-06 18:46:26,480] {logging_mixin.py:115} INFO - [2022-07-06 18:46:26,480] {dag.py:2919} INFO - Setting next_dagrun for example_weekday_branch_operator to 2022-07-05T00:00:00+00:00, run_after=2022-07-06T00:00:00+00:00
[2022-07-06 18:46:26,495] {processor.py:161} INFO - Processing /home/airflow/.local/lib/python3.7/site-packages/airflow/example_dags/example_branch_day_of_week_operator.py took 0.100 seconds
[2022-07-06 18:46:57,150] {processor.py:153} INFO - Started process (PID=1332) to work on /home/airflow/.local/lib/python3.7/site-packages/airflow/example_dags/example_branch_day_of_week_operator.py
[2022-07-06 18:46:57,152] {processor.py:641} INFO - Processing file /home/airflow/.local/lib/python3.7/site-packages/airflow/example_dags/example_branch_day_of_week_operator.py for tasks to queue
[2022-07-06 18:46:57,153] {logging_mixin.py:115} INFO - [2022-07-06 18:46:57,153] {dagbag.py:507} INFO - Filling up the DagBag from /home/airflow/.local/lib/python3.7/site-packages/airflow/example_dags/example_branch_day_of_week_operator.py
[2022-07-06 18:46:57,164] {processor.py:651} INFO - DAG(s) dict_keys(['example_weekday_branch_operator']) retrieved from /home/airflow/.local/lib/python3.7/site-packages/airflow/example_dags/example_branch_day_of_week_operator.py
[2022-07-06 18:46:57,196] {logging_mixin.py:115} INFO - [2022-07-06 18:46:57,196] {dag.py:2371} INFO - Sync 1 DAGs
[2022-07-06 18:46:57,226] {logging_mixin.py:115} INFO - [2022-07-06 18:46:57,225] {dag.py:2919} INFO - Setting next_dagrun for example_weekday_branch_operator to 2022-07-05T00:00:00+00:00, run_after=2022-07-06T00:00:00+00:00
[2022-07-06 18:46:57,242] {processor.py:161} INFO - Processing /home/airflow/.local/lib/python3.7/site-packages/airflow/example_dags/example_branch_day_of_week_operator.py took 0.096 seconds
[2022-07-06 18:47:27,919] {processor.py:153} INFO - Started process (PID=1396) to work on /home/airflow/.local/lib/python3.7/site-packages/airflow/example_dags/example_branch_day_of_week_operator.py
[2022-07-06 18:47:27,920] {processor.py:641} INFO - Processing file /home/airflow/.local/lib/python3.7/site-packages/airflow/example_dags/example_branch_day_of_week_operator.py for tasks to queue
[2022-07-06 18:47:27,921] {logging_mixin.py:115} INFO - [2022-07-06 18:47:27,921] {dagbag.py:507} INFO - Filling up the DagBag from /home/airflow/.local/lib/python3.7/site-packages/airflow/example_dags/example_branch_day_of_week_operator.py
[2022-07-06 18:47:27,931] {processor.py:651} INFO - DAG(s) dict_keys(['example_weekday_branch_operator']) retrieved from /home/airflow/.local/lib/python3.7/site-packages/airflow/example_dags/example_branch_day_of_week_operator.py
[2022-07-06 18:47:27,965] {logging_mixin.py:115} INFO - [2022-07-06 18:47:27,965] {dag.py:2371} INFO - Sync 1 DAGs
[2022-07-06 18:47:27,996] {logging_mixin.py:115} INFO - [2022-07-06 18:47:27,995] {dag.py:2919} INFO - Setting next_dagrun for example_weekday_branch_operator to 2022-07-05T00:00:00+00:00, run_after=2022-07-06T00:00:00+00:00
[2022-07-06 18:47:28,012] {processor.py:161} INFO - Processing /home/airflow/.local/lib/python3.7/site-packages/airflow/example_dags/example_branch_day_of_week_operator.py took 0.098 seconds
[2022-07-06 18:47:58,969] {processor.py:153} INFO - Started process (PID=1459) to work on /home/airflow/.local/lib/python3.7/site-packages/airflow/example_dags/example_branch_day_of_week_operator.py
[2022-07-06 18:47:58,970] {processor.py:641} INFO - Processing file /home/airflow/.local/lib/python3.7/site-packages/airflow/example_dags/example_branch_day_of_week_operator.py for tasks to queue
[2022-07-06 18:47:58,972] {logging_mixin.py:115} INFO - [2022-07-06 18:47:58,971] {dagbag.py:507} INFO - Filling up the DagBag from /home/airflow/.local/lib/python3.7/site-packages/airflow/example_dags/example_branch_day_of_week_operator.py
[2022-07-06 18:47:58,982] {processor.py:651} INFO - DAG(s) dict_keys(['example_weekday_branch_operator']) retrieved from /home/airflow/.local/lib/python3.7/site-packages/airflow/example_dags/example_branch_day_of_week_operator.py
[2022-07-06 18:47:59,023] {logging_mixin.py:115} INFO - [2022-07-06 18:47:59,023] {dag.py:2371} INFO - Sync 1 DAGs
[2022-07-06 18:47:59,053] {logging_mixin.py:115} INFO - [2022-07-06 18:47:59,053] {dag.py:2919} INFO - Setting next_dagrun for example_weekday_branch_operator to 2022-07-05T00:00:00+00:00, run_after=2022-07-06T00:00:00+00:00
[2022-07-06 18:47:59,069] {processor.py:161} INFO - Processing /home/airflow/.local/lib/python3.7/site-packages/airflow/example_dags/example_branch_day_of_week_operator.py took 0.105 seconds
[2022-07-06 18:48:29,638] {processor.py:153} INFO - Started process (PID=1515) to work on /home/airflow/.local/lib/python3.7/site-packages/airflow/example_dags/example_branch_day_of_week_operator.py
[2022-07-06 18:48:29,640] {processor.py:641} INFO - Processing file /home/airflow/.local/lib/python3.7/site-packages/airflow/example_dags/example_branch_day_of_week_operator.py for tasks to queue
[2022-07-06 18:48:29,641] {logging_mixin.py:115} INFO - [2022-07-06 18:48:29,641] {dagbag.py:507} INFO - Filling up the DagBag from /home/airflow/.local/lib/python3.7/site-packages/airflow/example_dags/example_branch_day_of_week_operator.py
[2022-07-06 18:48:29,651] {processor.py:651} INFO - DAG(s) dict_keys(['example_weekday_branch_operator']) retrieved from /home/airflow/.local/lib/python3.7/site-packages/airflow/example_dags/example_branch_day_of_week_operator.py
[2022-07-06 18:48:29,684] {logging_mixin.py:115} INFO - [2022-07-06 18:48:29,684] {dag.py:2371} INFO - Sync 1 DAGs
[2022-07-06 18:48:29,718] {logging_mixin.py:115} INFO - [2022-07-06 18:48:29,718] {dag.py:2919} INFO - Setting next_dagrun for example_weekday_branch_operator to 2022-07-05T00:00:00+00:00, run_after=2022-07-06T00:00:00+00:00
[2022-07-06 18:48:29,732] {processor.py:161} INFO - Processing /home/airflow/.local/lib/python3.7/site-packages/airflow/example_dags/example_branch_day_of_week_operator.py took 0.097 seconds
[2022-07-06 18:49:00,355] {processor.py:153} INFO - Started process (PID=1579) to work on /home/airflow/.local/lib/python3.7/site-packages/airflow/example_dags/example_branch_day_of_week_operator.py
[2022-07-06 18:49:00,356] {processor.py:641} INFO - Processing file /home/airflow/.local/lib/python3.7/site-packages/airflow/example_dags/example_branch_day_of_week_operator.py for tasks to queue
[2022-07-06 18:49:00,357] {logging_mixin.py:115} INFO - [2022-07-06 18:49:00,357] {dagbag.py:507} INFO - Filling up the DagBag from /home/airflow/.local/lib/python3.7/site-packages/airflow/example_dags/example_branch_day_of_week_operator.py
[2022-07-06 18:49:00,368] {processor.py:651} INFO - DAG(s) dict_keys(['example_weekday_branch_operator']) retrieved from /home/airflow/.local/lib/python3.7/site-packages/airflow/example_dags/example_branch_day_of_week_operator.py
[2022-07-06 18:49:00,404] {logging_mixin.py:115} INFO - [2022-07-06 18:49:00,404] {dag.py:2371} INFO - Sync 1 DAGs
[2022-07-06 18:49:00,440] {logging_mixin.py:115} INFO - [2022-07-06 18:49:00,440] {dag.py:2919} INFO - Setting next_dagrun for example_weekday_branch_operator to 2022-07-05T00:00:00+00:00, run_after=2022-07-06T00:00:00+00:00
[2022-07-06 18:49:00,454] {processor.py:161} INFO - Processing /home/airflow/.local/lib/python3.7/site-packages/airflow/example_dags/example_branch_day_of_week_operator.py took 0.105 seconds
[2022-07-06 18:49:30,964] {processor.py:153} INFO - Started process (PID=1644) to work on /home/airflow/.local/lib/python3.7/site-packages/airflow/example_dags/example_branch_day_of_week_operator.py
[2022-07-06 18:49:30,965] {processor.py:641} INFO - Processing file /home/airflow/.local/lib/python3.7/site-packages/airflow/example_dags/example_branch_day_of_week_operator.py for tasks to queue
[2022-07-06 18:49:30,966] {logging_mixin.py:115} INFO - [2022-07-06 18:49:30,966] {dagbag.py:507} INFO - Filling up the DagBag from /home/airflow/.local/lib/python3.7/site-packages/airflow/example_dags/example_branch_day_of_week_operator.py
[2022-07-06 18:49:30,979] {processor.py:651} INFO - DAG(s) dict_keys(['example_weekday_branch_operator']) retrieved from /home/airflow/.local/lib/python3.7/site-packages/airflow/example_dags/example_branch_day_of_week_operator.py
[2022-07-06 18:49:31,015] {logging_mixin.py:115} INFO - [2022-07-06 18:49:31,015] {dag.py:2371} INFO - Sync 1 DAGs
[2022-07-06 18:49:31,051] {logging_mixin.py:115} INFO - [2022-07-06 18:49:31,051] {dag.py:2919} INFO - Setting next_dagrun for example_weekday_branch_operator to 2022-07-05T00:00:00+00:00, run_after=2022-07-06T00:00:00+00:00
[2022-07-06 18:49:31,065] {processor.py:161} INFO - Processing /home/airflow/.local/lib/python3.7/site-packages/airflow/example_dags/example_branch_day_of_week_operator.py took 0.106 seconds
[2022-07-06 18:50:01,476] {processor.py:153} INFO - Started process (PID=1699) to work on /home/airflow/.local/lib/python3.7/site-packages/airflow/example_dags/example_branch_day_of_week_operator.py
[2022-07-06 18:50:01,478] {processor.py:641} INFO - Processing file /home/airflow/.local/lib/python3.7/site-packages/airflow/example_dags/example_branch_day_of_week_operator.py for tasks to queue
[2022-07-06 18:50:01,479] {logging_mixin.py:115} INFO - [2022-07-06 18:50:01,479] {dagbag.py:507} INFO - Filling up the DagBag from /home/airflow/.local/lib/python3.7/site-packages/airflow/example_dags/example_branch_day_of_week_operator.py
[2022-07-06 18:50:01,490] {processor.py:651} INFO - DAG(s) dict_keys(['example_weekday_branch_operator']) retrieved from /home/airflow/.local/lib/python3.7/site-packages/airflow/example_dags/example_branch_day_of_week_operator.py
[2022-07-06 18:50:01,526] {logging_mixin.py:115} INFO - [2022-07-06 18:50:01,526] {dag.py:2371} INFO - Sync 1 DAGs
[2022-07-06 18:50:01,558] {logging_mixin.py:115} INFO - [2022-07-06 18:50:01,558] {dag.py:2919} INFO - Setting next_dagrun for example_weekday_branch_operator to 2022-07-05T00:00:00+00:00, run_after=2022-07-06T00:00:00+00:00
[2022-07-06 18:50:01,573] {processor.py:161} INFO - Processing /home/airflow/.local/lib/python3.7/site-packages/airflow/example_dags/example_branch_day_of_week_operator.py took 0.101 seconds
[2022-07-06 18:50:31,976] {processor.py:153} INFO - Started process (PID=1764) to work on /home/airflow/.local/lib/python3.7/site-packages/airflow/example_dags/example_branch_day_of_week_operator.py
[2022-07-06 18:50:31,977] {processor.py:641} INFO - Processing file /home/airflow/.local/lib/python3.7/site-packages/airflow/example_dags/example_branch_day_of_week_operator.py for tasks to queue
[2022-07-06 18:50:31,980] {logging_mixin.py:115} INFO - [2022-07-06 18:50:31,980] {dagbag.py:507} INFO - Filling up the DagBag from /home/airflow/.local/lib/python3.7/site-packages/airflow/example_dags/example_branch_day_of_week_operator.py
[2022-07-06 18:50:31,998] {processor.py:651} INFO - DAG(s) dict_keys(['example_weekday_branch_operator']) retrieved from /home/airflow/.local/lib/python3.7/site-packages/airflow/example_dags/example_branch_day_of_week_operator.py
[2022-07-06 18:50:32,047] {logging_mixin.py:115} INFO - [2022-07-06 18:50:32,047] {dag.py:2371} INFO - Sync 1 DAGs
[2022-07-06 18:50:32,084] {logging_mixin.py:115} INFO - [2022-07-06 18:50:32,084] {dag.py:2919} INFO - Setting next_dagrun for example_weekday_branch_operator to 2022-07-05T00:00:00+00:00, run_after=2022-07-06T00:00:00+00:00
[2022-07-06 18:50:32,099] {processor.py:161} INFO - Processing /home/airflow/.local/lib/python3.7/site-packages/airflow/example_dags/example_branch_day_of_week_operator.py took 0.131 seconds
[2022-07-06 18:51:02,607] {processor.py:153} INFO - Started process (PID=1829) to work on /home/airflow/.local/lib/python3.7/site-packages/airflow/example_dags/example_branch_day_of_week_operator.py
[2022-07-06 18:51:02,609] {processor.py:641} INFO - Processing file /home/airflow/.local/lib/python3.7/site-packages/airflow/example_dags/example_branch_day_of_week_operator.py for tasks to queue
[2022-07-06 18:51:02,611] {logging_mixin.py:115} INFO - [2022-07-06 18:51:02,611] {dagbag.py:507} INFO - Filling up the DagBag from /home/airflow/.local/lib/python3.7/site-packages/airflow/example_dags/example_branch_day_of_week_operator.py
[2022-07-06 18:51:02,640] {processor.py:651} INFO - DAG(s) dict_keys(['example_weekday_branch_operator']) retrieved from /home/airflow/.local/lib/python3.7/site-packages/airflow/example_dags/example_branch_day_of_week_operator.py
[2022-07-06 18:51:02,677] {logging_mixin.py:115} INFO - [2022-07-06 18:51:02,677] {dag.py:2371} INFO - Sync 1 DAGs
[2022-07-06 18:51:02,711] {logging_mixin.py:115} INFO - [2022-07-06 18:51:02,711] {dag.py:2919} INFO - Setting next_dagrun for example_weekday_branch_operator to 2022-07-05T00:00:00+00:00, run_after=2022-07-06T00:00:00+00:00
[2022-07-06 18:51:02,728] {processor.py:161} INFO - Processing /home/airflow/.local/lib/python3.7/site-packages/airflow/example_dags/example_branch_day_of_week_operator.py took 0.129 seconds
[2022-07-06 18:51:33,538] {processor.py:153} INFO - Started process (PID=1885) to work on /home/airflow/.local/lib/python3.7/site-packages/airflow/example_dags/example_branch_day_of_week_operator.py
[2022-07-06 18:51:33,540] {processor.py:641} INFO - Processing file /home/airflow/.local/lib/python3.7/site-packages/airflow/example_dags/example_branch_day_of_week_operator.py for tasks to queue
[2022-07-06 18:51:33,541] {logging_mixin.py:115} INFO - [2022-07-06 18:51:33,541] {dagbag.py:507} INFO - Filling up the DagBag from /home/airflow/.local/lib/python3.7/site-packages/airflow/example_dags/example_branch_day_of_week_operator.py
[2022-07-06 18:51:33,552] {processor.py:651} INFO - DAG(s) dict_keys(['example_weekday_branch_operator']) retrieved from /home/airflow/.local/lib/python3.7/site-packages/airflow/example_dags/example_branch_day_of_week_operator.py
[2022-07-06 18:51:33,586] {logging_mixin.py:115} INFO - [2022-07-06 18:51:33,586] {dag.py:2371} INFO - Sync 1 DAGs
[2022-07-06 18:51:33,618] {logging_mixin.py:115} INFO - [2022-07-06 18:51:33,618] {dag.py:2919} INFO - Setting next_dagrun for example_weekday_branch_operator to 2022-07-05T00:00:00+00:00, run_after=2022-07-06T00:00:00+00:00
[2022-07-06 18:51:33,636] {processor.py:161} INFO - Processing /home/airflow/.local/lib/python3.7/site-packages/airflow/example_dags/example_branch_day_of_week_operator.py took 0.102 seconds
[2022-07-06 18:52:03,807] {processor.py:153} INFO - Started process (PID=1947) to work on /home/airflow/.local/lib/python3.7/site-packages/airflow/example_dags/example_branch_day_of_week_operator.py
[2022-07-06 18:52:03,808] {processor.py:641} INFO - Processing file /home/airflow/.local/lib/python3.7/site-packages/airflow/example_dags/example_branch_day_of_week_operator.py for tasks to queue
[2022-07-06 18:52:03,809] {logging_mixin.py:115} INFO - [2022-07-06 18:52:03,809] {dagbag.py:507} INFO - Filling up the DagBag from /home/airflow/.local/lib/python3.7/site-packages/airflow/example_dags/example_branch_day_of_week_operator.py
[2022-07-06 18:52:03,819] {processor.py:651} INFO - DAG(s) dict_keys(['example_weekday_branch_operator']) retrieved from /home/airflow/.local/lib/python3.7/site-packages/airflow/example_dags/example_branch_day_of_week_operator.py
[2022-07-06 18:52:03,853] {logging_mixin.py:115} INFO - [2022-07-06 18:52:03,853] {dag.py:2371} INFO - Sync 1 DAGs
[2022-07-06 18:52:03,889] {logging_mixin.py:115} INFO - [2022-07-06 18:52:03,889] {dag.py:2919} INFO - Setting next_dagrun for example_weekday_branch_operator to 2022-07-05T00:00:00+00:00, run_after=2022-07-06T00:00:00+00:00
[2022-07-06 18:52:03,904] {processor.py:161} INFO - Processing /home/airflow/.local/lib/python3.7/site-packages/airflow/example_dags/example_branch_day_of_week_operator.py took 0.102 seconds
[2022-07-06 18:52:34,004] {processor.py:153} INFO - Started process (PID=2001) to work on /home/airflow/.local/lib/python3.7/site-packages/airflow/example_dags/example_branch_day_of_week_operator.py
[2022-07-06 18:52:34,006] {processor.py:641} INFO - Processing file /home/airflow/.local/lib/python3.7/site-packages/airflow/example_dags/example_branch_day_of_week_operator.py for tasks to queue
[2022-07-06 18:52:34,007] {logging_mixin.py:115} INFO - [2022-07-06 18:52:34,007] {dagbag.py:507} INFO - Filling up the DagBag from /home/airflow/.local/lib/python3.7/site-packages/airflow/example_dags/example_branch_day_of_week_operator.py
[2022-07-06 18:52:34,018] {processor.py:651} INFO - DAG(s) dict_keys(['example_weekday_branch_operator']) retrieved from /home/airflow/.local/lib/python3.7/site-packages/airflow/example_dags/example_branch_day_of_week_operator.py
[2022-07-06 18:52:34,050] {logging_mixin.py:115} INFO - [2022-07-06 18:52:34,050] {dag.py:2371} INFO - Sync 1 DAGs
[2022-07-06 18:52:34,081] {logging_mixin.py:115} INFO - [2022-07-06 18:52:34,081] {dag.py:2919} INFO - Setting next_dagrun for example_weekday_branch_operator to 2022-07-05T00:00:00+00:00, run_after=2022-07-06T00:00:00+00:00
[2022-07-06 18:52:34,097] {processor.py:161} INFO - Processing /home/airflow/.local/lib/python3.7/site-packages/airflow/example_dags/example_branch_day_of_week_operator.py took 0.097 seconds
[2022-07-06 18:53:05,253] {processor.py:153} INFO - Started process (PID=2065) to work on /home/airflow/.local/lib/python3.7/site-packages/airflow/example_dags/example_branch_day_of_week_operator.py
[2022-07-06 18:53:05,254] {processor.py:641} INFO - Processing file /home/airflow/.local/lib/python3.7/site-packages/airflow/example_dags/example_branch_day_of_week_operator.py for tasks to queue
[2022-07-06 18:53:05,256] {logging_mixin.py:115} INFO - [2022-07-06 18:53:05,256] {dagbag.py:507} INFO - Filling up the DagBag from /home/airflow/.local/lib/python3.7/site-packages/airflow/example_dags/example_branch_day_of_week_operator.py
[2022-07-06 18:53:05,279] {processor.py:651} INFO - DAG(s) dict_keys(['example_weekday_branch_operator']) retrieved from /home/airflow/.local/lib/python3.7/site-packages/airflow/example_dags/example_branch_day_of_week_operator.py
[2022-07-06 18:53:05,355] {logging_mixin.py:115} INFO - [2022-07-06 18:53:05,355] {dag.py:2371} INFO - Sync 1 DAGs
[2022-07-06 18:53:05,410] {logging_mixin.py:115} INFO - [2022-07-06 18:53:05,410] {dag.py:2919} INFO - Setting next_dagrun for example_weekday_branch_operator to 2022-07-05T00:00:00+00:00, run_after=2022-07-06T00:00:00+00:00
[2022-07-06 18:53:05,433] {processor.py:161} INFO - Processing /home/airflow/.local/lib/python3.7/site-packages/airflow/example_dags/example_branch_day_of_week_operator.py took 0.187 seconds
[2022-07-06 18:53:35,518] {processor.py:153} INFO - Started process (PID=2128) to work on /home/airflow/.local/lib/python3.7/site-packages/airflow/example_dags/example_branch_day_of_week_operator.py
[2022-07-06 18:53:35,519] {processor.py:641} INFO - Processing file /home/airflow/.local/lib/python3.7/site-packages/airflow/example_dags/example_branch_day_of_week_operator.py for tasks to queue
[2022-07-06 18:53:35,520] {logging_mixin.py:115} INFO - [2022-07-06 18:53:35,520] {dagbag.py:507} INFO - Filling up the DagBag from /home/airflow/.local/lib/python3.7/site-packages/airflow/example_dags/example_branch_day_of_week_operator.py
[2022-07-06 18:53:35,531] {processor.py:651} INFO - DAG(s) dict_keys(['example_weekday_branch_operator']) retrieved from /home/airflow/.local/lib/python3.7/site-packages/airflow/example_dags/example_branch_day_of_week_operator.py
[2022-07-06 18:53:35,563] {logging_mixin.py:115} INFO - [2022-07-06 18:53:35,563] {dag.py:2371} INFO - Sync 1 DAGs
[2022-07-06 18:53:35,594] {logging_mixin.py:115} INFO - [2022-07-06 18:53:35,594] {dag.py:2919} INFO - Setting next_dagrun for example_weekday_branch_operator to 2022-07-05T00:00:00+00:00, run_after=2022-07-06T00:00:00+00:00
[2022-07-06 18:53:35,611] {processor.py:161} INFO - Processing /home/airflow/.local/lib/python3.7/site-packages/airflow/example_dags/example_branch_day_of_week_operator.py took 0.097 seconds
[2022-07-06 18:54:12,172] {processor.py:153} INFO - Started process (PID=2190) to work on /home/airflow/.local/lib/python3.7/site-packages/airflow/example_dags/example_branch_day_of_week_operator.py
[2022-07-06 18:54:12,186] {processor.py:641} INFO - Processing file /home/airflow/.local/lib/python3.7/site-packages/airflow/example_dags/example_branch_day_of_week_operator.py for tasks to queue
[2022-07-06 18:54:12,190] {logging_mixin.py:115} INFO - [2022-07-06 18:54:12,190] {dagbag.py:507} INFO - Filling up the DagBag from /home/airflow/.local/lib/python3.7/site-packages/airflow/example_dags/example_branch_day_of_week_operator.py
[2022-07-06 18:54:12,289] {processor.py:651} INFO - DAG(s) dict_keys(['example_weekday_branch_operator']) retrieved from /home/airflow/.local/lib/python3.7/site-packages/airflow/example_dags/example_branch_day_of_week_operator.py
[2022-07-06 18:54:12,522] {logging_mixin.py:115} INFO - [2022-07-06 18:54:12,522] {dag.py:2371} INFO - Sync 1 DAGs
[2022-07-06 18:54:13,024] {logging_mixin.py:115} INFO - [2022-07-06 18:54:13,024] {dag.py:2919} INFO - Setting next_dagrun for example_weekday_branch_operator to 2022-07-05T00:00:00+00:00, run_after=2022-07-06T00:00:00+00:00
[2022-07-06 18:54:13,201] {processor.py:161} INFO - Processing /home/airflow/.local/lib/python3.7/site-packages/airflow/example_dags/example_branch_day_of_week_operator.py took 1.117 seconds
[2022-07-06 18:54:43,354] {processor.py:153} INFO - Started process (PID=2248) to work on /home/airflow/.local/lib/python3.7/site-packages/airflow/example_dags/example_branch_day_of_week_operator.py
[2022-07-06 18:54:43,356] {processor.py:641} INFO - Processing file /home/airflow/.local/lib/python3.7/site-packages/airflow/example_dags/example_branch_day_of_week_operator.py for tasks to queue
[2022-07-06 18:54:43,358] {logging_mixin.py:115} INFO - [2022-07-06 18:54:43,358] {dagbag.py:507} INFO - Filling up the DagBag from /home/airflow/.local/lib/python3.7/site-packages/airflow/example_dags/example_branch_day_of_week_operator.py
[2022-07-06 18:54:43,378] {processor.py:651} INFO - DAG(s) dict_keys(['example_weekday_branch_operator']) retrieved from /home/airflow/.local/lib/python3.7/site-packages/airflow/example_dags/example_branch_day_of_week_operator.py
[2022-07-06 18:54:43,491] {logging_mixin.py:115} INFO - [2022-07-06 18:54:43,491] {dag.py:2371} INFO - Sync 1 DAGs
[2022-07-06 18:54:43,538] {logging_mixin.py:115} INFO - [2022-07-06 18:54:43,538] {dag.py:2919} INFO - Setting next_dagrun for example_weekday_branch_operator to 2022-07-05T00:00:00+00:00, run_after=2022-07-06T00:00:00+00:00
[2022-07-06 18:54:43,561] {processor.py:161} INFO - Processing /home/airflow/.local/lib/python3.7/site-packages/airflow/example_dags/example_branch_day_of_week_operator.py took 0.214 seconds
[2022-07-06 18:55:14,369] {processor.py:153} INFO - Started process (PID=2302) to work on /home/airflow/.local/lib/python3.7/site-packages/airflow/example_dags/example_branch_day_of_week_operator.py
[2022-07-06 18:55:14,370] {processor.py:641} INFO - Processing file /home/airflow/.local/lib/python3.7/site-packages/airflow/example_dags/example_branch_day_of_week_operator.py for tasks to queue
[2022-07-06 18:55:14,372] {logging_mixin.py:115} INFO - [2022-07-06 18:55:14,372] {dagbag.py:507} INFO - Filling up the DagBag from /home/airflow/.local/lib/python3.7/site-packages/airflow/example_dags/example_branch_day_of_week_operator.py
[2022-07-06 18:55:14,383] {processor.py:651} INFO - DAG(s) dict_keys(['example_weekday_branch_operator']) retrieved from /home/airflow/.local/lib/python3.7/site-packages/airflow/example_dags/example_branch_day_of_week_operator.py
[2022-07-06 18:55:14,418] {logging_mixin.py:115} INFO - [2022-07-06 18:55:14,417] {dag.py:2371} INFO - Sync 1 DAGs
[2022-07-06 18:55:14,451] {logging_mixin.py:115} INFO - [2022-07-06 18:55:14,450] {dag.py:2919} INFO - Setting next_dagrun for example_weekday_branch_operator to 2022-07-05T00:00:00+00:00, run_after=2022-07-06T00:00:00+00:00
[2022-07-06 18:55:14,468] {processor.py:161} INFO - Processing /home/airflow/.local/lib/python3.7/site-packages/airflow/example_dags/example_branch_day_of_week_operator.py took 0.105 seconds
[2022-07-06 18:55:45,650] {processor.py:153} INFO - Started process (PID=2367) to work on /home/airflow/.local/lib/python3.7/site-packages/airflow/example_dags/example_branch_day_of_week_operator.py
[2022-07-06 18:55:45,656] {processor.py:641} INFO - Processing file /home/airflow/.local/lib/python3.7/site-packages/airflow/example_dags/example_branch_day_of_week_operator.py for tasks to queue
[2022-07-06 18:55:45,669] {logging_mixin.py:115} INFO - [2022-07-06 18:55:45,669] {dagbag.py:507} INFO - Filling up the DagBag from /home/airflow/.local/lib/python3.7/site-packages/airflow/example_dags/example_branch_day_of_week_operator.py
[2022-07-06 18:55:45,696] {processor.py:651} INFO - DAG(s) dict_keys(['example_weekday_branch_operator']) retrieved from /home/airflow/.local/lib/python3.7/site-packages/airflow/example_dags/example_branch_day_of_week_operator.py
[2022-07-06 18:55:45,782] {logging_mixin.py:115} INFO - [2022-07-06 18:55:45,782] {dag.py:2371} INFO - Sync 1 DAGs
[2022-07-06 18:55:45,841] {logging_mixin.py:115} INFO - [2022-07-06 18:55:45,841] {dag.py:2919} INFO - Setting next_dagrun for example_weekday_branch_operator to 2022-07-05T00:00:00+00:00, run_after=2022-07-06T00:00:00+00:00
[2022-07-06 18:55:45,870] {processor.py:161} INFO - Processing /home/airflow/.local/lib/python3.7/site-packages/airflow/example_dags/example_branch_day_of_week_operator.py took 0.228 seconds
[2022-07-06 18:56:16,857] {processor.py:153} INFO - Started process (PID=2427) to work on /home/airflow/.local/lib/python3.7/site-packages/airflow/example_dags/example_branch_day_of_week_operator.py
[2022-07-06 18:56:16,862] {processor.py:641} INFO - Processing file /home/airflow/.local/lib/python3.7/site-packages/airflow/example_dags/example_branch_day_of_week_operator.py for tasks to queue
[2022-07-06 18:56:16,865] {logging_mixin.py:115} INFO - [2022-07-06 18:56:16,864] {dagbag.py:507} INFO - Filling up the DagBag from /home/airflow/.local/lib/python3.7/site-packages/airflow/example_dags/example_branch_day_of_week_operator.py
[2022-07-06 18:56:16,881] {processor.py:651} INFO - DAG(s) dict_keys(['example_weekday_branch_operator']) retrieved from /home/airflow/.local/lib/python3.7/site-packages/airflow/example_dags/example_branch_day_of_week_operator.py
[2022-07-06 18:56:16,924] {logging_mixin.py:115} INFO - [2022-07-06 18:56:16,924] {dag.py:2371} INFO - Sync 1 DAGs
[2022-07-06 18:56:16,961] {logging_mixin.py:115} INFO - [2022-07-06 18:56:16,961] {dag.py:2919} INFO - Setting next_dagrun for example_weekday_branch_operator to 2022-07-05T00:00:00+00:00, run_after=2022-07-06T00:00:00+00:00
[2022-07-06 18:56:16,990] {processor.py:161} INFO - Processing /home/airflow/.local/lib/python3.7/site-packages/airflow/example_dags/example_branch_day_of_week_operator.py took 0.139 seconds
[2022-07-06 18:56:47,991] {processor.py:153} INFO - Started process (PID=2488) to work on /home/airflow/.local/lib/python3.7/site-packages/airflow/example_dags/example_branch_day_of_week_operator.py
[2022-07-06 18:56:48,007] {processor.py:641} INFO - Processing file /home/airflow/.local/lib/python3.7/site-packages/airflow/example_dags/example_branch_day_of_week_operator.py for tasks to queue
[2022-07-06 18:56:48,012] {logging_mixin.py:115} INFO - [2022-07-06 18:56:48,011] {dagbag.py:507} INFO - Filling up the DagBag from /home/airflow/.local/lib/python3.7/site-packages/airflow/example_dags/example_branch_day_of_week_operator.py
[2022-07-06 18:56:48,112] {processor.py:651} INFO - DAG(s) dict_keys(['example_weekday_branch_operator']) retrieved from /home/airflow/.local/lib/python3.7/site-packages/airflow/example_dags/example_branch_day_of_week_operator.py
[2022-07-06 18:56:48,255] {logging_mixin.py:115} INFO - [2022-07-06 18:56:48,255] {dag.py:2371} INFO - Sync 1 DAGs
[2022-07-06 18:56:48,343] {logging_mixin.py:115} INFO - [2022-07-06 18:56:48,343] {dag.py:2919} INFO - Setting next_dagrun for example_weekday_branch_operator to 2022-07-05T00:00:00+00:00, run_after=2022-07-06T00:00:00+00:00
[2022-07-06 18:56:48,391] {processor.py:161} INFO - Processing /home/airflow/.local/lib/python3.7/site-packages/airflow/example_dags/example_branch_day_of_week_operator.py took 0.455 seconds
[2022-07-06 18:57:19,295] {processor.py:153} INFO - Started process (PID=2534) to work on /home/airflow/.local/lib/python3.7/site-packages/airflow/example_dags/example_branch_day_of_week_operator.py
[2022-07-06 18:57:19,298] {processor.py:641} INFO - Processing file /home/airflow/.local/lib/python3.7/site-packages/airflow/example_dags/example_branch_day_of_week_operator.py for tasks to queue
[2022-07-06 18:57:19,300] {logging_mixin.py:115} INFO - [2022-07-06 18:57:19,300] {dagbag.py:507} INFO - Filling up the DagBag from /home/airflow/.local/lib/python3.7/site-packages/airflow/example_dags/example_branch_day_of_week_operator.py
[2022-07-06 18:57:19,319] {processor.py:651} INFO - DAG(s) dict_keys(['example_weekday_branch_operator']) retrieved from /home/airflow/.local/lib/python3.7/site-packages/airflow/example_dags/example_branch_day_of_week_operator.py
[2022-07-06 18:57:19,386] {logging_mixin.py:115} INFO - [2022-07-06 18:57:19,386] {dag.py:2371} INFO - Sync 1 DAGs
[2022-07-06 18:57:19,428] {logging_mixin.py:115} INFO - [2022-07-06 18:57:19,427] {dag.py:2919} INFO - Setting next_dagrun for example_weekday_branch_operator to 2022-07-05T00:00:00+00:00, run_after=2022-07-06T00:00:00+00:00
[2022-07-06 18:57:19,454] {processor.py:161} INFO - Processing /home/airflow/.local/lib/python3.7/site-packages/airflow/example_dags/example_branch_day_of_week_operator.py took 0.166 seconds
[2022-07-06 18:57:50,638] {processor.py:153} INFO - Started process (PID=2597) to work on /home/airflow/.local/lib/python3.7/site-packages/airflow/example_dags/example_branch_day_of_week_operator.py
[2022-07-06 18:57:50,666] {processor.py:641} INFO - Processing file /home/airflow/.local/lib/python3.7/site-packages/airflow/example_dags/example_branch_day_of_week_operator.py for tasks to queue
[2022-07-06 18:57:50,669] {logging_mixin.py:115} INFO - [2022-07-06 18:57:50,669] {dagbag.py:507} INFO - Filling up the DagBag from /home/airflow/.local/lib/python3.7/site-packages/airflow/example_dags/example_branch_day_of_week_operator.py
[2022-07-06 18:57:50,699] {processor.py:651} INFO - DAG(s) dict_keys(['example_weekday_branch_operator']) retrieved from /home/airflow/.local/lib/python3.7/site-packages/airflow/example_dags/example_branch_day_of_week_operator.py
[2022-07-06 18:57:50,767] {logging_mixin.py:115} INFO - [2022-07-06 18:57:50,767] {dag.py:2371} INFO - Sync 1 DAGs
[2022-07-06 18:57:50,826] {logging_mixin.py:115} INFO - [2022-07-06 18:57:50,826] {dag.py:2919} INFO - Setting next_dagrun for example_weekday_branch_operator to 2022-07-05T00:00:00+00:00, run_after=2022-07-06T00:00:00+00:00
[2022-07-06 18:57:50,848] {processor.py:161} INFO - Processing /home/airflow/.local/lib/python3.7/site-packages/airflow/example_dags/example_branch_day_of_week_operator.py took 0.226 seconds
[2022-07-06 18:58:21,154] {processor.py:153} INFO - Started process (PID=2651) to work on /home/airflow/.local/lib/python3.7/site-packages/airflow/example_dags/example_branch_day_of_week_operator.py
[2022-07-06 18:58:21,155] {processor.py:641} INFO - Processing file /home/airflow/.local/lib/python3.7/site-packages/airflow/example_dags/example_branch_day_of_week_operator.py for tasks to queue
[2022-07-06 18:58:21,157] {logging_mixin.py:115} INFO - [2022-07-06 18:58:21,157] {dagbag.py:507} INFO - Filling up the DagBag from /home/airflow/.local/lib/python3.7/site-packages/airflow/example_dags/example_branch_day_of_week_operator.py
[2022-07-06 18:58:21,171] {processor.py:651} INFO - DAG(s) dict_keys(['example_weekday_branch_operator']) retrieved from /home/airflow/.local/lib/python3.7/site-packages/airflow/example_dags/example_branch_day_of_week_operator.py
[2022-07-06 18:58:21,232] {logging_mixin.py:115} INFO - [2022-07-06 18:58:21,232] {dag.py:2371} INFO - Sync 1 DAGs
[2022-07-06 18:58:21,282] {logging_mixin.py:115} INFO - [2022-07-06 18:58:21,282] {dag.py:2919} INFO - Setting next_dagrun for example_weekday_branch_operator to 2022-07-05T00:00:00+00:00, run_after=2022-07-06T00:00:00+00:00
[2022-07-06 18:58:21,301] {processor.py:161} INFO - Processing /home/airflow/.local/lib/python3.7/site-packages/airflow/example_dags/example_branch_day_of_week_operator.py took 0.151 seconds
[2022-07-06 18:58:51,502] {processor.py:153} INFO - Started process (PID=2715) to work on /home/airflow/.local/lib/python3.7/site-packages/airflow/example_dags/example_branch_day_of_week_operator.py
[2022-07-06 18:58:51,504] {processor.py:641} INFO - Processing file /home/airflow/.local/lib/python3.7/site-packages/airflow/example_dags/example_branch_day_of_week_operator.py for tasks to queue
[2022-07-06 18:58:51,505] {logging_mixin.py:115} INFO - [2022-07-06 18:58:51,505] {dagbag.py:507} INFO - Filling up the DagBag from /home/airflow/.local/lib/python3.7/site-packages/airflow/example_dags/example_branch_day_of_week_operator.py
[2022-07-06 18:58:51,514] {processor.py:651} INFO - DAG(s) dict_keys(['example_weekday_branch_operator']) retrieved from /home/airflow/.local/lib/python3.7/site-packages/airflow/example_dags/example_branch_day_of_week_operator.py
[2022-07-06 18:58:51,549] {logging_mixin.py:115} INFO - [2022-07-06 18:58:51,549] {dag.py:2371} INFO - Sync 1 DAGs
[2022-07-06 18:58:51,579] {logging_mixin.py:115} INFO - [2022-07-06 18:58:51,579] {dag.py:2919} INFO - Setting next_dagrun for example_weekday_branch_operator to 2022-07-05T00:00:00+00:00, run_after=2022-07-06T00:00:00+00:00
[2022-07-06 18:58:51,595] {processor.py:161} INFO - Processing /home/airflow/.local/lib/python3.7/site-packages/airflow/example_dags/example_branch_day_of_week_operator.py took 0.097 seconds
[2022-07-06 18:59:22,500] {processor.py:153} INFO - Started process (PID=2778) to work on /home/airflow/.local/lib/python3.7/site-packages/airflow/example_dags/example_branch_day_of_week_operator.py
[2022-07-06 18:59:22,501] {processor.py:641} INFO - Processing file /home/airflow/.local/lib/python3.7/site-packages/airflow/example_dags/example_branch_day_of_week_operator.py for tasks to queue
[2022-07-06 18:59:22,503] {logging_mixin.py:115} INFO - [2022-07-06 18:59:22,503] {dagbag.py:507} INFO - Filling up the DagBag from /home/airflow/.local/lib/python3.7/site-packages/airflow/example_dags/example_branch_day_of_week_operator.py
[2022-07-06 18:59:22,522] {processor.py:651} INFO - DAG(s) dict_keys(['example_weekday_branch_operator']) retrieved from /home/airflow/.local/lib/python3.7/site-packages/airflow/example_dags/example_branch_day_of_week_operator.py
[2022-07-06 18:59:22,571] {logging_mixin.py:115} INFO - [2022-07-06 18:59:22,571] {dag.py:2371} INFO - Sync 1 DAGs
[2022-07-06 18:59:22,607] {logging_mixin.py:115} INFO - [2022-07-06 18:59:22,607] {dag.py:2919} INFO - Setting next_dagrun for example_weekday_branch_operator to 2022-07-05T00:00:00+00:00, run_after=2022-07-06T00:00:00+00:00
[2022-07-06 18:59:22,627] {processor.py:161} INFO - Processing /home/airflow/.local/lib/python3.7/site-packages/airflow/example_dags/example_branch_day_of_week_operator.py took 0.131 seconds
[2022-07-06 18:59:53,739] {processor.py:153} INFO - Started process (PID=2833) to work on /home/airflow/.local/lib/python3.7/site-packages/airflow/example_dags/example_branch_day_of_week_operator.py
[2022-07-06 18:59:53,743] {processor.py:641} INFO - Processing file /home/airflow/.local/lib/python3.7/site-packages/airflow/example_dags/example_branch_day_of_week_operator.py for tasks to queue
[2022-07-06 18:59:53,745] {logging_mixin.py:115} INFO - [2022-07-06 18:59:53,745] {dagbag.py:507} INFO - Filling up the DagBag from /home/airflow/.local/lib/python3.7/site-packages/airflow/example_dags/example_branch_day_of_week_operator.py
[2022-07-06 18:59:53,766] {processor.py:651} INFO - DAG(s) dict_keys(['example_weekday_branch_operator']) retrieved from /home/airflow/.local/lib/python3.7/site-packages/airflow/example_dags/example_branch_day_of_week_operator.py
[2022-07-06 18:59:53,819] {logging_mixin.py:115} INFO - [2022-07-06 18:59:53,819] {dag.py:2371} INFO - Sync 1 DAGs
[2022-07-06 18:59:53,892] {logging_mixin.py:115} INFO - [2022-07-06 18:59:53,892] {dag.py:2919} INFO - Setting next_dagrun for example_weekday_branch_operator to 2022-07-05T00:00:00+00:00, run_after=2022-07-06T00:00:00+00:00
[2022-07-06 18:59:53,921] {processor.py:161} INFO - Processing /home/airflow/.local/lib/python3.7/site-packages/airflow/example_dags/example_branch_day_of_week_operator.py took 0.189 seconds
[2022-07-06 19:00:24,871] {processor.py:153} INFO - Started process (PID=2899) to work on /home/airflow/.local/lib/python3.7/site-packages/airflow/example_dags/example_branch_day_of_week_operator.py
[2022-07-06 19:00:24,872] {processor.py:641} INFO - Processing file /home/airflow/.local/lib/python3.7/site-packages/airflow/example_dags/example_branch_day_of_week_operator.py for tasks to queue
[2022-07-06 19:00:24,874] {logging_mixin.py:115} INFO - [2022-07-06 19:00:24,874] {dagbag.py:507} INFO - Filling up the DagBag from /home/airflow/.local/lib/python3.7/site-packages/airflow/example_dags/example_branch_day_of_week_operator.py
[2022-07-06 19:00:24,884] {processor.py:651} INFO - DAG(s) dict_keys(['example_weekday_branch_operator']) retrieved from /home/airflow/.local/lib/python3.7/site-packages/airflow/example_dags/example_branch_day_of_week_operator.py
[2022-07-06 19:00:24,928] {logging_mixin.py:115} INFO - [2022-07-06 19:00:24,928] {dag.py:2371} INFO - Sync 1 DAGs
[2022-07-06 19:00:24,960] {logging_mixin.py:115} INFO - [2022-07-06 19:00:24,960] {dag.py:2919} INFO - Setting next_dagrun for example_weekday_branch_operator to 2022-07-05T00:00:00+00:00, run_after=2022-07-06T00:00:00+00:00
[2022-07-06 19:00:24,979] {processor.py:161} INFO - Processing /home/airflow/.local/lib/python3.7/site-packages/airflow/example_dags/example_branch_day_of_week_operator.py took 0.113 seconds
[2022-07-06 19:00:55,219] {processor.py:153} INFO - Started process (PID=2962) to work on /home/airflow/.local/lib/python3.7/site-packages/airflow/example_dags/example_branch_day_of_week_operator.py
[2022-07-06 19:00:55,221] {processor.py:641} INFO - Processing file /home/airflow/.local/lib/python3.7/site-packages/airflow/example_dags/example_branch_day_of_week_operator.py for tasks to queue
[2022-07-06 19:00:55,222] {logging_mixin.py:115} INFO - [2022-07-06 19:00:55,222] {dagbag.py:507} INFO - Filling up the DagBag from /home/airflow/.local/lib/python3.7/site-packages/airflow/example_dags/example_branch_day_of_week_operator.py
[2022-07-06 19:00:55,234] {processor.py:651} INFO - DAG(s) dict_keys(['example_weekday_branch_operator']) retrieved from /home/airflow/.local/lib/python3.7/site-packages/airflow/example_dags/example_branch_day_of_week_operator.py
[2022-07-06 19:00:55,282] {logging_mixin.py:115} INFO - [2022-07-06 19:00:55,282] {dag.py:2371} INFO - Sync 1 DAGs
[2022-07-06 19:00:55,317] {logging_mixin.py:115} INFO - [2022-07-06 19:00:55,317] {dag.py:2919} INFO - Setting next_dagrun for example_weekday_branch_operator to 2022-07-05T00:00:00+00:00, run_after=2022-07-06T00:00:00+00:00
[2022-07-06 19:00:55,341] {processor.py:161} INFO - Processing /home/airflow/.local/lib/python3.7/site-packages/airflow/example_dags/example_branch_day_of_week_operator.py took 0.127 seconds
[2022-07-06 19:01:26,031] {processor.py:153} INFO - Started process (PID=3017) to work on /home/airflow/.local/lib/python3.7/site-packages/airflow/example_dags/example_branch_day_of_week_operator.py
[2022-07-06 19:01:26,032] {processor.py:641} INFO - Processing file /home/airflow/.local/lib/python3.7/site-packages/airflow/example_dags/example_branch_day_of_week_operator.py for tasks to queue
[2022-07-06 19:01:26,033] {logging_mixin.py:115} INFO - [2022-07-06 19:01:26,033] {dagbag.py:507} INFO - Filling up the DagBag from /home/airflow/.local/lib/python3.7/site-packages/airflow/example_dags/example_branch_day_of_week_operator.py
[2022-07-06 19:01:26,047] {processor.py:651} INFO - DAG(s) dict_keys(['example_weekday_branch_operator']) retrieved from /home/airflow/.local/lib/python3.7/site-packages/airflow/example_dags/example_branch_day_of_week_operator.py
[2022-07-06 19:01:26,082] {logging_mixin.py:115} INFO - [2022-07-06 19:01:26,082] {dag.py:2371} INFO - Sync 1 DAGs
[2022-07-06 19:01:26,115] {logging_mixin.py:115} INFO - [2022-07-06 19:01:26,115] {dag.py:2919} INFO - Setting next_dagrun for example_weekday_branch_operator to 2022-07-05T00:00:00+00:00, run_after=2022-07-06T00:00:00+00:00
[2022-07-06 19:01:26,133] {processor.py:161} INFO - Processing /home/airflow/.local/lib/python3.7/site-packages/airflow/example_dags/example_branch_day_of_week_operator.py took 0.108 seconds
