[2022-07-06 18:36:10,332] {processor.py:153} INFO - Started process (PID=42) to work on /home/airflow/.local/lib/python3.7/site-packages/airflow/example_dags/example_branch_operator_decorator.py
[2022-07-06 18:36:10,339] {processor.py:641} INFO - Processing file /home/airflow/.local/lib/python3.7/site-packages/airflow/example_dags/example_branch_operator_decorator.py for tasks to queue
[2022-07-06 18:36:10,341] {logging_mixin.py:115} INFO - [2022-07-06 18:36:10,341] {dagbag.py:507} INFO - Filling up the DagBag from /home/airflow/.local/lib/python3.7/site-packages/airflow/example_dags/example_branch_operator_decorator.py
[2022-07-06 18:36:10,383] {processor.py:651} INFO - DAG(s) dict_keys(['example_branch_python_operator_decorator']) retrieved from /home/airflow/.local/lib/python3.7/site-packages/airflow/example_dags/example_branch_operator_decorator.py
[2022-07-06 18:36:10,461] {logging_mixin.py:115} INFO - [2022-07-06 18:36:10,461] {dag.py:2371} INFO - Sync 1 DAGs
[2022-07-06 18:36:10,510] {logging_mixin.py:115} INFO - [2022-07-06 18:36:10,510] {dag.py:2919} INFO - Setting next_dagrun for example_branch_python_operator_decorator to 2022-07-05T00:00:00+00:00, run_after=2022-07-06T00:00:00+00:00
[2022-07-06 18:36:10,533] {processor.py:161} INFO - Processing /home/airflow/.local/lib/python3.7/site-packages/airflow/example_dags/example_branch_operator_decorator.py took 0.206 seconds
[2022-07-06 18:36:41,039] {processor.py:153} INFO - Started process (PID=96) to work on /home/airflow/.local/lib/python3.7/site-packages/airflow/example_dags/example_branch_operator_decorator.py
[2022-07-06 18:36:41,040] {processor.py:641} INFO - Processing file /home/airflow/.local/lib/python3.7/site-packages/airflow/example_dags/example_branch_operator_decorator.py for tasks to queue
[2022-07-06 18:36:41,041] {logging_mixin.py:115} INFO - [2022-07-06 18:36:41,041] {dagbag.py:507} INFO - Filling up the DagBag from /home/airflow/.local/lib/python3.7/site-packages/airflow/example_dags/example_branch_operator_decorator.py
[2022-07-06 18:36:41,070] {processor.py:651} INFO - DAG(s) dict_keys(['example_branch_python_operator_decorator']) retrieved from /home/airflow/.local/lib/python3.7/site-packages/airflow/example_dags/example_branch_operator_decorator.py
[2022-07-06 18:36:41,119] {logging_mixin.py:115} INFO - [2022-07-06 18:36:41,119] {dag.py:2371} INFO - Sync 1 DAGs
[2022-07-06 18:36:41,153] {logging_mixin.py:115} INFO - [2022-07-06 18:36:41,153] {dag.py:2919} INFO - Setting next_dagrun for example_branch_python_operator_decorator to 2022-07-05T00:00:00+00:00, run_after=2022-07-06T00:00:00+00:00
[2022-07-06 18:36:41,168] {processor.py:161} INFO - Processing /home/airflow/.local/lib/python3.7/site-packages/airflow/example_dags/example_branch_operator_decorator.py took 0.133 seconds
[2022-07-06 18:37:11,236] {processor.py:153} INFO - Started process (PID=159) to work on /home/airflow/.local/lib/python3.7/site-packages/airflow/example_dags/example_branch_operator_decorator.py
[2022-07-06 18:37:11,237] {processor.py:641} INFO - Processing file /home/airflow/.local/lib/python3.7/site-packages/airflow/example_dags/example_branch_operator_decorator.py for tasks to queue
[2022-07-06 18:37:11,238] {logging_mixin.py:115} INFO - [2022-07-06 18:37:11,238] {dagbag.py:507} INFO - Filling up the DagBag from /home/airflow/.local/lib/python3.7/site-packages/airflow/example_dags/example_branch_operator_decorator.py
[2022-07-06 18:37:11,262] {processor.py:651} INFO - DAG(s) dict_keys(['example_branch_python_operator_decorator']) retrieved from /home/airflow/.local/lib/python3.7/site-packages/airflow/example_dags/example_branch_operator_decorator.py
[2022-07-06 18:37:11,296] {logging_mixin.py:115} INFO - [2022-07-06 18:37:11,296] {dag.py:2371} INFO - Sync 1 DAGs
[2022-07-06 18:37:11,326] {logging_mixin.py:115} INFO - [2022-07-06 18:37:11,326] {dag.py:2919} INFO - Setting next_dagrun for example_branch_python_operator_decorator to 2022-07-05T00:00:00+00:00, run_after=2022-07-06T00:00:00+00:00
[2022-07-06 18:37:11,340] {processor.py:161} INFO - Processing /home/airflow/.local/lib/python3.7/site-packages/airflow/example_dags/example_branch_operator_decorator.py took 0.108 seconds
[2022-07-06 18:37:41,684] {processor.py:153} INFO - Started process (PID=223) to work on /home/airflow/.local/lib/python3.7/site-packages/airflow/example_dags/example_branch_operator_decorator.py
[2022-07-06 18:37:41,685] {processor.py:641} INFO - Processing file /home/airflow/.local/lib/python3.7/site-packages/airflow/example_dags/example_branch_operator_decorator.py for tasks to queue
[2022-07-06 18:37:41,686] {logging_mixin.py:115} INFO - [2022-07-06 18:37:41,686] {dagbag.py:507} INFO - Filling up the DagBag from /home/airflow/.local/lib/python3.7/site-packages/airflow/example_dags/example_branch_operator_decorator.py
[2022-07-06 18:37:41,710] {processor.py:651} INFO - DAG(s) dict_keys(['example_branch_python_operator_decorator']) retrieved from /home/airflow/.local/lib/python3.7/site-packages/airflow/example_dags/example_branch_operator_decorator.py
[2022-07-06 18:37:41,744] {logging_mixin.py:115} INFO - [2022-07-06 18:37:41,744] {dag.py:2371} INFO - Sync 1 DAGs
[2022-07-06 18:37:41,773] {logging_mixin.py:115} INFO - [2022-07-06 18:37:41,773] {dag.py:2919} INFO - Setting next_dagrun for example_branch_python_operator_decorator to 2022-07-05T00:00:00+00:00, run_after=2022-07-06T00:00:00+00:00
[2022-07-06 18:37:41,789] {processor.py:161} INFO - Processing /home/airflow/.local/lib/python3.7/site-packages/airflow/example_dags/example_branch_operator_decorator.py took 0.111 seconds
[2022-07-06 18:38:11,952] {processor.py:153} INFO - Started process (PID=277) to work on /home/airflow/.local/lib/python3.7/site-packages/airflow/example_dags/example_branch_operator_decorator.py
[2022-07-06 18:38:11,953] {processor.py:641} INFO - Processing file /home/airflow/.local/lib/python3.7/site-packages/airflow/example_dags/example_branch_operator_decorator.py for tasks to queue
[2022-07-06 18:38:11,954] {logging_mixin.py:115} INFO - [2022-07-06 18:38:11,954] {dagbag.py:507} INFO - Filling up the DagBag from /home/airflow/.local/lib/python3.7/site-packages/airflow/example_dags/example_branch_operator_decorator.py
[2022-07-06 18:38:11,979] {processor.py:651} INFO - DAG(s) dict_keys(['example_branch_python_operator_decorator']) retrieved from /home/airflow/.local/lib/python3.7/site-packages/airflow/example_dags/example_branch_operator_decorator.py
[2022-07-06 18:38:12,017] {logging_mixin.py:115} INFO - [2022-07-06 18:38:12,017] {dag.py:2371} INFO - Sync 1 DAGs
[2022-07-06 18:38:12,056] {logging_mixin.py:115} INFO - [2022-07-06 18:38:12,056] {dag.py:2919} INFO - Setting next_dagrun for example_branch_python_operator_decorator to 2022-07-05T00:00:00+00:00, run_after=2022-07-06T00:00:00+00:00
[2022-07-06 18:38:12,075] {processor.py:161} INFO - Processing /home/airflow/.local/lib/python3.7/site-packages/airflow/example_dags/example_branch_operator_decorator.py took 0.127 seconds
[2022-07-06 18:38:42,730] {processor.py:153} INFO - Started process (PID=340) to work on /home/airflow/.local/lib/python3.7/site-packages/airflow/example_dags/example_branch_operator_decorator.py
[2022-07-06 18:38:42,732] {processor.py:641} INFO - Processing file /home/airflow/.local/lib/python3.7/site-packages/airflow/example_dags/example_branch_operator_decorator.py for tasks to queue
[2022-07-06 18:38:42,734] {logging_mixin.py:115} INFO - [2022-07-06 18:38:42,733] {dagbag.py:507} INFO - Filling up the DagBag from /home/airflow/.local/lib/python3.7/site-packages/airflow/example_dags/example_branch_operator_decorator.py
[2022-07-06 18:38:42,765] {processor.py:651} INFO - DAG(s) dict_keys(['example_branch_python_operator_decorator']) retrieved from /home/airflow/.local/lib/python3.7/site-packages/airflow/example_dags/example_branch_operator_decorator.py
[2022-07-06 18:38:42,805] {logging_mixin.py:115} INFO - [2022-07-06 18:38:42,805] {dag.py:2371} INFO - Sync 1 DAGs
[2022-07-06 18:38:42,849] {logging_mixin.py:115} INFO - [2022-07-06 18:38:42,849] {dag.py:2919} INFO - Setting next_dagrun for example_branch_python_operator_decorator to 2022-07-05T00:00:00+00:00, run_after=2022-07-06T00:00:00+00:00
[2022-07-06 18:38:42,873] {processor.py:161} INFO - Processing /home/airflow/.local/lib/python3.7/site-packages/airflow/example_dags/example_branch_operator_decorator.py took 0.151 seconds
[2022-07-06 18:39:12,928] {processor.py:153} INFO - Started process (PID=403) to work on /home/airflow/.local/lib/python3.7/site-packages/airflow/example_dags/example_branch_operator_decorator.py
[2022-07-06 18:39:12,929] {processor.py:641} INFO - Processing file /home/airflow/.local/lib/python3.7/site-packages/airflow/example_dags/example_branch_operator_decorator.py for tasks to queue
[2022-07-06 18:39:12,931] {logging_mixin.py:115} INFO - [2022-07-06 18:39:12,931] {dagbag.py:507} INFO - Filling up the DagBag from /home/airflow/.local/lib/python3.7/site-packages/airflow/example_dags/example_branch_operator_decorator.py
[2022-07-06 18:39:12,965] {processor.py:651} INFO - DAG(s) dict_keys(['example_branch_python_operator_decorator']) retrieved from /home/airflow/.local/lib/python3.7/site-packages/airflow/example_dags/example_branch_operator_decorator.py
[2022-07-06 18:39:13,003] {logging_mixin.py:115} INFO - [2022-07-06 18:39:13,003] {dag.py:2371} INFO - Sync 1 DAGs
[2022-07-06 18:39:13,045] {logging_mixin.py:115} INFO - [2022-07-06 18:39:13,044] {dag.py:2919} INFO - Setting next_dagrun for example_branch_python_operator_decorator to 2022-07-05T00:00:00+00:00, run_after=2022-07-06T00:00:00+00:00
[2022-07-06 18:39:13,068] {processor.py:161} INFO - Processing /home/airflow/.local/lib/python3.7/site-packages/airflow/example_dags/example_branch_operator_decorator.py took 0.144 seconds
[2022-07-06 18:39:43,129] {processor.py:153} INFO - Started process (PID=459) to work on /home/airflow/.local/lib/python3.7/site-packages/airflow/example_dags/example_branch_operator_decorator.py
[2022-07-06 18:39:43,130] {processor.py:641} INFO - Processing file /home/airflow/.local/lib/python3.7/site-packages/airflow/example_dags/example_branch_operator_decorator.py for tasks to queue
[2022-07-06 18:39:43,131] {logging_mixin.py:115} INFO - [2022-07-06 18:39:43,131] {dagbag.py:507} INFO - Filling up the DagBag from /home/airflow/.local/lib/python3.7/site-packages/airflow/example_dags/example_branch_operator_decorator.py
[2022-07-06 18:39:43,157] {processor.py:651} INFO - DAG(s) dict_keys(['example_branch_python_operator_decorator']) retrieved from /home/airflow/.local/lib/python3.7/site-packages/airflow/example_dags/example_branch_operator_decorator.py
[2022-07-06 18:39:43,192] {logging_mixin.py:115} INFO - [2022-07-06 18:39:43,192] {dag.py:2371} INFO - Sync 1 DAGs
[2022-07-06 18:39:43,223] {logging_mixin.py:115} INFO - [2022-07-06 18:39:43,223] {dag.py:2919} INFO - Setting next_dagrun for example_branch_python_operator_decorator to 2022-07-05T00:00:00+00:00, run_after=2022-07-06T00:00:00+00:00
[2022-07-06 18:39:43,239] {processor.py:161} INFO - Processing /home/airflow/.local/lib/python3.7/site-packages/airflow/example_dags/example_branch_operator_decorator.py took 0.116 seconds
[2022-07-06 18:40:14,051] {processor.py:153} INFO - Started process (PID=523) to work on /home/airflow/.local/lib/python3.7/site-packages/airflow/example_dags/example_branch_operator_decorator.py
[2022-07-06 18:40:14,052] {processor.py:641} INFO - Processing file /home/airflow/.local/lib/python3.7/site-packages/airflow/example_dags/example_branch_operator_decorator.py for tasks to queue
[2022-07-06 18:40:14,054] {logging_mixin.py:115} INFO - [2022-07-06 18:40:14,054] {dagbag.py:507} INFO - Filling up the DagBag from /home/airflow/.local/lib/python3.7/site-packages/airflow/example_dags/example_branch_operator_decorator.py
[2022-07-06 18:40:14,080] {processor.py:651} INFO - DAG(s) dict_keys(['example_branch_python_operator_decorator']) retrieved from /home/airflow/.local/lib/python3.7/site-packages/airflow/example_dags/example_branch_operator_decorator.py
[2022-07-06 18:40:14,116] {logging_mixin.py:115} INFO - [2022-07-06 18:40:14,116] {dag.py:2371} INFO - Sync 1 DAGs
[2022-07-06 18:40:14,151] {logging_mixin.py:115} INFO - [2022-07-06 18:40:14,151] {dag.py:2919} INFO - Setting next_dagrun for example_branch_python_operator_decorator to 2022-07-05T00:00:00+00:00, run_after=2022-07-06T00:00:00+00:00
[2022-07-06 18:40:14,167] {processor.py:161} INFO - Processing /home/airflow/.local/lib/python3.7/site-packages/airflow/example_dags/example_branch_operator_decorator.py took 0.120 seconds
[2022-07-06 18:40:44,355] {processor.py:153} INFO - Started process (PID=576) to work on /home/airflow/.local/lib/python3.7/site-packages/airflow/example_dags/example_branch_operator_decorator.py
[2022-07-06 18:40:44,356] {processor.py:641} INFO - Processing file /home/airflow/.local/lib/python3.7/site-packages/airflow/example_dags/example_branch_operator_decorator.py for tasks to queue
[2022-07-06 18:40:44,358] {logging_mixin.py:115} INFO - [2022-07-06 18:40:44,358] {dagbag.py:507} INFO - Filling up the DagBag from /home/airflow/.local/lib/python3.7/site-packages/airflow/example_dags/example_branch_operator_decorator.py
[2022-07-06 18:40:44,383] {processor.py:651} INFO - DAG(s) dict_keys(['example_branch_python_operator_decorator']) retrieved from /home/airflow/.local/lib/python3.7/site-packages/airflow/example_dags/example_branch_operator_decorator.py
[2022-07-06 18:40:44,418] {logging_mixin.py:115} INFO - [2022-07-06 18:40:44,417] {dag.py:2371} INFO - Sync 1 DAGs
[2022-07-06 18:40:44,458] {logging_mixin.py:115} INFO - [2022-07-06 18:40:44,458] {dag.py:2919} INFO - Setting next_dagrun for example_branch_python_operator_decorator to 2022-07-05T00:00:00+00:00, run_after=2022-07-06T00:00:00+00:00
[2022-07-06 18:40:44,474] {processor.py:161} INFO - Processing /home/airflow/.local/lib/python3.7/site-packages/airflow/example_dags/example_branch_operator_decorator.py took 0.124 seconds
[2022-07-06 18:41:14,829] {processor.py:153} INFO - Started process (PID=642) to work on /home/airflow/.local/lib/python3.7/site-packages/airflow/example_dags/example_branch_operator_decorator.py
[2022-07-06 18:41:14,830] {processor.py:641} INFO - Processing file /home/airflow/.local/lib/python3.7/site-packages/airflow/example_dags/example_branch_operator_decorator.py for tasks to queue
[2022-07-06 18:41:14,832] {logging_mixin.py:115} INFO - [2022-07-06 18:41:14,831] {dagbag.py:507} INFO - Filling up the DagBag from /home/airflow/.local/lib/python3.7/site-packages/airflow/example_dags/example_branch_operator_decorator.py
[2022-07-06 18:41:14,859] {processor.py:651} INFO - DAG(s) dict_keys(['example_branch_python_operator_decorator']) retrieved from /home/airflow/.local/lib/python3.7/site-packages/airflow/example_dags/example_branch_operator_decorator.py
[2022-07-06 18:41:14,896] {logging_mixin.py:115} INFO - [2022-07-06 18:41:14,896] {dag.py:2371} INFO - Sync 1 DAGs
[2022-07-06 18:41:14,934] {logging_mixin.py:115} INFO - [2022-07-06 18:41:14,934] {dag.py:2919} INFO - Setting next_dagrun for example_branch_python_operator_decorator to 2022-07-05T00:00:00+00:00, run_after=2022-07-06T00:00:00+00:00
[2022-07-06 18:41:14,949] {processor.py:161} INFO - Processing /home/airflow/.local/lib/python3.7/site-packages/airflow/example_dags/example_branch_operator_decorator.py took 0.128 seconds
[2022-07-06 18:41:45,035] {processor.py:153} INFO - Started process (PID=707) to work on /home/airflow/.local/lib/python3.7/site-packages/airflow/example_dags/example_branch_operator_decorator.py
[2022-07-06 18:41:45,037] {processor.py:641} INFO - Processing file /home/airflow/.local/lib/python3.7/site-packages/airflow/example_dags/example_branch_operator_decorator.py for tasks to queue
[2022-07-06 18:41:45,038] {logging_mixin.py:115} INFO - [2022-07-06 18:41:45,038] {dagbag.py:507} INFO - Filling up the DagBag from /home/airflow/.local/lib/python3.7/site-packages/airflow/example_dags/example_branch_operator_decorator.py
[2022-07-06 18:41:45,082] {processor.py:651} INFO - DAG(s) dict_keys(['example_branch_python_operator_decorator']) retrieved from /home/airflow/.local/lib/python3.7/site-packages/airflow/example_dags/example_branch_operator_decorator.py
[2022-07-06 18:41:45,124] {logging_mixin.py:115} INFO - [2022-07-06 18:41:45,124] {dag.py:2371} INFO - Sync 1 DAGs
[2022-07-06 18:41:45,156] {logging_mixin.py:115} INFO - [2022-07-06 18:41:45,156] {dag.py:2919} INFO - Setting next_dagrun for example_branch_python_operator_decorator to 2022-07-05T00:00:00+00:00, run_after=2022-07-06T00:00:00+00:00
[2022-07-06 18:41:45,171] {processor.py:161} INFO - Processing /home/airflow/.local/lib/python3.7/site-packages/airflow/example_dags/example_branch_operator_decorator.py took 0.146 seconds
[2022-07-06 18:42:16,014] {processor.py:153} INFO - Started process (PID=759) to work on /home/airflow/.local/lib/python3.7/site-packages/airflow/example_dags/example_branch_operator_decorator.py
[2022-07-06 18:42:16,016] {processor.py:641} INFO - Processing file /home/airflow/.local/lib/python3.7/site-packages/airflow/example_dags/example_branch_operator_decorator.py for tasks to queue
[2022-07-06 18:42:16,019] {logging_mixin.py:115} INFO - [2022-07-06 18:42:16,018] {dagbag.py:507} INFO - Filling up the DagBag from /home/airflow/.local/lib/python3.7/site-packages/airflow/example_dags/example_branch_operator_decorator.py
[2022-07-06 18:42:16,046] {processor.py:651} INFO - DAG(s) dict_keys(['example_branch_python_operator_decorator']) retrieved from /home/airflow/.local/lib/python3.7/site-packages/airflow/example_dags/example_branch_operator_decorator.py
[2022-07-06 18:42:16,086] {logging_mixin.py:115} INFO - [2022-07-06 18:42:16,086] {dag.py:2371} INFO - Sync 1 DAGs
[2022-07-06 18:42:16,124] {logging_mixin.py:115} INFO - [2022-07-06 18:42:16,124] {dag.py:2919} INFO - Setting next_dagrun for example_branch_python_operator_decorator to 2022-07-05T00:00:00+00:00, run_after=2022-07-06T00:00:00+00:00
[2022-07-06 18:42:16,140] {processor.py:161} INFO - Processing /home/airflow/.local/lib/python3.7/site-packages/airflow/example_dags/example_branch_operator_decorator.py took 0.130 seconds
[2022-07-06 18:42:46,923] {processor.py:153} INFO - Started process (PID=823) to work on /home/airflow/.local/lib/python3.7/site-packages/airflow/example_dags/example_branch_operator_decorator.py
[2022-07-06 18:42:46,924] {processor.py:641} INFO - Processing file /home/airflow/.local/lib/python3.7/site-packages/airflow/example_dags/example_branch_operator_decorator.py for tasks to queue
[2022-07-06 18:42:46,925] {logging_mixin.py:115} INFO - [2022-07-06 18:42:46,925] {dagbag.py:507} INFO - Filling up the DagBag from /home/airflow/.local/lib/python3.7/site-packages/airflow/example_dags/example_branch_operator_decorator.py
[2022-07-06 18:42:46,949] {processor.py:651} INFO - DAG(s) dict_keys(['example_branch_python_operator_decorator']) retrieved from /home/airflow/.local/lib/python3.7/site-packages/airflow/example_dags/example_branch_operator_decorator.py
[2022-07-06 18:42:46,983] {logging_mixin.py:115} INFO - [2022-07-06 18:42:46,983] {dag.py:2371} INFO - Sync 1 DAGs
[2022-07-06 18:42:47,013] {logging_mixin.py:115} INFO - [2022-07-06 18:42:47,013] {dag.py:2919} INFO - Setting next_dagrun for example_branch_python_operator_decorator to 2022-07-05T00:00:00+00:00, run_after=2022-07-06T00:00:00+00:00
[2022-07-06 18:42:47,028] {processor.py:161} INFO - Processing /home/airflow/.local/lib/python3.7/site-packages/airflow/example_dags/example_branch_operator_decorator.py took 0.110 seconds
[2022-07-06 18:43:17,682] {processor.py:153} INFO - Started process (PID=890) to work on /home/airflow/.local/lib/python3.7/site-packages/airflow/example_dags/example_branch_operator_decorator.py
[2022-07-06 18:43:17,685] {processor.py:641} INFO - Processing file /home/airflow/.local/lib/python3.7/site-packages/airflow/example_dags/example_branch_operator_decorator.py for tasks to queue
[2022-07-06 18:43:17,686] {logging_mixin.py:115} INFO - [2022-07-06 18:43:17,686] {dagbag.py:507} INFO - Filling up the DagBag from /home/airflow/.local/lib/python3.7/site-packages/airflow/example_dags/example_branch_operator_decorator.py
[2022-07-06 18:43:17,715] {processor.py:651} INFO - DAG(s) dict_keys(['example_branch_python_operator_decorator']) retrieved from /home/airflow/.local/lib/python3.7/site-packages/airflow/example_dags/example_branch_operator_decorator.py
[2022-07-06 18:43:17,752] {logging_mixin.py:115} INFO - [2022-07-06 18:43:17,752] {dag.py:2371} INFO - Sync 1 DAGs
[2022-07-06 18:43:17,784] {logging_mixin.py:115} INFO - [2022-07-06 18:43:17,783] {dag.py:2919} INFO - Setting next_dagrun for example_branch_python_operator_decorator to 2022-07-05T00:00:00+00:00, run_after=2022-07-06T00:00:00+00:00
[2022-07-06 18:43:17,797] {processor.py:161} INFO - Processing /home/airflow/.local/lib/python3.7/site-packages/airflow/example_dags/example_branch_operator_decorator.py took 0.121 seconds
[2022-07-06 18:43:48,379] {processor.py:153} INFO - Started process (PID=945) to work on /home/airflow/.local/lib/python3.7/site-packages/airflow/example_dags/example_branch_operator_decorator.py
[2022-07-06 18:43:48,381] {processor.py:641} INFO - Processing file /home/airflow/.local/lib/python3.7/site-packages/airflow/example_dags/example_branch_operator_decorator.py for tasks to queue
[2022-07-06 18:43:48,382] {logging_mixin.py:115} INFO - [2022-07-06 18:43:48,382] {dagbag.py:507} INFO - Filling up the DagBag from /home/airflow/.local/lib/python3.7/site-packages/airflow/example_dags/example_branch_operator_decorator.py
[2022-07-06 18:43:48,407] {processor.py:651} INFO - DAG(s) dict_keys(['example_branch_python_operator_decorator']) retrieved from /home/airflow/.local/lib/python3.7/site-packages/airflow/example_dags/example_branch_operator_decorator.py
[2022-07-06 18:43:48,442] {logging_mixin.py:115} INFO - [2022-07-06 18:43:48,442] {dag.py:2371} INFO - Sync 1 DAGs
[2022-07-06 18:43:48,473] {logging_mixin.py:115} INFO - [2022-07-06 18:43:48,473] {dag.py:2919} INFO - Setting next_dagrun for example_branch_python_operator_decorator to 2022-07-05T00:00:00+00:00, run_after=2022-07-06T00:00:00+00:00
[2022-07-06 18:43:48,491] {processor.py:161} INFO - Processing /home/airflow/.local/lib/python3.7/site-packages/airflow/example_dags/example_branch_operator_decorator.py took 0.118 seconds
[2022-07-06 18:44:19,170] {processor.py:153} INFO - Started process (PID=1009) to work on /home/airflow/.local/lib/python3.7/site-packages/airflow/example_dags/example_branch_operator_decorator.py
[2022-07-06 18:44:19,172] {processor.py:641} INFO - Processing file /home/airflow/.local/lib/python3.7/site-packages/airflow/example_dags/example_branch_operator_decorator.py for tasks to queue
[2022-07-06 18:44:19,173] {logging_mixin.py:115} INFO - [2022-07-06 18:44:19,173] {dagbag.py:507} INFO - Filling up the DagBag from /home/airflow/.local/lib/python3.7/site-packages/airflow/example_dags/example_branch_operator_decorator.py
[2022-07-06 18:44:19,196] {processor.py:651} INFO - DAG(s) dict_keys(['example_branch_python_operator_decorator']) retrieved from /home/airflow/.local/lib/python3.7/site-packages/airflow/example_dags/example_branch_operator_decorator.py
[2022-07-06 18:44:19,232] {logging_mixin.py:115} INFO - [2022-07-06 18:44:19,232] {dag.py:2371} INFO - Sync 1 DAGs
[2022-07-06 18:44:19,262] {logging_mixin.py:115} INFO - [2022-07-06 18:44:19,261] {dag.py:2919} INFO - Setting next_dagrun for example_branch_python_operator_decorator to 2022-07-05T00:00:00+00:00, run_after=2022-07-06T00:00:00+00:00
[2022-07-06 18:44:19,277] {processor.py:161} INFO - Processing /home/airflow/.local/lib/python3.7/site-packages/airflow/example_dags/example_branch_operator_decorator.py took 0.111 seconds
[2022-07-06 18:44:49,900] {processor.py:153} INFO - Started process (PID=1068) to work on /home/airflow/.local/lib/python3.7/site-packages/airflow/example_dags/example_branch_operator_decorator.py
[2022-07-06 18:44:49,902] {processor.py:641} INFO - Processing file /home/airflow/.local/lib/python3.7/site-packages/airflow/example_dags/example_branch_operator_decorator.py for tasks to queue
[2022-07-06 18:44:49,907] {logging_mixin.py:115} INFO - [2022-07-06 18:44:49,906] {dagbag.py:507} INFO - Filling up the DagBag from /home/airflow/.local/lib/python3.7/site-packages/airflow/example_dags/example_branch_operator_decorator.py
[2022-07-06 18:44:49,975] {processor.py:651} INFO - DAG(s) dict_keys(['example_branch_python_operator_decorator']) retrieved from /home/airflow/.local/lib/python3.7/site-packages/airflow/example_dags/example_branch_operator_decorator.py
[2022-07-06 18:44:50,041] {logging_mixin.py:115} INFO - [2022-07-06 18:44:50,041] {dag.py:2371} INFO - Sync 1 DAGs
[2022-07-06 18:44:50,074] {logging_mixin.py:115} INFO - [2022-07-06 18:44:50,074] {dag.py:2919} INFO - Setting next_dagrun for example_branch_python_operator_decorator to 2022-07-05T00:00:00+00:00, run_after=2022-07-06T00:00:00+00:00
[2022-07-06 18:44:50,093] {processor.py:161} INFO - Processing /home/airflow/.local/lib/python3.7/site-packages/airflow/example_dags/example_branch_operator_decorator.py took 0.204 seconds
[2022-07-06 18:45:20,228] {processor.py:153} INFO - Started process (PID=1124) to work on /home/airflow/.local/lib/python3.7/site-packages/airflow/example_dags/example_branch_operator_decorator.py
[2022-07-06 18:45:20,229] {processor.py:641} INFO - Processing file /home/airflow/.local/lib/python3.7/site-packages/airflow/example_dags/example_branch_operator_decorator.py for tasks to queue
[2022-07-06 18:45:20,231] {logging_mixin.py:115} INFO - [2022-07-06 18:45:20,230] {dagbag.py:507} INFO - Filling up the DagBag from /home/airflow/.local/lib/python3.7/site-packages/airflow/example_dags/example_branch_operator_decorator.py
[2022-07-06 18:45:20,255] {processor.py:651} INFO - DAG(s) dict_keys(['example_branch_python_operator_decorator']) retrieved from /home/airflow/.local/lib/python3.7/site-packages/airflow/example_dags/example_branch_operator_decorator.py
[2022-07-06 18:45:20,287] {logging_mixin.py:115} INFO - [2022-07-06 18:45:20,287] {dag.py:2371} INFO - Sync 1 DAGs
[2022-07-06 18:45:20,318] {logging_mixin.py:115} INFO - [2022-07-06 18:45:20,318] {dag.py:2919} INFO - Setting next_dagrun for example_branch_python_operator_decorator to 2022-07-05T00:00:00+00:00, run_after=2022-07-06T00:00:00+00:00
[2022-07-06 18:45:20,333] {processor.py:161} INFO - Processing /home/airflow/.local/lib/python3.7/site-packages/airflow/example_dags/example_branch_operator_decorator.py took 0.110 seconds
[2022-07-06 18:45:50,747] {processor.py:153} INFO - Started process (PID=1187) to work on /home/airflow/.local/lib/python3.7/site-packages/airflow/example_dags/example_branch_operator_decorator.py
[2022-07-06 18:45:50,749] {processor.py:641} INFO - Processing file /home/airflow/.local/lib/python3.7/site-packages/airflow/example_dags/example_branch_operator_decorator.py for tasks to queue
[2022-07-06 18:45:50,750] {logging_mixin.py:115} INFO - [2022-07-06 18:45:50,750] {dagbag.py:507} INFO - Filling up the DagBag from /home/airflow/.local/lib/python3.7/site-packages/airflow/example_dags/example_branch_operator_decorator.py
[2022-07-06 18:45:50,773] {processor.py:651} INFO - DAG(s) dict_keys(['example_branch_python_operator_decorator']) retrieved from /home/airflow/.local/lib/python3.7/site-packages/airflow/example_dags/example_branch_operator_decorator.py
[2022-07-06 18:45:50,807] {logging_mixin.py:115} INFO - [2022-07-06 18:45:50,807] {dag.py:2371} INFO - Sync 1 DAGs
[2022-07-06 18:45:50,837] {logging_mixin.py:115} INFO - [2022-07-06 18:45:50,837] {dag.py:2919} INFO - Setting next_dagrun for example_branch_python_operator_decorator to 2022-07-05T00:00:00+00:00, run_after=2022-07-06T00:00:00+00:00
[2022-07-06 18:45:50,853] {processor.py:161} INFO - Processing /home/airflow/.local/lib/python3.7/site-packages/airflow/example_dags/example_branch_operator_decorator.py took 0.111 seconds
[2022-07-06 18:46:21,095] {processor.py:153} INFO - Started process (PID=1241) to work on /home/airflow/.local/lib/python3.7/site-packages/airflow/example_dags/example_branch_operator_decorator.py
[2022-07-06 18:46:21,096] {processor.py:641} INFO - Processing file /home/airflow/.local/lib/python3.7/site-packages/airflow/example_dags/example_branch_operator_decorator.py for tasks to queue
[2022-07-06 18:46:21,097] {logging_mixin.py:115} INFO - [2022-07-06 18:46:21,097] {dagbag.py:507} INFO - Filling up the DagBag from /home/airflow/.local/lib/python3.7/site-packages/airflow/example_dags/example_branch_operator_decorator.py
[2022-07-06 18:46:21,123] {processor.py:651} INFO - DAG(s) dict_keys(['example_branch_python_operator_decorator']) retrieved from /home/airflow/.local/lib/python3.7/site-packages/airflow/example_dags/example_branch_operator_decorator.py
[2022-07-06 18:46:21,163] {logging_mixin.py:115} INFO - [2022-07-06 18:46:21,163] {dag.py:2371} INFO - Sync 1 DAGs
[2022-07-06 18:46:21,194] {logging_mixin.py:115} INFO - [2022-07-06 18:46:21,194] {dag.py:2919} INFO - Setting next_dagrun for example_branch_python_operator_decorator to 2022-07-05T00:00:00+00:00, run_after=2022-07-06T00:00:00+00:00
[2022-07-06 18:46:21,216] {processor.py:161} INFO - Processing /home/airflow/.local/lib/python3.7/site-packages/airflow/example_dags/example_branch_operator_decorator.py took 0.126 seconds
[2022-07-06 18:46:52,208] {processor.py:153} INFO - Started process (PID=1306) to work on /home/airflow/.local/lib/python3.7/site-packages/airflow/example_dags/example_branch_operator_decorator.py
[2022-07-06 18:46:52,209] {processor.py:641} INFO - Processing file /home/airflow/.local/lib/python3.7/site-packages/airflow/example_dags/example_branch_operator_decorator.py for tasks to queue
[2022-07-06 18:46:52,211] {logging_mixin.py:115} INFO - [2022-07-06 18:46:52,210] {dagbag.py:507} INFO - Filling up the DagBag from /home/airflow/.local/lib/python3.7/site-packages/airflow/example_dags/example_branch_operator_decorator.py
[2022-07-06 18:46:52,236] {processor.py:651} INFO - DAG(s) dict_keys(['example_branch_python_operator_decorator']) retrieved from /home/airflow/.local/lib/python3.7/site-packages/airflow/example_dags/example_branch_operator_decorator.py
[2022-07-06 18:46:52,268] {logging_mixin.py:115} INFO - [2022-07-06 18:46:52,268] {dag.py:2371} INFO - Sync 1 DAGs
[2022-07-06 18:46:52,297] {logging_mixin.py:115} INFO - [2022-07-06 18:46:52,297] {dag.py:2919} INFO - Setting next_dagrun for example_branch_python_operator_decorator to 2022-07-05T00:00:00+00:00, run_after=2022-07-06T00:00:00+00:00
[2022-07-06 18:46:52,314] {processor.py:161} INFO - Processing /home/airflow/.local/lib/python3.7/site-packages/airflow/example_dags/example_branch_operator_decorator.py took 0.111 seconds
[2022-07-06 18:47:22,832] {processor.py:153} INFO - Started process (PID=1370) to work on /home/airflow/.local/lib/python3.7/site-packages/airflow/example_dags/example_branch_operator_decorator.py
[2022-07-06 18:47:22,833] {processor.py:641} INFO - Processing file /home/airflow/.local/lib/python3.7/site-packages/airflow/example_dags/example_branch_operator_decorator.py for tasks to queue
[2022-07-06 18:47:22,835] {logging_mixin.py:115} INFO - [2022-07-06 18:47:22,834] {dagbag.py:507} INFO - Filling up the DagBag from /home/airflow/.local/lib/python3.7/site-packages/airflow/example_dags/example_branch_operator_decorator.py
[2022-07-06 18:47:22,864] {processor.py:651} INFO - DAG(s) dict_keys(['example_branch_python_operator_decorator']) retrieved from /home/airflow/.local/lib/python3.7/site-packages/airflow/example_dags/example_branch_operator_decorator.py
[2022-07-06 18:47:22,903] {logging_mixin.py:115} INFO - [2022-07-06 18:47:22,903] {dag.py:2371} INFO - Sync 1 DAGs
[2022-07-06 18:47:22,941] {logging_mixin.py:115} INFO - [2022-07-06 18:47:22,941] {dag.py:2919} INFO - Setting next_dagrun for example_branch_python_operator_decorator to 2022-07-05T00:00:00+00:00, run_after=2022-07-06T00:00:00+00:00
[2022-07-06 18:47:22,960] {processor.py:161} INFO - Processing /home/airflow/.local/lib/python3.7/site-packages/airflow/example_dags/example_branch_operator_decorator.py took 0.134 seconds
[2022-07-06 18:47:53,673] {processor.py:153} INFO - Started process (PID=1423) to work on /home/airflow/.local/lib/python3.7/site-packages/airflow/example_dags/example_branch_operator_decorator.py
[2022-07-06 18:47:53,674] {processor.py:641} INFO - Processing file /home/airflow/.local/lib/python3.7/site-packages/airflow/example_dags/example_branch_operator_decorator.py for tasks to queue
[2022-07-06 18:47:53,675] {logging_mixin.py:115} INFO - [2022-07-06 18:47:53,675] {dagbag.py:507} INFO - Filling up the DagBag from /home/airflow/.local/lib/python3.7/site-packages/airflow/example_dags/example_branch_operator_decorator.py
[2022-07-06 18:47:53,702] {processor.py:651} INFO - DAG(s) dict_keys(['example_branch_python_operator_decorator']) retrieved from /home/airflow/.local/lib/python3.7/site-packages/airflow/example_dags/example_branch_operator_decorator.py
[2022-07-06 18:47:53,740] {logging_mixin.py:115} INFO - [2022-07-06 18:47:53,740] {dag.py:2371} INFO - Sync 1 DAGs
[2022-07-06 18:47:53,772] {logging_mixin.py:115} INFO - [2022-07-06 18:47:53,772] {dag.py:2919} INFO - Setting next_dagrun for example_branch_python_operator_decorator to 2022-07-05T00:00:00+00:00, run_after=2022-07-06T00:00:00+00:00
[2022-07-06 18:47:53,788] {processor.py:161} INFO - Processing /home/airflow/.local/lib/python3.7/site-packages/airflow/example_dags/example_branch_operator_decorator.py took 0.120 seconds
[2022-07-06 18:48:24,752] {processor.py:153} INFO - Started process (PID=1489) to work on /home/airflow/.local/lib/python3.7/site-packages/airflow/example_dags/example_branch_operator_decorator.py
[2022-07-06 18:48:24,753] {processor.py:641} INFO - Processing file /home/airflow/.local/lib/python3.7/site-packages/airflow/example_dags/example_branch_operator_decorator.py for tasks to queue
[2022-07-06 18:48:24,755] {logging_mixin.py:115} INFO - [2022-07-06 18:48:24,754] {dagbag.py:507} INFO - Filling up the DagBag from /home/airflow/.local/lib/python3.7/site-packages/airflow/example_dags/example_branch_operator_decorator.py
[2022-07-06 18:48:24,780] {processor.py:651} INFO - DAG(s) dict_keys(['example_branch_python_operator_decorator']) retrieved from /home/airflow/.local/lib/python3.7/site-packages/airflow/example_dags/example_branch_operator_decorator.py
[2022-07-06 18:48:24,814] {logging_mixin.py:115} INFO - [2022-07-06 18:48:24,814] {dag.py:2371} INFO - Sync 1 DAGs
[2022-07-06 18:48:24,844] {logging_mixin.py:115} INFO - [2022-07-06 18:48:24,843] {dag.py:2919} INFO - Setting next_dagrun for example_branch_python_operator_decorator to 2022-07-05T00:00:00+00:00, run_after=2022-07-06T00:00:00+00:00
[2022-07-06 18:48:24,860] {processor.py:161} INFO - Processing /home/airflow/.local/lib/python3.7/site-packages/airflow/example_dags/example_branch_operator_decorator.py took 0.113 seconds
[2022-07-06 18:48:55,298] {processor.py:153} INFO - Started process (PID=1553) to work on /home/airflow/.local/lib/python3.7/site-packages/airflow/example_dags/example_branch_operator_decorator.py
[2022-07-06 18:48:55,299] {processor.py:641} INFO - Processing file /home/airflow/.local/lib/python3.7/site-packages/airflow/example_dags/example_branch_operator_decorator.py for tasks to queue
[2022-07-06 18:48:55,301] {logging_mixin.py:115} INFO - [2022-07-06 18:48:55,301] {dagbag.py:507} INFO - Filling up the DagBag from /home/airflow/.local/lib/python3.7/site-packages/airflow/example_dags/example_branch_operator_decorator.py
[2022-07-06 18:48:55,333] {processor.py:651} INFO - DAG(s) dict_keys(['example_branch_python_operator_decorator']) retrieved from /home/airflow/.local/lib/python3.7/site-packages/airflow/example_dags/example_branch_operator_decorator.py
[2022-07-06 18:48:55,365] {logging_mixin.py:115} INFO - [2022-07-06 18:48:55,365] {dag.py:2371} INFO - Sync 1 DAGs
[2022-07-06 18:48:55,395] {logging_mixin.py:115} INFO - [2022-07-06 18:48:55,395] {dag.py:2919} INFO - Setting next_dagrun for example_branch_python_operator_decorator to 2022-07-05T00:00:00+00:00, run_after=2022-07-06T00:00:00+00:00
[2022-07-06 18:48:55,409] {processor.py:161} INFO - Processing /home/airflow/.local/lib/python3.7/site-packages/airflow/example_dags/example_branch_operator_decorator.py took 0.117 seconds
[2022-07-06 18:49:25,933] {processor.py:153} INFO - Started process (PID=1607) to work on /home/airflow/.local/lib/python3.7/site-packages/airflow/example_dags/example_branch_operator_decorator.py
[2022-07-06 18:49:25,934] {processor.py:641} INFO - Processing file /home/airflow/.local/lib/python3.7/site-packages/airflow/example_dags/example_branch_operator_decorator.py for tasks to queue
[2022-07-06 18:49:25,936] {logging_mixin.py:115} INFO - [2022-07-06 18:49:25,936] {dagbag.py:507} INFO - Filling up the DagBag from /home/airflow/.local/lib/python3.7/site-packages/airflow/example_dags/example_branch_operator_decorator.py
[2022-07-06 18:49:25,960] {processor.py:651} INFO - DAG(s) dict_keys(['example_branch_python_operator_decorator']) retrieved from /home/airflow/.local/lib/python3.7/site-packages/airflow/example_dags/example_branch_operator_decorator.py
[2022-07-06 18:49:25,994] {logging_mixin.py:115} INFO - [2022-07-06 18:49:25,994] {dag.py:2371} INFO - Sync 1 DAGs
[2022-07-06 18:49:26,025] {logging_mixin.py:115} INFO - [2022-07-06 18:49:26,025] {dag.py:2919} INFO - Setting next_dagrun for example_branch_python_operator_decorator to 2022-07-05T00:00:00+00:00, run_after=2022-07-06T00:00:00+00:00
[2022-07-06 18:49:26,040] {processor.py:161} INFO - Processing /home/airflow/.local/lib/python3.7/site-packages/airflow/example_dags/example_branch_operator_decorator.py took 0.113 seconds
[2022-07-06 18:49:56,653] {processor.py:153} INFO - Started process (PID=1673) to work on /home/airflow/.local/lib/python3.7/site-packages/airflow/example_dags/example_branch_operator_decorator.py
[2022-07-06 18:49:56,654] {processor.py:641} INFO - Processing file /home/airflow/.local/lib/python3.7/site-packages/airflow/example_dags/example_branch_operator_decorator.py for tasks to queue
[2022-07-06 18:49:56,656] {logging_mixin.py:115} INFO - [2022-07-06 18:49:56,655] {dagbag.py:507} INFO - Filling up the DagBag from /home/airflow/.local/lib/python3.7/site-packages/airflow/example_dags/example_branch_operator_decorator.py
[2022-07-06 18:49:56,682] {processor.py:651} INFO - DAG(s) dict_keys(['example_branch_python_operator_decorator']) retrieved from /home/airflow/.local/lib/python3.7/site-packages/airflow/example_dags/example_branch_operator_decorator.py
[2022-07-06 18:49:56,730] {logging_mixin.py:115} INFO - [2022-07-06 18:49:56,730] {dag.py:2371} INFO - Sync 1 DAGs
[2022-07-06 18:49:56,764] {logging_mixin.py:115} INFO - [2022-07-06 18:49:56,764] {dag.py:2919} INFO - Setting next_dagrun for example_branch_python_operator_decorator to 2022-07-05T00:00:00+00:00, run_after=2022-07-06T00:00:00+00:00
[2022-07-06 18:49:56,782] {processor.py:161} INFO - Processing /home/airflow/.local/lib/python3.7/site-packages/airflow/example_dags/example_branch_operator_decorator.py took 0.133 seconds
[2022-07-06 18:50:27,122] {processor.py:153} INFO - Started process (PID=1738) to work on /home/airflow/.local/lib/python3.7/site-packages/airflow/example_dags/example_branch_operator_decorator.py
[2022-07-06 18:50:27,123] {processor.py:641} INFO - Processing file /home/airflow/.local/lib/python3.7/site-packages/airflow/example_dags/example_branch_operator_decorator.py for tasks to queue
[2022-07-06 18:50:27,125] {logging_mixin.py:115} INFO - [2022-07-06 18:50:27,124] {dagbag.py:507} INFO - Filling up the DagBag from /home/airflow/.local/lib/python3.7/site-packages/airflow/example_dags/example_branch_operator_decorator.py
[2022-07-06 18:50:27,169] {processor.py:651} INFO - DAG(s) dict_keys(['example_branch_python_operator_decorator']) retrieved from /home/airflow/.local/lib/python3.7/site-packages/airflow/example_dags/example_branch_operator_decorator.py
[2022-07-06 18:50:27,225] {logging_mixin.py:115} INFO - [2022-07-06 18:50:27,225] {dag.py:2371} INFO - Sync 1 DAGs
[2022-07-06 18:50:27,262] {logging_mixin.py:115} INFO - [2022-07-06 18:50:27,262] {dag.py:2919} INFO - Setting next_dagrun for example_branch_python_operator_decorator to 2022-07-05T00:00:00+00:00, run_after=2022-07-06T00:00:00+00:00
[2022-07-06 18:50:27,279] {processor.py:161} INFO - Processing /home/airflow/.local/lib/python3.7/site-packages/airflow/example_dags/example_branch_operator_decorator.py took 0.161 seconds
[2022-07-06 18:50:57,569] {processor.py:153} INFO - Started process (PID=1793) to work on /home/airflow/.local/lib/python3.7/site-packages/airflow/example_dags/example_branch_operator_decorator.py
[2022-07-06 18:50:57,570] {processor.py:641} INFO - Processing file /home/airflow/.local/lib/python3.7/site-packages/airflow/example_dags/example_branch_operator_decorator.py for tasks to queue
[2022-07-06 18:50:57,572] {logging_mixin.py:115} INFO - [2022-07-06 18:50:57,572] {dagbag.py:507} INFO - Filling up the DagBag from /home/airflow/.local/lib/python3.7/site-packages/airflow/example_dags/example_branch_operator_decorator.py
[2022-07-06 18:50:57,596] {processor.py:651} INFO - DAG(s) dict_keys(['example_branch_python_operator_decorator']) retrieved from /home/airflow/.local/lib/python3.7/site-packages/airflow/example_dags/example_branch_operator_decorator.py
[2022-07-06 18:50:57,629] {logging_mixin.py:115} INFO - [2022-07-06 18:50:57,629] {dag.py:2371} INFO - Sync 1 DAGs
[2022-07-06 18:50:57,659] {logging_mixin.py:115} INFO - [2022-07-06 18:50:57,659] {dag.py:2919} INFO - Setting next_dagrun for example_branch_python_operator_decorator to 2022-07-05T00:00:00+00:00, run_after=2022-07-06T00:00:00+00:00
[2022-07-06 18:50:57,676] {processor.py:161} INFO - Processing /home/airflow/.local/lib/python3.7/site-packages/airflow/example_dags/example_branch_operator_decorator.py took 0.112 seconds
[2022-07-06 18:51:28,330] {processor.py:153} INFO - Started process (PID=1859) to work on /home/airflow/.local/lib/python3.7/site-packages/airflow/example_dags/example_branch_operator_decorator.py
[2022-07-06 18:51:28,332] {processor.py:641} INFO - Processing file /home/airflow/.local/lib/python3.7/site-packages/airflow/example_dags/example_branch_operator_decorator.py for tasks to queue
[2022-07-06 18:51:28,333] {logging_mixin.py:115} INFO - [2022-07-06 18:51:28,333] {dagbag.py:507} INFO - Filling up the DagBag from /home/airflow/.local/lib/python3.7/site-packages/airflow/example_dags/example_branch_operator_decorator.py
[2022-07-06 18:51:28,360] {processor.py:651} INFO - DAG(s) dict_keys(['example_branch_python_operator_decorator']) retrieved from /home/airflow/.local/lib/python3.7/site-packages/airflow/example_dags/example_branch_operator_decorator.py
[2022-07-06 18:51:28,395] {logging_mixin.py:115} INFO - [2022-07-06 18:51:28,395] {dag.py:2371} INFO - Sync 1 DAGs
[2022-07-06 18:51:28,424] {logging_mixin.py:115} INFO - [2022-07-06 18:51:28,424] {dag.py:2919} INFO - Setting next_dagrun for example_branch_python_operator_decorator to 2022-07-05T00:00:00+00:00, run_after=2022-07-06T00:00:00+00:00
[2022-07-06 18:51:28,440] {processor.py:161} INFO - Processing /home/airflow/.local/lib/python3.7/site-packages/airflow/example_dags/example_branch_operator_decorator.py took 0.116 seconds
[2022-07-06 18:51:59,385] {processor.py:153} INFO - Started process (PID=1919) to work on /home/airflow/.local/lib/python3.7/site-packages/airflow/example_dags/example_branch_operator_decorator.py
[2022-07-06 18:51:59,386] {processor.py:641} INFO - Processing file /home/airflow/.local/lib/python3.7/site-packages/airflow/example_dags/example_branch_operator_decorator.py for tasks to queue
[2022-07-06 18:51:59,388] {logging_mixin.py:115} INFO - [2022-07-06 18:51:59,388] {dagbag.py:507} INFO - Filling up the DagBag from /home/airflow/.local/lib/python3.7/site-packages/airflow/example_dags/example_branch_operator_decorator.py
[2022-07-06 18:51:59,415] {processor.py:651} INFO - DAG(s) dict_keys(['example_branch_python_operator_decorator']) retrieved from /home/airflow/.local/lib/python3.7/site-packages/airflow/example_dags/example_branch_operator_decorator.py
[2022-07-06 18:51:59,464] {logging_mixin.py:115} INFO - [2022-07-06 18:51:59,463] {dag.py:2371} INFO - Sync 1 DAGs
[2022-07-06 18:51:59,496] {logging_mixin.py:115} INFO - [2022-07-06 18:51:59,496] {dag.py:2919} INFO - Setting next_dagrun for example_branch_python_operator_decorator to 2022-07-05T00:00:00+00:00, run_after=2022-07-06T00:00:00+00:00
[2022-07-06 18:51:59,510] {processor.py:161} INFO - Processing /home/airflow/.local/lib/python3.7/site-packages/airflow/example_dags/example_branch_operator_decorator.py took 0.130 seconds
[2022-07-06 18:52:29,633] {processor.py:153} INFO - Started process (PID=1975) to work on /home/airflow/.local/lib/python3.7/site-packages/airflow/example_dags/example_branch_operator_decorator.py
[2022-07-06 18:52:29,635] {processor.py:641} INFO - Processing file /home/airflow/.local/lib/python3.7/site-packages/airflow/example_dags/example_branch_operator_decorator.py for tasks to queue
[2022-07-06 18:52:29,636] {logging_mixin.py:115} INFO - [2022-07-06 18:52:29,636] {dagbag.py:507} INFO - Filling up the DagBag from /home/airflow/.local/lib/python3.7/site-packages/airflow/example_dags/example_branch_operator_decorator.py
[2022-07-06 18:52:29,666] {processor.py:651} INFO - DAG(s) dict_keys(['example_branch_python_operator_decorator']) retrieved from /home/airflow/.local/lib/python3.7/site-packages/airflow/example_dags/example_branch_operator_decorator.py
[2022-07-06 18:52:29,707] {logging_mixin.py:115} INFO - [2022-07-06 18:52:29,707] {dag.py:2371} INFO - Sync 1 DAGs
[2022-07-06 18:52:29,740] {logging_mixin.py:115} INFO - [2022-07-06 18:52:29,740] {dag.py:2919} INFO - Setting next_dagrun for example_branch_python_operator_decorator to 2022-07-05T00:00:00+00:00, run_after=2022-07-06T00:00:00+00:00
[2022-07-06 18:52:29,759] {processor.py:161} INFO - Processing /home/airflow/.local/lib/python3.7/site-packages/airflow/example_dags/example_branch_operator_decorator.py took 0.130 seconds
[2022-07-06 18:53:00,005] {processor.py:153} INFO - Started process (PID=2039) to work on /home/airflow/.local/lib/python3.7/site-packages/airflow/example_dags/example_branch_operator_decorator.py
[2022-07-06 18:53:00,006] {processor.py:641} INFO - Processing file /home/airflow/.local/lib/python3.7/site-packages/airflow/example_dags/example_branch_operator_decorator.py for tasks to queue
[2022-07-06 18:53:00,007] {logging_mixin.py:115} INFO - [2022-07-06 18:53:00,007] {dagbag.py:507} INFO - Filling up the DagBag from /home/airflow/.local/lib/python3.7/site-packages/airflow/example_dags/example_branch_operator_decorator.py
[2022-07-06 18:53:00,037] {processor.py:651} INFO - DAG(s) dict_keys(['example_branch_python_operator_decorator']) retrieved from /home/airflow/.local/lib/python3.7/site-packages/airflow/example_dags/example_branch_operator_decorator.py
[2022-07-06 18:53:00,075] {logging_mixin.py:115} INFO - [2022-07-06 18:53:00,075] {dag.py:2371} INFO - Sync 1 DAGs
[2022-07-06 18:53:00,108] {logging_mixin.py:115} INFO - [2022-07-06 18:53:00,108] {dag.py:2919} INFO - Setting next_dagrun for example_branch_python_operator_decorator to 2022-07-05T00:00:00+00:00, run_after=2022-07-06T00:00:00+00:00
[2022-07-06 18:53:00,124] {processor.py:161} INFO - Processing /home/airflow/.local/lib/python3.7/site-packages/airflow/example_dags/example_branch_operator_decorator.py took 0.126 seconds
[2022-07-06 18:53:30,173] {processor.py:153} INFO - Started process (PID=2093) to work on /home/airflow/.local/lib/python3.7/site-packages/airflow/example_dags/example_branch_operator_decorator.py
[2022-07-06 18:53:30,175] {processor.py:641} INFO - Processing file /home/airflow/.local/lib/python3.7/site-packages/airflow/example_dags/example_branch_operator_decorator.py for tasks to queue
[2022-07-06 18:53:30,176] {logging_mixin.py:115} INFO - [2022-07-06 18:53:30,176] {dagbag.py:507} INFO - Filling up the DagBag from /home/airflow/.local/lib/python3.7/site-packages/airflow/example_dags/example_branch_operator_decorator.py
[2022-07-06 18:53:30,203] {processor.py:651} INFO - DAG(s) dict_keys(['example_branch_python_operator_decorator']) retrieved from /home/airflow/.local/lib/python3.7/site-packages/airflow/example_dags/example_branch_operator_decorator.py
[2022-07-06 18:53:30,245] {logging_mixin.py:115} INFO - [2022-07-06 18:53:30,245] {dag.py:2371} INFO - Sync 1 DAGs
[2022-07-06 18:53:30,281] {logging_mixin.py:115} INFO - [2022-07-06 18:53:30,281] {dag.py:2919} INFO - Setting next_dagrun for example_branch_python_operator_decorator to 2022-07-05T00:00:00+00:00, run_after=2022-07-06T00:00:00+00:00
[2022-07-06 18:53:30,299] {processor.py:161} INFO - Processing /home/airflow/.local/lib/python3.7/site-packages/airflow/example_dags/example_branch_operator_decorator.py took 0.131 seconds
[2022-07-06 18:54:01,269] {processor.py:153} INFO - Started process (PID=2156) to work on /home/airflow/.local/lib/python3.7/site-packages/airflow/example_dags/example_branch_operator_decorator.py
[2022-07-06 18:54:01,272] {processor.py:641} INFO - Processing file /home/airflow/.local/lib/python3.7/site-packages/airflow/example_dags/example_branch_operator_decorator.py for tasks to queue
[2022-07-06 18:54:01,276] {logging_mixin.py:115} INFO - [2022-07-06 18:54:01,276] {dagbag.py:507} INFO - Filling up the DagBag from /home/airflow/.local/lib/python3.7/site-packages/airflow/example_dags/example_branch_operator_decorator.py
[2022-07-06 18:54:01,316] {processor.py:651} INFO - DAG(s) dict_keys(['example_branch_python_operator_decorator']) retrieved from /home/airflow/.local/lib/python3.7/site-packages/airflow/example_dags/example_branch_operator_decorator.py
[2022-07-06 18:54:01,386] {logging_mixin.py:115} INFO - [2022-07-06 18:54:01,386] {dag.py:2371} INFO - Sync 1 DAGs
[2022-07-06 18:54:01,461] {logging_mixin.py:115} INFO - [2022-07-06 18:54:01,461] {dag.py:2919} INFO - Setting next_dagrun for example_branch_python_operator_decorator to 2022-07-05T00:00:00+00:00, run_after=2022-07-06T00:00:00+00:00
[2022-07-06 18:54:01,494] {processor.py:161} INFO - Processing /home/airflow/.local/lib/python3.7/site-packages/airflow/example_dags/example_branch_operator_decorator.py took 0.233 seconds
[2022-07-06 18:54:31,746] {processor.py:153} INFO - Started process (PID=2210) to work on /home/airflow/.local/lib/python3.7/site-packages/airflow/example_dags/example_branch_operator_decorator.py
[2022-07-06 18:54:31,748] {processor.py:641} INFO - Processing file /home/airflow/.local/lib/python3.7/site-packages/airflow/example_dags/example_branch_operator_decorator.py for tasks to queue
[2022-07-06 18:54:31,750] {logging_mixin.py:115} INFO - [2022-07-06 18:54:31,750] {dagbag.py:507} INFO - Filling up the DagBag from /home/airflow/.local/lib/python3.7/site-packages/airflow/example_dags/example_branch_operator_decorator.py
[2022-07-06 18:54:31,788] {processor.py:651} INFO - DAG(s) dict_keys(['example_branch_python_operator_decorator']) retrieved from /home/airflow/.local/lib/python3.7/site-packages/airflow/example_dags/example_branch_operator_decorator.py
[2022-07-06 18:54:31,882] {logging_mixin.py:115} INFO - [2022-07-06 18:54:31,882] {dag.py:2371} INFO - Sync 1 DAGs
[2022-07-06 18:54:31,938] {logging_mixin.py:115} INFO - [2022-07-06 18:54:31,937] {dag.py:2919} INFO - Setting next_dagrun for example_branch_python_operator_decorator to 2022-07-05T00:00:00+00:00, run_after=2022-07-06T00:00:00+00:00
[2022-07-06 18:54:31,961] {processor.py:161} INFO - Processing /home/airflow/.local/lib/python3.7/site-packages/airflow/example_dags/example_branch_operator_decorator.py took 0.221 seconds
[2022-07-06 18:55:02,242] {processor.py:153} INFO - Started process (PID=2265) to work on /home/airflow/.local/lib/python3.7/site-packages/airflow/example_dags/example_branch_operator_decorator.py
[2022-07-06 18:55:02,244] {processor.py:641} INFO - Processing file /home/airflow/.local/lib/python3.7/site-packages/airflow/example_dags/example_branch_operator_decorator.py for tasks to queue
[2022-07-06 18:55:02,245] {logging_mixin.py:115} INFO - [2022-07-06 18:55:02,245] {dagbag.py:507} INFO - Filling up the DagBag from /home/airflow/.local/lib/python3.7/site-packages/airflow/example_dags/example_branch_operator_decorator.py
[2022-07-06 18:55:02,283] {processor.py:651} INFO - DAG(s) dict_keys(['example_branch_python_operator_decorator']) retrieved from /home/airflow/.local/lib/python3.7/site-packages/airflow/example_dags/example_branch_operator_decorator.py
[2022-07-06 18:55:02,327] {logging_mixin.py:115} INFO - [2022-07-06 18:55:02,327] {dag.py:2371} INFO - Sync 1 DAGs
[2022-07-06 18:55:02,357] {logging_mixin.py:115} INFO - [2022-07-06 18:55:02,357] {dag.py:2919} INFO - Setting next_dagrun for example_branch_python_operator_decorator to 2022-07-05T00:00:00+00:00, run_after=2022-07-06T00:00:00+00:00
[2022-07-06 18:55:02,376] {processor.py:161} INFO - Processing /home/airflow/.local/lib/python3.7/site-packages/airflow/example_dags/example_branch_operator_decorator.py took 0.138 seconds
[2022-07-06 18:55:33,179] {processor.py:153} INFO - Started process (PID=2329) to work on /home/airflow/.local/lib/python3.7/site-packages/airflow/example_dags/example_branch_operator_decorator.py
[2022-07-06 18:55:33,182] {processor.py:641} INFO - Processing file /home/airflow/.local/lib/python3.7/site-packages/airflow/example_dags/example_branch_operator_decorator.py for tasks to queue
[2022-07-06 18:55:33,184] {logging_mixin.py:115} INFO - [2022-07-06 18:55:33,184] {dagbag.py:507} INFO - Filling up the DagBag from /home/airflow/.local/lib/python3.7/site-packages/airflow/example_dags/example_branch_operator_decorator.py
[2022-07-06 18:55:33,237] {processor.py:651} INFO - DAG(s) dict_keys(['example_branch_python_operator_decorator']) retrieved from /home/airflow/.local/lib/python3.7/site-packages/airflow/example_dags/example_branch_operator_decorator.py
[2022-07-06 18:55:33,295] {logging_mixin.py:115} INFO - [2022-07-06 18:55:33,295] {dag.py:2371} INFO - Sync 1 DAGs
[2022-07-06 18:55:33,356] {logging_mixin.py:115} INFO - [2022-07-06 18:55:33,356] {dag.py:2919} INFO - Setting next_dagrun for example_branch_python_operator_decorator to 2022-07-05T00:00:00+00:00, run_after=2022-07-06T00:00:00+00:00
[2022-07-06 18:55:33,393] {processor.py:161} INFO - Processing /home/airflow/.local/lib/python3.7/site-packages/airflow/example_dags/example_branch_operator_decorator.py took 0.223 seconds
[2022-07-06 18:56:03,492] {processor.py:153} INFO - Started process (PID=2387) to work on /home/airflow/.local/lib/python3.7/site-packages/airflow/example_dags/example_branch_operator_decorator.py
[2022-07-06 18:56:03,494] {processor.py:641} INFO - Processing file /home/airflow/.local/lib/python3.7/site-packages/airflow/example_dags/example_branch_operator_decorator.py for tasks to queue
[2022-07-06 18:56:03,496] {logging_mixin.py:115} INFO - [2022-07-06 18:56:03,495] {dagbag.py:507} INFO - Filling up the DagBag from /home/airflow/.local/lib/python3.7/site-packages/airflow/example_dags/example_branch_operator_decorator.py
[2022-07-06 18:56:03,525] {processor.py:651} INFO - DAG(s) dict_keys(['example_branch_python_operator_decorator']) retrieved from /home/airflow/.local/lib/python3.7/site-packages/airflow/example_dags/example_branch_operator_decorator.py
[2022-07-06 18:56:03,566] {logging_mixin.py:115} INFO - [2022-07-06 18:56:03,566] {dag.py:2371} INFO - Sync 1 DAGs
[2022-07-06 18:56:03,600] {logging_mixin.py:115} INFO - [2022-07-06 18:56:03,600] {dag.py:2919} INFO - Setting next_dagrun for example_branch_python_operator_decorator to 2022-07-05T00:00:00+00:00, run_after=2022-07-06T00:00:00+00:00
[2022-07-06 18:56:03,623] {processor.py:161} INFO - Processing /home/airflow/.local/lib/python3.7/site-packages/airflow/example_dags/example_branch_operator_decorator.py took 0.139 seconds
[2022-07-06 18:56:34,569] {processor.py:153} INFO - Started process (PID=2452) to work on /home/airflow/.local/lib/python3.7/site-packages/airflow/example_dags/example_branch_operator_decorator.py
[2022-07-06 18:56:34,574] {processor.py:641} INFO - Processing file /home/airflow/.local/lib/python3.7/site-packages/airflow/example_dags/example_branch_operator_decorator.py for tasks to queue
[2022-07-06 18:56:34,578] {logging_mixin.py:115} INFO - [2022-07-06 18:56:34,577] {dagbag.py:507} INFO - Filling up the DagBag from /home/airflow/.local/lib/python3.7/site-packages/airflow/example_dags/example_branch_operator_decorator.py
[2022-07-06 18:56:34,626] {processor.py:651} INFO - DAG(s) dict_keys(['example_branch_python_operator_decorator']) retrieved from /home/airflow/.local/lib/python3.7/site-packages/airflow/example_dags/example_branch_operator_decorator.py
[2022-07-06 18:56:34,699] {logging_mixin.py:115} INFO - [2022-07-06 18:56:34,699] {dag.py:2371} INFO - Sync 1 DAGs
[2022-07-06 18:56:34,758] {logging_mixin.py:115} INFO - [2022-07-06 18:56:34,757] {dag.py:2919} INFO - Setting next_dagrun for example_branch_python_operator_decorator to 2022-07-05T00:00:00+00:00, run_after=2022-07-06T00:00:00+00:00
[2022-07-06 18:56:34,795] {processor.py:161} INFO - Processing /home/airflow/.local/lib/python3.7/site-packages/airflow/example_dags/example_branch_operator_decorator.py took 0.231 seconds
[2022-07-06 18:57:05,406] {processor.py:153} INFO - Started process (PID=2497) to work on /home/airflow/.local/lib/python3.7/site-packages/airflow/example_dags/example_branch_operator_decorator.py
[2022-07-06 18:57:05,409] {processor.py:641} INFO - Processing file /home/airflow/.local/lib/python3.7/site-packages/airflow/example_dags/example_branch_operator_decorator.py for tasks to queue
[2022-07-06 18:57:05,410] {logging_mixin.py:115} INFO - [2022-07-06 18:57:05,410] {dagbag.py:507} INFO - Filling up the DagBag from /home/airflow/.local/lib/python3.7/site-packages/airflow/example_dags/example_branch_operator_decorator.py
[2022-07-06 18:57:05,537] {processor.py:651} INFO - DAG(s) dict_keys(['example_branch_python_operator_decorator']) retrieved from /home/airflow/.local/lib/python3.7/site-packages/airflow/example_dags/example_branch_operator_decorator.py
[2022-07-06 18:57:05,638] {logging_mixin.py:115} INFO - [2022-07-06 18:57:05,638] {dag.py:2371} INFO - Sync 1 DAGs
[2022-07-06 18:57:05,686] {logging_mixin.py:115} INFO - [2022-07-06 18:57:05,686] {dag.py:2919} INFO - Setting next_dagrun for example_branch_python_operator_decorator to 2022-07-05T00:00:00+00:00, run_after=2022-07-06T00:00:00+00:00
[2022-07-06 18:57:05,704] {processor.py:161} INFO - Processing /home/airflow/.local/lib/python3.7/site-packages/airflow/example_dags/example_branch_operator_decorator.py took 0.305 seconds
[2022-07-06 18:57:35,912] {processor.py:153} INFO - Started process (PID=2560) to work on /home/airflow/.local/lib/python3.7/site-packages/airflow/example_dags/example_branch_operator_decorator.py
[2022-07-06 18:57:35,913] {processor.py:641} INFO - Processing file /home/airflow/.local/lib/python3.7/site-packages/airflow/example_dags/example_branch_operator_decorator.py for tasks to queue
[2022-07-06 18:57:35,914] {logging_mixin.py:115} INFO - [2022-07-06 18:57:35,914] {dagbag.py:507} INFO - Filling up the DagBag from /home/airflow/.local/lib/python3.7/site-packages/airflow/example_dags/example_branch_operator_decorator.py
[2022-07-06 18:57:35,950] {processor.py:651} INFO - DAG(s) dict_keys(['example_branch_python_operator_decorator']) retrieved from /home/airflow/.local/lib/python3.7/site-packages/airflow/example_dags/example_branch_operator_decorator.py
[2022-07-06 18:57:35,989] {logging_mixin.py:115} INFO - [2022-07-06 18:57:35,989] {dag.py:2371} INFO - Sync 1 DAGs
[2022-07-06 18:57:36,026] {logging_mixin.py:115} INFO - [2022-07-06 18:57:36,026] {dag.py:2919} INFO - Setting next_dagrun for example_branch_python_operator_decorator to 2022-07-05T00:00:00+00:00, run_after=2022-07-06T00:00:00+00:00
[2022-07-06 18:57:36,044] {processor.py:161} INFO - Processing /home/airflow/.local/lib/python3.7/site-packages/airflow/example_dags/example_branch_operator_decorator.py took 0.137 seconds
[2022-07-06 18:58:06,205] {processor.py:153} INFO - Started process (PID=2614) to work on /home/airflow/.local/lib/python3.7/site-packages/airflow/example_dags/example_branch_operator_decorator.py
[2022-07-06 18:58:06,207] {processor.py:641} INFO - Processing file /home/airflow/.local/lib/python3.7/site-packages/airflow/example_dags/example_branch_operator_decorator.py for tasks to queue
[2022-07-06 18:58:06,209] {logging_mixin.py:115} INFO - [2022-07-06 18:58:06,209] {dagbag.py:507} INFO - Filling up the DagBag from /home/airflow/.local/lib/python3.7/site-packages/airflow/example_dags/example_branch_operator_decorator.py
[2022-07-06 18:58:06,239] {processor.py:651} INFO - DAG(s) dict_keys(['example_branch_python_operator_decorator']) retrieved from /home/airflow/.local/lib/python3.7/site-packages/airflow/example_dags/example_branch_operator_decorator.py
[2022-07-06 18:58:06,292] {logging_mixin.py:115} INFO - [2022-07-06 18:58:06,291] {dag.py:2371} INFO - Sync 1 DAGs
[2022-07-06 18:58:06,350] {logging_mixin.py:115} INFO - [2022-07-06 18:58:06,350] {dag.py:2919} INFO - Setting next_dagrun for example_branch_python_operator_decorator to 2022-07-05T00:00:00+00:00, run_after=2022-07-06T00:00:00+00:00
[2022-07-06 18:58:06,371] {processor.py:161} INFO - Processing /home/airflow/.local/lib/python3.7/site-packages/airflow/example_dags/example_branch_operator_decorator.py took 0.171 seconds
[2022-07-06 18:58:36,615] {processor.py:153} INFO - Started process (PID=2678) to work on /home/airflow/.local/lib/python3.7/site-packages/airflow/example_dags/example_branch_operator_decorator.py
[2022-07-06 18:58:36,617] {processor.py:641} INFO - Processing file /home/airflow/.local/lib/python3.7/site-packages/airflow/example_dags/example_branch_operator_decorator.py for tasks to queue
[2022-07-06 18:58:36,618] {logging_mixin.py:115} INFO - [2022-07-06 18:58:36,618] {dagbag.py:507} INFO - Filling up the DagBag from /home/airflow/.local/lib/python3.7/site-packages/airflow/example_dags/example_branch_operator_decorator.py
[2022-07-06 18:58:36,642] {processor.py:651} INFO - DAG(s) dict_keys(['example_branch_python_operator_decorator']) retrieved from /home/airflow/.local/lib/python3.7/site-packages/airflow/example_dags/example_branch_operator_decorator.py
[2022-07-06 18:58:36,677] {logging_mixin.py:115} INFO - [2022-07-06 18:58:36,676] {dag.py:2371} INFO - Sync 1 DAGs
[2022-07-06 18:58:36,718] {logging_mixin.py:115} INFO - [2022-07-06 18:58:36,718] {dag.py:2919} INFO - Setting next_dagrun for example_branch_python_operator_decorator to 2022-07-05T00:00:00+00:00, run_after=2022-07-06T00:00:00+00:00
[2022-07-06 18:58:36,742] {processor.py:161} INFO - Processing /home/airflow/.local/lib/python3.7/site-packages/airflow/example_dags/example_branch_operator_decorator.py took 0.132 seconds
[2022-07-06 18:59:07,083] {processor.py:153} INFO - Started process (PID=2733) to work on /home/airflow/.local/lib/python3.7/site-packages/airflow/example_dags/example_branch_operator_decorator.py
[2022-07-06 18:59:07,085] {processor.py:641} INFO - Processing file /home/airflow/.local/lib/python3.7/site-packages/airflow/example_dags/example_branch_operator_decorator.py for tasks to queue
[2022-07-06 18:59:07,086] {logging_mixin.py:115} INFO - [2022-07-06 18:59:07,086] {dagbag.py:507} INFO - Filling up the DagBag from /home/airflow/.local/lib/python3.7/site-packages/airflow/example_dags/example_branch_operator_decorator.py
[2022-07-06 18:59:07,112] {processor.py:651} INFO - DAG(s) dict_keys(['example_branch_python_operator_decorator']) retrieved from /home/airflow/.local/lib/python3.7/site-packages/airflow/example_dags/example_branch_operator_decorator.py
[2022-07-06 18:59:07,147] {logging_mixin.py:115} INFO - [2022-07-06 18:59:07,147] {dag.py:2371} INFO - Sync 1 DAGs
[2022-07-06 18:59:07,193] {logging_mixin.py:115} INFO - [2022-07-06 18:59:07,193] {dag.py:2919} INFO - Setting next_dagrun for example_branch_python_operator_decorator to 2022-07-05T00:00:00+00:00, run_after=2022-07-06T00:00:00+00:00
[2022-07-06 18:59:07,218] {processor.py:161} INFO - Processing /home/airflow/.local/lib/python3.7/site-packages/airflow/example_dags/example_branch_operator_decorator.py took 0.140 seconds
[2022-07-06 18:59:37,974] {processor.py:153} INFO - Started process (PID=2795) to work on /home/airflow/.local/lib/python3.7/site-packages/airflow/example_dags/example_branch_operator_decorator.py
[2022-07-06 18:59:37,979] {processor.py:641} INFO - Processing file /home/airflow/.local/lib/python3.7/site-packages/airflow/example_dags/example_branch_operator_decorator.py for tasks to queue
[2022-07-06 18:59:37,981] {logging_mixin.py:115} INFO - [2022-07-06 18:59:37,980] {dagbag.py:507} INFO - Filling up the DagBag from /home/airflow/.local/lib/python3.7/site-packages/airflow/example_dags/example_branch_operator_decorator.py
[2022-07-06 18:59:38,019] {processor.py:651} INFO - DAG(s) dict_keys(['example_branch_python_operator_decorator']) retrieved from /home/airflow/.local/lib/python3.7/site-packages/airflow/example_dags/example_branch_operator_decorator.py
[2022-07-06 18:59:38,071] {logging_mixin.py:115} INFO - [2022-07-06 18:59:38,071] {dag.py:2371} INFO - Sync 1 DAGs
[2022-07-06 18:59:38,119] {logging_mixin.py:115} INFO - [2022-07-06 18:59:38,119] {dag.py:2919} INFO - Setting next_dagrun for example_branch_python_operator_decorator to 2022-07-05T00:00:00+00:00, run_after=2022-07-06T00:00:00+00:00
[2022-07-06 18:59:38,149] {processor.py:161} INFO - Processing /home/airflow/.local/lib/python3.7/site-packages/airflow/example_dags/example_branch_operator_decorator.py took 0.185 seconds
[2022-07-06 19:00:08,570] {processor.py:153} INFO - Started process (PID=2862) to work on /home/airflow/.local/lib/python3.7/site-packages/airflow/example_dags/example_branch_operator_decorator.py
[2022-07-06 19:00:08,572] {processor.py:641} INFO - Processing file /home/airflow/.local/lib/python3.7/site-packages/airflow/example_dags/example_branch_operator_decorator.py for tasks to queue
[2022-07-06 19:00:08,573] {logging_mixin.py:115} INFO - [2022-07-06 19:00:08,573] {dagbag.py:507} INFO - Filling up the DagBag from /home/airflow/.local/lib/python3.7/site-packages/airflow/example_dags/example_branch_operator_decorator.py
[2022-07-06 19:00:08,598] {processor.py:651} INFO - DAG(s) dict_keys(['example_branch_python_operator_decorator']) retrieved from /home/airflow/.local/lib/python3.7/site-packages/airflow/example_dags/example_branch_operator_decorator.py
[2022-07-06 19:00:08,633] {logging_mixin.py:115} INFO - [2022-07-06 19:00:08,633] {dag.py:2371} INFO - Sync 1 DAGs
[2022-07-06 19:00:08,664] {logging_mixin.py:115} INFO - [2022-07-06 19:00:08,664] {dag.py:2919} INFO - Setting next_dagrun for example_branch_python_operator_decorator to 2022-07-05T00:00:00+00:00, run_after=2022-07-06T00:00:00+00:00
[2022-07-06 19:00:08,681] {processor.py:161} INFO - Processing /home/airflow/.local/lib/python3.7/site-packages/airflow/example_dags/example_branch_operator_decorator.py took 0.116 seconds
[2022-07-06 19:00:39,493] {processor.py:153} INFO - Started process (PID=2915) to work on /home/airflow/.local/lib/python3.7/site-packages/airflow/example_dags/example_branch_operator_decorator.py
[2022-07-06 19:00:39,494] {processor.py:641} INFO - Processing file /home/airflow/.local/lib/python3.7/site-packages/airflow/example_dags/example_branch_operator_decorator.py for tasks to queue
[2022-07-06 19:00:39,496] {logging_mixin.py:115} INFO - [2022-07-06 19:00:39,495] {dagbag.py:507} INFO - Filling up the DagBag from /home/airflow/.local/lib/python3.7/site-packages/airflow/example_dags/example_branch_operator_decorator.py
[2022-07-06 19:00:39,522] {processor.py:651} INFO - DAG(s) dict_keys(['example_branch_python_operator_decorator']) retrieved from /home/airflow/.local/lib/python3.7/site-packages/airflow/example_dags/example_branch_operator_decorator.py
[2022-07-06 19:00:39,557] {logging_mixin.py:115} INFO - [2022-07-06 19:00:39,557] {dag.py:2371} INFO - Sync 1 DAGs
[2022-07-06 19:00:39,600] {logging_mixin.py:115} INFO - [2022-07-06 19:00:39,599] {dag.py:2919} INFO - Setting next_dagrun for example_branch_python_operator_decorator to 2022-07-05T00:00:00+00:00, run_after=2022-07-06T00:00:00+00:00
[2022-07-06 19:00:39,616] {processor.py:161} INFO - Processing /home/airflow/.local/lib/python3.7/site-packages/airflow/example_dags/example_branch_operator_decorator.py took 0.127 seconds
[2022-07-06 19:01:09,898] {processor.py:153} INFO - Started process (PID=2979) to work on /home/airflow/.local/lib/python3.7/site-packages/airflow/example_dags/example_branch_operator_decorator.py
[2022-07-06 19:01:09,904] {processor.py:641} INFO - Processing file /home/airflow/.local/lib/python3.7/site-packages/airflow/example_dags/example_branch_operator_decorator.py for tasks to queue
[2022-07-06 19:01:09,910] {logging_mixin.py:115} INFO - [2022-07-06 19:01:09,910] {dagbag.py:507} INFO - Filling up the DagBag from /home/airflow/.local/lib/python3.7/site-packages/airflow/example_dags/example_branch_operator_decorator.py
[2022-07-06 19:01:09,941] {processor.py:651} INFO - DAG(s) dict_keys(['example_branch_python_operator_decorator']) retrieved from /home/airflow/.local/lib/python3.7/site-packages/airflow/example_dags/example_branch_operator_decorator.py
[2022-07-06 19:01:09,987] {logging_mixin.py:115} INFO - [2022-07-06 19:01:09,987] {dag.py:2371} INFO - Sync 1 DAGs
[2022-07-06 19:01:10,028] {logging_mixin.py:115} INFO - [2022-07-06 19:01:10,028] {dag.py:2919} INFO - Setting next_dagrun for example_branch_python_operator_decorator to 2022-07-05T00:00:00+00:00, run_after=2022-07-06T00:00:00+00:00
[2022-07-06 19:01:10,049] {processor.py:161} INFO - Processing /home/airflow/.local/lib/python3.7/site-packages/airflow/example_dags/example_branch_operator_decorator.py took 0.158 seconds
