[2022-07-06 18:36:11,775] {processor.py:153} INFO - Started process (PID=55) to work on /home/airflow/.local/lib/python3.7/site-packages/airflow/example_dags/example_branch_python_dop_operator_3.py
[2022-07-06 18:36:11,784] {processor.py:641} INFO - Processing file /home/airflow/.local/lib/python3.7/site-packages/airflow/example_dags/example_branch_python_dop_operator_3.py for tasks to queue
[2022-07-06 18:36:11,786] {logging_mixin.py:115} INFO - [2022-07-06 18:36:11,785] {dagbag.py:507} INFO - Filling up the DagBag from /home/airflow/.local/lib/python3.7/site-packages/airflow/example_dags/example_branch_python_dop_operator_3.py
[2022-07-06 18:36:11,822] {processor.py:651} INFO - DAG(s) dict_keys(['example_branch_dop_operator_v3']) retrieved from /home/airflow/.local/lib/python3.7/site-packages/airflow/example_dags/example_branch_python_dop_operator_3.py
[2022-07-06 18:36:11,876] {logging_mixin.py:115} INFO - [2022-07-06 18:36:11,876] {dag.py:2371} INFO - Sync 1 DAGs
[2022-07-06 18:36:11,929] {logging_mixin.py:115} INFO - [2022-07-06 18:36:11,929] {dag.py:2919} INFO - Setting next_dagrun for example_branch_dop_operator_v3 to 2022-07-06T18:35:00+00:00, run_after=2022-07-06T18:36:00+00:00
[2022-07-06 18:36:11,954] {processor.py:161} INFO - Processing /home/airflow/.local/lib/python3.7/site-packages/airflow/example_dags/example_branch_python_dop_operator_3.py took 0.183 seconds
[2022-07-06 18:36:42,046] {processor.py:153} INFO - Started process (PID=116) to work on /home/airflow/.local/lib/python3.7/site-packages/airflow/example_dags/example_branch_python_dop_operator_3.py
[2022-07-06 18:36:42,047] {processor.py:641} INFO - Processing file /home/airflow/.local/lib/python3.7/site-packages/airflow/example_dags/example_branch_python_dop_operator_3.py for tasks to queue
[2022-07-06 18:36:42,049] {logging_mixin.py:115} INFO - [2022-07-06 18:36:42,049] {dagbag.py:507} INFO - Filling up the DagBag from /home/airflow/.local/lib/python3.7/site-packages/airflow/example_dags/example_branch_python_dop_operator_3.py
[2022-07-06 18:36:42,062] {processor.py:651} INFO - DAG(s) dict_keys(['example_branch_dop_operator_v3']) retrieved from /home/airflow/.local/lib/python3.7/site-packages/airflow/example_dags/example_branch_python_dop_operator_3.py
[2022-07-06 18:36:42,098] {logging_mixin.py:115} INFO - [2022-07-06 18:36:42,098] {dag.py:2371} INFO - Sync 1 DAGs
[2022-07-06 18:36:42,138] {logging_mixin.py:115} INFO - [2022-07-06 18:36:42,138] {dag.py:2919} INFO - Setting next_dagrun for example_branch_dop_operator_v3 to 2022-07-06T18:35:00+00:00, run_after=2022-07-06T18:36:00+00:00
[2022-07-06 18:36:42,157] {processor.py:161} INFO - Processing /home/airflow/.local/lib/python3.7/site-packages/airflow/example_dags/example_branch_python_dop_operator_3.py took 0.116 seconds
[2022-07-06 18:37:12,383] {processor.py:153} INFO - Started process (PID=171) to work on /home/airflow/.local/lib/python3.7/site-packages/airflow/example_dags/example_branch_python_dop_operator_3.py
[2022-07-06 18:37:12,385] {processor.py:641} INFO - Processing file /home/airflow/.local/lib/python3.7/site-packages/airflow/example_dags/example_branch_python_dop_operator_3.py for tasks to queue
[2022-07-06 18:37:12,386] {logging_mixin.py:115} INFO - [2022-07-06 18:37:12,386] {dagbag.py:507} INFO - Filling up the DagBag from /home/airflow/.local/lib/python3.7/site-packages/airflow/example_dags/example_branch_python_dop_operator_3.py
[2022-07-06 18:37:12,399] {processor.py:651} INFO - DAG(s) dict_keys(['example_branch_dop_operator_v3']) retrieved from /home/airflow/.local/lib/python3.7/site-packages/airflow/example_dags/example_branch_python_dop_operator_3.py
[2022-07-06 18:37:12,435] {logging_mixin.py:115} INFO - [2022-07-06 18:37:12,435] {dag.py:2371} INFO - Sync 1 DAGs
[2022-07-06 18:37:12,475] {logging_mixin.py:115} INFO - [2022-07-06 18:37:12,475] {dag.py:2919} INFO - Setting next_dagrun for example_branch_dop_operator_v3 to 2022-07-06T18:36:00+00:00, run_after=2022-07-06T18:37:00+00:00
[2022-07-06 18:37:12,490] {processor.py:161} INFO - Processing /home/airflow/.local/lib/python3.7/site-packages/airflow/example_dags/example_branch_python_dop_operator_3.py took 0.110 seconds
[2022-07-06 18:37:42,957] {processor.py:153} INFO - Started process (PID=235) to work on /home/airflow/.local/lib/python3.7/site-packages/airflow/example_dags/example_branch_python_dop_operator_3.py
[2022-07-06 18:37:42,959] {processor.py:641} INFO - Processing file /home/airflow/.local/lib/python3.7/site-packages/airflow/example_dags/example_branch_python_dop_operator_3.py for tasks to queue
[2022-07-06 18:37:42,962] {logging_mixin.py:115} INFO - [2022-07-06 18:37:42,962] {dagbag.py:507} INFO - Filling up the DagBag from /home/airflow/.local/lib/python3.7/site-packages/airflow/example_dags/example_branch_python_dop_operator_3.py
[2022-07-06 18:37:42,976] {processor.py:651} INFO - DAG(s) dict_keys(['example_branch_dop_operator_v3']) retrieved from /home/airflow/.local/lib/python3.7/site-packages/airflow/example_dags/example_branch_python_dop_operator_3.py
[2022-07-06 18:37:43,015] {logging_mixin.py:115} INFO - [2022-07-06 18:37:43,014] {dag.py:2371} INFO - Sync 1 DAGs
[2022-07-06 18:37:43,051] {logging_mixin.py:115} INFO - [2022-07-06 18:37:43,050] {dag.py:2919} INFO - Setting next_dagrun for example_branch_dop_operator_v3 to 2022-07-06T18:36:00+00:00, run_after=2022-07-06T18:37:00+00:00
[2022-07-06 18:37:43,067] {processor.py:161} INFO - Processing /home/airflow/.local/lib/python3.7/site-packages/airflow/example_dags/example_branch_python_dop_operator_3.py took 0.114 seconds
[2022-07-06 18:38:13,869] {processor.py:153} INFO - Started process (PID=290) to work on /home/airflow/.local/lib/python3.7/site-packages/airflow/example_dags/example_branch_python_dop_operator_3.py
[2022-07-06 18:38:13,870] {processor.py:641} INFO - Processing file /home/airflow/.local/lib/python3.7/site-packages/airflow/example_dags/example_branch_python_dop_operator_3.py for tasks to queue
[2022-07-06 18:38:13,872] {logging_mixin.py:115} INFO - [2022-07-06 18:38:13,871] {dagbag.py:507} INFO - Filling up the DagBag from /home/airflow/.local/lib/python3.7/site-packages/airflow/example_dags/example_branch_python_dop_operator_3.py
[2022-07-06 18:38:13,884] {processor.py:651} INFO - DAG(s) dict_keys(['example_branch_dop_operator_v3']) retrieved from /home/airflow/.local/lib/python3.7/site-packages/airflow/example_dags/example_branch_python_dop_operator_3.py
[2022-07-06 18:38:13,920] {logging_mixin.py:115} INFO - [2022-07-06 18:38:13,919] {dag.py:2371} INFO - Sync 1 DAGs
[2022-07-06 18:38:13,954] {logging_mixin.py:115} INFO - [2022-07-06 18:38:13,954] {dag.py:2919} INFO - Setting next_dagrun for example_branch_dop_operator_v3 to 2022-07-06T18:37:00+00:00, run_after=2022-07-06T18:38:00+00:00
[2022-07-06 18:38:13,978] {processor.py:161} INFO - Processing /home/airflow/.local/lib/python3.7/site-packages/airflow/example_dags/example_branch_python_dop_operator_3.py took 0.113 seconds
[2022-07-06 18:38:44,746] {processor.py:153} INFO - Started process (PID=353) to work on /home/airflow/.local/lib/python3.7/site-packages/airflow/example_dags/example_branch_python_dop_operator_3.py
[2022-07-06 18:38:44,747] {processor.py:641} INFO - Processing file /home/airflow/.local/lib/python3.7/site-packages/airflow/example_dags/example_branch_python_dop_operator_3.py for tasks to queue
[2022-07-06 18:38:44,748] {logging_mixin.py:115} INFO - [2022-07-06 18:38:44,748] {dagbag.py:507} INFO - Filling up the DagBag from /home/airflow/.local/lib/python3.7/site-packages/airflow/example_dags/example_branch_python_dop_operator_3.py
[2022-07-06 18:38:44,761] {processor.py:651} INFO - DAG(s) dict_keys(['example_branch_dop_operator_v3']) retrieved from /home/airflow/.local/lib/python3.7/site-packages/airflow/example_dags/example_branch_python_dop_operator_3.py
[2022-07-06 18:38:44,801] {logging_mixin.py:115} INFO - [2022-07-06 18:38:44,801] {dag.py:2371} INFO - Sync 1 DAGs
[2022-07-06 18:38:44,844] {logging_mixin.py:115} INFO - [2022-07-06 18:38:44,843] {dag.py:2919} INFO - Setting next_dagrun for example_branch_dop_operator_v3 to 2022-07-06T18:37:00+00:00, run_after=2022-07-06T18:38:00+00:00
[2022-07-06 18:38:44,861] {processor.py:161} INFO - Processing /home/airflow/.local/lib/python3.7/site-packages/airflow/example_dags/example_branch_python_dop_operator_3.py took 0.119 seconds
[2022-07-06 18:39:14,977] {processor.py:153} INFO - Started process (PID=417) to work on /home/airflow/.local/lib/python3.7/site-packages/airflow/example_dags/example_branch_python_dop_operator_3.py
[2022-07-06 18:39:14,979] {processor.py:641} INFO - Processing file /home/airflow/.local/lib/python3.7/site-packages/airflow/example_dags/example_branch_python_dop_operator_3.py for tasks to queue
[2022-07-06 18:39:14,980] {logging_mixin.py:115} INFO - [2022-07-06 18:39:14,980] {dagbag.py:507} INFO - Filling up the DagBag from /home/airflow/.local/lib/python3.7/site-packages/airflow/example_dags/example_branch_python_dop_operator_3.py
[2022-07-06 18:39:14,992] {processor.py:651} INFO - DAG(s) dict_keys(['example_branch_dop_operator_v3']) retrieved from /home/airflow/.local/lib/python3.7/site-packages/airflow/example_dags/example_branch_python_dop_operator_3.py
[2022-07-06 18:39:15,027] {logging_mixin.py:115} INFO - [2022-07-06 18:39:15,027] {dag.py:2371} INFO - Sync 1 DAGs
[2022-07-06 18:39:15,063] {logging_mixin.py:115} INFO - [2022-07-06 18:39:15,063] {dag.py:2919} INFO - Setting next_dagrun for example_branch_dop_operator_v3 to 2022-07-06T18:38:00+00:00, run_after=2022-07-06T18:39:00+00:00
[2022-07-06 18:39:15,077] {processor.py:161} INFO - Processing /home/airflow/.local/lib/python3.7/site-packages/airflow/example_dags/example_branch_python_dop_operator_3.py took 0.104 seconds
[2022-07-06 18:39:45,505] {processor.py:153} INFO - Started process (PID=472) to work on /home/airflow/.local/lib/python3.7/site-packages/airflow/example_dags/example_branch_python_dop_operator_3.py
[2022-07-06 18:39:45,506] {processor.py:641} INFO - Processing file /home/airflow/.local/lib/python3.7/site-packages/airflow/example_dags/example_branch_python_dop_operator_3.py for tasks to queue
[2022-07-06 18:39:45,508] {logging_mixin.py:115} INFO - [2022-07-06 18:39:45,507] {dagbag.py:507} INFO - Filling up the DagBag from /home/airflow/.local/lib/python3.7/site-packages/airflow/example_dags/example_branch_python_dop_operator_3.py
[2022-07-06 18:39:45,520] {processor.py:651} INFO - DAG(s) dict_keys(['example_branch_dop_operator_v3']) retrieved from /home/airflow/.local/lib/python3.7/site-packages/airflow/example_dags/example_branch_python_dop_operator_3.py
[2022-07-06 18:39:45,556] {logging_mixin.py:115} INFO - [2022-07-06 18:39:45,556] {dag.py:2371} INFO - Sync 1 DAGs
[2022-07-06 18:39:45,591] {logging_mixin.py:115} INFO - [2022-07-06 18:39:45,591] {dag.py:2919} INFO - Setting next_dagrun for example_branch_dop_operator_v3 to 2022-07-06T18:38:00+00:00, run_after=2022-07-06T18:39:00+00:00
[2022-07-06 18:39:45,608] {processor.py:161} INFO - Processing /home/airflow/.local/lib/python3.7/site-packages/airflow/example_dags/example_branch_python_dop_operator_3.py took 0.110 seconds
[2022-07-06 18:40:16,028] {processor.py:153} INFO - Started process (PID=535) to work on /home/airflow/.local/lib/python3.7/site-packages/airflow/example_dags/example_branch_python_dop_operator_3.py
[2022-07-06 18:40:16,029] {processor.py:641} INFO - Processing file /home/airflow/.local/lib/python3.7/site-packages/airflow/example_dags/example_branch_python_dop_operator_3.py for tasks to queue
[2022-07-06 18:40:16,030] {logging_mixin.py:115} INFO - [2022-07-06 18:40:16,030] {dagbag.py:507} INFO - Filling up the DagBag from /home/airflow/.local/lib/python3.7/site-packages/airflow/example_dags/example_branch_python_dop_operator_3.py
[2022-07-06 18:40:16,044] {processor.py:651} INFO - DAG(s) dict_keys(['example_branch_dop_operator_v3']) retrieved from /home/airflow/.local/lib/python3.7/site-packages/airflow/example_dags/example_branch_python_dop_operator_3.py
[2022-07-06 18:40:16,082] {logging_mixin.py:115} INFO - [2022-07-06 18:40:16,082] {dag.py:2371} INFO - Sync 1 DAGs
[2022-07-06 18:40:16,125] {logging_mixin.py:115} INFO - [2022-07-06 18:40:16,125] {dag.py:2919} INFO - Setting next_dagrun for example_branch_dop_operator_v3 to 2022-07-06T18:39:00+00:00, run_after=2022-07-06T18:40:00+00:00
[2022-07-06 18:40:16,143] {processor.py:161} INFO - Processing /home/airflow/.local/lib/python3.7/site-packages/airflow/example_dags/example_branch_python_dop_operator_3.py took 0.119 seconds
[2022-07-06 18:40:46,486] {processor.py:153} INFO - Started process (PID=600) to work on /home/airflow/.local/lib/python3.7/site-packages/airflow/example_dags/example_branch_python_dop_operator_3.py
[2022-07-06 18:40:46,487] {processor.py:641} INFO - Processing file /home/airflow/.local/lib/python3.7/site-packages/airflow/example_dags/example_branch_python_dop_operator_3.py for tasks to queue
[2022-07-06 18:40:46,489] {logging_mixin.py:115} INFO - [2022-07-06 18:40:46,489] {dagbag.py:507} INFO - Filling up the DagBag from /home/airflow/.local/lib/python3.7/site-packages/airflow/example_dags/example_branch_python_dop_operator_3.py
[2022-07-06 18:40:46,502] {processor.py:651} INFO - DAG(s) dict_keys(['example_branch_dop_operator_v3']) retrieved from /home/airflow/.local/lib/python3.7/site-packages/airflow/example_dags/example_branch_python_dop_operator_3.py
[2022-07-06 18:40:46,539] {logging_mixin.py:115} INFO - [2022-07-06 18:40:46,539] {dag.py:2371} INFO - Sync 1 DAGs
[2022-07-06 18:40:46,574] {logging_mixin.py:115} INFO - [2022-07-06 18:40:46,574] {dag.py:2919} INFO - Setting next_dagrun for example_branch_dop_operator_v3 to 2022-07-06T18:39:00+00:00, run_after=2022-07-06T18:40:00+00:00
[2022-07-06 18:40:46,590] {processor.py:161} INFO - Processing /home/airflow/.local/lib/python3.7/site-packages/airflow/example_dags/example_branch_python_dop_operator_3.py took 0.109 seconds
[2022-07-06 18:41:16,824] {processor.py:153} INFO - Started process (PID=654) to work on /home/airflow/.local/lib/python3.7/site-packages/airflow/example_dags/example_branch_python_dop_operator_3.py
[2022-07-06 18:41:16,826] {processor.py:641} INFO - Processing file /home/airflow/.local/lib/python3.7/site-packages/airflow/example_dags/example_branch_python_dop_operator_3.py for tasks to queue
[2022-07-06 18:41:16,827] {logging_mixin.py:115} INFO - [2022-07-06 18:41:16,827] {dagbag.py:507} INFO - Filling up the DagBag from /home/airflow/.local/lib/python3.7/site-packages/airflow/example_dags/example_branch_python_dop_operator_3.py
[2022-07-06 18:41:16,842] {processor.py:651} INFO - DAG(s) dict_keys(['example_branch_dop_operator_v3']) retrieved from /home/airflow/.local/lib/python3.7/site-packages/airflow/example_dags/example_branch_python_dop_operator_3.py
[2022-07-06 18:41:16,878] {logging_mixin.py:115} INFO - [2022-07-06 18:41:16,878] {dag.py:2371} INFO - Sync 1 DAGs
[2022-07-06 18:41:16,912] {logging_mixin.py:115} INFO - [2022-07-06 18:41:16,912] {dag.py:2919} INFO - Setting next_dagrun for example_branch_dop_operator_v3 to 2022-07-06T18:40:00+00:00, run_after=2022-07-06T18:41:00+00:00
[2022-07-06 18:41:16,929] {processor.py:161} INFO - Processing /home/airflow/.local/lib/python3.7/site-packages/airflow/example_dags/example_branch_python_dop_operator_3.py took 0.110 seconds
[2022-07-06 18:41:46,973] {processor.py:153} INFO - Started process (PID=719) to work on /home/airflow/.local/lib/python3.7/site-packages/airflow/example_dags/example_branch_python_dop_operator_3.py
[2022-07-06 18:41:46,974] {processor.py:641} INFO - Processing file /home/airflow/.local/lib/python3.7/site-packages/airflow/example_dags/example_branch_python_dop_operator_3.py for tasks to queue
[2022-07-06 18:41:46,975] {logging_mixin.py:115} INFO - [2022-07-06 18:41:46,975] {dagbag.py:507} INFO - Filling up the DagBag from /home/airflow/.local/lib/python3.7/site-packages/airflow/example_dags/example_branch_python_dop_operator_3.py
[2022-07-06 18:41:46,989] {processor.py:651} INFO - DAG(s) dict_keys(['example_branch_dop_operator_v3']) retrieved from /home/airflow/.local/lib/python3.7/site-packages/airflow/example_dags/example_branch_python_dop_operator_3.py
[2022-07-06 18:41:47,024] {logging_mixin.py:115} INFO - [2022-07-06 18:41:47,024] {dag.py:2371} INFO - Sync 1 DAGs
[2022-07-06 18:41:47,060] {logging_mixin.py:115} INFO - [2022-07-06 18:41:47,060] {dag.py:2919} INFO - Setting next_dagrun for example_branch_dop_operator_v3 to 2022-07-06T18:40:00+00:00, run_after=2022-07-06T18:41:00+00:00
[2022-07-06 18:41:47,078] {processor.py:161} INFO - Processing /home/airflow/.local/lib/python3.7/site-packages/airflow/example_dags/example_branch_python_dop_operator_3.py took 0.110 seconds
[2022-07-06 18:42:17,934] {processor.py:153} INFO - Started process (PID=771) to work on /home/airflow/.local/lib/python3.7/site-packages/airflow/example_dags/example_branch_python_dop_operator_3.py
[2022-07-06 18:42:17,935] {processor.py:641} INFO - Processing file /home/airflow/.local/lib/python3.7/site-packages/airflow/example_dags/example_branch_python_dop_operator_3.py for tasks to queue
[2022-07-06 18:42:17,936] {logging_mixin.py:115} INFO - [2022-07-06 18:42:17,936] {dagbag.py:507} INFO - Filling up the DagBag from /home/airflow/.local/lib/python3.7/site-packages/airflow/example_dags/example_branch_python_dop_operator_3.py
[2022-07-06 18:42:17,949] {processor.py:651} INFO - DAG(s) dict_keys(['example_branch_dop_operator_v3']) retrieved from /home/airflow/.local/lib/python3.7/site-packages/airflow/example_dags/example_branch_python_dop_operator_3.py
[2022-07-06 18:42:17,983] {logging_mixin.py:115} INFO - [2022-07-06 18:42:17,983] {dag.py:2371} INFO - Sync 1 DAGs
[2022-07-06 18:42:18,018] {logging_mixin.py:115} INFO - [2022-07-06 18:42:18,018] {dag.py:2919} INFO - Setting next_dagrun for example_branch_dop_operator_v3 to 2022-07-06T18:41:00+00:00, run_after=2022-07-06T18:42:00+00:00
[2022-07-06 18:42:18,035] {processor.py:161} INFO - Processing /home/airflow/.local/lib/python3.7/site-packages/airflow/example_dags/example_branch_python_dop_operator_3.py took 0.105 seconds
[2022-07-06 18:42:48,811] {processor.py:153} INFO - Started process (PID=835) to work on /home/airflow/.local/lib/python3.7/site-packages/airflow/example_dags/example_branch_python_dop_operator_3.py
[2022-07-06 18:42:48,812] {processor.py:641} INFO - Processing file /home/airflow/.local/lib/python3.7/site-packages/airflow/example_dags/example_branch_python_dop_operator_3.py for tasks to queue
[2022-07-06 18:42:48,813] {logging_mixin.py:115} INFO - [2022-07-06 18:42:48,813] {dagbag.py:507} INFO - Filling up the DagBag from /home/airflow/.local/lib/python3.7/site-packages/airflow/example_dags/example_branch_python_dop_operator_3.py
[2022-07-06 18:42:48,827] {processor.py:651} INFO - DAG(s) dict_keys(['example_branch_dop_operator_v3']) retrieved from /home/airflow/.local/lib/python3.7/site-packages/airflow/example_dags/example_branch_python_dop_operator_3.py
[2022-07-06 18:42:48,860] {logging_mixin.py:115} INFO - [2022-07-06 18:42:48,860] {dag.py:2371} INFO - Sync 1 DAGs
[2022-07-06 18:42:48,912] {logging_mixin.py:115} INFO - [2022-07-06 18:42:48,912] {dag.py:2919} INFO - Setting next_dagrun for example_branch_dop_operator_v3 to 2022-07-06T18:41:00+00:00, run_after=2022-07-06T18:42:00+00:00
[2022-07-06 18:42:48,927] {processor.py:161} INFO - Processing /home/airflow/.local/lib/python3.7/site-packages/airflow/example_dags/example_branch_python_dop_operator_3.py took 0.120 seconds
[2022-07-06 18:43:19,413] {processor.py:153} INFO - Started process (PID=902) to work on /home/airflow/.local/lib/python3.7/site-packages/airflow/example_dags/example_branch_python_dop_operator_3.py
[2022-07-06 18:43:19,414] {processor.py:641} INFO - Processing file /home/airflow/.local/lib/python3.7/site-packages/airflow/example_dags/example_branch_python_dop_operator_3.py for tasks to queue
[2022-07-06 18:43:19,415] {logging_mixin.py:115} INFO - [2022-07-06 18:43:19,415] {dagbag.py:507} INFO - Filling up the DagBag from /home/airflow/.local/lib/python3.7/site-packages/airflow/example_dags/example_branch_python_dop_operator_3.py
[2022-07-06 18:43:19,428] {processor.py:651} INFO - DAG(s) dict_keys(['example_branch_dop_operator_v3']) retrieved from /home/airflow/.local/lib/python3.7/site-packages/airflow/example_dags/example_branch_python_dop_operator_3.py
[2022-07-06 18:43:19,465] {logging_mixin.py:115} INFO - [2022-07-06 18:43:19,465] {dag.py:2371} INFO - Sync 1 DAGs
[2022-07-06 18:43:19,512] {logging_mixin.py:115} INFO - [2022-07-06 18:43:19,512] {dag.py:2919} INFO - Setting next_dagrun for example_branch_dop_operator_v3 to 2022-07-06T18:42:00+00:00, run_after=2022-07-06T18:43:00+00:00
[2022-07-06 18:43:19,532] {processor.py:161} INFO - Processing /home/airflow/.local/lib/python3.7/site-packages/airflow/example_dags/example_branch_python_dop_operator_3.py took 0.123 seconds
[2022-07-06 18:43:50,268] {processor.py:153} INFO - Started process (PID=957) to work on /home/airflow/.local/lib/python3.7/site-packages/airflow/example_dags/example_branch_python_dop_operator_3.py
[2022-07-06 18:43:50,270] {processor.py:641} INFO - Processing file /home/airflow/.local/lib/python3.7/site-packages/airflow/example_dags/example_branch_python_dop_operator_3.py for tasks to queue
[2022-07-06 18:43:50,271] {logging_mixin.py:115} INFO - [2022-07-06 18:43:50,271] {dagbag.py:507} INFO - Filling up the DagBag from /home/airflow/.local/lib/python3.7/site-packages/airflow/example_dags/example_branch_python_dop_operator_3.py
[2022-07-06 18:43:50,289] {processor.py:651} INFO - DAG(s) dict_keys(['example_branch_dop_operator_v3']) retrieved from /home/airflow/.local/lib/python3.7/site-packages/airflow/example_dags/example_branch_python_dop_operator_3.py
[2022-07-06 18:43:50,324] {logging_mixin.py:115} INFO - [2022-07-06 18:43:50,324] {dag.py:2371} INFO - Sync 1 DAGs
[2022-07-06 18:43:50,360] {logging_mixin.py:115} INFO - [2022-07-06 18:43:50,360] {dag.py:2919} INFO - Setting next_dagrun for example_branch_dop_operator_v3 to 2022-07-06T18:42:00+00:00, run_after=2022-07-06T18:43:00+00:00
[2022-07-06 18:43:50,382] {processor.py:161} INFO - Processing /home/airflow/.local/lib/python3.7/site-packages/airflow/example_dags/example_branch_python_dop_operator_3.py took 0.118 seconds
[2022-07-06 18:44:20,937] {processor.py:153} INFO - Started process (PID=1021) to work on /home/airflow/.local/lib/python3.7/site-packages/airflow/example_dags/example_branch_python_dop_operator_3.py
[2022-07-06 18:44:20,938] {processor.py:641} INFO - Processing file /home/airflow/.local/lib/python3.7/site-packages/airflow/example_dags/example_branch_python_dop_operator_3.py for tasks to queue
[2022-07-06 18:44:20,939] {logging_mixin.py:115} INFO - [2022-07-06 18:44:20,939] {dagbag.py:507} INFO - Filling up the DagBag from /home/airflow/.local/lib/python3.7/site-packages/airflow/example_dags/example_branch_python_dop_operator_3.py
[2022-07-06 18:44:20,953] {processor.py:651} INFO - DAG(s) dict_keys(['example_branch_dop_operator_v3']) retrieved from /home/airflow/.local/lib/python3.7/site-packages/airflow/example_dags/example_branch_python_dop_operator_3.py
[2022-07-06 18:44:20,990] {logging_mixin.py:115} INFO - [2022-07-06 18:44:20,990] {dag.py:2371} INFO - Sync 1 DAGs
[2022-07-06 18:44:21,028] {logging_mixin.py:115} INFO - [2022-07-06 18:44:21,028] {dag.py:2919} INFO - Setting next_dagrun for example_branch_dop_operator_v3 to 2022-07-06T18:43:00+00:00, run_after=2022-07-06T18:44:00+00:00
[2022-07-06 18:44:21,046] {processor.py:161} INFO - Processing /home/airflow/.local/lib/python3.7/site-packages/airflow/example_dags/example_branch_python_dop_operator_3.py took 0.113 seconds
[2022-07-06 18:44:51,958] {processor.py:153} INFO - Started process (PID=1082) to work on /home/airflow/.local/lib/python3.7/site-packages/airflow/example_dags/example_branch_python_dop_operator_3.py
[2022-07-06 18:44:51,959] {processor.py:641} INFO - Processing file /home/airflow/.local/lib/python3.7/site-packages/airflow/example_dags/example_branch_python_dop_operator_3.py for tasks to queue
[2022-07-06 18:44:51,961] {logging_mixin.py:115} INFO - [2022-07-06 18:44:51,961] {dagbag.py:507} INFO - Filling up the DagBag from /home/airflow/.local/lib/python3.7/site-packages/airflow/example_dags/example_branch_python_dop_operator_3.py
[2022-07-06 18:44:51,976] {processor.py:651} INFO - DAG(s) dict_keys(['example_branch_dop_operator_v3']) retrieved from /home/airflow/.local/lib/python3.7/site-packages/airflow/example_dags/example_branch_python_dop_operator_3.py
[2022-07-06 18:44:52,023] {logging_mixin.py:115} INFO - [2022-07-06 18:44:52,023] {dag.py:2371} INFO - Sync 1 DAGs
[2022-07-06 18:44:52,073] {logging_mixin.py:115} INFO - [2022-07-06 18:44:52,073] {dag.py:2919} INFO - Setting next_dagrun for example_branch_dop_operator_v3 to 2022-07-06T18:43:00+00:00, run_after=2022-07-06T18:44:00+00:00
[2022-07-06 18:44:52,088] {processor.py:161} INFO - Processing /home/airflow/.local/lib/python3.7/site-packages/airflow/example_dags/example_branch_python_dop_operator_3.py took 0.135 seconds
[2022-07-06 18:45:22,149] {processor.py:153} INFO - Started process (PID=1136) to work on /home/airflow/.local/lib/python3.7/site-packages/airflow/example_dags/example_branch_python_dop_operator_3.py
[2022-07-06 18:45:22,150] {processor.py:641} INFO - Processing file /home/airflow/.local/lib/python3.7/site-packages/airflow/example_dags/example_branch_python_dop_operator_3.py for tasks to queue
[2022-07-06 18:45:22,152] {logging_mixin.py:115} INFO - [2022-07-06 18:45:22,151] {dagbag.py:507} INFO - Filling up the DagBag from /home/airflow/.local/lib/python3.7/site-packages/airflow/example_dags/example_branch_python_dop_operator_3.py
[2022-07-06 18:45:22,166] {processor.py:651} INFO - DAG(s) dict_keys(['example_branch_dop_operator_v3']) retrieved from /home/airflow/.local/lib/python3.7/site-packages/airflow/example_dags/example_branch_python_dop_operator_3.py
[2022-07-06 18:45:22,199] {logging_mixin.py:115} INFO - [2022-07-06 18:45:22,199] {dag.py:2371} INFO - Sync 1 DAGs
[2022-07-06 18:45:22,238] {logging_mixin.py:115} INFO - [2022-07-06 18:45:22,238] {dag.py:2919} INFO - Setting next_dagrun for example_branch_dop_operator_v3 to 2022-07-06T18:44:00+00:00, run_after=2022-07-06T18:45:00+00:00
[2022-07-06 18:45:22,253] {processor.py:161} INFO - Processing /home/airflow/.local/lib/python3.7/site-packages/airflow/example_dags/example_branch_python_dop_operator_3.py took 0.110 seconds
[2022-07-06 18:45:52,630] {processor.py:153} INFO - Started process (PID=1199) to work on /home/airflow/.local/lib/python3.7/site-packages/airflow/example_dags/example_branch_python_dop_operator_3.py
[2022-07-06 18:45:52,632] {processor.py:641} INFO - Processing file /home/airflow/.local/lib/python3.7/site-packages/airflow/example_dags/example_branch_python_dop_operator_3.py for tasks to queue
[2022-07-06 18:45:52,633] {logging_mixin.py:115} INFO - [2022-07-06 18:45:52,633] {dagbag.py:507} INFO - Filling up the DagBag from /home/airflow/.local/lib/python3.7/site-packages/airflow/example_dags/example_branch_python_dop_operator_3.py
[2022-07-06 18:45:52,646] {processor.py:651} INFO - DAG(s) dict_keys(['example_branch_dop_operator_v3']) retrieved from /home/airflow/.local/lib/python3.7/site-packages/airflow/example_dags/example_branch_python_dop_operator_3.py
[2022-07-06 18:45:52,680] {logging_mixin.py:115} INFO - [2022-07-06 18:45:52,679] {dag.py:2371} INFO - Sync 1 DAGs
[2022-07-06 18:45:52,719] {logging_mixin.py:115} INFO - [2022-07-06 18:45:52,718] {dag.py:2919} INFO - Setting next_dagrun for example_branch_dop_operator_v3 to 2022-07-06T18:44:00+00:00, run_after=2022-07-06T18:45:00+00:00
[2022-07-06 18:45:52,733] {processor.py:161} INFO - Processing /home/airflow/.local/lib/python3.7/site-packages/airflow/example_dags/example_branch_python_dop_operator_3.py took 0.112 seconds
[2022-07-06 18:46:22,995] {processor.py:153} INFO - Started process (PID=1253) to work on /home/airflow/.local/lib/python3.7/site-packages/airflow/example_dags/example_branch_python_dop_operator_3.py
[2022-07-06 18:46:22,998] {processor.py:641} INFO - Processing file /home/airflow/.local/lib/python3.7/site-packages/airflow/example_dags/example_branch_python_dop_operator_3.py for tasks to queue
[2022-07-06 18:46:22,999] {logging_mixin.py:115} INFO - [2022-07-06 18:46:22,999] {dagbag.py:507} INFO - Filling up the DagBag from /home/airflow/.local/lib/python3.7/site-packages/airflow/example_dags/example_branch_python_dop_operator_3.py
[2022-07-06 18:46:23,014] {processor.py:651} INFO - DAG(s) dict_keys(['example_branch_dop_operator_v3']) retrieved from /home/airflow/.local/lib/python3.7/site-packages/airflow/example_dags/example_branch_python_dop_operator_3.py
[2022-07-06 18:46:23,061] {logging_mixin.py:115} INFO - [2022-07-06 18:46:23,061] {dag.py:2371} INFO - Sync 1 DAGs
[2022-07-06 18:46:23,103] {logging_mixin.py:115} INFO - [2022-07-06 18:46:23,103] {dag.py:2919} INFO - Setting next_dagrun for example_branch_dop_operator_v3 to 2022-07-06T18:45:00+00:00, run_after=2022-07-06T18:46:00+00:00
[2022-07-06 18:46:23,129] {processor.py:161} INFO - Processing /home/airflow/.local/lib/python3.7/site-packages/airflow/example_dags/example_branch_python_dop_operator_3.py took 0.139 seconds
[2022-07-06 18:46:53,924] {processor.py:153} INFO - Started process (PID=1318) to work on /home/airflow/.local/lib/python3.7/site-packages/airflow/example_dags/example_branch_python_dop_operator_3.py
[2022-07-06 18:46:53,925] {processor.py:641} INFO - Processing file /home/airflow/.local/lib/python3.7/site-packages/airflow/example_dags/example_branch_python_dop_operator_3.py for tasks to queue
[2022-07-06 18:46:53,927] {logging_mixin.py:115} INFO - [2022-07-06 18:46:53,926] {dagbag.py:507} INFO - Filling up the DagBag from /home/airflow/.local/lib/python3.7/site-packages/airflow/example_dags/example_branch_python_dop_operator_3.py
[2022-07-06 18:46:53,940] {processor.py:651} INFO - DAG(s) dict_keys(['example_branch_dop_operator_v3']) retrieved from /home/airflow/.local/lib/python3.7/site-packages/airflow/example_dags/example_branch_python_dop_operator_3.py
[2022-07-06 18:46:53,975] {logging_mixin.py:115} INFO - [2022-07-06 18:46:53,975] {dag.py:2371} INFO - Sync 1 DAGs
[2022-07-06 18:46:54,014] {logging_mixin.py:115} INFO - [2022-07-06 18:46:54,013] {dag.py:2919} INFO - Setting next_dagrun for example_branch_dop_operator_v3 to 2022-07-06T18:45:00+00:00, run_after=2022-07-06T18:46:00+00:00
[2022-07-06 18:46:54,029] {processor.py:161} INFO - Processing /home/airflow/.local/lib/python3.7/site-packages/airflow/example_dags/example_branch_python_dop_operator_3.py took 0.110 seconds
[2022-07-06 18:47:24,718] {processor.py:153} INFO - Started process (PID=1382) to work on /home/airflow/.local/lib/python3.7/site-packages/airflow/example_dags/example_branch_python_dop_operator_3.py
[2022-07-06 18:47:24,719] {processor.py:641} INFO - Processing file /home/airflow/.local/lib/python3.7/site-packages/airflow/example_dags/example_branch_python_dop_operator_3.py for tasks to queue
[2022-07-06 18:47:24,720] {logging_mixin.py:115} INFO - [2022-07-06 18:47:24,720] {dagbag.py:507} INFO - Filling up the DagBag from /home/airflow/.local/lib/python3.7/site-packages/airflow/example_dags/example_branch_python_dop_operator_3.py
[2022-07-06 18:47:24,733] {processor.py:651} INFO - DAG(s) dict_keys(['example_branch_dop_operator_v3']) retrieved from /home/airflow/.local/lib/python3.7/site-packages/airflow/example_dags/example_branch_python_dop_operator_3.py
[2022-07-06 18:47:24,766] {logging_mixin.py:115} INFO - [2022-07-06 18:47:24,766] {dag.py:2371} INFO - Sync 1 DAGs
[2022-07-06 18:47:24,804] {logging_mixin.py:115} INFO - [2022-07-06 18:47:24,804] {dag.py:2919} INFO - Setting next_dagrun for example_branch_dop_operator_v3 to 2022-07-06T18:46:00+00:00, run_after=2022-07-06T18:47:00+00:00
[2022-07-06 18:47:24,822] {processor.py:161} INFO - Processing /home/airflow/.local/lib/python3.7/site-packages/airflow/example_dags/example_branch_python_dop_operator_3.py took 0.110 seconds
[2022-07-06 18:47:55,762] {processor.py:153} INFO - Started process (PID=1435) to work on /home/airflow/.local/lib/python3.7/site-packages/airflow/example_dags/example_branch_python_dop_operator_3.py
[2022-07-06 18:47:55,763] {processor.py:641} INFO - Processing file /home/airflow/.local/lib/python3.7/site-packages/airflow/example_dags/example_branch_python_dop_operator_3.py for tasks to queue
[2022-07-06 18:47:55,765] {logging_mixin.py:115} INFO - [2022-07-06 18:47:55,765] {dagbag.py:507} INFO - Filling up the DagBag from /home/airflow/.local/lib/python3.7/site-packages/airflow/example_dags/example_branch_python_dop_operator_3.py
[2022-07-06 18:47:55,779] {processor.py:651} INFO - DAG(s) dict_keys(['example_branch_dop_operator_v3']) retrieved from /home/airflow/.local/lib/python3.7/site-packages/airflow/example_dags/example_branch_python_dop_operator_3.py
[2022-07-06 18:47:55,815] {logging_mixin.py:115} INFO - [2022-07-06 18:47:55,815] {dag.py:2371} INFO - Sync 1 DAGs
[2022-07-06 18:47:55,851] {logging_mixin.py:115} INFO - [2022-07-06 18:47:55,851] {dag.py:2919} INFO - Setting next_dagrun for example_branch_dop_operator_v3 to 2022-07-06T18:46:00+00:00, run_after=2022-07-06T18:47:00+00:00
[2022-07-06 18:47:55,866] {processor.py:161} INFO - Processing /home/airflow/.local/lib/python3.7/site-packages/airflow/example_dags/example_branch_python_dop_operator_3.py took 0.110 seconds
[2022-07-06 18:48:26,619] {processor.py:153} INFO - Started process (PID=1501) to work on /home/airflow/.local/lib/python3.7/site-packages/airflow/example_dags/example_branch_python_dop_operator_3.py
[2022-07-06 18:48:26,620] {processor.py:641} INFO - Processing file /home/airflow/.local/lib/python3.7/site-packages/airflow/example_dags/example_branch_python_dop_operator_3.py for tasks to queue
[2022-07-06 18:48:26,621] {logging_mixin.py:115} INFO - [2022-07-06 18:48:26,621] {dagbag.py:507} INFO - Filling up the DagBag from /home/airflow/.local/lib/python3.7/site-packages/airflow/example_dags/example_branch_python_dop_operator_3.py
[2022-07-06 18:48:26,635] {processor.py:651} INFO - DAG(s) dict_keys(['example_branch_dop_operator_v3']) retrieved from /home/airflow/.local/lib/python3.7/site-packages/airflow/example_dags/example_branch_python_dop_operator_3.py
[2022-07-06 18:48:26,667] {logging_mixin.py:115} INFO - [2022-07-06 18:48:26,666] {dag.py:2371} INFO - Sync 1 DAGs
[2022-07-06 18:48:26,703] {logging_mixin.py:115} INFO - [2022-07-06 18:48:26,703] {dag.py:2919} INFO - Setting next_dagrun for example_branch_dop_operator_v3 to 2022-07-06T18:47:00+00:00, run_after=2022-07-06T18:48:00+00:00
[2022-07-06 18:48:26,721] {processor.py:161} INFO - Processing /home/airflow/.local/lib/python3.7/site-packages/airflow/example_dags/example_branch_python_dop_operator_3.py took 0.107 seconds
[2022-07-06 18:48:57,216] {processor.py:153} INFO - Started process (PID=1565) to work on /home/airflow/.local/lib/python3.7/site-packages/airflow/example_dags/example_branch_python_dop_operator_3.py
[2022-07-06 18:48:57,217] {processor.py:641} INFO - Processing file /home/airflow/.local/lib/python3.7/site-packages/airflow/example_dags/example_branch_python_dop_operator_3.py for tasks to queue
[2022-07-06 18:48:57,218] {logging_mixin.py:115} INFO - [2022-07-06 18:48:57,218] {dagbag.py:507} INFO - Filling up the DagBag from /home/airflow/.local/lib/python3.7/site-packages/airflow/example_dags/example_branch_python_dop_operator_3.py
[2022-07-06 18:48:57,231] {processor.py:651} INFO - DAG(s) dict_keys(['example_branch_dop_operator_v3']) retrieved from /home/airflow/.local/lib/python3.7/site-packages/airflow/example_dags/example_branch_python_dop_operator_3.py
[2022-07-06 18:48:57,267] {logging_mixin.py:115} INFO - [2022-07-06 18:48:57,266] {dag.py:2371} INFO - Sync 1 DAGs
[2022-07-06 18:48:57,318] {logging_mixin.py:115} INFO - [2022-07-06 18:48:57,318] {dag.py:2919} INFO - Setting next_dagrun for example_branch_dop_operator_v3 to 2022-07-06T18:47:00+00:00, run_after=2022-07-06T18:48:00+00:00
[2022-07-06 18:48:57,337] {processor.py:161} INFO - Processing /home/airflow/.local/lib/python3.7/site-packages/airflow/example_dags/example_branch_python_dop_operator_3.py took 0.128 seconds
[2022-07-06 18:49:27,777] {processor.py:153} INFO - Started process (PID=1619) to work on /home/airflow/.local/lib/python3.7/site-packages/airflow/example_dags/example_branch_python_dop_operator_3.py
[2022-07-06 18:49:27,779] {processor.py:641} INFO - Processing file /home/airflow/.local/lib/python3.7/site-packages/airflow/example_dags/example_branch_python_dop_operator_3.py for tasks to queue
[2022-07-06 18:49:27,780] {logging_mixin.py:115} INFO - [2022-07-06 18:49:27,780] {dagbag.py:507} INFO - Filling up the DagBag from /home/airflow/.local/lib/python3.7/site-packages/airflow/example_dags/example_branch_python_dop_operator_3.py
[2022-07-06 18:49:27,795] {processor.py:651} INFO - DAG(s) dict_keys(['example_branch_dop_operator_v3']) retrieved from /home/airflow/.local/lib/python3.7/site-packages/airflow/example_dags/example_branch_python_dop_operator_3.py
[2022-07-06 18:49:27,828] {logging_mixin.py:115} INFO - [2022-07-06 18:49:27,828] {dag.py:2371} INFO - Sync 1 DAGs
[2022-07-06 18:49:27,864] {logging_mixin.py:115} INFO - [2022-07-06 18:49:27,864] {dag.py:2919} INFO - Setting next_dagrun for example_branch_dop_operator_v3 to 2022-07-06T18:48:00+00:00, run_after=2022-07-06T18:49:00+00:00
[2022-07-06 18:49:27,881] {processor.py:161} INFO - Processing /home/airflow/.local/lib/python3.7/site-packages/airflow/example_dags/example_branch_python_dop_operator_3.py took 0.109 seconds
[2022-07-06 18:49:58,492] {processor.py:153} INFO - Started process (PID=1685) to work on /home/airflow/.local/lib/python3.7/site-packages/airflow/example_dags/example_branch_python_dop_operator_3.py
[2022-07-06 18:49:58,493] {processor.py:641} INFO - Processing file /home/airflow/.local/lib/python3.7/site-packages/airflow/example_dags/example_branch_python_dop_operator_3.py for tasks to queue
[2022-07-06 18:49:58,494] {logging_mixin.py:115} INFO - [2022-07-06 18:49:58,494] {dagbag.py:507} INFO - Filling up the DagBag from /home/airflow/.local/lib/python3.7/site-packages/airflow/example_dags/example_branch_python_dop_operator_3.py
[2022-07-06 18:49:58,507] {processor.py:651} INFO - DAG(s) dict_keys(['example_branch_dop_operator_v3']) retrieved from /home/airflow/.local/lib/python3.7/site-packages/airflow/example_dags/example_branch_python_dop_operator_3.py
[2022-07-06 18:49:58,538] {logging_mixin.py:115} INFO - [2022-07-06 18:49:58,537] {dag.py:2371} INFO - Sync 1 DAGs
[2022-07-06 18:49:58,575] {logging_mixin.py:115} INFO - [2022-07-06 18:49:58,575] {dag.py:2919} INFO - Setting next_dagrun for example_branch_dop_operator_v3 to 2022-07-06T18:48:00+00:00, run_after=2022-07-06T18:49:00+00:00
[2022-07-06 18:49:58,594] {processor.py:161} INFO - Processing /home/airflow/.local/lib/python3.7/site-packages/airflow/example_dags/example_branch_python_dop_operator_3.py took 0.106 seconds
[2022-07-06 18:50:28,989] {processor.py:153} INFO - Started process (PID=1750) to work on /home/airflow/.local/lib/python3.7/site-packages/airflow/example_dags/example_branch_python_dop_operator_3.py
[2022-07-06 18:50:28,991] {processor.py:641} INFO - Processing file /home/airflow/.local/lib/python3.7/site-packages/airflow/example_dags/example_branch_python_dop_operator_3.py for tasks to queue
[2022-07-06 18:50:28,992] {logging_mixin.py:115} INFO - [2022-07-06 18:50:28,992] {dagbag.py:507} INFO - Filling up the DagBag from /home/airflow/.local/lib/python3.7/site-packages/airflow/example_dags/example_branch_python_dop_operator_3.py
[2022-07-06 18:50:29,006] {processor.py:651} INFO - DAG(s) dict_keys(['example_branch_dop_operator_v3']) retrieved from /home/airflow/.local/lib/python3.7/site-packages/airflow/example_dags/example_branch_python_dop_operator_3.py
[2022-07-06 18:50:29,039] {logging_mixin.py:115} INFO - [2022-07-06 18:50:29,039] {dag.py:2371} INFO - Sync 1 DAGs
[2022-07-06 18:50:29,076] {logging_mixin.py:115} INFO - [2022-07-06 18:50:29,076] {dag.py:2919} INFO - Setting next_dagrun for example_branch_dop_operator_v3 to 2022-07-06T18:49:00+00:00, run_after=2022-07-06T18:50:00+00:00
[2022-07-06 18:50:29,094] {processor.py:161} INFO - Processing /home/airflow/.local/lib/python3.7/site-packages/airflow/example_dags/example_branch_python_dop_operator_3.py took 0.109 seconds
[2022-07-06 18:50:59,412] {processor.py:153} INFO - Started process (PID=1805) to work on /home/airflow/.local/lib/python3.7/site-packages/airflow/example_dags/example_branch_python_dop_operator_3.py
[2022-07-06 18:50:59,413] {processor.py:641} INFO - Processing file /home/airflow/.local/lib/python3.7/site-packages/airflow/example_dags/example_branch_python_dop_operator_3.py for tasks to queue
[2022-07-06 18:50:59,415] {logging_mixin.py:115} INFO - [2022-07-06 18:50:59,415] {dagbag.py:507} INFO - Filling up the DagBag from /home/airflow/.local/lib/python3.7/site-packages/airflow/example_dags/example_branch_python_dop_operator_3.py
[2022-07-06 18:50:59,428] {processor.py:651} INFO - DAG(s) dict_keys(['example_branch_dop_operator_v3']) retrieved from /home/airflow/.local/lib/python3.7/site-packages/airflow/example_dags/example_branch_python_dop_operator_3.py
[2022-07-06 18:50:59,460] {logging_mixin.py:115} INFO - [2022-07-06 18:50:59,460] {dag.py:2371} INFO - Sync 1 DAGs
[2022-07-06 18:50:59,498] {logging_mixin.py:115} INFO - [2022-07-06 18:50:59,498] {dag.py:2919} INFO - Setting next_dagrun for example_branch_dop_operator_v3 to 2022-07-06T18:49:00+00:00, run_after=2022-07-06T18:50:00+00:00
[2022-07-06 18:50:59,517] {processor.py:161} INFO - Processing /home/airflow/.local/lib/python3.7/site-packages/airflow/example_dags/example_branch_python_dop_operator_3.py took 0.110 seconds
[2022-07-06 18:51:30,416] {processor.py:153} INFO - Started process (PID=1871) to work on /home/airflow/.local/lib/python3.7/site-packages/airflow/example_dags/example_branch_python_dop_operator_3.py
[2022-07-06 18:51:30,417] {processor.py:641} INFO - Processing file /home/airflow/.local/lib/python3.7/site-packages/airflow/example_dags/example_branch_python_dop_operator_3.py for tasks to queue
[2022-07-06 18:51:30,419] {logging_mixin.py:115} INFO - [2022-07-06 18:51:30,419] {dagbag.py:507} INFO - Filling up the DagBag from /home/airflow/.local/lib/python3.7/site-packages/airflow/example_dags/example_branch_python_dop_operator_3.py
[2022-07-06 18:51:30,434] {processor.py:651} INFO - DAG(s) dict_keys(['example_branch_dop_operator_v3']) retrieved from /home/airflow/.local/lib/python3.7/site-packages/airflow/example_dags/example_branch_python_dop_operator_3.py
[2022-07-06 18:51:30,469] {logging_mixin.py:115} INFO - [2022-07-06 18:51:30,469] {dag.py:2371} INFO - Sync 1 DAGs
[2022-07-06 18:51:30,508] {logging_mixin.py:115} INFO - [2022-07-06 18:51:30,507] {dag.py:2919} INFO - Setting next_dagrun for example_branch_dop_operator_v3 to 2022-07-06T18:50:00+00:00, run_after=2022-07-06T18:51:00+00:00
[2022-07-06 18:51:30,527] {processor.py:161} INFO - Processing /home/airflow/.local/lib/python3.7/site-packages/airflow/example_dags/example_branch_python_dop_operator_3.py took 0.118 seconds
[2022-07-06 18:52:01,523] {processor.py:153} INFO - Started process (PID=1933) to work on /home/airflow/.local/lib/python3.7/site-packages/airflow/example_dags/example_branch_python_dop_operator_3.py
[2022-07-06 18:52:01,524] {processor.py:641} INFO - Processing file /home/airflow/.local/lib/python3.7/site-packages/airflow/example_dags/example_branch_python_dop_operator_3.py for tasks to queue
[2022-07-06 18:52:01,525] {logging_mixin.py:115} INFO - [2022-07-06 18:52:01,525] {dagbag.py:507} INFO - Filling up the DagBag from /home/airflow/.local/lib/python3.7/site-packages/airflow/example_dags/example_branch_python_dop_operator_3.py
[2022-07-06 18:52:01,539] {processor.py:651} INFO - DAG(s) dict_keys(['example_branch_dop_operator_v3']) retrieved from /home/airflow/.local/lib/python3.7/site-packages/airflow/example_dags/example_branch_python_dop_operator_3.py
[2022-07-06 18:52:01,574] {logging_mixin.py:115} INFO - [2022-07-06 18:52:01,574] {dag.py:2371} INFO - Sync 1 DAGs
[2022-07-06 18:52:01,612] {logging_mixin.py:115} INFO - [2022-07-06 18:52:01,612] {dag.py:2919} INFO - Setting next_dagrun for example_branch_dop_operator_v3 to 2022-07-06T18:51:00+00:00, run_after=2022-07-06T18:52:00+00:00
[2022-07-06 18:52:01,635] {processor.py:161} INFO - Processing /home/airflow/.local/lib/python3.7/site-packages/airflow/example_dags/example_branch_python_dop_operator_3.py took 0.116 seconds
[2022-07-06 18:52:31,677] {processor.py:153} INFO - Started process (PID=1987) to work on /home/airflow/.local/lib/python3.7/site-packages/airflow/example_dags/example_branch_python_dop_operator_3.py
[2022-07-06 18:52:31,678] {processor.py:641} INFO - Processing file /home/airflow/.local/lib/python3.7/site-packages/airflow/example_dags/example_branch_python_dop_operator_3.py for tasks to queue
[2022-07-06 18:52:31,680] {logging_mixin.py:115} INFO - [2022-07-06 18:52:31,680] {dagbag.py:507} INFO - Filling up the DagBag from /home/airflow/.local/lib/python3.7/site-packages/airflow/example_dags/example_branch_python_dop_operator_3.py
[2022-07-06 18:52:31,697] {processor.py:651} INFO - DAG(s) dict_keys(['example_branch_dop_operator_v3']) retrieved from /home/airflow/.local/lib/python3.7/site-packages/airflow/example_dags/example_branch_python_dop_operator_3.py
[2022-07-06 18:52:31,734] {logging_mixin.py:115} INFO - [2022-07-06 18:52:31,734] {dag.py:2371} INFO - Sync 1 DAGs
[2022-07-06 18:52:31,771] {logging_mixin.py:115} INFO - [2022-07-06 18:52:31,771] {dag.py:2919} INFO - Setting next_dagrun for example_branch_dop_operator_v3 to 2022-07-06T18:51:00+00:00, run_after=2022-07-06T18:52:00+00:00
[2022-07-06 18:52:31,788] {processor.py:161} INFO - Processing /home/airflow/.local/lib/python3.7/site-packages/airflow/example_dags/example_branch_python_dop_operator_3.py took 0.118 seconds
[2022-07-06 18:53:02,016] {processor.py:153} INFO - Started process (PID=2051) to work on /home/airflow/.local/lib/python3.7/site-packages/airflow/example_dags/example_branch_python_dop_operator_3.py
[2022-07-06 18:53:02,017] {processor.py:641} INFO - Processing file /home/airflow/.local/lib/python3.7/site-packages/airflow/example_dags/example_branch_python_dop_operator_3.py for tasks to queue
[2022-07-06 18:53:02,018] {logging_mixin.py:115} INFO - [2022-07-06 18:53:02,018] {dagbag.py:507} INFO - Filling up the DagBag from /home/airflow/.local/lib/python3.7/site-packages/airflow/example_dags/example_branch_python_dop_operator_3.py
[2022-07-06 18:53:02,032] {processor.py:651} INFO - DAG(s) dict_keys(['example_branch_dop_operator_v3']) retrieved from /home/airflow/.local/lib/python3.7/site-packages/airflow/example_dags/example_branch_python_dop_operator_3.py
[2022-07-06 18:53:02,066] {logging_mixin.py:115} INFO - [2022-07-06 18:53:02,065] {dag.py:2371} INFO - Sync 1 DAGs
[2022-07-06 18:53:02,103] {logging_mixin.py:115} INFO - [2022-07-06 18:53:02,103] {dag.py:2919} INFO - Setting next_dagrun for example_branch_dop_operator_v3 to 2022-07-06T18:52:00+00:00, run_after=2022-07-06T18:53:00+00:00
[2022-07-06 18:53:02,122] {processor.py:161} INFO - Processing /home/airflow/.local/lib/python3.7/site-packages/airflow/example_dags/example_branch_python_dop_operator_3.py took 0.110 seconds
[2022-07-06 18:53:32,413] {processor.py:153} INFO - Started process (PID=2112) to work on /home/airflow/.local/lib/python3.7/site-packages/airflow/example_dags/example_branch_python_dop_operator_3.py
[2022-07-06 18:53:32,415] {processor.py:641} INFO - Processing file /home/airflow/.local/lib/python3.7/site-packages/airflow/example_dags/example_branch_python_dop_operator_3.py for tasks to queue
[2022-07-06 18:53:32,416] {logging_mixin.py:115} INFO - [2022-07-06 18:53:32,416] {dagbag.py:507} INFO - Filling up the DagBag from /home/airflow/.local/lib/python3.7/site-packages/airflow/example_dags/example_branch_python_dop_operator_3.py
[2022-07-06 18:53:32,440] {processor.py:651} INFO - DAG(s) dict_keys(['example_branch_dop_operator_v3']) retrieved from /home/airflow/.local/lib/python3.7/site-packages/airflow/example_dags/example_branch_python_dop_operator_3.py
[2022-07-06 18:53:32,476] {logging_mixin.py:115} INFO - [2022-07-06 18:53:32,476] {dag.py:2371} INFO - Sync 1 DAGs
[2022-07-06 18:53:32,515] {logging_mixin.py:115} INFO - [2022-07-06 18:53:32,515] {dag.py:2919} INFO - Setting next_dagrun for example_branch_dop_operator_v3 to 2022-07-06T18:52:00+00:00, run_after=2022-07-06T18:53:00+00:00
[2022-07-06 18:53:32,530] {processor.py:161} INFO - Processing /home/airflow/.local/lib/python3.7/site-packages/airflow/example_dags/example_branch_python_dop_operator_3.py took 0.122 seconds
[2022-07-06 18:54:04,767] {processor.py:153} INFO - Started process (PID=2168) to work on /home/airflow/.local/lib/python3.7/site-packages/airflow/example_dags/example_branch_python_dop_operator_3.py
[2022-07-06 18:54:04,770] {processor.py:641} INFO - Processing file /home/airflow/.local/lib/python3.7/site-packages/airflow/example_dags/example_branch_python_dop_operator_3.py for tasks to queue
[2022-07-06 18:54:04,774] {logging_mixin.py:115} INFO - [2022-07-06 18:54:04,774] {dagbag.py:507} INFO - Filling up the DagBag from /home/airflow/.local/lib/python3.7/site-packages/airflow/example_dags/example_branch_python_dop_operator_3.py
[2022-07-06 18:54:04,835] {processor.py:651} INFO - DAG(s) dict_keys(['example_branch_dop_operator_v3']) retrieved from /home/airflow/.local/lib/python3.7/site-packages/airflow/example_dags/example_branch_python_dop_operator_3.py
[2022-07-06 18:54:05,026] {logging_mixin.py:115} INFO - [2022-07-06 18:54:05,026] {dag.py:2371} INFO - Sync 1 DAGs
[2022-07-06 18:54:05,211] {logging_mixin.py:115} INFO - [2022-07-06 18:54:05,197] {dag.py:2919} INFO - Setting next_dagrun for example_branch_dop_operator_v3 to 2022-07-06T18:53:00+00:00, run_after=2022-07-06T18:54:00+00:00
[2022-07-06 18:54:05,256] {processor.py:161} INFO - Processing /home/airflow/.local/lib/python3.7/site-packages/airflow/example_dags/example_branch_python_dop_operator_3.py took 0.499 seconds
[2022-07-06 18:54:35,351] {processor.py:153} INFO - Started process (PID=2222) to work on /home/airflow/.local/lib/python3.7/site-packages/airflow/example_dags/example_branch_python_dop_operator_3.py
[2022-07-06 18:54:35,356] {processor.py:641} INFO - Processing file /home/airflow/.local/lib/python3.7/site-packages/airflow/example_dags/example_branch_python_dop_operator_3.py for tasks to queue
[2022-07-06 18:54:35,357] {logging_mixin.py:115} INFO - [2022-07-06 18:54:35,357] {dagbag.py:507} INFO - Filling up the DagBag from /home/airflow/.local/lib/python3.7/site-packages/airflow/example_dags/example_branch_python_dop_operator_3.py
[2022-07-06 18:54:35,378] {processor.py:651} INFO - DAG(s) dict_keys(['example_branch_dop_operator_v3']) retrieved from /home/airflow/.local/lib/python3.7/site-packages/airflow/example_dags/example_branch_python_dop_operator_3.py
[2022-07-06 18:54:35,440] {logging_mixin.py:115} INFO - [2022-07-06 18:54:35,439] {dag.py:2371} INFO - Sync 1 DAGs
[2022-07-06 18:54:35,489] {logging_mixin.py:115} INFO - [2022-07-06 18:54:35,489] {dag.py:2919} INFO - Setting next_dagrun for example_branch_dop_operator_v3 to 2022-07-06T18:53:00+00:00, run_after=2022-07-06T18:54:00+00:00
[2022-07-06 18:54:35,513] {processor.py:161} INFO - Processing /home/airflow/.local/lib/python3.7/site-packages/airflow/example_dags/example_branch_python_dop_operator_3.py took 0.173 seconds
[2022-07-06 18:55:06,351] {processor.py:153} INFO - Started process (PID=2277) to work on /home/airflow/.local/lib/python3.7/site-packages/airflow/example_dags/example_branch_python_dop_operator_3.py
[2022-07-06 18:55:06,354] {processor.py:641} INFO - Processing file /home/airflow/.local/lib/python3.7/site-packages/airflow/example_dags/example_branch_python_dop_operator_3.py for tasks to queue
[2022-07-06 18:55:06,355] {logging_mixin.py:115} INFO - [2022-07-06 18:55:06,355] {dagbag.py:507} INFO - Filling up the DagBag from /home/airflow/.local/lib/python3.7/site-packages/airflow/example_dags/example_branch_python_dop_operator_3.py
[2022-07-06 18:55:06,371] {processor.py:651} INFO - DAG(s) dict_keys(['example_branch_dop_operator_v3']) retrieved from /home/airflow/.local/lib/python3.7/site-packages/airflow/example_dags/example_branch_python_dop_operator_3.py
[2022-07-06 18:55:06,438] {logging_mixin.py:115} INFO - [2022-07-06 18:55:06,438] {dag.py:2371} INFO - Sync 1 DAGs
[2022-07-06 18:55:06,480] {logging_mixin.py:115} INFO - [2022-07-06 18:55:06,480] {dag.py:2919} INFO - Setting next_dagrun for example_branch_dop_operator_v3 to 2022-07-06T18:54:00+00:00, run_after=2022-07-06T18:55:00+00:00
[2022-07-06 18:55:06,502] {processor.py:161} INFO - Processing /home/airflow/.local/lib/python3.7/site-packages/airflow/example_dags/example_branch_python_dop_operator_3.py took 0.155 seconds
[2022-07-06 18:55:37,142] {processor.py:153} INFO - Started process (PID=2341) to work on /home/airflow/.local/lib/python3.7/site-packages/airflow/example_dags/example_branch_python_dop_operator_3.py
[2022-07-06 18:55:37,144] {processor.py:641} INFO - Processing file /home/airflow/.local/lib/python3.7/site-packages/airflow/example_dags/example_branch_python_dop_operator_3.py for tasks to queue
[2022-07-06 18:55:37,145] {logging_mixin.py:115} INFO - [2022-07-06 18:55:37,145] {dagbag.py:507} INFO - Filling up the DagBag from /home/airflow/.local/lib/python3.7/site-packages/airflow/example_dags/example_branch_python_dop_operator_3.py
[2022-07-06 18:55:37,158] {processor.py:651} INFO - DAG(s) dict_keys(['example_branch_dop_operator_v3']) retrieved from /home/airflow/.local/lib/python3.7/site-packages/airflow/example_dags/example_branch_python_dop_operator_3.py
[2022-07-06 18:55:37,194] {logging_mixin.py:115} INFO - [2022-07-06 18:55:37,194] {dag.py:2371} INFO - Sync 1 DAGs
[2022-07-06 18:55:37,231] {logging_mixin.py:115} INFO - [2022-07-06 18:55:37,231] {dag.py:2919} INFO - Setting next_dagrun for example_branch_dop_operator_v3 to 2022-07-06T18:54:00+00:00, run_after=2022-07-06T18:55:00+00:00
[2022-07-06 18:55:37,246] {processor.py:161} INFO - Processing /home/airflow/.local/lib/python3.7/site-packages/airflow/example_dags/example_branch_python_dop_operator_3.py took 0.109 seconds
[2022-07-06 18:56:07,727] {processor.py:153} INFO - Started process (PID=2399) to work on /home/airflow/.local/lib/python3.7/site-packages/airflow/example_dags/example_branch_python_dop_operator_3.py
[2022-07-06 18:56:07,729] {processor.py:641} INFO - Processing file /home/airflow/.local/lib/python3.7/site-packages/airflow/example_dags/example_branch_python_dop_operator_3.py for tasks to queue
[2022-07-06 18:56:07,732] {logging_mixin.py:115} INFO - [2022-07-06 18:56:07,731] {dagbag.py:507} INFO - Filling up the DagBag from /home/airflow/.local/lib/python3.7/site-packages/airflow/example_dags/example_branch_python_dop_operator_3.py
[2022-07-06 18:56:07,754] {processor.py:651} INFO - DAG(s) dict_keys(['example_branch_dop_operator_v3']) retrieved from /home/airflow/.local/lib/python3.7/site-packages/airflow/example_dags/example_branch_python_dop_operator_3.py
[2022-07-06 18:56:07,800] {logging_mixin.py:115} INFO - [2022-07-06 18:56:07,800] {dag.py:2371} INFO - Sync 1 DAGs
[2022-07-06 18:56:07,854] {logging_mixin.py:115} INFO - [2022-07-06 18:56:07,854] {dag.py:2919} INFO - Setting next_dagrun for example_branch_dop_operator_v3 to 2022-07-06T18:55:00+00:00, run_after=2022-07-06T18:56:00+00:00
[2022-07-06 18:56:07,878] {processor.py:161} INFO - Processing /home/airflow/.local/lib/python3.7/site-packages/airflow/example_dags/example_branch_python_dop_operator_3.py took 0.158 seconds
[2022-07-06 18:56:38,344] {processor.py:153} INFO - Started process (PID=2466) to work on /home/airflow/.local/lib/python3.7/site-packages/airflow/example_dags/example_branch_python_dop_operator_3.py
[2022-07-06 18:56:38,351] {processor.py:641} INFO - Processing file /home/airflow/.local/lib/python3.7/site-packages/airflow/example_dags/example_branch_python_dop_operator_3.py for tasks to queue
[2022-07-06 18:56:38,353] {logging_mixin.py:115} INFO - [2022-07-06 18:56:38,353] {dagbag.py:507} INFO - Filling up the DagBag from /home/airflow/.local/lib/python3.7/site-packages/airflow/example_dags/example_branch_python_dop_operator_3.py
[2022-07-06 18:56:38,380] {processor.py:651} INFO - DAG(s) dict_keys(['example_branch_dop_operator_v3']) retrieved from /home/airflow/.local/lib/python3.7/site-packages/airflow/example_dags/example_branch_python_dop_operator_3.py
[2022-07-06 18:56:38,429] {logging_mixin.py:115} INFO - [2022-07-06 18:56:38,429] {dag.py:2371} INFO - Sync 1 DAGs
[2022-07-06 18:56:38,491] {logging_mixin.py:115} INFO - [2022-07-06 18:56:38,490] {dag.py:2919} INFO - Setting next_dagrun for example_branch_dop_operator_v3 to 2022-07-06T18:55:00+00:00, run_after=2022-07-06T18:56:00+00:00
[2022-07-06 18:56:38,581] {processor.py:161} INFO - Processing /home/airflow/.local/lib/python3.7/site-packages/airflow/example_dags/example_branch_python_dop_operator_3.py took 0.246 seconds
[2022-07-06 18:57:11,762] {processor.py:153} INFO - Started process (PID=2520) to work on /home/airflow/.local/lib/python3.7/site-packages/airflow/example_dags/example_branch_python_dop_operator_3.py
[2022-07-06 18:57:11,765] {processor.py:641} INFO - Processing file /home/airflow/.local/lib/python3.7/site-packages/airflow/example_dags/example_branch_python_dop_operator_3.py for tasks to queue
[2022-07-06 18:57:11,769] {logging_mixin.py:115} INFO - [2022-07-06 18:57:11,768] {dagbag.py:507} INFO - Filling up the DagBag from /home/airflow/.local/lib/python3.7/site-packages/airflow/example_dags/example_branch_python_dop_operator_3.py
[2022-07-06 18:57:11,822] {processor.py:651} INFO - DAG(s) dict_keys(['example_branch_dop_operator_v3']) retrieved from /home/airflow/.local/lib/python3.7/site-packages/airflow/example_dags/example_branch_python_dop_operator_3.py
[2022-07-06 18:57:11,934] {logging_mixin.py:115} INFO - [2022-07-06 18:57:11,934] {dag.py:2371} INFO - Sync 1 DAGs
[2022-07-06 18:57:12,055] {logging_mixin.py:115} INFO - [2022-07-06 18:57:12,055] {dag.py:2919} INFO - Setting next_dagrun for example_branch_dop_operator_v3 to 2022-07-06T18:56:00+00:00, run_after=2022-07-06T18:57:00+00:00
[2022-07-06 18:57:12,085] {processor.py:161} INFO - Processing /home/airflow/.local/lib/python3.7/site-packages/airflow/example_dags/example_branch_python_dop_operator_3.py took 0.334 seconds
[2022-07-06 18:57:42,904] {processor.py:153} INFO - Started process (PID=2573) to work on /home/airflow/.local/lib/python3.7/site-packages/airflow/example_dags/example_branch_python_dop_operator_3.py
[2022-07-06 18:57:42,905] {processor.py:641} INFO - Processing file /home/airflow/.local/lib/python3.7/site-packages/airflow/example_dags/example_branch_python_dop_operator_3.py for tasks to queue
[2022-07-06 18:57:42,906] {logging_mixin.py:115} INFO - [2022-07-06 18:57:42,906] {dagbag.py:507} INFO - Filling up the DagBag from /home/airflow/.local/lib/python3.7/site-packages/airflow/example_dags/example_branch_python_dop_operator_3.py
[2022-07-06 18:57:42,922] {processor.py:651} INFO - DAG(s) dict_keys(['example_branch_dop_operator_v3']) retrieved from /home/airflow/.local/lib/python3.7/site-packages/airflow/example_dags/example_branch_python_dop_operator_3.py
[2022-07-06 18:57:42,960] {logging_mixin.py:115} INFO - [2022-07-06 18:57:42,960] {dag.py:2371} INFO - Sync 1 DAGs
[2022-07-06 18:57:42,999] {logging_mixin.py:115} INFO - [2022-07-06 18:57:42,998] {dag.py:2919} INFO - Setting next_dagrun for example_branch_dop_operator_v3 to 2022-07-06T18:56:00+00:00, run_after=2022-07-06T18:57:00+00:00
[2022-07-06 18:57:43,014] {processor.py:161} INFO - Processing /home/airflow/.local/lib/python3.7/site-packages/airflow/example_dags/example_branch_python_dop_operator_3.py took 0.115 seconds
[2022-07-06 18:58:13,553] {processor.py:153} INFO - Started process (PID=2637) to work on /home/airflow/.local/lib/python3.7/site-packages/airflow/example_dags/example_branch_python_dop_operator_3.py
[2022-07-06 18:58:13,554] {processor.py:641} INFO - Processing file /home/airflow/.local/lib/python3.7/site-packages/airflow/example_dags/example_branch_python_dop_operator_3.py for tasks to queue
[2022-07-06 18:58:13,555] {logging_mixin.py:115} INFO - [2022-07-06 18:58:13,555] {dagbag.py:507} INFO - Filling up the DagBag from /home/airflow/.local/lib/python3.7/site-packages/airflow/example_dags/example_branch_python_dop_operator_3.py
[2022-07-06 18:58:13,568] {processor.py:651} INFO - DAG(s) dict_keys(['example_branch_dop_operator_v3']) retrieved from /home/airflow/.local/lib/python3.7/site-packages/airflow/example_dags/example_branch_python_dop_operator_3.py
[2022-07-06 18:58:13,607] {logging_mixin.py:115} INFO - [2022-07-06 18:58:13,607] {dag.py:2371} INFO - Sync 1 DAGs
[2022-07-06 18:58:13,643] {logging_mixin.py:115} INFO - [2022-07-06 18:58:13,643] {dag.py:2919} INFO - Setting next_dagrun for example_branch_dop_operator_v3 to 2022-07-06T18:57:00+00:00, run_after=2022-07-06T18:58:00+00:00
[2022-07-06 18:58:13,662] {processor.py:161} INFO - Processing /home/airflow/.local/lib/python3.7/site-packages/airflow/example_dags/example_branch_python_dop_operator_3.py took 0.114 seconds
[2022-07-06 18:58:43,754] {processor.py:153} INFO - Started process (PID=2690) to work on /home/airflow/.local/lib/python3.7/site-packages/airflow/example_dags/example_branch_python_dop_operator_3.py
[2022-07-06 18:58:43,756] {processor.py:641} INFO - Processing file /home/airflow/.local/lib/python3.7/site-packages/airflow/example_dags/example_branch_python_dop_operator_3.py for tasks to queue
[2022-07-06 18:58:43,757] {logging_mixin.py:115} INFO - [2022-07-06 18:58:43,757] {dagbag.py:507} INFO - Filling up the DagBag from /home/airflow/.local/lib/python3.7/site-packages/airflow/example_dags/example_branch_python_dop_operator_3.py
[2022-07-06 18:58:43,770] {processor.py:651} INFO - DAG(s) dict_keys(['example_branch_dop_operator_v3']) retrieved from /home/airflow/.local/lib/python3.7/site-packages/airflow/example_dags/example_branch_python_dop_operator_3.py
[2022-07-06 18:58:43,802] {logging_mixin.py:115} INFO - [2022-07-06 18:58:43,802] {dag.py:2371} INFO - Sync 1 DAGs
[2022-07-06 18:58:43,838] {logging_mixin.py:115} INFO - [2022-07-06 18:58:43,838] {dag.py:2919} INFO - Setting next_dagrun for example_branch_dop_operator_v3 to 2022-07-06T18:57:00+00:00, run_after=2022-07-06T18:58:00+00:00
[2022-07-06 18:58:43,854] {processor.py:161} INFO - Processing /home/airflow/.local/lib/python3.7/site-packages/airflow/example_dags/example_branch_python_dop_operator_3.py took 0.104 seconds
[2022-07-06 18:59:13,970] {processor.py:153} INFO - Started process (PID=2754) to work on /home/airflow/.local/lib/python3.7/site-packages/airflow/example_dags/example_branch_python_dop_operator_3.py
[2022-07-06 18:59:13,973] {processor.py:641} INFO - Processing file /home/airflow/.local/lib/python3.7/site-packages/airflow/example_dags/example_branch_python_dop_operator_3.py for tasks to queue
[2022-07-06 18:59:13,975] {logging_mixin.py:115} INFO - [2022-07-06 18:59:13,975] {dagbag.py:507} INFO - Filling up the DagBag from /home/airflow/.local/lib/python3.7/site-packages/airflow/example_dags/example_branch_python_dop_operator_3.py
[2022-07-06 18:59:13,992] {processor.py:651} INFO - DAG(s) dict_keys(['example_branch_dop_operator_v3']) retrieved from /home/airflow/.local/lib/python3.7/site-packages/airflow/example_dags/example_branch_python_dop_operator_3.py
[2022-07-06 18:59:14,034] {logging_mixin.py:115} INFO - [2022-07-06 18:59:14,033] {dag.py:2371} INFO - Sync 1 DAGs
[2022-07-06 18:59:14,080] {logging_mixin.py:115} INFO - [2022-07-06 18:59:14,080] {dag.py:2919} INFO - Setting next_dagrun for example_branch_dop_operator_v3 to 2022-07-06T18:58:00+00:00, run_after=2022-07-06T18:59:00+00:00
[2022-07-06 18:59:14,110] {processor.py:161} INFO - Processing /home/airflow/.local/lib/python3.7/site-packages/airflow/example_dags/example_branch_python_dop_operator_3.py took 0.147 seconds
[2022-07-06 18:59:44,184] {processor.py:153} INFO - Started process (PID=2818) to work on /home/airflow/.local/lib/python3.7/site-packages/airflow/example_dags/example_branch_python_dop_operator_3.py
[2022-07-06 18:59:44,186] {processor.py:641} INFO - Processing file /home/airflow/.local/lib/python3.7/site-packages/airflow/example_dags/example_branch_python_dop_operator_3.py for tasks to queue
[2022-07-06 18:59:44,187] {logging_mixin.py:115} INFO - [2022-07-06 18:59:44,187] {dagbag.py:507} INFO - Filling up the DagBag from /home/airflow/.local/lib/python3.7/site-packages/airflow/example_dags/example_branch_python_dop_operator_3.py
[2022-07-06 18:59:44,201] {processor.py:651} INFO - DAG(s) dict_keys(['example_branch_dop_operator_v3']) retrieved from /home/airflow/.local/lib/python3.7/site-packages/airflow/example_dags/example_branch_python_dop_operator_3.py
[2022-07-06 18:59:44,234] {logging_mixin.py:115} INFO - [2022-07-06 18:59:44,234] {dag.py:2371} INFO - Sync 1 DAGs
[2022-07-06 18:59:44,269] {logging_mixin.py:115} INFO - [2022-07-06 18:59:44,269] {dag.py:2919} INFO - Setting next_dagrun for example_branch_dop_operator_v3 to 2022-07-06T18:58:00+00:00, run_after=2022-07-06T18:59:00+00:00
[2022-07-06 18:59:44,288] {processor.py:161} INFO - Processing /home/airflow/.local/lib/python3.7/site-packages/airflow/example_dags/example_branch_python_dop_operator_3.py took 0.108 seconds
[2022-07-06 19:00:14,362] {processor.py:153} INFO - Started process (PID=2874) to work on /home/airflow/.local/lib/python3.7/site-packages/airflow/example_dags/example_branch_python_dop_operator_3.py
[2022-07-06 19:00:14,363] {processor.py:641} INFO - Processing file /home/airflow/.local/lib/python3.7/site-packages/airflow/example_dags/example_branch_python_dop_operator_3.py for tasks to queue
[2022-07-06 19:00:14,364] {logging_mixin.py:115} INFO - [2022-07-06 19:00:14,364] {dagbag.py:507} INFO - Filling up the DagBag from /home/airflow/.local/lib/python3.7/site-packages/airflow/example_dags/example_branch_python_dop_operator_3.py
[2022-07-06 19:00:14,378] {processor.py:651} INFO - DAG(s) dict_keys(['example_branch_dop_operator_v3']) retrieved from /home/airflow/.local/lib/python3.7/site-packages/airflow/example_dags/example_branch_python_dop_operator_3.py
[2022-07-06 19:00:14,415] {logging_mixin.py:115} INFO - [2022-07-06 19:00:14,415] {dag.py:2371} INFO - Sync 1 DAGs
[2022-07-06 19:00:14,453] {logging_mixin.py:115} INFO - [2022-07-06 19:00:14,453] {dag.py:2919} INFO - Setting next_dagrun for example_branch_dop_operator_v3 to 2022-07-06T18:59:00+00:00, run_after=2022-07-06T19:00:00+00:00
[2022-07-06 19:00:14,470] {processor.py:161} INFO - Processing /home/airflow/.local/lib/python3.7/site-packages/airflow/example_dags/example_branch_python_dop_operator_3.py took 0.113 seconds
[2022-07-06 19:00:45,339] {processor.py:153} INFO - Started process (PID=2937) to work on /home/airflow/.local/lib/python3.7/site-packages/airflow/example_dags/example_branch_python_dop_operator_3.py
[2022-07-06 19:00:45,341] {processor.py:641} INFO - Processing file /home/airflow/.local/lib/python3.7/site-packages/airflow/example_dags/example_branch_python_dop_operator_3.py for tasks to queue
[2022-07-06 19:00:45,343] {logging_mixin.py:115} INFO - [2022-07-06 19:00:45,343] {dagbag.py:507} INFO - Filling up the DagBag from /home/airflow/.local/lib/python3.7/site-packages/airflow/example_dags/example_branch_python_dop_operator_3.py
[2022-07-06 19:00:45,359] {processor.py:651} INFO - DAG(s) dict_keys(['example_branch_dop_operator_v3']) retrieved from /home/airflow/.local/lib/python3.7/site-packages/airflow/example_dags/example_branch_python_dop_operator_3.py
[2022-07-06 19:00:45,400] {logging_mixin.py:115} INFO - [2022-07-06 19:00:45,398] {dag.py:2371} INFO - Sync 1 DAGs
[2022-07-06 19:00:45,441] {logging_mixin.py:115} INFO - [2022-07-06 19:00:45,441] {dag.py:2919} INFO - Setting next_dagrun for example_branch_dop_operator_v3 to 2022-07-06T18:59:00+00:00, run_after=2022-07-06T19:00:00+00:00
[2022-07-06 19:00:45,458] {processor.py:161} INFO - Processing /home/airflow/.local/lib/python3.7/site-packages/airflow/example_dags/example_branch_python_dop_operator_3.py took 0.123 seconds
[2022-07-06 19:01:15,982] {processor.py:153} INFO - Started process (PID=2991) to work on /home/airflow/.local/lib/python3.7/site-packages/airflow/example_dags/example_branch_python_dop_operator_3.py
[2022-07-06 19:01:15,984] {processor.py:641} INFO - Processing file /home/airflow/.local/lib/python3.7/site-packages/airflow/example_dags/example_branch_python_dop_operator_3.py for tasks to queue
[2022-07-06 19:01:15,985] {logging_mixin.py:115} INFO - [2022-07-06 19:01:15,985] {dagbag.py:507} INFO - Filling up the DagBag from /home/airflow/.local/lib/python3.7/site-packages/airflow/example_dags/example_branch_python_dop_operator_3.py
[2022-07-06 19:01:15,998] {processor.py:651} INFO - DAG(s) dict_keys(['example_branch_dop_operator_v3']) retrieved from /home/airflow/.local/lib/python3.7/site-packages/airflow/example_dags/example_branch_python_dop_operator_3.py
[2022-07-06 19:01:16,034] {logging_mixin.py:115} INFO - [2022-07-06 19:01:16,034] {dag.py:2371} INFO - Sync 1 DAGs
[2022-07-06 19:01:16,081] {logging_mixin.py:115} INFO - [2022-07-06 19:01:16,081] {dag.py:2919} INFO - Setting next_dagrun for example_branch_dop_operator_v3 to 2022-07-06T19:00:00+00:00, run_after=2022-07-06T19:01:00+00:00
[2022-07-06 19:01:16,095] {processor.py:161} INFO - Processing /home/airflow/.local/lib/python3.7/site-packages/airflow/example_dags/example_branch_python_dop_operator_3.py took 0.118 seconds
