[2022-07-06 18:36:10,564] {processor.py:153} INFO - Started process (PID=44) to work on /home/airflow/.local/lib/python3.7/site-packages/airflow/example_dags/example_nested_branch_dag.py
[2022-07-06 18:36:10,565] {processor.py:641} INFO - Processing file /home/airflow/.local/lib/python3.7/site-packages/airflow/example_dags/example_nested_branch_dag.py for tasks to queue
[2022-07-06 18:36:10,566] {logging_mixin.py:115} INFO - [2022-07-06 18:36:10,566] {dagbag.py:507} INFO - Filling up the DagBag from /home/airflow/.local/lib/python3.7/site-packages/airflow/example_dags/example_nested_branch_dag.py
[2022-07-06 18:36:10,588] {processor.py:651} INFO - DAG(s) dict_keys(['example_nested_branch_dag']) retrieved from /home/airflow/.local/lib/python3.7/site-packages/airflow/example_dags/example_nested_branch_dag.py
[2022-07-06 18:36:10,628] {logging_mixin.py:115} INFO - [2022-07-06 18:36:10,628] {dag.py:2371} INFO - Sync 1 DAGs
[2022-07-06 18:36:10,666] {logging_mixin.py:115} INFO - [2022-07-06 18:36:10,666] {dag.py:2919} INFO - Setting next_dagrun for example_nested_branch_dag to 2022-07-05T00:00:00+00:00, run_after=2022-07-06T00:00:00+00:00
[2022-07-06 18:36:10,700] {processor.py:161} INFO - Processing /home/airflow/.local/lib/python3.7/site-packages/airflow/example_dags/example_nested_branch_dag.py took 0.141 seconds
[2022-07-06 18:36:41,211] {processor.py:153} INFO - Started process (PID=98) to work on /home/airflow/.local/lib/python3.7/site-packages/airflow/example_dags/example_nested_branch_dag.py
[2022-07-06 18:36:41,213] {processor.py:641} INFO - Processing file /home/airflow/.local/lib/python3.7/site-packages/airflow/example_dags/example_nested_branch_dag.py for tasks to queue
[2022-07-06 18:36:41,214] {logging_mixin.py:115} INFO - [2022-07-06 18:36:41,214] {dagbag.py:507} INFO - Filling up the DagBag from /home/airflow/.local/lib/python3.7/site-packages/airflow/example_dags/example_nested_branch_dag.py
[2022-07-06 18:36:41,235] {processor.py:651} INFO - DAG(s) dict_keys(['example_nested_branch_dag']) retrieved from /home/airflow/.local/lib/python3.7/site-packages/airflow/example_dags/example_nested_branch_dag.py
[2022-07-06 18:36:41,275] {logging_mixin.py:115} INFO - [2022-07-06 18:36:41,275] {dag.py:2371} INFO - Sync 1 DAGs
[2022-07-06 18:36:41,308] {logging_mixin.py:115} INFO - [2022-07-06 18:36:41,308] {dag.py:2919} INFO - Setting next_dagrun for example_nested_branch_dag to 2022-07-05T00:00:00+00:00, run_after=2022-07-06T00:00:00+00:00
[2022-07-06 18:36:41,327] {processor.py:161} INFO - Processing /home/airflow/.local/lib/python3.7/site-packages/airflow/example_dags/example_nested_branch_dag.py took 0.123 seconds
[2022-07-06 18:37:11,369] {processor.py:153} INFO - Started process (PID=160) to work on /home/airflow/.local/lib/python3.7/site-packages/airflow/example_dags/example_nested_branch_dag.py
[2022-07-06 18:37:11,370] {processor.py:641} INFO - Processing file /home/airflow/.local/lib/python3.7/site-packages/airflow/example_dags/example_nested_branch_dag.py for tasks to queue
[2022-07-06 18:37:11,371] {logging_mixin.py:115} INFO - [2022-07-06 18:37:11,371] {dagbag.py:507} INFO - Filling up the DagBag from /home/airflow/.local/lib/python3.7/site-packages/airflow/example_dags/example_nested_branch_dag.py
[2022-07-06 18:37:11,384] {processor.py:651} INFO - DAG(s) dict_keys(['example_nested_branch_dag']) retrieved from /home/airflow/.local/lib/python3.7/site-packages/airflow/example_dags/example_nested_branch_dag.py
[2022-07-06 18:37:11,418] {logging_mixin.py:115} INFO - [2022-07-06 18:37:11,417] {dag.py:2371} INFO - Sync 1 DAGs
[2022-07-06 18:37:11,451] {logging_mixin.py:115} INFO - [2022-07-06 18:37:11,450] {dag.py:2919} INFO - Setting next_dagrun for example_nested_branch_dag to 2022-07-05T00:00:00+00:00, run_after=2022-07-06T00:00:00+00:00
[2022-07-06 18:37:11,467] {processor.py:161} INFO - Processing /home/airflow/.local/lib/python3.7/site-packages/airflow/example_dags/example_nested_branch_dag.py took 0.102 seconds
[2022-07-06 18:37:41,688] {processor.py:153} INFO - Started process (PID=224) to work on /home/airflow/.local/lib/python3.7/site-packages/airflow/example_dags/example_nested_branch_dag.py
[2022-07-06 18:37:41,690] {processor.py:641} INFO - Processing file /home/airflow/.local/lib/python3.7/site-packages/airflow/example_dags/example_nested_branch_dag.py for tasks to queue
[2022-07-06 18:37:41,691] {logging_mixin.py:115} INFO - [2022-07-06 18:37:41,691] {dagbag.py:507} INFO - Filling up the DagBag from /home/airflow/.local/lib/python3.7/site-packages/airflow/example_dags/example_nested_branch_dag.py
[2022-07-06 18:37:41,703] {processor.py:651} INFO - DAG(s) dict_keys(['example_nested_branch_dag']) retrieved from /home/airflow/.local/lib/python3.7/site-packages/airflow/example_dags/example_nested_branch_dag.py
[2022-07-06 18:37:41,739] {logging_mixin.py:115} INFO - [2022-07-06 18:37:41,739] {dag.py:2371} INFO - Sync 1 DAGs
[2022-07-06 18:37:41,772] {logging_mixin.py:115} INFO - [2022-07-06 18:37:41,772] {dag.py:2919} INFO - Setting next_dagrun for example_nested_branch_dag to 2022-07-05T00:00:00+00:00, run_after=2022-07-06T00:00:00+00:00
[2022-07-06 18:37:41,789] {processor.py:161} INFO - Processing /home/airflow/.local/lib/python3.7/site-packages/airflow/example_dags/example_nested_branch_dag.py took 0.106 seconds
[2022-07-06 18:38:11,952] {processor.py:153} INFO - Started process (PID=278) to work on /home/airflow/.local/lib/python3.7/site-packages/airflow/example_dags/example_nested_branch_dag.py
[2022-07-06 18:38:11,953] {processor.py:641} INFO - Processing file /home/airflow/.local/lib/python3.7/site-packages/airflow/example_dags/example_nested_branch_dag.py for tasks to queue
[2022-07-06 18:38:11,954] {logging_mixin.py:115} INFO - [2022-07-06 18:38:11,954] {dagbag.py:507} INFO - Filling up the DagBag from /home/airflow/.local/lib/python3.7/site-packages/airflow/example_dags/example_nested_branch_dag.py
[2022-07-06 18:38:11,968] {processor.py:651} INFO - DAG(s) dict_keys(['example_nested_branch_dag']) retrieved from /home/airflow/.local/lib/python3.7/site-packages/airflow/example_dags/example_nested_branch_dag.py
[2022-07-06 18:38:12,015] {logging_mixin.py:115} INFO - [2022-07-06 18:38:12,014] {dag.py:2371} INFO - Sync 1 DAGs
[2022-07-06 18:38:12,059] {logging_mixin.py:115} INFO - [2022-07-06 18:38:12,059] {dag.py:2919} INFO - Setting next_dagrun for example_nested_branch_dag to 2022-07-05T00:00:00+00:00, run_after=2022-07-06T00:00:00+00:00
[2022-07-06 18:38:12,075] {processor.py:161} INFO - Processing /home/airflow/.local/lib/python3.7/site-packages/airflow/example_dags/example_nested_branch_dag.py took 0.127 seconds
[2022-07-06 18:38:42,733] {processor.py:153} INFO - Started process (PID=341) to work on /home/airflow/.local/lib/python3.7/site-packages/airflow/example_dags/example_nested_branch_dag.py
[2022-07-06 18:38:42,734] {processor.py:641} INFO - Processing file /home/airflow/.local/lib/python3.7/site-packages/airflow/example_dags/example_nested_branch_dag.py for tasks to queue
[2022-07-06 18:38:42,736] {logging_mixin.py:115} INFO - [2022-07-06 18:38:42,736] {dagbag.py:507} INFO - Filling up the DagBag from /home/airflow/.local/lib/python3.7/site-packages/airflow/example_dags/example_nested_branch_dag.py
[2022-07-06 18:38:42,750] {processor.py:651} INFO - DAG(s) dict_keys(['example_nested_branch_dag']) retrieved from /home/airflow/.local/lib/python3.7/site-packages/airflow/example_dags/example_nested_branch_dag.py
[2022-07-06 18:38:42,785] {logging_mixin.py:115} INFO - [2022-07-06 18:38:42,785] {dag.py:2371} INFO - Sync 1 DAGs
[2022-07-06 18:38:42,816] {logging_mixin.py:115} INFO - [2022-07-06 18:38:42,816] {dag.py:2919} INFO - Setting next_dagrun for example_nested_branch_dag to 2022-07-05T00:00:00+00:00, run_after=2022-07-06T00:00:00+00:00
[2022-07-06 18:38:42,833] {processor.py:161} INFO - Processing /home/airflow/.local/lib/python3.7/site-packages/airflow/example_dags/example_nested_branch_dag.py took 0.105 seconds
[2022-07-06 18:39:12,952] {processor.py:153} INFO - Started process (PID=404) to work on /home/airflow/.local/lib/python3.7/site-packages/airflow/example_dags/example_nested_branch_dag.py
[2022-07-06 18:39:12,953] {processor.py:641} INFO - Processing file /home/airflow/.local/lib/python3.7/site-packages/airflow/example_dags/example_nested_branch_dag.py for tasks to queue
[2022-07-06 18:39:12,957] {logging_mixin.py:115} INFO - [2022-07-06 18:39:12,957] {dagbag.py:507} INFO - Filling up the DagBag from /home/airflow/.local/lib/python3.7/site-packages/airflow/example_dags/example_nested_branch_dag.py
[2022-07-06 18:39:12,984] {processor.py:651} INFO - DAG(s) dict_keys(['example_nested_branch_dag']) retrieved from /home/airflow/.local/lib/python3.7/site-packages/airflow/example_dags/example_nested_branch_dag.py
[2022-07-06 18:39:13,020] {logging_mixin.py:115} INFO - [2022-07-06 18:39:13,020] {dag.py:2371} INFO - Sync 1 DAGs
[2022-07-06 18:39:13,063] {logging_mixin.py:115} INFO - [2022-07-06 18:39:13,063] {dag.py:2919} INFO - Setting next_dagrun for example_nested_branch_dag to 2022-07-05T00:00:00+00:00, run_after=2022-07-06T00:00:00+00:00
[2022-07-06 18:39:13,085] {processor.py:161} INFO - Processing /home/airflow/.local/lib/python3.7/site-packages/airflow/example_dags/example_nested_branch_dag.py took 0.138 seconds
[2022-07-06 18:39:43,133] {processor.py:153} INFO - Started process (PID=460) to work on /home/airflow/.local/lib/python3.7/site-packages/airflow/example_dags/example_nested_branch_dag.py
[2022-07-06 18:39:43,134] {processor.py:641} INFO - Processing file /home/airflow/.local/lib/python3.7/site-packages/airflow/example_dags/example_nested_branch_dag.py for tasks to queue
[2022-07-06 18:39:43,136] {logging_mixin.py:115} INFO - [2022-07-06 18:39:43,136] {dagbag.py:507} INFO - Filling up the DagBag from /home/airflow/.local/lib/python3.7/site-packages/airflow/example_dags/example_nested_branch_dag.py
[2022-07-06 18:39:43,149] {processor.py:651} INFO - DAG(s) dict_keys(['example_nested_branch_dag']) retrieved from /home/airflow/.local/lib/python3.7/site-packages/airflow/example_dags/example_nested_branch_dag.py
[2022-07-06 18:39:43,186] {logging_mixin.py:115} INFO - [2022-07-06 18:39:43,186] {dag.py:2371} INFO - Sync 1 DAGs
[2022-07-06 18:39:43,233] {logging_mixin.py:115} INFO - [2022-07-06 18:39:43,233] {dag.py:2919} INFO - Setting next_dagrun for example_nested_branch_dag to 2022-07-05T00:00:00+00:00, run_after=2022-07-06T00:00:00+00:00
[2022-07-06 18:39:43,254] {processor.py:161} INFO - Processing /home/airflow/.local/lib/python3.7/site-packages/airflow/example_dags/example_nested_branch_dag.py took 0.125 seconds
[2022-07-06 18:40:14,064] {processor.py:153} INFO - Started process (PID=524) to work on /home/airflow/.local/lib/python3.7/site-packages/airflow/example_dags/example_nested_branch_dag.py
[2022-07-06 18:40:14,065] {processor.py:641} INFO - Processing file /home/airflow/.local/lib/python3.7/site-packages/airflow/example_dags/example_nested_branch_dag.py for tasks to queue
[2022-07-06 18:40:14,066] {logging_mixin.py:115} INFO - [2022-07-06 18:40:14,066] {dagbag.py:507} INFO - Filling up the DagBag from /home/airflow/.local/lib/python3.7/site-packages/airflow/example_dags/example_nested_branch_dag.py
[2022-07-06 18:40:14,080] {processor.py:651} INFO - DAG(s) dict_keys(['example_nested_branch_dag']) retrieved from /home/airflow/.local/lib/python3.7/site-packages/airflow/example_dags/example_nested_branch_dag.py
[2022-07-06 18:40:14,115] {logging_mixin.py:115} INFO - [2022-07-06 18:40:14,115] {dag.py:2371} INFO - Sync 1 DAGs
[2022-07-06 18:40:14,146] {logging_mixin.py:115} INFO - [2022-07-06 18:40:14,146] {dag.py:2919} INFO - Setting next_dagrun for example_nested_branch_dag to 2022-07-05T00:00:00+00:00, run_after=2022-07-06T00:00:00+00:00
[2022-07-06 18:40:14,162] {processor.py:161} INFO - Processing /home/airflow/.local/lib/python3.7/site-packages/airflow/example_dags/example_nested_branch_dag.py took 0.105 seconds
[2022-07-06 18:40:44,365] {processor.py:153} INFO - Started process (PID=577) to work on /home/airflow/.local/lib/python3.7/site-packages/airflow/example_dags/example_nested_branch_dag.py
[2022-07-06 18:40:44,366] {processor.py:641} INFO - Processing file /home/airflow/.local/lib/python3.7/site-packages/airflow/example_dags/example_nested_branch_dag.py for tasks to queue
[2022-07-06 18:40:44,368] {logging_mixin.py:115} INFO - [2022-07-06 18:40:44,367] {dagbag.py:507} INFO - Filling up the DagBag from /home/airflow/.local/lib/python3.7/site-packages/airflow/example_dags/example_nested_branch_dag.py
[2022-07-06 18:40:44,383] {processor.py:651} INFO - DAG(s) dict_keys(['example_nested_branch_dag']) retrieved from /home/airflow/.local/lib/python3.7/site-packages/airflow/example_dags/example_nested_branch_dag.py
[2022-07-06 18:40:44,418] {logging_mixin.py:115} INFO - [2022-07-06 18:40:44,417] {dag.py:2371} INFO - Sync 1 DAGs
[2022-07-06 18:40:44,453] {logging_mixin.py:115} INFO - [2022-07-06 18:40:44,453] {dag.py:2919} INFO - Setting next_dagrun for example_nested_branch_dag to 2022-07-05T00:00:00+00:00, run_after=2022-07-06T00:00:00+00:00
[2022-07-06 18:40:44,468] {processor.py:161} INFO - Processing /home/airflow/.local/lib/python3.7/site-packages/airflow/example_dags/example_nested_branch_dag.py took 0.110 seconds
[2022-07-06 18:41:14,831] {processor.py:153} INFO - Started process (PID=643) to work on /home/airflow/.local/lib/python3.7/site-packages/airflow/example_dags/example_nested_branch_dag.py
[2022-07-06 18:41:14,832] {processor.py:641} INFO - Processing file /home/airflow/.local/lib/python3.7/site-packages/airflow/example_dags/example_nested_branch_dag.py for tasks to queue
[2022-07-06 18:41:14,833] {logging_mixin.py:115} INFO - [2022-07-06 18:41:14,833] {dagbag.py:507} INFO - Filling up the DagBag from /home/airflow/.local/lib/python3.7/site-packages/airflow/example_dags/example_nested_branch_dag.py
[2022-07-06 18:41:14,845] {processor.py:651} INFO - DAG(s) dict_keys(['example_nested_branch_dag']) retrieved from /home/airflow/.local/lib/python3.7/site-packages/airflow/example_dags/example_nested_branch_dag.py
[2022-07-06 18:41:14,892] {logging_mixin.py:115} INFO - [2022-07-06 18:41:14,891] {dag.py:2371} INFO - Sync 1 DAGs
[2022-07-06 18:41:14,933] {logging_mixin.py:115} INFO - [2022-07-06 18:41:14,933] {dag.py:2919} INFO - Setting next_dagrun for example_nested_branch_dag to 2022-07-05T00:00:00+00:00, run_after=2022-07-06T00:00:00+00:00
[2022-07-06 18:41:14,949] {processor.py:161} INFO - Processing /home/airflow/.local/lib/python3.7/site-packages/airflow/example_dags/example_nested_branch_dag.py took 0.122 seconds
[2022-07-06 18:41:45,040] {processor.py:153} INFO - Started process (PID=708) to work on /home/airflow/.local/lib/python3.7/site-packages/airflow/example_dags/example_nested_branch_dag.py
[2022-07-06 18:41:45,041] {processor.py:641} INFO - Processing file /home/airflow/.local/lib/python3.7/site-packages/airflow/example_dags/example_nested_branch_dag.py for tasks to queue
[2022-07-06 18:41:45,042] {logging_mixin.py:115} INFO - [2022-07-06 18:41:45,042] {dagbag.py:507} INFO - Filling up the DagBag from /home/airflow/.local/lib/python3.7/site-packages/airflow/example_dags/example_nested_branch_dag.py
[2022-07-06 18:41:45,057] {processor.py:651} INFO - DAG(s) dict_keys(['example_nested_branch_dag']) retrieved from /home/airflow/.local/lib/python3.7/site-packages/airflow/example_dags/example_nested_branch_dag.py
[2022-07-06 18:41:45,102] {logging_mixin.py:115} INFO - [2022-07-06 18:41:45,102] {dag.py:2371} INFO - Sync 1 DAGs
[2022-07-06 18:41:45,139] {logging_mixin.py:115} INFO - [2022-07-06 18:41:45,139] {dag.py:2919} INFO - Setting next_dagrun for example_nested_branch_dag to 2022-07-05T00:00:00+00:00, run_after=2022-07-06T00:00:00+00:00
[2022-07-06 18:41:45,160] {processor.py:161} INFO - Processing /home/airflow/.local/lib/python3.7/site-packages/airflow/example_dags/example_nested_branch_dag.py took 0.125 seconds
[2022-07-06 18:42:16,023] {processor.py:153} INFO - Started process (PID=760) to work on /home/airflow/.local/lib/python3.7/site-packages/airflow/example_dags/example_nested_branch_dag.py
[2022-07-06 18:42:16,025] {processor.py:641} INFO - Processing file /home/airflow/.local/lib/python3.7/site-packages/airflow/example_dags/example_nested_branch_dag.py for tasks to queue
[2022-07-06 18:42:16,026] {logging_mixin.py:115} INFO - [2022-07-06 18:42:16,026] {dagbag.py:507} INFO - Filling up the DagBag from /home/airflow/.local/lib/python3.7/site-packages/airflow/example_dags/example_nested_branch_dag.py
[2022-07-06 18:42:16,040] {processor.py:651} INFO - DAG(s) dict_keys(['example_nested_branch_dag']) retrieved from /home/airflow/.local/lib/python3.7/site-packages/airflow/example_dags/example_nested_branch_dag.py
[2022-07-06 18:42:16,075] {logging_mixin.py:115} INFO - [2022-07-06 18:42:16,075] {dag.py:2371} INFO - Sync 1 DAGs
[2022-07-06 18:42:16,113] {logging_mixin.py:115} INFO - [2022-07-06 18:42:16,113] {dag.py:2919} INFO - Setting next_dagrun for example_nested_branch_dag to 2022-07-05T00:00:00+00:00, run_after=2022-07-06T00:00:00+00:00
[2022-07-06 18:42:16,129] {processor.py:161} INFO - Processing /home/airflow/.local/lib/python3.7/site-packages/airflow/example_dags/example_nested_branch_dag.py took 0.110 seconds
[2022-07-06 18:42:46,924] {processor.py:153} INFO - Started process (PID=824) to work on /home/airflow/.local/lib/python3.7/site-packages/airflow/example_dags/example_nested_branch_dag.py
[2022-07-06 18:42:46,925] {processor.py:641} INFO - Processing file /home/airflow/.local/lib/python3.7/site-packages/airflow/example_dags/example_nested_branch_dag.py for tasks to queue
[2022-07-06 18:42:46,926] {logging_mixin.py:115} INFO - [2022-07-06 18:42:46,926] {dagbag.py:507} INFO - Filling up the DagBag from /home/airflow/.local/lib/python3.7/site-packages/airflow/example_dags/example_nested_branch_dag.py
[2022-07-06 18:42:46,939] {processor.py:651} INFO - DAG(s) dict_keys(['example_nested_branch_dag']) retrieved from /home/airflow/.local/lib/python3.7/site-packages/airflow/example_dags/example_nested_branch_dag.py
[2022-07-06 18:42:46,975] {logging_mixin.py:115} INFO - [2022-07-06 18:42:46,975] {dag.py:2371} INFO - Sync 1 DAGs
[2022-07-06 18:42:47,006] {logging_mixin.py:115} INFO - [2022-07-06 18:42:47,006] {dag.py:2919} INFO - Setting next_dagrun for example_nested_branch_dag to 2022-07-05T00:00:00+00:00, run_after=2022-07-06T00:00:00+00:00
[2022-07-06 18:42:47,021] {processor.py:161} INFO - Processing /home/airflow/.local/lib/python3.7/site-packages/airflow/example_dags/example_nested_branch_dag.py took 0.101 seconds
[2022-07-06 18:43:17,686] {processor.py:153} INFO - Started process (PID=891) to work on /home/airflow/.local/lib/python3.7/site-packages/airflow/example_dags/example_nested_branch_dag.py
[2022-07-06 18:43:17,687] {processor.py:641} INFO - Processing file /home/airflow/.local/lib/python3.7/site-packages/airflow/example_dags/example_nested_branch_dag.py for tasks to queue
[2022-07-06 18:43:17,688] {logging_mixin.py:115} INFO - [2022-07-06 18:43:17,688] {dagbag.py:507} INFO - Filling up the DagBag from /home/airflow/.local/lib/python3.7/site-packages/airflow/example_dags/example_nested_branch_dag.py
[2022-07-06 18:43:17,704] {processor.py:651} INFO - DAG(s) dict_keys(['example_nested_branch_dag']) retrieved from /home/airflow/.local/lib/python3.7/site-packages/airflow/example_dags/example_nested_branch_dag.py
[2022-07-06 18:43:17,742] {logging_mixin.py:115} INFO - [2022-07-06 18:43:17,742] {dag.py:2371} INFO - Sync 1 DAGs
[2022-07-06 18:43:17,777] {logging_mixin.py:115} INFO - [2022-07-06 18:43:17,777] {dag.py:2919} INFO - Setting next_dagrun for example_nested_branch_dag to 2022-07-05T00:00:00+00:00, run_after=2022-07-06T00:00:00+00:00
[2022-07-06 18:43:17,796] {processor.py:161} INFO - Processing /home/airflow/.local/lib/python3.7/site-packages/airflow/example_dags/example_nested_branch_dag.py took 0.115 seconds
[2022-07-06 18:43:48,383] {processor.py:153} INFO - Started process (PID=946) to work on /home/airflow/.local/lib/python3.7/site-packages/airflow/example_dags/example_nested_branch_dag.py
[2022-07-06 18:43:48,384] {processor.py:641} INFO - Processing file /home/airflow/.local/lib/python3.7/site-packages/airflow/example_dags/example_nested_branch_dag.py for tasks to queue
[2022-07-06 18:43:48,385] {logging_mixin.py:115} INFO - [2022-07-06 18:43:48,385] {dagbag.py:507} INFO - Filling up the DagBag from /home/airflow/.local/lib/python3.7/site-packages/airflow/example_dags/example_nested_branch_dag.py
[2022-07-06 18:43:48,398] {processor.py:651} INFO - DAG(s) dict_keys(['example_nested_branch_dag']) retrieved from /home/airflow/.local/lib/python3.7/site-packages/airflow/example_dags/example_nested_branch_dag.py
[2022-07-06 18:43:48,433] {logging_mixin.py:115} INFO - [2022-07-06 18:43:48,432] {dag.py:2371} INFO - Sync 1 DAGs
[2022-07-06 18:43:48,464] {logging_mixin.py:115} INFO - [2022-07-06 18:43:48,464] {dag.py:2919} INFO - Setting next_dagrun for example_nested_branch_dag to 2022-07-05T00:00:00+00:00, run_after=2022-07-06T00:00:00+00:00
[2022-07-06 18:43:48,479] {processor.py:161} INFO - Processing /home/airflow/.local/lib/python3.7/site-packages/airflow/example_dags/example_nested_branch_dag.py took 0.101 seconds
[2022-07-06 18:44:19,176] {processor.py:153} INFO - Started process (PID=1010) to work on /home/airflow/.local/lib/python3.7/site-packages/airflow/example_dags/example_nested_branch_dag.py
[2022-07-06 18:44:19,177] {processor.py:641} INFO - Processing file /home/airflow/.local/lib/python3.7/site-packages/airflow/example_dags/example_nested_branch_dag.py for tasks to queue
[2022-07-06 18:44:19,178] {logging_mixin.py:115} INFO - [2022-07-06 18:44:19,178] {dagbag.py:507} INFO - Filling up the DagBag from /home/airflow/.local/lib/python3.7/site-packages/airflow/example_dags/example_nested_branch_dag.py
[2022-07-06 18:44:19,191] {processor.py:651} INFO - DAG(s) dict_keys(['example_nested_branch_dag']) retrieved from /home/airflow/.local/lib/python3.7/site-packages/airflow/example_dags/example_nested_branch_dag.py
[2022-07-06 18:44:19,227] {logging_mixin.py:115} INFO - [2022-07-06 18:44:19,227] {dag.py:2371} INFO - Sync 1 DAGs
[2022-07-06 18:44:19,260] {logging_mixin.py:115} INFO - [2022-07-06 18:44:19,260] {dag.py:2919} INFO - Setting next_dagrun for example_nested_branch_dag to 2022-07-05T00:00:00+00:00, run_after=2022-07-06T00:00:00+00:00
[2022-07-06 18:44:19,276] {processor.py:161} INFO - Processing /home/airflow/.local/lib/python3.7/site-packages/airflow/example_dags/example_nested_branch_dag.py took 0.105 seconds
[2022-07-06 18:44:49,917] {processor.py:153} INFO - Started process (PID=1069) to work on /home/airflow/.local/lib/python3.7/site-packages/airflow/example_dags/example_nested_branch_dag.py
[2022-07-06 18:44:49,919] {processor.py:641} INFO - Processing file /home/airflow/.local/lib/python3.7/site-packages/airflow/example_dags/example_nested_branch_dag.py for tasks to queue
[2022-07-06 18:44:49,922] {logging_mixin.py:115} INFO - [2022-07-06 18:44:49,922] {dagbag.py:507} INFO - Filling up the DagBag from /home/airflow/.local/lib/python3.7/site-packages/airflow/example_dags/example_nested_branch_dag.py
[2022-07-06 18:44:49,954] {processor.py:651} INFO - DAG(s) dict_keys(['example_nested_branch_dag']) retrieved from /home/airflow/.local/lib/python3.7/site-packages/airflow/example_dags/example_nested_branch_dag.py
[2022-07-06 18:44:50,034] {logging_mixin.py:115} INFO - [2022-07-06 18:44:50,034] {dag.py:2371} INFO - Sync 1 DAGs
[2022-07-06 18:44:50,073] {logging_mixin.py:115} INFO - [2022-07-06 18:44:50,073] {dag.py:2919} INFO - Setting next_dagrun for example_nested_branch_dag to 2022-07-05T00:00:00+00:00, run_after=2022-07-06T00:00:00+00:00
[2022-07-06 18:44:50,095] {processor.py:161} INFO - Processing /home/airflow/.local/lib/python3.7/site-packages/airflow/example_dags/example_nested_branch_dag.py took 0.191 seconds
[2022-07-06 18:45:20,233] {processor.py:153} INFO - Started process (PID=1125) to work on /home/airflow/.local/lib/python3.7/site-packages/airflow/example_dags/example_nested_branch_dag.py
[2022-07-06 18:45:20,234] {processor.py:641} INFO - Processing file /home/airflow/.local/lib/python3.7/site-packages/airflow/example_dags/example_nested_branch_dag.py for tasks to queue
[2022-07-06 18:45:20,235] {logging_mixin.py:115} INFO - [2022-07-06 18:45:20,235] {dagbag.py:507} INFO - Filling up the DagBag from /home/airflow/.local/lib/python3.7/site-packages/airflow/example_dags/example_nested_branch_dag.py
[2022-07-06 18:45:20,249] {processor.py:651} INFO - DAG(s) dict_keys(['example_nested_branch_dag']) retrieved from /home/airflow/.local/lib/python3.7/site-packages/airflow/example_dags/example_nested_branch_dag.py
[2022-07-06 18:45:20,283] {logging_mixin.py:115} INFO - [2022-07-06 18:45:20,283] {dag.py:2371} INFO - Sync 1 DAGs
[2022-07-06 18:45:20,313] {logging_mixin.py:115} INFO - [2022-07-06 18:45:20,313] {dag.py:2919} INFO - Setting next_dagrun for example_nested_branch_dag to 2022-07-05T00:00:00+00:00, run_after=2022-07-06T00:00:00+00:00
[2022-07-06 18:45:20,328] {processor.py:161} INFO - Processing /home/airflow/.local/lib/python3.7/site-packages/airflow/example_dags/example_nested_branch_dag.py took 0.099 seconds
[2022-07-06 18:45:50,753] {processor.py:153} INFO - Started process (PID=1188) to work on /home/airflow/.local/lib/python3.7/site-packages/airflow/example_dags/example_nested_branch_dag.py
[2022-07-06 18:45:50,754] {processor.py:641} INFO - Processing file /home/airflow/.local/lib/python3.7/site-packages/airflow/example_dags/example_nested_branch_dag.py for tasks to queue
[2022-07-06 18:45:50,756] {logging_mixin.py:115} INFO - [2022-07-06 18:45:50,755] {dagbag.py:507} INFO - Filling up the DagBag from /home/airflow/.local/lib/python3.7/site-packages/airflow/example_dags/example_nested_branch_dag.py
[2022-07-06 18:45:50,769] {processor.py:651} INFO - DAG(s) dict_keys(['example_nested_branch_dag']) retrieved from /home/airflow/.local/lib/python3.7/site-packages/airflow/example_dags/example_nested_branch_dag.py
[2022-07-06 18:45:50,806] {logging_mixin.py:115} INFO - [2022-07-06 18:45:50,805] {dag.py:2371} INFO - Sync 1 DAGs
[2022-07-06 18:45:50,840] {logging_mixin.py:115} INFO - [2022-07-06 18:45:50,840] {dag.py:2919} INFO - Setting next_dagrun for example_nested_branch_dag to 2022-07-05T00:00:00+00:00, run_after=2022-07-06T00:00:00+00:00
[2022-07-06 18:45:50,864] {processor.py:161} INFO - Processing /home/airflow/.local/lib/python3.7/site-packages/airflow/example_dags/example_nested_branch_dag.py took 0.115 seconds
[2022-07-06 18:46:21,100] {processor.py:153} INFO - Started process (PID=1242) to work on /home/airflow/.local/lib/python3.7/site-packages/airflow/example_dags/example_nested_branch_dag.py
[2022-07-06 18:46:21,102] {processor.py:641} INFO - Processing file /home/airflow/.local/lib/python3.7/site-packages/airflow/example_dags/example_nested_branch_dag.py for tasks to queue
[2022-07-06 18:46:21,104] {logging_mixin.py:115} INFO - [2022-07-06 18:46:21,104] {dagbag.py:507} INFO - Filling up the DagBag from /home/airflow/.local/lib/python3.7/site-packages/airflow/example_dags/example_nested_branch_dag.py
[2022-07-06 18:46:21,118] {processor.py:651} INFO - DAG(s) dict_keys(['example_nested_branch_dag']) retrieved from /home/airflow/.local/lib/python3.7/site-packages/airflow/example_dags/example_nested_branch_dag.py
[2022-07-06 18:46:21,152] {logging_mixin.py:115} INFO - [2022-07-06 18:46:21,152] {dag.py:2371} INFO - Sync 1 DAGs
[2022-07-06 18:46:21,184] {logging_mixin.py:115} INFO - [2022-07-06 18:46:21,184] {dag.py:2919} INFO - Setting next_dagrun for example_nested_branch_dag to 2022-07-05T00:00:00+00:00, run_after=2022-07-06T00:00:00+00:00
[2022-07-06 18:46:21,200] {processor.py:161} INFO - Processing /home/airflow/.local/lib/python3.7/site-packages/airflow/example_dags/example_nested_branch_dag.py took 0.105 seconds
[2022-07-06 18:46:52,216] {processor.py:153} INFO - Started process (PID=1307) to work on /home/airflow/.local/lib/python3.7/site-packages/airflow/example_dags/example_nested_branch_dag.py
[2022-07-06 18:46:52,217] {processor.py:641} INFO - Processing file /home/airflow/.local/lib/python3.7/site-packages/airflow/example_dags/example_nested_branch_dag.py for tasks to queue
[2022-07-06 18:46:52,218] {logging_mixin.py:115} INFO - [2022-07-06 18:46:52,218] {dagbag.py:507} INFO - Filling up the DagBag from /home/airflow/.local/lib/python3.7/site-packages/airflow/example_dags/example_nested_branch_dag.py
[2022-07-06 18:46:52,231] {processor.py:651} INFO - DAG(s) dict_keys(['example_nested_branch_dag']) retrieved from /home/airflow/.local/lib/python3.7/site-packages/airflow/example_dags/example_nested_branch_dag.py
[2022-07-06 18:46:52,266] {logging_mixin.py:115} INFO - [2022-07-06 18:46:52,266] {dag.py:2371} INFO - Sync 1 DAGs
[2022-07-06 18:46:52,295] {logging_mixin.py:115} INFO - [2022-07-06 18:46:52,295] {dag.py:2919} INFO - Setting next_dagrun for example_nested_branch_dag to 2022-07-05T00:00:00+00:00, run_after=2022-07-06T00:00:00+00:00
[2022-07-06 18:46:52,314] {processor.py:161} INFO - Processing /home/airflow/.local/lib/python3.7/site-packages/airflow/example_dags/example_nested_branch_dag.py took 0.103 seconds
[2022-07-06 18:47:22,836] {processor.py:153} INFO - Started process (PID=1371) to work on /home/airflow/.local/lib/python3.7/site-packages/airflow/example_dags/example_nested_branch_dag.py
[2022-07-06 18:47:22,838] {processor.py:641} INFO - Processing file /home/airflow/.local/lib/python3.7/site-packages/airflow/example_dags/example_nested_branch_dag.py for tasks to queue
[2022-07-06 18:47:22,839] {logging_mixin.py:115} INFO - [2022-07-06 18:47:22,839] {dagbag.py:507} INFO - Filling up the DagBag from /home/airflow/.local/lib/python3.7/site-packages/airflow/example_dags/example_nested_branch_dag.py
[2022-07-06 18:47:22,853] {processor.py:651} INFO - DAG(s) dict_keys(['example_nested_branch_dag']) retrieved from /home/airflow/.local/lib/python3.7/site-packages/airflow/example_dags/example_nested_branch_dag.py
[2022-07-06 18:47:22,893] {logging_mixin.py:115} INFO - [2022-07-06 18:47:22,893] {dag.py:2371} INFO - Sync 1 DAGs
[2022-07-06 18:47:22,926] {logging_mixin.py:115} INFO - [2022-07-06 18:47:22,926] {dag.py:2919} INFO - Setting next_dagrun for example_nested_branch_dag to 2022-07-05T00:00:00+00:00, run_after=2022-07-06T00:00:00+00:00
[2022-07-06 18:47:22,943] {processor.py:161} INFO - Processing /home/airflow/.local/lib/python3.7/site-packages/airflow/example_dags/example_nested_branch_dag.py took 0.112 seconds
[2022-07-06 18:47:53,678] {processor.py:153} INFO - Started process (PID=1424) to work on /home/airflow/.local/lib/python3.7/site-packages/airflow/example_dags/example_nested_branch_dag.py
[2022-07-06 18:47:53,679] {processor.py:641} INFO - Processing file /home/airflow/.local/lib/python3.7/site-packages/airflow/example_dags/example_nested_branch_dag.py for tasks to queue
[2022-07-06 18:47:53,680] {logging_mixin.py:115} INFO - [2022-07-06 18:47:53,680] {dagbag.py:507} INFO - Filling up the DagBag from /home/airflow/.local/lib/python3.7/site-packages/airflow/example_dags/example_nested_branch_dag.py
[2022-07-06 18:47:53,693] {processor.py:651} INFO - DAG(s) dict_keys(['example_nested_branch_dag']) retrieved from /home/airflow/.local/lib/python3.7/site-packages/airflow/example_dags/example_nested_branch_dag.py
[2022-07-06 18:47:53,730] {logging_mixin.py:115} INFO - [2022-07-06 18:47:53,730] {dag.py:2371} INFO - Sync 1 DAGs
[2022-07-06 18:47:53,760] {logging_mixin.py:115} INFO - [2022-07-06 18:47:53,760] {dag.py:2919} INFO - Setting next_dagrun for example_nested_branch_dag to 2022-07-05T00:00:00+00:00, run_after=2022-07-06T00:00:00+00:00
[2022-07-06 18:47:53,781] {processor.py:161} INFO - Processing /home/airflow/.local/lib/python3.7/site-packages/airflow/example_dags/example_nested_branch_dag.py took 0.108 seconds
[2022-07-06 18:48:24,756] {processor.py:153} INFO - Started process (PID=1490) to work on /home/airflow/.local/lib/python3.7/site-packages/airflow/example_dags/example_nested_branch_dag.py
[2022-07-06 18:48:24,757] {processor.py:641} INFO - Processing file /home/airflow/.local/lib/python3.7/site-packages/airflow/example_dags/example_nested_branch_dag.py for tasks to queue
[2022-07-06 18:48:24,758] {logging_mixin.py:115} INFO - [2022-07-06 18:48:24,758] {dagbag.py:507} INFO - Filling up the DagBag from /home/airflow/.local/lib/python3.7/site-packages/airflow/example_dags/example_nested_branch_dag.py
[2022-07-06 18:48:24,770] {processor.py:651} INFO - DAG(s) dict_keys(['example_nested_branch_dag']) retrieved from /home/airflow/.local/lib/python3.7/site-packages/airflow/example_dags/example_nested_branch_dag.py
[2022-07-06 18:48:24,808] {logging_mixin.py:115} INFO - [2022-07-06 18:48:24,808] {dag.py:2371} INFO - Sync 1 DAGs
[2022-07-06 18:48:24,844] {logging_mixin.py:115} INFO - [2022-07-06 18:48:24,843] {dag.py:2919} INFO - Setting next_dagrun for example_nested_branch_dag to 2022-07-05T00:00:00+00:00, run_after=2022-07-06T00:00:00+00:00
[2022-07-06 18:48:24,861] {processor.py:161} INFO - Processing /home/airflow/.local/lib/python3.7/site-packages/airflow/example_dags/example_nested_branch_dag.py took 0.109 seconds
[2022-07-06 18:48:55,307] {processor.py:153} INFO - Started process (PID=1554) to work on /home/airflow/.local/lib/python3.7/site-packages/airflow/example_dags/example_nested_branch_dag.py
[2022-07-06 18:48:55,308] {processor.py:641} INFO - Processing file /home/airflow/.local/lib/python3.7/site-packages/airflow/example_dags/example_nested_branch_dag.py for tasks to queue
[2022-07-06 18:48:55,309] {logging_mixin.py:115} INFO - [2022-07-06 18:48:55,309] {dagbag.py:507} INFO - Filling up the DagBag from /home/airflow/.local/lib/python3.7/site-packages/airflow/example_dags/example_nested_branch_dag.py
[2022-07-06 18:48:55,322] {processor.py:651} INFO - DAG(s) dict_keys(['example_nested_branch_dag']) retrieved from /home/airflow/.local/lib/python3.7/site-packages/airflow/example_dags/example_nested_branch_dag.py
[2022-07-06 18:48:55,358] {logging_mixin.py:115} INFO - [2022-07-06 18:48:55,358] {dag.py:2371} INFO - Sync 1 DAGs
[2022-07-06 18:48:55,389] {logging_mixin.py:115} INFO - [2022-07-06 18:48:55,389] {dag.py:2919} INFO - Setting next_dagrun for example_nested_branch_dag to 2022-07-05T00:00:00+00:00, run_after=2022-07-06T00:00:00+00:00
[2022-07-06 18:48:55,404] {processor.py:161} INFO - Processing /home/airflow/.local/lib/python3.7/site-packages/airflow/example_dags/example_nested_branch_dag.py took 0.101 seconds
[2022-07-06 18:49:25,937] {processor.py:153} INFO - Started process (PID=1608) to work on /home/airflow/.local/lib/python3.7/site-packages/airflow/example_dags/example_nested_branch_dag.py
[2022-07-06 18:49:25,938] {processor.py:641} INFO - Processing file /home/airflow/.local/lib/python3.7/site-packages/airflow/example_dags/example_nested_branch_dag.py for tasks to queue
[2022-07-06 18:49:25,939] {logging_mixin.py:115} INFO - [2022-07-06 18:49:25,938] {dagbag.py:507} INFO - Filling up the DagBag from /home/airflow/.local/lib/python3.7/site-packages/airflow/example_dags/example_nested_branch_dag.py
[2022-07-06 18:49:25,951] {processor.py:651} INFO - DAG(s) dict_keys(['example_nested_branch_dag']) retrieved from /home/airflow/.local/lib/python3.7/site-packages/airflow/example_dags/example_nested_branch_dag.py
[2022-07-06 18:49:25,987] {logging_mixin.py:115} INFO - [2022-07-06 18:49:25,987] {dag.py:2371} INFO - Sync 1 DAGs
[2022-07-06 18:49:26,018] {logging_mixin.py:115} INFO - [2022-07-06 18:49:26,018] {dag.py:2919} INFO - Setting next_dagrun for example_nested_branch_dag to 2022-07-05T00:00:00+00:00, run_after=2022-07-06T00:00:00+00:00
[2022-07-06 18:49:26,034] {processor.py:161} INFO - Processing /home/airflow/.local/lib/python3.7/site-packages/airflow/example_dags/example_nested_branch_dag.py took 0.102 seconds
[2022-07-06 18:49:56,671] {processor.py:153} INFO - Started process (PID=1674) to work on /home/airflow/.local/lib/python3.7/site-packages/airflow/example_dags/example_nested_branch_dag.py
[2022-07-06 18:49:56,672] {processor.py:641} INFO - Processing file /home/airflow/.local/lib/python3.7/site-packages/airflow/example_dags/example_nested_branch_dag.py for tasks to queue
[2022-07-06 18:49:56,673] {logging_mixin.py:115} INFO - [2022-07-06 18:49:56,673] {dagbag.py:507} INFO - Filling up the DagBag from /home/airflow/.local/lib/python3.7/site-packages/airflow/example_dags/example_nested_branch_dag.py
[2022-07-06 18:49:56,686] {processor.py:651} INFO - DAG(s) dict_keys(['example_nested_branch_dag']) retrieved from /home/airflow/.local/lib/python3.7/site-packages/airflow/example_dags/example_nested_branch_dag.py
[2022-07-06 18:49:56,733] {logging_mixin.py:115} INFO - [2022-07-06 18:49:56,733] {dag.py:2371} INFO - Sync 1 DAGs
[2022-07-06 18:49:56,764] {logging_mixin.py:115} INFO - [2022-07-06 18:49:56,764] {dag.py:2919} INFO - Setting next_dagrun for example_nested_branch_dag to 2022-07-05T00:00:00+00:00, run_after=2022-07-06T00:00:00+00:00
[2022-07-06 18:49:56,782] {processor.py:161} INFO - Processing /home/airflow/.local/lib/python3.7/site-packages/airflow/example_dags/example_nested_branch_dag.py took 0.117 seconds
[2022-07-06 18:50:27,134] {processor.py:153} INFO - Started process (PID=1739) to work on /home/airflow/.local/lib/python3.7/site-packages/airflow/example_dags/example_nested_branch_dag.py
[2022-07-06 18:50:27,135] {processor.py:641} INFO - Processing file /home/airflow/.local/lib/python3.7/site-packages/airflow/example_dags/example_nested_branch_dag.py for tasks to queue
[2022-07-06 18:50:27,137] {logging_mixin.py:115} INFO - [2022-07-06 18:50:27,136] {dagbag.py:507} INFO - Filling up the DagBag from /home/airflow/.local/lib/python3.7/site-packages/airflow/example_dags/example_nested_branch_dag.py
[2022-07-06 18:50:27,152] {processor.py:651} INFO - DAG(s) dict_keys(['example_nested_branch_dag']) retrieved from /home/airflow/.local/lib/python3.7/site-packages/airflow/example_dags/example_nested_branch_dag.py
[2022-07-06 18:50:27,208] {logging_mixin.py:115} INFO - [2022-07-06 18:50:27,208] {dag.py:2371} INFO - Sync 1 DAGs
[2022-07-06 18:50:27,244] {logging_mixin.py:115} INFO - [2022-07-06 18:50:27,244] {dag.py:2919} INFO - Setting next_dagrun for example_nested_branch_dag to 2022-07-05T00:00:00+00:00, run_after=2022-07-06T00:00:00+00:00
[2022-07-06 18:50:27,260] {processor.py:161} INFO - Processing /home/airflow/.local/lib/python3.7/site-packages/airflow/example_dags/example_nested_branch_dag.py took 0.135 seconds
[2022-07-06 18:50:57,576] {processor.py:153} INFO - Started process (PID=1794) to work on /home/airflow/.local/lib/python3.7/site-packages/airflow/example_dags/example_nested_branch_dag.py
[2022-07-06 18:50:57,577] {processor.py:641} INFO - Processing file /home/airflow/.local/lib/python3.7/site-packages/airflow/example_dags/example_nested_branch_dag.py for tasks to queue
[2022-07-06 18:50:57,578] {logging_mixin.py:115} INFO - [2022-07-06 18:50:57,578] {dagbag.py:507} INFO - Filling up the DagBag from /home/airflow/.local/lib/python3.7/site-packages/airflow/example_dags/example_nested_branch_dag.py
[2022-07-06 18:50:57,592] {processor.py:651} INFO - DAG(s) dict_keys(['example_nested_branch_dag']) retrieved from /home/airflow/.local/lib/python3.7/site-packages/airflow/example_dags/example_nested_branch_dag.py
[2022-07-06 18:50:57,629] {logging_mixin.py:115} INFO - [2022-07-06 18:50:57,629] {dag.py:2371} INFO - Sync 1 DAGs
[2022-07-06 18:50:57,664] {logging_mixin.py:115} INFO - [2022-07-06 18:50:57,663] {dag.py:2919} INFO - Setting next_dagrun for example_nested_branch_dag to 2022-07-05T00:00:00+00:00, run_after=2022-07-06T00:00:00+00:00
[2022-07-06 18:50:57,683] {processor.py:161} INFO - Processing /home/airflow/.local/lib/python3.7/site-packages/airflow/example_dags/example_nested_branch_dag.py took 0.112 seconds
[2022-07-06 18:51:28,335] {processor.py:153} INFO - Started process (PID=1860) to work on /home/airflow/.local/lib/python3.7/site-packages/airflow/example_dags/example_nested_branch_dag.py
[2022-07-06 18:51:28,336] {processor.py:641} INFO - Processing file /home/airflow/.local/lib/python3.7/site-packages/airflow/example_dags/example_nested_branch_dag.py for tasks to queue
[2022-07-06 18:51:28,337] {logging_mixin.py:115} INFO - [2022-07-06 18:51:28,337] {dagbag.py:507} INFO - Filling up the DagBag from /home/airflow/.local/lib/python3.7/site-packages/airflow/example_dags/example_nested_branch_dag.py
[2022-07-06 18:51:28,354] {processor.py:651} INFO - DAG(s) dict_keys(['example_nested_branch_dag']) retrieved from /home/airflow/.local/lib/python3.7/site-packages/airflow/example_dags/example_nested_branch_dag.py
[2022-07-06 18:51:28,389] {logging_mixin.py:115} INFO - [2022-07-06 18:51:28,389] {dag.py:2371} INFO - Sync 1 DAGs
[2022-07-06 18:51:28,420] {logging_mixin.py:115} INFO - [2022-07-06 18:51:28,419] {dag.py:2919} INFO - Setting next_dagrun for example_nested_branch_dag to 2022-07-05T00:00:00+00:00, run_after=2022-07-06T00:00:00+00:00
[2022-07-06 18:51:28,435] {processor.py:161} INFO - Processing /home/airflow/.local/lib/python3.7/site-packages/airflow/example_dags/example_nested_branch_dag.py took 0.105 seconds
[2022-07-06 18:51:59,396] {processor.py:153} INFO - Started process (PID=1920) to work on /home/airflow/.local/lib/python3.7/site-packages/airflow/example_dags/example_nested_branch_dag.py
[2022-07-06 18:51:59,397] {processor.py:641} INFO - Processing file /home/airflow/.local/lib/python3.7/site-packages/airflow/example_dags/example_nested_branch_dag.py for tasks to queue
[2022-07-06 18:51:59,399] {logging_mixin.py:115} INFO - [2022-07-06 18:51:59,399] {dagbag.py:507} INFO - Filling up the DagBag from /home/airflow/.local/lib/python3.7/site-packages/airflow/example_dags/example_nested_branch_dag.py
[2022-07-06 18:51:59,412] {processor.py:651} INFO - DAG(s) dict_keys(['example_nested_branch_dag']) retrieved from /home/airflow/.local/lib/python3.7/site-packages/airflow/example_dags/example_nested_branch_dag.py
[2022-07-06 18:51:59,454] {logging_mixin.py:115} INFO - [2022-07-06 18:51:59,454] {dag.py:2371} INFO - Sync 1 DAGs
[2022-07-06 18:51:59,489] {logging_mixin.py:115} INFO - [2022-07-06 18:51:59,489] {dag.py:2919} INFO - Setting next_dagrun for example_nested_branch_dag to 2022-07-05T00:00:00+00:00, run_after=2022-07-06T00:00:00+00:00
[2022-07-06 18:51:59,504] {processor.py:161} INFO - Processing /home/airflow/.local/lib/python3.7/site-packages/airflow/example_dags/example_nested_branch_dag.py took 0.113 seconds
[2022-07-06 18:52:29,655] {processor.py:153} INFO - Started process (PID=1976) to work on /home/airflow/.local/lib/python3.7/site-packages/airflow/example_dags/example_nested_branch_dag.py
[2022-07-06 18:52:29,656] {processor.py:641} INFO - Processing file /home/airflow/.local/lib/python3.7/site-packages/airflow/example_dags/example_nested_branch_dag.py for tasks to queue
[2022-07-06 18:52:29,658] {logging_mixin.py:115} INFO - [2022-07-06 18:52:29,658] {dagbag.py:507} INFO - Filling up the DagBag from /home/airflow/.local/lib/python3.7/site-packages/airflow/example_dags/example_nested_branch_dag.py
[2022-07-06 18:52:29,676] {processor.py:651} INFO - DAG(s) dict_keys(['example_nested_branch_dag']) retrieved from /home/airflow/.local/lib/python3.7/site-packages/airflow/example_dags/example_nested_branch_dag.py
[2022-07-06 18:52:29,717] {logging_mixin.py:115} INFO - [2022-07-06 18:52:29,717] {dag.py:2371} INFO - Sync 1 DAGs
[2022-07-06 18:52:29,754] {logging_mixin.py:115} INFO - [2022-07-06 18:52:29,754] {dag.py:2919} INFO - Setting next_dagrun for example_nested_branch_dag to 2022-07-05T00:00:00+00:00, run_after=2022-07-06T00:00:00+00:00
[2022-07-06 18:52:29,774] {processor.py:161} INFO - Processing /home/airflow/.local/lib/python3.7/site-packages/airflow/example_dags/example_nested_branch_dag.py took 0.126 seconds
[2022-07-06 18:53:00,012] {processor.py:153} INFO - Started process (PID=2040) to work on /home/airflow/.local/lib/python3.7/site-packages/airflow/example_dags/example_nested_branch_dag.py
[2022-07-06 18:53:00,013] {processor.py:641} INFO - Processing file /home/airflow/.local/lib/python3.7/site-packages/airflow/example_dags/example_nested_branch_dag.py for tasks to queue
[2022-07-06 18:53:00,014] {logging_mixin.py:115} INFO - [2022-07-06 18:53:00,014] {dagbag.py:507} INFO - Filling up the DagBag from /home/airflow/.local/lib/python3.7/site-packages/airflow/example_dags/example_nested_branch_dag.py
[2022-07-06 18:53:00,029] {processor.py:651} INFO - DAG(s) dict_keys(['example_nested_branch_dag']) retrieved from /home/airflow/.local/lib/python3.7/site-packages/airflow/example_dags/example_nested_branch_dag.py
[2022-07-06 18:53:00,071] {logging_mixin.py:115} INFO - [2022-07-06 18:53:00,071] {dag.py:2371} INFO - Sync 1 DAGs
[2022-07-06 18:53:00,105] {logging_mixin.py:115} INFO - [2022-07-06 18:53:00,105] {dag.py:2919} INFO - Setting next_dagrun for example_nested_branch_dag to 2022-07-05T00:00:00+00:00, run_after=2022-07-06T00:00:00+00:00
[2022-07-06 18:53:00,124] {processor.py:161} INFO - Processing /home/airflow/.local/lib/python3.7/site-packages/airflow/example_dags/example_nested_branch_dag.py took 0.116 seconds
[2022-07-06 18:53:30,177] {processor.py:153} INFO - Started process (PID=2094) to work on /home/airflow/.local/lib/python3.7/site-packages/airflow/example_dags/example_nested_branch_dag.py
[2022-07-06 18:53:30,178] {processor.py:641} INFO - Processing file /home/airflow/.local/lib/python3.7/site-packages/airflow/example_dags/example_nested_branch_dag.py for tasks to queue
[2022-07-06 18:53:30,179] {logging_mixin.py:115} INFO - [2022-07-06 18:53:30,179] {dagbag.py:507} INFO - Filling up the DagBag from /home/airflow/.local/lib/python3.7/site-packages/airflow/example_dags/example_nested_branch_dag.py
[2022-07-06 18:53:30,194] {processor.py:651} INFO - DAG(s) dict_keys(['example_nested_branch_dag']) retrieved from /home/airflow/.local/lib/python3.7/site-packages/airflow/example_dags/example_nested_branch_dag.py
[2022-07-06 18:53:30,233] {logging_mixin.py:115} INFO - [2022-07-06 18:53:30,233] {dag.py:2371} INFO - Sync 1 DAGs
[2022-07-06 18:53:30,270] {logging_mixin.py:115} INFO - [2022-07-06 18:53:30,270] {dag.py:2919} INFO - Setting next_dagrun for example_nested_branch_dag to 2022-07-05T00:00:00+00:00, run_after=2022-07-06T00:00:00+00:00
[2022-07-06 18:53:30,288] {processor.py:161} INFO - Processing /home/airflow/.local/lib/python3.7/site-packages/airflow/example_dags/example_nested_branch_dag.py took 0.116 seconds
[2022-07-06 18:54:01,281] {processor.py:153} INFO - Started process (PID=2157) to work on /home/airflow/.local/lib/python3.7/site-packages/airflow/example_dags/example_nested_branch_dag.py
[2022-07-06 18:54:01,282] {processor.py:641} INFO - Processing file /home/airflow/.local/lib/python3.7/site-packages/airflow/example_dags/example_nested_branch_dag.py for tasks to queue
[2022-07-06 18:54:01,285] {logging_mixin.py:115} INFO - [2022-07-06 18:54:01,285] {dagbag.py:507} INFO - Filling up the DagBag from /home/airflow/.local/lib/python3.7/site-packages/airflow/example_dags/example_nested_branch_dag.py
[2022-07-06 18:54:01,305] {processor.py:651} INFO - DAG(s) dict_keys(['example_nested_branch_dag']) retrieved from /home/airflow/.local/lib/python3.7/site-packages/airflow/example_dags/example_nested_branch_dag.py
[2022-07-06 18:54:01,362] {logging_mixin.py:115} INFO - [2022-07-06 18:54:01,362] {dag.py:2371} INFO - Sync 1 DAGs
[2022-07-06 18:54:01,442] {logging_mixin.py:115} INFO - [2022-07-06 18:54:01,441] {dag.py:2919} INFO - Setting next_dagrun for example_nested_branch_dag to 2022-07-05T00:00:00+00:00, run_after=2022-07-06T00:00:00+00:00
[2022-07-06 18:54:01,473] {processor.py:161} INFO - Processing /home/airflow/.local/lib/python3.7/site-packages/airflow/example_dags/example_nested_branch_dag.py took 0.201 seconds
[2022-07-06 18:54:31,823] {processor.py:153} INFO - Started process (PID=2211) to work on /home/airflow/.local/lib/python3.7/site-packages/airflow/example_dags/example_nested_branch_dag.py
[2022-07-06 18:54:31,827] {processor.py:641} INFO - Processing file /home/airflow/.local/lib/python3.7/site-packages/airflow/example_dags/example_nested_branch_dag.py for tasks to queue
[2022-07-06 18:54:31,829] {logging_mixin.py:115} INFO - [2022-07-06 18:54:31,829] {dagbag.py:507} INFO - Filling up the DagBag from /home/airflow/.local/lib/python3.7/site-packages/airflow/example_dags/example_nested_branch_dag.py
[2022-07-06 18:54:31,852] {processor.py:651} INFO - DAG(s) dict_keys(['example_nested_branch_dag']) retrieved from /home/airflow/.local/lib/python3.7/site-packages/airflow/example_dags/example_nested_branch_dag.py
[2022-07-06 18:54:31,911] {logging_mixin.py:115} INFO - [2022-07-06 18:54:31,911] {dag.py:2371} INFO - Sync 1 DAGs
[2022-07-06 18:54:31,979] {logging_mixin.py:115} INFO - [2022-07-06 18:54:31,979] {dag.py:2919} INFO - Setting next_dagrun for example_nested_branch_dag to 2022-07-05T00:00:00+00:00, run_after=2022-07-06T00:00:00+00:00
[2022-07-06 18:54:32,005] {processor.py:161} INFO - Processing /home/airflow/.local/lib/python3.7/site-packages/airflow/example_dags/example_nested_branch_dag.py took 0.187 seconds
[2022-07-06 18:55:02,246] {processor.py:153} INFO - Started process (PID=2266) to work on /home/airflow/.local/lib/python3.7/site-packages/airflow/example_dags/example_nested_branch_dag.py
[2022-07-06 18:55:02,248] {processor.py:641} INFO - Processing file /home/airflow/.local/lib/python3.7/site-packages/airflow/example_dags/example_nested_branch_dag.py for tasks to queue
[2022-07-06 18:55:02,249] {logging_mixin.py:115} INFO - [2022-07-06 18:55:02,249] {dagbag.py:507} INFO - Filling up the DagBag from /home/airflow/.local/lib/python3.7/site-packages/airflow/example_dags/example_nested_branch_dag.py
[2022-07-06 18:55:02,266] {processor.py:651} INFO - DAG(s) dict_keys(['example_nested_branch_dag']) retrieved from /home/airflow/.local/lib/python3.7/site-packages/airflow/example_dags/example_nested_branch_dag.py
[2022-07-06 18:55:02,320] {logging_mixin.py:115} INFO - [2022-07-06 18:55:02,320] {dag.py:2371} INFO - Sync 1 DAGs
[2022-07-06 18:55:02,358] {logging_mixin.py:115} INFO - [2022-07-06 18:55:02,357] {dag.py:2919} INFO - Setting next_dagrun for example_nested_branch_dag to 2022-07-05T00:00:00+00:00, run_after=2022-07-06T00:00:00+00:00
[2022-07-06 18:55:02,373] {processor.py:161} INFO - Processing /home/airflow/.local/lib/python3.7/site-packages/airflow/example_dags/example_nested_branch_dag.py took 0.134 seconds
[2022-07-06 18:55:33,187] {processor.py:153} INFO - Started process (PID=2330) to work on /home/airflow/.local/lib/python3.7/site-packages/airflow/example_dags/example_nested_branch_dag.py
[2022-07-06 18:55:33,190] {processor.py:641} INFO - Processing file /home/airflow/.local/lib/python3.7/site-packages/airflow/example_dags/example_nested_branch_dag.py for tasks to queue
[2022-07-06 18:55:33,192] {logging_mixin.py:115} INFO - [2022-07-06 18:55:33,192] {dagbag.py:507} INFO - Filling up the DagBag from /home/airflow/.local/lib/python3.7/site-packages/airflow/example_dags/example_nested_branch_dag.py
[2022-07-06 18:55:33,207] {processor.py:651} INFO - DAG(s) dict_keys(['example_nested_branch_dag']) retrieved from /home/airflow/.local/lib/python3.7/site-packages/airflow/example_dags/example_nested_branch_dag.py
[2022-07-06 18:55:33,256] {logging_mixin.py:115} INFO - [2022-07-06 18:55:33,256] {dag.py:2371} INFO - Sync 1 DAGs
[2022-07-06 18:55:33,317] {logging_mixin.py:115} INFO - [2022-07-06 18:55:33,317] {dag.py:2919} INFO - Setting next_dagrun for example_nested_branch_dag to 2022-07-05T00:00:00+00:00, run_after=2022-07-06T00:00:00+00:00
[2022-07-06 18:55:33,344] {processor.py:161} INFO - Processing /home/airflow/.local/lib/python3.7/site-packages/airflow/example_dags/example_nested_branch_dag.py took 0.163 seconds
[2022-07-06 18:56:03,506] {processor.py:153} INFO - Started process (PID=2388) to work on /home/airflow/.local/lib/python3.7/site-packages/airflow/example_dags/example_nested_branch_dag.py
[2022-07-06 18:56:03,509] {processor.py:641} INFO - Processing file /home/airflow/.local/lib/python3.7/site-packages/airflow/example_dags/example_nested_branch_dag.py for tasks to queue
[2022-07-06 18:56:03,510] {logging_mixin.py:115} INFO - [2022-07-06 18:56:03,510] {dagbag.py:507} INFO - Filling up the DagBag from /home/airflow/.local/lib/python3.7/site-packages/airflow/example_dags/example_nested_branch_dag.py
[2022-07-06 18:56:03,529] {processor.py:651} INFO - DAG(s) dict_keys(['example_nested_branch_dag']) retrieved from /home/airflow/.local/lib/python3.7/site-packages/airflow/example_dags/example_nested_branch_dag.py
[2022-07-06 18:56:03,567] {logging_mixin.py:115} INFO - [2022-07-06 18:56:03,567] {dag.py:2371} INFO - Sync 1 DAGs
[2022-07-06 18:56:03,600] {logging_mixin.py:115} INFO - [2022-07-06 18:56:03,600] {dag.py:2919} INFO - Setting next_dagrun for example_nested_branch_dag to 2022-07-05T00:00:00+00:00, run_after=2022-07-06T00:00:00+00:00
[2022-07-06 18:56:03,618] {processor.py:161} INFO - Processing /home/airflow/.local/lib/python3.7/site-packages/airflow/example_dags/example_nested_branch_dag.py took 0.125 seconds
[2022-07-06 18:56:34,585] {processor.py:153} INFO - Started process (PID=2453) to work on /home/airflow/.local/lib/python3.7/site-packages/airflow/example_dags/example_nested_branch_dag.py
[2022-07-06 18:56:34,587] {processor.py:641} INFO - Processing file /home/airflow/.local/lib/python3.7/site-packages/airflow/example_dags/example_nested_branch_dag.py for tasks to queue
[2022-07-06 18:56:34,590] {logging_mixin.py:115} INFO - [2022-07-06 18:56:34,590] {dagbag.py:507} INFO - Filling up the DagBag from /home/airflow/.local/lib/python3.7/site-packages/airflow/example_dags/example_nested_branch_dag.py
[2022-07-06 18:56:34,611] {processor.py:651} INFO - DAG(s) dict_keys(['example_nested_branch_dag']) retrieved from /home/airflow/.local/lib/python3.7/site-packages/airflow/example_dags/example_nested_branch_dag.py
[2022-07-06 18:56:34,663] {logging_mixin.py:115} INFO - [2022-07-06 18:56:34,663] {dag.py:2371} INFO - Sync 1 DAGs
[2022-07-06 18:56:34,703] {logging_mixin.py:115} INFO - [2022-07-06 18:56:34,703] {dag.py:2919} INFO - Setting next_dagrun for example_nested_branch_dag to 2022-07-05T00:00:00+00:00, run_after=2022-07-06T00:00:00+00:00
[2022-07-06 18:56:34,727] {processor.py:161} INFO - Processing /home/airflow/.local/lib/python3.7/site-packages/airflow/example_dags/example_nested_branch_dag.py took 0.154 seconds
[2022-07-06 18:57:05,404] {processor.py:153} INFO - Started process (PID=2498) to work on /home/airflow/.local/lib/python3.7/site-packages/airflow/example_dags/example_nested_branch_dag.py
[2022-07-06 18:57:05,406] {processor.py:641} INFO - Processing file /home/airflow/.local/lib/python3.7/site-packages/airflow/example_dags/example_nested_branch_dag.py for tasks to queue
[2022-07-06 18:57:05,407] {logging_mixin.py:115} INFO - [2022-07-06 18:57:05,407] {dagbag.py:507} INFO - Filling up the DagBag from /home/airflow/.local/lib/python3.7/site-packages/airflow/example_dags/example_nested_branch_dag.py
[2022-07-06 18:57:05,474] {processor.py:651} INFO - DAG(s) dict_keys(['example_nested_branch_dag']) retrieved from /home/airflow/.local/lib/python3.7/site-packages/airflow/example_dags/example_nested_branch_dag.py
[2022-07-06 18:57:05,649] {logging_mixin.py:115} INFO - [2022-07-06 18:57:05,648] {dag.py:2371} INFO - Sync 1 DAGs
[2022-07-06 18:57:05,715] {logging_mixin.py:115} INFO - [2022-07-06 18:57:05,715] {dag.py:2919} INFO - Setting next_dagrun for example_nested_branch_dag to 2022-07-05T00:00:00+00:00, run_after=2022-07-06T00:00:00+00:00
[2022-07-06 18:57:05,756] {processor.py:161} INFO - Processing /home/airflow/.local/lib/python3.7/site-packages/airflow/example_dags/example_nested_branch_dag.py took 0.358 seconds
[2022-07-06 18:57:35,935] {processor.py:153} INFO - Started process (PID=2561) to work on /home/airflow/.local/lib/python3.7/site-packages/airflow/example_dags/example_nested_branch_dag.py
[2022-07-06 18:57:35,936] {processor.py:641} INFO - Processing file /home/airflow/.local/lib/python3.7/site-packages/airflow/example_dags/example_nested_branch_dag.py for tasks to queue
[2022-07-06 18:57:35,938] {logging_mixin.py:115} INFO - [2022-07-06 18:57:35,938] {dagbag.py:507} INFO - Filling up the DagBag from /home/airflow/.local/lib/python3.7/site-packages/airflow/example_dags/example_nested_branch_dag.py
[2022-07-06 18:57:35,953] {processor.py:651} INFO - DAG(s) dict_keys(['example_nested_branch_dag']) retrieved from /home/airflow/.local/lib/python3.7/site-packages/airflow/example_dags/example_nested_branch_dag.py
[2022-07-06 18:57:35,989] {logging_mixin.py:115} INFO - [2022-07-06 18:57:35,989] {dag.py:2371} INFO - Sync 1 DAGs
[2022-07-06 18:57:36,023] {logging_mixin.py:115} INFO - [2022-07-06 18:57:36,023] {dag.py:2919} INFO - Setting next_dagrun for example_nested_branch_dag to 2022-07-05T00:00:00+00:00, run_after=2022-07-06T00:00:00+00:00
[2022-07-06 18:57:36,039] {processor.py:161} INFO - Processing /home/airflow/.local/lib/python3.7/site-packages/airflow/example_dags/example_nested_branch_dag.py took 0.109 seconds
[2022-07-06 18:58:06,206] {processor.py:153} INFO - Started process (PID=2615) to work on /home/airflow/.local/lib/python3.7/site-packages/airflow/example_dags/example_nested_branch_dag.py
[2022-07-06 18:58:06,207] {processor.py:641} INFO - Processing file /home/airflow/.local/lib/python3.7/site-packages/airflow/example_dags/example_nested_branch_dag.py for tasks to queue
[2022-07-06 18:58:06,209] {logging_mixin.py:115} INFO - [2022-07-06 18:58:06,209] {dagbag.py:507} INFO - Filling up the DagBag from /home/airflow/.local/lib/python3.7/site-packages/airflow/example_dags/example_nested_branch_dag.py
[2022-07-06 18:58:06,223] {processor.py:651} INFO - DAG(s) dict_keys(['example_nested_branch_dag']) retrieved from /home/airflow/.local/lib/python3.7/site-packages/airflow/example_dags/example_nested_branch_dag.py
[2022-07-06 18:58:06,269] {logging_mixin.py:115} INFO - [2022-07-06 18:58:06,268] {dag.py:2371} INFO - Sync 1 DAGs
[2022-07-06 18:58:06,336] {logging_mixin.py:115} INFO - [2022-07-06 18:58:06,336] {dag.py:2919} INFO - Setting next_dagrun for example_nested_branch_dag to 2022-07-05T00:00:00+00:00, run_after=2022-07-06T00:00:00+00:00
[2022-07-06 18:58:06,364] {processor.py:161} INFO - Processing /home/airflow/.local/lib/python3.7/site-packages/airflow/example_dags/example_nested_branch_dag.py took 0.162 seconds
[2022-07-06 18:58:36,620] {processor.py:153} INFO - Started process (PID=2679) to work on /home/airflow/.local/lib/python3.7/site-packages/airflow/example_dags/example_nested_branch_dag.py
[2022-07-06 18:58:36,621] {processor.py:641} INFO - Processing file /home/airflow/.local/lib/python3.7/site-packages/airflow/example_dags/example_nested_branch_dag.py for tasks to queue
[2022-07-06 18:58:36,622] {logging_mixin.py:115} INFO - [2022-07-06 18:58:36,622] {dagbag.py:507} INFO - Filling up the DagBag from /home/airflow/.local/lib/python3.7/site-packages/airflow/example_dags/example_nested_branch_dag.py
[2022-07-06 18:58:36,635] {processor.py:651} INFO - DAG(s) dict_keys(['example_nested_branch_dag']) retrieved from /home/airflow/.local/lib/python3.7/site-packages/airflow/example_dags/example_nested_branch_dag.py
[2022-07-06 18:58:36,669] {logging_mixin.py:115} INFO - [2022-07-06 18:58:36,669] {dag.py:2371} INFO - Sync 1 DAGs
[2022-07-06 18:58:36,709] {logging_mixin.py:115} INFO - [2022-07-06 18:58:36,708] {dag.py:2919} INFO - Setting next_dagrun for example_nested_branch_dag to 2022-07-05T00:00:00+00:00, run_after=2022-07-06T00:00:00+00:00
[2022-07-06 18:58:36,729] {processor.py:161} INFO - Processing /home/airflow/.local/lib/python3.7/site-packages/airflow/example_dags/example_nested_branch_dag.py took 0.113 seconds
[2022-07-06 18:59:07,088] {processor.py:153} INFO - Started process (PID=2734) to work on /home/airflow/.local/lib/python3.7/site-packages/airflow/example_dags/example_nested_branch_dag.py
[2022-07-06 18:59:07,089] {processor.py:641} INFO - Processing file /home/airflow/.local/lib/python3.7/site-packages/airflow/example_dags/example_nested_branch_dag.py for tasks to queue
[2022-07-06 18:59:07,091] {logging_mixin.py:115} INFO - [2022-07-06 18:59:07,091] {dagbag.py:507} INFO - Filling up the DagBag from /home/airflow/.local/lib/python3.7/site-packages/airflow/example_dags/example_nested_branch_dag.py
[2022-07-06 18:59:07,104] {processor.py:651} INFO - DAG(s) dict_keys(['example_nested_branch_dag']) retrieved from /home/airflow/.local/lib/python3.7/site-packages/airflow/example_dags/example_nested_branch_dag.py
[2022-07-06 18:59:07,138] {logging_mixin.py:115} INFO - [2022-07-06 18:59:07,138] {dag.py:2371} INFO - Sync 1 DAGs
[2022-07-06 18:59:07,187] {logging_mixin.py:115} INFO - [2022-07-06 18:59:07,187] {dag.py:2919} INFO - Setting next_dagrun for example_nested_branch_dag to 2022-07-05T00:00:00+00:00, run_after=2022-07-06T00:00:00+00:00
[2022-07-06 18:59:07,204] {processor.py:161} INFO - Processing /home/airflow/.local/lib/python3.7/site-packages/airflow/example_dags/example_nested_branch_dag.py took 0.121 seconds
[2022-07-06 18:59:37,980] {processor.py:153} INFO - Started process (PID=2796) to work on /home/airflow/.local/lib/python3.7/site-packages/airflow/example_dags/example_nested_branch_dag.py
[2022-07-06 18:59:37,985] {processor.py:641} INFO - Processing file /home/airflow/.local/lib/python3.7/site-packages/airflow/example_dags/example_nested_branch_dag.py for tasks to queue
[2022-07-06 18:59:37,987] {logging_mixin.py:115} INFO - [2022-07-06 18:59:37,987] {dagbag.py:507} INFO - Filling up the DagBag from /home/airflow/.local/lib/python3.7/site-packages/airflow/example_dags/example_nested_branch_dag.py
[2022-07-06 18:59:38,005] {processor.py:651} INFO - DAG(s) dict_keys(['example_nested_branch_dag']) retrieved from /home/airflow/.local/lib/python3.7/site-packages/airflow/example_dags/example_nested_branch_dag.py
[2022-07-06 18:59:38,057] {logging_mixin.py:115} INFO - [2022-07-06 18:59:38,057] {dag.py:2371} INFO - Sync 1 DAGs
[2022-07-06 18:59:38,105] {logging_mixin.py:115} INFO - [2022-07-06 18:59:38,105] {dag.py:2919} INFO - Setting next_dagrun for example_nested_branch_dag to 2022-07-05T00:00:00+00:00, run_after=2022-07-06T00:00:00+00:00
[2022-07-06 18:59:38,129] {processor.py:161} INFO - Processing /home/airflow/.local/lib/python3.7/site-packages/airflow/example_dags/example_nested_branch_dag.py took 0.155 seconds
[2022-07-06 19:00:08,575] {processor.py:153} INFO - Started process (PID=2863) to work on /home/airflow/.local/lib/python3.7/site-packages/airflow/example_dags/example_nested_branch_dag.py
[2022-07-06 19:00:08,577] {processor.py:641} INFO - Processing file /home/airflow/.local/lib/python3.7/site-packages/airflow/example_dags/example_nested_branch_dag.py for tasks to queue
[2022-07-06 19:00:08,578] {logging_mixin.py:115} INFO - [2022-07-06 19:00:08,578] {dagbag.py:507} INFO - Filling up the DagBag from /home/airflow/.local/lib/python3.7/site-packages/airflow/example_dags/example_nested_branch_dag.py
[2022-07-06 19:00:08,591] {processor.py:651} INFO - DAG(s) dict_keys(['example_nested_branch_dag']) retrieved from /home/airflow/.local/lib/python3.7/site-packages/airflow/example_dags/example_nested_branch_dag.py
[2022-07-06 19:00:08,628] {logging_mixin.py:115} INFO - [2022-07-06 19:00:08,627] {dag.py:2371} INFO - Sync 1 DAGs
[2022-07-06 19:00:08,660] {logging_mixin.py:115} INFO - [2022-07-06 19:00:08,659] {dag.py:2919} INFO - Setting next_dagrun for example_nested_branch_dag to 2022-07-05T00:00:00+00:00, run_after=2022-07-06T00:00:00+00:00
[2022-07-06 19:00:08,679] {processor.py:161} INFO - Processing /home/airflow/.local/lib/python3.7/site-packages/airflow/example_dags/example_nested_branch_dag.py took 0.108 seconds
[2022-07-06 19:00:39,503] {processor.py:153} INFO - Started process (PID=2916) to work on /home/airflow/.local/lib/python3.7/site-packages/airflow/example_dags/example_nested_branch_dag.py
[2022-07-06 19:00:39,505] {processor.py:641} INFO - Processing file /home/airflow/.local/lib/python3.7/site-packages/airflow/example_dags/example_nested_branch_dag.py for tasks to queue
[2022-07-06 19:00:39,506] {logging_mixin.py:115} INFO - [2022-07-06 19:00:39,506] {dagbag.py:507} INFO - Filling up the DagBag from /home/airflow/.local/lib/python3.7/site-packages/airflow/example_dags/example_nested_branch_dag.py
[2022-07-06 19:00:39,520] {processor.py:651} INFO - DAG(s) dict_keys(['example_nested_branch_dag']) retrieved from /home/airflow/.local/lib/python3.7/site-packages/airflow/example_dags/example_nested_branch_dag.py
[2022-07-06 19:00:39,558] {logging_mixin.py:115} INFO - [2022-07-06 19:00:39,557] {dag.py:2371} INFO - Sync 1 DAGs
[2022-07-06 19:00:39,595] {logging_mixin.py:115} INFO - [2022-07-06 19:00:39,594] {dag.py:2919} INFO - Setting next_dagrun for example_nested_branch_dag to 2022-07-05T00:00:00+00:00, run_after=2022-07-06T00:00:00+00:00
[2022-07-06 19:00:39,612] {processor.py:161} INFO - Processing /home/airflow/.local/lib/python3.7/site-packages/airflow/example_dags/example_nested_branch_dag.py took 0.113 seconds
[2022-07-06 19:01:09,897] {processor.py:153} INFO - Started process (PID=2980) to work on /home/airflow/.local/lib/python3.7/site-packages/airflow/example_dags/example_nested_branch_dag.py
[2022-07-06 19:01:09,910] {processor.py:641} INFO - Processing file /home/airflow/.local/lib/python3.7/site-packages/airflow/example_dags/example_nested_branch_dag.py for tasks to queue
[2022-07-06 19:01:09,913] {logging_mixin.py:115} INFO - [2022-07-06 19:01:09,913] {dagbag.py:507} INFO - Filling up the DagBag from /home/airflow/.local/lib/python3.7/site-packages/airflow/example_dags/example_nested_branch_dag.py
[2022-07-06 19:01:09,930] {processor.py:651} INFO - DAG(s) dict_keys(['example_nested_branch_dag']) retrieved from /home/airflow/.local/lib/python3.7/site-packages/airflow/example_dags/example_nested_branch_dag.py
[2022-07-06 19:01:09,973] {logging_mixin.py:115} INFO - [2022-07-06 19:01:09,973] {dag.py:2371} INFO - Sync 1 DAGs
[2022-07-06 19:01:10,012] {logging_mixin.py:115} INFO - [2022-07-06 19:01:10,012] {dag.py:2919} INFO - Setting next_dagrun for example_nested_branch_dag to 2022-07-05T00:00:00+00:00, run_after=2022-07-06T00:00:00+00:00
[2022-07-06 19:01:10,033] {processor.py:161} INFO - Processing /home/airflow/.local/lib/python3.7/site-packages/airflow/example_dags/example_nested_branch_dag.py took 0.142 seconds
