[2022-07-06 18:36:12,105] {processor.py:153} INFO - Started process (PID=57) to work on /home/airflow/.local/lib/python3.7/site-packages/airflow/example_dags/example_external_task_marker_dag.py
[2022-07-06 18:36:12,107] {processor.py:641} INFO - Processing file /home/airflow/.local/lib/python3.7/site-packages/airflow/example_dags/example_external_task_marker_dag.py for tasks to queue
[2022-07-06 18:36:12,108] {logging_mixin.py:115} INFO - [2022-07-06 18:36:12,108] {dagbag.py:507} INFO - Filling up the DagBag from /home/airflow/.local/lib/python3.7/site-packages/airflow/example_dags/example_external_task_marker_dag.py
[2022-07-06 18:36:12,132] {processor.py:651} INFO - DAG(s) dict_keys(['example_external_task_marker_parent', 'example_external_task_marker_child']) retrieved from /home/airflow/.local/lib/python3.7/site-packages/airflow/example_dags/example_external_task_marker_dag.py
[2022-07-06 18:36:12,276] {logging_mixin.py:115} INFO - [2022-07-06 18:36:12,276] {dag.py:2371} INFO - Sync 2 DAGs
[2022-07-06 18:36:12,337] {logging_mixin.py:115} INFO - [2022-07-06 18:36:12,334] {dag.py:2919} INFO - Setting next_dagrun for example_external_task_marker_child to None, run_after=None
[2022-07-06 18:36:12,339] {logging_mixin.py:115} INFO - [2022-07-06 18:36:12,339] {dag.py:2919} INFO - Setting next_dagrun for example_external_task_marker_parent to None, run_after=None
[2022-07-06 18:36:12,377] {processor.py:161} INFO - Processing /home/airflow/.local/lib/python3.7/site-packages/airflow/example_dags/example_external_task_marker_dag.py took 0.281 seconds
[2022-07-06 18:36:42,449] {processor.py:153} INFO - Started process (PID=121) to work on /home/airflow/.local/lib/python3.7/site-packages/airflow/example_dags/example_external_task_marker_dag.py
[2022-07-06 18:36:42,451] {processor.py:641} INFO - Processing file /home/airflow/.local/lib/python3.7/site-packages/airflow/example_dags/example_external_task_marker_dag.py for tasks to queue
[2022-07-06 18:36:42,453] {logging_mixin.py:115} INFO - [2022-07-06 18:36:42,452] {dagbag.py:507} INFO - Filling up the DagBag from /home/airflow/.local/lib/python3.7/site-packages/airflow/example_dags/example_external_task_marker_dag.py
[2022-07-06 18:36:42,462] {processor.py:651} INFO - DAG(s) dict_keys(['example_external_task_marker_parent', 'example_external_task_marker_child']) retrieved from /home/airflow/.local/lib/python3.7/site-packages/airflow/example_dags/example_external_task_marker_dag.py
[2022-07-06 18:36:42,532] {logging_mixin.py:115} INFO - [2022-07-06 18:36:42,532] {dag.py:2371} INFO - Sync 2 DAGs
[2022-07-06 18:36:42,568] {logging_mixin.py:115} INFO - [2022-07-06 18:36:42,568] {dag.py:2919} INFO - Setting next_dagrun for example_external_task_marker_child to None, run_after=None
[2022-07-06 18:36:42,569] {logging_mixin.py:115} INFO - [2022-07-06 18:36:42,569] {dag.py:2919} INFO - Setting next_dagrun for example_external_task_marker_parent to None, run_after=None
[2022-07-06 18:36:42,585] {processor.py:161} INFO - Processing /home/airflow/.local/lib/python3.7/site-packages/airflow/example_dags/example_external_task_marker_dag.py took 0.143 seconds
[2022-07-06 18:37:12,778] {processor.py:153} INFO - Started process (PID=174) to work on /home/airflow/.local/lib/python3.7/site-packages/airflow/example_dags/example_external_task_marker_dag.py
[2022-07-06 18:37:12,779] {processor.py:641} INFO - Processing file /home/airflow/.local/lib/python3.7/site-packages/airflow/example_dags/example_external_task_marker_dag.py for tasks to queue
[2022-07-06 18:37:12,782] {logging_mixin.py:115} INFO - [2022-07-06 18:37:12,782] {dagbag.py:507} INFO - Filling up the DagBag from /home/airflow/.local/lib/python3.7/site-packages/airflow/example_dags/example_external_task_marker_dag.py
[2022-07-06 18:37:12,788] {processor.py:651} INFO - DAG(s) dict_keys(['example_external_task_marker_parent', 'example_external_task_marker_child']) retrieved from /home/airflow/.local/lib/python3.7/site-packages/airflow/example_dags/example_external_task_marker_dag.py
[2022-07-06 18:37:12,844] {logging_mixin.py:115} INFO - [2022-07-06 18:37:12,844] {dag.py:2371} INFO - Sync 2 DAGs
[2022-07-06 18:37:12,878] {logging_mixin.py:115} INFO - [2022-07-06 18:37:12,878] {dag.py:2919} INFO - Setting next_dagrun for example_external_task_marker_child to None, run_after=None
[2022-07-06 18:37:12,879] {logging_mixin.py:115} INFO - [2022-07-06 18:37:12,879] {dag.py:2919} INFO - Setting next_dagrun for example_external_task_marker_parent to None, run_after=None
[2022-07-06 18:37:12,897] {processor.py:161} INFO - Processing /home/airflow/.local/lib/python3.7/site-packages/airflow/example_dags/example_external_task_marker_dag.py took 0.123 seconds
[2022-07-06 18:37:43,231] {processor.py:153} INFO - Started process (PID=238) to work on /home/airflow/.local/lib/python3.7/site-packages/airflow/example_dags/example_external_task_marker_dag.py
[2022-07-06 18:37:43,232] {processor.py:641} INFO - Processing file /home/airflow/.local/lib/python3.7/site-packages/airflow/example_dags/example_external_task_marker_dag.py for tasks to queue
[2022-07-06 18:37:43,234] {logging_mixin.py:115} INFO - [2022-07-06 18:37:43,233] {dagbag.py:507} INFO - Filling up the DagBag from /home/airflow/.local/lib/python3.7/site-packages/airflow/example_dags/example_external_task_marker_dag.py
[2022-07-06 18:37:43,240] {processor.py:651} INFO - DAG(s) dict_keys(['example_external_task_marker_parent', 'example_external_task_marker_child']) retrieved from /home/airflow/.local/lib/python3.7/site-packages/airflow/example_dags/example_external_task_marker_dag.py
[2022-07-06 18:37:43,310] {logging_mixin.py:115} INFO - [2022-07-06 18:37:43,310] {dag.py:2371} INFO - Sync 2 DAGs
[2022-07-06 18:37:43,346] {logging_mixin.py:115} INFO - [2022-07-06 18:37:43,346] {dag.py:2919} INFO - Setting next_dagrun for example_external_task_marker_child to None, run_after=None
[2022-07-06 18:37:43,348] {logging_mixin.py:115} INFO - [2022-07-06 18:37:43,347] {dag.py:2919} INFO - Setting next_dagrun for example_external_task_marker_parent to None, run_after=None
[2022-07-06 18:37:43,366] {processor.py:161} INFO - Processing /home/airflow/.local/lib/python3.7/site-packages/airflow/example_dags/example_external_task_marker_dag.py took 0.141 seconds
[2022-07-06 18:38:14,130] {processor.py:153} INFO - Started process (PID=300) to work on /home/airflow/.local/lib/python3.7/site-packages/airflow/example_dags/example_external_task_marker_dag.py
[2022-07-06 18:38:14,131] {processor.py:641} INFO - Processing file /home/airflow/.local/lib/python3.7/site-packages/airflow/example_dags/example_external_task_marker_dag.py for tasks to queue
[2022-07-06 18:38:14,132] {logging_mixin.py:115} INFO - [2022-07-06 18:38:14,132] {dagbag.py:507} INFO - Filling up the DagBag from /home/airflow/.local/lib/python3.7/site-packages/airflow/example_dags/example_external_task_marker_dag.py
[2022-07-06 18:38:14,143] {processor.py:651} INFO - DAG(s) dict_keys(['example_external_task_marker_parent', 'example_external_task_marker_child']) retrieved from /home/airflow/.local/lib/python3.7/site-packages/airflow/example_dags/example_external_task_marker_dag.py
[2022-07-06 18:38:14,224] {logging_mixin.py:115} INFO - [2022-07-06 18:38:14,224] {dag.py:2371} INFO - Sync 2 DAGs
[2022-07-06 18:38:14,256] {logging_mixin.py:115} INFO - [2022-07-06 18:38:14,256] {dag.py:2919} INFO - Setting next_dagrun for example_external_task_marker_child to None, run_after=None
[2022-07-06 18:38:14,257] {logging_mixin.py:115} INFO - [2022-07-06 18:38:14,257] {dag.py:2919} INFO - Setting next_dagrun for example_external_task_marker_parent to None, run_after=None
[2022-07-06 18:38:14,275] {processor.py:161} INFO - Processing /home/airflow/.local/lib/python3.7/site-packages/airflow/example_dags/example_external_task_marker_dag.py took 0.153 seconds
[2022-07-06 18:38:45,001] {processor.py:153} INFO - Started process (PID=355) to work on /home/airflow/.local/lib/python3.7/site-packages/airflow/example_dags/example_external_task_marker_dag.py
[2022-07-06 18:38:45,002] {processor.py:641} INFO - Processing file /home/airflow/.local/lib/python3.7/site-packages/airflow/example_dags/example_external_task_marker_dag.py for tasks to queue
[2022-07-06 18:38:45,004] {logging_mixin.py:115} INFO - [2022-07-06 18:38:45,004] {dagbag.py:507} INFO - Filling up the DagBag from /home/airflow/.local/lib/python3.7/site-packages/airflow/example_dags/example_external_task_marker_dag.py
[2022-07-06 18:38:45,010] {processor.py:651} INFO - DAG(s) dict_keys(['example_external_task_marker_parent', 'example_external_task_marker_child']) retrieved from /home/airflow/.local/lib/python3.7/site-packages/airflow/example_dags/example_external_task_marker_dag.py
[2022-07-06 18:38:45,071] {logging_mixin.py:115} INFO - [2022-07-06 18:38:45,071] {dag.py:2371} INFO - Sync 2 DAGs
[2022-07-06 18:38:45,099] {logging_mixin.py:115} INFO - [2022-07-06 18:38:45,099] {dag.py:2919} INFO - Setting next_dagrun for example_external_task_marker_child to None, run_after=None
[2022-07-06 18:38:45,100] {logging_mixin.py:115} INFO - [2022-07-06 18:38:45,100] {dag.py:2919} INFO - Setting next_dagrun for example_external_task_marker_parent to None, run_after=None
[2022-07-06 18:38:45,137] {processor.py:161} INFO - Processing /home/airflow/.local/lib/python3.7/site-packages/airflow/example_dags/example_external_task_marker_dag.py took 0.140 seconds
[2022-07-06 18:39:15,233] {processor.py:153} INFO - Started process (PID=420) to work on /home/airflow/.local/lib/python3.7/site-packages/airflow/example_dags/example_external_task_marker_dag.py
[2022-07-06 18:39:15,235] {processor.py:641} INFO - Processing file /home/airflow/.local/lib/python3.7/site-packages/airflow/example_dags/example_external_task_marker_dag.py for tasks to queue
[2022-07-06 18:39:15,236] {logging_mixin.py:115} INFO - [2022-07-06 18:39:15,236] {dagbag.py:507} INFO - Filling up the DagBag from /home/airflow/.local/lib/python3.7/site-packages/airflow/example_dags/example_external_task_marker_dag.py
[2022-07-06 18:39:15,242] {processor.py:651} INFO - DAG(s) dict_keys(['example_external_task_marker_parent', 'example_external_task_marker_child']) retrieved from /home/airflow/.local/lib/python3.7/site-packages/airflow/example_dags/example_external_task_marker_dag.py
[2022-07-06 18:39:15,299] {logging_mixin.py:115} INFO - [2022-07-06 18:39:15,299] {dag.py:2371} INFO - Sync 2 DAGs
[2022-07-06 18:39:15,328] {logging_mixin.py:115} INFO - [2022-07-06 18:39:15,328] {dag.py:2919} INFO - Setting next_dagrun for example_external_task_marker_child to None, run_after=None
[2022-07-06 18:39:15,329] {logging_mixin.py:115} INFO - [2022-07-06 18:39:15,329] {dag.py:2919} INFO - Setting next_dagrun for example_external_task_marker_parent to None, run_after=None
[2022-07-06 18:39:15,344] {processor.py:161} INFO - Processing /home/airflow/.local/lib/python3.7/site-packages/airflow/example_dags/example_external_task_marker_dag.py took 0.115 seconds
[2022-07-06 18:39:45,778] {processor.py:153} INFO - Started process (PID=474) to work on /home/airflow/.local/lib/python3.7/site-packages/airflow/example_dags/example_external_task_marker_dag.py
[2022-07-06 18:39:45,781] {processor.py:641} INFO - Processing file /home/airflow/.local/lib/python3.7/site-packages/airflow/example_dags/example_external_task_marker_dag.py for tasks to queue
[2022-07-06 18:39:45,782] {logging_mixin.py:115} INFO - [2022-07-06 18:39:45,782] {dagbag.py:507} INFO - Filling up the DagBag from /home/airflow/.local/lib/python3.7/site-packages/airflow/example_dags/example_external_task_marker_dag.py
[2022-07-06 18:39:45,790] {processor.py:651} INFO - DAG(s) dict_keys(['example_external_task_marker_parent', 'example_external_task_marker_child']) retrieved from /home/airflow/.local/lib/python3.7/site-packages/airflow/example_dags/example_external_task_marker_dag.py
[2022-07-06 18:39:45,879] {logging_mixin.py:115} INFO - [2022-07-06 18:39:45,879] {dag.py:2371} INFO - Sync 2 DAGs
[2022-07-06 18:39:45,920] {logging_mixin.py:115} INFO - [2022-07-06 18:39:45,920] {dag.py:2919} INFO - Setting next_dagrun for example_external_task_marker_child to None, run_after=None
[2022-07-06 18:39:45,923] {logging_mixin.py:115} INFO - [2022-07-06 18:39:45,923] {dag.py:2919} INFO - Setting next_dagrun for example_external_task_marker_parent to None, run_after=None
[2022-07-06 18:39:45,964] {processor.py:161} INFO - Processing /home/airflow/.local/lib/python3.7/site-packages/airflow/example_dags/example_external_task_marker_dag.py took 0.191 seconds
[2022-07-06 18:40:16,324] {processor.py:153} INFO - Started process (PID=538) to work on /home/airflow/.local/lib/python3.7/site-packages/airflow/example_dags/example_external_task_marker_dag.py
[2022-07-06 18:40:16,325] {processor.py:641} INFO - Processing file /home/airflow/.local/lib/python3.7/site-packages/airflow/example_dags/example_external_task_marker_dag.py for tasks to queue
[2022-07-06 18:40:16,326] {logging_mixin.py:115} INFO - [2022-07-06 18:40:16,326] {dagbag.py:507} INFO - Filling up the DagBag from /home/airflow/.local/lib/python3.7/site-packages/airflow/example_dags/example_external_task_marker_dag.py
[2022-07-06 18:40:16,332] {processor.py:651} INFO - DAG(s) dict_keys(['example_external_task_marker_parent', 'example_external_task_marker_child']) retrieved from /home/airflow/.local/lib/python3.7/site-packages/airflow/example_dags/example_external_task_marker_dag.py
[2022-07-06 18:40:16,400] {logging_mixin.py:115} INFO - [2022-07-06 18:40:16,400] {dag.py:2371} INFO - Sync 2 DAGs
[2022-07-06 18:40:16,433] {logging_mixin.py:115} INFO - [2022-07-06 18:40:16,433] {dag.py:2919} INFO - Setting next_dagrun for example_external_task_marker_child to None, run_after=None
[2022-07-06 18:40:16,435] {logging_mixin.py:115} INFO - [2022-07-06 18:40:16,435] {dag.py:2919} INFO - Setting next_dagrun for example_external_task_marker_parent to None, run_after=None
[2022-07-06 18:40:16,454] {processor.py:161} INFO - Processing /home/airflow/.local/lib/python3.7/site-packages/airflow/example_dags/example_external_task_marker_dag.py took 0.133 seconds
[2022-07-06 18:40:46,745] {processor.py:153} INFO - Started process (PID=602) to work on /home/airflow/.local/lib/python3.7/site-packages/airflow/example_dags/example_external_task_marker_dag.py
[2022-07-06 18:40:46,747] {processor.py:641} INFO - Processing file /home/airflow/.local/lib/python3.7/site-packages/airflow/example_dags/example_external_task_marker_dag.py for tasks to queue
[2022-07-06 18:40:46,748] {logging_mixin.py:115} INFO - [2022-07-06 18:40:46,748] {dagbag.py:507} INFO - Filling up the DagBag from /home/airflow/.local/lib/python3.7/site-packages/airflow/example_dags/example_external_task_marker_dag.py
[2022-07-06 18:40:46,756] {processor.py:651} INFO - DAG(s) dict_keys(['example_external_task_marker_parent', 'example_external_task_marker_child']) retrieved from /home/airflow/.local/lib/python3.7/site-packages/airflow/example_dags/example_external_task_marker_dag.py
[2022-07-06 18:40:46,817] {logging_mixin.py:115} INFO - [2022-07-06 18:40:46,817] {dag.py:2371} INFO - Sync 2 DAGs
[2022-07-06 18:40:46,857] {logging_mixin.py:115} INFO - [2022-07-06 18:40:46,857] {dag.py:2919} INFO - Setting next_dagrun for example_external_task_marker_child to None, run_after=None
[2022-07-06 18:40:46,859] {logging_mixin.py:115} INFO - [2022-07-06 18:40:46,859] {dag.py:2919} INFO - Setting next_dagrun for example_external_task_marker_parent to None, run_after=None
[2022-07-06 18:40:46,898] {processor.py:161} INFO - Processing /home/airflow/.local/lib/python3.7/site-packages/airflow/example_dags/example_external_task_marker_dag.py took 0.158 seconds
[2022-07-06 18:41:17,281] {processor.py:153} INFO - Started process (PID=657) to work on /home/airflow/.local/lib/python3.7/site-packages/airflow/example_dags/example_external_task_marker_dag.py
[2022-07-06 18:41:17,282] {processor.py:641} INFO - Processing file /home/airflow/.local/lib/python3.7/site-packages/airflow/example_dags/example_external_task_marker_dag.py for tasks to queue
[2022-07-06 18:41:17,283] {logging_mixin.py:115} INFO - [2022-07-06 18:41:17,283] {dagbag.py:507} INFO - Filling up the DagBag from /home/airflow/.local/lib/python3.7/site-packages/airflow/example_dags/example_external_task_marker_dag.py
[2022-07-06 18:41:17,289] {processor.py:651} INFO - DAG(s) dict_keys(['example_external_task_marker_parent', 'example_external_task_marker_child']) retrieved from /home/airflow/.local/lib/python3.7/site-packages/airflow/example_dags/example_external_task_marker_dag.py
[2022-07-06 18:41:17,347] {logging_mixin.py:115} INFO - [2022-07-06 18:41:17,346] {dag.py:2371} INFO - Sync 2 DAGs
[2022-07-06 18:41:17,378] {logging_mixin.py:115} INFO - [2022-07-06 18:41:17,378] {dag.py:2919} INFO - Setting next_dagrun for example_external_task_marker_child to None, run_after=None
[2022-07-06 18:41:17,379] {logging_mixin.py:115} INFO - [2022-07-06 18:41:17,379] {dag.py:2919} INFO - Setting next_dagrun for example_external_task_marker_parent to None, run_after=None
[2022-07-06 18:41:17,393] {processor.py:161} INFO - Processing /home/airflow/.local/lib/python3.7/site-packages/airflow/example_dags/example_external_task_marker_dag.py took 0.117 seconds
[2022-07-06 18:41:48,119] {processor.py:153} INFO - Started process (PID=722) to work on /home/airflow/.local/lib/python3.7/site-packages/airflow/example_dags/example_external_task_marker_dag.py
[2022-07-06 18:41:48,121] {processor.py:641} INFO - Processing file /home/airflow/.local/lib/python3.7/site-packages/airflow/example_dags/example_external_task_marker_dag.py for tasks to queue
[2022-07-06 18:41:48,122] {logging_mixin.py:115} INFO - [2022-07-06 18:41:48,122] {dagbag.py:507} INFO - Filling up the DagBag from /home/airflow/.local/lib/python3.7/site-packages/airflow/example_dags/example_external_task_marker_dag.py
[2022-07-06 18:41:48,128] {processor.py:651} INFO - DAG(s) dict_keys(['example_external_task_marker_parent', 'example_external_task_marker_child']) retrieved from /home/airflow/.local/lib/python3.7/site-packages/airflow/example_dags/example_external_task_marker_dag.py
[2022-07-06 18:41:48,212] {logging_mixin.py:115} INFO - [2022-07-06 18:41:48,212] {dag.py:2371} INFO - Sync 2 DAGs
[2022-07-06 18:41:48,252] {logging_mixin.py:115} INFO - [2022-07-06 18:41:48,252] {dag.py:2919} INFO - Setting next_dagrun for example_external_task_marker_child to None, run_after=None
[2022-07-06 18:41:48,253] {logging_mixin.py:115} INFO - [2022-07-06 18:41:48,253] {dag.py:2919} INFO - Setting next_dagrun for example_external_task_marker_parent to None, run_after=None
[2022-07-06 18:41:48,267] {processor.py:161} INFO - Processing /home/airflow/.local/lib/python3.7/site-packages/airflow/example_dags/example_external_task_marker_dag.py took 0.154 seconds
[2022-07-06 18:42:19,115] {processor.py:153} INFO - Started process (PID=784) to work on /home/airflow/.local/lib/python3.7/site-packages/airflow/example_dags/example_external_task_marker_dag.py
[2022-07-06 18:42:19,120] {processor.py:641} INFO - Processing file /home/airflow/.local/lib/python3.7/site-packages/airflow/example_dags/example_external_task_marker_dag.py for tasks to queue
[2022-07-06 18:42:19,122] {logging_mixin.py:115} INFO - [2022-07-06 18:42:19,122] {dagbag.py:507} INFO - Filling up the DagBag from /home/airflow/.local/lib/python3.7/site-packages/airflow/example_dags/example_external_task_marker_dag.py
[2022-07-06 18:42:19,137] {processor.py:651} INFO - DAG(s) dict_keys(['example_external_task_marker_parent', 'example_external_task_marker_child']) retrieved from /home/airflow/.local/lib/python3.7/site-packages/airflow/example_dags/example_external_task_marker_dag.py
[2022-07-06 18:42:19,220] {logging_mixin.py:115} INFO - [2022-07-06 18:42:19,220] {dag.py:2371} INFO - Sync 2 DAGs
[2022-07-06 18:42:19,267] {logging_mixin.py:115} INFO - [2022-07-06 18:42:19,267] {dag.py:2919} INFO - Setting next_dagrun for example_external_task_marker_child to None, run_after=None
[2022-07-06 18:42:19,268] {logging_mixin.py:115} INFO - [2022-07-06 18:42:19,268] {dag.py:2919} INFO - Setting next_dagrun for example_external_task_marker_parent to None, run_after=None
[2022-07-06 18:42:19,286] {processor.py:161} INFO - Processing /home/airflow/.local/lib/python3.7/site-packages/airflow/example_dags/example_external_task_marker_dag.py took 0.177 seconds
[2022-07-06 18:42:49,980] {processor.py:153} INFO - Started process (PID=838) to work on /home/airflow/.local/lib/python3.7/site-packages/airflow/example_dags/example_external_task_marker_dag.py
[2022-07-06 18:42:49,983] {processor.py:641} INFO - Processing file /home/airflow/.local/lib/python3.7/site-packages/airflow/example_dags/example_external_task_marker_dag.py for tasks to queue
[2022-07-06 18:42:49,985] {logging_mixin.py:115} INFO - [2022-07-06 18:42:49,985] {dagbag.py:507} INFO - Filling up the DagBag from /home/airflow/.local/lib/python3.7/site-packages/airflow/example_dags/example_external_task_marker_dag.py
[2022-07-06 18:42:49,993] {processor.py:651} INFO - DAG(s) dict_keys(['example_external_task_marker_parent', 'example_external_task_marker_child']) retrieved from /home/airflow/.local/lib/python3.7/site-packages/airflow/example_dags/example_external_task_marker_dag.py
[2022-07-06 18:42:50,055] {logging_mixin.py:115} INFO - [2022-07-06 18:42:50,055] {dag.py:2371} INFO - Sync 2 DAGs
[2022-07-06 18:42:50,095] {logging_mixin.py:115} INFO - [2022-07-06 18:42:50,095] {dag.py:2919} INFO - Setting next_dagrun for example_external_task_marker_child to None, run_after=None
[2022-07-06 18:42:50,096] {logging_mixin.py:115} INFO - [2022-07-06 18:42:50,096] {dag.py:2919} INFO - Setting next_dagrun for example_external_task_marker_parent to None, run_after=None
[2022-07-06 18:42:50,112] {processor.py:161} INFO - Processing /home/airflow/.local/lib/python3.7/site-packages/airflow/example_dags/example_external_task_marker_dag.py took 0.142 seconds
[2022-07-06 18:43:20,571] {processor.py:153} INFO - Started process (PID=905) to work on /home/airflow/.local/lib/python3.7/site-packages/airflow/example_dags/example_external_task_marker_dag.py
[2022-07-06 18:43:20,573] {processor.py:641} INFO - Processing file /home/airflow/.local/lib/python3.7/site-packages/airflow/example_dags/example_external_task_marker_dag.py for tasks to queue
[2022-07-06 18:43:20,574] {logging_mixin.py:115} INFO - [2022-07-06 18:43:20,574] {dagbag.py:507} INFO - Filling up the DagBag from /home/airflow/.local/lib/python3.7/site-packages/airflow/example_dags/example_external_task_marker_dag.py
[2022-07-06 18:43:20,580] {processor.py:651} INFO - DAG(s) dict_keys(['example_external_task_marker_parent', 'example_external_task_marker_child']) retrieved from /home/airflow/.local/lib/python3.7/site-packages/airflow/example_dags/example_external_task_marker_dag.py
[2022-07-06 18:43:20,641] {logging_mixin.py:115} INFO - [2022-07-06 18:43:20,641] {dag.py:2371} INFO - Sync 2 DAGs
[2022-07-06 18:43:20,675] {logging_mixin.py:115} INFO - [2022-07-06 18:43:20,674] {dag.py:2919} INFO - Setting next_dagrun for example_external_task_marker_child to None, run_after=None
[2022-07-06 18:43:20,676] {logging_mixin.py:115} INFO - [2022-07-06 18:43:20,676] {dag.py:2919} INFO - Setting next_dagrun for example_external_task_marker_parent to None, run_after=None
[2022-07-06 18:43:20,694] {processor.py:161} INFO - Processing /home/airflow/.local/lib/python3.7/site-packages/airflow/example_dags/example_external_task_marker_dag.py took 0.128 seconds
[2022-07-06 18:43:51,423] {processor.py:153} INFO - Started process (PID=960) to work on /home/airflow/.local/lib/python3.7/site-packages/airflow/example_dags/example_external_task_marker_dag.py
[2022-07-06 18:43:51,424] {processor.py:641} INFO - Processing file /home/airflow/.local/lib/python3.7/site-packages/airflow/example_dags/example_external_task_marker_dag.py for tasks to queue
[2022-07-06 18:43:51,426] {logging_mixin.py:115} INFO - [2022-07-06 18:43:51,426] {dagbag.py:507} INFO - Filling up the DagBag from /home/airflow/.local/lib/python3.7/site-packages/airflow/example_dags/example_external_task_marker_dag.py
[2022-07-06 18:43:51,436] {processor.py:651} INFO - DAG(s) dict_keys(['example_external_task_marker_parent', 'example_external_task_marker_child']) retrieved from /home/airflow/.local/lib/python3.7/site-packages/airflow/example_dags/example_external_task_marker_dag.py
[2022-07-06 18:43:51,535] {logging_mixin.py:115} INFO - [2022-07-06 18:43:51,534] {dag.py:2371} INFO - Sync 2 DAGs
[2022-07-06 18:43:51,575] {logging_mixin.py:115} INFO - [2022-07-06 18:43:51,575] {dag.py:2919} INFO - Setting next_dagrun for example_external_task_marker_child to None, run_after=None
[2022-07-06 18:43:51,579] {logging_mixin.py:115} INFO - [2022-07-06 18:43:51,578] {dag.py:2919} INFO - Setting next_dagrun for example_external_task_marker_parent to None, run_after=None
[2022-07-06 18:43:51,613] {processor.py:161} INFO - Processing /home/airflow/.local/lib/python3.7/site-packages/airflow/example_dags/example_external_task_marker_dag.py took 0.195 seconds
[2022-07-06 18:44:22,066] {processor.py:153} INFO - Started process (PID=1024) to work on /home/airflow/.local/lib/python3.7/site-packages/airflow/example_dags/example_external_task_marker_dag.py
[2022-07-06 18:44:22,067] {processor.py:641} INFO - Processing file /home/airflow/.local/lib/python3.7/site-packages/airflow/example_dags/example_external_task_marker_dag.py for tasks to queue
[2022-07-06 18:44:22,068] {logging_mixin.py:115} INFO - [2022-07-06 18:44:22,068] {dagbag.py:507} INFO - Filling up the DagBag from /home/airflow/.local/lib/python3.7/site-packages/airflow/example_dags/example_external_task_marker_dag.py
[2022-07-06 18:44:22,076] {processor.py:651} INFO - DAG(s) dict_keys(['example_external_task_marker_parent', 'example_external_task_marker_child']) retrieved from /home/airflow/.local/lib/python3.7/site-packages/airflow/example_dags/example_external_task_marker_dag.py
[2022-07-06 18:44:22,132] {logging_mixin.py:115} INFO - [2022-07-06 18:44:22,132] {dag.py:2371} INFO - Sync 2 DAGs
[2022-07-06 18:44:22,160] {logging_mixin.py:115} INFO - [2022-07-06 18:44:22,160] {dag.py:2919} INFO - Setting next_dagrun for example_external_task_marker_child to None, run_after=None
[2022-07-06 18:44:22,161] {logging_mixin.py:115} INFO - [2022-07-06 18:44:22,161] {dag.py:2919} INFO - Setting next_dagrun for example_external_task_marker_parent to None, run_after=None
[2022-07-06 18:44:22,177] {processor.py:161} INFO - Processing /home/airflow/.local/lib/python3.7/site-packages/airflow/example_dags/example_external_task_marker_dag.py took 0.116 seconds
[2022-07-06 18:44:53,143] {processor.py:153} INFO - Started process (PID=1085) to work on /home/airflow/.local/lib/python3.7/site-packages/airflow/example_dags/example_external_task_marker_dag.py
[2022-07-06 18:44:53,144] {processor.py:641} INFO - Processing file /home/airflow/.local/lib/python3.7/site-packages/airflow/example_dags/example_external_task_marker_dag.py for tasks to queue
[2022-07-06 18:44:53,146] {logging_mixin.py:115} INFO - [2022-07-06 18:44:53,145] {dagbag.py:507} INFO - Filling up the DagBag from /home/airflow/.local/lib/python3.7/site-packages/airflow/example_dags/example_external_task_marker_dag.py
[2022-07-06 18:44:53,154] {processor.py:651} INFO - DAG(s) dict_keys(['example_external_task_marker_parent', 'example_external_task_marker_child']) retrieved from /home/airflow/.local/lib/python3.7/site-packages/airflow/example_dags/example_external_task_marker_dag.py
[2022-07-06 18:44:53,227] {logging_mixin.py:115} INFO - [2022-07-06 18:44:53,227] {dag.py:2371} INFO - Sync 2 DAGs
[2022-07-06 18:44:53,265] {logging_mixin.py:115} INFO - [2022-07-06 18:44:53,265] {dag.py:2919} INFO - Setting next_dagrun for example_external_task_marker_child to None, run_after=None
[2022-07-06 18:44:53,266] {logging_mixin.py:115} INFO - [2022-07-06 18:44:53,266] {dag.py:2919} INFO - Setting next_dagrun for example_external_task_marker_parent to None, run_after=None
[2022-07-06 18:44:53,281] {processor.py:161} INFO - Processing /home/airflow/.local/lib/python3.7/site-packages/airflow/example_dags/example_external_task_marker_dag.py took 0.146 seconds
[2022-07-06 18:45:24,192] {processor.py:153} INFO - Started process (PID=1139) to work on /home/airflow/.local/lib/python3.7/site-packages/airflow/example_dags/example_external_task_marker_dag.py
[2022-07-06 18:45:24,193] {processor.py:641} INFO - Processing file /home/airflow/.local/lib/python3.7/site-packages/airflow/example_dags/example_external_task_marker_dag.py for tasks to queue
[2022-07-06 18:45:24,194] {logging_mixin.py:115} INFO - [2022-07-06 18:45:24,194] {dagbag.py:507} INFO - Filling up the DagBag from /home/airflow/.local/lib/python3.7/site-packages/airflow/example_dags/example_external_task_marker_dag.py
[2022-07-06 18:45:24,204] {processor.py:651} INFO - DAG(s) dict_keys(['example_external_task_marker_parent', 'example_external_task_marker_child']) retrieved from /home/airflow/.local/lib/python3.7/site-packages/airflow/example_dags/example_external_task_marker_dag.py
[2022-07-06 18:45:24,266] {logging_mixin.py:115} INFO - [2022-07-06 18:45:24,266] {dag.py:2371} INFO - Sync 2 DAGs
[2022-07-06 18:45:24,301] {logging_mixin.py:115} INFO - [2022-07-06 18:45:24,301] {dag.py:2919} INFO - Setting next_dagrun for example_external_task_marker_child to None, run_after=None
[2022-07-06 18:45:24,302] {logging_mixin.py:115} INFO - [2022-07-06 18:45:24,302] {dag.py:2919} INFO - Setting next_dagrun for example_external_task_marker_parent to None, run_after=None
[2022-07-06 18:45:24,320] {processor.py:161} INFO - Processing /home/airflow/.local/lib/python3.7/site-packages/airflow/example_dags/example_external_task_marker_dag.py took 0.135 seconds
[2022-07-06 18:45:54,780] {processor.py:153} INFO - Started process (PID=1202) to work on /home/airflow/.local/lib/python3.7/site-packages/airflow/example_dags/example_external_task_marker_dag.py
[2022-07-06 18:45:54,781] {processor.py:641} INFO - Processing file /home/airflow/.local/lib/python3.7/site-packages/airflow/example_dags/example_external_task_marker_dag.py for tasks to queue
[2022-07-06 18:45:54,782] {logging_mixin.py:115} INFO - [2022-07-06 18:45:54,782] {dagbag.py:507} INFO - Filling up the DagBag from /home/airflow/.local/lib/python3.7/site-packages/airflow/example_dags/example_external_task_marker_dag.py
[2022-07-06 18:45:54,788] {processor.py:651} INFO - DAG(s) dict_keys(['example_external_task_marker_parent', 'example_external_task_marker_child']) retrieved from /home/airflow/.local/lib/python3.7/site-packages/airflow/example_dags/example_external_task_marker_dag.py
[2022-07-06 18:45:54,845] {logging_mixin.py:115} INFO - [2022-07-06 18:45:54,845] {dag.py:2371} INFO - Sync 2 DAGs
[2022-07-06 18:45:54,873] {logging_mixin.py:115} INFO - [2022-07-06 18:45:54,873] {dag.py:2919} INFO - Setting next_dagrun for example_external_task_marker_child to None, run_after=None
[2022-07-06 18:45:54,874] {logging_mixin.py:115} INFO - [2022-07-06 18:45:54,874] {dag.py:2919} INFO - Setting next_dagrun for example_external_task_marker_parent to None, run_after=None
[2022-07-06 18:45:54,890] {processor.py:161} INFO - Processing /home/airflow/.local/lib/python3.7/site-packages/airflow/example_dags/example_external_task_marker_dag.py took 0.114 seconds
[2022-07-06 18:46:25,173] {processor.py:153} INFO - Started process (PID=1267) to work on /home/airflow/.local/lib/python3.7/site-packages/airflow/example_dags/example_external_task_marker_dag.py
[2022-07-06 18:46:25,174] {processor.py:641} INFO - Processing file /home/airflow/.local/lib/python3.7/site-packages/airflow/example_dags/example_external_task_marker_dag.py for tasks to queue
[2022-07-06 18:46:25,175] {logging_mixin.py:115} INFO - [2022-07-06 18:46:25,175] {dagbag.py:507} INFO - Filling up the DagBag from /home/airflow/.local/lib/python3.7/site-packages/airflow/example_dags/example_external_task_marker_dag.py
[2022-07-06 18:46:25,181] {processor.py:651} INFO - DAG(s) dict_keys(['example_external_task_marker_parent', 'example_external_task_marker_child']) retrieved from /home/airflow/.local/lib/python3.7/site-packages/airflow/example_dags/example_external_task_marker_dag.py
[2022-07-06 18:46:25,240] {logging_mixin.py:115} INFO - [2022-07-06 18:46:25,240] {dag.py:2371} INFO - Sync 2 DAGs
[2022-07-06 18:46:25,268] {logging_mixin.py:115} INFO - [2022-07-06 18:46:25,268] {dag.py:2919} INFO - Setting next_dagrun for example_external_task_marker_child to None, run_after=None
[2022-07-06 18:46:25,269] {logging_mixin.py:115} INFO - [2022-07-06 18:46:25,269] {dag.py:2919} INFO - Setting next_dagrun for example_external_task_marker_parent to None, run_after=None
[2022-07-06 18:46:25,285] {processor.py:161} INFO - Processing /home/airflow/.local/lib/python3.7/site-packages/airflow/example_dags/example_external_task_marker_dag.py took 0.117 seconds
[2022-07-06 18:46:56,076] {processor.py:153} INFO - Started process (PID=1321) to work on /home/airflow/.local/lib/python3.7/site-packages/airflow/example_dags/example_external_task_marker_dag.py
[2022-07-06 18:46:56,077] {processor.py:641} INFO - Processing file /home/airflow/.local/lib/python3.7/site-packages/airflow/example_dags/example_external_task_marker_dag.py for tasks to queue
[2022-07-06 18:46:56,078] {logging_mixin.py:115} INFO - [2022-07-06 18:46:56,078] {dagbag.py:507} INFO - Filling up the DagBag from /home/airflow/.local/lib/python3.7/site-packages/airflow/example_dags/example_external_task_marker_dag.py
[2022-07-06 18:46:56,084] {processor.py:651} INFO - DAG(s) dict_keys(['example_external_task_marker_parent', 'example_external_task_marker_child']) retrieved from /home/airflow/.local/lib/python3.7/site-packages/airflow/example_dags/example_external_task_marker_dag.py
[2022-07-06 18:46:56,140] {logging_mixin.py:115} INFO - [2022-07-06 18:46:56,140] {dag.py:2371} INFO - Sync 2 DAGs
[2022-07-06 18:46:56,168] {logging_mixin.py:115} INFO - [2022-07-06 18:46:56,168] {dag.py:2919} INFO - Setting next_dagrun for example_external_task_marker_child to None, run_after=None
[2022-07-06 18:46:56,169] {logging_mixin.py:115} INFO - [2022-07-06 18:46:56,169] {dag.py:2919} INFO - Setting next_dagrun for example_external_task_marker_parent to None, run_after=None
[2022-07-06 18:46:56,185] {processor.py:161} INFO - Processing /home/airflow/.local/lib/python3.7/site-packages/airflow/example_dags/example_external_task_marker_dag.py took 0.113 seconds
[2022-07-06 18:47:26,873] {processor.py:153} INFO - Started process (PID=1385) to work on /home/airflow/.local/lib/python3.7/site-packages/airflow/example_dags/example_external_task_marker_dag.py
[2022-07-06 18:47:26,874] {processor.py:641} INFO - Processing file /home/airflow/.local/lib/python3.7/site-packages/airflow/example_dags/example_external_task_marker_dag.py for tasks to queue
[2022-07-06 18:47:26,875] {logging_mixin.py:115} INFO - [2022-07-06 18:47:26,875] {dagbag.py:507} INFO - Filling up the DagBag from /home/airflow/.local/lib/python3.7/site-packages/airflow/example_dags/example_external_task_marker_dag.py
[2022-07-06 18:47:26,881] {processor.py:651} INFO - DAG(s) dict_keys(['example_external_task_marker_parent', 'example_external_task_marker_child']) retrieved from /home/airflow/.local/lib/python3.7/site-packages/airflow/example_dags/example_external_task_marker_dag.py
[2022-07-06 18:47:26,937] {logging_mixin.py:115} INFO - [2022-07-06 18:47:26,937] {dag.py:2371} INFO - Sync 2 DAGs
[2022-07-06 18:47:26,966] {logging_mixin.py:115} INFO - [2022-07-06 18:47:26,966] {dag.py:2919} INFO - Setting next_dagrun for example_external_task_marker_child to None, run_after=None
[2022-07-06 18:47:26,967] {logging_mixin.py:115} INFO - [2022-07-06 18:47:26,967] {dag.py:2919} INFO - Setting next_dagrun for example_external_task_marker_parent to None, run_after=None
[2022-07-06 18:47:26,988] {processor.py:161} INFO - Processing /home/airflow/.local/lib/python3.7/site-packages/airflow/example_dags/example_external_task_marker_dag.py took 0.120 seconds
[2022-07-06 18:47:57,906] {processor.py:153} INFO - Started process (PID=1448) to work on /home/airflow/.local/lib/python3.7/site-packages/airflow/example_dags/example_external_task_marker_dag.py
[2022-07-06 18:47:57,907] {processor.py:641} INFO - Processing file /home/airflow/.local/lib/python3.7/site-packages/airflow/example_dags/example_external_task_marker_dag.py for tasks to queue
[2022-07-06 18:47:57,910] {logging_mixin.py:115} INFO - [2022-07-06 18:47:57,909] {dagbag.py:507} INFO - Filling up the DagBag from /home/airflow/.local/lib/python3.7/site-packages/airflow/example_dags/example_external_task_marker_dag.py
[2022-07-06 18:47:57,917] {processor.py:651} INFO - DAG(s) dict_keys(['example_external_task_marker_parent', 'example_external_task_marker_child']) retrieved from /home/airflow/.local/lib/python3.7/site-packages/airflow/example_dags/example_external_task_marker_dag.py
[2022-07-06 18:47:57,976] {logging_mixin.py:115} INFO - [2022-07-06 18:47:57,976] {dag.py:2371} INFO - Sync 2 DAGs
[2022-07-06 18:47:58,005] {logging_mixin.py:115} INFO - [2022-07-06 18:47:58,005] {dag.py:2919} INFO - Setting next_dagrun for example_external_task_marker_child to None, run_after=None
[2022-07-06 18:47:58,007] {logging_mixin.py:115} INFO - [2022-07-06 18:47:58,007] {dag.py:2919} INFO - Setting next_dagrun for example_external_task_marker_parent to None, run_after=None
[2022-07-06 18:47:58,022] {processor.py:161} INFO - Processing /home/airflow/.local/lib/python3.7/site-packages/airflow/example_dags/example_external_task_marker_dag.py took 0.120 seconds
[2022-07-06 18:48:28,766] {processor.py:153} INFO - Started process (PID=1504) to work on /home/airflow/.local/lib/python3.7/site-packages/airflow/example_dags/example_external_task_marker_dag.py
[2022-07-06 18:48:28,767] {processor.py:641} INFO - Processing file /home/airflow/.local/lib/python3.7/site-packages/airflow/example_dags/example_external_task_marker_dag.py for tasks to queue
[2022-07-06 18:48:28,768] {logging_mixin.py:115} INFO - [2022-07-06 18:48:28,768] {dagbag.py:507} INFO - Filling up the DagBag from /home/airflow/.local/lib/python3.7/site-packages/airflow/example_dags/example_external_task_marker_dag.py
[2022-07-06 18:48:28,774] {processor.py:651} INFO - DAG(s) dict_keys(['example_external_task_marker_parent', 'example_external_task_marker_child']) retrieved from /home/airflow/.local/lib/python3.7/site-packages/airflow/example_dags/example_external_task_marker_dag.py
[2022-07-06 18:48:28,831] {logging_mixin.py:115} INFO - [2022-07-06 18:48:28,831] {dag.py:2371} INFO - Sync 2 DAGs
[2022-07-06 18:48:28,862] {logging_mixin.py:115} INFO - [2022-07-06 18:48:28,862] {dag.py:2919} INFO - Setting next_dagrun for example_external_task_marker_child to None, run_after=None
[2022-07-06 18:48:28,863] {logging_mixin.py:115} INFO - [2022-07-06 18:48:28,863] {dag.py:2919} INFO - Setting next_dagrun for example_external_task_marker_parent to None, run_after=None
[2022-07-06 18:48:28,880] {processor.py:161} INFO - Processing /home/airflow/.local/lib/python3.7/site-packages/airflow/example_dags/example_external_task_marker_dag.py took 0.117 seconds
[2022-07-06 18:48:59,385] {processor.py:153} INFO - Started process (PID=1568) to work on /home/airflow/.local/lib/python3.7/site-packages/airflow/example_dags/example_external_task_marker_dag.py
[2022-07-06 18:48:59,386] {processor.py:641} INFO - Processing file /home/airflow/.local/lib/python3.7/site-packages/airflow/example_dags/example_external_task_marker_dag.py for tasks to queue
[2022-07-06 18:48:59,388] {logging_mixin.py:115} INFO - [2022-07-06 18:48:59,388] {dagbag.py:507} INFO - Filling up the DagBag from /home/airflow/.local/lib/python3.7/site-packages/airflow/example_dags/example_external_task_marker_dag.py
[2022-07-06 18:48:59,396] {processor.py:651} INFO - DAG(s) dict_keys(['example_external_task_marker_parent', 'example_external_task_marker_child']) retrieved from /home/airflow/.local/lib/python3.7/site-packages/airflow/example_dags/example_external_task_marker_dag.py
[2022-07-06 18:48:59,455] {logging_mixin.py:115} INFO - [2022-07-06 18:48:59,455] {dag.py:2371} INFO - Sync 2 DAGs
[2022-07-06 18:48:59,485] {logging_mixin.py:115} INFO - [2022-07-06 18:48:59,485] {dag.py:2919} INFO - Setting next_dagrun for example_external_task_marker_child to None, run_after=None
[2022-07-06 18:48:59,486] {logging_mixin.py:115} INFO - [2022-07-06 18:48:59,486] {dag.py:2919} INFO - Setting next_dagrun for example_external_task_marker_parent to None, run_after=None
[2022-07-06 18:48:59,500] {processor.py:161} INFO - Processing /home/airflow/.local/lib/python3.7/site-packages/airflow/example_dags/example_external_task_marker_dag.py took 0.121 seconds
[2022-07-06 18:49:29,940] {processor.py:153} INFO - Started process (PID=1633) to work on /home/airflow/.local/lib/python3.7/site-packages/airflow/example_dags/example_external_task_marker_dag.py
[2022-07-06 18:49:29,946] {processor.py:641} INFO - Processing file /home/airflow/.local/lib/python3.7/site-packages/airflow/example_dags/example_external_task_marker_dag.py for tasks to queue
[2022-07-06 18:49:29,948] {logging_mixin.py:115} INFO - [2022-07-06 18:49:29,948] {dagbag.py:507} INFO - Filling up the DagBag from /home/airflow/.local/lib/python3.7/site-packages/airflow/example_dags/example_external_task_marker_dag.py
[2022-07-06 18:49:29,957] {processor.py:651} INFO - DAG(s) dict_keys(['example_external_task_marker_parent', 'example_external_task_marker_child']) retrieved from /home/airflow/.local/lib/python3.7/site-packages/airflow/example_dags/example_external_task_marker_dag.py
[2022-07-06 18:49:30,027] {logging_mixin.py:115} INFO - [2022-07-06 18:49:30,026] {dag.py:2371} INFO - Sync 2 DAGs
[2022-07-06 18:49:30,057] {logging_mixin.py:115} INFO - [2022-07-06 18:49:30,057] {dag.py:2919} INFO - Setting next_dagrun for example_external_task_marker_child to None, run_after=None
[2022-07-06 18:49:30,059] {logging_mixin.py:115} INFO - [2022-07-06 18:49:30,059] {dag.py:2919} INFO - Setting next_dagrun for example_external_task_marker_parent to None, run_after=None
[2022-07-06 18:49:30,074] {processor.py:161} INFO - Processing /home/airflow/.local/lib/python3.7/site-packages/airflow/example_dags/example_external_task_marker_dag.py took 0.138 seconds
[2022-07-06 18:50:00,633] {processor.py:153} INFO - Started process (PID=1688) to work on /home/airflow/.local/lib/python3.7/site-packages/airflow/example_dags/example_external_task_marker_dag.py
[2022-07-06 18:50:00,634] {processor.py:641} INFO - Processing file /home/airflow/.local/lib/python3.7/site-packages/airflow/example_dags/example_external_task_marker_dag.py for tasks to queue
[2022-07-06 18:50:00,635] {logging_mixin.py:115} INFO - [2022-07-06 18:50:00,635] {dagbag.py:507} INFO - Filling up the DagBag from /home/airflow/.local/lib/python3.7/site-packages/airflow/example_dags/example_external_task_marker_dag.py
[2022-07-06 18:50:00,641] {processor.py:651} INFO - DAG(s) dict_keys(['example_external_task_marker_parent', 'example_external_task_marker_child']) retrieved from /home/airflow/.local/lib/python3.7/site-packages/airflow/example_dags/example_external_task_marker_dag.py
[2022-07-06 18:50:00,697] {logging_mixin.py:115} INFO - [2022-07-06 18:50:00,697] {dag.py:2371} INFO - Sync 2 DAGs
[2022-07-06 18:50:00,725] {logging_mixin.py:115} INFO - [2022-07-06 18:50:00,724] {dag.py:2919} INFO - Setting next_dagrun for example_external_task_marker_child to None, run_after=None
[2022-07-06 18:50:00,726] {logging_mixin.py:115} INFO - [2022-07-06 18:50:00,726] {dag.py:2919} INFO - Setting next_dagrun for example_external_task_marker_parent to None, run_after=None
[2022-07-06 18:50:00,741] {processor.py:161} INFO - Processing /home/airflow/.local/lib/python3.7/site-packages/airflow/example_dags/example_external_task_marker_dag.py took 0.113 seconds
[2022-07-06 18:50:31,140] {processor.py:153} INFO - Started process (PID=1753) to work on /home/airflow/.local/lib/python3.7/site-packages/airflow/example_dags/example_external_task_marker_dag.py
[2022-07-06 18:50:31,141] {processor.py:641} INFO - Processing file /home/airflow/.local/lib/python3.7/site-packages/airflow/example_dags/example_external_task_marker_dag.py for tasks to queue
[2022-07-06 18:50:31,142] {logging_mixin.py:115} INFO - [2022-07-06 18:50:31,142] {dagbag.py:507} INFO - Filling up the DagBag from /home/airflow/.local/lib/python3.7/site-packages/airflow/example_dags/example_external_task_marker_dag.py
[2022-07-06 18:50:31,148] {processor.py:651} INFO - DAG(s) dict_keys(['example_external_task_marker_parent', 'example_external_task_marker_child']) retrieved from /home/airflow/.local/lib/python3.7/site-packages/airflow/example_dags/example_external_task_marker_dag.py
[2022-07-06 18:50:31,205] {logging_mixin.py:115} INFO - [2022-07-06 18:50:31,205] {dag.py:2371} INFO - Sync 2 DAGs
[2022-07-06 18:50:31,238] {logging_mixin.py:115} INFO - [2022-07-06 18:50:31,238] {dag.py:2919} INFO - Setting next_dagrun for example_external_task_marker_child to None, run_after=None
[2022-07-06 18:50:31,242] {logging_mixin.py:115} INFO - [2022-07-06 18:50:31,242] {dag.py:2919} INFO - Setting next_dagrun for example_external_task_marker_parent to None, run_after=None
[2022-07-06 18:50:31,267] {processor.py:161} INFO - Processing /home/airflow/.local/lib/python3.7/site-packages/airflow/example_dags/example_external_task_marker_dag.py took 0.131 seconds
[2022-07-06 18:51:01,576] {processor.py:153} INFO - Started process (PID=1817) to work on /home/airflow/.local/lib/python3.7/site-packages/airflow/example_dags/example_external_task_marker_dag.py
[2022-07-06 18:51:01,577] {processor.py:641} INFO - Processing file /home/airflow/.local/lib/python3.7/site-packages/airflow/example_dags/example_external_task_marker_dag.py for tasks to queue
[2022-07-06 18:51:01,579] {logging_mixin.py:115} INFO - [2022-07-06 18:51:01,578] {dagbag.py:507} INFO - Filling up the DagBag from /home/airflow/.local/lib/python3.7/site-packages/airflow/example_dags/example_external_task_marker_dag.py
[2022-07-06 18:51:01,585] {processor.py:651} INFO - DAG(s) dict_keys(['example_external_task_marker_parent', 'example_external_task_marker_child']) retrieved from /home/airflow/.local/lib/python3.7/site-packages/airflow/example_dags/example_external_task_marker_dag.py
[2022-07-06 18:51:01,641] {logging_mixin.py:115} INFO - [2022-07-06 18:51:01,641] {dag.py:2371} INFO - Sync 2 DAGs
[2022-07-06 18:51:01,669] {logging_mixin.py:115} INFO - [2022-07-06 18:51:01,669] {dag.py:2919} INFO - Setting next_dagrun for example_external_task_marker_child to None, run_after=None
[2022-07-06 18:51:01,670] {logging_mixin.py:115} INFO - [2022-07-06 18:51:01,670] {dag.py:2919} INFO - Setting next_dagrun for example_external_task_marker_parent to None, run_after=None
[2022-07-06 18:51:01,685] {processor.py:161} INFO - Processing /home/airflow/.local/lib/python3.7/site-packages/airflow/example_dags/example_external_task_marker_dag.py took 0.113 seconds
[2022-07-06 18:51:32,433] {processor.py:153} INFO - Started process (PID=1874) to work on /home/airflow/.local/lib/python3.7/site-packages/airflow/example_dags/example_external_task_marker_dag.py
[2022-07-06 18:51:32,435] {processor.py:641} INFO - Processing file /home/airflow/.local/lib/python3.7/site-packages/airflow/example_dags/example_external_task_marker_dag.py for tasks to queue
[2022-07-06 18:51:32,436] {logging_mixin.py:115} INFO - [2022-07-06 18:51:32,436] {dagbag.py:507} INFO - Filling up the DagBag from /home/airflow/.local/lib/python3.7/site-packages/airflow/example_dags/example_external_task_marker_dag.py
[2022-07-06 18:51:32,442] {processor.py:651} INFO - DAG(s) dict_keys(['example_external_task_marker_parent', 'example_external_task_marker_child']) retrieved from /home/airflow/.local/lib/python3.7/site-packages/airflow/example_dags/example_external_task_marker_dag.py
[2022-07-06 18:51:32,499] {logging_mixin.py:115} INFO - [2022-07-06 18:51:32,499] {dag.py:2371} INFO - Sync 2 DAGs
[2022-07-06 18:51:32,528] {logging_mixin.py:115} INFO - [2022-07-06 18:51:32,527] {dag.py:2919} INFO - Setting next_dagrun for example_external_task_marker_child to None, run_after=None
[2022-07-06 18:51:32,529] {logging_mixin.py:115} INFO - [2022-07-06 18:51:32,529] {dag.py:2919} INFO - Setting next_dagrun for example_external_task_marker_parent to None, run_after=None
[2022-07-06 18:51:32,545] {processor.py:161} INFO - Processing /home/airflow/.local/lib/python3.7/site-packages/airflow/example_dags/example_external_task_marker_dag.py took 0.116 seconds
[2022-07-06 18:52:02,653] {processor.py:153} INFO - Started process (PID=1935) to work on /home/airflow/.local/lib/python3.7/site-packages/airflow/example_dags/example_external_task_marker_dag.py
[2022-07-06 18:52:02,655] {processor.py:641} INFO - Processing file /home/airflow/.local/lib/python3.7/site-packages/airflow/example_dags/example_external_task_marker_dag.py for tasks to queue
[2022-07-06 18:52:02,656] {logging_mixin.py:115} INFO - [2022-07-06 18:52:02,656] {dagbag.py:507} INFO - Filling up the DagBag from /home/airflow/.local/lib/python3.7/site-packages/airflow/example_dags/example_external_task_marker_dag.py
[2022-07-06 18:52:02,662] {processor.py:651} INFO - DAG(s) dict_keys(['example_external_task_marker_parent', 'example_external_task_marker_child']) retrieved from /home/airflow/.local/lib/python3.7/site-packages/airflow/example_dags/example_external_task_marker_dag.py
[2022-07-06 18:52:02,722] {logging_mixin.py:115} INFO - [2022-07-06 18:52:02,722] {dag.py:2371} INFO - Sync 2 DAGs
[2022-07-06 18:52:02,750] {logging_mixin.py:115} INFO - [2022-07-06 18:52:02,749] {dag.py:2919} INFO - Setting next_dagrun for example_external_task_marker_child to None, run_after=None
[2022-07-06 18:52:02,751] {logging_mixin.py:115} INFO - [2022-07-06 18:52:02,751] {dag.py:2919} INFO - Setting next_dagrun for example_external_task_marker_parent to None, run_after=None
[2022-07-06 18:52:02,766] {processor.py:161} INFO - Processing /home/airflow/.local/lib/python3.7/site-packages/airflow/example_dags/example_external_task_marker_dag.py took 0.117 seconds
[2022-07-06 18:52:32,823] {processor.py:153} INFO - Started process (PID=1989) to work on /home/airflow/.local/lib/python3.7/site-packages/airflow/example_dags/example_external_task_marker_dag.py
[2022-07-06 18:52:32,824] {processor.py:641} INFO - Processing file /home/airflow/.local/lib/python3.7/site-packages/airflow/example_dags/example_external_task_marker_dag.py for tasks to queue
[2022-07-06 18:52:32,825] {logging_mixin.py:115} INFO - [2022-07-06 18:52:32,825] {dagbag.py:507} INFO - Filling up the DagBag from /home/airflow/.local/lib/python3.7/site-packages/airflow/example_dags/example_external_task_marker_dag.py
[2022-07-06 18:52:32,833] {processor.py:651} INFO - DAG(s) dict_keys(['example_external_task_marker_parent', 'example_external_task_marker_child']) retrieved from /home/airflow/.local/lib/python3.7/site-packages/airflow/example_dags/example_external_task_marker_dag.py
[2022-07-06 18:52:32,893] {logging_mixin.py:115} INFO - [2022-07-06 18:52:32,893] {dag.py:2371} INFO - Sync 2 DAGs
[2022-07-06 18:52:32,921] {logging_mixin.py:115} INFO - [2022-07-06 18:52:32,921] {dag.py:2919} INFO - Setting next_dagrun for example_external_task_marker_child to None, run_after=None
[2022-07-06 18:52:32,923] {logging_mixin.py:115} INFO - [2022-07-06 18:52:32,923] {dag.py:2919} INFO - Setting next_dagrun for example_external_task_marker_parent to None, run_after=None
[2022-07-06 18:52:32,943] {processor.py:161} INFO - Processing /home/airflow/.local/lib/python3.7/site-packages/airflow/example_dags/example_external_task_marker_dag.py took 0.124 seconds
[2022-07-06 18:53:03,161] {processor.py:153} INFO - Started process (PID=2053) to work on /home/airflow/.local/lib/python3.7/site-packages/airflow/example_dags/example_external_task_marker_dag.py
[2022-07-06 18:53:03,162] {processor.py:641} INFO - Processing file /home/airflow/.local/lib/python3.7/site-packages/airflow/example_dags/example_external_task_marker_dag.py for tasks to queue
[2022-07-06 18:53:03,164] {logging_mixin.py:115} INFO - [2022-07-06 18:53:03,164] {dagbag.py:507} INFO - Filling up the DagBag from /home/airflow/.local/lib/python3.7/site-packages/airflow/example_dags/example_external_task_marker_dag.py
[2022-07-06 18:53:03,175] {processor.py:651} INFO - DAG(s) dict_keys(['example_external_task_marker_parent', 'example_external_task_marker_child']) retrieved from /home/airflow/.local/lib/python3.7/site-packages/airflow/example_dags/example_external_task_marker_dag.py
[2022-07-06 18:53:03,243] {logging_mixin.py:115} INFO - [2022-07-06 18:53:03,243] {dag.py:2371} INFO - Sync 2 DAGs
[2022-07-06 18:53:03,282] {logging_mixin.py:115} INFO - [2022-07-06 18:53:03,281] {dag.py:2919} INFO - Setting next_dagrun for example_external_task_marker_child to None, run_after=None
[2022-07-06 18:53:03,283] {logging_mixin.py:115} INFO - [2022-07-06 18:53:03,283] {dag.py:2919} INFO - Setting next_dagrun for example_external_task_marker_parent to None, run_after=None
[2022-07-06 18:53:03,302] {processor.py:161} INFO - Processing /home/airflow/.local/lib/python3.7/site-packages/airflow/example_dags/example_external_task_marker_dag.py took 0.151 seconds
[2022-07-06 18:53:33,437] {processor.py:153} INFO - Started process (PID=2116) to work on /home/airflow/.local/lib/python3.7/site-packages/airflow/example_dags/example_external_task_marker_dag.py
[2022-07-06 18:53:33,438] {processor.py:641} INFO - Processing file /home/airflow/.local/lib/python3.7/site-packages/airflow/example_dags/example_external_task_marker_dag.py for tasks to queue
[2022-07-06 18:53:33,440] {logging_mixin.py:115} INFO - [2022-07-06 18:53:33,440] {dagbag.py:507} INFO - Filling up the DagBag from /home/airflow/.local/lib/python3.7/site-packages/airflow/example_dags/example_external_task_marker_dag.py
[2022-07-06 18:53:33,447] {processor.py:651} INFO - DAG(s) dict_keys(['example_external_task_marker_parent', 'example_external_task_marker_child']) retrieved from /home/airflow/.local/lib/python3.7/site-packages/airflow/example_dags/example_external_task_marker_dag.py
[2022-07-06 18:53:33,531] {logging_mixin.py:115} INFO - [2022-07-06 18:53:33,531] {dag.py:2371} INFO - Sync 2 DAGs
[2022-07-06 18:53:33,595] {logging_mixin.py:115} INFO - [2022-07-06 18:53:33,595] {dag.py:2919} INFO - Setting next_dagrun for example_external_task_marker_child to None, run_after=None
[2022-07-06 18:53:33,596] {logging_mixin.py:115} INFO - [2022-07-06 18:53:33,596] {dag.py:2919} INFO - Setting next_dagrun for example_external_task_marker_parent to None, run_after=None
[2022-07-06 18:53:33,613] {processor.py:161} INFO - Processing /home/airflow/.local/lib/python3.7/site-packages/airflow/example_dags/example_external_task_marker_dag.py took 0.181 seconds
[2022-07-06 18:54:05,625] {processor.py:153} INFO - Started process (PID=2171) to work on /home/airflow/.local/lib/python3.7/site-packages/airflow/example_dags/example_external_task_marker_dag.py
[2022-07-06 18:54:05,629] {processor.py:641} INFO - Processing file /home/airflow/.local/lib/python3.7/site-packages/airflow/example_dags/example_external_task_marker_dag.py for tasks to queue
[2022-07-06 18:54:05,632] {logging_mixin.py:115} INFO - [2022-07-06 18:54:05,631] {dagbag.py:507} INFO - Filling up the DagBag from /home/airflow/.local/lib/python3.7/site-packages/airflow/example_dags/example_external_task_marker_dag.py
[2022-07-06 18:54:05,656] {processor.py:651} INFO - DAG(s) dict_keys(['example_external_task_marker_parent', 'example_external_task_marker_child']) retrieved from /home/airflow/.local/lib/python3.7/site-packages/airflow/example_dags/example_external_task_marker_dag.py
[2022-07-06 18:54:06,005] {logging_mixin.py:115} INFO - [2022-07-06 18:54:06,005] {dag.py:2371} INFO - Sync 2 DAGs
[2022-07-06 18:54:06,134] {logging_mixin.py:115} INFO - [2022-07-06 18:54:06,133] {dag.py:2919} INFO - Setting next_dagrun for example_external_task_marker_child to None, run_after=None
[2022-07-06 18:54:06,138] {logging_mixin.py:115} INFO - [2022-07-06 18:54:06,138] {dag.py:2919} INFO - Setting next_dagrun for example_external_task_marker_parent to None, run_after=None
[2022-07-06 18:54:06,196] {processor.py:161} INFO - Processing /home/airflow/.local/lib/python3.7/site-packages/airflow/example_dags/example_external_task_marker_dag.py took 0.579 seconds
[2022-07-06 18:54:36,604] {processor.py:153} INFO - Started process (PID=2225) to work on /home/airflow/.local/lib/python3.7/site-packages/airflow/example_dags/example_external_task_marker_dag.py
[2022-07-06 18:54:36,606] {processor.py:641} INFO - Processing file /home/airflow/.local/lib/python3.7/site-packages/airflow/example_dags/example_external_task_marker_dag.py for tasks to queue
[2022-07-06 18:54:36,608] {logging_mixin.py:115} INFO - [2022-07-06 18:54:36,607] {dagbag.py:507} INFO - Filling up the DagBag from /home/airflow/.local/lib/python3.7/site-packages/airflow/example_dags/example_external_task_marker_dag.py
[2022-07-06 18:54:36,621] {processor.py:651} INFO - DAG(s) dict_keys(['example_external_task_marker_parent', 'example_external_task_marker_child']) retrieved from /home/airflow/.local/lib/python3.7/site-packages/airflow/example_dags/example_external_task_marker_dag.py
[2022-07-06 18:54:36,742] {logging_mixin.py:115} INFO - [2022-07-06 18:54:36,742] {dag.py:2371} INFO - Sync 2 DAGs
[2022-07-06 18:54:36,805] {logging_mixin.py:115} INFO - [2022-07-06 18:54:36,805] {dag.py:2919} INFO - Setting next_dagrun for example_external_task_marker_child to None, run_after=None
[2022-07-06 18:54:36,807] {logging_mixin.py:115} INFO - [2022-07-06 18:54:36,807] {dag.py:2919} INFO - Setting next_dagrun for example_external_task_marker_parent to None, run_after=None
[2022-07-06 18:54:36,842] {processor.py:161} INFO - Processing /home/airflow/.local/lib/python3.7/site-packages/airflow/example_dags/example_external_task_marker_dag.py took 0.247 seconds
[2022-07-06 18:55:07,503] {processor.py:153} INFO - Started process (PID=2290) to work on /home/airflow/.local/lib/python3.7/site-packages/airflow/example_dags/example_external_task_marker_dag.py
[2022-07-06 18:55:07,505] {processor.py:641} INFO - Processing file /home/airflow/.local/lib/python3.7/site-packages/airflow/example_dags/example_external_task_marker_dag.py for tasks to queue
[2022-07-06 18:55:07,507] {logging_mixin.py:115} INFO - [2022-07-06 18:55:07,506] {dagbag.py:507} INFO - Filling up the DagBag from /home/airflow/.local/lib/python3.7/site-packages/airflow/example_dags/example_external_task_marker_dag.py
[2022-07-06 18:55:07,515] {processor.py:651} INFO - DAG(s) dict_keys(['example_external_task_marker_parent', 'example_external_task_marker_child']) retrieved from /home/airflow/.local/lib/python3.7/site-packages/airflow/example_dags/example_external_task_marker_dag.py
[2022-07-06 18:55:07,578] {logging_mixin.py:115} INFO - [2022-07-06 18:55:07,578] {dag.py:2371} INFO - Sync 2 DAGs
[2022-07-06 18:55:07,618] {logging_mixin.py:115} INFO - [2022-07-06 18:55:07,618] {dag.py:2919} INFO - Setting next_dagrun for example_external_task_marker_child to None, run_after=None
[2022-07-06 18:55:07,622] {logging_mixin.py:115} INFO - [2022-07-06 18:55:07,622] {dag.py:2919} INFO - Setting next_dagrun for example_external_task_marker_parent to None, run_after=None
[2022-07-06 18:55:07,640] {processor.py:161} INFO - Processing /home/airflow/.local/lib/python3.7/site-packages/airflow/example_dags/example_external_task_marker_dag.py took 0.140 seconds
[2022-07-06 18:55:38,307] {processor.py:153} INFO - Started process (PID=2344) to work on /home/airflow/.local/lib/python3.7/site-packages/airflow/example_dags/example_external_task_marker_dag.py
[2022-07-06 18:55:38,309] {processor.py:641} INFO - Processing file /home/airflow/.local/lib/python3.7/site-packages/airflow/example_dags/example_external_task_marker_dag.py for tasks to queue
[2022-07-06 18:55:38,310] {logging_mixin.py:115} INFO - [2022-07-06 18:55:38,310] {dagbag.py:507} INFO - Filling up the DagBag from /home/airflow/.local/lib/python3.7/site-packages/airflow/example_dags/example_external_task_marker_dag.py
[2022-07-06 18:55:38,316] {processor.py:651} INFO - DAG(s) dict_keys(['example_external_task_marker_parent', 'example_external_task_marker_child']) retrieved from /home/airflow/.local/lib/python3.7/site-packages/airflow/example_dags/example_external_task_marker_dag.py
[2022-07-06 18:55:38,380] {logging_mixin.py:115} INFO - [2022-07-06 18:55:38,380] {dag.py:2371} INFO - Sync 2 DAGs
[2022-07-06 18:55:38,408] {logging_mixin.py:115} INFO - [2022-07-06 18:55:38,408] {dag.py:2919} INFO - Setting next_dagrun for example_external_task_marker_child to None, run_after=None
[2022-07-06 18:55:38,409] {logging_mixin.py:115} INFO - [2022-07-06 18:55:38,409] {dag.py:2919} INFO - Setting next_dagrun for example_external_task_marker_parent to None, run_after=None
[2022-07-06 18:55:38,424] {processor.py:161} INFO - Processing /home/airflow/.local/lib/python3.7/site-packages/airflow/example_dags/example_external_task_marker_dag.py took 0.121 seconds
[2022-07-06 18:56:09,071] {processor.py:153} INFO - Started process (PID=2402) to work on /home/airflow/.local/lib/python3.7/site-packages/airflow/example_dags/example_external_task_marker_dag.py
[2022-07-06 18:56:09,088] {processor.py:641} INFO - Processing file /home/airflow/.local/lib/python3.7/site-packages/airflow/example_dags/example_external_task_marker_dag.py for tasks to queue
[2022-07-06 18:56:09,102] {logging_mixin.py:115} INFO - [2022-07-06 18:56:09,101] {dagbag.py:507} INFO - Filling up the DagBag from /home/airflow/.local/lib/python3.7/site-packages/airflow/example_dags/example_external_task_marker_dag.py
[2022-07-06 18:56:09,129] {processor.py:651} INFO - DAG(s) dict_keys(['example_external_task_marker_parent', 'example_external_task_marker_child']) retrieved from /home/airflow/.local/lib/python3.7/site-packages/airflow/example_dags/example_external_task_marker_dag.py
[2022-07-06 18:56:09,233] {logging_mixin.py:115} INFO - [2022-07-06 18:56:09,233] {dag.py:2371} INFO - Sync 2 DAGs
[2022-07-06 18:56:09,359] {logging_mixin.py:115} INFO - [2022-07-06 18:56:09,359] {dag.py:2919} INFO - Setting next_dagrun for example_external_task_marker_child to None, run_after=None
[2022-07-06 18:56:09,363] {logging_mixin.py:115} INFO - [2022-07-06 18:56:09,363] {dag.py:2919} INFO - Setting next_dagrun for example_external_task_marker_parent to None, run_after=None
[2022-07-06 18:56:09,415] {processor.py:161} INFO - Processing /home/airflow/.local/lib/python3.7/site-packages/airflow/example_dags/example_external_task_marker_dag.py took 0.362 seconds
[2022-07-06 18:56:39,504] {processor.py:153} INFO - Started process (PID=2468) to work on /home/airflow/.local/lib/python3.7/site-packages/airflow/example_dags/example_external_task_marker_dag.py
[2022-07-06 18:56:39,506] {processor.py:641} INFO - Processing file /home/airflow/.local/lib/python3.7/site-packages/airflow/example_dags/example_external_task_marker_dag.py for tasks to queue
[2022-07-06 18:56:39,507] {logging_mixin.py:115} INFO - [2022-07-06 18:56:39,507] {dagbag.py:507} INFO - Filling up the DagBag from /home/airflow/.local/lib/python3.7/site-packages/airflow/example_dags/example_external_task_marker_dag.py
[2022-07-06 18:56:39,517] {processor.py:651} INFO - DAG(s) dict_keys(['example_external_task_marker_parent', 'example_external_task_marker_child']) retrieved from /home/airflow/.local/lib/python3.7/site-packages/airflow/example_dags/example_external_task_marker_dag.py
[2022-07-06 18:56:39,635] {logging_mixin.py:115} INFO - [2022-07-06 18:56:39,635] {dag.py:2371} INFO - Sync 2 DAGs
[2022-07-06 18:56:39,724] {logging_mixin.py:115} INFO - [2022-07-06 18:56:39,723] {dag.py:2919} INFO - Setting next_dagrun for example_external_task_marker_child to None, run_after=None
[2022-07-06 18:56:39,727] {logging_mixin.py:115} INFO - [2022-07-06 18:56:39,727] {dag.py:2919} INFO - Setting next_dagrun for example_external_task_marker_parent to None, run_after=None
[2022-07-06 18:56:39,770] {processor.py:161} INFO - Processing /home/airflow/.local/lib/python3.7/site-packages/airflow/example_dags/example_external_task_marker_dag.py took 0.272 seconds
[2022-07-06 18:57:12,451] {processor.py:153} INFO - Started process (PID=2522) to work on /home/airflow/.local/lib/python3.7/site-packages/airflow/example_dags/example_external_task_marker_dag.py
[2022-07-06 18:57:12,453] {processor.py:641} INFO - Processing file /home/airflow/.local/lib/python3.7/site-packages/airflow/example_dags/example_external_task_marker_dag.py for tasks to queue
[2022-07-06 18:57:12,456] {logging_mixin.py:115} INFO - [2022-07-06 18:57:12,456] {dagbag.py:507} INFO - Filling up the DagBag from /home/airflow/.local/lib/python3.7/site-packages/airflow/example_dags/example_external_task_marker_dag.py
[2022-07-06 18:57:12,466] {processor.py:651} INFO - DAG(s) dict_keys(['example_external_task_marker_parent', 'example_external_task_marker_child']) retrieved from /home/airflow/.local/lib/python3.7/site-packages/airflow/example_dags/example_external_task_marker_dag.py
[2022-07-06 18:57:12,660] {logging_mixin.py:115} INFO - [2022-07-06 18:57:12,659] {dag.py:2371} INFO - Sync 2 DAGs
[2022-07-06 18:57:12,699] {logging_mixin.py:115} INFO - [2022-07-06 18:57:12,699] {dag.py:2919} INFO - Setting next_dagrun for example_external_task_marker_child to None, run_after=None
[2022-07-06 18:57:12,702] {logging_mixin.py:115} INFO - [2022-07-06 18:57:12,701] {dag.py:2919} INFO - Setting next_dagrun for example_external_task_marker_parent to None, run_after=None
[2022-07-06 18:57:12,720] {processor.py:161} INFO - Processing /home/airflow/.local/lib/python3.7/site-packages/airflow/example_dags/example_external_task_marker_dag.py took 0.275 seconds
[2022-07-06 18:57:43,180] {processor.py:153} INFO - Started process (PID=2575) to work on /home/airflow/.local/lib/python3.7/site-packages/airflow/example_dags/example_external_task_marker_dag.py
[2022-07-06 18:57:43,182] {processor.py:641} INFO - Processing file /home/airflow/.local/lib/python3.7/site-packages/airflow/example_dags/example_external_task_marker_dag.py for tasks to queue
[2022-07-06 18:57:43,184] {logging_mixin.py:115} INFO - [2022-07-06 18:57:43,183] {dagbag.py:507} INFO - Filling up the DagBag from /home/airflow/.local/lib/python3.7/site-packages/airflow/example_dags/example_external_task_marker_dag.py
[2022-07-06 18:57:43,192] {processor.py:651} INFO - DAG(s) dict_keys(['example_external_task_marker_parent', 'example_external_task_marker_child']) retrieved from /home/airflow/.local/lib/python3.7/site-packages/airflow/example_dags/example_external_task_marker_dag.py
[2022-07-06 18:57:43,257] {logging_mixin.py:115} INFO - [2022-07-06 18:57:43,257] {dag.py:2371} INFO - Sync 2 DAGs
[2022-07-06 18:57:43,288] {logging_mixin.py:115} INFO - [2022-07-06 18:57:43,288] {dag.py:2919} INFO - Setting next_dagrun for example_external_task_marker_child to None, run_after=None
[2022-07-06 18:57:43,289] {logging_mixin.py:115} INFO - [2022-07-06 18:57:43,289] {dag.py:2919} INFO - Setting next_dagrun for example_external_task_marker_parent to None, run_after=None
[2022-07-06 18:57:43,305] {processor.py:161} INFO - Processing /home/airflow/.local/lib/python3.7/site-packages/airflow/example_dags/example_external_task_marker_dag.py took 0.130 seconds
[2022-07-06 18:58:13,893] {processor.py:153} INFO - Started process (PID=2639) to work on /home/airflow/.local/lib/python3.7/site-packages/airflow/example_dags/example_external_task_marker_dag.py
[2022-07-06 18:58:13,894] {processor.py:641} INFO - Processing file /home/airflow/.local/lib/python3.7/site-packages/airflow/example_dags/example_external_task_marker_dag.py for tasks to queue
[2022-07-06 18:58:13,896] {logging_mixin.py:115} INFO - [2022-07-06 18:58:13,896] {dagbag.py:507} INFO - Filling up the DagBag from /home/airflow/.local/lib/python3.7/site-packages/airflow/example_dags/example_external_task_marker_dag.py
[2022-07-06 18:58:13,903] {processor.py:651} INFO - DAG(s) dict_keys(['example_external_task_marker_parent', 'example_external_task_marker_child']) retrieved from /home/airflow/.local/lib/python3.7/site-packages/airflow/example_dags/example_external_task_marker_dag.py
[2022-07-06 18:58:13,979] {logging_mixin.py:115} INFO - [2022-07-06 18:58:13,979] {dag.py:2371} INFO - Sync 2 DAGs
[2022-07-06 18:58:14,011] {logging_mixin.py:115} INFO - [2022-07-06 18:58:14,011] {dag.py:2919} INFO - Setting next_dagrun for example_external_task_marker_child to None, run_after=None
[2022-07-06 18:58:14,012] {logging_mixin.py:115} INFO - [2022-07-06 18:58:14,012] {dag.py:2919} INFO - Setting next_dagrun for example_external_task_marker_parent to None, run_after=None
[2022-07-06 18:58:14,043] {processor.py:161} INFO - Processing /home/airflow/.local/lib/python3.7/site-packages/airflow/example_dags/example_external_task_marker_dag.py took 0.155 seconds
[2022-07-06 18:58:44,343] {processor.py:153} INFO - Started process (PID=2693) to work on /home/airflow/.local/lib/python3.7/site-packages/airflow/example_dags/example_external_task_marker_dag.py
[2022-07-06 18:58:44,344] {processor.py:641} INFO - Processing file /home/airflow/.local/lib/python3.7/site-packages/airflow/example_dags/example_external_task_marker_dag.py for tasks to queue
[2022-07-06 18:58:44,345] {logging_mixin.py:115} INFO - [2022-07-06 18:58:44,345] {dagbag.py:507} INFO - Filling up the DagBag from /home/airflow/.local/lib/python3.7/site-packages/airflow/example_dags/example_external_task_marker_dag.py
[2022-07-06 18:58:44,352] {processor.py:651} INFO - DAG(s) dict_keys(['example_external_task_marker_parent', 'example_external_task_marker_child']) retrieved from /home/airflow/.local/lib/python3.7/site-packages/airflow/example_dags/example_external_task_marker_dag.py
[2022-07-06 18:58:44,419] {logging_mixin.py:115} INFO - [2022-07-06 18:58:44,418] {dag.py:2371} INFO - Sync 2 DAGs
[2022-07-06 18:58:44,452] {logging_mixin.py:115} INFO - [2022-07-06 18:58:44,452] {dag.py:2919} INFO - Setting next_dagrun for example_external_task_marker_child to None, run_after=None
[2022-07-06 18:58:44,455] {logging_mixin.py:115} INFO - [2022-07-06 18:58:44,454] {dag.py:2919} INFO - Setting next_dagrun for example_external_task_marker_parent to None, run_after=None
[2022-07-06 18:58:44,472] {processor.py:161} INFO - Processing /home/airflow/.local/lib/python3.7/site-packages/airflow/example_dags/example_external_task_marker_dag.py took 0.133 seconds
[2022-07-06 18:59:15,165] {processor.py:153} INFO - Started process (PID=2757) to work on /home/airflow/.local/lib/python3.7/site-packages/airflow/example_dags/example_external_task_marker_dag.py
[2022-07-06 18:59:15,167] {processor.py:641} INFO - Processing file /home/airflow/.local/lib/python3.7/site-packages/airflow/example_dags/example_external_task_marker_dag.py for tasks to queue
[2022-07-06 18:59:15,168] {logging_mixin.py:115} INFO - [2022-07-06 18:59:15,168] {dagbag.py:507} INFO - Filling up the DagBag from /home/airflow/.local/lib/python3.7/site-packages/airflow/example_dags/example_external_task_marker_dag.py
[2022-07-06 18:59:15,176] {processor.py:651} INFO - DAG(s) dict_keys(['example_external_task_marker_parent', 'example_external_task_marker_child']) retrieved from /home/airflow/.local/lib/python3.7/site-packages/airflow/example_dags/example_external_task_marker_dag.py
[2022-07-06 18:59:15,246] {logging_mixin.py:115} INFO - [2022-07-06 18:59:15,246] {dag.py:2371} INFO - Sync 2 DAGs
[2022-07-06 18:59:15,278] {logging_mixin.py:115} INFO - [2022-07-06 18:59:15,278] {dag.py:2919} INFO - Setting next_dagrun for example_external_task_marker_child to None, run_after=None
[2022-07-06 18:59:15,279] {logging_mixin.py:115} INFO - [2022-07-06 18:59:15,279] {dag.py:2919} INFO - Setting next_dagrun for example_external_task_marker_parent to None, run_after=None
[2022-07-06 18:59:15,298] {processor.py:161} INFO - Processing /home/airflow/.local/lib/python3.7/site-packages/airflow/example_dags/example_external_task_marker_dag.py took 0.139 seconds
[2022-07-06 18:59:45,331] {processor.py:153} INFO - Started process (PID=2820) to work on /home/airflow/.local/lib/python3.7/site-packages/airflow/example_dags/example_external_task_marker_dag.py
[2022-07-06 18:59:45,332] {processor.py:641} INFO - Processing file /home/airflow/.local/lib/python3.7/site-packages/airflow/example_dags/example_external_task_marker_dag.py for tasks to queue
[2022-07-06 18:59:45,333] {logging_mixin.py:115} INFO - [2022-07-06 18:59:45,333] {dagbag.py:507} INFO - Filling up the DagBag from /home/airflow/.local/lib/python3.7/site-packages/airflow/example_dags/example_external_task_marker_dag.py
[2022-07-06 18:59:45,339] {processor.py:651} INFO - DAG(s) dict_keys(['example_external_task_marker_parent', 'example_external_task_marker_child']) retrieved from /home/airflow/.local/lib/python3.7/site-packages/airflow/example_dags/example_external_task_marker_dag.py
[2022-07-06 18:59:45,398] {logging_mixin.py:115} INFO - [2022-07-06 18:59:45,398] {dag.py:2371} INFO - Sync 2 DAGs
[2022-07-06 18:59:45,426] {logging_mixin.py:115} INFO - [2022-07-06 18:59:45,426] {dag.py:2919} INFO - Setting next_dagrun for example_external_task_marker_child to None, run_after=None
[2022-07-06 18:59:45,428] {logging_mixin.py:115} INFO - [2022-07-06 18:59:45,428] {dag.py:2919} INFO - Setting next_dagrun for example_external_task_marker_parent to None, run_after=None
[2022-07-06 18:59:45,443] {processor.py:161} INFO - Processing /home/airflow/.local/lib/python3.7/site-packages/airflow/example_dags/example_external_task_marker_dag.py took 0.117 seconds
[2022-07-06 19:00:15,505] {processor.py:153} INFO - Started process (PID=2876) to work on /home/airflow/.local/lib/python3.7/site-packages/airflow/example_dags/example_external_task_marker_dag.py
[2022-07-06 19:00:15,506] {processor.py:641} INFO - Processing file /home/airflow/.local/lib/python3.7/site-packages/airflow/example_dags/example_external_task_marker_dag.py for tasks to queue
[2022-07-06 19:00:15,510] {logging_mixin.py:115} INFO - [2022-07-06 19:00:15,510] {dagbag.py:507} INFO - Filling up the DagBag from /home/airflow/.local/lib/python3.7/site-packages/airflow/example_dags/example_external_task_marker_dag.py
[2022-07-06 19:00:15,517] {processor.py:651} INFO - DAG(s) dict_keys(['example_external_task_marker_parent', 'example_external_task_marker_child']) retrieved from /home/airflow/.local/lib/python3.7/site-packages/airflow/example_dags/example_external_task_marker_dag.py
[2022-07-06 19:00:15,574] {logging_mixin.py:115} INFO - [2022-07-06 19:00:15,574] {dag.py:2371} INFO - Sync 2 DAGs
[2022-07-06 19:00:15,603] {logging_mixin.py:115} INFO - [2022-07-06 19:00:15,603] {dag.py:2919} INFO - Setting next_dagrun for example_external_task_marker_child to None, run_after=None
[2022-07-06 19:00:15,604] {logging_mixin.py:115} INFO - [2022-07-06 19:00:15,604] {dag.py:2919} INFO - Setting next_dagrun for example_external_task_marker_parent to None, run_after=None
[2022-07-06 19:00:15,619] {processor.py:161} INFO - Processing /home/airflow/.local/lib/python3.7/site-packages/airflow/example_dags/example_external_task_marker_dag.py took 0.118 seconds
[2022-07-06 19:00:45,681] {processor.py:153} INFO - Started process (PID=2939) to work on /home/airflow/.local/lib/python3.7/site-packages/airflow/example_dags/example_external_task_marker_dag.py
[2022-07-06 19:00:45,683] {processor.py:641} INFO - Processing file /home/airflow/.local/lib/python3.7/site-packages/airflow/example_dags/example_external_task_marker_dag.py for tasks to queue
[2022-07-06 19:00:45,684] {logging_mixin.py:115} INFO - [2022-07-06 19:00:45,684] {dagbag.py:507} INFO - Filling up the DagBag from /home/airflow/.local/lib/python3.7/site-packages/airflow/example_dags/example_external_task_marker_dag.py
[2022-07-06 19:00:45,690] {processor.py:651} INFO - DAG(s) dict_keys(['example_external_task_marker_parent', 'example_external_task_marker_child']) retrieved from /home/airflow/.local/lib/python3.7/site-packages/airflow/example_dags/example_external_task_marker_dag.py
[2022-07-06 19:00:45,758] {logging_mixin.py:115} INFO - [2022-07-06 19:00:45,758] {dag.py:2371} INFO - Sync 2 DAGs
[2022-07-06 19:00:45,787] {logging_mixin.py:115} INFO - [2022-07-06 19:00:45,786] {dag.py:2919} INFO - Setting next_dagrun for example_external_task_marker_child to None, run_after=None
[2022-07-06 19:00:45,788] {logging_mixin.py:115} INFO - [2022-07-06 19:00:45,788] {dag.py:2919} INFO - Setting next_dagrun for example_external_task_marker_parent to None, run_after=None
[2022-07-06 19:00:45,805] {processor.py:161} INFO - Processing /home/airflow/.local/lib/python3.7/site-packages/airflow/example_dags/example_external_task_marker_dag.py took 0.128 seconds
[2022-07-06 19:01:16,273] {processor.py:153} INFO - Started process (PID=2993) to work on /home/airflow/.local/lib/python3.7/site-packages/airflow/example_dags/example_external_task_marker_dag.py
[2022-07-06 19:01:16,275] {processor.py:641} INFO - Processing file /home/airflow/.local/lib/python3.7/site-packages/airflow/example_dags/example_external_task_marker_dag.py for tasks to queue
[2022-07-06 19:01:16,276] {logging_mixin.py:115} INFO - [2022-07-06 19:01:16,276] {dagbag.py:507} INFO - Filling up the DagBag from /home/airflow/.local/lib/python3.7/site-packages/airflow/example_dags/example_external_task_marker_dag.py
[2022-07-06 19:01:16,285] {processor.py:651} INFO - DAG(s) dict_keys(['example_external_task_marker_parent', 'example_external_task_marker_child']) retrieved from /home/airflow/.local/lib/python3.7/site-packages/airflow/example_dags/example_external_task_marker_dag.py
[2022-07-06 19:01:16,362] {logging_mixin.py:115} INFO - [2022-07-06 19:01:16,362] {dag.py:2371} INFO - Sync 2 DAGs
[2022-07-06 19:01:16,393] {logging_mixin.py:115} INFO - [2022-07-06 19:01:16,393] {dag.py:2919} INFO - Setting next_dagrun for example_external_task_marker_child to None, run_after=None
[2022-07-06 19:01:16,395] {logging_mixin.py:115} INFO - [2022-07-06 19:01:16,394] {dag.py:2919} INFO - Setting next_dagrun for example_external_task_marker_parent to None, run_after=None
[2022-07-06 19:01:16,417] {processor.py:161} INFO - Processing /home/airflow/.local/lib/python3.7/site-packages/airflow/example_dags/example_external_task_marker_dag.py took 0.152 seconds
