[2022-07-06 18:36:13,075] {processor.py:153} INFO - Started process (PID=63) to work on /home/airflow/.local/lib/python3.7/site-packages/airflow/example_dags/example_dag_decorator.py
[2022-07-06 18:36:13,079] {processor.py:641} INFO - Processing file /home/airflow/.local/lib/python3.7/site-packages/airflow/example_dags/example_dag_decorator.py for tasks to queue
[2022-07-06 18:36:13,080] {logging_mixin.py:115} INFO - [2022-07-06 18:36:13,080] {dagbag.py:507} INFO - Filling up the DagBag from /home/airflow/.local/lib/python3.7/site-packages/airflow/example_dags/example_dag_decorator.py
[2022-07-06 18:36:13,150] {processor.py:651} INFO - DAG(s) dict_keys(['example_dag_decorator']) retrieved from /home/airflow/.local/lib/python3.7/site-packages/airflow/example_dags/example_dag_decorator.py
[2022-07-06 18:36:13,313] {logging_mixin.py:115} INFO - [2022-07-06 18:36:13,313] {dag.py:2371} INFO - Sync 1 DAGs
[2022-07-06 18:36:13,704] {logging_mixin.py:115} INFO - [2022-07-06 18:36:13,704] {dag.py:2919} INFO - Setting next_dagrun for example_dag_decorator to None, run_after=None
[2022-07-06 18:36:13,725] {processor.py:161} INFO - Processing /home/airflow/.local/lib/python3.7/site-packages/airflow/example_dags/example_dag_decorator.py took 0.656 seconds
[2022-07-06 18:36:44,206] {processor.py:153} INFO - Started process (PID=130) to work on /home/airflow/.local/lib/python3.7/site-packages/airflow/example_dags/example_dag_decorator.py
[2022-07-06 18:36:44,207] {processor.py:641} INFO - Processing file /home/airflow/.local/lib/python3.7/site-packages/airflow/example_dags/example_dag_decorator.py for tasks to queue
[2022-07-06 18:36:44,209] {logging_mixin.py:115} INFO - [2022-07-06 18:36:44,208] {dagbag.py:507} INFO - Filling up the DagBag from /home/airflow/.local/lib/python3.7/site-packages/airflow/example_dags/example_dag_decorator.py
[2022-07-06 18:36:44,240] {processor.py:651} INFO - DAG(s) dict_keys(['example_dag_decorator']) retrieved from /home/airflow/.local/lib/python3.7/site-packages/airflow/example_dags/example_dag_decorator.py
[2022-07-06 18:36:44,339] {logging_mixin.py:115} INFO - [2022-07-06 18:36:44,339] {dag.py:2371} INFO - Sync 1 DAGs
[2022-07-06 18:36:44,494] {logging_mixin.py:115} INFO - [2022-07-06 18:36:44,494] {dag.py:2919} INFO - Setting next_dagrun for example_dag_decorator to None, run_after=None
[2022-07-06 18:36:44,511] {processor.py:161} INFO - Processing /home/airflow/.local/lib/python3.7/site-packages/airflow/example_dags/example_dag_decorator.py took 0.309 seconds
[2022-07-06 18:37:14,612] {processor.py:153} INFO - Started process (PID=181) to work on /home/airflow/.local/lib/python3.7/site-packages/airflow/example_dags/example_dag_decorator.py
[2022-07-06 18:37:14,613] {processor.py:641} INFO - Processing file /home/airflow/.local/lib/python3.7/site-packages/airflow/example_dags/example_dag_decorator.py for tasks to queue
[2022-07-06 18:37:14,614] {logging_mixin.py:115} INFO - [2022-07-06 18:37:14,614] {dagbag.py:507} INFO - Filling up the DagBag from /home/airflow/.local/lib/python3.7/site-packages/airflow/example_dags/example_dag_decorator.py
[2022-07-06 18:37:14,644] {processor.py:651} INFO - DAG(s) dict_keys(['example_dag_decorator']) retrieved from /home/airflow/.local/lib/python3.7/site-packages/airflow/example_dags/example_dag_decorator.py
[2022-07-06 18:37:14,731] {logging_mixin.py:115} INFO - [2022-07-06 18:37:14,731] {dag.py:2371} INFO - Sync 1 DAGs
[2022-07-06 18:37:14,885] {logging_mixin.py:115} INFO - [2022-07-06 18:37:14,885] {dag.py:2919} INFO - Setting next_dagrun for example_dag_decorator to None, run_after=None
[2022-07-06 18:37:14,901] {processor.py:161} INFO - Processing /home/airflow/.local/lib/python3.7/site-packages/airflow/example_dags/example_dag_decorator.py took 0.294 seconds
[2022-07-06 18:37:45,026] {processor.py:153} INFO - Started process (PID=247) to work on /home/airflow/.local/lib/python3.7/site-packages/airflow/example_dags/example_dag_decorator.py
[2022-07-06 18:37:45,027] {processor.py:641} INFO - Processing file /home/airflow/.local/lib/python3.7/site-packages/airflow/example_dags/example_dag_decorator.py for tasks to queue
[2022-07-06 18:37:45,029] {logging_mixin.py:115} INFO - [2022-07-06 18:37:45,029] {dagbag.py:507} INFO - Filling up the DagBag from /home/airflow/.local/lib/python3.7/site-packages/airflow/example_dags/example_dag_decorator.py
[2022-07-06 18:37:45,059] {processor.py:651} INFO - DAG(s) dict_keys(['example_dag_decorator']) retrieved from /home/airflow/.local/lib/python3.7/site-packages/airflow/example_dags/example_dag_decorator.py
[2022-07-06 18:37:45,150] {logging_mixin.py:115} INFO - [2022-07-06 18:37:45,150] {dag.py:2371} INFO - Sync 1 DAGs
[2022-07-06 18:37:45,302] {logging_mixin.py:115} INFO - [2022-07-06 18:37:45,302] {dag.py:2919} INFO - Setting next_dagrun for example_dag_decorator to None, run_after=None
[2022-07-06 18:37:45,318] {processor.py:161} INFO - Processing /home/airflow/.local/lib/python3.7/site-packages/airflow/example_dags/example_dag_decorator.py took 0.296 seconds
[2022-07-06 18:38:15,884] {processor.py:153} INFO - Started process (PID=312) to work on /home/airflow/.local/lib/python3.7/site-packages/airflow/example_dags/example_dag_decorator.py
[2022-07-06 18:38:15,885] {processor.py:641} INFO - Processing file /home/airflow/.local/lib/python3.7/site-packages/airflow/example_dags/example_dag_decorator.py for tasks to queue
[2022-07-06 18:38:15,887] {logging_mixin.py:115} INFO - [2022-07-06 18:38:15,887] {dagbag.py:507} INFO - Filling up the DagBag from /home/airflow/.local/lib/python3.7/site-packages/airflow/example_dags/example_dag_decorator.py
[2022-07-06 18:38:15,923] {processor.py:651} INFO - DAG(s) dict_keys(['example_dag_decorator']) retrieved from /home/airflow/.local/lib/python3.7/site-packages/airflow/example_dags/example_dag_decorator.py
[2022-07-06 18:38:16,005] {logging_mixin.py:115} INFO - [2022-07-06 18:38:16,005] {dag.py:2371} INFO - Sync 1 DAGs
[2022-07-06 18:38:16,169] {logging_mixin.py:115} INFO - [2022-07-06 18:38:16,169] {dag.py:2919} INFO - Setting next_dagrun for example_dag_decorator to None, run_after=None
[2022-07-06 18:38:16,194] {processor.py:161} INFO - Processing /home/airflow/.local/lib/python3.7/site-packages/airflow/example_dags/example_dag_decorator.py took 0.316 seconds
[2022-07-06 18:38:46,762] {processor.py:153} INFO - Started process (PID=365) to work on /home/airflow/.local/lib/python3.7/site-packages/airflow/example_dags/example_dag_decorator.py
[2022-07-06 18:38:46,763] {processor.py:641} INFO - Processing file /home/airflow/.local/lib/python3.7/site-packages/airflow/example_dags/example_dag_decorator.py for tasks to queue
[2022-07-06 18:38:46,764] {logging_mixin.py:115} INFO - [2022-07-06 18:38:46,764] {dagbag.py:507} INFO - Filling up the DagBag from /home/airflow/.local/lib/python3.7/site-packages/airflow/example_dags/example_dag_decorator.py
[2022-07-06 18:38:46,798] {processor.py:651} INFO - DAG(s) dict_keys(['example_dag_decorator']) retrieved from /home/airflow/.local/lib/python3.7/site-packages/airflow/example_dags/example_dag_decorator.py
[2022-07-06 18:38:46,899] {logging_mixin.py:115} INFO - [2022-07-06 18:38:46,899] {dag.py:2371} INFO - Sync 1 DAGs
[2022-07-06 18:38:47,065] {logging_mixin.py:115} INFO - [2022-07-06 18:38:47,065] {dag.py:2919} INFO - Setting next_dagrun for example_dag_decorator to None, run_after=None
[2022-07-06 18:38:47,082] {processor.py:161} INFO - Processing /home/airflow/.local/lib/python3.7/site-packages/airflow/example_dags/example_dag_decorator.py took 0.324 seconds
[2022-07-06 18:39:17,144] {processor.py:153} INFO - Started process (PID=430) to work on /home/airflow/.local/lib/python3.7/site-packages/airflow/example_dags/example_dag_decorator.py
[2022-07-06 18:39:17,145] {processor.py:641} INFO - Processing file /home/airflow/.local/lib/python3.7/site-packages/airflow/example_dags/example_dag_decorator.py for tasks to queue
[2022-07-06 18:39:17,146] {logging_mixin.py:115} INFO - [2022-07-06 18:39:17,146] {dagbag.py:507} INFO - Filling up the DagBag from /home/airflow/.local/lib/python3.7/site-packages/airflow/example_dags/example_dag_decorator.py
[2022-07-06 18:39:17,174] {processor.py:651} INFO - DAG(s) dict_keys(['example_dag_decorator']) retrieved from /home/airflow/.local/lib/python3.7/site-packages/airflow/example_dags/example_dag_decorator.py
[2022-07-06 18:39:17,256] {logging_mixin.py:115} INFO - [2022-07-06 18:39:17,255] {dag.py:2371} INFO - Sync 1 DAGs
[2022-07-06 18:39:17,420] {logging_mixin.py:115} INFO - [2022-07-06 18:39:17,420] {dag.py:2919} INFO - Setting next_dagrun for example_dag_decorator to None, run_after=None
[2022-07-06 18:39:17,440] {processor.py:161} INFO - Processing /home/airflow/.local/lib/python3.7/site-packages/airflow/example_dags/example_dag_decorator.py took 0.302 seconds
[2022-07-06 18:39:47,754] {processor.py:153} INFO - Started process (PID=492) to work on /home/airflow/.local/lib/python3.7/site-packages/airflow/example_dags/example_dag_decorator.py
[2022-07-06 18:39:47,756] {processor.py:641} INFO - Processing file /home/airflow/.local/lib/python3.7/site-packages/airflow/example_dags/example_dag_decorator.py for tasks to queue
[2022-07-06 18:39:47,757] {logging_mixin.py:115} INFO - [2022-07-06 18:39:47,757] {dagbag.py:507} INFO - Filling up the DagBag from /home/airflow/.local/lib/python3.7/site-packages/airflow/example_dags/example_dag_decorator.py
[2022-07-06 18:39:47,796] {processor.py:651} INFO - DAG(s) dict_keys(['example_dag_decorator']) retrieved from /home/airflow/.local/lib/python3.7/site-packages/airflow/example_dags/example_dag_decorator.py
[2022-07-06 18:39:47,905] {logging_mixin.py:115} INFO - [2022-07-06 18:39:47,905] {dag.py:2371} INFO - Sync 1 DAGs
[2022-07-06 18:39:48,074] {logging_mixin.py:115} INFO - [2022-07-06 18:39:48,074] {dag.py:2919} INFO - Setting next_dagrun for example_dag_decorator to None, run_after=None
[2022-07-06 18:39:48,097] {processor.py:161} INFO - Processing /home/airflow/.local/lib/python3.7/site-packages/airflow/example_dags/example_dag_decorator.py took 0.349 seconds
[2022-07-06 18:40:18,383] {processor.py:153} INFO - Started process (PID=549) to work on /home/airflow/.local/lib/python3.7/site-packages/airflow/example_dags/example_dag_decorator.py
[2022-07-06 18:40:18,385] {processor.py:641} INFO - Processing file /home/airflow/.local/lib/python3.7/site-packages/airflow/example_dags/example_dag_decorator.py for tasks to queue
[2022-07-06 18:40:18,386] {logging_mixin.py:115} INFO - [2022-07-06 18:40:18,386] {dagbag.py:507} INFO - Filling up the DagBag from /home/airflow/.local/lib/python3.7/site-packages/airflow/example_dags/example_dag_decorator.py
[2022-07-06 18:40:18,414] {processor.py:651} INFO - DAG(s) dict_keys(['example_dag_decorator']) retrieved from /home/airflow/.local/lib/python3.7/site-packages/airflow/example_dags/example_dag_decorator.py
[2022-07-06 18:40:18,449] {logging_mixin.py:115} INFO - [2022-07-06 18:40:18,449] {dag.py:2371} INFO - Sync 1 DAGs
[2022-07-06 18:40:18,476] {logging_mixin.py:115} INFO - [2022-07-06 18:40:18,476] {dag.py:2919} INFO - Setting next_dagrun for example_dag_decorator to None, run_after=None
[2022-07-06 18:40:18,492] {processor.py:161} INFO - Processing /home/airflow/.local/lib/python3.7/site-packages/airflow/example_dags/example_dag_decorator.py took 0.115 seconds
[2022-07-06 18:40:48,672] {processor.py:153} INFO - Started process (PID=613) to work on /home/airflow/.local/lib/python3.7/site-packages/airflow/example_dags/example_dag_decorator.py
[2022-07-06 18:40:48,674] {processor.py:641} INFO - Processing file /home/airflow/.local/lib/python3.7/site-packages/airflow/example_dags/example_dag_decorator.py for tasks to queue
[2022-07-06 18:40:48,675] {logging_mixin.py:115} INFO - [2022-07-06 18:40:48,675] {dagbag.py:507} INFO - Filling up the DagBag from /home/airflow/.local/lib/python3.7/site-packages/airflow/example_dags/example_dag_decorator.py
[2022-07-06 18:40:48,705] {processor.py:651} INFO - DAG(s) dict_keys(['example_dag_decorator']) retrieved from /home/airflow/.local/lib/python3.7/site-packages/airflow/example_dags/example_dag_decorator.py
[2022-07-06 18:40:48,791] {logging_mixin.py:115} INFO - [2022-07-06 18:40:48,791] {dag.py:2371} INFO - Sync 1 DAGs
[2022-07-06 18:40:48,957] {logging_mixin.py:115} INFO - [2022-07-06 18:40:48,957] {dag.py:2919} INFO - Setting next_dagrun for example_dag_decorator to None, run_after=None
[2022-07-06 18:40:48,974] {processor.py:161} INFO - Processing /home/airflow/.local/lib/python3.7/site-packages/airflow/example_dags/example_dag_decorator.py took 0.306 seconds
[2022-07-06 18:41:19,202] {processor.py:153} INFO - Started process (PID=669) to work on /home/airflow/.local/lib/python3.7/site-packages/airflow/example_dags/example_dag_decorator.py
[2022-07-06 18:41:19,204] {processor.py:641} INFO - Processing file /home/airflow/.local/lib/python3.7/site-packages/airflow/example_dags/example_dag_decorator.py for tasks to queue
[2022-07-06 18:41:19,205] {logging_mixin.py:115} INFO - [2022-07-06 18:41:19,205] {dagbag.py:507} INFO - Filling up the DagBag from /home/airflow/.local/lib/python3.7/site-packages/airflow/example_dags/example_dag_decorator.py
[2022-07-06 18:41:19,234] {processor.py:651} INFO - DAG(s) dict_keys(['example_dag_decorator']) retrieved from /home/airflow/.local/lib/python3.7/site-packages/airflow/example_dags/example_dag_decorator.py
[2022-07-06 18:41:19,269] {logging_mixin.py:115} INFO - [2022-07-06 18:41:19,269] {dag.py:2371} INFO - Sync 1 DAGs
[2022-07-06 18:41:19,302] {logging_mixin.py:115} INFO - [2022-07-06 18:41:19,302] {dag.py:2919} INFO - Setting next_dagrun for example_dag_decorator to None, run_after=None
[2022-07-06 18:41:19,316] {processor.py:161} INFO - Processing /home/airflow/.local/lib/python3.7/site-packages/airflow/example_dags/example_dag_decorator.py took 0.119 seconds
[2022-07-06 18:41:49,783] {processor.py:153} INFO - Started process (PID=728) to work on /home/airflow/.local/lib/python3.7/site-packages/airflow/example_dags/example_dag_decorator.py
[2022-07-06 18:41:49,785] {processor.py:641} INFO - Processing file /home/airflow/.local/lib/python3.7/site-packages/airflow/example_dags/example_dag_decorator.py for tasks to queue
[2022-07-06 18:41:49,786] {logging_mixin.py:115} INFO - [2022-07-06 18:41:49,786] {dagbag.py:507} INFO - Filling up the DagBag from /home/airflow/.local/lib/python3.7/site-packages/airflow/example_dags/example_dag_decorator.py
[2022-07-06 18:41:49,815] {processor.py:651} INFO - DAG(s) dict_keys(['example_dag_decorator']) retrieved from /home/airflow/.local/lib/python3.7/site-packages/airflow/example_dags/example_dag_decorator.py
[2022-07-06 18:41:49,849] {logging_mixin.py:115} INFO - [2022-07-06 18:41:49,849] {dag.py:2371} INFO - Sync 1 DAGs
[2022-07-06 18:41:49,878] {logging_mixin.py:115} INFO - [2022-07-06 18:41:49,878] {dag.py:2919} INFO - Setting next_dagrun for example_dag_decorator to None, run_after=None
[2022-07-06 18:41:49,893] {processor.py:161} INFO - Processing /home/airflow/.local/lib/python3.7/site-packages/airflow/example_dags/example_dag_decorator.py took 0.114 seconds
[2022-07-06 18:42:20,666] {processor.py:153} INFO - Started process (PID=790) to work on /home/airflow/.local/lib/python3.7/site-packages/airflow/example_dags/example_dag_decorator.py
[2022-07-06 18:42:20,668] {processor.py:641} INFO - Processing file /home/airflow/.local/lib/python3.7/site-packages/airflow/example_dags/example_dag_decorator.py for tasks to queue
[2022-07-06 18:42:20,669] {logging_mixin.py:115} INFO - [2022-07-06 18:42:20,669] {dagbag.py:507} INFO - Filling up the DagBag from /home/airflow/.local/lib/python3.7/site-packages/airflow/example_dags/example_dag_decorator.py
[2022-07-06 18:42:20,701] {processor.py:651} INFO - DAG(s) dict_keys(['example_dag_decorator']) retrieved from /home/airflow/.local/lib/python3.7/site-packages/airflow/example_dags/example_dag_decorator.py
[2022-07-06 18:42:20,798] {logging_mixin.py:115} INFO - [2022-07-06 18:42:20,798] {dag.py:2371} INFO - Sync 1 DAGs
[2022-07-06 18:42:20,966] {logging_mixin.py:115} INFO - [2022-07-06 18:42:20,966] {dag.py:2919} INFO - Setting next_dagrun for example_dag_decorator to None, run_after=None
[2022-07-06 18:42:20,981] {processor.py:161} INFO - Processing /home/airflow/.local/lib/python3.7/site-packages/airflow/example_dags/example_dag_decorator.py took 0.320 seconds
[2022-07-06 18:42:51,523] {processor.py:153} INFO - Started process (PID=844) to work on /home/airflow/.local/lib/python3.7/site-packages/airflow/example_dags/example_dag_decorator.py
[2022-07-06 18:42:51,524] {processor.py:641} INFO - Processing file /home/airflow/.local/lib/python3.7/site-packages/airflow/example_dags/example_dag_decorator.py for tasks to queue
[2022-07-06 18:42:51,525] {logging_mixin.py:115} INFO - [2022-07-06 18:42:51,525] {dagbag.py:507} INFO - Filling up the DagBag from /home/airflow/.local/lib/python3.7/site-packages/airflow/example_dags/example_dag_decorator.py
[2022-07-06 18:42:51,557] {processor.py:651} INFO - DAG(s) dict_keys(['example_dag_decorator']) retrieved from /home/airflow/.local/lib/python3.7/site-packages/airflow/example_dags/example_dag_decorator.py
[2022-07-06 18:42:51,594] {logging_mixin.py:115} INFO - [2022-07-06 18:42:51,594] {dag.py:2371} INFO - Sync 1 DAGs
[2022-07-06 18:42:51,631] {logging_mixin.py:115} INFO - [2022-07-06 18:42:51,631] {dag.py:2919} INFO - Setting next_dagrun for example_dag_decorator to None, run_after=None
[2022-07-06 18:42:51,647] {processor.py:161} INFO - Processing /home/airflow/.local/lib/python3.7/site-packages/airflow/example_dags/example_dag_decorator.py took 0.131 seconds
[2022-07-06 18:43:22,092] {processor.py:153} INFO - Started process (PID=911) to work on /home/airflow/.local/lib/python3.7/site-packages/airflow/example_dags/example_dag_decorator.py
[2022-07-06 18:43:22,094] {processor.py:641} INFO - Processing file /home/airflow/.local/lib/python3.7/site-packages/airflow/example_dags/example_dag_decorator.py for tasks to queue
[2022-07-06 18:43:22,095] {logging_mixin.py:115} INFO - [2022-07-06 18:43:22,095] {dagbag.py:507} INFO - Filling up the DagBag from /home/airflow/.local/lib/python3.7/site-packages/airflow/example_dags/example_dag_decorator.py
[2022-07-06 18:43:22,129] {processor.py:651} INFO - DAG(s) dict_keys(['example_dag_decorator']) retrieved from /home/airflow/.local/lib/python3.7/site-packages/airflow/example_dags/example_dag_decorator.py
[2022-07-06 18:43:22,228] {logging_mixin.py:115} INFO - [2022-07-06 18:43:22,227] {dag.py:2371} INFO - Sync 1 DAGs
[2022-07-06 18:43:22,391] {logging_mixin.py:115} INFO - [2022-07-06 18:43:22,391] {dag.py:2919} INFO - Setting next_dagrun for example_dag_decorator to None, run_after=None
[2022-07-06 18:43:22,408] {processor.py:161} INFO - Processing /home/airflow/.local/lib/python3.7/site-packages/airflow/example_dags/example_dag_decorator.py took 0.323 seconds
[2022-07-06 18:43:52,968] {processor.py:153} INFO - Started process (PID=975) to work on /home/airflow/.local/lib/python3.7/site-packages/airflow/example_dags/example_dag_decorator.py
[2022-07-06 18:43:52,970] {processor.py:641} INFO - Processing file /home/airflow/.local/lib/python3.7/site-packages/airflow/example_dags/example_dag_decorator.py for tasks to queue
[2022-07-06 18:43:52,971] {logging_mixin.py:115} INFO - [2022-07-06 18:43:52,971] {dagbag.py:507} INFO - Filling up the DagBag from /home/airflow/.local/lib/python3.7/site-packages/airflow/example_dags/example_dag_decorator.py
[2022-07-06 18:43:53,008] {processor.py:651} INFO - DAG(s) dict_keys(['example_dag_decorator']) retrieved from /home/airflow/.local/lib/python3.7/site-packages/airflow/example_dags/example_dag_decorator.py
[2022-07-06 18:43:53,114] {logging_mixin.py:115} INFO - [2022-07-06 18:43:53,114] {dag.py:2371} INFO - Sync 1 DAGs
[2022-07-06 18:43:53,302] {logging_mixin.py:115} INFO - [2022-07-06 18:43:53,302] {dag.py:2919} INFO - Setting next_dagrun for example_dag_decorator to None, run_after=None
[2022-07-06 18:43:53,322] {processor.py:161} INFO - Processing /home/airflow/.local/lib/python3.7/site-packages/airflow/example_dags/example_dag_decorator.py took 0.360 seconds
[2022-07-06 18:44:23,656] {processor.py:153} INFO - Started process (PID=1030) to work on /home/airflow/.local/lib/python3.7/site-packages/airflow/example_dags/example_dag_decorator.py
[2022-07-06 18:44:23,658] {processor.py:641} INFO - Processing file /home/airflow/.local/lib/python3.7/site-packages/airflow/example_dags/example_dag_decorator.py for tasks to queue
[2022-07-06 18:44:23,660] {logging_mixin.py:115} INFO - [2022-07-06 18:44:23,660] {dagbag.py:507} INFO - Filling up the DagBag from /home/airflow/.local/lib/python3.7/site-packages/airflow/example_dags/example_dag_decorator.py
[2022-07-06 18:44:23,689] {processor.py:651} INFO - DAG(s) dict_keys(['example_dag_decorator']) retrieved from /home/airflow/.local/lib/python3.7/site-packages/airflow/example_dags/example_dag_decorator.py
[2022-07-06 18:44:23,784] {logging_mixin.py:115} INFO - [2022-07-06 18:44:23,784] {dag.py:2371} INFO - Sync 1 DAGs
[2022-07-06 18:44:23,949] {logging_mixin.py:115} INFO - [2022-07-06 18:44:23,948] {dag.py:2919} INFO - Setting next_dagrun for example_dag_decorator to None, run_after=None
[2022-07-06 18:44:23,965] {processor.py:161} INFO - Processing /home/airflow/.local/lib/python3.7/site-packages/airflow/example_dags/example_dag_decorator.py took 0.313 seconds
[2022-07-06 18:44:54,125] {processor.py:153} INFO - Started process (PID=1092) to work on /home/airflow/.local/lib/python3.7/site-packages/airflow/example_dags/example_dag_decorator.py
[2022-07-06 18:44:54,126] {processor.py:641} INFO - Processing file /home/airflow/.local/lib/python3.7/site-packages/airflow/example_dags/example_dag_decorator.py for tasks to queue
[2022-07-06 18:44:54,127] {logging_mixin.py:115} INFO - [2022-07-06 18:44:54,127] {dagbag.py:507} INFO - Filling up the DagBag from /home/airflow/.local/lib/python3.7/site-packages/airflow/example_dags/example_dag_decorator.py
[2022-07-06 18:44:54,158] {processor.py:651} INFO - DAG(s) dict_keys(['example_dag_decorator']) retrieved from /home/airflow/.local/lib/python3.7/site-packages/airflow/example_dags/example_dag_decorator.py
[2022-07-06 18:44:54,248] {logging_mixin.py:115} INFO - [2022-07-06 18:44:54,248] {dag.py:2371} INFO - Sync 1 DAGs
[2022-07-06 18:44:54,407] {logging_mixin.py:115} INFO - [2022-07-06 18:44:54,407] {dag.py:2919} INFO - Setting next_dagrun for example_dag_decorator to None, run_after=None
[2022-07-06 18:44:54,429] {processor.py:161} INFO - Processing /home/airflow/.local/lib/python3.7/site-packages/airflow/example_dags/example_dag_decorator.py took 0.309 seconds
[2022-07-06 18:45:25,230] {processor.py:153} INFO - Started process (PID=1155) to work on /home/airflow/.local/lib/python3.7/site-packages/airflow/example_dags/example_dag_decorator.py
[2022-07-06 18:45:25,231] {processor.py:641} INFO - Processing file /home/airflow/.local/lib/python3.7/site-packages/airflow/example_dags/example_dag_decorator.py for tasks to queue
[2022-07-06 18:45:25,232] {logging_mixin.py:115} INFO - [2022-07-06 18:45:25,232] {dagbag.py:507} INFO - Filling up the DagBag from /home/airflow/.local/lib/python3.7/site-packages/airflow/example_dags/example_dag_decorator.py
[2022-07-06 18:45:25,261] {processor.py:651} INFO - DAG(s) dict_keys(['example_dag_decorator']) retrieved from /home/airflow/.local/lib/python3.7/site-packages/airflow/example_dags/example_dag_decorator.py
[2022-07-06 18:45:25,345] {logging_mixin.py:115} INFO - [2022-07-06 18:45:25,345] {dag.py:2371} INFO - Sync 1 DAGs
[2022-07-06 18:45:25,497] {logging_mixin.py:115} INFO - [2022-07-06 18:45:25,497] {dag.py:2919} INFO - Setting next_dagrun for example_dag_decorator to None, run_after=None
[2022-07-06 18:45:25,514] {processor.py:161} INFO - Processing /home/airflow/.local/lib/python3.7/site-packages/airflow/example_dags/example_dag_decorator.py took 0.288 seconds
[2022-07-06 18:45:55,550] {processor.py:153} INFO - Started process (PID=1209) to work on /home/airflow/.local/lib/python3.7/site-packages/airflow/example_dags/example_dag_decorator.py
[2022-07-06 18:45:55,551] {processor.py:641} INFO - Processing file /home/airflow/.local/lib/python3.7/site-packages/airflow/example_dags/example_dag_decorator.py for tasks to queue
[2022-07-06 18:45:55,552] {logging_mixin.py:115} INFO - [2022-07-06 18:45:55,552] {dagbag.py:507} INFO - Filling up the DagBag from /home/airflow/.local/lib/python3.7/site-packages/airflow/example_dags/example_dag_decorator.py
[2022-07-06 18:45:55,581] {processor.py:651} INFO - DAG(s) dict_keys(['example_dag_decorator']) retrieved from /home/airflow/.local/lib/python3.7/site-packages/airflow/example_dags/example_dag_decorator.py
[2022-07-06 18:45:55,661] {logging_mixin.py:115} INFO - [2022-07-06 18:45:55,661] {dag.py:2371} INFO - Sync 1 DAGs
[2022-07-06 18:45:55,825] {logging_mixin.py:115} INFO - [2022-07-06 18:45:55,825] {dag.py:2919} INFO - Setting next_dagrun for example_dag_decorator to None, run_after=None
[2022-07-06 18:45:55,843] {processor.py:161} INFO - Processing /home/airflow/.local/lib/python3.7/site-packages/airflow/example_dags/example_dag_decorator.py took 0.297 seconds
[2022-07-06 18:46:25,950] {processor.py:153} INFO - Started process (PID=1274) to work on /home/airflow/.local/lib/python3.7/site-packages/airflow/example_dags/example_dag_decorator.py
[2022-07-06 18:46:25,951] {processor.py:641} INFO - Processing file /home/airflow/.local/lib/python3.7/site-packages/airflow/example_dags/example_dag_decorator.py for tasks to queue
[2022-07-06 18:46:25,953] {logging_mixin.py:115} INFO - [2022-07-06 18:46:25,953] {dagbag.py:507} INFO - Filling up the DagBag from /home/airflow/.local/lib/python3.7/site-packages/airflow/example_dags/example_dag_decorator.py
[2022-07-06 18:46:25,982] {processor.py:651} INFO - DAG(s) dict_keys(['example_dag_decorator']) retrieved from /home/airflow/.local/lib/python3.7/site-packages/airflow/example_dags/example_dag_decorator.py
[2022-07-06 18:46:26,199] {logging_mixin.py:115} INFO - [2022-07-06 18:46:26,199] {dag.py:2371} INFO - Sync 1 DAGs
[2022-07-06 18:46:26,222] {logging_mixin.py:115} INFO - [2022-07-06 18:46:26,222] {dag.py:2919} INFO - Setting next_dagrun for example_dag_decorator to None, run_after=None
[2022-07-06 18:46:26,238] {processor.py:161} INFO - Processing /home/airflow/.local/lib/python3.7/site-packages/airflow/example_dags/example_dag_decorator.py took 0.292 seconds
[2022-07-06 18:46:56,790] {processor.py:153} INFO - Started process (PID=1328) to work on /home/airflow/.local/lib/python3.7/site-packages/airflow/example_dags/example_dag_decorator.py
[2022-07-06 18:46:56,792] {processor.py:641} INFO - Processing file /home/airflow/.local/lib/python3.7/site-packages/airflow/example_dags/example_dag_decorator.py for tasks to queue
[2022-07-06 18:46:56,793] {logging_mixin.py:115} INFO - [2022-07-06 18:46:56,793] {dagbag.py:507} INFO - Filling up the DagBag from /home/airflow/.local/lib/python3.7/site-packages/airflow/example_dags/example_dag_decorator.py
[2022-07-06 18:46:56,825] {processor.py:651} INFO - DAG(s) dict_keys(['example_dag_decorator']) retrieved from /home/airflow/.local/lib/python3.7/site-packages/airflow/example_dags/example_dag_decorator.py
[2022-07-06 18:46:57,075] {logging_mixin.py:115} INFO - [2022-07-06 18:46:57,075] {dag.py:2371} INFO - Sync 1 DAGs
[2022-07-06 18:46:57,098] {logging_mixin.py:115} INFO - [2022-07-06 18:46:57,098] {dag.py:2919} INFO - Setting next_dagrun for example_dag_decorator to None, run_after=None
[2022-07-06 18:46:57,116] {processor.py:161} INFO - Processing /home/airflow/.local/lib/python3.7/site-packages/airflow/example_dags/example_dag_decorator.py took 0.329 seconds
[2022-07-06 18:47:27,463] {processor.py:153} INFO - Started process (PID=1392) to work on /home/airflow/.local/lib/python3.7/site-packages/airflow/example_dags/example_dag_decorator.py
[2022-07-06 18:47:27,464] {processor.py:641} INFO - Processing file /home/airflow/.local/lib/python3.7/site-packages/airflow/example_dags/example_dag_decorator.py for tasks to queue
[2022-07-06 18:47:27,466] {logging_mixin.py:115} INFO - [2022-07-06 18:47:27,466] {dagbag.py:507} INFO - Filling up the DagBag from /home/airflow/.local/lib/python3.7/site-packages/airflow/example_dags/example_dag_decorator.py
[2022-07-06 18:47:27,496] {processor.py:651} INFO - DAG(s) dict_keys(['example_dag_decorator']) retrieved from /home/airflow/.local/lib/python3.7/site-packages/airflow/example_dags/example_dag_decorator.py
[2022-07-06 18:47:27,720] {logging_mixin.py:115} INFO - [2022-07-06 18:47:27,720] {dag.py:2371} INFO - Sync 1 DAGs
[2022-07-06 18:47:27,743] {logging_mixin.py:115} INFO - [2022-07-06 18:47:27,743] {dag.py:2919} INFO - Setting next_dagrun for example_dag_decorator to None, run_after=None
[2022-07-06 18:47:27,760] {processor.py:161} INFO - Processing /home/airflow/.local/lib/python3.7/site-packages/airflow/example_dags/example_dag_decorator.py took 0.301 seconds
[2022-07-06 18:47:58,520] {processor.py:153} INFO - Started process (PID=1454) to work on /home/airflow/.local/lib/python3.7/site-packages/airflow/example_dags/example_dag_decorator.py
[2022-07-06 18:47:58,521] {processor.py:641} INFO - Processing file /home/airflow/.local/lib/python3.7/site-packages/airflow/example_dags/example_dag_decorator.py for tasks to queue
[2022-07-06 18:47:58,522] {logging_mixin.py:115} INFO - [2022-07-06 18:47:58,522] {dagbag.py:507} INFO - Filling up the DagBag from /home/airflow/.local/lib/python3.7/site-packages/airflow/example_dags/example_dag_decorator.py
[2022-07-06 18:47:58,555] {processor.py:651} INFO - DAG(s) dict_keys(['example_dag_decorator']) retrieved from /home/airflow/.local/lib/python3.7/site-packages/airflow/example_dags/example_dag_decorator.py
[2022-07-06 18:47:58,816] {logging_mixin.py:115} INFO - [2022-07-06 18:47:58,816] {dag.py:2371} INFO - Sync 1 DAGs
[2022-07-06 18:47:58,842] {logging_mixin.py:115} INFO - [2022-07-06 18:47:58,842] {dag.py:2919} INFO - Setting next_dagrun for example_dag_decorator to None, run_after=None
[2022-07-06 18:47:58,859] {processor.py:161} INFO - Processing /home/airflow/.local/lib/python3.7/site-packages/airflow/example_dags/example_dag_decorator.py took 0.343 seconds
[2022-07-06 18:48:29,360] {processor.py:153} INFO - Started process (PID=1511) to work on /home/airflow/.local/lib/python3.7/site-packages/airflow/example_dags/example_dag_decorator.py
[2022-07-06 18:48:29,361] {processor.py:641} INFO - Processing file /home/airflow/.local/lib/python3.7/site-packages/airflow/example_dags/example_dag_decorator.py for tasks to queue
[2022-07-06 18:48:29,362] {logging_mixin.py:115} INFO - [2022-07-06 18:48:29,362] {dagbag.py:507} INFO - Filling up the DagBag from /home/airflow/.local/lib/python3.7/site-packages/airflow/example_dags/example_dag_decorator.py
[2022-07-06 18:48:29,391] {processor.py:651} INFO - DAG(s) dict_keys(['example_dag_decorator']) retrieved from /home/airflow/.local/lib/python3.7/site-packages/airflow/example_dags/example_dag_decorator.py
[2022-07-06 18:48:29,432] {logging_mixin.py:115} INFO - [2022-07-06 18:48:29,430] {dag.py:2371} INFO - Sync 1 DAGs
[2022-07-06 18:48:29,463] {logging_mixin.py:115} INFO - [2022-07-06 18:48:29,463] {dag.py:2919} INFO - Setting next_dagrun for example_dag_decorator to None, run_after=None
[2022-07-06 18:48:29,479] {processor.py:161} INFO - Processing /home/airflow/.local/lib/python3.7/site-packages/airflow/example_dags/example_dag_decorator.py took 0.123 seconds
[2022-07-06 18:48:59,929] {processor.py:153} INFO - Started process (PID=1574) to work on /home/airflow/.local/lib/python3.7/site-packages/airflow/example_dags/example_dag_decorator.py
[2022-07-06 18:48:59,931] {processor.py:641} INFO - Processing file /home/airflow/.local/lib/python3.7/site-packages/airflow/example_dags/example_dag_decorator.py for tasks to queue
[2022-07-06 18:48:59,932] {logging_mixin.py:115} INFO - [2022-07-06 18:48:59,932] {dagbag.py:507} INFO - Filling up the DagBag from /home/airflow/.local/lib/python3.7/site-packages/airflow/example_dags/example_dag_decorator.py
[2022-07-06 18:48:59,961] {processor.py:651} INFO - DAG(s) dict_keys(['example_dag_decorator']) retrieved from /home/airflow/.local/lib/python3.7/site-packages/airflow/example_dags/example_dag_decorator.py
[2022-07-06 18:49:00,188] {logging_mixin.py:115} INFO - [2022-07-06 18:49:00,188] {dag.py:2371} INFO - Sync 1 DAGs
[2022-07-06 18:49:00,212] {logging_mixin.py:115} INFO - [2022-07-06 18:49:00,212] {dag.py:2919} INFO - Setting next_dagrun for example_dag_decorator to None, run_after=None
[2022-07-06 18:49:00,228] {processor.py:161} INFO - Processing /home/airflow/.local/lib/python3.7/site-packages/airflow/example_dags/example_dag_decorator.py took 0.303 seconds
[2022-07-06 18:49:30,539] {processor.py:153} INFO - Started process (PID=1639) to work on /home/airflow/.local/lib/python3.7/site-packages/airflow/example_dags/example_dag_decorator.py
[2022-07-06 18:49:30,540] {processor.py:641} INFO - Processing file /home/airflow/.local/lib/python3.7/site-packages/airflow/example_dags/example_dag_decorator.py for tasks to queue
[2022-07-06 18:49:30,542] {logging_mixin.py:115} INFO - [2022-07-06 18:49:30,542] {dagbag.py:507} INFO - Filling up the DagBag from /home/airflow/.local/lib/python3.7/site-packages/airflow/example_dags/example_dag_decorator.py
[2022-07-06 18:49:30,572] {processor.py:651} INFO - DAG(s) dict_keys(['example_dag_decorator']) retrieved from /home/airflow/.local/lib/python3.7/site-packages/airflow/example_dags/example_dag_decorator.py
[2022-07-06 18:49:30,796] {logging_mixin.py:115} INFO - [2022-07-06 18:49:30,796] {dag.py:2371} INFO - Sync 1 DAGs
[2022-07-06 18:49:30,821] {logging_mixin.py:115} INFO - [2022-07-06 18:49:30,821] {dag.py:2919} INFO - Setting next_dagrun for example_dag_decorator to None, run_after=None
[2022-07-06 18:49:30,838] {processor.py:161} INFO - Processing /home/airflow/.local/lib/python3.7/site-packages/airflow/example_dags/example_dag_decorator.py took 0.304 seconds
[2022-07-06 18:50:01,129] {processor.py:153} INFO - Started process (PID=1694) to work on /home/airflow/.local/lib/python3.7/site-packages/airflow/example_dags/example_dag_decorator.py
[2022-07-06 18:50:01,130] {processor.py:641} INFO - Processing file /home/airflow/.local/lib/python3.7/site-packages/airflow/example_dags/example_dag_decorator.py for tasks to queue
[2022-07-06 18:50:01,131] {logging_mixin.py:115} INFO - [2022-07-06 18:50:01,131] {dagbag.py:507} INFO - Filling up the DagBag from /home/airflow/.local/lib/python3.7/site-packages/airflow/example_dags/example_dag_decorator.py
[2022-07-06 18:50:01,160] {processor.py:651} INFO - DAG(s) dict_keys(['example_dag_decorator']) retrieved from /home/airflow/.local/lib/python3.7/site-packages/airflow/example_dags/example_dag_decorator.py
[2022-07-06 18:50:01,195] {logging_mixin.py:115} INFO - [2022-07-06 18:50:01,194] {dag.py:2371} INFO - Sync 1 DAGs
[2022-07-06 18:50:01,224] {logging_mixin.py:115} INFO - [2022-07-06 18:50:01,224] {dag.py:2919} INFO - Setting next_dagrun for example_dag_decorator to None, run_after=None
[2022-07-06 18:50:01,240] {processor.py:161} INFO - Processing /home/airflow/.local/lib/python3.7/site-packages/airflow/example_dags/example_dag_decorator.py took 0.115 seconds
[2022-07-06 18:50:31,597] {processor.py:153} INFO - Started process (PID=1759) to work on /home/airflow/.local/lib/python3.7/site-packages/airflow/example_dags/example_dag_decorator.py
[2022-07-06 18:50:31,598] {processor.py:641} INFO - Processing file /home/airflow/.local/lib/python3.7/site-packages/airflow/example_dags/example_dag_decorator.py for tasks to queue
[2022-07-06 18:50:31,600] {logging_mixin.py:115} INFO - [2022-07-06 18:50:31,600] {dagbag.py:507} INFO - Filling up the DagBag from /home/airflow/.local/lib/python3.7/site-packages/airflow/example_dags/example_dag_decorator.py
[2022-07-06 18:50:31,629] {processor.py:651} INFO - DAG(s) dict_keys(['example_dag_decorator']) retrieved from /home/airflow/.local/lib/python3.7/site-packages/airflow/example_dags/example_dag_decorator.py
[2022-07-06 18:50:31,660] {logging_mixin.py:115} INFO - [2022-07-06 18:50:31,660] {dag.py:2371} INFO - Sync 1 DAGs
[2022-07-06 18:50:31,697] {logging_mixin.py:115} INFO - [2022-07-06 18:50:31,697] {dag.py:2919} INFO - Setting next_dagrun for example_dag_decorator to None, run_after=None
[2022-07-06 18:50:31,711] {processor.py:161} INFO - Processing /home/airflow/.local/lib/python3.7/site-packages/airflow/example_dags/example_dag_decorator.py took 0.119 seconds
[2022-07-06 18:51:02,173] {processor.py:153} INFO - Started process (PID=1824) to work on /home/airflow/.local/lib/python3.7/site-packages/airflow/example_dags/example_dag_decorator.py
[2022-07-06 18:51:02,174] {processor.py:641} INFO - Processing file /home/airflow/.local/lib/python3.7/site-packages/airflow/example_dags/example_dag_decorator.py for tasks to queue
[2022-07-06 18:51:02,183] {logging_mixin.py:115} INFO - [2022-07-06 18:51:02,183] {dagbag.py:507} INFO - Filling up the DagBag from /home/airflow/.local/lib/python3.7/site-packages/airflow/example_dags/example_dag_decorator.py
[2022-07-06 18:51:02,215] {processor.py:651} INFO - DAG(s) dict_keys(['example_dag_decorator']) retrieved from /home/airflow/.local/lib/python3.7/site-packages/airflow/example_dags/example_dag_decorator.py
[2022-07-06 18:51:02,246] {logging_mixin.py:115} INFO - [2022-07-06 18:51:02,246] {dag.py:2371} INFO - Sync 1 DAGs
[2022-07-06 18:51:02,280] {logging_mixin.py:115} INFO - [2022-07-06 18:51:02,280] {dag.py:2919} INFO - Setting next_dagrun for example_dag_decorator to None, run_after=None
[2022-07-06 18:51:02,298] {processor.py:161} INFO - Processing /home/airflow/.local/lib/python3.7/site-packages/airflow/example_dags/example_dag_decorator.py took 0.134 seconds
[2022-07-06 18:51:33,156] {processor.py:153} INFO - Started process (PID=1880) to work on /home/airflow/.local/lib/python3.7/site-packages/airflow/example_dags/example_dag_decorator.py
[2022-07-06 18:51:33,157] {processor.py:641} INFO - Processing file /home/airflow/.local/lib/python3.7/site-packages/airflow/example_dags/example_dag_decorator.py for tasks to queue
[2022-07-06 18:51:33,158] {logging_mixin.py:115} INFO - [2022-07-06 18:51:33,158] {dagbag.py:507} INFO - Filling up the DagBag from /home/airflow/.local/lib/python3.7/site-packages/airflow/example_dags/example_dag_decorator.py
[2022-07-06 18:51:33,188] {processor.py:651} INFO - DAG(s) dict_keys(['example_dag_decorator']) retrieved from /home/airflow/.local/lib/python3.7/site-packages/airflow/example_dags/example_dag_decorator.py
[2022-07-06 18:51:33,425] {logging_mixin.py:115} INFO - [2022-07-06 18:51:33,425] {dag.py:2371} INFO - Sync 1 DAGs
[2022-07-06 18:51:33,448] {logging_mixin.py:115} INFO - [2022-07-06 18:51:33,448] {dag.py:2919} INFO - Setting next_dagrun for example_dag_decorator to None, run_after=None
[2022-07-06 18:51:33,467] {processor.py:161} INFO - Processing /home/airflow/.local/lib/python3.7/site-packages/airflow/example_dags/example_dag_decorator.py took 0.317 seconds
[2022-07-06 18:52:03,537] {processor.py:153} INFO - Started process (PID=1944) to work on /home/airflow/.local/lib/python3.7/site-packages/airflow/example_dags/example_dag_decorator.py
[2022-07-06 18:52:03,538] {processor.py:641} INFO - Processing file /home/airflow/.local/lib/python3.7/site-packages/airflow/example_dags/example_dag_decorator.py for tasks to queue
[2022-07-06 18:52:03,540] {logging_mixin.py:115} INFO - [2022-07-06 18:52:03,540] {dagbag.py:507} INFO - Filling up the DagBag from /home/airflow/.local/lib/python3.7/site-packages/airflow/example_dags/example_dag_decorator.py
[2022-07-06 18:52:03,576] {processor.py:651} INFO - DAG(s) dict_keys(['example_dag_decorator']) retrieved from /home/airflow/.local/lib/python3.7/site-packages/airflow/example_dags/example_dag_decorator.py
[2022-07-06 18:52:03,803] {logging_mixin.py:115} INFO - [2022-07-06 18:52:03,802] {dag.py:2371} INFO - Sync 1 DAGs
[2022-07-06 18:52:03,828] {logging_mixin.py:115} INFO - [2022-07-06 18:52:03,828] {dag.py:2919} INFO - Setting next_dagrun for example_dag_decorator to None, run_after=None
[2022-07-06 18:52:03,843] {processor.py:161} INFO - Processing /home/airflow/.local/lib/python3.7/site-packages/airflow/example_dags/example_dag_decorator.py took 0.313 seconds
[2022-07-06 18:52:33,949] {processor.py:153} INFO - Started process (PID=2000) to work on /home/airflow/.local/lib/python3.7/site-packages/airflow/example_dags/example_dag_decorator.py
[2022-07-06 18:52:33,950] {processor.py:641} INFO - Processing file /home/airflow/.local/lib/python3.7/site-packages/airflow/example_dags/example_dag_decorator.py for tasks to queue
[2022-07-06 18:52:33,951] {logging_mixin.py:115} INFO - [2022-07-06 18:52:33,951] {dagbag.py:507} INFO - Filling up the DagBag from /home/airflow/.local/lib/python3.7/site-packages/airflow/example_dags/example_dag_decorator.py
[2022-07-06 18:52:33,982] {processor.py:651} INFO - DAG(s) dict_keys(['example_dag_decorator']) retrieved from /home/airflow/.local/lib/python3.7/site-packages/airflow/example_dags/example_dag_decorator.py
[2022-07-06 18:52:34,238] {logging_mixin.py:115} INFO - [2022-07-06 18:52:34,238] {dag.py:2371} INFO - Sync 1 DAGs
[2022-07-06 18:52:34,280] {logging_mixin.py:115} INFO - [2022-07-06 18:52:34,280] {dag.py:2919} INFO - Setting next_dagrun for example_dag_decorator to None, run_after=None
[2022-07-06 18:52:34,305] {processor.py:161} INFO - Processing /home/airflow/.local/lib/python3.7/site-packages/airflow/example_dags/example_dag_decorator.py took 0.360 seconds
[2022-07-06 18:53:04,704] {processor.py:153} INFO - Started process (PID=2062) to work on /home/airflow/.local/lib/python3.7/site-packages/airflow/example_dags/example_dag_decorator.py
[2022-07-06 18:53:04,707] {processor.py:641} INFO - Processing file /home/airflow/.local/lib/python3.7/site-packages/airflow/example_dags/example_dag_decorator.py for tasks to queue
[2022-07-06 18:53:04,709] {logging_mixin.py:115} INFO - [2022-07-06 18:53:04,709] {dagbag.py:507} INFO - Filling up the DagBag from /home/airflow/.local/lib/python3.7/site-packages/airflow/example_dags/example_dag_decorator.py
[2022-07-06 18:53:04,756] {processor.py:651} INFO - DAG(s) dict_keys(['example_dag_decorator']) retrieved from /home/airflow/.local/lib/python3.7/site-packages/airflow/example_dags/example_dag_decorator.py
[2022-07-06 18:53:05,121] {logging_mixin.py:115} INFO - [2022-07-06 18:53:05,120] {dag.py:2371} INFO - Sync 1 DAGs
[2022-07-06 18:53:05,163] {logging_mixin.py:115} INFO - [2022-07-06 18:53:05,163] {dag.py:2919} INFO - Setting next_dagrun for example_dag_decorator to None, run_after=None
[2022-07-06 18:53:05,187] {processor.py:161} INFO - Processing /home/airflow/.local/lib/python3.7/site-packages/airflow/example_dags/example_dag_decorator.py took 0.489 seconds
[2022-07-06 18:53:35,315] {processor.py:153} INFO - Started process (PID=2126) to work on /home/airflow/.local/lib/python3.7/site-packages/airflow/example_dags/example_dag_decorator.py
[2022-07-06 18:53:35,316] {processor.py:641} INFO - Processing file /home/airflow/.local/lib/python3.7/site-packages/airflow/example_dags/example_dag_decorator.py for tasks to queue
[2022-07-06 18:53:35,317] {logging_mixin.py:115} INFO - [2022-07-06 18:53:35,317] {dagbag.py:507} INFO - Filling up the DagBag from /home/airflow/.local/lib/python3.7/site-packages/airflow/example_dags/example_dag_decorator.py
[2022-07-06 18:53:35,348] {processor.py:651} INFO - DAG(s) dict_keys(['example_dag_decorator']) retrieved from /home/airflow/.local/lib/python3.7/site-packages/airflow/example_dags/example_dag_decorator.py
[2022-07-06 18:53:35,581] {logging_mixin.py:115} INFO - [2022-07-06 18:53:35,581] {dag.py:2371} INFO - Sync 1 DAGs
[2022-07-06 18:53:35,605] {logging_mixin.py:115} INFO - [2022-07-06 18:53:35,605] {dag.py:2919} INFO - Setting next_dagrun for example_dag_decorator to None, run_after=None
[2022-07-06 18:53:35,623] {processor.py:161} INFO - Processing /home/airflow/.local/lib/python3.7/site-packages/airflow/example_dags/example_dag_decorator.py took 0.313 seconds
[2022-07-06 18:54:09,501] {processor.py:153} INFO - Started process (PID=2181) to work on /home/airflow/.local/lib/python3.7/site-packages/airflow/example_dags/example_dag_decorator.py
[2022-07-06 18:54:09,503] {processor.py:641} INFO - Processing file /home/airflow/.local/lib/python3.7/site-packages/airflow/example_dags/example_dag_decorator.py for tasks to queue
[2022-07-06 18:54:09,506] {logging_mixin.py:115} INFO - [2022-07-06 18:54:09,505] {dagbag.py:507} INFO - Filling up the DagBag from /home/airflow/.local/lib/python3.7/site-packages/airflow/example_dags/example_dag_decorator.py
[2022-07-06 18:54:09,603] {processor.py:651} INFO - DAG(s) dict_keys(['example_dag_decorator']) retrieved from /home/airflow/.local/lib/python3.7/site-packages/airflow/example_dags/example_dag_decorator.py
[2022-07-06 18:54:11,369] {logging_mixin.py:115} INFO - [2022-07-06 18:54:11,369] {dag.py:2371} INFO - Sync 1 DAGs
[2022-07-06 18:54:11,571] {logging_mixin.py:115} INFO - [2022-07-06 18:54:11,571] {dag.py:2919} INFO - Setting next_dagrun for example_dag_decorator to None, run_after=None
[2022-07-06 18:54:11,728] {processor.py:161} INFO - Processing /home/airflow/.local/lib/python3.7/site-packages/airflow/example_dags/example_dag_decorator.py took 2.234 seconds
[2022-07-06 18:54:42,825] {processor.py:153} INFO - Started process (PID=2246) to work on /home/airflow/.local/lib/python3.7/site-packages/airflow/example_dags/example_dag_decorator.py
[2022-07-06 18:54:42,831] {processor.py:641} INFO - Processing file /home/airflow/.local/lib/python3.7/site-packages/airflow/example_dags/example_dag_decorator.py for tasks to queue
[2022-07-06 18:54:42,839] {logging_mixin.py:115} INFO - [2022-07-06 18:54:42,839] {dagbag.py:507} INFO - Filling up the DagBag from /home/airflow/.local/lib/python3.7/site-packages/airflow/example_dags/example_dag_decorator.py
[2022-07-06 18:54:42,888] {processor.py:651} INFO - DAG(s) dict_keys(['example_dag_decorator']) retrieved from /home/airflow/.local/lib/python3.7/site-packages/airflow/example_dags/example_dag_decorator.py
[2022-07-06 18:54:43,216] {logging_mixin.py:115} INFO - [2022-07-06 18:54:43,216] {dag.py:2371} INFO - Sync 1 DAGs
[2022-07-06 18:54:43,263] {logging_mixin.py:115} INFO - [2022-07-06 18:54:43,263] {dag.py:2919} INFO - Setting next_dagrun for example_dag_decorator to None, run_after=None
[2022-07-06 18:54:43,294] {processor.py:161} INFO - Processing /home/airflow/.local/lib/python3.7/site-packages/airflow/example_dags/example_dag_decorator.py took 0.489 seconds
[2022-07-06 18:55:14,218] {processor.py:153} INFO - Started process (PID=2300) to work on /home/airflow/.local/lib/python3.7/site-packages/airflow/example_dags/example_dag_decorator.py
[2022-07-06 18:55:14,221] {processor.py:641} INFO - Processing file /home/airflow/.local/lib/python3.7/site-packages/airflow/example_dags/example_dag_decorator.py for tasks to queue
[2022-07-06 18:55:14,223] {logging_mixin.py:115} INFO - [2022-07-06 18:55:14,223] {dagbag.py:507} INFO - Filling up the DagBag from /home/airflow/.local/lib/python3.7/site-packages/airflow/example_dags/example_dag_decorator.py
[2022-07-06 18:55:14,258] {processor.py:651} INFO - DAG(s) dict_keys(['example_dag_decorator']) retrieved from /home/airflow/.local/lib/python3.7/site-packages/airflow/example_dags/example_dag_decorator.py
[2022-07-06 18:55:14,294] {logging_mixin.py:115} INFO - [2022-07-06 18:55:14,294] {dag.py:2371} INFO - Sync 1 DAGs
[2022-07-06 18:55:14,323] {logging_mixin.py:115} INFO - [2022-07-06 18:55:14,323] {dag.py:2919} INFO - Setting next_dagrun for example_dag_decorator to None, run_after=None
[2022-07-06 18:55:14,340] {processor.py:161} INFO - Processing /home/airflow/.local/lib/python3.7/site-packages/airflow/example_dags/example_dag_decorator.py took 0.129 seconds
[2022-07-06 18:55:45,168] {processor.py:153} INFO - Started process (PID=2365) to work on /home/airflow/.local/lib/python3.7/site-packages/airflow/example_dags/example_dag_decorator.py
[2022-07-06 18:55:45,181] {processor.py:641} INFO - Processing file /home/airflow/.local/lib/python3.7/site-packages/airflow/example_dags/example_dag_decorator.py for tasks to queue
[2022-07-06 18:55:45,189] {logging_mixin.py:115} INFO - [2022-07-06 18:55:45,189] {dagbag.py:507} INFO - Filling up the DagBag from /home/airflow/.local/lib/python3.7/site-packages/airflow/example_dags/example_dag_decorator.py
[2022-07-06 18:55:45,376] {processor.py:651} INFO - DAG(s) dict_keys(['example_dag_decorator']) retrieved from /home/airflow/.local/lib/python3.7/site-packages/airflow/example_dags/example_dag_decorator.py
[2022-07-06 18:55:45,460] {logging_mixin.py:115} INFO - [2022-07-06 18:55:45,460] {dag.py:2371} INFO - Sync 1 DAGs
[2022-07-06 18:55:45,534] {logging_mixin.py:115} INFO - [2022-07-06 18:55:45,529] {dag.py:2919} INFO - Setting next_dagrun for example_dag_decorator to None, run_after=None
[2022-07-06 18:55:45,589] {processor.py:161} INFO - Processing /home/airflow/.local/lib/python3.7/site-packages/airflow/example_dags/example_dag_decorator.py took 0.460 seconds
[2022-07-06 18:56:16,439] {processor.py:153} INFO - Started process (PID=2425) to work on /home/airflow/.local/lib/python3.7/site-packages/airflow/example_dags/example_dag_decorator.py
[2022-07-06 18:56:16,441] {processor.py:641} INFO - Processing file /home/airflow/.local/lib/python3.7/site-packages/airflow/example_dags/example_dag_decorator.py for tasks to queue
[2022-07-06 18:56:16,442] {logging_mixin.py:115} INFO - [2022-07-06 18:56:16,442] {dagbag.py:507} INFO - Filling up the DagBag from /home/airflow/.local/lib/python3.7/site-packages/airflow/example_dags/example_dag_decorator.py
[2022-07-06 18:56:16,473] {processor.py:651} INFO - DAG(s) dict_keys(['example_dag_decorator']) retrieved from /home/airflow/.local/lib/python3.7/site-packages/airflow/example_dags/example_dag_decorator.py
[2022-07-06 18:56:16,752] {logging_mixin.py:115} INFO - [2022-07-06 18:56:16,752] {dag.py:2371} INFO - Sync 1 DAGs
[2022-07-06 18:56:16,782] {logging_mixin.py:115} INFO - [2022-07-06 18:56:16,782] {dag.py:2919} INFO - Setting next_dagrun for example_dag_decorator to None, run_after=None
[2022-07-06 18:56:16,809] {processor.py:161} INFO - Processing /home/airflow/.local/lib/python3.7/site-packages/airflow/example_dags/example_dag_decorator.py took 0.374 seconds
[2022-07-06 18:56:46,931] {processor.py:153} INFO - Started process (PID=2479) to work on /home/airflow/.local/lib/python3.7/site-packages/airflow/example_dags/example_dag_decorator.py
[2022-07-06 18:56:46,939] {processor.py:641} INFO - Processing file /home/airflow/.local/lib/python3.7/site-packages/airflow/example_dags/example_dag_decorator.py for tasks to queue
[2022-07-06 18:56:46,942] {logging_mixin.py:115} INFO - [2022-07-06 18:56:46,942] {dagbag.py:507} INFO - Filling up the DagBag from /home/airflow/.local/lib/python3.7/site-packages/airflow/example_dags/example_dag_decorator.py
[2022-07-06 18:56:47,035] {processor.py:651} INFO - DAG(s) dict_keys(['example_dag_decorator']) retrieved from /home/airflow/.local/lib/python3.7/site-packages/airflow/example_dags/example_dag_decorator.py
[2022-07-06 18:56:47,748] {logging_mixin.py:115} INFO - [2022-07-06 18:56:47,748] {dag.py:2371} INFO - Sync 1 DAGs
[2022-07-06 18:56:47,966] {logging_mixin.py:115} INFO - [2022-07-06 18:56:47,966] {dag.py:2919} INFO - Setting next_dagrun for example_dag_decorator to None, run_after=None
[2022-07-06 18:56:48,010] {processor.py:161} INFO - Processing /home/airflow/.local/lib/python3.7/site-packages/airflow/example_dags/example_dag_decorator.py took 1.086 seconds
[2022-07-06 18:57:18,716] {processor.py:153} INFO - Started process (PID=2532) to work on /home/airflow/.local/lib/python3.7/site-packages/airflow/example_dags/example_dag_decorator.py
[2022-07-06 18:57:18,718] {processor.py:641} INFO - Processing file /home/airflow/.local/lib/python3.7/site-packages/airflow/example_dags/example_dag_decorator.py for tasks to queue
[2022-07-06 18:57:18,719] {logging_mixin.py:115} INFO - [2022-07-06 18:57:18,719] {dagbag.py:507} INFO - Filling up the DagBag from /home/airflow/.local/lib/python3.7/site-packages/airflow/example_dags/example_dag_decorator.py
[2022-07-06 18:57:18,754] {processor.py:651} INFO - DAG(s) dict_keys(['example_dag_decorator']) retrieved from /home/airflow/.local/lib/python3.7/site-packages/airflow/example_dags/example_dag_decorator.py
[2022-07-06 18:57:19,114] {logging_mixin.py:115} INFO - [2022-07-06 18:57:19,114] {dag.py:2371} INFO - Sync 1 DAGs
[2022-07-06 18:57:19,213] {logging_mixin.py:115} INFO - [2022-07-06 18:57:19,213] {dag.py:2919} INFO - Setting next_dagrun for example_dag_decorator to None, run_after=None
[2022-07-06 18:57:19,242] {processor.py:161} INFO - Processing /home/airflow/.local/lib/python3.7/site-packages/airflow/example_dags/example_dag_decorator.py took 0.531 seconds
[2022-07-06 18:57:50,063] {processor.py:153} INFO - Started process (PID=2595) to work on /home/airflow/.local/lib/python3.7/site-packages/airflow/example_dags/example_dag_decorator.py
[2022-07-06 18:57:50,067] {processor.py:641} INFO - Processing file /home/airflow/.local/lib/python3.7/site-packages/airflow/example_dags/example_dag_decorator.py for tasks to queue
[2022-07-06 18:57:50,068] {logging_mixin.py:115} INFO - [2022-07-06 18:57:50,068] {dagbag.py:507} INFO - Filling up the DagBag from /home/airflow/.local/lib/python3.7/site-packages/airflow/example_dags/example_dag_decorator.py
[2022-07-06 18:57:50,120] {processor.py:651} INFO - DAG(s) dict_keys(['example_dag_decorator']) retrieved from /home/airflow/.local/lib/python3.7/site-packages/airflow/example_dags/example_dag_decorator.py
[2022-07-06 18:57:50,487] {logging_mixin.py:115} INFO - [2022-07-06 18:57:50,487] {dag.py:2371} INFO - Sync 1 DAGs
[2022-07-06 18:57:50,529] {logging_mixin.py:115} INFO - [2022-07-06 18:57:50,529] {dag.py:2919} INFO - Setting next_dagrun for example_dag_decorator to None, run_after=None
[2022-07-06 18:57:50,553] {processor.py:161} INFO - Processing /home/airflow/.local/lib/python3.7/site-packages/airflow/example_dags/example_dag_decorator.py took 0.495 seconds
[2022-07-06 18:58:20,887] {processor.py:153} INFO - Started process (PID=2649) to work on /home/airflow/.local/lib/python3.7/site-packages/airflow/example_dags/example_dag_decorator.py
[2022-07-06 18:58:20,891] {processor.py:641} INFO - Processing file /home/airflow/.local/lib/python3.7/site-packages/airflow/example_dags/example_dag_decorator.py for tasks to queue
[2022-07-06 18:58:20,892] {logging_mixin.py:115} INFO - [2022-07-06 18:58:20,892] {dagbag.py:507} INFO - Filling up the DagBag from /home/airflow/.local/lib/python3.7/site-packages/airflow/example_dags/example_dag_decorator.py
[2022-07-06 18:58:20,925] {processor.py:651} INFO - DAG(s) dict_keys(['example_dag_decorator']) retrieved from /home/airflow/.local/lib/python3.7/site-packages/airflow/example_dags/example_dag_decorator.py
[2022-07-06 18:58:20,959] {logging_mixin.py:115} INFO - [2022-07-06 18:58:20,959] {dag.py:2371} INFO - Sync 1 DAGs
[2022-07-06 18:58:21,002] {logging_mixin.py:115} INFO - [2022-07-06 18:58:21,001] {dag.py:2919} INFO - Setting next_dagrun for example_dag_decorator to None, run_after=None
[2022-07-06 18:58:21,134] {processor.py:161} INFO - Processing /home/airflow/.local/lib/python3.7/site-packages/airflow/example_dags/example_dag_decorator.py took 0.276 seconds
[2022-07-06 18:58:51,500] {processor.py:153} INFO - Started process (PID=2714) to work on /home/airflow/.local/lib/python3.7/site-packages/airflow/example_dags/example_dag_decorator.py
[2022-07-06 18:58:51,501] {processor.py:641} INFO - Processing file /home/airflow/.local/lib/python3.7/site-packages/airflow/example_dags/example_dag_decorator.py for tasks to queue
[2022-07-06 18:58:51,502] {logging_mixin.py:115} INFO - [2022-07-06 18:58:51,502] {dagbag.py:507} INFO - Filling up the DagBag from /home/airflow/.local/lib/python3.7/site-packages/airflow/example_dags/example_dag_decorator.py
[2022-07-06 18:58:51,533] {processor.py:651} INFO - DAG(s) dict_keys(['example_dag_decorator']) retrieved from /home/airflow/.local/lib/python3.7/site-packages/airflow/example_dags/example_dag_decorator.py
[2022-07-06 18:58:51,766] {logging_mixin.py:115} INFO - [2022-07-06 18:58:51,766] {dag.py:2371} INFO - Sync 1 DAGs
[2022-07-06 18:58:51,789] {logging_mixin.py:115} INFO - [2022-07-06 18:58:51,788] {dag.py:2919} INFO - Setting next_dagrun for example_dag_decorator to None, run_after=None
[2022-07-06 18:58:51,805] {processor.py:161} INFO - Processing /home/airflow/.local/lib/python3.7/site-packages/airflow/example_dags/example_dag_decorator.py took 0.311 seconds
[2022-07-06 18:59:22,190] {processor.py:153} INFO - Started process (PID=2776) to work on /home/airflow/.local/lib/python3.7/site-packages/airflow/example_dags/example_dag_decorator.py
[2022-07-06 18:59:22,192] {processor.py:641} INFO - Processing file /home/airflow/.local/lib/python3.7/site-packages/airflow/example_dags/example_dag_decorator.py for tasks to queue
[2022-07-06 18:59:22,194] {logging_mixin.py:115} INFO - [2022-07-06 18:59:22,194] {dagbag.py:507} INFO - Filling up the DagBag from /home/airflow/.local/lib/python3.7/site-packages/airflow/example_dags/example_dag_decorator.py
[2022-07-06 18:59:22,226] {processor.py:651} INFO - DAG(s) dict_keys(['example_dag_decorator']) retrieved from /home/airflow/.local/lib/python3.7/site-packages/airflow/example_dags/example_dag_decorator.py
[2022-07-06 18:59:22,268] {logging_mixin.py:115} INFO - [2022-07-06 18:59:22,268] {dag.py:2371} INFO - Sync 1 DAGs
[2022-07-06 18:59:22,295] {logging_mixin.py:115} INFO - [2022-07-06 18:59:22,295] {dag.py:2919} INFO - Setting next_dagrun for example_dag_decorator to None, run_after=None
[2022-07-06 18:59:22,459] {processor.py:161} INFO - Processing /home/airflow/.local/lib/python3.7/site-packages/airflow/example_dags/example_dag_decorator.py took 0.275 seconds
[2022-07-06 18:59:53,239] {processor.py:153} INFO - Started process (PID=2831) to work on /home/airflow/.local/lib/python3.7/site-packages/airflow/example_dags/example_dag_decorator.py
[2022-07-06 18:59:53,241] {processor.py:641} INFO - Processing file /home/airflow/.local/lib/python3.7/site-packages/airflow/example_dags/example_dag_decorator.py for tasks to queue
[2022-07-06 18:59:53,244] {logging_mixin.py:115} INFO - [2022-07-06 18:59:53,244] {dagbag.py:507} INFO - Filling up the DagBag from /home/airflow/.local/lib/python3.7/site-packages/airflow/example_dags/example_dag_decorator.py
[2022-07-06 18:59:53,281] {processor.py:651} INFO - DAG(s) dict_keys(['example_dag_decorator']) retrieved from /home/airflow/.local/lib/python3.7/site-packages/airflow/example_dags/example_dag_decorator.py
[2022-07-06 18:59:53,622] {logging_mixin.py:115} INFO - [2022-07-06 18:59:53,622] {dag.py:2371} INFO - Sync 1 DAGs
[2022-07-06 18:59:53,653] {logging_mixin.py:115} INFO - [2022-07-06 18:59:53,653] {dag.py:2919} INFO - Setting next_dagrun for example_dag_decorator to None, run_after=None
[2022-07-06 18:59:53,682] {processor.py:161} INFO - Processing /home/airflow/.local/lib/python3.7/site-packages/airflow/example_dags/example_dag_decorator.py took 0.450 seconds
[2022-07-06 19:00:24,497] {processor.py:153} INFO - Started process (PID=2897) to work on /home/airflow/.local/lib/python3.7/site-packages/airflow/example_dags/example_dag_decorator.py
[2022-07-06 19:00:24,499] {processor.py:641} INFO - Processing file /home/airflow/.local/lib/python3.7/site-packages/airflow/example_dags/example_dag_decorator.py for tasks to queue
[2022-07-06 19:00:24,500] {logging_mixin.py:115} INFO - [2022-07-06 19:00:24,500] {dagbag.py:507} INFO - Filling up the DagBag from /home/airflow/.local/lib/python3.7/site-packages/airflow/example_dags/example_dag_decorator.py
[2022-07-06 19:00:24,536] {processor.py:651} INFO - DAG(s) dict_keys(['example_dag_decorator']) retrieved from /home/airflow/.local/lib/python3.7/site-packages/airflow/example_dags/example_dag_decorator.py
[2022-07-06 19:00:24,765] {logging_mixin.py:115} INFO - [2022-07-06 19:00:24,765] {dag.py:2371} INFO - Sync 1 DAGs
[2022-07-06 19:00:24,806] {logging_mixin.py:115} INFO - [2022-07-06 19:00:24,805] {dag.py:2919} INFO - Setting next_dagrun for example_dag_decorator to None, run_after=None
[2022-07-06 19:00:24,826] {processor.py:161} INFO - Processing /home/airflow/.local/lib/python3.7/site-packages/airflow/example_dags/example_dag_decorator.py took 0.335 seconds
[2022-07-06 19:00:54,916] {processor.py:153} INFO - Started process (PID=2960) to work on /home/airflow/.local/lib/python3.7/site-packages/airflow/example_dags/example_dag_decorator.py
[2022-07-06 19:00:54,919] {processor.py:641} INFO - Processing file /home/airflow/.local/lib/python3.7/site-packages/airflow/example_dags/example_dag_decorator.py for tasks to queue
[2022-07-06 19:00:54,921] {logging_mixin.py:115} INFO - [2022-07-06 19:00:54,921] {dagbag.py:507} INFO - Filling up the DagBag from /home/airflow/.local/lib/python3.7/site-packages/airflow/example_dags/example_dag_decorator.py
[2022-07-06 19:00:54,970] {processor.py:651} INFO - DAG(s) dict_keys(['example_dag_decorator']) retrieved from /home/airflow/.local/lib/python3.7/site-packages/airflow/example_dags/example_dag_decorator.py
[2022-07-06 19:00:55,272] {logging_mixin.py:115} INFO - [2022-07-06 19:00:55,272] {dag.py:2371} INFO - Sync 1 DAGs
[2022-07-06 19:00:55,305] {logging_mixin.py:115} INFO - [2022-07-06 19:00:55,304] {dag.py:2919} INFO - Setting next_dagrun for example_dag_decorator to None, run_after=None
[2022-07-06 19:00:55,332] {processor.py:161} INFO - Processing /home/airflow/.local/lib/python3.7/site-packages/airflow/example_dags/example_dag_decorator.py took 0.422 seconds
[2022-07-06 19:01:25,702] {processor.py:153} INFO - Started process (PID=3015) to work on /home/airflow/.local/lib/python3.7/site-packages/airflow/example_dags/example_dag_decorator.py
[2022-07-06 19:01:25,703] {processor.py:641} INFO - Processing file /home/airflow/.local/lib/python3.7/site-packages/airflow/example_dags/example_dag_decorator.py for tasks to queue
[2022-07-06 19:01:25,705] {logging_mixin.py:115} INFO - [2022-07-06 19:01:25,705] {dagbag.py:507} INFO - Filling up the DagBag from /home/airflow/.local/lib/python3.7/site-packages/airflow/example_dags/example_dag_decorator.py
[2022-07-06 19:01:25,735] {processor.py:651} INFO - DAG(s) dict_keys(['example_dag_decorator']) retrieved from /home/airflow/.local/lib/python3.7/site-packages/airflow/example_dags/example_dag_decorator.py
[2022-07-06 19:01:25,945] {logging_mixin.py:115} INFO - [2022-07-06 19:01:25,945] {dag.py:2371} INFO - Sync 1 DAGs
[2022-07-06 19:01:25,974] {logging_mixin.py:115} INFO - [2022-07-06 19:01:25,974] {dag.py:2919} INFO - Setting next_dagrun for example_dag_decorator to None, run_after=None
[2022-07-06 19:01:25,991] {processor.py:161} INFO - Processing /home/airflow/.local/lib/python3.7/site-packages/airflow/example_dags/example_dag_decorator.py took 0.294 seconds
