[2022-07-06 18:36:12,519] {processor.py:153} INFO - Started process (PID=60) to work on /home/airflow/.local/lib/python3.7/site-packages/airflow/example_dags/example_python_operator.py
[2022-07-06 18:36:12,520] {processor.py:641} INFO - Processing file /home/airflow/.local/lib/python3.7/site-packages/airflow/example_dags/example_python_operator.py for tasks to queue
[2022-07-06 18:36:12,522] {logging_mixin.py:115} INFO - [2022-07-06 18:36:12,522] {dagbag.py:507} INFO - Filling up the DagBag from /home/airflow/.local/lib/python3.7/site-packages/airflow/example_dags/example_python_operator.py
[2022-07-06 18:36:12,553] {processor.py:651} INFO - DAG(s) dict_keys(['example_python_operator']) retrieved from /home/airflow/.local/lib/python3.7/site-packages/airflow/example_dags/example_python_operator.py
[2022-07-06 18:36:12,593] {logging_mixin.py:115} INFO - [2022-07-06 18:36:12,592] {dag.py:2371} INFO - Sync 1 DAGs
[2022-07-06 18:36:12,640] {logging_mixin.py:115} INFO - [2022-07-06 18:36:12,640] {dag.py:2919} INFO - Setting next_dagrun for example_python_operator to None, run_after=None
[2022-07-06 18:36:12,677] {processor.py:161} INFO - Processing /home/airflow/.local/lib/python3.7/site-packages/airflow/example_dags/example_python_operator.py took 0.163 seconds
[2022-07-06 18:36:42,728] {processor.py:153} INFO - Started process (PID=123) to work on /home/airflow/.local/lib/python3.7/site-packages/airflow/example_dags/example_python_operator.py
[2022-07-06 18:36:42,729] {processor.py:641} INFO - Processing file /home/airflow/.local/lib/python3.7/site-packages/airflow/example_dags/example_python_operator.py for tasks to queue
[2022-07-06 18:36:42,730] {logging_mixin.py:115} INFO - [2022-07-06 18:36:42,730] {dagbag.py:507} INFO - Filling up the DagBag from /home/airflow/.local/lib/python3.7/site-packages/airflow/example_dags/example_python_operator.py
[2022-07-06 18:36:42,752] {processor.py:651} INFO - DAG(s) dict_keys(['example_python_operator']) retrieved from /home/airflow/.local/lib/python3.7/site-packages/airflow/example_dags/example_python_operator.py
[2022-07-06 18:36:42,785] {logging_mixin.py:115} INFO - [2022-07-06 18:36:42,785] {dag.py:2371} INFO - Sync 1 DAGs
[2022-07-06 18:36:42,814] {logging_mixin.py:115} INFO - [2022-07-06 18:36:42,814] {dag.py:2919} INFO - Setting next_dagrun for example_python_operator to None, run_after=None
[2022-07-06 18:36:42,829] {processor.py:161} INFO - Processing /home/airflow/.local/lib/python3.7/site-packages/airflow/example_dags/example_python_operator.py took 0.105 seconds
[2022-07-06 18:37:12,927] {processor.py:153} INFO - Started process (PID=176) to work on /home/airflow/.local/lib/python3.7/site-packages/airflow/example_dags/example_python_operator.py
[2022-07-06 18:37:12,928] {processor.py:641} INFO - Processing file /home/airflow/.local/lib/python3.7/site-packages/airflow/example_dags/example_python_operator.py for tasks to queue
[2022-07-06 18:37:12,929] {logging_mixin.py:115} INFO - [2022-07-06 18:37:12,929] {dagbag.py:507} INFO - Filling up the DagBag from /home/airflow/.local/lib/python3.7/site-packages/airflow/example_dags/example_python_operator.py
[2022-07-06 18:37:12,951] {processor.py:651} INFO - DAG(s) dict_keys(['example_python_operator']) retrieved from /home/airflow/.local/lib/python3.7/site-packages/airflow/example_dags/example_python_operator.py
[2022-07-06 18:37:12,984] {logging_mixin.py:115} INFO - [2022-07-06 18:37:12,984] {dag.py:2371} INFO - Sync 1 DAGs
[2022-07-06 18:37:13,014] {logging_mixin.py:115} INFO - [2022-07-06 18:37:13,014] {dag.py:2919} INFO - Setting next_dagrun for example_python_operator to None, run_after=None
[2022-07-06 18:37:13,028] {processor.py:161} INFO - Processing /home/airflow/.local/lib/python3.7/site-packages/airflow/example_dags/example_python_operator.py took 0.107 seconds
[2022-07-06 18:37:43,396] {processor.py:153} INFO - Started process (PID=240) to work on /home/airflow/.local/lib/python3.7/site-packages/airflow/example_dags/example_python_operator.py
[2022-07-06 18:37:43,397] {processor.py:641} INFO - Processing file /home/airflow/.local/lib/python3.7/site-packages/airflow/example_dags/example_python_operator.py for tasks to queue
[2022-07-06 18:37:43,399] {logging_mixin.py:115} INFO - [2022-07-06 18:37:43,399] {dagbag.py:507} INFO - Filling up the DagBag from /home/airflow/.local/lib/python3.7/site-packages/airflow/example_dags/example_python_operator.py
[2022-07-06 18:37:43,421] {processor.py:651} INFO - DAG(s) dict_keys(['example_python_operator']) retrieved from /home/airflow/.local/lib/python3.7/site-packages/airflow/example_dags/example_python_operator.py
[2022-07-06 18:37:43,458] {logging_mixin.py:115} INFO - [2022-07-06 18:37:43,458] {dag.py:2371} INFO - Sync 1 DAGs
[2022-07-06 18:37:43,488] {logging_mixin.py:115} INFO - [2022-07-06 18:37:43,488] {dag.py:2919} INFO - Setting next_dagrun for example_python_operator to None, run_after=None
[2022-07-06 18:37:43,504] {processor.py:161} INFO - Processing /home/airflow/.local/lib/python3.7/site-packages/airflow/example_dags/example_python_operator.py took 0.112 seconds
[2022-07-06 18:38:14,310] {processor.py:153} INFO - Started process (PID=302) to work on /home/airflow/.local/lib/python3.7/site-packages/airflow/example_dags/example_python_operator.py
[2022-07-06 18:38:14,311] {processor.py:641} INFO - Processing file /home/airflow/.local/lib/python3.7/site-packages/airflow/example_dags/example_python_operator.py for tasks to queue
[2022-07-06 18:38:14,312] {logging_mixin.py:115} INFO - [2022-07-06 18:38:14,312] {dagbag.py:507} INFO - Filling up the DagBag from /home/airflow/.local/lib/python3.7/site-packages/airflow/example_dags/example_python_operator.py
[2022-07-06 18:38:14,342] {processor.py:651} INFO - DAG(s) dict_keys(['example_python_operator']) retrieved from /home/airflow/.local/lib/python3.7/site-packages/airflow/example_dags/example_python_operator.py
[2022-07-06 18:38:14,378] {logging_mixin.py:115} INFO - [2022-07-06 18:38:14,378] {dag.py:2371} INFO - Sync 1 DAGs
[2022-07-06 18:38:14,412] {logging_mixin.py:115} INFO - [2022-07-06 18:38:14,412] {dag.py:2919} INFO - Setting next_dagrun for example_python_operator to None, run_after=None
[2022-07-06 18:38:14,427] {processor.py:161} INFO - Processing /home/airflow/.local/lib/python3.7/site-packages/airflow/example_dags/example_python_operator.py took 0.121 seconds
[2022-07-06 18:38:45,172] {processor.py:153} INFO - Started process (PID=357) to work on /home/airflow/.local/lib/python3.7/site-packages/airflow/example_dags/example_python_operator.py
[2022-07-06 18:38:45,173] {processor.py:641} INFO - Processing file /home/airflow/.local/lib/python3.7/site-packages/airflow/example_dags/example_python_operator.py for tasks to queue
[2022-07-06 18:38:45,175] {logging_mixin.py:115} INFO - [2022-07-06 18:38:45,175] {dagbag.py:507} INFO - Filling up the DagBag from /home/airflow/.local/lib/python3.7/site-packages/airflow/example_dags/example_python_operator.py
[2022-07-06 18:38:45,199] {processor.py:651} INFO - DAG(s) dict_keys(['example_python_operator']) retrieved from /home/airflow/.local/lib/python3.7/site-packages/airflow/example_dags/example_python_operator.py
[2022-07-06 18:38:45,234] {logging_mixin.py:115} INFO - [2022-07-06 18:38:45,234] {dag.py:2371} INFO - Sync 1 DAGs
[2022-07-06 18:38:45,265] {logging_mixin.py:115} INFO - [2022-07-06 18:38:45,265] {dag.py:2919} INFO - Setting next_dagrun for example_python_operator to None, run_after=None
[2022-07-06 18:38:45,281] {processor.py:161} INFO - Processing /home/airflow/.local/lib/python3.7/site-packages/airflow/example_dags/example_python_operator.py took 0.116 seconds
[2022-07-06 18:39:15,432] {processor.py:153} INFO - Started process (PID=422) to work on /home/airflow/.local/lib/python3.7/site-packages/airflow/example_dags/example_python_operator.py
[2022-07-06 18:39:15,433] {processor.py:641} INFO - Processing file /home/airflow/.local/lib/python3.7/site-packages/airflow/example_dags/example_python_operator.py for tasks to queue
[2022-07-06 18:39:15,435] {logging_mixin.py:115} INFO - [2022-07-06 18:39:15,434] {dagbag.py:507} INFO - Filling up the DagBag from /home/airflow/.local/lib/python3.7/site-packages/airflow/example_dags/example_python_operator.py
[2022-07-06 18:39:15,458] {processor.py:651} INFO - DAG(s) dict_keys(['example_python_operator']) retrieved from /home/airflow/.local/lib/python3.7/site-packages/airflow/example_dags/example_python_operator.py
[2022-07-06 18:39:15,497] {logging_mixin.py:115} INFO - [2022-07-06 18:39:15,497] {dag.py:2371} INFO - Sync 1 DAGs
[2022-07-06 18:39:15,524] {logging_mixin.py:115} INFO - [2022-07-06 18:39:15,524] {dag.py:2919} INFO - Setting next_dagrun for example_python_operator to None, run_after=None
[2022-07-06 18:39:15,539] {processor.py:161} INFO - Processing /home/airflow/.local/lib/python3.7/site-packages/airflow/example_dags/example_python_operator.py took 0.112 seconds
[2022-07-06 18:39:46,004] {processor.py:153} INFO - Started process (PID=476) to work on /home/airflow/.local/lib/python3.7/site-packages/airflow/example_dags/example_python_operator.py
[2022-07-06 18:39:46,006] {processor.py:641} INFO - Processing file /home/airflow/.local/lib/python3.7/site-packages/airflow/example_dags/example_python_operator.py for tasks to queue
[2022-07-06 18:39:46,008] {logging_mixin.py:115} INFO - [2022-07-06 18:39:46,008] {dagbag.py:507} INFO - Filling up the DagBag from /home/airflow/.local/lib/python3.7/site-packages/airflow/example_dags/example_python_operator.py
[2022-07-06 18:39:46,045] {processor.py:651} INFO - DAG(s) dict_keys(['example_python_operator']) retrieved from /home/airflow/.local/lib/python3.7/site-packages/airflow/example_dags/example_python_operator.py
[2022-07-06 18:39:46,087] {logging_mixin.py:115} INFO - [2022-07-06 18:39:46,086] {dag.py:2371} INFO - Sync 1 DAGs
[2022-07-06 18:39:46,120] {logging_mixin.py:115} INFO - [2022-07-06 18:39:46,120] {dag.py:2919} INFO - Setting next_dagrun for example_python_operator to None, run_after=None
[2022-07-06 18:39:46,137] {processor.py:161} INFO - Processing /home/airflow/.local/lib/python3.7/site-packages/airflow/example_dags/example_python_operator.py took 0.141 seconds
[2022-07-06 18:40:16,602] {processor.py:153} INFO - Started process (PID=540) to work on /home/airflow/.local/lib/python3.7/site-packages/airflow/example_dags/example_python_operator.py
[2022-07-06 18:40:16,604] {processor.py:641} INFO - Processing file /home/airflow/.local/lib/python3.7/site-packages/airflow/example_dags/example_python_operator.py for tasks to queue
[2022-07-06 18:40:16,605] {logging_mixin.py:115} INFO - [2022-07-06 18:40:16,605] {dagbag.py:507} INFO - Filling up the DagBag from /home/airflow/.local/lib/python3.7/site-packages/airflow/example_dags/example_python_operator.py
[2022-07-06 18:40:16,627] {processor.py:651} INFO - DAG(s) dict_keys(['example_python_operator']) retrieved from /home/airflow/.local/lib/python3.7/site-packages/airflow/example_dags/example_python_operator.py
[2022-07-06 18:40:16,661] {logging_mixin.py:115} INFO - [2022-07-06 18:40:16,661] {dag.py:2371} INFO - Sync 1 DAGs
[2022-07-06 18:40:16,690] {logging_mixin.py:115} INFO - [2022-07-06 18:40:16,690] {dag.py:2919} INFO - Setting next_dagrun for example_python_operator to None, run_after=None
[2022-07-06 18:40:16,706] {processor.py:161} INFO - Processing /home/airflow/.local/lib/python3.7/site-packages/airflow/example_dags/example_python_operator.py took 0.109 seconds
[2022-07-06 18:40:46,940] {processor.py:153} INFO - Started process (PID=604) to work on /home/airflow/.local/lib/python3.7/site-packages/airflow/example_dags/example_python_operator.py
[2022-07-06 18:40:46,942] {processor.py:641} INFO - Processing file /home/airflow/.local/lib/python3.7/site-packages/airflow/example_dags/example_python_operator.py for tasks to queue
[2022-07-06 18:40:46,943] {logging_mixin.py:115} INFO - [2022-07-06 18:40:46,943] {dagbag.py:507} INFO - Filling up the DagBag from /home/airflow/.local/lib/python3.7/site-packages/airflow/example_dags/example_python_operator.py
[2022-07-06 18:40:46,968] {processor.py:651} INFO - DAG(s) dict_keys(['example_python_operator']) retrieved from /home/airflow/.local/lib/python3.7/site-packages/airflow/example_dags/example_python_operator.py
[2022-07-06 18:40:47,005] {logging_mixin.py:115} INFO - [2022-07-06 18:40:47,005] {dag.py:2371} INFO - Sync 1 DAGs
[2022-07-06 18:40:47,041] {logging_mixin.py:115} INFO - [2022-07-06 18:40:47,040] {dag.py:2919} INFO - Setting next_dagrun for example_python_operator to None, run_after=None
[2022-07-06 18:40:47,056] {processor.py:161} INFO - Processing /home/airflow/.local/lib/python3.7/site-packages/airflow/example_dags/example_python_operator.py took 0.120 seconds
[2022-07-06 18:41:17,426] {processor.py:153} INFO - Started process (PID=659) to work on /home/airflow/.local/lib/python3.7/site-packages/airflow/example_dags/example_python_operator.py
[2022-07-06 18:41:17,427] {processor.py:641} INFO - Processing file /home/airflow/.local/lib/python3.7/site-packages/airflow/example_dags/example_python_operator.py for tasks to queue
[2022-07-06 18:41:17,428] {logging_mixin.py:115} INFO - [2022-07-06 18:41:17,428] {dagbag.py:507} INFO - Filling up the DagBag from /home/airflow/.local/lib/python3.7/site-packages/airflow/example_dags/example_python_operator.py
[2022-07-06 18:41:17,451] {processor.py:651} INFO - DAG(s) dict_keys(['example_python_operator']) retrieved from /home/airflow/.local/lib/python3.7/site-packages/airflow/example_dags/example_python_operator.py
[2022-07-06 18:41:17,485] {logging_mixin.py:115} INFO - [2022-07-06 18:41:17,485] {dag.py:2371} INFO - Sync 1 DAGs
[2022-07-06 18:41:17,515] {logging_mixin.py:115} INFO - [2022-07-06 18:41:17,515] {dag.py:2919} INFO - Setting next_dagrun for example_python_operator to None, run_after=None
[2022-07-06 18:41:17,530] {processor.py:161} INFO - Processing /home/airflow/.local/lib/python3.7/site-packages/airflow/example_dags/example_python_operator.py took 0.108 seconds
[2022-07-06 18:41:48,447] {processor.py:153} INFO - Started process (PID=724) to work on /home/airflow/.local/lib/python3.7/site-packages/airflow/example_dags/example_python_operator.py
[2022-07-06 18:41:48,448] {processor.py:641} INFO - Processing file /home/airflow/.local/lib/python3.7/site-packages/airflow/example_dags/example_python_operator.py for tasks to queue
[2022-07-06 18:41:48,449] {logging_mixin.py:115} INFO - [2022-07-06 18:41:48,449] {dagbag.py:507} INFO - Filling up the DagBag from /home/airflow/.local/lib/python3.7/site-packages/airflow/example_dags/example_python_operator.py
[2022-07-06 18:41:48,473] {processor.py:651} INFO - DAG(s) dict_keys(['example_python_operator']) retrieved from /home/airflow/.local/lib/python3.7/site-packages/airflow/example_dags/example_python_operator.py
[2022-07-06 18:41:48,508] {logging_mixin.py:115} INFO - [2022-07-06 18:41:48,508] {dag.py:2371} INFO - Sync 1 DAGs
[2022-07-06 18:41:48,538] {logging_mixin.py:115} INFO - [2022-07-06 18:41:48,538] {dag.py:2919} INFO - Setting next_dagrun for example_python_operator to None, run_after=None
[2022-07-06 18:41:48,552] {processor.py:161} INFO - Processing /home/airflow/.local/lib/python3.7/site-packages/airflow/example_dags/example_python_operator.py took 0.110 seconds
[2022-07-06 18:42:19,320] {processor.py:153} INFO - Started process (PID=786) to work on /home/airflow/.local/lib/python3.7/site-packages/airflow/example_dags/example_python_operator.py
[2022-07-06 18:42:19,321] {processor.py:641} INFO - Processing file /home/airflow/.local/lib/python3.7/site-packages/airflow/example_dags/example_python_operator.py for tasks to queue
[2022-07-06 18:42:19,323] {logging_mixin.py:115} INFO - [2022-07-06 18:42:19,322] {dagbag.py:507} INFO - Filling up the DagBag from /home/airflow/.local/lib/python3.7/site-packages/airflow/example_dags/example_python_operator.py
[2022-07-06 18:42:19,352] {processor.py:651} INFO - DAG(s) dict_keys(['example_python_operator']) retrieved from /home/airflow/.local/lib/python3.7/site-packages/airflow/example_dags/example_python_operator.py
[2022-07-06 18:42:19,397] {logging_mixin.py:115} INFO - [2022-07-06 18:42:19,397] {dag.py:2371} INFO - Sync 1 DAGs
[2022-07-06 18:42:19,424] {logging_mixin.py:115} INFO - [2022-07-06 18:42:19,424] {dag.py:2919} INFO - Setting next_dagrun for example_python_operator to None, run_after=None
[2022-07-06 18:42:19,441] {processor.py:161} INFO - Processing /home/airflow/.local/lib/python3.7/site-packages/airflow/example_dags/example_python_operator.py took 0.127 seconds
[2022-07-06 18:42:50,280] {processor.py:153} INFO - Started process (PID=840) to work on /home/airflow/.local/lib/python3.7/site-packages/airflow/example_dags/example_python_operator.py
[2022-07-06 18:42:50,281] {processor.py:641} INFO - Processing file /home/airflow/.local/lib/python3.7/site-packages/airflow/example_dags/example_python_operator.py for tasks to queue
[2022-07-06 18:42:50,283] {logging_mixin.py:115} INFO - [2022-07-06 18:42:50,282] {dagbag.py:507} INFO - Filling up the DagBag from /home/airflow/.local/lib/python3.7/site-packages/airflow/example_dags/example_python_operator.py
[2022-07-06 18:42:50,307] {processor.py:651} INFO - DAG(s) dict_keys(['example_python_operator']) retrieved from /home/airflow/.local/lib/python3.7/site-packages/airflow/example_dags/example_python_operator.py
[2022-07-06 18:42:50,345] {logging_mixin.py:115} INFO - [2022-07-06 18:42:50,345] {dag.py:2371} INFO - Sync 1 DAGs
[2022-07-06 18:42:50,374] {logging_mixin.py:115} INFO - [2022-07-06 18:42:50,374] {dag.py:2919} INFO - Setting next_dagrun for example_python_operator to None, run_after=None
[2022-07-06 18:42:50,390] {processor.py:161} INFO - Processing /home/airflow/.local/lib/python3.7/site-packages/airflow/example_dags/example_python_operator.py took 0.114 seconds
[2022-07-06 18:43:20,720] {processor.py:153} INFO - Started process (PID=907) to work on /home/airflow/.local/lib/python3.7/site-packages/airflow/example_dags/example_python_operator.py
[2022-07-06 18:43:20,721] {processor.py:641} INFO - Processing file /home/airflow/.local/lib/python3.7/site-packages/airflow/example_dags/example_python_operator.py for tasks to queue
[2022-07-06 18:43:20,722] {logging_mixin.py:115} INFO - [2022-07-06 18:43:20,722] {dagbag.py:507} INFO - Filling up the DagBag from /home/airflow/.local/lib/python3.7/site-packages/airflow/example_dags/example_python_operator.py
[2022-07-06 18:43:20,744] {processor.py:651} INFO - DAG(s) dict_keys(['example_python_operator']) retrieved from /home/airflow/.local/lib/python3.7/site-packages/airflow/example_dags/example_python_operator.py
[2022-07-06 18:43:20,779] {logging_mixin.py:115} INFO - [2022-07-06 18:43:20,778] {dag.py:2371} INFO - Sync 1 DAGs
[2022-07-06 18:43:20,812] {logging_mixin.py:115} INFO - [2022-07-06 18:43:20,812] {dag.py:2919} INFO - Setting next_dagrun for example_python_operator to None, run_after=None
[2022-07-06 18:43:20,827] {processor.py:161} INFO - Processing /home/airflow/.local/lib/python3.7/site-packages/airflow/example_dags/example_python_operator.py took 0.111 seconds
[2022-07-06 18:43:51,778] {processor.py:153} INFO - Started process (PID=969) to work on /home/airflow/.local/lib/python3.7/site-packages/airflow/example_dags/example_python_operator.py
[2022-07-06 18:43:51,780] {processor.py:641} INFO - Processing file /home/airflow/.local/lib/python3.7/site-packages/airflow/example_dags/example_python_operator.py for tasks to queue
[2022-07-06 18:43:51,781] {logging_mixin.py:115} INFO - [2022-07-06 18:43:51,781] {dagbag.py:507} INFO - Filling up the DagBag from /home/airflow/.local/lib/python3.7/site-packages/airflow/example_dags/example_python_operator.py
[2022-07-06 18:43:51,808] {processor.py:651} INFO - DAG(s) dict_keys(['example_python_operator']) retrieved from /home/airflow/.local/lib/python3.7/site-packages/airflow/example_dags/example_python_operator.py
[2022-07-06 18:43:51,819] {logging_mixin.py:115} INFO - [2022-07-06 18:43:51,819] {dag.py:2371} INFO - Sync 1 DAGs
[2022-07-06 18:43:51,849] {logging_mixin.py:115} INFO - [2022-07-06 18:43:51,849] {dag.py:2919} INFO - Setting next_dagrun for example_python_operator to None, run_after=None
[2022-07-06 18:43:51,865] {processor.py:161} INFO - Processing /home/airflow/.local/lib/python3.7/site-packages/airflow/example_dags/example_python_operator.py took 0.112 seconds
[2022-07-06 18:44:22,321] {processor.py:153} INFO - Started process (PID=1026) to work on /home/airflow/.local/lib/python3.7/site-packages/airflow/example_dags/example_python_operator.py
[2022-07-06 18:44:22,323] {processor.py:641} INFO - Processing file /home/airflow/.local/lib/python3.7/site-packages/airflow/example_dags/example_python_operator.py for tasks to queue
[2022-07-06 18:44:22,324] {logging_mixin.py:115} INFO - [2022-07-06 18:44:22,324] {dagbag.py:507} INFO - Filling up the DagBag from /home/airflow/.local/lib/python3.7/site-packages/airflow/example_dags/example_python_operator.py
[2022-07-06 18:44:22,349] {processor.py:651} INFO - DAG(s) dict_keys(['example_python_operator']) retrieved from /home/airflow/.local/lib/python3.7/site-packages/airflow/example_dags/example_python_operator.py
[2022-07-06 18:44:22,392] {logging_mixin.py:115} INFO - [2022-07-06 18:44:22,392] {dag.py:2371} INFO - Sync 1 DAGs
[2022-07-06 18:44:22,421] {logging_mixin.py:115} INFO - [2022-07-06 18:44:22,421] {dag.py:2919} INFO - Setting next_dagrun for example_python_operator to None, run_after=None
[2022-07-06 18:44:22,438] {processor.py:161} INFO - Processing /home/airflow/.local/lib/python3.7/site-packages/airflow/example_dags/example_python_operator.py took 0.120 seconds
[2022-07-06 18:44:53,436] {processor.py:153} INFO - Started process (PID=1087) to work on /home/airflow/.local/lib/python3.7/site-packages/airflow/example_dags/example_python_operator.py
[2022-07-06 18:44:53,438] {processor.py:641} INFO - Processing file /home/airflow/.local/lib/python3.7/site-packages/airflow/example_dags/example_python_operator.py for tasks to queue
[2022-07-06 18:44:53,439] {logging_mixin.py:115} INFO - [2022-07-06 18:44:53,439] {dagbag.py:507} INFO - Filling up the DagBag from /home/airflow/.local/lib/python3.7/site-packages/airflow/example_dags/example_python_operator.py
[2022-07-06 18:44:53,469] {processor.py:651} INFO - DAG(s) dict_keys(['example_python_operator']) retrieved from /home/airflow/.local/lib/python3.7/site-packages/airflow/example_dags/example_python_operator.py
[2022-07-06 18:44:53,508] {logging_mixin.py:115} INFO - [2022-07-06 18:44:53,508] {dag.py:2371} INFO - Sync 1 DAGs
[2022-07-06 18:44:53,540] {logging_mixin.py:115} INFO - [2022-07-06 18:44:53,540] {dag.py:2919} INFO - Setting next_dagrun for example_python_operator to None, run_after=None
[2022-07-06 18:44:53,561] {processor.py:161} INFO - Processing /home/airflow/.local/lib/python3.7/site-packages/airflow/example_dags/example_python_operator.py took 0.131 seconds
[2022-07-06 18:45:24,559] {processor.py:153} INFO - Started process (PID=1149) to work on /home/airflow/.local/lib/python3.7/site-packages/airflow/example_dags/example_python_operator.py
[2022-07-06 18:45:24,560] {processor.py:641} INFO - Processing file /home/airflow/.local/lib/python3.7/site-packages/airflow/example_dags/example_python_operator.py for tasks to queue
[2022-07-06 18:45:24,561] {logging_mixin.py:115} INFO - [2022-07-06 18:45:24,561] {dagbag.py:507} INFO - Filling up the DagBag from /home/airflow/.local/lib/python3.7/site-packages/airflow/example_dags/example_python_operator.py
[2022-07-06 18:45:24,586] {processor.py:651} INFO - DAG(s) dict_keys(['example_python_operator']) retrieved from /home/airflow/.local/lib/python3.7/site-packages/airflow/example_dags/example_python_operator.py
[2022-07-06 18:45:24,633] {logging_mixin.py:115} INFO - [2022-07-06 18:45:24,632] {dag.py:2371} INFO - Sync 1 DAGs
[2022-07-06 18:45:24,685] {logging_mixin.py:115} INFO - [2022-07-06 18:45:24,685] {dag.py:2919} INFO - Setting next_dagrun for example_python_operator to None, run_after=None
[2022-07-06 18:45:24,718] {processor.py:161} INFO - Processing /home/airflow/.local/lib/python3.7/site-packages/airflow/example_dags/example_python_operator.py took 0.165 seconds
[2022-07-06 18:45:55,033] {processor.py:153} INFO - Started process (PID=1204) to work on /home/airflow/.local/lib/python3.7/site-packages/airflow/example_dags/example_python_operator.py
[2022-07-06 18:45:55,035] {processor.py:641} INFO - Processing file /home/airflow/.local/lib/python3.7/site-packages/airflow/example_dags/example_python_operator.py for tasks to queue
[2022-07-06 18:45:55,037] {logging_mixin.py:115} INFO - [2022-07-06 18:45:55,036] {dagbag.py:507} INFO - Filling up the DagBag from /home/airflow/.local/lib/python3.7/site-packages/airflow/example_dags/example_python_operator.py
[2022-07-06 18:45:55,059] {processor.py:651} INFO - DAG(s) dict_keys(['example_python_operator']) retrieved from /home/airflow/.local/lib/python3.7/site-packages/airflow/example_dags/example_python_operator.py
[2022-07-06 18:45:55,096] {logging_mixin.py:115} INFO - [2022-07-06 18:45:55,096] {dag.py:2371} INFO - Sync 1 DAGs
[2022-07-06 18:45:55,127] {logging_mixin.py:115} INFO - [2022-07-06 18:45:55,127] {dag.py:2919} INFO - Setting next_dagrun for example_python_operator to None, run_after=None
[2022-07-06 18:45:55,144] {processor.py:161} INFO - Processing /home/airflow/.local/lib/python3.7/site-packages/airflow/example_dags/example_python_operator.py took 0.114 seconds
[2022-07-06 18:46:25,422] {processor.py:153} INFO - Started process (PID=1269) to work on /home/airflow/.local/lib/python3.7/site-packages/airflow/example_dags/example_python_operator.py
[2022-07-06 18:46:25,423] {processor.py:641} INFO - Processing file /home/airflow/.local/lib/python3.7/site-packages/airflow/example_dags/example_python_operator.py for tasks to queue
[2022-07-06 18:46:25,425] {logging_mixin.py:115} INFO - [2022-07-06 18:46:25,424] {dagbag.py:507} INFO - Filling up the DagBag from /home/airflow/.local/lib/python3.7/site-packages/airflow/example_dags/example_python_operator.py
[2022-07-06 18:46:25,447] {processor.py:651} INFO - DAG(s) dict_keys(['example_python_operator']) retrieved from /home/airflow/.local/lib/python3.7/site-packages/airflow/example_dags/example_python_operator.py
[2022-07-06 18:46:25,485] {logging_mixin.py:115} INFO - [2022-07-06 18:46:25,485] {dag.py:2371} INFO - Sync 1 DAGs
[2022-07-06 18:46:25,515] {logging_mixin.py:115} INFO - [2022-07-06 18:46:25,514] {dag.py:2919} INFO - Setting next_dagrun for example_python_operator to None, run_after=None
[2022-07-06 18:46:25,529] {processor.py:161} INFO - Processing /home/airflow/.local/lib/python3.7/site-packages/airflow/example_dags/example_python_operator.py took 0.111 seconds
[2022-07-06 18:46:56,394] {processor.py:153} INFO - Started process (PID=1324) to work on /home/airflow/.local/lib/python3.7/site-packages/airflow/example_dags/example_python_operator.py
[2022-07-06 18:46:56,396] {processor.py:641} INFO - Processing file /home/airflow/.local/lib/python3.7/site-packages/airflow/example_dags/example_python_operator.py for tasks to queue
[2022-07-06 18:46:56,397] {logging_mixin.py:115} INFO - [2022-07-06 18:46:56,397] {dagbag.py:507} INFO - Filling up the DagBag from /home/airflow/.local/lib/python3.7/site-packages/airflow/example_dags/example_python_operator.py
[2022-07-06 18:46:56,419] {processor.py:651} INFO - DAG(s) dict_keys(['example_python_operator']) retrieved from /home/airflow/.local/lib/python3.7/site-packages/airflow/example_dags/example_python_operator.py
[2022-07-06 18:46:56,453] {logging_mixin.py:115} INFO - [2022-07-06 18:46:56,453] {dag.py:2371} INFO - Sync 1 DAGs
[2022-07-06 18:46:56,482] {logging_mixin.py:115} INFO - [2022-07-06 18:46:56,482] {dag.py:2919} INFO - Setting next_dagrun for example_python_operator to None, run_after=None
[2022-07-06 18:46:56,497] {processor.py:161} INFO - Processing /home/airflow/.local/lib/python3.7/site-packages/airflow/example_dags/example_python_operator.py took 0.107 seconds
[2022-07-06 18:47:27,201] {processor.py:153} INFO - Started process (PID=1388) to work on /home/airflow/.local/lib/python3.7/site-packages/airflow/example_dags/example_python_operator.py
[2022-07-06 18:47:27,202] {processor.py:641} INFO - Processing file /home/airflow/.local/lib/python3.7/site-packages/airflow/example_dags/example_python_operator.py for tasks to queue
[2022-07-06 18:47:27,203] {logging_mixin.py:115} INFO - [2022-07-06 18:47:27,203] {dagbag.py:507} INFO - Filling up the DagBag from /home/airflow/.local/lib/python3.7/site-packages/airflow/example_dags/example_python_operator.py
[2022-07-06 18:47:27,226] {processor.py:651} INFO - DAG(s) dict_keys(['example_python_operator']) retrieved from /home/airflow/.local/lib/python3.7/site-packages/airflow/example_dags/example_python_operator.py
[2022-07-06 18:47:27,262] {logging_mixin.py:115} INFO - [2022-07-06 18:47:27,262] {dag.py:2371} INFO - Sync 1 DAGs
[2022-07-06 18:47:27,293] {logging_mixin.py:115} INFO - [2022-07-06 18:47:27,293] {dag.py:2919} INFO - Setting next_dagrun for example_python_operator to None, run_after=None
[2022-07-06 18:47:27,308] {processor.py:161} INFO - Processing /home/airflow/.local/lib/python3.7/site-packages/airflow/example_dags/example_python_operator.py took 0.111 seconds
[2022-07-06 18:47:58,207] {processor.py:153} INFO - Started process (PID=1451) to work on /home/airflow/.local/lib/python3.7/site-packages/airflow/example_dags/example_python_operator.py
[2022-07-06 18:47:58,208] {processor.py:641} INFO - Processing file /home/airflow/.local/lib/python3.7/site-packages/airflow/example_dags/example_python_operator.py for tasks to queue
[2022-07-06 18:47:58,209] {logging_mixin.py:115} INFO - [2022-07-06 18:47:58,209] {dagbag.py:507} INFO - Filling up the DagBag from /home/airflow/.local/lib/python3.7/site-packages/airflow/example_dags/example_python_operator.py
[2022-07-06 18:47:58,231] {processor.py:651} INFO - DAG(s) dict_keys(['example_python_operator']) retrieved from /home/airflow/.local/lib/python3.7/site-packages/airflow/example_dags/example_python_operator.py
[2022-07-06 18:47:58,263] {logging_mixin.py:115} INFO - [2022-07-06 18:47:58,263] {dag.py:2371} INFO - Sync 1 DAGs
[2022-07-06 18:47:58,291] {logging_mixin.py:115} INFO - [2022-07-06 18:47:58,291] {dag.py:2919} INFO - Setting next_dagrun for example_python_operator to None, run_after=None
[2022-07-06 18:47:58,307] {processor.py:161} INFO - Processing /home/airflow/.local/lib/python3.7/site-packages/airflow/example_dags/example_python_operator.py took 0.104 seconds
[2022-07-06 18:48:29,094] {processor.py:153} INFO - Started process (PID=1507) to work on /home/airflow/.local/lib/python3.7/site-packages/airflow/example_dags/example_python_operator.py
[2022-07-06 18:48:29,095] {processor.py:641} INFO - Processing file /home/airflow/.local/lib/python3.7/site-packages/airflow/example_dags/example_python_operator.py for tasks to queue
[2022-07-06 18:48:29,096] {logging_mixin.py:115} INFO - [2022-07-06 18:48:29,096] {dagbag.py:507} INFO - Filling up the DagBag from /home/airflow/.local/lib/python3.7/site-packages/airflow/example_dags/example_python_operator.py
[2022-07-06 18:48:29,119] {processor.py:651} INFO - DAG(s) dict_keys(['example_python_operator']) retrieved from /home/airflow/.local/lib/python3.7/site-packages/airflow/example_dags/example_python_operator.py
[2022-07-06 18:48:29,160] {logging_mixin.py:115} INFO - [2022-07-06 18:48:29,160] {dag.py:2371} INFO - Sync 1 DAGs
[2022-07-06 18:48:29,190] {logging_mixin.py:115} INFO - [2022-07-06 18:48:29,190] {dag.py:2919} INFO - Setting next_dagrun for example_python_operator to None, run_after=None
[2022-07-06 18:48:29,206] {processor.py:161} INFO - Processing /home/airflow/.local/lib/python3.7/site-packages/airflow/example_dags/example_python_operator.py took 0.117 seconds
[2022-07-06 18:48:59,703] {processor.py:153} INFO - Started process (PID=1571) to work on /home/airflow/.local/lib/python3.7/site-packages/airflow/example_dags/example_python_operator.py
[2022-07-06 18:48:59,704] {processor.py:641} INFO - Processing file /home/airflow/.local/lib/python3.7/site-packages/airflow/example_dags/example_python_operator.py for tasks to queue
[2022-07-06 18:48:59,705] {logging_mixin.py:115} INFO - [2022-07-06 18:48:59,705] {dagbag.py:507} INFO - Filling up the DagBag from /home/airflow/.local/lib/python3.7/site-packages/airflow/example_dags/example_python_operator.py
[2022-07-06 18:48:59,730] {processor.py:651} INFO - DAG(s) dict_keys(['example_python_operator']) retrieved from /home/airflow/.local/lib/python3.7/site-packages/airflow/example_dags/example_python_operator.py
[2022-07-06 18:48:59,770] {logging_mixin.py:115} INFO - [2022-07-06 18:48:59,770] {dag.py:2371} INFO - Sync 1 DAGs
[2022-07-06 18:48:59,814] {logging_mixin.py:115} INFO - [2022-07-06 18:48:59,814] {dag.py:2919} INFO - Setting next_dagrun for example_python_operator to None, run_after=None
[2022-07-06 18:48:59,835] {processor.py:161} INFO - Processing /home/airflow/.local/lib/python3.7/site-packages/airflow/example_dags/example_python_operator.py took 0.137 seconds
[2022-07-06 18:49:30,320] {processor.py:153} INFO - Started process (PID=1636) to work on /home/airflow/.local/lib/python3.7/site-packages/airflow/example_dags/example_python_operator.py
[2022-07-06 18:49:30,321] {processor.py:641} INFO - Processing file /home/airflow/.local/lib/python3.7/site-packages/airflow/example_dags/example_python_operator.py for tasks to queue
[2022-07-06 18:49:30,323] {logging_mixin.py:115} INFO - [2022-07-06 18:49:30,323] {dagbag.py:507} INFO - Filling up the DagBag from /home/airflow/.local/lib/python3.7/site-packages/airflow/example_dags/example_python_operator.py
[2022-07-06 18:49:30,345] {processor.py:651} INFO - DAG(s) dict_keys(['example_python_operator']) retrieved from /home/airflow/.local/lib/python3.7/site-packages/airflow/example_dags/example_python_operator.py
[2022-07-06 18:49:30,382] {logging_mixin.py:115} INFO - [2022-07-06 18:49:30,382] {dag.py:2371} INFO - Sync 1 DAGs
[2022-07-06 18:49:30,414] {logging_mixin.py:115} INFO - [2022-07-06 18:49:30,414] {dag.py:2919} INFO - Setting next_dagrun for example_python_operator to None, run_after=None
[2022-07-06 18:49:30,429] {processor.py:161} INFO - Processing /home/airflow/.local/lib/python3.7/site-packages/airflow/example_dags/example_python_operator.py took 0.113 seconds
[2022-07-06 18:50:00,868] {processor.py:153} INFO - Started process (PID=1691) to work on /home/airflow/.local/lib/python3.7/site-packages/airflow/example_dags/example_python_operator.py
[2022-07-06 18:50:00,869] {processor.py:641} INFO - Processing file /home/airflow/.local/lib/python3.7/site-packages/airflow/example_dags/example_python_operator.py for tasks to queue
[2022-07-06 18:50:00,870] {logging_mixin.py:115} INFO - [2022-07-06 18:50:00,870] {dagbag.py:507} INFO - Filling up the DagBag from /home/airflow/.local/lib/python3.7/site-packages/airflow/example_dags/example_python_operator.py
[2022-07-06 18:50:00,896] {processor.py:651} INFO - DAG(s) dict_keys(['example_python_operator']) retrieved from /home/airflow/.local/lib/python3.7/site-packages/airflow/example_dags/example_python_operator.py
[2022-07-06 18:50:00,929] {logging_mixin.py:115} INFO - [2022-07-06 18:50:00,929] {dag.py:2371} INFO - Sync 1 DAGs
[2022-07-06 18:50:00,957] {logging_mixin.py:115} INFO - [2022-07-06 18:50:00,957] {dag.py:2919} INFO - Setting next_dagrun for example_python_operator to None, run_after=None
[2022-07-06 18:50:00,973] {processor.py:161} INFO - Processing /home/airflow/.local/lib/python3.7/site-packages/airflow/example_dags/example_python_operator.py took 0.110 seconds
[2022-07-06 18:50:31,419] {processor.py:153} INFO - Started process (PID=1756) to work on /home/airflow/.local/lib/python3.7/site-packages/airflow/example_dags/example_python_operator.py
[2022-07-06 18:50:31,421] {processor.py:641} INFO - Processing file /home/airflow/.local/lib/python3.7/site-packages/airflow/example_dags/example_python_operator.py for tasks to queue
[2022-07-06 18:50:31,422] {logging_mixin.py:115} INFO - [2022-07-06 18:50:31,422] {dagbag.py:507} INFO - Filling up the DagBag from /home/airflow/.local/lib/python3.7/site-packages/airflow/example_dags/example_python_operator.py
[2022-07-06 18:50:31,452] {processor.py:651} INFO - DAG(s) dict_keys(['example_python_operator']) retrieved from /home/airflow/.local/lib/python3.7/site-packages/airflow/example_dags/example_python_operator.py
[2022-07-06 18:50:31,490] {logging_mixin.py:115} INFO - [2022-07-06 18:50:31,490] {dag.py:2371} INFO - Sync 1 DAGs
[2022-07-06 18:50:31,521] {logging_mixin.py:115} INFO - [2022-07-06 18:50:31,521] {dag.py:2919} INFO - Setting next_dagrun for example_python_operator to None, run_after=None
[2022-07-06 18:50:31,537] {processor.py:161} INFO - Processing /home/airflow/.local/lib/python3.7/site-packages/airflow/example_dags/example_python_operator.py took 0.124 seconds
[2022-07-06 18:51:01,894] {processor.py:153} INFO - Started process (PID=1821) to work on /home/airflow/.local/lib/python3.7/site-packages/airflow/example_dags/example_python_operator.py
[2022-07-06 18:51:01,895] {processor.py:641} INFO - Processing file /home/airflow/.local/lib/python3.7/site-packages/airflow/example_dags/example_python_operator.py for tasks to queue
[2022-07-06 18:51:01,897] {logging_mixin.py:115} INFO - [2022-07-06 18:51:01,897] {dagbag.py:507} INFO - Filling up the DagBag from /home/airflow/.local/lib/python3.7/site-packages/airflow/example_dags/example_python_operator.py
[2022-07-06 18:51:01,923] {processor.py:651} INFO - DAG(s) dict_keys(['example_python_operator']) retrieved from /home/airflow/.local/lib/python3.7/site-packages/airflow/example_dags/example_python_operator.py
[2022-07-06 18:51:01,973] {logging_mixin.py:115} INFO - [2022-07-06 18:51:01,973] {dag.py:2371} INFO - Sync 1 DAGs
[2022-07-06 18:51:02,015] {logging_mixin.py:115} INFO - [2022-07-06 18:51:02,015] {dag.py:2919} INFO - Setting next_dagrun for example_python_operator to None, run_after=None
[2022-07-06 18:51:02,045] {processor.py:161} INFO - Processing /home/airflow/.local/lib/python3.7/site-packages/airflow/example_dags/example_python_operator.py took 0.155 seconds
[2022-07-06 18:51:32,762] {processor.py:153} INFO - Started process (PID=1877) to work on /home/airflow/.local/lib/python3.7/site-packages/airflow/example_dags/example_python_operator.py
[2022-07-06 18:51:32,764] {processor.py:641} INFO - Processing file /home/airflow/.local/lib/python3.7/site-packages/airflow/example_dags/example_python_operator.py for tasks to queue
[2022-07-06 18:51:32,765] {logging_mixin.py:115} INFO - [2022-07-06 18:51:32,765] {dagbag.py:507} INFO - Filling up the DagBag from /home/airflow/.local/lib/python3.7/site-packages/airflow/example_dags/example_python_operator.py
[2022-07-06 18:51:32,786] {processor.py:651} INFO - DAG(s) dict_keys(['example_python_operator']) retrieved from /home/airflow/.local/lib/python3.7/site-packages/airflow/example_dags/example_python_operator.py
[2022-07-06 18:51:32,820] {logging_mixin.py:115} INFO - [2022-07-06 18:51:32,820] {dag.py:2371} INFO - Sync 1 DAGs
[2022-07-06 18:51:32,848] {logging_mixin.py:115} INFO - [2022-07-06 18:51:32,848] {dag.py:2919} INFO - Setting next_dagrun for example_python_operator to None, run_after=None
[2022-07-06 18:51:32,863] {processor.py:161} INFO - Processing /home/airflow/.local/lib/python3.7/site-packages/airflow/example_dags/example_python_operator.py took 0.105 seconds
[2022-07-06 18:52:02,936] {processor.py:153} INFO - Started process (PID=1938) to work on /home/airflow/.local/lib/python3.7/site-packages/airflow/example_dags/example_python_operator.py
[2022-07-06 18:52:02,937] {processor.py:641} INFO - Processing file /home/airflow/.local/lib/python3.7/site-packages/airflow/example_dags/example_python_operator.py for tasks to queue
[2022-07-06 18:52:02,939] {logging_mixin.py:115} INFO - [2022-07-06 18:52:02,939] {dagbag.py:507} INFO - Filling up the DagBag from /home/airflow/.local/lib/python3.7/site-packages/airflow/example_dags/example_python_operator.py
[2022-07-06 18:52:02,965] {processor.py:651} INFO - DAG(s) dict_keys(['example_python_operator']) retrieved from /home/airflow/.local/lib/python3.7/site-packages/airflow/example_dags/example_python_operator.py
[2022-07-06 18:52:03,003] {logging_mixin.py:115} INFO - [2022-07-06 18:52:03,003] {dag.py:2371} INFO - Sync 1 DAGs
[2022-07-06 18:52:03,033] {logging_mixin.py:115} INFO - [2022-07-06 18:52:03,033] {dag.py:2919} INFO - Setting next_dagrun for example_python_operator to None, run_after=None
[2022-07-06 18:52:03,048] {processor.py:161} INFO - Processing /home/airflow/.local/lib/python3.7/site-packages/airflow/example_dags/example_python_operator.py took 0.119 seconds
[2022-07-06 18:52:33,084] {processor.py:153} INFO - Started process (PID=1991) to work on /home/airflow/.local/lib/python3.7/site-packages/airflow/example_dags/example_python_operator.py
[2022-07-06 18:52:33,086] {processor.py:641} INFO - Processing file /home/airflow/.local/lib/python3.7/site-packages/airflow/example_dags/example_python_operator.py for tasks to queue
[2022-07-06 18:52:33,087] {logging_mixin.py:115} INFO - [2022-07-06 18:52:33,087] {dagbag.py:507} INFO - Filling up the DagBag from /home/airflow/.local/lib/python3.7/site-packages/airflow/example_dags/example_python_operator.py
[2022-07-06 18:52:33,108] {processor.py:651} INFO - DAG(s) dict_keys(['example_python_operator']) retrieved from /home/airflow/.local/lib/python3.7/site-packages/airflow/example_dags/example_python_operator.py
[2022-07-06 18:52:33,142] {logging_mixin.py:115} INFO - [2022-07-06 18:52:33,141] {dag.py:2371} INFO - Sync 1 DAGs
[2022-07-06 18:52:33,169] {logging_mixin.py:115} INFO - [2022-07-06 18:52:33,169] {dag.py:2919} INFO - Setting next_dagrun for example_python_operator to None, run_after=None
[2022-07-06 18:52:33,184] {processor.py:161} INFO - Processing /home/airflow/.local/lib/python3.7/site-packages/airflow/example_dags/example_python_operator.py took 0.104 seconds
[2022-07-06 18:53:03,297] {processor.py:153} INFO - Started process (PID=2055) to work on /home/airflow/.local/lib/python3.7/site-packages/airflow/example_dags/example_python_operator.py
[2022-07-06 18:53:03,298] {processor.py:641} INFO - Processing file /home/airflow/.local/lib/python3.7/site-packages/airflow/example_dags/example_python_operator.py for tasks to queue
[2022-07-06 18:53:03,300] {logging_mixin.py:115} INFO - [2022-07-06 18:53:03,300] {dagbag.py:507} INFO - Filling up the DagBag from /home/airflow/.local/lib/python3.7/site-packages/airflow/example_dags/example_python_operator.py
[2022-07-06 18:53:03,327] {processor.py:651} INFO - DAG(s) dict_keys(['example_python_operator']) retrieved from /home/airflow/.local/lib/python3.7/site-packages/airflow/example_dags/example_python_operator.py
[2022-07-06 18:53:03,362] {logging_mixin.py:115} INFO - [2022-07-06 18:53:03,362] {dag.py:2371} INFO - Sync 1 DAGs
[2022-07-06 18:53:03,392] {logging_mixin.py:115} INFO - [2022-07-06 18:53:03,392] {dag.py:2919} INFO - Setting next_dagrun for example_python_operator to None, run_after=None
[2022-07-06 18:53:03,419] {processor.py:161} INFO - Processing /home/airflow/.local/lib/python3.7/site-packages/airflow/example_dags/example_python_operator.py took 0.128 seconds
[2022-07-06 18:53:33,635] {processor.py:153} INFO - Started process (PID=2118) to work on /home/airflow/.local/lib/python3.7/site-packages/airflow/example_dags/example_python_operator.py
[2022-07-06 18:53:33,637] {processor.py:641} INFO - Processing file /home/airflow/.local/lib/python3.7/site-packages/airflow/example_dags/example_python_operator.py for tasks to queue
[2022-07-06 18:53:33,638] {logging_mixin.py:115} INFO - [2022-07-06 18:53:33,638] {dagbag.py:507} INFO - Filling up the DagBag from /home/airflow/.local/lib/python3.7/site-packages/airflow/example_dags/example_python_operator.py
[2022-07-06 18:53:33,671] {processor.py:651} INFO - DAG(s) dict_keys(['example_python_operator']) retrieved from /home/airflow/.local/lib/python3.7/site-packages/airflow/example_dags/example_python_operator.py
[2022-07-06 18:53:33,713] {logging_mixin.py:115} INFO - [2022-07-06 18:53:33,713] {dag.py:2371} INFO - Sync 1 DAGs
[2022-07-06 18:53:33,743] {logging_mixin.py:115} INFO - [2022-07-06 18:53:33,743] {dag.py:2919} INFO - Setting next_dagrun for example_python_operator to None, run_after=None
[2022-07-06 18:53:33,758] {processor.py:161} INFO - Processing /home/airflow/.local/lib/python3.7/site-packages/airflow/example_dags/example_python_operator.py took 0.132 seconds
[2022-07-06 18:54:06,620] {processor.py:153} INFO - Started process (PID=2174) to work on /home/airflow/.local/lib/python3.7/site-packages/airflow/example_dags/example_python_operator.py
[2022-07-06 18:54:06,624] {processor.py:641} INFO - Processing file /home/airflow/.local/lib/python3.7/site-packages/airflow/example_dags/example_python_operator.py for tasks to queue
[2022-07-06 18:54:06,632] {logging_mixin.py:115} INFO - [2022-07-06 18:54:06,631] {dagbag.py:507} INFO - Filling up the DagBag from /home/airflow/.local/lib/python3.7/site-packages/airflow/example_dags/example_python_operator.py
[2022-07-06 18:54:06,838] {processor.py:651} INFO - DAG(s) dict_keys(['example_python_operator']) retrieved from /home/airflow/.local/lib/python3.7/site-packages/airflow/example_dags/example_python_operator.py
[2022-07-06 18:54:07,247] {logging_mixin.py:115} INFO - [2022-07-06 18:54:07,240] {dag.py:2371} INFO - Sync 1 DAGs
[2022-07-06 18:54:07,539] {logging_mixin.py:115} INFO - [2022-07-06 18:54:07,539] {dag.py:2919} INFO - Setting next_dagrun for example_python_operator to None, run_after=None
[2022-07-06 18:54:07,613] {processor.py:161} INFO - Processing /home/airflow/.local/lib/python3.7/site-packages/airflow/example_dags/example_python_operator.py took 1.002 seconds
[2022-07-06 18:54:37,984] {processor.py:153} INFO - Started process (PID=2228) to work on /home/airflow/.local/lib/python3.7/site-packages/airflow/example_dags/example_python_operator.py
[2022-07-06 18:54:37,988] {processor.py:641} INFO - Processing file /home/airflow/.local/lib/python3.7/site-packages/airflow/example_dags/example_python_operator.py for tasks to queue
[2022-07-06 18:54:37,990] {logging_mixin.py:115} INFO - [2022-07-06 18:54:37,990] {dagbag.py:507} INFO - Filling up the DagBag from /home/airflow/.local/lib/python3.7/site-packages/airflow/example_dags/example_python_operator.py
[2022-07-06 18:54:38,023] {processor.py:651} INFO - DAG(s) dict_keys(['example_python_operator']) retrieved from /home/airflow/.local/lib/python3.7/site-packages/airflow/example_dags/example_python_operator.py
[2022-07-06 18:54:38,114] {logging_mixin.py:115} INFO - [2022-07-06 18:54:38,114] {dag.py:2371} INFO - Sync 1 DAGs
[2022-07-06 18:54:38,188] {logging_mixin.py:115} INFO - [2022-07-06 18:54:38,187] {dag.py:2919} INFO - Setting next_dagrun for example_python_operator to None, run_after=None
[2022-07-06 18:54:38,223] {processor.py:161} INFO - Processing /home/airflow/.local/lib/python3.7/site-packages/airflow/example_dags/example_python_operator.py took 0.244 seconds
[2022-07-06 18:55:08,646] {processor.py:153} INFO - Started process (PID=2293) to work on /home/airflow/.local/lib/python3.7/site-packages/airflow/example_dags/example_python_operator.py
[2022-07-06 18:55:08,649] {processor.py:641} INFO - Processing file /home/airflow/.local/lib/python3.7/site-packages/airflow/example_dags/example_python_operator.py for tasks to queue
[2022-07-06 18:55:08,651] {logging_mixin.py:115} INFO - [2022-07-06 18:55:08,651] {dagbag.py:507} INFO - Filling up the DagBag from /home/airflow/.local/lib/python3.7/site-packages/airflow/example_dags/example_python_operator.py
[2022-07-06 18:55:08,678] {processor.py:651} INFO - DAG(s) dict_keys(['example_python_operator']) retrieved from /home/airflow/.local/lib/python3.7/site-packages/airflow/example_dags/example_python_operator.py
[2022-07-06 18:55:08,719] {logging_mixin.py:115} INFO - [2022-07-06 18:55:08,718] {dag.py:2371} INFO - Sync 1 DAGs
[2022-07-06 18:55:08,753] {logging_mixin.py:115} INFO - [2022-07-06 18:55:08,753] {dag.py:2919} INFO - Setting next_dagrun for example_python_operator to None, run_after=None
[2022-07-06 18:55:08,771] {processor.py:161} INFO - Processing /home/airflow/.local/lib/python3.7/site-packages/airflow/example_dags/example_python_operator.py took 0.130 seconds
[2022-07-06 18:55:39,468] {processor.py:153} INFO - Started process (PID=2347) to work on /home/airflow/.local/lib/python3.7/site-packages/airflow/example_dags/example_python_operator.py
[2022-07-06 18:55:39,469] {processor.py:641} INFO - Processing file /home/airflow/.local/lib/python3.7/site-packages/airflow/example_dags/example_python_operator.py for tasks to queue
[2022-07-06 18:55:39,470] {logging_mixin.py:115} INFO - [2022-07-06 18:55:39,470] {dagbag.py:507} INFO - Filling up the DagBag from /home/airflow/.local/lib/python3.7/site-packages/airflow/example_dags/example_python_operator.py
[2022-07-06 18:55:39,493] {processor.py:651} INFO - DAG(s) dict_keys(['example_python_operator']) retrieved from /home/airflow/.local/lib/python3.7/site-packages/airflow/example_dags/example_python_operator.py
[2022-07-06 18:55:39,528] {logging_mixin.py:115} INFO - [2022-07-06 18:55:39,527] {dag.py:2371} INFO - Sync 1 DAGs
[2022-07-06 18:55:39,557] {logging_mixin.py:115} INFO - [2022-07-06 18:55:39,557] {dag.py:2919} INFO - Setting next_dagrun for example_python_operator to None, run_after=None
[2022-07-06 18:55:39,573] {processor.py:161} INFO - Processing /home/airflow/.local/lib/python3.7/site-packages/airflow/example_dags/example_python_operator.py took 0.110 seconds
[2022-07-06 18:56:09,784] {processor.py:153} INFO - Started process (PID=2416) to work on /home/airflow/.local/lib/python3.7/site-packages/airflow/example_dags/example_python_operator.py
[2022-07-06 18:56:09,789] {processor.py:641} INFO - Processing file /home/airflow/.local/lib/python3.7/site-packages/airflow/example_dags/example_python_operator.py for tasks to queue
[2022-07-06 18:56:09,791] {logging_mixin.py:115} INFO - [2022-07-06 18:56:09,791] {dagbag.py:507} INFO - Filling up the DagBag from /home/airflow/.local/lib/python3.7/site-packages/airflow/example_dags/example_python_operator.py
[2022-07-06 18:56:09,855] {processor.py:651} INFO - DAG(s) dict_keys(['example_python_operator']) retrieved from /home/airflow/.local/lib/python3.7/site-packages/airflow/example_dags/example_python_operator.py
[2022-07-06 18:56:09,911] {logging_mixin.py:115} INFO - [2022-07-06 18:56:09,911] {dag.py:2371} INFO - Sync 1 DAGs
[2022-07-06 18:56:09,979] {logging_mixin.py:115} INFO - [2022-07-06 18:56:09,979] {dag.py:2919} INFO - Setting next_dagrun for example_python_operator to None, run_after=None
[2022-07-06 18:56:10,012] {processor.py:161} INFO - Processing /home/airflow/.local/lib/python3.7/site-packages/airflow/example_dags/example_python_operator.py took 0.248 seconds
[2022-07-06 18:56:40,434] {processor.py:153} INFO - Started process (PID=2471) to work on /home/airflow/.local/lib/python3.7/site-packages/airflow/example_dags/example_python_operator.py
[2022-07-06 18:56:40,436] {processor.py:641} INFO - Processing file /home/airflow/.local/lib/python3.7/site-packages/airflow/example_dags/example_python_operator.py for tasks to queue
[2022-07-06 18:56:40,439] {logging_mixin.py:115} INFO - [2022-07-06 18:56:40,438] {dagbag.py:507} INFO - Filling up the DagBag from /home/airflow/.local/lib/python3.7/site-packages/airflow/example_dags/example_python_operator.py
[2022-07-06 18:56:40,476] {processor.py:651} INFO - DAG(s) dict_keys(['example_python_operator']) retrieved from /home/airflow/.local/lib/python3.7/site-packages/airflow/example_dags/example_python_operator.py
[2022-07-06 18:56:40,553] {logging_mixin.py:115} INFO - [2022-07-06 18:56:40,553] {dag.py:2371} INFO - Sync 1 DAGs
[2022-07-06 18:56:40,604] {logging_mixin.py:115} INFO - [2022-07-06 18:56:40,604] {dag.py:2919} INFO - Setting next_dagrun for example_python_operator to None, run_after=None
[2022-07-06 18:56:40,640] {processor.py:161} INFO - Processing /home/airflow/.local/lib/python3.7/site-packages/airflow/example_dags/example_python_operator.py took 0.217 seconds
[2022-07-06 18:57:12,752] {processor.py:153} INFO - Started process (PID=2524) to work on /home/airflow/.local/lib/python3.7/site-packages/airflow/example_dags/example_python_operator.py
[2022-07-06 18:57:12,754] {processor.py:641} INFO - Processing file /home/airflow/.local/lib/python3.7/site-packages/airflow/example_dags/example_python_operator.py for tasks to queue
[2022-07-06 18:57:12,756] {logging_mixin.py:115} INFO - [2022-07-06 18:57:12,755] {dagbag.py:507} INFO - Filling up the DagBag from /home/airflow/.local/lib/python3.7/site-packages/airflow/example_dags/example_python_operator.py
[2022-07-06 18:57:12,792] {processor.py:651} INFO - DAG(s) dict_keys(['example_python_operator']) retrieved from /home/airflow/.local/lib/python3.7/site-packages/airflow/example_dags/example_python_operator.py
[2022-07-06 18:57:12,842] {logging_mixin.py:115} INFO - [2022-07-06 18:57:12,841] {dag.py:2371} INFO - Sync 1 DAGs
[2022-07-06 18:57:12,877] {logging_mixin.py:115} INFO - [2022-07-06 18:57:12,877] {dag.py:2919} INFO - Setting next_dagrun for example_python_operator to None, run_after=None
[2022-07-06 18:57:12,896] {processor.py:161} INFO - Processing /home/airflow/.local/lib/python3.7/site-packages/airflow/example_dags/example_python_operator.py took 0.150 seconds
[2022-07-06 18:57:43,331] {processor.py:153} INFO - Started process (PID=2577) to work on /home/airflow/.local/lib/python3.7/site-packages/airflow/example_dags/example_python_operator.py
[2022-07-06 18:57:43,332] {processor.py:641} INFO - Processing file /home/airflow/.local/lib/python3.7/site-packages/airflow/example_dags/example_python_operator.py for tasks to queue
[2022-07-06 18:57:43,333] {logging_mixin.py:115} INFO - [2022-07-06 18:57:43,333] {dagbag.py:507} INFO - Filling up the DagBag from /home/airflow/.local/lib/python3.7/site-packages/airflow/example_dags/example_python_operator.py
[2022-07-06 18:57:43,356] {processor.py:651} INFO - DAG(s) dict_keys(['example_python_operator']) retrieved from /home/airflow/.local/lib/python3.7/site-packages/airflow/example_dags/example_python_operator.py
[2022-07-06 18:57:43,394] {logging_mixin.py:115} INFO - [2022-07-06 18:57:43,394] {dag.py:2371} INFO - Sync 1 DAGs
[2022-07-06 18:57:43,427] {logging_mixin.py:115} INFO - [2022-07-06 18:57:43,427] {dag.py:2919} INFO - Setting next_dagrun for example_python_operator to None, run_after=None
[2022-07-06 18:57:43,445] {processor.py:161} INFO - Processing /home/airflow/.local/lib/python3.7/site-packages/airflow/example_dags/example_python_operator.py took 0.118 seconds
[2022-07-06 18:58:14,053] {processor.py:153} INFO - Started process (PID=2641) to work on /home/airflow/.local/lib/python3.7/site-packages/airflow/example_dags/example_python_operator.py
[2022-07-06 18:58:14,060] {processor.py:641} INFO - Processing file /home/airflow/.local/lib/python3.7/site-packages/airflow/example_dags/example_python_operator.py for tasks to queue
[2022-07-06 18:58:14,061] {logging_mixin.py:115} INFO - [2022-07-06 18:58:14,061] {dagbag.py:507} INFO - Filling up the DagBag from /home/airflow/.local/lib/python3.7/site-packages/airflow/example_dags/example_python_operator.py
[2022-07-06 18:58:14,095] {processor.py:651} INFO - DAG(s) dict_keys(['example_python_operator']) retrieved from /home/airflow/.local/lib/python3.7/site-packages/airflow/example_dags/example_python_operator.py
[2022-07-06 18:58:14,138] {logging_mixin.py:115} INFO - [2022-07-06 18:58:14,138] {dag.py:2371} INFO - Sync 1 DAGs
[2022-07-06 18:58:14,177] {logging_mixin.py:115} INFO - [2022-07-06 18:58:14,177] {dag.py:2919} INFO - Setting next_dagrun for example_python_operator to None, run_after=None
[2022-07-06 18:58:14,194] {processor.py:161} INFO - Processing /home/airflow/.local/lib/python3.7/site-packages/airflow/example_dags/example_python_operator.py took 0.145 seconds
[2022-07-06 18:58:44,492] {processor.py:153} INFO - Started process (PID=2702) to work on /home/airflow/.local/lib/python3.7/site-packages/airflow/example_dags/example_python_operator.py
[2022-07-06 18:58:44,493] {processor.py:641} INFO - Processing file /home/airflow/.local/lib/python3.7/site-packages/airflow/example_dags/example_python_operator.py for tasks to queue
[2022-07-06 18:58:44,494] {logging_mixin.py:115} INFO - [2022-07-06 18:58:44,494] {dagbag.py:507} INFO - Filling up the DagBag from /home/airflow/.local/lib/python3.7/site-packages/airflow/example_dags/example_python_operator.py
[2022-07-06 18:58:44,523] {processor.py:651} INFO - DAG(s) dict_keys(['example_python_operator']) retrieved from /home/airflow/.local/lib/python3.7/site-packages/airflow/example_dags/example_python_operator.py
[2022-07-06 18:58:44,568] {logging_mixin.py:115} INFO - [2022-07-06 18:58:44,568] {dag.py:2371} INFO - Sync 1 DAGs
[2022-07-06 18:58:44,599] {logging_mixin.py:115} INFO - [2022-07-06 18:58:44,598] {dag.py:2919} INFO - Setting next_dagrun for example_python_operator to None, run_after=None
[2022-07-06 18:58:44,619] {processor.py:161} INFO - Processing /home/airflow/.local/lib/python3.7/site-packages/airflow/example_dags/example_python_operator.py took 0.134 seconds
[2022-07-06 18:59:15,519] {processor.py:153} INFO - Started process (PID=2760) to work on /home/airflow/.local/lib/python3.7/site-packages/airflow/example_dags/example_python_operator.py
[2022-07-06 18:59:15,521] {processor.py:641} INFO - Processing file /home/airflow/.local/lib/python3.7/site-packages/airflow/example_dags/example_python_operator.py for tasks to queue
[2022-07-06 18:59:15,522] {logging_mixin.py:115} INFO - [2022-07-06 18:59:15,522] {dagbag.py:507} INFO - Filling up the DagBag from /home/airflow/.local/lib/python3.7/site-packages/airflow/example_dags/example_python_operator.py
[2022-07-06 18:59:15,545] {processor.py:651} INFO - DAG(s) dict_keys(['example_python_operator']) retrieved from /home/airflow/.local/lib/python3.7/site-packages/airflow/example_dags/example_python_operator.py
[2022-07-06 18:59:15,588] {logging_mixin.py:115} INFO - [2022-07-06 18:59:15,588] {dag.py:2371} INFO - Sync 1 DAGs
[2022-07-06 18:59:15,615] {logging_mixin.py:115} INFO - [2022-07-06 18:59:15,615] {dag.py:2919} INFO - Setting next_dagrun for example_python_operator to None, run_after=None
[2022-07-06 18:59:15,633] {processor.py:161} INFO - Processing /home/airflow/.local/lib/python3.7/site-packages/airflow/example_dags/example_python_operator.py took 0.119 seconds
[2022-07-06 18:59:46,732] {processor.py:153} INFO - Started process (PID=2824) to work on /home/airflow/.local/lib/python3.7/site-packages/airflow/example_dags/example_python_operator.py
[2022-07-06 18:59:46,734] {processor.py:641} INFO - Processing file /home/airflow/.local/lib/python3.7/site-packages/airflow/example_dags/example_python_operator.py for tasks to queue
[2022-07-06 18:59:46,735] {logging_mixin.py:115} INFO - [2022-07-06 18:59:46,735] {dagbag.py:507} INFO - Filling up the DagBag from /home/airflow/.local/lib/python3.7/site-packages/airflow/example_dags/example_python_operator.py
[2022-07-06 18:59:46,760] {processor.py:651} INFO - DAG(s) dict_keys(['example_python_operator']) retrieved from /home/airflow/.local/lib/python3.7/site-packages/airflow/example_dags/example_python_operator.py
[2022-07-06 18:59:46,794] {logging_mixin.py:115} INFO - [2022-07-06 18:59:46,794] {dag.py:2371} INFO - Sync 1 DAGs
[2022-07-06 18:59:46,822] {logging_mixin.py:115} INFO - [2022-07-06 18:59:46,822] {dag.py:2919} INFO - Setting next_dagrun for example_python_operator to None, run_after=None
[2022-07-06 18:59:46,840] {processor.py:161} INFO - Processing /home/airflow/.local/lib/python3.7/site-packages/airflow/example_dags/example_python_operator.py took 0.113 seconds
[2022-07-06 19:00:16,919] {processor.py:153} INFO - Started process (PID=2880) to work on /home/airflow/.local/lib/python3.7/site-packages/airflow/example_dags/example_python_operator.py
[2022-07-06 19:00:16,921] {processor.py:641} INFO - Processing file /home/airflow/.local/lib/python3.7/site-packages/airflow/example_dags/example_python_operator.py for tasks to queue
[2022-07-06 19:00:16,922] {logging_mixin.py:115} INFO - [2022-07-06 19:00:16,922] {dagbag.py:507} INFO - Filling up the DagBag from /home/airflow/.local/lib/python3.7/site-packages/airflow/example_dags/example_python_operator.py
[2022-07-06 19:00:16,947] {processor.py:651} INFO - DAG(s) dict_keys(['example_python_operator']) retrieved from /home/airflow/.local/lib/python3.7/site-packages/airflow/example_dags/example_python_operator.py
[2022-07-06 19:00:16,982] {logging_mixin.py:115} INFO - [2022-07-06 19:00:16,982] {dag.py:2371} INFO - Sync 1 DAGs
[2022-07-06 19:00:17,011] {logging_mixin.py:115} INFO - [2022-07-06 19:00:17,011] {dag.py:2919} INFO - Setting next_dagrun for example_python_operator to None, run_after=None
[2022-07-06 19:00:17,037] {processor.py:161} INFO - Processing /home/airflow/.local/lib/python3.7/site-packages/airflow/example_dags/example_python_operator.py took 0.122 seconds
[2022-07-06 19:00:47,257] {processor.py:153} INFO - Started process (PID=2943) to work on /home/airflow/.local/lib/python3.7/site-packages/airflow/example_dags/example_python_operator.py
[2022-07-06 19:00:47,259] {processor.py:641} INFO - Processing file /home/airflow/.local/lib/python3.7/site-packages/airflow/example_dags/example_python_operator.py for tasks to queue
[2022-07-06 19:00:47,261] {logging_mixin.py:115} INFO - [2022-07-06 19:00:47,261] {dagbag.py:507} INFO - Filling up the DagBag from /home/airflow/.local/lib/python3.7/site-packages/airflow/example_dags/example_python_operator.py
[2022-07-06 19:00:47,289] {processor.py:651} INFO - DAG(s) dict_keys(['example_python_operator']) retrieved from /home/airflow/.local/lib/python3.7/site-packages/airflow/example_dags/example_python_operator.py
[2022-07-06 19:00:47,335] {logging_mixin.py:115} INFO - [2022-07-06 19:00:47,335] {dag.py:2371} INFO - Sync 1 DAGs
[2022-07-06 19:00:47,388] {logging_mixin.py:115} INFO - [2022-07-06 19:00:47,388] {dag.py:2919} INFO - Setting next_dagrun for example_python_operator to None, run_after=None
[2022-07-06 19:00:47,406] {processor.py:161} INFO - Processing /home/airflow/.local/lib/python3.7/site-packages/airflow/example_dags/example_python_operator.py took 0.153 seconds
[2022-07-06 19:01:17,733] {processor.py:153} INFO - Started process (PID=3008) to work on /home/airflow/.local/lib/python3.7/site-packages/airflow/example_dags/example_python_operator.py
[2022-07-06 19:01:17,735] {processor.py:641} INFO - Processing file /home/airflow/.local/lib/python3.7/site-packages/airflow/example_dags/example_python_operator.py for tasks to queue
[2022-07-06 19:01:17,736] {logging_mixin.py:115} INFO - [2022-07-06 19:01:17,736] {dagbag.py:507} INFO - Filling up the DagBag from /home/airflow/.local/lib/python3.7/site-packages/airflow/example_dags/example_python_operator.py
[2022-07-06 19:01:17,764] {processor.py:651} INFO - DAG(s) dict_keys(['example_python_operator']) retrieved from /home/airflow/.local/lib/python3.7/site-packages/airflow/example_dags/example_python_operator.py
[2022-07-06 19:01:17,813] {logging_mixin.py:115} INFO - [2022-07-06 19:01:17,813] {dag.py:2371} INFO - Sync 1 DAGs
[2022-07-06 19:01:17,858] {logging_mixin.py:115} INFO - [2022-07-06 19:01:17,858] {dag.py:2919} INFO - Setting next_dagrun for example_python_operator to None, run_after=None
[2022-07-06 19:01:18,108] {processor.py:161} INFO - Processing /home/airflow/.local/lib/python3.7/site-packages/airflow/example_dags/example_python_operator.py took 0.380 seconds
