[2022-07-06 18:36:11,266] {processor.py:153} INFO - Started process (PID=51) to work on /home/airflow/.local/lib/python3.7/site-packages/airflow/example_dags/example_branch_operator.py
[2022-07-06 18:36:11,269] {processor.py:641} INFO - Processing file /home/airflow/.local/lib/python3.7/site-packages/airflow/example_dags/example_branch_operator.py for tasks to queue
[2022-07-06 18:36:11,270] {logging_mixin.py:115} INFO - [2022-07-06 18:36:11,270] {dagbag.py:507} INFO - Filling up the DagBag from /home/airflow/.local/lib/python3.7/site-packages/airflow/example_dags/example_branch_operator.py
[2022-07-06 18:36:11,312] {processor.py:651} INFO - DAG(s) dict_keys(['example_branch_operator']) retrieved from /home/airflow/.local/lib/python3.7/site-packages/airflow/example_dags/example_branch_operator.py
[2022-07-06 18:36:11,405] {logging_mixin.py:115} INFO - [2022-07-06 18:36:11,405] {dag.py:2371} INFO - Sync 1 DAGs
[2022-07-06 18:36:11,459] {logging_mixin.py:115} INFO - [2022-07-06 18:36:11,459] {dag.py:2919} INFO - Setting next_dagrun for example_branch_operator to 2022-07-05T00:00:00+00:00, run_after=2022-07-06T00:00:00+00:00
[2022-07-06 18:36:11,485] {processor.py:161} INFO - Processing /home/airflow/.local/lib/python3.7/site-packages/airflow/example_dags/example_branch_operator.py took 0.225 seconds
[2022-07-06 18:36:41,816] {processor.py:153} INFO - Started process (PID=113) to work on /home/airflow/.local/lib/python3.7/site-packages/airflow/example_dags/example_branch_operator.py
[2022-07-06 18:36:41,817] {processor.py:641} INFO - Processing file /home/airflow/.local/lib/python3.7/site-packages/airflow/example_dags/example_branch_operator.py for tasks to queue
[2022-07-06 18:36:41,818] {logging_mixin.py:115} INFO - [2022-07-06 18:36:41,818] {dagbag.py:507} INFO - Filling up the DagBag from /home/airflow/.local/lib/python3.7/site-packages/airflow/example_dags/example_branch_operator.py
[2022-07-06 18:36:41,833] {processor.py:651} INFO - DAG(s) dict_keys(['example_branch_operator']) retrieved from /home/airflow/.local/lib/python3.7/site-packages/airflow/example_dags/example_branch_operator.py
[2022-07-06 18:36:41,877] {logging_mixin.py:115} INFO - [2022-07-06 18:36:41,877] {dag.py:2371} INFO - Sync 1 DAGs
[2022-07-06 18:36:41,924] {logging_mixin.py:115} INFO - [2022-07-06 18:36:41,924] {dag.py:2919} INFO - Setting next_dagrun for example_branch_operator to 2022-07-05T00:00:00+00:00, run_after=2022-07-06T00:00:00+00:00
[2022-07-06 18:36:41,943] {processor.py:161} INFO - Processing /home/airflow/.local/lib/python3.7/site-packages/airflow/example_dags/example_branch_operator.py took 0.131 seconds
[2022-07-06 18:37:12,223] {processor.py:153} INFO - Started process (PID=168) to work on /home/airflow/.local/lib/python3.7/site-packages/airflow/example_dags/example_branch_operator.py
[2022-07-06 18:37:12,224] {processor.py:641} INFO - Processing file /home/airflow/.local/lib/python3.7/site-packages/airflow/example_dags/example_branch_operator.py for tasks to queue
[2022-07-06 18:37:12,226] {logging_mixin.py:115} INFO - [2022-07-06 18:37:12,226] {dagbag.py:507} INFO - Filling up the DagBag from /home/airflow/.local/lib/python3.7/site-packages/airflow/example_dags/example_branch_operator.py
[2022-07-06 18:37:12,240] {processor.py:651} INFO - DAG(s) dict_keys(['example_branch_operator']) retrieved from /home/airflow/.local/lib/python3.7/site-packages/airflow/example_dags/example_branch_operator.py
[2022-07-06 18:37:12,279] {logging_mixin.py:115} INFO - [2022-07-06 18:37:12,279] {dag.py:2371} INFO - Sync 1 DAGs
[2022-07-06 18:37:12,308] {logging_mixin.py:115} INFO - [2022-07-06 18:37:12,308] {dag.py:2919} INFO - Setting next_dagrun for example_branch_operator to 2022-07-05T00:00:00+00:00, run_after=2022-07-06T00:00:00+00:00
[2022-07-06 18:37:12,323] {processor.py:161} INFO - Processing /home/airflow/.local/lib/python3.7/site-packages/airflow/example_dags/example_branch_operator.py took 0.104 seconds
[2022-07-06 18:37:42,701] {processor.py:153} INFO - Started process (PID=232) to work on /home/airflow/.local/lib/python3.7/site-packages/airflow/example_dags/example_branch_operator.py
[2022-07-06 18:37:42,703] {processor.py:641} INFO - Processing file /home/airflow/.local/lib/python3.7/site-packages/airflow/example_dags/example_branch_operator.py for tasks to queue
[2022-07-06 18:37:42,705] {logging_mixin.py:115} INFO - [2022-07-06 18:37:42,705] {dagbag.py:507} INFO - Filling up the DagBag from /home/airflow/.local/lib/python3.7/site-packages/airflow/example_dags/example_branch_operator.py
[2022-07-06 18:37:42,722] {processor.py:651} INFO - DAG(s) dict_keys(['example_branch_operator']) retrieved from /home/airflow/.local/lib/python3.7/site-packages/airflow/example_dags/example_branch_operator.py
[2022-07-06 18:37:42,759] {logging_mixin.py:115} INFO - [2022-07-06 18:37:42,759] {dag.py:2371} INFO - Sync 1 DAGs
[2022-07-06 18:37:42,793] {logging_mixin.py:115} INFO - [2022-07-06 18:37:42,793] {dag.py:2919} INFO - Setting next_dagrun for example_branch_operator to 2022-07-05T00:00:00+00:00, run_after=2022-07-06T00:00:00+00:00
[2022-07-06 18:37:42,813] {processor.py:161} INFO - Processing /home/airflow/.local/lib/python3.7/site-packages/airflow/example_dags/example_branch_operator.py took 0.118 seconds
[2022-07-06 18:38:13,583] {processor.py:153} INFO - Started process (PID=286) to work on /home/airflow/.local/lib/python3.7/site-packages/airflow/example_dags/example_branch_operator.py
[2022-07-06 18:38:13,585] {processor.py:641} INFO - Processing file /home/airflow/.local/lib/python3.7/site-packages/airflow/example_dags/example_branch_operator.py for tasks to queue
[2022-07-06 18:38:13,586] {logging_mixin.py:115} INFO - [2022-07-06 18:38:13,586] {dagbag.py:507} INFO - Filling up the DagBag from /home/airflow/.local/lib/python3.7/site-packages/airflow/example_dags/example_branch_operator.py
[2022-07-06 18:38:13,605] {processor.py:651} INFO - DAG(s) dict_keys(['example_branch_operator']) retrieved from /home/airflow/.local/lib/python3.7/site-packages/airflow/example_dags/example_branch_operator.py
[2022-07-06 18:38:13,650] {logging_mixin.py:115} INFO - [2022-07-06 18:38:13,650] {dag.py:2371} INFO - Sync 1 DAGs
[2022-07-06 18:38:13,682] {logging_mixin.py:115} INFO - [2022-07-06 18:38:13,681] {dag.py:2919} INFO - Setting next_dagrun for example_branch_operator to 2022-07-05T00:00:00+00:00, run_after=2022-07-06T00:00:00+00:00
[2022-07-06 18:38:13,698] {processor.py:161} INFO - Processing /home/airflow/.local/lib/python3.7/site-packages/airflow/example_dags/example_branch_operator.py took 0.121 seconds
[2022-07-06 18:38:44,492] {processor.py:153} INFO - Started process (PID=349) to work on /home/airflow/.local/lib/python3.7/site-packages/airflow/example_dags/example_branch_operator.py
[2022-07-06 18:38:44,497] {processor.py:641} INFO - Processing file /home/airflow/.local/lib/python3.7/site-packages/airflow/example_dags/example_branch_operator.py for tasks to queue
[2022-07-06 18:38:44,499] {logging_mixin.py:115} INFO - [2022-07-06 18:38:44,499] {dagbag.py:507} INFO - Filling up the DagBag from /home/airflow/.local/lib/python3.7/site-packages/airflow/example_dags/example_branch_operator.py
[2022-07-06 18:38:44,516] {processor.py:651} INFO - DAG(s) dict_keys(['example_branch_operator']) retrieved from /home/airflow/.local/lib/python3.7/site-packages/airflow/example_dags/example_branch_operator.py
[2022-07-06 18:38:44,556] {logging_mixin.py:115} INFO - [2022-07-06 18:38:44,556] {dag.py:2371} INFO - Sync 1 DAGs
[2022-07-06 18:38:44,589] {logging_mixin.py:115} INFO - [2022-07-06 18:38:44,589] {dag.py:2919} INFO - Setting next_dagrun for example_branch_operator to 2022-07-05T00:00:00+00:00, run_after=2022-07-06T00:00:00+00:00
[2022-07-06 18:38:44,604] {processor.py:161} INFO - Processing /home/airflow/.local/lib/python3.7/site-packages/airflow/example_dags/example_branch_operator.py took 0.119 seconds
[2022-07-06 18:39:14,734] {processor.py:153} INFO - Started process (PID=414) to work on /home/airflow/.local/lib/python3.7/site-packages/airflow/example_dags/example_branch_operator.py
[2022-07-06 18:39:14,735] {processor.py:641} INFO - Processing file /home/airflow/.local/lib/python3.7/site-packages/airflow/example_dags/example_branch_operator.py for tasks to queue
[2022-07-06 18:39:14,737] {logging_mixin.py:115} INFO - [2022-07-06 18:39:14,737] {dagbag.py:507} INFO - Filling up the DagBag from /home/airflow/.local/lib/python3.7/site-packages/airflow/example_dags/example_branch_operator.py
[2022-07-06 18:39:14,753] {processor.py:651} INFO - DAG(s) dict_keys(['example_branch_operator']) retrieved from /home/airflow/.local/lib/python3.7/site-packages/airflow/example_dags/example_branch_operator.py
[2022-07-06 18:39:14,791] {logging_mixin.py:115} INFO - [2022-07-06 18:39:14,791] {dag.py:2371} INFO - Sync 1 DAGs
[2022-07-06 18:39:14,828] {logging_mixin.py:115} INFO - [2022-07-06 18:39:14,828] {dag.py:2919} INFO - Setting next_dagrun for example_branch_operator to 2022-07-05T00:00:00+00:00, run_after=2022-07-06T00:00:00+00:00
[2022-07-06 18:39:14,849] {processor.py:161} INFO - Processing /home/airflow/.local/lib/python3.7/site-packages/airflow/example_dags/example_branch_operator.py took 0.119 seconds
[2022-07-06 18:39:45,137] {processor.py:153} INFO - Started process (PID=468) to work on /home/airflow/.local/lib/python3.7/site-packages/airflow/example_dags/example_branch_operator.py
[2022-07-06 18:39:45,138] {processor.py:641} INFO - Processing file /home/airflow/.local/lib/python3.7/site-packages/airflow/example_dags/example_branch_operator.py for tasks to queue
[2022-07-06 18:39:45,140] {logging_mixin.py:115} INFO - [2022-07-06 18:39:45,140] {dagbag.py:507} INFO - Filling up the DagBag from /home/airflow/.local/lib/python3.7/site-packages/airflow/example_dags/example_branch_operator.py
[2022-07-06 18:39:45,154] {processor.py:651} INFO - DAG(s) dict_keys(['example_branch_operator']) retrieved from /home/airflow/.local/lib/python3.7/site-packages/airflow/example_dags/example_branch_operator.py
[2022-07-06 18:39:45,188] {logging_mixin.py:115} INFO - [2022-07-06 18:39:45,188] {dag.py:2371} INFO - Sync 1 DAGs
[2022-07-06 18:39:45,218] {logging_mixin.py:115} INFO - [2022-07-06 18:39:45,218] {dag.py:2919} INFO - Setting next_dagrun for example_branch_operator to 2022-07-05T00:00:00+00:00, run_after=2022-07-06T00:00:00+00:00
[2022-07-06 18:39:45,234] {processor.py:161} INFO - Processing /home/airflow/.local/lib/python3.7/site-packages/airflow/example_dags/example_branch_operator.py took 0.101 seconds
[2022-07-06 18:40:15,810] {processor.py:153} INFO - Started process (PID=532) to work on /home/airflow/.local/lib/python3.7/site-packages/airflow/example_dags/example_branch_operator.py
[2022-07-06 18:40:15,811] {processor.py:641} INFO - Processing file /home/airflow/.local/lib/python3.7/site-packages/airflow/example_dags/example_branch_operator.py for tasks to queue
[2022-07-06 18:40:15,813] {logging_mixin.py:115} INFO - [2022-07-06 18:40:15,813] {dagbag.py:507} INFO - Filling up the DagBag from /home/airflow/.local/lib/python3.7/site-packages/airflow/example_dags/example_branch_operator.py
[2022-07-06 18:40:15,827] {processor.py:651} INFO - DAG(s) dict_keys(['example_branch_operator']) retrieved from /home/airflow/.local/lib/python3.7/site-packages/airflow/example_dags/example_branch_operator.py
[2022-07-06 18:40:15,864] {logging_mixin.py:115} INFO - [2022-07-06 18:40:15,864] {dag.py:2371} INFO - Sync 1 DAGs
[2022-07-06 18:40:15,902] {logging_mixin.py:115} INFO - [2022-07-06 18:40:15,902] {dag.py:2919} INFO - Setting next_dagrun for example_branch_operator to 2022-07-05T00:00:00+00:00, run_after=2022-07-06T00:00:00+00:00
[2022-07-06 18:40:15,919] {processor.py:161} INFO - Processing /home/airflow/.local/lib/python3.7/site-packages/airflow/example_dags/example_branch_operator.py took 0.113 seconds
[2022-07-06 18:40:46,109] {processor.py:153} INFO - Started process (PID=594) to work on /home/airflow/.local/lib/python3.7/site-packages/airflow/example_dags/example_branch_operator.py
[2022-07-06 18:40:46,110] {processor.py:641} INFO - Processing file /home/airflow/.local/lib/python3.7/site-packages/airflow/example_dags/example_branch_operator.py for tasks to queue
[2022-07-06 18:40:46,111] {logging_mixin.py:115} INFO - [2022-07-06 18:40:46,111] {dagbag.py:507} INFO - Filling up the DagBag from /home/airflow/.local/lib/python3.7/site-packages/airflow/example_dags/example_branch_operator.py
[2022-07-06 18:40:46,132] {processor.py:651} INFO - DAG(s) dict_keys(['example_branch_operator']) retrieved from /home/airflow/.local/lib/python3.7/site-packages/airflow/example_dags/example_branch_operator.py
[2022-07-06 18:40:46,167] {logging_mixin.py:115} INFO - [2022-07-06 18:40:46,167] {dag.py:2371} INFO - Sync 1 DAGs
[2022-07-06 18:40:46,201] {logging_mixin.py:115} INFO - [2022-07-06 18:40:46,201] {dag.py:2919} INFO - Setting next_dagrun for example_branch_operator to 2022-07-05T00:00:00+00:00, run_after=2022-07-06T00:00:00+00:00
[2022-07-06 18:40:46,220] {processor.py:161} INFO - Processing /home/airflow/.local/lib/python3.7/site-packages/airflow/example_dags/example_branch_operator.py took 0.115 seconds
[2022-07-06 18:41:16,469] {processor.py:153} INFO - Started process (PID=651) to work on /home/airflow/.local/lib/python3.7/site-packages/airflow/example_dags/example_branch_operator.py
[2022-07-06 18:41:16,471] {processor.py:641} INFO - Processing file /home/airflow/.local/lib/python3.7/site-packages/airflow/example_dags/example_branch_operator.py for tasks to queue
[2022-07-06 18:41:16,472] {logging_mixin.py:115} INFO - [2022-07-06 18:41:16,471] {dagbag.py:507} INFO - Filling up the DagBag from /home/airflow/.local/lib/python3.7/site-packages/airflow/example_dags/example_branch_operator.py
[2022-07-06 18:41:16,486] {processor.py:651} INFO - DAG(s) dict_keys(['example_branch_operator']) retrieved from /home/airflow/.local/lib/python3.7/site-packages/airflow/example_dags/example_branch_operator.py
[2022-07-06 18:41:16,520] {logging_mixin.py:115} INFO - [2022-07-06 18:41:16,520] {dag.py:2371} INFO - Sync 1 DAGs
[2022-07-06 18:41:16,551] {logging_mixin.py:115} INFO - [2022-07-06 18:41:16,551] {dag.py:2919} INFO - Setting next_dagrun for example_branch_operator to 2022-07-05T00:00:00+00:00, run_after=2022-07-06T00:00:00+00:00
[2022-07-06 18:41:16,567] {processor.py:161} INFO - Processing /home/airflow/.local/lib/python3.7/site-packages/airflow/example_dags/example_branch_operator.py took 0.102 seconds
[2022-07-06 18:41:46,825] {processor.py:153} INFO - Started process (PID=716) to work on /home/airflow/.local/lib/python3.7/site-packages/airflow/example_dags/example_branch_operator.py
[2022-07-06 18:41:46,826] {processor.py:641} INFO - Processing file /home/airflow/.local/lib/python3.7/site-packages/airflow/example_dags/example_branch_operator.py for tasks to queue
[2022-07-06 18:41:46,828] {logging_mixin.py:115} INFO - [2022-07-06 18:41:46,828] {dagbag.py:507} INFO - Filling up the DagBag from /home/airflow/.local/lib/python3.7/site-packages/airflow/example_dags/example_branch_operator.py
[2022-07-06 18:41:46,843] {processor.py:651} INFO - DAG(s) dict_keys(['example_branch_operator']) retrieved from /home/airflow/.local/lib/python3.7/site-packages/airflow/example_dags/example_branch_operator.py
[2022-07-06 18:41:46,881] {logging_mixin.py:115} INFO - [2022-07-06 18:41:46,881] {dag.py:2371} INFO - Sync 1 DAGs
[2022-07-06 18:41:46,912] {logging_mixin.py:115} INFO - [2022-07-06 18:41:46,912] {dag.py:2919} INFO - Setting next_dagrun for example_branch_operator to 2022-07-05T00:00:00+00:00, run_after=2022-07-06T00:00:00+00:00
[2022-07-06 18:41:46,928] {processor.py:161} INFO - Processing /home/airflow/.local/lib/python3.7/site-packages/airflow/example_dags/example_branch_operator.py took 0.107 seconds
[2022-07-06 18:42:17,702] {processor.py:153} INFO - Started process (PID=768) to work on /home/airflow/.local/lib/python3.7/site-packages/airflow/example_dags/example_branch_operator.py
[2022-07-06 18:42:17,703] {processor.py:641} INFO - Processing file /home/airflow/.local/lib/python3.7/site-packages/airflow/example_dags/example_branch_operator.py for tasks to queue
[2022-07-06 18:42:17,704] {logging_mixin.py:115} INFO - [2022-07-06 18:42:17,704] {dagbag.py:507} INFO - Filling up the DagBag from /home/airflow/.local/lib/python3.7/site-packages/airflow/example_dags/example_branch_operator.py
[2022-07-06 18:42:17,721] {processor.py:651} INFO - DAG(s) dict_keys(['example_branch_operator']) retrieved from /home/airflow/.local/lib/python3.7/site-packages/airflow/example_dags/example_branch_operator.py
[2022-07-06 18:42:17,755] {logging_mixin.py:115} INFO - [2022-07-06 18:42:17,755] {dag.py:2371} INFO - Sync 1 DAGs
[2022-07-06 18:42:17,784] {logging_mixin.py:115} INFO - [2022-07-06 18:42:17,784] {dag.py:2919} INFO - Setting next_dagrun for example_branch_operator to 2022-07-05T00:00:00+00:00, run_after=2022-07-06T00:00:00+00:00
[2022-07-06 18:42:17,800] {processor.py:161} INFO - Processing /home/airflow/.local/lib/python3.7/site-packages/airflow/example_dags/example_branch_operator.py took 0.102 seconds
[2022-07-06 18:42:48,628] {processor.py:153} INFO - Started process (PID=832) to work on /home/airflow/.local/lib/python3.7/site-packages/airflow/example_dags/example_branch_operator.py
[2022-07-06 18:42:48,630] {processor.py:641} INFO - Processing file /home/airflow/.local/lib/python3.7/site-packages/airflow/example_dags/example_branch_operator.py for tasks to queue
[2022-07-06 18:42:48,632] {logging_mixin.py:115} INFO - [2022-07-06 18:42:48,632] {dagbag.py:507} INFO - Filling up the DagBag from /home/airflow/.local/lib/python3.7/site-packages/airflow/example_dags/example_branch_operator.py
[2022-07-06 18:42:48,650] {processor.py:651} INFO - DAG(s) dict_keys(['example_branch_operator']) retrieved from /home/airflow/.local/lib/python3.7/site-packages/airflow/example_dags/example_branch_operator.py
[2022-07-06 18:42:48,688] {logging_mixin.py:115} INFO - [2022-07-06 18:42:48,688] {dag.py:2371} INFO - Sync 1 DAGs
[2022-07-06 18:42:48,731] {logging_mixin.py:115} INFO - [2022-07-06 18:42:48,731] {dag.py:2919} INFO - Setting next_dagrun for example_branch_operator to 2022-07-05T00:00:00+00:00, run_after=2022-07-06T00:00:00+00:00
[2022-07-06 18:42:48,745] {processor.py:161} INFO - Processing /home/airflow/.local/lib/python3.7/site-packages/airflow/example_dags/example_branch_operator.py took 0.126 seconds
[2022-07-06 18:43:19,276] {processor.py:153} INFO - Started process (PID=899) to work on /home/airflow/.local/lib/python3.7/site-packages/airflow/example_dags/example_branch_operator.py
[2022-07-06 18:43:19,277] {processor.py:641} INFO - Processing file /home/airflow/.local/lib/python3.7/site-packages/airflow/example_dags/example_branch_operator.py for tasks to queue
[2022-07-06 18:43:19,278] {logging_mixin.py:115} INFO - [2022-07-06 18:43:19,278] {dagbag.py:507} INFO - Filling up the DagBag from /home/airflow/.local/lib/python3.7/site-packages/airflow/example_dags/example_branch_operator.py
[2022-07-06 18:43:19,294] {processor.py:651} INFO - DAG(s) dict_keys(['example_branch_operator']) retrieved from /home/airflow/.local/lib/python3.7/site-packages/airflow/example_dags/example_branch_operator.py
[2022-07-06 18:43:19,329] {logging_mixin.py:115} INFO - [2022-07-06 18:43:19,329] {dag.py:2371} INFO - Sync 1 DAGs
[2022-07-06 18:43:19,362] {logging_mixin.py:115} INFO - [2022-07-06 18:43:19,362] {dag.py:2919} INFO - Setting next_dagrun for example_branch_operator to 2022-07-05T00:00:00+00:00, run_after=2022-07-06T00:00:00+00:00
[2022-07-06 18:43:19,379] {processor.py:161} INFO - Processing /home/airflow/.local/lib/python3.7/site-packages/airflow/example_dags/example_branch_operator.py took 0.108 seconds
[2022-07-06 18:43:50,093] {processor.py:153} INFO - Started process (PID=954) to work on /home/airflow/.local/lib/python3.7/site-packages/airflow/example_dags/example_branch_operator.py
[2022-07-06 18:43:50,095] {processor.py:641} INFO - Processing file /home/airflow/.local/lib/python3.7/site-packages/airflow/example_dags/example_branch_operator.py for tasks to queue
[2022-07-06 18:43:50,097] {logging_mixin.py:115} INFO - [2022-07-06 18:43:50,097] {dagbag.py:507} INFO - Filling up the DagBag from /home/airflow/.local/lib/python3.7/site-packages/airflow/example_dags/example_branch_operator.py
[2022-07-06 18:43:50,113] {processor.py:651} INFO - DAG(s) dict_keys(['example_branch_operator']) retrieved from /home/airflow/.local/lib/python3.7/site-packages/airflow/example_dags/example_branch_operator.py
[2022-07-06 18:43:50,163] {logging_mixin.py:115} INFO - [2022-07-06 18:43:50,163] {dag.py:2371} INFO - Sync 1 DAGs
[2022-07-06 18:43:50,194] {logging_mixin.py:115} INFO - [2022-07-06 18:43:50,194] {dag.py:2919} INFO - Setting next_dagrun for example_branch_operator to 2022-07-05T00:00:00+00:00, run_after=2022-07-06T00:00:00+00:00
[2022-07-06 18:43:50,211] {processor.py:161} INFO - Processing /home/airflow/.local/lib/python3.7/site-packages/airflow/example_dags/example_branch_operator.py took 0.128 seconds
[2022-07-06 18:44:20,738] {processor.py:153} INFO - Started process (PID=1018) to work on /home/airflow/.local/lib/python3.7/site-packages/airflow/example_dags/example_branch_operator.py
[2022-07-06 18:44:20,739] {processor.py:641} INFO - Processing file /home/airflow/.local/lib/python3.7/site-packages/airflow/example_dags/example_branch_operator.py for tasks to queue
[2022-07-06 18:44:20,740] {logging_mixin.py:115} INFO - [2022-07-06 18:44:20,740] {dagbag.py:507} INFO - Filling up the DagBag from /home/airflow/.local/lib/python3.7/site-packages/airflow/example_dags/example_branch_operator.py
[2022-07-06 18:44:20,755] {processor.py:651} INFO - DAG(s) dict_keys(['example_branch_operator']) retrieved from /home/airflow/.local/lib/python3.7/site-packages/airflow/example_dags/example_branch_operator.py
[2022-07-06 18:44:20,796] {logging_mixin.py:115} INFO - [2022-07-06 18:44:20,796] {dag.py:2371} INFO - Sync 1 DAGs
[2022-07-06 18:44:20,829] {logging_mixin.py:115} INFO - [2022-07-06 18:44:20,829] {dag.py:2919} INFO - Setting next_dagrun for example_branch_operator to 2022-07-05T00:00:00+00:00, run_after=2022-07-06T00:00:00+00:00
[2022-07-06 18:44:20,846] {processor.py:161} INFO - Processing /home/airflow/.local/lib/python3.7/site-packages/airflow/example_dags/example_branch_operator.py took 0.112 seconds
[2022-07-06 18:44:51,721] {processor.py:153} INFO - Started process (PID=1079) to work on /home/airflow/.local/lib/python3.7/site-packages/airflow/example_dags/example_branch_operator.py
[2022-07-06 18:44:51,723] {processor.py:641} INFO - Processing file /home/airflow/.local/lib/python3.7/site-packages/airflow/example_dags/example_branch_operator.py for tasks to queue
[2022-07-06 18:44:51,724] {logging_mixin.py:115} INFO - [2022-07-06 18:44:51,724] {dagbag.py:507} INFO - Filling up the DagBag from /home/airflow/.local/lib/python3.7/site-packages/airflow/example_dags/example_branch_operator.py
[2022-07-06 18:44:51,743] {processor.py:651} INFO - DAG(s) dict_keys(['example_branch_operator']) retrieved from /home/airflow/.local/lib/python3.7/site-packages/airflow/example_dags/example_branch_operator.py
[2022-07-06 18:44:51,760] {logging_mixin.py:115} INFO - [2022-07-06 18:44:51,760] {dag.py:2371} INFO - Sync 1 DAGs
[2022-07-06 18:44:51,790] {logging_mixin.py:115} INFO - [2022-07-06 18:44:51,790] {dag.py:2919} INFO - Setting next_dagrun for example_branch_operator to 2022-07-05T00:00:00+00:00, run_after=2022-07-06T00:00:00+00:00
[2022-07-06 18:44:51,806] {processor.py:161} INFO - Processing /home/airflow/.local/lib/python3.7/site-packages/airflow/example_dags/example_branch_operator.py took 0.111 seconds
[2022-07-06 18:45:21,898] {processor.py:153} INFO - Started process (PID=1133) to work on /home/airflow/.local/lib/python3.7/site-packages/airflow/example_dags/example_branch_operator.py
[2022-07-06 18:45:21,899] {processor.py:641} INFO - Processing file /home/airflow/.local/lib/python3.7/site-packages/airflow/example_dags/example_branch_operator.py for tasks to queue
[2022-07-06 18:45:21,901] {logging_mixin.py:115} INFO - [2022-07-06 18:45:21,900] {dagbag.py:507} INFO - Filling up the DagBag from /home/airflow/.local/lib/python3.7/site-packages/airflow/example_dags/example_branch_operator.py
[2022-07-06 18:45:21,916] {processor.py:651} INFO - DAG(s) dict_keys(['example_branch_operator']) retrieved from /home/airflow/.local/lib/python3.7/site-packages/airflow/example_dags/example_branch_operator.py
[2022-07-06 18:45:21,956] {logging_mixin.py:115} INFO - [2022-07-06 18:45:21,956] {dag.py:2371} INFO - Sync 1 DAGs
[2022-07-06 18:45:21,991] {logging_mixin.py:115} INFO - [2022-07-06 18:45:21,990] {dag.py:2919} INFO - Setting next_dagrun for example_branch_operator to 2022-07-05T00:00:00+00:00, run_after=2022-07-06T00:00:00+00:00
[2022-07-06 18:45:22,006] {processor.py:161} INFO - Processing /home/airflow/.local/lib/python3.7/site-packages/airflow/example_dags/example_branch_operator.py took 0.115 seconds
[2022-07-06 18:45:52,429] {processor.py:153} INFO - Started process (PID=1196) to work on /home/airflow/.local/lib/python3.7/site-packages/airflow/example_dags/example_branch_operator.py
[2022-07-06 18:45:52,431] {processor.py:641} INFO - Processing file /home/airflow/.local/lib/python3.7/site-packages/airflow/example_dags/example_branch_operator.py for tasks to queue
[2022-07-06 18:45:52,433] {logging_mixin.py:115} INFO - [2022-07-06 18:45:52,433] {dagbag.py:507} INFO - Filling up the DagBag from /home/airflow/.local/lib/python3.7/site-packages/airflow/example_dags/example_branch_operator.py
[2022-07-06 18:45:52,448] {processor.py:651} INFO - DAG(s) dict_keys(['example_branch_operator']) retrieved from /home/airflow/.local/lib/python3.7/site-packages/airflow/example_dags/example_branch_operator.py
[2022-07-06 18:45:52,493] {logging_mixin.py:115} INFO - [2022-07-06 18:45:52,493] {dag.py:2371} INFO - Sync 1 DAGs
[2022-07-06 18:45:52,524] {logging_mixin.py:115} INFO - [2022-07-06 18:45:52,524] {dag.py:2919} INFO - Setting next_dagrun for example_branch_operator to 2022-07-05T00:00:00+00:00, run_after=2022-07-06T00:00:00+00:00
[2022-07-06 18:45:52,541] {processor.py:161} INFO - Processing /home/airflow/.local/lib/python3.7/site-packages/airflow/example_dags/example_branch_operator.py took 0.117 seconds
[2022-07-06 18:46:22,787] {processor.py:153} INFO - Started process (PID=1250) to work on /home/airflow/.local/lib/python3.7/site-packages/airflow/example_dags/example_branch_operator.py
[2022-07-06 18:46:22,788] {processor.py:641} INFO - Processing file /home/airflow/.local/lib/python3.7/site-packages/airflow/example_dags/example_branch_operator.py for tasks to queue
[2022-07-06 18:46:22,789] {logging_mixin.py:115} INFO - [2022-07-06 18:46:22,789] {dagbag.py:507} INFO - Filling up the DagBag from /home/airflow/.local/lib/python3.7/site-packages/airflow/example_dags/example_branch_operator.py
[2022-07-06 18:46:22,805] {processor.py:651} INFO - DAG(s) dict_keys(['example_branch_operator']) retrieved from /home/airflow/.local/lib/python3.7/site-packages/airflow/example_dags/example_branch_operator.py
[2022-07-06 18:46:22,854] {logging_mixin.py:115} INFO - [2022-07-06 18:46:22,854] {dag.py:2371} INFO - Sync 1 DAGs
[2022-07-06 18:46:22,900] {logging_mixin.py:115} INFO - [2022-07-06 18:46:22,900] {dag.py:2919} INFO - Setting next_dagrun for example_branch_operator to 2022-07-05T00:00:00+00:00, run_after=2022-07-06T00:00:00+00:00
[2022-07-06 18:46:22,914] {processor.py:161} INFO - Processing /home/airflow/.local/lib/python3.7/site-packages/airflow/example_dags/example_branch_operator.py took 0.132 seconds
[2022-07-06 18:46:53,681] {processor.py:153} INFO - Started process (PID=1315) to work on /home/airflow/.local/lib/python3.7/site-packages/airflow/example_dags/example_branch_operator.py
[2022-07-06 18:46:53,683] {processor.py:641} INFO - Processing file /home/airflow/.local/lib/python3.7/site-packages/airflow/example_dags/example_branch_operator.py for tasks to queue
[2022-07-06 18:46:53,684] {logging_mixin.py:115} INFO - [2022-07-06 18:46:53,684] {dagbag.py:507} INFO - Filling up the DagBag from /home/airflow/.local/lib/python3.7/site-packages/airflow/example_dags/example_branch_operator.py
[2022-07-06 18:46:53,698] {processor.py:651} INFO - DAG(s) dict_keys(['example_branch_operator']) retrieved from /home/airflow/.local/lib/python3.7/site-packages/airflow/example_dags/example_branch_operator.py
[2022-07-06 18:46:53,731] {logging_mixin.py:115} INFO - [2022-07-06 18:46:53,731] {dag.py:2371} INFO - Sync 1 DAGs
[2022-07-06 18:46:53,767] {logging_mixin.py:115} INFO - [2022-07-06 18:46:53,767] {dag.py:2919} INFO - Setting next_dagrun for example_branch_operator to 2022-07-05T00:00:00+00:00, run_after=2022-07-06T00:00:00+00:00
[2022-07-06 18:46:53,783] {processor.py:161} INFO - Processing /home/airflow/.local/lib/python3.7/site-packages/airflow/example_dags/example_branch_operator.py took 0.106 seconds
[2022-07-06 18:47:24,567] {processor.py:153} INFO - Started process (PID=1379) to work on /home/airflow/.local/lib/python3.7/site-packages/airflow/example_dags/example_branch_operator.py
[2022-07-06 18:47:24,570] {processor.py:641} INFO - Processing file /home/airflow/.local/lib/python3.7/site-packages/airflow/example_dags/example_branch_operator.py for tasks to queue
[2022-07-06 18:47:24,572] {logging_mixin.py:115} INFO - [2022-07-06 18:47:24,572] {dagbag.py:507} INFO - Filling up the DagBag from /home/airflow/.local/lib/python3.7/site-packages/airflow/example_dags/example_branch_operator.py
[2022-07-06 18:47:24,589] {processor.py:651} INFO - DAG(s) dict_keys(['example_branch_operator']) retrieved from /home/airflow/.local/lib/python3.7/site-packages/airflow/example_dags/example_branch_operator.py
[2022-07-06 18:47:24,627] {logging_mixin.py:115} INFO - [2022-07-06 18:47:24,626] {dag.py:2371} INFO - Sync 1 DAGs
[2022-07-06 18:47:24,658] {logging_mixin.py:115} INFO - [2022-07-06 18:47:24,658] {dag.py:2919} INFO - Setting next_dagrun for example_branch_operator to 2022-07-05T00:00:00+00:00, run_after=2022-07-06T00:00:00+00:00
[2022-07-06 18:47:24,674] {processor.py:161} INFO - Processing /home/airflow/.local/lib/python3.7/site-packages/airflow/example_dags/example_branch_operator.py took 0.112 seconds
[2022-07-06 18:47:55,519] {processor.py:153} INFO - Started process (PID=1432) to work on /home/airflow/.local/lib/python3.7/site-packages/airflow/example_dags/example_branch_operator.py
[2022-07-06 18:47:55,520] {processor.py:641} INFO - Processing file /home/airflow/.local/lib/python3.7/site-packages/airflow/example_dags/example_branch_operator.py for tasks to queue
[2022-07-06 18:47:55,522] {logging_mixin.py:115} INFO - [2022-07-06 18:47:55,522] {dagbag.py:507} INFO - Filling up the DagBag from /home/airflow/.local/lib/python3.7/site-packages/airflow/example_dags/example_branch_operator.py
[2022-07-06 18:47:55,544] {processor.py:651} INFO - DAG(s) dict_keys(['example_branch_operator']) retrieved from /home/airflow/.local/lib/python3.7/site-packages/airflow/example_dags/example_branch_operator.py
[2022-07-06 18:47:55,579] {logging_mixin.py:115} INFO - [2022-07-06 18:47:55,578] {dag.py:2371} INFO - Sync 1 DAGs
[2022-07-06 18:47:55,612] {logging_mixin.py:115} INFO - [2022-07-06 18:47:55,612] {dag.py:2919} INFO - Setting next_dagrun for example_branch_operator to 2022-07-05T00:00:00+00:00, run_after=2022-07-06T00:00:00+00:00
[2022-07-06 18:47:55,627] {processor.py:161} INFO - Processing /home/airflow/.local/lib/python3.7/site-packages/airflow/example_dags/example_branch_operator.py took 0.114 seconds
[2022-07-06 18:48:26,350] {processor.py:153} INFO - Started process (PID=1498) to work on /home/airflow/.local/lib/python3.7/site-packages/airflow/example_dags/example_branch_operator.py
[2022-07-06 18:48:26,352] {processor.py:641} INFO - Processing file /home/airflow/.local/lib/python3.7/site-packages/airflow/example_dags/example_branch_operator.py for tasks to queue
[2022-07-06 18:48:26,354] {logging_mixin.py:115} INFO - [2022-07-06 18:48:26,353] {dagbag.py:507} INFO - Filling up the DagBag from /home/airflow/.local/lib/python3.7/site-packages/airflow/example_dags/example_branch_operator.py
[2022-07-06 18:48:26,371] {processor.py:651} INFO - DAG(s) dict_keys(['example_branch_operator']) retrieved from /home/airflow/.local/lib/python3.7/site-packages/airflow/example_dags/example_branch_operator.py
[2022-07-06 18:48:26,408] {logging_mixin.py:115} INFO - [2022-07-06 18:48:26,408] {dag.py:2371} INFO - Sync 1 DAGs
[2022-07-06 18:48:26,446] {logging_mixin.py:115} INFO - [2022-07-06 18:48:26,446] {dag.py:2919} INFO - Setting next_dagrun for example_branch_operator to 2022-07-05T00:00:00+00:00, run_after=2022-07-06T00:00:00+00:00
[2022-07-06 18:48:26,471] {processor.py:161} INFO - Processing /home/airflow/.local/lib/python3.7/site-packages/airflow/example_dags/example_branch_operator.py took 0.125 seconds
[2022-07-06 18:48:57,068] {processor.py:153} INFO - Started process (PID=1562) to work on /home/airflow/.local/lib/python3.7/site-packages/airflow/example_dags/example_branch_operator.py
[2022-07-06 18:48:57,070] {processor.py:641} INFO - Processing file /home/airflow/.local/lib/python3.7/site-packages/airflow/example_dags/example_branch_operator.py for tasks to queue
[2022-07-06 18:48:57,072] {logging_mixin.py:115} INFO - [2022-07-06 18:48:57,072] {dagbag.py:507} INFO - Filling up the DagBag from /home/airflow/.local/lib/python3.7/site-packages/airflow/example_dags/example_branch_operator.py
[2022-07-06 18:48:57,091] {processor.py:651} INFO - DAG(s) dict_keys(['example_branch_operator']) retrieved from /home/airflow/.local/lib/python3.7/site-packages/airflow/example_dags/example_branch_operator.py
[2022-07-06 18:48:57,134] {logging_mixin.py:115} INFO - [2022-07-06 18:48:57,133] {dag.py:2371} INFO - Sync 1 DAGs
[2022-07-06 18:48:57,168] {logging_mixin.py:115} INFO - [2022-07-06 18:48:57,168] {dag.py:2919} INFO - Setting next_dagrun for example_branch_operator to 2022-07-05T00:00:00+00:00, run_after=2022-07-06T00:00:00+00:00
[2022-07-06 18:48:57,181] {processor.py:161} INFO - Processing /home/airflow/.local/lib/python3.7/site-packages/airflow/example_dags/example_branch_operator.py took 0.123 seconds
[2022-07-06 18:49:27,640] {processor.py:153} INFO - Started process (PID=1616) to work on /home/airflow/.local/lib/python3.7/site-packages/airflow/example_dags/example_branch_operator.py
[2022-07-06 18:49:27,642] {processor.py:641} INFO - Processing file /home/airflow/.local/lib/python3.7/site-packages/airflow/example_dags/example_branch_operator.py for tasks to queue
[2022-07-06 18:49:27,645] {logging_mixin.py:115} INFO - [2022-07-06 18:49:27,645] {dagbag.py:507} INFO - Filling up the DagBag from /home/airflow/.local/lib/python3.7/site-packages/airflow/example_dags/example_branch_operator.py
[2022-07-06 18:49:27,661] {processor.py:651} INFO - DAG(s) dict_keys(['example_branch_operator']) retrieved from /home/airflow/.local/lib/python3.7/site-packages/airflow/example_dags/example_branch_operator.py
[2022-07-06 18:49:27,697] {logging_mixin.py:115} INFO - [2022-07-06 18:49:27,697] {dag.py:2371} INFO - Sync 1 DAGs
[2022-07-06 18:49:27,728] {logging_mixin.py:115} INFO - [2022-07-06 18:49:27,728] {dag.py:2919} INFO - Setting next_dagrun for example_branch_operator to 2022-07-05T00:00:00+00:00, run_after=2022-07-06T00:00:00+00:00
[2022-07-06 18:49:27,745] {processor.py:161} INFO - Processing /home/airflow/.local/lib/python3.7/site-packages/airflow/example_dags/example_branch_operator.py took 0.109 seconds
[2022-07-06 18:49:58,244] {processor.py:153} INFO - Started process (PID=1682) to work on /home/airflow/.local/lib/python3.7/site-packages/airflow/example_dags/example_branch_operator.py
[2022-07-06 18:49:58,245] {processor.py:641} INFO - Processing file /home/airflow/.local/lib/python3.7/site-packages/airflow/example_dags/example_branch_operator.py for tasks to queue
[2022-07-06 18:49:58,246] {logging_mixin.py:115} INFO - [2022-07-06 18:49:58,246] {dagbag.py:507} INFO - Filling up the DagBag from /home/airflow/.local/lib/python3.7/site-packages/airflow/example_dags/example_branch_operator.py
[2022-07-06 18:49:58,261] {processor.py:651} INFO - DAG(s) dict_keys(['example_branch_operator']) retrieved from /home/airflow/.local/lib/python3.7/site-packages/airflow/example_dags/example_branch_operator.py
[2022-07-06 18:49:58,295] {logging_mixin.py:115} INFO - [2022-07-06 18:49:58,295] {dag.py:2371} INFO - Sync 1 DAGs
[2022-07-06 18:49:58,326] {logging_mixin.py:115} INFO - [2022-07-06 18:49:58,325] {dag.py:2919} INFO - Setting next_dagrun for example_branch_operator to 2022-07-05T00:00:00+00:00, run_after=2022-07-06T00:00:00+00:00
[2022-07-06 18:49:58,341] {processor.py:161} INFO - Processing /home/airflow/.local/lib/python3.7/site-packages/airflow/example_dags/example_branch_operator.py took 0.101 seconds
[2022-07-06 18:50:28,753] {processor.py:153} INFO - Started process (PID=1747) to work on /home/airflow/.local/lib/python3.7/site-packages/airflow/example_dags/example_branch_operator.py
[2022-07-06 18:50:28,753] {processor.py:641} INFO - Processing file /home/airflow/.local/lib/python3.7/site-packages/airflow/example_dags/example_branch_operator.py for tasks to queue
[2022-07-06 18:50:28,755] {logging_mixin.py:115} INFO - [2022-07-06 18:50:28,754] {dagbag.py:507} INFO - Filling up the DagBag from /home/airflow/.local/lib/python3.7/site-packages/airflow/example_dags/example_branch_operator.py
[2022-07-06 18:50:28,768] {processor.py:651} INFO - DAG(s) dict_keys(['example_branch_operator']) retrieved from /home/airflow/.local/lib/python3.7/site-packages/airflow/example_dags/example_branch_operator.py
[2022-07-06 18:50:28,801] {logging_mixin.py:115} INFO - [2022-07-06 18:50:28,801] {dag.py:2371} INFO - Sync 1 DAGs
[2022-07-06 18:50:28,831] {logging_mixin.py:115} INFO - [2022-07-06 18:50:28,831] {dag.py:2919} INFO - Setting next_dagrun for example_branch_operator to 2022-07-05T00:00:00+00:00, run_after=2022-07-06T00:00:00+00:00
[2022-07-06 18:50:28,847] {processor.py:161} INFO - Processing /home/airflow/.local/lib/python3.7/site-packages/airflow/example_dags/example_branch_operator.py took 0.099 seconds
[2022-07-06 18:50:59,165] {processor.py:153} INFO - Started process (PID=1802) to work on /home/airflow/.local/lib/python3.7/site-packages/airflow/example_dags/example_branch_operator.py
[2022-07-06 18:50:59,166] {processor.py:641} INFO - Processing file /home/airflow/.local/lib/python3.7/site-packages/airflow/example_dags/example_branch_operator.py for tasks to queue
[2022-07-06 18:50:59,167] {logging_mixin.py:115} INFO - [2022-07-06 18:50:59,167] {dagbag.py:507} INFO - Filling up the DagBag from /home/airflow/.local/lib/python3.7/site-packages/airflow/example_dags/example_branch_operator.py
[2022-07-06 18:50:59,181] {processor.py:651} INFO - DAG(s) dict_keys(['example_branch_operator']) retrieved from /home/airflow/.local/lib/python3.7/site-packages/airflow/example_dags/example_branch_operator.py
[2022-07-06 18:50:59,215] {logging_mixin.py:115} INFO - [2022-07-06 18:50:59,215] {dag.py:2371} INFO - Sync 1 DAGs
[2022-07-06 18:50:59,249] {logging_mixin.py:115} INFO - [2022-07-06 18:50:59,249] {dag.py:2919} INFO - Setting next_dagrun for example_branch_operator to 2022-07-05T00:00:00+00:00, run_after=2022-07-06T00:00:00+00:00
[2022-07-06 18:50:59,264] {processor.py:161} INFO - Processing /home/airflow/.local/lib/python3.7/site-packages/airflow/example_dags/example_branch_operator.py took 0.104 seconds
[2022-07-06 18:51:30,160] {processor.py:153} INFO - Started process (PID=1868) to work on /home/airflow/.local/lib/python3.7/site-packages/airflow/example_dags/example_branch_operator.py
[2022-07-06 18:51:30,161] {processor.py:641} INFO - Processing file /home/airflow/.local/lib/python3.7/site-packages/airflow/example_dags/example_branch_operator.py for tasks to queue
[2022-07-06 18:51:30,162] {logging_mixin.py:115} INFO - [2022-07-06 18:51:30,162] {dagbag.py:507} INFO - Filling up the DagBag from /home/airflow/.local/lib/python3.7/site-packages/airflow/example_dags/example_branch_operator.py
[2022-07-06 18:51:30,178] {processor.py:651} INFO - DAG(s) dict_keys(['example_branch_operator']) retrieved from /home/airflow/.local/lib/python3.7/site-packages/airflow/example_dags/example_branch_operator.py
[2022-07-06 18:51:30,210] {logging_mixin.py:115} INFO - [2022-07-06 18:51:30,210] {dag.py:2371} INFO - Sync 1 DAGs
[2022-07-06 18:51:30,241] {logging_mixin.py:115} INFO - [2022-07-06 18:51:30,240] {dag.py:2919} INFO - Setting next_dagrun for example_branch_operator to 2022-07-05T00:00:00+00:00, run_after=2022-07-06T00:00:00+00:00
[2022-07-06 18:51:30,256] {processor.py:161} INFO - Processing /home/airflow/.local/lib/python3.7/site-packages/airflow/example_dags/example_branch_operator.py took 0.101 seconds
[2022-07-06 18:52:01,177] {processor.py:153} INFO - Started process (PID=1930) to work on /home/airflow/.local/lib/python3.7/site-packages/airflow/example_dags/example_branch_operator.py
[2022-07-06 18:52:01,179] {processor.py:641} INFO - Processing file /home/airflow/.local/lib/python3.7/site-packages/airflow/example_dags/example_branch_operator.py for tasks to queue
[2022-07-06 18:52:01,180] {logging_mixin.py:115} INFO - [2022-07-06 18:52:01,180] {dagbag.py:507} INFO - Filling up the DagBag from /home/airflow/.local/lib/python3.7/site-packages/airflow/example_dags/example_branch_operator.py
[2022-07-06 18:52:01,194] {processor.py:651} INFO - DAG(s) dict_keys(['example_branch_operator']) retrieved from /home/airflow/.local/lib/python3.7/site-packages/airflow/example_dags/example_branch_operator.py
[2022-07-06 18:52:01,226] {logging_mixin.py:115} INFO - [2022-07-06 18:52:01,226] {dag.py:2371} INFO - Sync 1 DAGs
[2022-07-06 18:52:01,257] {logging_mixin.py:115} INFO - [2022-07-06 18:52:01,257] {dag.py:2919} INFO - Setting next_dagrun for example_branch_operator to 2022-07-05T00:00:00+00:00, run_after=2022-07-06T00:00:00+00:00
[2022-07-06 18:52:01,274] {processor.py:161} INFO - Processing /home/airflow/.local/lib/python3.7/site-packages/airflow/example_dags/example_branch_operator.py took 0.102 seconds
[2022-07-06 18:52:31,442] {processor.py:153} INFO - Started process (PID=1984) to work on /home/airflow/.local/lib/python3.7/site-packages/airflow/example_dags/example_branch_operator.py
[2022-07-06 18:52:31,446] {processor.py:641} INFO - Processing file /home/airflow/.local/lib/python3.7/site-packages/airflow/example_dags/example_branch_operator.py for tasks to queue
[2022-07-06 18:52:31,448] {logging_mixin.py:115} INFO - [2022-07-06 18:52:31,448] {dagbag.py:507} INFO - Filling up the DagBag from /home/airflow/.local/lib/python3.7/site-packages/airflow/example_dags/example_branch_operator.py
[2022-07-06 18:52:31,466] {processor.py:651} INFO - DAG(s) dict_keys(['example_branch_operator']) retrieved from /home/airflow/.local/lib/python3.7/site-packages/airflow/example_dags/example_branch_operator.py
[2022-07-06 18:52:31,505] {logging_mixin.py:115} INFO - [2022-07-06 18:52:31,505] {dag.py:2371} INFO - Sync 1 DAGs
[2022-07-06 18:52:31,539] {logging_mixin.py:115} INFO - [2022-07-06 18:52:31,539] {dag.py:2919} INFO - Setting next_dagrun for example_branch_operator to 2022-07-05T00:00:00+00:00, run_after=2022-07-06T00:00:00+00:00
[2022-07-06 18:52:31,556] {processor.py:161} INFO - Processing /home/airflow/.local/lib/python3.7/site-packages/airflow/example_dags/example_branch_operator.py took 0.118 seconds
[2022-07-06 18:53:01,750] {processor.py:153} INFO - Started process (PID=2048) to work on /home/airflow/.local/lib/python3.7/site-packages/airflow/example_dags/example_branch_operator.py
[2022-07-06 18:53:01,751] {processor.py:641} INFO - Processing file /home/airflow/.local/lib/python3.7/site-packages/airflow/example_dags/example_branch_operator.py for tasks to queue
[2022-07-06 18:53:01,752] {logging_mixin.py:115} INFO - [2022-07-06 18:53:01,752] {dagbag.py:507} INFO - Filling up the DagBag from /home/airflow/.local/lib/python3.7/site-packages/airflow/example_dags/example_branch_operator.py
[2022-07-06 18:53:01,773] {processor.py:651} INFO - DAG(s) dict_keys(['example_branch_operator']) retrieved from /home/airflow/.local/lib/python3.7/site-packages/airflow/example_dags/example_branch_operator.py
[2022-07-06 18:53:01,811] {logging_mixin.py:115} INFO - [2022-07-06 18:53:01,811] {dag.py:2371} INFO - Sync 1 DAGs
[2022-07-06 18:53:01,842] {logging_mixin.py:115} INFO - [2022-07-06 18:53:01,842] {dag.py:2919} INFO - Setting next_dagrun for example_branch_operator to 2022-07-05T00:00:00+00:00, run_after=2022-07-06T00:00:00+00:00
[2022-07-06 18:53:01,856] {processor.py:161} INFO - Processing /home/airflow/.local/lib/python3.7/site-packages/airflow/example_dags/example_branch_operator.py took 0.113 seconds
[2022-07-06 18:53:32,099] {processor.py:153} INFO - Started process (PID=2102) to work on /home/airflow/.local/lib/python3.7/site-packages/airflow/example_dags/example_branch_operator.py
[2022-07-06 18:53:32,101] {processor.py:641} INFO - Processing file /home/airflow/.local/lib/python3.7/site-packages/airflow/example_dags/example_branch_operator.py for tasks to queue
[2022-07-06 18:53:32,102] {logging_mixin.py:115} INFO - [2022-07-06 18:53:32,102] {dagbag.py:507} INFO - Filling up the DagBag from /home/airflow/.local/lib/python3.7/site-packages/airflow/example_dags/example_branch_operator.py
[2022-07-06 18:53:32,116] {processor.py:651} INFO - DAG(s) dict_keys(['example_branch_operator']) retrieved from /home/airflow/.local/lib/python3.7/site-packages/airflow/example_dags/example_branch_operator.py
[2022-07-06 18:53:32,149] {logging_mixin.py:115} INFO - [2022-07-06 18:53:32,149] {dag.py:2371} INFO - Sync 1 DAGs
[2022-07-06 18:53:32,189] {logging_mixin.py:115} INFO - [2022-07-06 18:53:32,189] {dag.py:2919} INFO - Setting next_dagrun for example_branch_operator to 2022-07-05T00:00:00+00:00, run_after=2022-07-06T00:00:00+00:00
[2022-07-06 18:53:32,206] {processor.py:161} INFO - Processing /home/airflow/.local/lib/python3.7/site-packages/airflow/example_dags/example_branch_operator.py took 0.112 seconds
[2022-07-06 18:54:03,680] {processor.py:153} INFO - Started process (PID=2165) to work on /home/airflow/.local/lib/python3.7/site-packages/airflow/example_dags/example_branch_operator.py
[2022-07-06 18:54:03,682] {processor.py:641} INFO - Processing file /home/airflow/.local/lib/python3.7/site-packages/airflow/example_dags/example_branch_operator.py for tasks to queue
[2022-07-06 18:54:03,684] {logging_mixin.py:115} INFO - [2022-07-06 18:54:03,684] {dagbag.py:507} INFO - Filling up the DagBag from /home/airflow/.local/lib/python3.7/site-packages/airflow/example_dags/example_branch_operator.py
[2022-07-06 18:54:03,710] {processor.py:651} INFO - DAG(s) dict_keys(['example_branch_operator']) retrieved from /home/airflow/.local/lib/python3.7/site-packages/airflow/example_dags/example_branch_operator.py
[2022-07-06 18:54:03,828] {logging_mixin.py:115} INFO - [2022-07-06 18:54:03,828] {dag.py:2371} INFO - Sync 1 DAGs
[2022-07-06 18:54:04,113] {logging_mixin.py:115} INFO - [2022-07-06 18:54:04,112] {dag.py:2919} INFO - Setting next_dagrun for example_branch_operator to 2022-07-05T00:00:00+00:00, run_after=2022-07-06T00:00:00+00:00
[2022-07-06 18:54:04,153] {processor.py:161} INFO - Processing /home/airflow/.local/lib/python3.7/site-packages/airflow/example_dags/example_branch_operator.py took 0.479 seconds
[2022-07-06 18:54:34,950] {processor.py:153} INFO - Started process (PID=2219) to work on /home/airflow/.local/lib/python3.7/site-packages/airflow/example_dags/example_branch_operator.py
[2022-07-06 18:54:34,952] {processor.py:641} INFO - Processing file /home/airflow/.local/lib/python3.7/site-packages/airflow/example_dags/example_branch_operator.py for tasks to queue
[2022-07-06 18:54:34,954] {logging_mixin.py:115} INFO - [2022-07-06 18:54:34,954] {dagbag.py:507} INFO - Filling up the DagBag from /home/airflow/.local/lib/python3.7/site-packages/airflow/example_dags/example_branch_operator.py
[2022-07-06 18:54:34,978] {processor.py:651} INFO - DAG(s) dict_keys(['example_branch_operator']) retrieved from /home/airflow/.local/lib/python3.7/site-packages/airflow/example_dags/example_branch_operator.py
[2022-07-06 18:54:35,025] {logging_mixin.py:115} INFO - [2022-07-06 18:54:35,024] {dag.py:2371} INFO - Sync 1 DAGs
[2022-07-06 18:54:35,065] {logging_mixin.py:115} INFO - [2022-07-06 18:54:35,065] {dag.py:2919} INFO - Setting next_dagrun for example_branch_operator to 2022-07-05T00:00:00+00:00, run_after=2022-07-06T00:00:00+00:00
[2022-07-06 18:54:35,087] {processor.py:161} INFO - Processing /home/airflow/.local/lib/python3.7/site-packages/airflow/example_dags/example_branch_operator.py took 0.145 seconds
[2022-07-06 18:55:06,016] {processor.py:153} INFO - Started process (PID=2274) to work on /home/airflow/.local/lib/python3.7/site-packages/airflow/example_dags/example_branch_operator.py
[2022-07-06 18:55:06,018] {processor.py:641} INFO - Processing file /home/airflow/.local/lib/python3.7/site-packages/airflow/example_dags/example_branch_operator.py for tasks to queue
[2022-07-06 18:55:06,020] {logging_mixin.py:115} INFO - [2022-07-06 18:55:06,020] {dagbag.py:507} INFO - Filling up the DagBag from /home/airflow/.local/lib/python3.7/site-packages/airflow/example_dags/example_branch_operator.py
[2022-07-06 18:55:06,053] {processor.py:651} INFO - DAG(s) dict_keys(['example_branch_operator']) retrieved from /home/airflow/.local/lib/python3.7/site-packages/airflow/example_dags/example_branch_operator.py
[2022-07-06 18:55:06,106] {logging_mixin.py:115} INFO - [2022-07-06 18:55:06,106] {dag.py:2371} INFO - Sync 1 DAGs
[2022-07-06 18:55:06,154] {logging_mixin.py:115} INFO - [2022-07-06 18:55:06,154] {dag.py:2919} INFO - Setting next_dagrun for example_branch_operator to 2022-07-05T00:00:00+00:00, run_after=2022-07-06T00:00:00+00:00
[2022-07-06 18:55:06,196] {processor.py:161} INFO - Processing /home/airflow/.local/lib/python3.7/site-packages/airflow/example_dags/example_branch_operator.py took 0.184 seconds
[2022-07-06 18:55:36,880] {processor.py:153} INFO - Started process (PID=2338) to work on /home/airflow/.local/lib/python3.7/site-packages/airflow/example_dags/example_branch_operator.py
[2022-07-06 18:55:36,881] {processor.py:641} INFO - Processing file /home/airflow/.local/lib/python3.7/site-packages/airflow/example_dags/example_branch_operator.py for tasks to queue
[2022-07-06 18:55:36,883] {logging_mixin.py:115} INFO - [2022-07-06 18:55:36,883] {dagbag.py:507} INFO - Filling up the DagBag from /home/airflow/.local/lib/python3.7/site-packages/airflow/example_dags/example_branch_operator.py
[2022-07-06 18:55:36,911] {processor.py:651} INFO - DAG(s) dict_keys(['example_branch_operator']) retrieved from /home/airflow/.local/lib/python3.7/site-packages/airflow/example_dags/example_branch_operator.py
[2022-07-06 18:55:36,946] {logging_mixin.py:115} INFO - [2022-07-06 18:55:36,945] {dag.py:2371} INFO - Sync 1 DAGs
[2022-07-06 18:55:36,978] {logging_mixin.py:115} INFO - [2022-07-06 18:55:36,978] {dag.py:2919} INFO - Setting next_dagrun for example_branch_operator to 2022-07-05T00:00:00+00:00, run_after=2022-07-06T00:00:00+00:00
[2022-07-06 18:55:36,997] {processor.py:161} INFO - Processing /home/airflow/.local/lib/python3.7/site-packages/airflow/example_dags/example_branch_operator.py took 0.126 seconds
[2022-07-06 18:56:07,387] {processor.py:153} INFO - Started process (PID=2396) to work on /home/airflow/.local/lib/python3.7/site-packages/airflow/example_dags/example_branch_operator.py
[2022-07-06 18:56:07,389] {processor.py:641} INFO - Processing file /home/airflow/.local/lib/python3.7/site-packages/airflow/example_dags/example_branch_operator.py for tasks to queue
[2022-07-06 18:56:07,391] {logging_mixin.py:115} INFO - [2022-07-06 18:56:07,391] {dagbag.py:507} INFO - Filling up the DagBag from /home/airflow/.local/lib/python3.7/site-packages/airflow/example_dags/example_branch_operator.py
[2022-07-06 18:56:07,408] {processor.py:651} INFO - DAG(s) dict_keys(['example_branch_operator']) retrieved from /home/airflow/.local/lib/python3.7/site-packages/airflow/example_dags/example_branch_operator.py
[2022-07-06 18:56:07,452] {logging_mixin.py:115} INFO - [2022-07-06 18:56:07,451] {dag.py:2371} INFO - Sync 1 DAGs
[2022-07-06 18:56:07,502] {logging_mixin.py:115} INFO - [2022-07-06 18:56:07,502] {dag.py:2919} INFO - Setting next_dagrun for example_branch_operator to 2022-07-05T00:00:00+00:00, run_after=2022-07-06T00:00:00+00:00
[2022-07-06 18:56:07,526] {processor.py:161} INFO - Processing /home/airflow/.local/lib/python3.7/site-packages/airflow/example_dags/example_branch_operator.py took 0.144 seconds
[2022-07-06 18:56:38,053] {processor.py:153} INFO - Started process (PID=2463) to work on /home/airflow/.local/lib/python3.7/site-packages/airflow/example_dags/example_branch_operator.py
[2022-07-06 18:56:38,057] {processor.py:641} INFO - Processing file /home/airflow/.local/lib/python3.7/site-packages/airflow/example_dags/example_branch_operator.py for tasks to queue
[2022-07-06 18:56:38,059] {logging_mixin.py:115} INFO - [2022-07-06 18:56:38,059] {dagbag.py:507} INFO - Filling up the DagBag from /home/airflow/.local/lib/python3.7/site-packages/airflow/example_dags/example_branch_operator.py
[2022-07-06 18:56:38,093] {processor.py:651} INFO - DAG(s) dict_keys(['example_branch_operator']) retrieved from /home/airflow/.local/lib/python3.7/site-packages/airflow/example_dags/example_branch_operator.py
[2022-07-06 18:56:38,158] {logging_mixin.py:115} INFO - [2022-07-06 18:56:38,158] {dag.py:2371} INFO - Sync 1 DAGs
[2022-07-06 18:56:38,228] {logging_mixin.py:115} INFO - [2022-07-06 18:56:38,228] {dag.py:2919} INFO - Setting next_dagrun for example_branch_operator to 2022-07-05T00:00:00+00:00, run_after=2022-07-06T00:00:00+00:00
[2022-07-06 18:56:38,254] {processor.py:161} INFO - Processing /home/airflow/.local/lib/python3.7/site-packages/airflow/example_dags/example_branch_operator.py took 0.206 seconds
[2022-07-06 18:57:09,494] {processor.py:153} INFO - Started process (PID=2516) to work on /home/airflow/.local/lib/python3.7/site-packages/airflow/example_dags/example_branch_operator.py
[2022-07-06 18:57:09,501] {processor.py:641} INFO - Processing file /home/airflow/.local/lib/python3.7/site-packages/airflow/example_dags/example_branch_operator.py for tasks to queue
[2022-07-06 18:57:09,506] {logging_mixin.py:115} INFO - [2022-07-06 18:57:09,506] {dagbag.py:507} INFO - Filling up the DagBag from /home/airflow/.local/lib/python3.7/site-packages/airflow/example_dags/example_branch_operator.py
[2022-07-06 18:57:09,638] {processor.py:651} INFO - DAG(s) dict_keys(['example_branch_operator']) retrieved from /home/airflow/.local/lib/python3.7/site-packages/airflow/example_dags/example_branch_operator.py
[2022-07-06 18:57:10,250] {logging_mixin.py:115} INFO - [2022-07-06 18:57:10,250] {dag.py:2371} INFO - Sync 1 DAGs
[2022-07-06 18:57:10,692] {logging_mixin.py:115} INFO - [2022-07-06 18:57:10,692] {dag.py:2919} INFO - Setting next_dagrun for example_branch_operator to 2022-07-05T00:00:00+00:00, run_after=2022-07-06T00:00:00+00:00
[2022-07-06 18:57:10,850] {processor.py:161} INFO - Processing /home/airflow/.local/lib/python3.7/site-packages/airflow/example_dags/example_branch_operator.py took 1.360 seconds
[2022-07-06 18:57:41,421] {processor.py:153} INFO - Started process (PID=2569) to work on /home/airflow/.local/lib/python3.7/site-packages/airflow/example_dags/example_branch_operator.py
[2022-07-06 18:57:41,422] {processor.py:641} INFO - Processing file /home/airflow/.local/lib/python3.7/site-packages/airflow/example_dags/example_branch_operator.py for tasks to queue
[2022-07-06 18:57:41,423] {logging_mixin.py:115} INFO - [2022-07-06 18:57:41,423] {dagbag.py:507} INFO - Filling up the DagBag from /home/airflow/.local/lib/python3.7/site-packages/airflow/example_dags/example_branch_operator.py
[2022-07-06 18:57:41,439] {processor.py:651} INFO - DAG(s) dict_keys(['example_branch_operator']) retrieved from /home/airflow/.local/lib/python3.7/site-packages/airflow/example_dags/example_branch_operator.py
[2022-07-06 18:57:41,475] {logging_mixin.py:115} INFO - [2022-07-06 18:57:41,475] {dag.py:2371} INFO - Sync 1 DAGs
[2022-07-06 18:57:41,507] {logging_mixin.py:115} INFO - [2022-07-06 18:57:41,507] {dag.py:2919} INFO - Setting next_dagrun for example_branch_operator to 2022-07-05T00:00:00+00:00, run_after=2022-07-06T00:00:00+00:00
[2022-07-06 18:57:41,532] {processor.py:161} INFO - Processing /home/airflow/.local/lib/python3.7/site-packages/airflow/example_dags/example_branch_operator.py took 0.116 seconds
[2022-07-06 18:58:12,072] {processor.py:153} INFO - Started process (PID=2633) to work on /home/airflow/.local/lib/python3.7/site-packages/airflow/example_dags/example_branch_operator.py
[2022-07-06 18:58:12,076] {processor.py:641} INFO - Processing file /home/airflow/.local/lib/python3.7/site-packages/airflow/example_dags/example_branch_operator.py for tasks to queue
[2022-07-06 18:58:12,081] {logging_mixin.py:115} INFO - [2022-07-06 18:58:12,081] {dagbag.py:507} INFO - Filling up the DagBag from /home/airflow/.local/lib/python3.7/site-packages/airflow/example_dags/example_branch_operator.py
[2022-07-06 18:58:12,106] {processor.py:651} INFO - DAG(s) dict_keys(['example_branch_operator']) retrieved from /home/airflow/.local/lib/python3.7/site-packages/airflow/example_dags/example_branch_operator.py
[2022-07-06 18:58:12,166] {logging_mixin.py:115} INFO - [2022-07-06 18:58:12,166] {dag.py:2371} INFO - Sync 1 DAGs
[2022-07-06 18:58:12,208] {logging_mixin.py:115} INFO - [2022-07-06 18:58:12,208] {dag.py:2919} INFO - Setting next_dagrun for example_branch_operator to 2022-07-05T00:00:00+00:00, run_after=2022-07-06T00:00:00+00:00
[2022-07-06 18:58:12,230] {processor.py:161} INFO - Processing /home/airflow/.local/lib/python3.7/site-packages/airflow/example_dags/example_branch_operator.py took 0.164 seconds
[2022-07-06 18:58:42,392] {processor.py:153} INFO - Started process (PID=2686) to work on /home/airflow/.local/lib/python3.7/site-packages/airflow/example_dags/example_branch_operator.py
[2022-07-06 18:58:42,393] {processor.py:641} INFO - Processing file /home/airflow/.local/lib/python3.7/site-packages/airflow/example_dags/example_branch_operator.py for tasks to queue
[2022-07-06 18:58:42,395] {logging_mixin.py:115} INFO - [2022-07-06 18:58:42,394] {dagbag.py:507} INFO - Filling up the DagBag from /home/airflow/.local/lib/python3.7/site-packages/airflow/example_dags/example_branch_operator.py
[2022-07-06 18:58:42,408] {processor.py:651} INFO - DAG(s) dict_keys(['example_branch_operator']) retrieved from /home/airflow/.local/lib/python3.7/site-packages/airflow/example_dags/example_branch_operator.py
[2022-07-06 18:58:42,442] {logging_mixin.py:115} INFO - [2022-07-06 18:58:42,442] {dag.py:2371} INFO - Sync 1 DAGs
[2022-07-06 18:58:42,471] {logging_mixin.py:115} INFO - [2022-07-06 18:58:42,471] {dag.py:2919} INFO - Setting next_dagrun for example_branch_operator to 2022-07-05T00:00:00+00:00, run_after=2022-07-06T00:00:00+00:00
[2022-07-06 18:58:42,487] {processor.py:161} INFO - Processing /home/airflow/.local/lib/python3.7/site-packages/airflow/example_dags/example_branch_operator.py took 0.099 seconds
[2022-07-06 18:59:12,709] {processor.py:153} INFO - Started process (PID=2750) to work on /home/airflow/.local/lib/python3.7/site-packages/airflow/example_dags/example_branch_operator.py
[2022-07-06 18:59:12,711] {processor.py:641} INFO - Processing file /home/airflow/.local/lib/python3.7/site-packages/airflow/example_dags/example_branch_operator.py for tasks to queue
[2022-07-06 18:59:12,713] {logging_mixin.py:115} INFO - [2022-07-06 18:59:12,713] {dagbag.py:507} INFO - Filling up the DagBag from /home/airflow/.local/lib/python3.7/site-packages/airflow/example_dags/example_branch_operator.py
[2022-07-06 18:59:12,730] {processor.py:651} INFO - DAG(s) dict_keys(['example_branch_operator']) retrieved from /home/airflow/.local/lib/python3.7/site-packages/airflow/example_dags/example_branch_operator.py
[2022-07-06 18:59:12,771] {logging_mixin.py:115} INFO - [2022-07-06 18:59:12,771] {dag.py:2371} INFO - Sync 1 DAGs
[2022-07-06 18:59:12,803] {logging_mixin.py:115} INFO - [2022-07-06 18:59:12,803] {dag.py:2919} INFO - Setting next_dagrun for example_branch_operator to 2022-07-05T00:00:00+00:00, run_after=2022-07-06T00:00:00+00:00
[2022-07-06 18:59:12,820] {processor.py:161} INFO - Processing /home/airflow/.local/lib/python3.7/site-packages/airflow/example_dags/example_branch_operator.py took 0.115 seconds
[2022-07-06 18:59:42,892] {processor.py:153} INFO - Started process (PID=2803) to work on /home/airflow/.local/lib/python3.7/site-packages/airflow/example_dags/example_branch_operator.py
[2022-07-06 18:59:42,894] {processor.py:641} INFO - Processing file /home/airflow/.local/lib/python3.7/site-packages/airflow/example_dags/example_branch_operator.py for tasks to queue
[2022-07-06 18:59:42,895] {logging_mixin.py:115} INFO - [2022-07-06 18:59:42,895] {dagbag.py:507} INFO - Filling up the DagBag from /home/airflow/.local/lib/python3.7/site-packages/airflow/example_dags/example_branch_operator.py
[2022-07-06 18:59:42,923] {processor.py:651} INFO - DAG(s) dict_keys(['example_branch_operator']) retrieved from /home/airflow/.local/lib/python3.7/site-packages/airflow/example_dags/example_branch_operator.py
[2022-07-06 18:59:42,966] {logging_mixin.py:115} INFO - [2022-07-06 18:59:42,966] {dag.py:2371} INFO - Sync 1 DAGs
[2022-07-06 18:59:43,002] {logging_mixin.py:115} INFO - [2022-07-06 18:59:43,002] {dag.py:2919} INFO - Setting next_dagrun for example_branch_operator to 2022-07-05T00:00:00+00:00, run_after=2022-07-06T00:00:00+00:00
[2022-07-06 18:59:43,023] {processor.py:161} INFO - Processing /home/airflow/.local/lib/python3.7/site-packages/airflow/example_dags/example_branch_operator.py took 0.135 seconds
[2022-07-06 19:00:13,212] {processor.py:153} INFO - Started process (PID=2870) to work on /home/airflow/.local/lib/python3.7/site-packages/airflow/example_dags/example_branch_operator.py
[2022-07-06 19:00:13,214] {processor.py:641} INFO - Processing file /home/airflow/.local/lib/python3.7/site-packages/airflow/example_dags/example_branch_operator.py for tasks to queue
[2022-07-06 19:00:13,215] {logging_mixin.py:115} INFO - [2022-07-06 19:00:13,215] {dagbag.py:507} INFO - Filling up the DagBag from /home/airflow/.local/lib/python3.7/site-packages/airflow/example_dags/example_branch_operator.py
[2022-07-06 19:00:13,230] {processor.py:651} INFO - DAG(s) dict_keys(['example_branch_operator']) retrieved from /home/airflow/.local/lib/python3.7/site-packages/airflow/example_dags/example_branch_operator.py
[2022-07-06 19:00:13,266] {logging_mixin.py:115} INFO - [2022-07-06 19:00:13,266] {dag.py:2371} INFO - Sync 1 DAGs
[2022-07-06 19:00:13,301] {logging_mixin.py:115} INFO - [2022-07-06 19:00:13,301] {dag.py:2919} INFO - Setting next_dagrun for example_branch_operator to 2022-07-05T00:00:00+00:00, run_after=2022-07-06T00:00:00+00:00
[2022-07-06 19:00:13,318] {processor.py:161} INFO - Processing /home/airflow/.local/lib/python3.7/site-packages/airflow/example_dags/example_branch_operator.py took 0.111 seconds
[2022-07-06 19:00:44,202] {processor.py:153} INFO - Started process (PID=2933) to work on /home/airflow/.local/lib/python3.7/site-packages/airflow/example_dags/example_branch_operator.py
[2022-07-06 19:00:44,204] {processor.py:641} INFO - Processing file /home/airflow/.local/lib/python3.7/site-packages/airflow/example_dags/example_branch_operator.py for tasks to queue
[2022-07-06 19:00:44,206] {logging_mixin.py:115} INFO - [2022-07-06 19:00:44,205] {dagbag.py:507} INFO - Filling up the DagBag from /home/airflow/.local/lib/python3.7/site-packages/airflow/example_dags/example_branch_operator.py
[2022-07-06 19:00:44,221] {processor.py:651} INFO - DAG(s) dict_keys(['example_branch_operator']) retrieved from /home/airflow/.local/lib/python3.7/site-packages/airflow/example_dags/example_branch_operator.py
[2022-07-06 19:00:44,254] {logging_mixin.py:115} INFO - [2022-07-06 19:00:44,254] {dag.py:2371} INFO - Sync 1 DAGs
[2022-07-06 19:00:44,284] {logging_mixin.py:115} INFO - [2022-07-06 19:00:44,284] {dag.py:2919} INFO - Setting next_dagrun for example_branch_operator to 2022-07-05T00:00:00+00:00, run_after=2022-07-06T00:00:00+00:00
[2022-07-06 19:00:44,299] {processor.py:161} INFO - Processing /home/airflow/.local/lib/python3.7/site-packages/airflow/example_dags/example_branch_operator.py took 0.102 seconds
[2022-07-06 19:01:14,749] {processor.py:153} INFO - Started process (PID=2987) to work on /home/airflow/.local/lib/python3.7/site-packages/airflow/example_dags/example_branch_operator.py
[2022-07-06 19:01:14,750] {processor.py:641} INFO - Processing file /home/airflow/.local/lib/python3.7/site-packages/airflow/example_dags/example_branch_operator.py for tasks to queue
[2022-07-06 19:01:14,753] {logging_mixin.py:115} INFO - [2022-07-06 19:01:14,752] {dagbag.py:507} INFO - Filling up the DagBag from /home/airflow/.local/lib/python3.7/site-packages/airflow/example_dags/example_branch_operator.py
[2022-07-06 19:01:14,778] {processor.py:651} INFO - DAG(s) dict_keys(['example_branch_operator']) retrieved from /home/airflow/.local/lib/python3.7/site-packages/airflow/example_dags/example_branch_operator.py
[2022-07-06 19:01:14,836] {logging_mixin.py:115} INFO - [2022-07-06 19:01:14,836] {dag.py:2371} INFO - Sync 1 DAGs
[2022-07-06 19:01:14,887] {logging_mixin.py:115} INFO - [2022-07-06 19:01:14,886] {dag.py:2919} INFO - Setting next_dagrun for example_branch_operator to 2022-07-05T00:00:00+00:00, run_after=2022-07-06T00:00:00+00:00
[2022-07-06 19:01:14,911] {processor.py:161} INFO - Processing /home/airflow/.local/lib/python3.7/site-packages/airflow/example_dags/example_branch_operator.py took 0.168 seconds
