[2022-07-06 18:36:11,044] {processor.py:153} INFO - Started process (PID=49) to work on /home/airflow/.local/lib/python3.7/site-packages/airflow/example_dags/example_branch_datetime_operator.py
[2022-07-06 18:36:11,046] {processor.py:641} INFO - Processing file /home/airflow/.local/lib/python3.7/site-packages/airflow/example_dags/example_branch_datetime_operator.py for tasks to queue
[2022-07-06 18:36:11,048] {logging_mixin.py:115} INFO - [2022-07-06 18:36:11,048] {dagbag.py:507} INFO - Filling up the DagBag from /home/airflow/.local/lib/python3.7/site-packages/airflow/example_dags/example_branch_datetime_operator.py
[2022-07-06 18:36:11,072] {processor.py:651} INFO - DAG(s) dict_keys(['example_branch_datetime_operator_2']) retrieved from /home/airflow/.local/lib/python3.7/site-packages/airflow/example_dags/example_branch_datetime_operator.py
[2022-07-06 18:36:11,130] {logging_mixin.py:115} INFO - [2022-07-06 18:36:11,129] {dag.py:2371} INFO - Sync 1 DAGs
[2022-07-06 18:36:11,189] {logging_mixin.py:115} INFO - [2022-07-06 18:36:11,188] {dag.py:2919} INFO - Setting next_dagrun for example_branch_datetime_operator_2 to 2022-07-05T00:00:00+00:00, run_after=2022-07-06T00:00:00+00:00
[2022-07-06 18:36:11,214] {processor.py:161} INFO - Processing /home/airflow/.local/lib/python3.7/site-packages/airflow/example_dags/example_branch_datetime_operator.py took 0.177 seconds
[2022-07-06 18:36:41,662] {processor.py:153} INFO - Started process (PID=103) to work on /home/airflow/.local/lib/python3.7/site-packages/airflow/example_dags/example_branch_datetime_operator.py
[2022-07-06 18:36:41,663] {processor.py:641} INFO - Processing file /home/airflow/.local/lib/python3.7/site-packages/airflow/example_dags/example_branch_datetime_operator.py for tasks to queue
[2022-07-06 18:36:41,664] {logging_mixin.py:115} INFO - [2022-07-06 18:36:41,664] {dagbag.py:507} INFO - Filling up the DagBag from /home/airflow/.local/lib/python3.7/site-packages/airflow/example_dags/example_branch_datetime_operator.py
[2022-07-06 18:36:41,676] {processor.py:651} INFO - DAG(s) dict_keys(['example_branch_datetime_operator_2']) retrieved from /home/airflow/.local/lib/python3.7/site-packages/airflow/example_dags/example_branch_datetime_operator.py
[2022-07-06 18:36:41,717] {logging_mixin.py:115} INFO - [2022-07-06 18:36:41,717] {dag.py:2371} INFO - Sync 1 DAGs
[2022-07-06 18:36:41,765] {logging_mixin.py:115} INFO - [2022-07-06 18:36:41,765] {dag.py:2919} INFO - Setting next_dagrun for example_branch_datetime_operator_2 to 2022-07-05T00:00:00+00:00, run_after=2022-07-06T00:00:00+00:00
[2022-07-06 18:36:41,789] {processor.py:161} INFO - Processing /home/airflow/.local/lib/python3.7/site-packages/airflow/example_dags/example_branch_datetime_operator.py took 0.131 seconds
[2022-07-06 18:37:12,097] {processor.py:153} INFO - Started process (PID=166) to work on /home/airflow/.local/lib/python3.7/site-packages/airflow/example_dags/example_branch_datetime_operator.py
[2022-07-06 18:37:12,098] {processor.py:641} INFO - Processing file /home/airflow/.local/lib/python3.7/site-packages/airflow/example_dags/example_branch_datetime_operator.py for tasks to queue
[2022-07-06 18:37:12,100] {logging_mixin.py:115} INFO - [2022-07-06 18:37:12,100] {dagbag.py:507} INFO - Filling up the DagBag from /home/airflow/.local/lib/python3.7/site-packages/airflow/example_dags/example_branch_datetime_operator.py
[2022-07-06 18:37:12,116] {processor.py:651} INFO - DAG(s) dict_keys(['example_branch_datetime_operator_2']) retrieved from /home/airflow/.local/lib/python3.7/site-packages/airflow/example_dags/example_branch_datetime_operator.py
[2022-07-06 18:37:12,151] {logging_mixin.py:115} INFO - [2022-07-06 18:37:12,151] {dag.py:2371} INFO - Sync 1 DAGs
[2022-07-06 18:37:12,181] {logging_mixin.py:115} INFO - [2022-07-06 18:37:12,181] {dag.py:2919} INFO - Setting next_dagrun for example_branch_datetime_operator_2 to 2022-07-05T00:00:00+00:00, run_after=2022-07-06T00:00:00+00:00
[2022-07-06 18:37:12,197] {processor.py:161} INFO - Processing /home/airflow/.local/lib/python3.7/site-packages/airflow/example_dags/example_branch_datetime_operator.py took 0.105 seconds
[2022-07-06 18:37:42,563] {processor.py:153} INFO - Started process (PID=230) to work on /home/airflow/.local/lib/python3.7/site-packages/airflow/example_dags/example_branch_datetime_operator.py
[2022-07-06 18:37:42,564] {processor.py:641} INFO - Processing file /home/airflow/.local/lib/python3.7/site-packages/airflow/example_dags/example_branch_datetime_operator.py for tasks to queue
[2022-07-06 18:37:42,566] {logging_mixin.py:115} INFO - [2022-07-06 18:37:42,566] {dagbag.py:507} INFO - Filling up the DagBag from /home/airflow/.local/lib/python3.7/site-packages/airflow/example_dags/example_branch_datetime_operator.py
[2022-07-06 18:37:42,581] {processor.py:651} INFO - DAG(s) dict_keys(['example_branch_datetime_operator_2']) retrieved from /home/airflow/.local/lib/python3.7/site-packages/airflow/example_dags/example_branch_datetime_operator.py
[2022-07-06 18:37:42,625] {logging_mixin.py:115} INFO - [2022-07-06 18:37:42,625] {dag.py:2371} INFO - Sync 1 DAGs
[2022-07-06 18:37:42,656] {logging_mixin.py:115} INFO - [2022-07-06 18:37:42,656] {dag.py:2919} INFO - Setting next_dagrun for example_branch_datetime_operator_2 to 2022-07-05T00:00:00+00:00, run_after=2022-07-06T00:00:00+00:00
[2022-07-06 18:37:42,672] {processor.py:161} INFO - Processing /home/airflow/.local/lib/python3.7/site-packages/airflow/example_dags/example_branch_datetime_operator.py took 0.113 seconds
[2022-07-06 18:38:13,429] {processor.py:153} INFO - Started process (PID=284) to work on /home/airflow/.local/lib/python3.7/site-packages/airflow/example_dags/example_branch_datetime_operator.py
[2022-07-06 18:38:13,430] {processor.py:641} INFO - Processing file /home/airflow/.local/lib/python3.7/site-packages/airflow/example_dags/example_branch_datetime_operator.py for tasks to queue
[2022-07-06 18:38:13,432] {logging_mixin.py:115} INFO - [2022-07-06 18:38:13,432] {dagbag.py:507} INFO - Filling up the DagBag from /home/airflow/.local/lib/python3.7/site-packages/airflow/example_dags/example_branch_datetime_operator.py
[2022-07-06 18:38:13,443] {processor.py:651} INFO - DAG(s) dict_keys(['example_branch_datetime_operator_2']) retrieved from /home/airflow/.local/lib/python3.7/site-packages/airflow/example_dags/example_branch_datetime_operator.py
[2022-07-06 18:38:13,483] {logging_mixin.py:115} INFO - [2022-07-06 18:38:13,483] {dag.py:2371} INFO - Sync 1 DAGs
[2022-07-06 18:38:13,529] {logging_mixin.py:115} INFO - [2022-07-06 18:38:13,529] {dag.py:2919} INFO - Setting next_dagrun for example_branch_datetime_operator_2 to 2022-07-05T00:00:00+00:00, run_after=2022-07-06T00:00:00+00:00
[2022-07-06 18:38:13,550] {processor.py:161} INFO - Processing /home/airflow/.local/lib/python3.7/site-packages/airflow/example_dags/example_branch_datetime_operator.py took 0.125 seconds
[2022-07-06 18:38:44,335] {processor.py:153} INFO - Started process (PID=347) to work on /home/airflow/.local/lib/python3.7/site-packages/airflow/example_dags/example_branch_datetime_operator.py
[2022-07-06 18:38:44,337] {processor.py:641} INFO - Processing file /home/airflow/.local/lib/python3.7/site-packages/airflow/example_dags/example_branch_datetime_operator.py for tasks to queue
[2022-07-06 18:38:44,339] {logging_mixin.py:115} INFO - [2022-07-06 18:38:44,339] {dagbag.py:507} INFO - Filling up the DagBag from /home/airflow/.local/lib/python3.7/site-packages/airflow/example_dags/example_branch_datetime_operator.py
[2022-07-06 18:38:44,355] {processor.py:651} INFO - DAG(s) dict_keys(['example_branch_datetime_operator_2']) retrieved from /home/airflow/.local/lib/python3.7/site-packages/airflow/example_dags/example_branch_datetime_operator.py
[2022-07-06 18:38:44,394] {logging_mixin.py:115} INFO - [2022-07-06 18:38:44,393] {dag.py:2371} INFO - Sync 1 DAGs
[2022-07-06 18:38:44,426] {logging_mixin.py:115} INFO - [2022-07-06 18:38:44,426] {dag.py:2919} INFO - Setting next_dagrun for example_branch_datetime_operator_2 to 2022-07-05T00:00:00+00:00, run_after=2022-07-06T00:00:00+00:00
[2022-07-06 18:38:44,449] {processor.py:161} INFO - Processing /home/airflow/.local/lib/python3.7/site-packages/airflow/example_dags/example_branch_datetime_operator.py took 0.118 seconds
[2022-07-06 18:39:14,610] {processor.py:153} INFO - Started process (PID=412) to work on /home/airflow/.local/lib/python3.7/site-packages/airflow/example_dags/example_branch_datetime_operator.py
[2022-07-06 18:39:14,611] {processor.py:641} INFO - Processing file /home/airflow/.local/lib/python3.7/site-packages/airflow/example_dags/example_branch_datetime_operator.py for tasks to queue
[2022-07-06 18:39:14,612] {logging_mixin.py:115} INFO - [2022-07-06 18:39:14,612] {dagbag.py:507} INFO - Filling up the DagBag from /home/airflow/.local/lib/python3.7/site-packages/airflow/example_dags/example_branch_datetime_operator.py
[2022-07-06 18:39:14,623] {processor.py:651} INFO - DAG(s) dict_keys(['example_branch_datetime_operator_2']) retrieved from /home/airflow/.local/lib/python3.7/site-packages/airflow/example_dags/example_branch_datetime_operator.py
[2022-07-06 18:39:14,657] {logging_mixin.py:115} INFO - [2022-07-06 18:39:14,657] {dag.py:2371} INFO - Sync 1 DAGs
[2022-07-06 18:39:14,688] {logging_mixin.py:115} INFO - [2022-07-06 18:39:14,688] {dag.py:2919} INFO - Setting next_dagrun for example_branch_datetime_operator_2 to 2022-07-05T00:00:00+00:00, run_after=2022-07-06T00:00:00+00:00
[2022-07-06 18:39:14,705] {processor.py:161} INFO - Processing /home/airflow/.local/lib/python3.7/site-packages/airflow/example_dags/example_branch_datetime_operator.py took 0.099 seconds
[2022-07-06 18:39:45,012] {processor.py:153} INFO - Started process (PID=466) to work on /home/airflow/.local/lib/python3.7/site-packages/airflow/example_dags/example_branch_datetime_operator.py
[2022-07-06 18:39:45,013] {processor.py:641} INFO - Processing file /home/airflow/.local/lib/python3.7/site-packages/airflow/example_dags/example_branch_datetime_operator.py for tasks to queue
[2022-07-06 18:39:45,014] {logging_mixin.py:115} INFO - [2022-07-06 18:39:45,014] {dagbag.py:507} INFO - Filling up the DagBag from /home/airflow/.local/lib/python3.7/site-packages/airflow/example_dags/example_branch_datetime_operator.py
[2022-07-06 18:39:45,026] {processor.py:651} INFO - DAG(s) dict_keys(['example_branch_datetime_operator_2']) retrieved from /home/airflow/.local/lib/python3.7/site-packages/airflow/example_dags/example_branch_datetime_operator.py
[2022-07-06 18:39:45,059] {logging_mixin.py:115} INFO - [2022-07-06 18:39:45,059] {dag.py:2371} INFO - Sync 1 DAGs
[2022-07-06 18:39:45,089] {logging_mixin.py:115} INFO - [2022-07-06 18:39:45,089] {dag.py:2919} INFO - Setting next_dagrun for example_branch_datetime_operator_2 to 2022-07-05T00:00:00+00:00, run_after=2022-07-06T00:00:00+00:00
[2022-07-06 18:39:45,105] {processor.py:161} INFO - Processing /home/airflow/.local/lib/python3.7/site-packages/airflow/example_dags/example_branch_datetime_operator.py took 0.098 seconds
[2022-07-06 18:40:15,672] {processor.py:153} INFO - Started process (PID=530) to work on /home/airflow/.local/lib/python3.7/site-packages/airflow/example_dags/example_branch_datetime_operator.py
[2022-07-06 18:40:15,673] {processor.py:641} INFO - Processing file /home/airflow/.local/lib/python3.7/site-packages/airflow/example_dags/example_branch_datetime_operator.py for tasks to queue
[2022-07-06 18:40:15,674] {logging_mixin.py:115} INFO - [2022-07-06 18:40:15,674] {dagbag.py:507} INFO - Filling up the DagBag from /home/airflow/.local/lib/python3.7/site-packages/airflow/example_dags/example_branch_datetime_operator.py
[2022-07-06 18:40:15,685] {processor.py:651} INFO - DAG(s) dict_keys(['example_branch_datetime_operator_2']) retrieved from /home/airflow/.local/lib/python3.7/site-packages/airflow/example_dags/example_branch_datetime_operator.py
[2022-07-06 18:40:15,721] {logging_mixin.py:115} INFO - [2022-07-06 18:40:15,721] {dag.py:2371} INFO - Sync 1 DAGs
[2022-07-06 18:40:15,768] {logging_mixin.py:115} INFO - [2022-07-06 18:40:15,768] {dag.py:2919} INFO - Setting next_dagrun for example_branch_datetime_operator_2 to 2022-07-05T00:00:00+00:00, run_after=2022-07-06T00:00:00+00:00
[2022-07-06 18:40:15,784] {processor.py:161} INFO - Processing /home/airflow/.local/lib/python3.7/site-packages/airflow/example_dags/example_branch_datetime_operator.py took 0.117 seconds
[2022-07-06 18:40:45,965] {processor.py:153} INFO - Started process (PID=592) to work on /home/airflow/.local/lib/python3.7/site-packages/airflow/example_dags/example_branch_datetime_operator.py
[2022-07-06 18:40:45,966] {processor.py:641} INFO - Processing file /home/airflow/.local/lib/python3.7/site-packages/airflow/example_dags/example_branch_datetime_operator.py for tasks to queue
[2022-07-06 18:40:45,967] {logging_mixin.py:115} INFO - [2022-07-06 18:40:45,967] {dagbag.py:507} INFO - Filling up the DagBag from /home/airflow/.local/lib/python3.7/site-packages/airflow/example_dags/example_branch_datetime_operator.py
[2022-07-06 18:40:45,979] {processor.py:651} INFO - DAG(s) dict_keys(['example_branch_datetime_operator_2']) retrieved from /home/airflow/.local/lib/python3.7/site-packages/airflow/example_dags/example_branch_datetime_operator.py
[2022-07-06 18:40:46,023] {logging_mixin.py:115} INFO - [2022-07-06 18:40:46,023] {dag.py:2371} INFO - Sync 1 DAGs
[2022-07-06 18:40:46,056] {logging_mixin.py:115} INFO - [2022-07-06 18:40:46,055] {dag.py:2919} INFO - Setting next_dagrun for example_branch_datetime_operator_2 to 2022-07-05T00:00:00+00:00, run_after=2022-07-06T00:00:00+00:00
[2022-07-06 18:40:46,069] {processor.py:161} INFO - Processing /home/airflow/.local/lib/python3.7/site-packages/airflow/example_dags/example_branch_datetime_operator.py took 0.109 seconds
[2022-07-06 18:41:16,317] {processor.py:153} INFO - Started process (PID=649) to work on /home/airflow/.local/lib/python3.7/site-packages/airflow/example_dags/example_branch_datetime_operator.py
[2022-07-06 18:41:16,319] {processor.py:641} INFO - Processing file /home/airflow/.local/lib/python3.7/site-packages/airflow/example_dags/example_branch_datetime_operator.py for tasks to queue
[2022-07-06 18:41:16,320] {logging_mixin.py:115} INFO - [2022-07-06 18:41:16,320] {dagbag.py:507} INFO - Filling up the DagBag from /home/airflow/.local/lib/python3.7/site-packages/airflow/example_dags/example_branch_datetime_operator.py
[2022-07-06 18:41:16,331] {processor.py:651} INFO - DAG(s) dict_keys(['example_branch_datetime_operator_2']) retrieved from /home/airflow/.local/lib/python3.7/site-packages/airflow/example_dags/example_branch_datetime_operator.py
[2022-07-06 18:41:16,368] {logging_mixin.py:115} INFO - [2022-07-06 18:41:16,368] {dag.py:2371} INFO - Sync 1 DAGs
[2022-07-06 18:41:16,402] {logging_mixin.py:115} INFO - [2022-07-06 18:41:16,401] {dag.py:2919} INFO - Setting next_dagrun for example_branch_datetime_operator_2 to 2022-07-05T00:00:00+00:00, run_after=2022-07-06T00:00:00+00:00
[2022-07-06 18:41:16,417] {processor.py:161} INFO - Processing /home/airflow/.local/lib/python3.7/site-packages/airflow/example_dags/example_branch_datetime_operator.py took 0.104 seconds
[2022-07-06 18:41:46,673] {processor.py:153} INFO - Started process (PID=714) to work on /home/airflow/.local/lib/python3.7/site-packages/airflow/example_dags/example_branch_datetime_operator.py
[2022-07-06 18:41:46,676] {processor.py:641} INFO - Processing file /home/airflow/.local/lib/python3.7/site-packages/airflow/example_dags/example_branch_datetime_operator.py for tasks to queue
[2022-07-06 18:41:46,678] {logging_mixin.py:115} INFO - [2022-07-06 18:41:46,678] {dagbag.py:507} INFO - Filling up the DagBag from /home/airflow/.local/lib/python3.7/site-packages/airflow/example_dags/example_branch_datetime_operator.py
[2022-07-06 18:41:46,698] {processor.py:651} INFO - DAG(s) dict_keys(['example_branch_datetime_operator_2']) retrieved from /home/airflow/.local/lib/python3.7/site-packages/airflow/example_dags/example_branch_datetime_operator.py
[2022-07-06 18:41:46,741] {logging_mixin.py:115} INFO - [2022-07-06 18:41:46,741] {dag.py:2371} INFO - Sync 1 DAGs
[2022-07-06 18:41:46,775] {logging_mixin.py:115} INFO - [2022-07-06 18:41:46,775] {dag.py:2919} INFO - Setting next_dagrun for example_branch_datetime_operator_2 to 2022-07-05T00:00:00+00:00, run_after=2022-07-06T00:00:00+00:00
[2022-07-06 18:41:46,799] {processor.py:161} INFO - Processing /home/airflow/.local/lib/python3.7/site-packages/airflow/example_dags/example_branch_datetime_operator.py took 0.135 seconds
[2022-07-06 18:42:17,578] {processor.py:153} INFO - Started process (PID=766) to work on /home/airflow/.local/lib/python3.7/site-packages/airflow/example_dags/example_branch_datetime_operator.py
[2022-07-06 18:42:17,579] {processor.py:641} INFO - Processing file /home/airflow/.local/lib/python3.7/site-packages/airflow/example_dags/example_branch_datetime_operator.py for tasks to queue
[2022-07-06 18:42:17,580] {logging_mixin.py:115} INFO - [2022-07-06 18:42:17,580] {dagbag.py:507} INFO - Filling up the DagBag from /home/airflow/.local/lib/python3.7/site-packages/airflow/example_dags/example_branch_datetime_operator.py
[2022-07-06 18:42:17,592] {processor.py:651} INFO - DAG(s) dict_keys(['example_branch_datetime_operator_2']) retrieved from /home/airflow/.local/lib/python3.7/site-packages/airflow/example_dags/example_branch_datetime_operator.py
[2022-07-06 18:42:17,629] {logging_mixin.py:115} INFO - [2022-07-06 18:42:17,629] {dag.py:2371} INFO - Sync 1 DAGs
[2022-07-06 18:42:17,659] {logging_mixin.py:115} INFO - [2022-07-06 18:42:17,659] {dag.py:2919} INFO - Setting next_dagrun for example_branch_datetime_operator_2 to 2022-07-05T00:00:00+00:00, run_after=2022-07-06T00:00:00+00:00
[2022-07-06 18:42:17,675] {processor.py:161} INFO - Processing /home/airflow/.local/lib/python3.7/site-packages/airflow/example_dags/example_branch_datetime_operator.py took 0.102 seconds
[2022-07-06 18:42:48,496] {processor.py:153} INFO - Started process (PID=830) to work on /home/airflow/.local/lib/python3.7/site-packages/airflow/example_dags/example_branch_datetime_operator.py
[2022-07-06 18:42:48,497] {processor.py:641} INFO - Processing file /home/airflow/.local/lib/python3.7/site-packages/airflow/example_dags/example_branch_datetime_operator.py for tasks to queue
[2022-07-06 18:42:48,500] {logging_mixin.py:115} INFO - [2022-07-06 18:42:48,499] {dagbag.py:507} INFO - Filling up the DagBag from /home/airflow/.local/lib/python3.7/site-packages/airflow/example_dags/example_branch_datetime_operator.py
[2022-07-06 18:42:48,513] {processor.py:651} INFO - DAG(s) dict_keys(['example_branch_datetime_operator_2']) retrieved from /home/airflow/.local/lib/python3.7/site-packages/airflow/example_dags/example_branch_datetime_operator.py
[2022-07-06 18:42:48,544] {logging_mixin.py:115} INFO - [2022-07-06 18:42:48,544] {dag.py:2371} INFO - Sync 1 DAGs
[2022-07-06 18:42:48,575] {logging_mixin.py:115} INFO - [2022-07-06 18:42:48,574] {dag.py:2919} INFO - Setting next_dagrun for example_branch_datetime_operator_2 to 2022-07-05T00:00:00+00:00, run_after=2022-07-06T00:00:00+00:00
[2022-07-06 18:42:48,589] {processor.py:161} INFO - Processing /home/airflow/.local/lib/python3.7/site-packages/airflow/example_dags/example_branch_datetime_operator.py took 0.097 seconds
[2022-07-06 18:43:19,027] {processor.py:153} INFO - Started process (PID=897) to work on /home/airflow/.local/lib/python3.7/site-packages/airflow/example_dags/example_branch_datetime_operator.py
[2022-07-06 18:43:19,028] {processor.py:641} INFO - Processing file /home/airflow/.local/lib/python3.7/site-packages/airflow/example_dags/example_branch_datetime_operator.py for tasks to queue
[2022-07-06 18:43:19,029] {logging_mixin.py:115} INFO - [2022-07-06 18:43:19,029] {dagbag.py:507} INFO - Filling up the DagBag from /home/airflow/.local/lib/python3.7/site-packages/airflow/example_dags/example_branch_datetime_operator.py
[2022-07-06 18:43:19,041] {processor.py:651} INFO - DAG(s) dict_keys(['example_branch_datetime_operator_2']) retrieved from /home/airflow/.local/lib/python3.7/site-packages/airflow/example_dags/example_branch_datetime_operator.py
[2022-07-06 18:43:19,075] {logging_mixin.py:115} INFO - [2022-07-06 18:43:19,075] {dag.py:2371} INFO - Sync 1 DAGs
[2022-07-06 18:43:19,106] {logging_mixin.py:115} INFO - [2022-07-06 18:43:19,106] {dag.py:2919} INFO - Setting next_dagrun for example_branch_datetime_operator_2 to 2022-07-05T00:00:00+00:00, run_after=2022-07-06T00:00:00+00:00
[2022-07-06 18:43:19,121] {processor.py:161} INFO - Processing /home/airflow/.local/lib/python3.7/site-packages/airflow/example_dags/example_branch_datetime_operator.py took 0.098 seconds
[2022-07-06 18:43:49,959] {processor.py:153} INFO - Started process (PID=952) to work on /home/airflow/.local/lib/python3.7/site-packages/airflow/example_dags/example_branch_datetime_operator.py
[2022-07-06 18:43:49,961] {processor.py:641} INFO - Processing file /home/airflow/.local/lib/python3.7/site-packages/airflow/example_dags/example_branch_datetime_operator.py for tasks to queue
[2022-07-06 18:43:49,962] {logging_mixin.py:115} INFO - [2022-07-06 18:43:49,962] {dagbag.py:507} INFO - Filling up the DagBag from /home/airflow/.local/lib/python3.7/site-packages/airflow/example_dags/example_branch_datetime_operator.py
[2022-07-06 18:43:49,974] {processor.py:651} INFO - DAG(s) dict_keys(['example_branch_datetime_operator_2']) retrieved from /home/airflow/.local/lib/python3.7/site-packages/airflow/example_dags/example_branch_datetime_operator.py
[2022-07-06 18:43:50,011] {logging_mixin.py:115} INFO - [2022-07-06 18:43:50,011] {dag.py:2371} INFO - Sync 1 DAGs
[2022-07-06 18:43:50,044] {logging_mixin.py:115} INFO - [2022-07-06 18:43:50,044] {dag.py:2919} INFO - Setting next_dagrun for example_branch_datetime_operator_2 to 2022-07-05T00:00:00+00:00, run_after=2022-07-06T00:00:00+00:00
[2022-07-06 18:43:50,061] {processor.py:161} INFO - Processing /home/airflow/.local/lib/python3.7/site-packages/airflow/example_dags/example_branch_datetime_operator.py took 0.106 seconds
[2022-07-06 18:44:20,611] {processor.py:153} INFO - Started process (PID=1016) to work on /home/airflow/.local/lib/python3.7/site-packages/airflow/example_dags/example_branch_datetime_operator.py
[2022-07-06 18:44:20,612] {processor.py:641} INFO - Processing file /home/airflow/.local/lib/python3.7/site-packages/airflow/example_dags/example_branch_datetime_operator.py for tasks to queue
[2022-07-06 18:44:20,614] {logging_mixin.py:115} INFO - [2022-07-06 18:44:20,613] {dagbag.py:507} INFO - Filling up the DagBag from /home/airflow/.local/lib/python3.7/site-packages/airflow/example_dags/example_branch_datetime_operator.py
[2022-07-06 18:44:20,625] {processor.py:651} INFO - DAG(s) dict_keys(['example_branch_datetime_operator_2']) retrieved from /home/airflow/.local/lib/python3.7/site-packages/airflow/example_dags/example_branch_datetime_operator.py
[2022-07-06 18:44:20,661] {logging_mixin.py:115} INFO - [2022-07-06 18:44:20,661] {dag.py:2371} INFO - Sync 1 DAGs
[2022-07-06 18:44:20,694] {logging_mixin.py:115} INFO - [2022-07-06 18:44:20,693] {dag.py:2919} INFO - Setting next_dagrun for example_branch_datetime_operator_2 to 2022-07-05T00:00:00+00:00, run_after=2022-07-06T00:00:00+00:00
[2022-07-06 18:44:20,710] {processor.py:161} INFO - Processing /home/airflow/.local/lib/python3.7/site-packages/airflow/example_dags/example_branch_datetime_operator.py took 0.103 seconds
[2022-07-06 18:44:51,597] {processor.py:153} INFO - Started process (PID=1077) to work on /home/airflow/.local/lib/python3.7/site-packages/airflow/example_dags/example_branch_datetime_operator.py
[2022-07-06 18:44:51,598] {processor.py:641} INFO - Processing file /home/airflow/.local/lib/python3.7/site-packages/airflow/example_dags/example_branch_datetime_operator.py for tasks to queue
[2022-07-06 18:44:51,599] {logging_mixin.py:115} INFO - [2022-07-06 18:44:51,599] {dagbag.py:507} INFO - Filling up the DagBag from /home/airflow/.local/lib/python3.7/site-packages/airflow/example_dags/example_branch_datetime_operator.py
[2022-07-06 18:44:51,611] {processor.py:651} INFO - DAG(s) dict_keys(['example_branch_datetime_operator_2']) retrieved from /home/airflow/.local/lib/python3.7/site-packages/airflow/example_dags/example_branch_datetime_operator.py
[2022-07-06 18:44:51,646] {logging_mixin.py:115} INFO - [2022-07-06 18:44:51,645] {dag.py:2371} INFO - Sync 1 DAGs
[2022-07-06 18:44:51,678] {logging_mixin.py:115} INFO - [2022-07-06 18:44:51,678] {dag.py:2919} INFO - Setting next_dagrun for example_branch_datetime_operator_2 to 2022-07-05T00:00:00+00:00, run_after=2022-07-06T00:00:00+00:00
[2022-07-06 18:44:51,693] {processor.py:161} INFO - Processing /home/airflow/.local/lib/python3.7/site-packages/airflow/example_dags/example_branch_datetime_operator.py took 0.101 seconds
[2022-07-06 18:45:21,769] {processor.py:153} INFO - Started process (PID=1131) to work on /home/airflow/.local/lib/python3.7/site-packages/airflow/example_dags/example_branch_datetime_operator.py
[2022-07-06 18:45:21,771] {processor.py:641} INFO - Processing file /home/airflow/.local/lib/python3.7/site-packages/airflow/example_dags/example_branch_datetime_operator.py for tasks to queue
[2022-07-06 18:45:21,772] {logging_mixin.py:115} INFO - [2022-07-06 18:45:21,772] {dagbag.py:507} INFO - Filling up the DagBag from /home/airflow/.local/lib/python3.7/site-packages/airflow/example_dags/example_branch_datetime_operator.py
[2022-07-06 18:45:21,783] {processor.py:651} INFO - DAG(s) dict_keys(['example_branch_datetime_operator_2']) retrieved from /home/airflow/.local/lib/python3.7/site-packages/airflow/example_dags/example_branch_datetime_operator.py
[2022-07-06 18:45:21,820] {logging_mixin.py:115} INFO - [2022-07-06 18:45:21,819] {dag.py:2371} INFO - Sync 1 DAGs
[2022-07-06 18:45:21,852] {logging_mixin.py:115} INFO - [2022-07-06 18:45:21,852] {dag.py:2919} INFO - Setting next_dagrun for example_branch_datetime_operator_2 to 2022-07-05T00:00:00+00:00, run_after=2022-07-06T00:00:00+00:00
[2022-07-06 18:45:21,867] {processor.py:161} INFO - Processing /home/airflow/.local/lib/python3.7/site-packages/airflow/example_dags/example_branch_datetime_operator.py took 0.102 seconds
[2022-07-06 18:45:52,301] {processor.py:153} INFO - Started process (PID=1194) to work on /home/airflow/.local/lib/python3.7/site-packages/airflow/example_dags/example_branch_datetime_operator.py
[2022-07-06 18:45:52,302] {processor.py:641} INFO - Processing file /home/airflow/.local/lib/python3.7/site-packages/airflow/example_dags/example_branch_datetime_operator.py for tasks to queue
[2022-07-06 18:45:52,303] {logging_mixin.py:115} INFO - [2022-07-06 18:45:52,303] {dagbag.py:507} INFO - Filling up the DagBag from /home/airflow/.local/lib/python3.7/site-packages/airflow/example_dags/example_branch_datetime_operator.py
[2022-07-06 18:45:52,314] {processor.py:651} INFO - DAG(s) dict_keys(['example_branch_datetime_operator_2']) retrieved from /home/airflow/.local/lib/python3.7/site-packages/airflow/example_dags/example_branch_datetime_operator.py
[2022-07-06 18:45:52,354] {logging_mixin.py:115} INFO - [2022-07-06 18:45:52,354] {dag.py:2371} INFO - Sync 1 DAGs
[2022-07-06 18:45:52,384] {logging_mixin.py:115} INFO - [2022-07-06 18:45:52,384] {dag.py:2919} INFO - Setting next_dagrun for example_branch_datetime_operator_2 to 2022-07-05T00:00:00+00:00, run_after=2022-07-06T00:00:00+00:00
[2022-07-06 18:45:52,402] {processor.py:161} INFO - Processing /home/airflow/.local/lib/python3.7/site-packages/airflow/example_dags/example_branch_datetime_operator.py took 0.105 seconds
[2022-07-06 18:46:22,652] {processor.py:153} INFO - Started process (PID=1248) to work on /home/airflow/.local/lib/python3.7/site-packages/airflow/example_dags/example_branch_datetime_operator.py
[2022-07-06 18:46:22,654] {processor.py:641} INFO - Processing file /home/airflow/.local/lib/python3.7/site-packages/airflow/example_dags/example_branch_datetime_operator.py for tasks to queue
[2022-07-06 18:46:22,655] {logging_mixin.py:115} INFO - [2022-07-06 18:46:22,655] {dagbag.py:507} INFO - Filling up the DagBag from /home/airflow/.local/lib/python3.7/site-packages/airflow/example_dags/example_branch_datetime_operator.py
[2022-07-06 18:46:22,667] {processor.py:651} INFO - DAG(s) dict_keys(['example_branch_datetime_operator_2']) retrieved from /home/airflow/.local/lib/python3.7/site-packages/airflow/example_dags/example_branch_datetime_operator.py
[2022-07-06 18:46:22,702] {logging_mixin.py:115} INFO - [2022-07-06 18:46:22,702] {dag.py:2371} INFO - Sync 1 DAGs
[2022-07-06 18:46:22,737] {logging_mixin.py:115} INFO - [2022-07-06 18:46:22,737] {dag.py:2919} INFO - Setting next_dagrun for example_branch_datetime_operator_2 to 2022-07-05T00:00:00+00:00, run_after=2022-07-06T00:00:00+00:00
[2022-07-06 18:46:22,752] {processor.py:161} INFO - Processing /home/airflow/.local/lib/python3.7/site-packages/airflow/example_dags/example_branch_datetime_operator.py took 0.104 seconds
[2022-07-06 18:46:53,551] {processor.py:153} INFO - Started process (PID=1313) to work on /home/airflow/.local/lib/python3.7/site-packages/airflow/example_dags/example_branch_datetime_operator.py
[2022-07-06 18:46:53,553] {processor.py:641} INFO - Processing file /home/airflow/.local/lib/python3.7/site-packages/airflow/example_dags/example_branch_datetime_operator.py for tasks to queue
[2022-07-06 18:46:53,554] {logging_mixin.py:115} INFO - [2022-07-06 18:46:53,554] {dagbag.py:507} INFO - Filling up the DagBag from /home/airflow/.local/lib/python3.7/site-packages/airflow/example_dags/example_branch_datetime_operator.py
[2022-07-06 18:46:53,565] {processor.py:651} INFO - DAG(s) dict_keys(['example_branch_datetime_operator_2']) retrieved from /home/airflow/.local/lib/python3.7/site-packages/airflow/example_dags/example_branch_datetime_operator.py
[2022-07-06 18:46:53,604] {logging_mixin.py:115} INFO - [2022-07-06 18:46:53,604] {dag.py:2371} INFO - Sync 1 DAGs
[2022-07-06 18:46:53,637] {logging_mixin.py:115} INFO - [2022-07-06 18:46:53,637] {dag.py:2919} INFO - Setting next_dagrun for example_branch_datetime_operator_2 to 2022-07-05T00:00:00+00:00, run_after=2022-07-06T00:00:00+00:00
[2022-07-06 18:46:53,653] {processor.py:161} INFO - Processing /home/airflow/.local/lib/python3.7/site-packages/airflow/example_dags/example_branch_datetime_operator.py took 0.106 seconds
[2022-07-06 18:47:24,448] {processor.py:153} INFO - Started process (PID=1377) to work on /home/airflow/.local/lib/python3.7/site-packages/airflow/example_dags/example_branch_datetime_operator.py
[2022-07-06 18:47:24,449] {processor.py:641} INFO - Processing file /home/airflow/.local/lib/python3.7/site-packages/airflow/example_dags/example_branch_datetime_operator.py for tasks to queue
[2022-07-06 18:47:24,451] {logging_mixin.py:115} INFO - [2022-07-06 18:47:24,451] {dagbag.py:507} INFO - Filling up the DagBag from /home/airflow/.local/lib/python3.7/site-packages/airflow/example_dags/example_branch_datetime_operator.py
[2022-07-06 18:47:24,462] {processor.py:651} INFO - DAG(s) dict_keys(['example_branch_datetime_operator_2']) retrieved from /home/airflow/.local/lib/python3.7/site-packages/airflow/example_dags/example_branch_datetime_operator.py
[2022-07-06 18:47:24,495] {logging_mixin.py:115} INFO - [2022-07-06 18:47:24,495] {dag.py:2371} INFO - Sync 1 DAGs
[2022-07-06 18:47:24,526] {logging_mixin.py:115} INFO - [2022-07-06 18:47:24,526] {dag.py:2919} INFO - Setting next_dagrun for example_branch_datetime_operator_2 to 2022-07-05T00:00:00+00:00, run_after=2022-07-06T00:00:00+00:00
[2022-07-06 18:47:24,541] {processor.py:161} INFO - Processing /home/airflow/.local/lib/python3.7/site-packages/airflow/example_dags/example_branch_datetime_operator.py took 0.099 seconds
[2022-07-06 18:47:55,271] {processor.py:153} INFO - Started process (PID=1430) to work on /home/airflow/.local/lib/python3.7/site-packages/airflow/example_dags/example_branch_datetime_operator.py
[2022-07-06 18:47:55,272] {processor.py:641} INFO - Processing file /home/airflow/.local/lib/python3.7/site-packages/airflow/example_dags/example_branch_datetime_operator.py for tasks to queue
[2022-07-06 18:47:55,273] {logging_mixin.py:115} INFO - [2022-07-06 18:47:55,273] {dagbag.py:507} INFO - Filling up the DagBag from /home/airflow/.local/lib/python3.7/site-packages/airflow/example_dags/example_branch_datetime_operator.py
[2022-07-06 18:47:55,283] {processor.py:651} INFO - DAG(s) dict_keys(['example_branch_datetime_operator_2']) retrieved from /home/airflow/.local/lib/python3.7/site-packages/airflow/example_dags/example_branch_datetime_operator.py
[2022-07-06 18:47:55,318] {logging_mixin.py:115} INFO - [2022-07-06 18:47:55,318] {dag.py:2371} INFO - Sync 1 DAGs
[2022-07-06 18:47:55,352] {logging_mixin.py:115} INFO - [2022-07-06 18:47:55,352] {dag.py:2919} INFO - Setting next_dagrun for example_branch_datetime_operator_2 to 2022-07-05T00:00:00+00:00, run_after=2022-07-06T00:00:00+00:00
[2022-07-06 18:47:55,368] {processor.py:161} INFO - Processing /home/airflow/.local/lib/python3.7/site-packages/airflow/example_dags/example_branch_datetime_operator.py took 0.102 seconds
[2022-07-06 18:48:26,221] {processor.py:153} INFO - Started process (PID=1496) to work on /home/airflow/.local/lib/python3.7/site-packages/airflow/example_dags/example_branch_datetime_operator.py
[2022-07-06 18:48:26,222] {processor.py:641} INFO - Processing file /home/airflow/.local/lib/python3.7/site-packages/airflow/example_dags/example_branch_datetime_operator.py for tasks to queue
[2022-07-06 18:48:26,224] {logging_mixin.py:115} INFO - [2022-07-06 18:48:26,224] {dagbag.py:507} INFO - Filling up the DagBag from /home/airflow/.local/lib/python3.7/site-packages/airflow/example_dags/example_branch_datetime_operator.py
[2022-07-06 18:48:26,240] {processor.py:651} INFO - DAG(s) dict_keys(['example_branch_datetime_operator_2']) retrieved from /home/airflow/.local/lib/python3.7/site-packages/airflow/example_dags/example_branch_datetime_operator.py
[2022-07-06 18:48:26,275] {logging_mixin.py:115} INFO - [2022-07-06 18:48:26,275] {dag.py:2371} INFO - Sync 1 DAGs
[2022-07-06 18:48:26,307] {logging_mixin.py:115} INFO - [2022-07-06 18:48:26,306] {dag.py:2919} INFO - Setting next_dagrun for example_branch_datetime_operator_2 to 2022-07-05T00:00:00+00:00, run_after=2022-07-06T00:00:00+00:00
[2022-07-06 18:48:26,322] {processor.py:161} INFO - Processing /home/airflow/.local/lib/python3.7/site-packages/airflow/example_dags/example_branch_datetime_operator.py took 0.109 seconds
[2022-07-06 18:48:56,895] {processor.py:153} INFO - Started process (PID=1560) to work on /home/airflow/.local/lib/python3.7/site-packages/airflow/example_dags/example_branch_datetime_operator.py
[2022-07-06 18:48:56,896] {processor.py:641} INFO - Processing file /home/airflow/.local/lib/python3.7/site-packages/airflow/example_dags/example_branch_datetime_operator.py for tasks to queue
[2022-07-06 18:48:56,898] {logging_mixin.py:115} INFO - [2022-07-06 18:48:56,898] {dagbag.py:507} INFO - Filling up the DagBag from /home/airflow/.local/lib/python3.7/site-packages/airflow/example_dags/example_branch_datetime_operator.py
[2022-07-06 18:48:56,912] {processor.py:651} INFO - DAG(s) dict_keys(['example_branch_datetime_operator_2']) retrieved from /home/airflow/.local/lib/python3.7/site-packages/airflow/example_dags/example_branch_datetime_operator.py
[2022-07-06 18:48:56,967] {logging_mixin.py:115} INFO - [2022-07-06 18:48:56,967] {dag.py:2371} INFO - Sync 1 DAGs
[2022-07-06 18:48:57,016] {logging_mixin.py:115} INFO - [2022-07-06 18:48:57,016] {dag.py:2919} INFO - Setting next_dagrun for example_branch_datetime_operator_2 to 2022-07-05T00:00:00+00:00, run_after=2022-07-06T00:00:00+00:00
[2022-07-06 18:48:57,031] {processor.py:161} INFO - Processing /home/airflow/.local/lib/python3.7/site-packages/airflow/example_dags/example_branch_datetime_operator.py took 0.141 seconds
[2022-07-06 18:49:27,515] {processor.py:153} INFO - Started process (PID=1614) to work on /home/airflow/.local/lib/python3.7/site-packages/airflow/example_dags/example_branch_datetime_operator.py
[2022-07-06 18:49:27,516] {processor.py:641} INFO - Processing file /home/airflow/.local/lib/python3.7/site-packages/airflow/example_dags/example_branch_datetime_operator.py for tasks to queue
[2022-07-06 18:49:27,517] {logging_mixin.py:115} INFO - [2022-07-06 18:49:27,517] {dagbag.py:507} INFO - Filling up the DagBag from /home/airflow/.local/lib/python3.7/site-packages/airflow/example_dags/example_branch_datetime_operator.py
[2022-07-06 18:49:27,529] {processor.py:651} INFO - DAG(s) dict_keys(['example_branch_datetime_operator_2']) retrieved from /home/airflow/.local/lib/python3.7/site-packages/airflow/example_dags/example_branch_datetime_operator.py
[2022-07-06 18:49:27,564] {logging_mixin.py:115} INFO - [2022-07-06 18:49:27,564] {dag.py:2371} INFO - Sync 1 DAGs
[2022-07-06 18:49:27,595] {logging_mixin.py:115} INFO - [2022-07-06 18:49:27,595] {dag.py:2919} INFO - Setting next_dagrun for example_branch_datetime_operator_2 to 2022-07-05T00:00:00+00:00, run_after=2022-07-06T00:00:00+00:00
[2022-07-06 18:49:27,609] {processor.py:161} INFO - Processing /home/airflow/.local/lib/python3.7/site-packages/airflow/example_dags/example_branch_datetime_operator.py took 0.099 seconds
[2022-07-06 18:49:58,115] {processor.py:153} INFO - Started process (PID=1680) to work on /home/airflow/.local/lib/python3.7/site-packages/airflow/example_dags/example_branch_datetime_operator.py
[2022-07-06 18:49:58,116] {processor.py:641} INFO - Processing file /home/airflow/.local/lib/python3.7/site-packages/airflow/example_dags/example_branch_datetime_operator.py for tasks to queue
[2022-07-06 18:49:58,117] {logging_mixin.py:115} INFO - [2022-07-06 18:49:58,117] {dagbag.py:507} INFO - Filling up the DagBag from /home/airflow/.local/lib/python3.7/site-packages/airflow/example_dags/example_branch_datetime_operator.py
[2022-07-06 18:49:58,135] {processor.py:651} INFO - DAG(s) dict_keys(['example_branch_datetime_operator_2']) retrieved from /home/airflow/.local/lib/python3.7/site-packages/airflow/example_dags/example_branch_datetime_operator.py
[2022-07-06 18:49:58,173] {logging_mixin.py:115} INFO - [2022-07-06 18:49:58,173] {dag.py:2371} INFO - Sync 1 DAGs
[2022-07-06 18:49:58,203] {logging_mixin.py:115} INFO - [2022-07-06 18:49:58,203] {dag.py:2919} INFO - Setting next_dagrun for example_branch_datetime_operator_2 to 2022-07-05T00:00:00+00:00, run_after=2022-07-06T00:00:00+00:00
[2022-07-06 18:49:58,219] {processor.py:161} INFO - Processing /home/airflow/.local/lib/python3.7/site-packages/airflow/example_dags/example_branch_datetime_operator.py took 0.108 seconds
[2022-07-06 18:50:28,632] {processor.py:153} INFO - Started process (PID=1745) to work on /home/airflow/.local/lib/python3.7/site-packages/airflow/example_dags/example_branch_datetime_operator.py
[2022-07-06 18:50:28,634] {processor.py:641} INFO - Processing file /home/airflow/.local/lib/python3.7/site-packages/airflow/example_dags/example_branch_datetime_operator.py for tasks to queue
[2022-07-06 18:50:28,635] {logging_mixin.py:115} INFO - [2022-07-06 18:50:28,635] {dagbag.py:507} INFO - Filling up the DagBag from /home/airflow/.local/lib/python3.7/site-packages/airflow/example_dags/example_branch_datetime_operator.py
[2022-07-06 18:50:28,645] {processor.py:651} INFO - DAG(s) dict_keys(['example_branch_datetime_operator_2']) retrieved from /home/airflow/.local/lib/python3.7/site-packages/airflow/example_dags/example_branch_datetime_operator.py
[2022-07-06 18:50:28,679] {logging_mixin.py:115} INFO - [2022-07-06 18:50:28,679] {dag.py:2371} INFO - Sync 1 DAGs
[2022-07-06 18:50:28,711] {logging_mixin.py:115} INFO - [2022-07-06 18:50:28,711] {dag.py:2919} INFO - Setting next_dagrun for example_branch_datetime_operator_2 to 2022-07-05T00:00:00+00:00, run_after=2022-07-06T00:00:00+00:00
[2022-07-06 18:50:28,727] {processor.py:161} INFO - Processing /home/airflow/.local/lib/python3.7/site-packages/airflow/example_dags/example_branch_datetime_operator.py took 0.099 seconds
[2022-07-06 18:50:59,043] {processor.py:153} INFO - Started process (PID=1800) to work on /home/airflow/.local/lib/python3.7/site-packages/airflow/example_dags/example_branch_datetime_operator.py
[2022-07-06 18:50:59,044] {processor.py:641} INFO - Processing file /home/airflow/.local/lib/python3.7/site-packages/airflow/example_dags/example_branch_datetime_operator.py for tasks to queue
[2022-07-06 18:50:59,046] {logging_mixin.py:115} INFO - [2022-07-06 18:50:59,046] {dagbag.py:507} INFO - Filling up the DagBag from /home/airflow/.local/lib/python3.7/site-packages/airflow/example_dags/example_branch_datetime_operator.py
[2022-07-06 18:50:59,057] {processor.py:651} INFO - DAG(s) dict_keys(['example_branch_datetime_operator_2']) retrieved from /home/airflow/.local/lib/python3.7/site-packages/airflow/example_dags/example_branch_datetime_operator.py
[2022-07-06 18:50:59,089] {logging_mixin.py:115} INFO - [2022-07-06 18:50:59,089] {dag.py:2371} INFO - Sync 1 DAGs
[2022-07-06 18:50:59,120] {logging_mixin.py:115} INFO - [2022-07-06 18:50:59,120] {dag.py:2919} INFO - Setting next_dagrun for example_branch_datetime_operator_2 to 2022-07-05T00:00:00+00:00, run_after=2022-07-06T00:00:00+00:00
[2022-07-06 18:50:59,134] {processor.py:161} INFO - Processing /home/airflow/.local/lib/python3.7/site-packages/airflow/example_dags/example_branch_datetime_operator.py took 0.095 seconds
[2022-07-06 18:51:29,913] {processor.py:153} INFO - Started process (PID=1866) to work on /home/airflow/.local/lib/python3.7/site-packages/airflow/example_dags/example_branch_datetime_operator.py
[2022-07-06 18:51:29,914] {processor.py:641} INFO - Processing file /home/airflow/.local/lib/python3.7/site-packages/airflow/example_dags/example_branch_datetime_operator.py for tasks to queue
[2022-07-06 18:51:29,915] {logging_mixin.py:115} INFO - [2022-07-06 18:51:29,915] {dagbag.py:507} INFO - Filling up the DagBag from /home/airflow/.local/lib/python3.7/site-packages/airflow/example_dags/example_branch_datetime_operator.py
[2022-07-06 18:51:29,926] {processor.py:651} INFO - DAG(s) dict_keys(['example_branch_datetime_operator_2']) retrieved from /home/airflow/.local/lib/python3.7/site-packages/airflow/example_dags/example_branch_datetime_operator.py
[2022-07-06 18:51:29,960] {logging_mixin.py:115} INFO - [2022-07-06 18:51:29,960] {dag.py:2371} INFO - Sync 1 DAGs
[2022-07-06 18:51:29,993] {logging_mixin.py:115} INFO - [2022-07-06 18:51:29,993] {dag.py:2919} INFO - Setting next_dagrun for example_branch_datetime_operator_2 to 2022-07-05T00:00:00+00:00, run_after=2022-07-06T00:00:00+00:00
[2022-07-06 18:51:30,006] {processor.py:161} INFO - Processing /home/airflow/.local/lib/python3.7/site-packages/airflow/example_dags/example_branch_datetime_operator.py took 0.098 seconds
[2022-07-06 18:52:01,056] {processor.py:153} INFO - Started process (PID=1928) to work on /home/airflow/.local/lib/python3.7/site-packages/airflow/example_dags/example_branch_datetime_operator.py
[2022-07-06 18:52:01,057] {processor.py:641} INFO - Processing file /home/airflow/.local/lib/python3.7/site-packages/airflow/example_dags/example_branch_datetime_operator.py for tasks to queue
[2022-07-06 18:52:01,058] {logging_mixin.py:115} INFO - [2022-07-06 18:52:01,058] {dagbag.py:507} INFO - Filling up the DagBag from /home/airflow/.local/lib/python3.7/site-packages/airflow/example_dags/example_branch_datetime_operator.py
[2022-07-06 18:52:01,069] {processor.py:651} INFO - DAG(s) dict_keys(['example_branch_datetime_operator_2']) retrieved from /home/airflow/.local/lib/python3.7/site-packages/airflow/example_dags/example_branch_datetime_operator.py
[2022-07-06 18:52:01,103] {logging_mixin.py:115} INFO - [2022-07-06 18:52:01,103] {dag.py:2371} INFO - Sync 1 DAGs
[2022-07-06 18:52:01,132] {logging_mixin.py:115} INFO - [2022-07-06 18:52:01,132] {dag.py:2919} INFO - Setting next_dagrun for example_branch_datetime_operator_2 to 2022-07-05T00:00:00+00:00, run_after=2022-07-06T00:00:00+00:00
[2022-07-06 18:52:01,148] {processor.py:161} INFO - Processing /home/airflow/.local/lib/python3.7/site-packages/airflow/example_dags/example_branch_datetime_operator.py took 0.096 seconds
[2022-07-06 18:52:31,302] {processor.py:153} INFO - Started process (PID=1982) to work on /home/airflow/.local/lib/python3.7/site-packages/airflow/example_dags/example_branch_datetime_operator.py
[2022-07-06 18:52:31,304] {processor.py:641} INFO - Processing file /home/airflow/.local/lib/python3.7/site-packages/airflow/example_dags/example_branch_datetime_operator.py for tasks to queue
[2022-07-06 18:52:31,305] {logging_mixin.py:115} INFO - [2022-07-06 18:52:31,305] {dagbag.py:507} INFO - Filling up the DagBag from /home/airflow/.local/lib/python3.7/site-packages/airflow/example_dags/example_branch_datetime_operator.py
[2022-07-06 18:52:31,316] {processor.py:651} INFO - DAG(s) dict_keys(['example_branch_datetime_operator_2']) retrieved from /home/airflow/.local/lib/python3.7/site-packages/airflow/example_dags/example_branch_datetime_operator.py
[2022-07-06 18:52:31,354] {logging_mixin.py:115} INFO - [2022-07-06 18:52:31,354] {dag.py:2371} INFO - Sync 1 DAGs
[2022-07-06 18:52:31,397] {logging_mixin.py:115} INFO - [2022-07-06 18:52:31,397] {dag.py:2919} INFO - Setting next_dagrun for example_branch_datetime_operator_2 to 2022-07-05T00:00:00+00:00, run_after=2022-07-06T00:00:00+00:00
[2022-07-06 18:52:31,412] {processor.py:161} INFO - Processing /home/airflow/.local/lib/python3.7/site-packages/airflow/example_dags/example_branch_datetime_operator.py took 0.113 seconds
[2022-07-06 18:53:01,606] {processor.py:153} INFO - Started process (PID=2046) to work on /home/airflow/.local/lib/python3.7/site-packages/airflow/example_dags/example_branch_datetime_operator.py
[2022-07-06 18:53:01,607] {processor.py:641} INFO - Processing file /home/airflow/.local/lib/python3.7/site-packages/airflow/example_dags/example_branch_datetime_operator.py for tasks to queue
[2022-07-06 18:53:01,608] {logging_mixin.py:115} INFO - [2022-07-06 18:53:01,608] {dagbag.py:507} INFO - Filling up the DagBag from /home/airflow/.local/lib/python3.7/site-packages/airflow/example_dags/example_branch_datetime_operator.py
[2022-07-06 18:53:01,619] {processor.py:651} INFO - DAG(s) dict_keys(['example_branch_datetime_operator_2']) retrieved from /home/airflow/.local/lib/python3.7/site-packages/airflow/example_dags/example_branch_datetime_operator.py
[2022-07-06 18:53:01,655] {logging_mixin.py:115} INFO - [2022-07-06 18:53:01,655] {dag.py:2371} INFO - Sync 1 DAGs
[2022-07-06 18:53:01,688] {logging_mixin.py:115} INFO - [2022-07-06 18:53:01,688] {dag.py:2919} INFO - Setting next_dagrun for example_branch_datetime_operator_2 to 2022-07-05T00:00:00+00:00, run_after=2022-07-06T00:00:00+00:00
[2022-07-06 18:53:01,706] {processor.py:161} INFO - Processing /home/airflow/.local/lib/python3.7/site-packages/airflow/example_dags/example_branch_datetime_operator.py took 0.105 seconds
[2022-07-06 18:53:31,835] {processor.py:153} INFO - Started process (PID=2100) to work on /home/airflow/.local/lib/python3.7/site-packages/airflow/example_dags/example_branch_datetime_operator.py
[2022-07-06 18:53:31,837] {processor.py:641} INFO - Processing file /home/airflow/.local/lib/python3.7/site-packages/airflow/example_dags/example_branch_datetime_operator.py for tasks to queue
[2022-07-06 18:53:31,838] {logging_mixin.py:115} INFO - [2022-07-06 18:53:31,838] {dagbag.py:507} INFO - Filling up the DagBag from /home/airflow/.local/lib/python3.7/site-packages/airflow/example_dags/example_branch_datetime_operator.py
[2022-07-06 18:53:31,847] {processor.py:651} INFO - DAG(s) dict_keys(['example_branch_datetime_operator_2']) retrieved from /home/airflow/.local/lib/python3.7/site-packages/airflow/example_dags/example_branch_datetime_operator.py
[2022-07-06 18:53:31,884] {logging_mixin.py:115} INFO - [2022-07-06 18:53:31,884] {dag.py:2371} INFO - Sync 1 DAGs
[2022-07-06 18:53:31,916] {logging_mixin.py:115} INFO - [2022-07-06 18:53:31,916] {dag.py:2919} INFO - Setting next_dagrun for example_branch_datetime_operator_2 to 2022-07-05T00:00:00+00:00, run_after=2022-07-06T00:00:00+00:00
[2022-07-06 18:53:31,932] {processor.py:161} INFO - Processing /home/airflow/.local/lib/python3.7/site-packages/airflow/example_dags/example_branch_datetime_operator.py took 0.102 seconds
[2022-07-06 18:54:02,966] {processor.py:153} INFO - Started process (PID=2163) to work on /home/airflow/.local/lib/python3.7/site-packages/airflow/example_dags/example_branch_datetime_operator.py
[2022-07-06 18:54:02,968] {processor.py:641} INFO - Processing file /home/airflow/.local/lib/python3.7/site-packages/airflow/example_dags/example_branch_datetime_operator.py for tasks to queue
[2022-07-06 18:54:02,971] {logging_mixin.py:115} INFO - [2022-07-06 18:54:02,970] {dagbag.py:507} INFO - Filling up the DagBag from /home/airflow/.local/lib/python3.7/site-packages/airflow/example_dags/example_branch_datetime_operator.py
[2022-07-06 18:54:02,997] {processor.py:651} INFO - DAG(s) dict_keys(['example_branch_datetime_operator_2']) retrieved from /home/airflow/.local/lib/python3.7/site-packages/airflow/example_dags/example_branch_datetime_operator.py
[2022-07-06 18:54:03,075] {logging_mixin.py:115} INFO - [2022-07-06 18:54:03,074] {dag.py:2371} INFO - Sync 1 DAGs
[2022-07-06 18:54:03,277] {logging_mixin.py:115} INFO - [2022-07-06 18:54:03,277] {dag.py:2919} INFO - Setting next_dagrun for example_branch_datetime_operator_2 to 2022-07-05T00:00:00+00:00, run_after=2022-07-06T00:00:00+00:00
[2022-07-06 18:54:03,331] {processor.py:161} INFO - Processing /home/airflow/.local/lib/python3.7/site-packages/airflow/example_dags/example_branch_datetime_operator.py took 0.372 seconds
[2022-07-06 18:54:33,401] {processor.py:153} INFO - Started process (PID=2216) to work on /home/airflow/.local/lib/python3.7/site-packages/airflow/example_dags/example_branch_datetime_operator.py
[2022-07-06 18:54:33,403] {processor.py:641} INFO - Processing file /home/airflow/.local/lib/python3.7/site-packages/airflow/example_dags/example_branch_datetime_operator.py for tasks to queue
[2022-07-06 18:54:33,404] {logging_mixin.py:115} INFO - [2022-07-06 18:54:33,404] {dagbag.py:507} INFO - Filling up the DagBag from /home/airflow/.local/lib/python3.7/site-packages/airflow/example_dags/example_branch_datetime_operator.py
[2022-07-06 18:54:33,419] {processor.py:651} INFO - DAG(s) dict_keys(['example_branch_datetime_operator_2']) retrieved from /home/airflow/.local/lib/python3.7/site-packages/airflow/example_dags/example_branch_datetime_operator.py
[2022-07-06 18:54:33,466] {logging_mixin.py:115} INFO - [2022-07-06 18:54:33,466] {dag.py:2371} INFO - Sync 1 DAGs
[2022-07-06 18:54:33,499] {logging_mixin.py:115} INFO - [2022-07-06 18:54:33,499] {dag.py:2919} INFO - Setting next_dagrun for example_branch_datetime_operator_2 to 2022-07-05T00:00:00+00:00, run_after=2022-07-06T00:00:00+00:00
[2022-07-06 18:54:33,514] {processor.py:161} INFO - Processing /home/airflow/.local/lib/python3.7/site-packages/airflow/example_dags/example_branch_datetime_operator.py took 0.117 seconds
[2022-07-06 18:55:03,667] {processor.py:153} INFO - Started process (PID=2271) to work on /home/airflow/.local/lib/python3.7/site-packages/airflow/example_dags/example_branch_datetime_operator.py
[2022-07-06 18:55:03,669] {processor.py:641} INFO - Processing file /home/airflow/.local/lib/python3.7/site-packages/airflow/example_dags/example_branch_datetime_operator.py for tasks to queue
[2022-07-06 18:55:03,670] {logging_mixin.py:115} INFO - [2022-07-06 18:55:03,670] {dagbag.py:507} INFO - Filling up the DagBag from /home/airflow/.local/lib/python3.7/site-packages/airflow/example_dags/example_branch_datetime_operator.py
[2022-07-06 18:55:03,682] {processor.py:651} INFO - DAG(s) dict_keys(['example_branch_datetime_operator_2']) retrieved from /home/airflow/.local/lib/python3.7/site-packages/airflow/example_dags/example_branch_datetime_operator.py
[2022-07-06 18:55:03,748] {logging_mixin.py:115} INFO - [2022-07-06 18:55:03,748] {dag.py:2371} INFO - Sync 1 DAGs
[2022-07-06 18:55:03,795] {logging_mixin.py:115} INFO - [2022-07-06 18:55:03,795] {dag.py:2919} INFO - Setting next_dagrun for example_branch_datetime_operator_2 to 2022-07-05T00:00:00+00:00, run_after=2022-07-06T00:00:00+00:00
[2022-07-06 18:55:03,832] {processor.py:161} INFO - Processing /home/airflow/.local/lib/python3.7/site-packages/airflow/example_dags/example_branch_datetime_operator.py took 0.171 seconds
[2022-07-06 18:55:34,620] {processor.py:153} INFO - Started process (PID=2335) to work on /home/airflow/.local/lib/python3.7/site-packages/airflow/example_dags/example_branch_datetime_operator.py
[2022-07-06 18:55:34,621] {processor.py:641} INFO - Processing file /home/airflow/.local/lib/python3.7/site-packages/airflow/example_dags/example_branch_datetime_operator.py for tasks to queue
[2022-07-06 18:55:34,623] {logging_mixin.py:115} INFO - [2022-07-06 18:55:34,622] {dagbag.py:507} INFO - Filling up the DagBag from /home/airflow/.local/lib/python3.7/site-packages/airflow/example_dags/example_branch_datetime_operator.py
[2022-07-06 18:55:34,634] {processor.py:651} INFO - DAG(s) dict_keys(['example_branch_datetime_operator_2']) retrieved from /home/airflow/.local/lib/python3.7/site-packages/airflow/example_dags/example_branch_datetime_operator.py
[2022-07-06 18:55:34,677] {logging_mixin.py:115} INFO - [2022-07-06 18:55:34,677] {dag.py:2371} INFO - Sync 1 DAGs
[2022-07-06 18:55:34,715] {logging_mixin.py:115} INFO - [2022-07-06 18:55:34,715] {dag.py:2919} INFO - Setting next_dagrun for example_branch_datetime_operator_2 to 2022-07-05T00:00:00+00:00, run_after=2022-07-06T00:00:00+00:00
[2022-07-06 18:55:34,730] {processor.py:161} INFO - Processing /home/airflow/.local/lib/python3.7/site-packages/airflow/example_dags/example_branch_datetime_operator.py took 0.117 seconds
[2022-07-06 18:56:04,894] {processor.py:153} INFO - Started process (PID=2393) to work on /home/airflow/.local/lib/python3.7/site-packages/airflow/example_dags/example_branch_datetime_operator.py
[2022-07-06 18:56:04,896] {processor.py:641} INFO - Processing file /home/airflow/.local/lib/python3.7/site-packages/airflow/example_dags/example_branch_datetime_operator.py for tasks to queue
[2022-07-06 18:56:04,897] {logging_mixin.py:115} INFO - [2022-07-06 18:56:04,897] {dagbag.py:507} INFO - Filling up the DagBag from /home/airflow/.local/lib/python3.7/site-packages/airflow/example_dags/example_branch_datetime_operator.py
[2022-07-06 18:56:04,913] {processor.py:651} INFO - DAG(s) dict_keys(['example_branch_datetime_operator_2']) retrieved from /home/airflow/.local/lib/python3.7/site-packages/airflow/example_dags/example_branch_datetime_operator.py
[2022-07-06 18:56:04,953] {logging_mixin.py:115} INFO - [2022-07-06 18:56:04,953] {dag.py:2371} INFO - Sync 1 DAGs
[2022-07-06 18:56:05,001] {logging_mixin.py:115} INFO - [2022-07-06 18:56:05,001] {dag.py:2919} INFO - Setting next_dagrun for example_branch_datetime_operator_2 to 2022-07-05T00:00:00+00:00, run_after=2022-07-06T00:00:00+00:00
[2022-07-06 18:56:05,021] {processor.py:161} INFO - Processing /home/airflow/.local/lib/python3.7/site-packages/airflow/example_dags/example_branch_datetime_operator.py took 0.133 seconds
[2022-07-06 18:56:35,486] {processor.py:153} INFO - Started process (PID=2460) to work on /home/airflow/.local/lib/python3.7/site-packages/airflow/example_dags/example_branch_datetime_operator.py
[2022-07-06 18:56:35,491] {processor.py:641} INFO - Processing file /home/airflow/.local/lib/python3.7/site-packages/airflow/example_dags/example_branch_datetime_operator.py for tasks to queue
[2022-07-06 18:56:35,496] {logging_mixin.py:115} INFO - [2022-07-06 18:56:35,495] {dagbag.py:507} INFO - Filling up the DagBag from /home/airflow/.local/lib/python3.7/site-packages/airflow/example_dags/example_branch_datetime_operator.py
[2022-07-06 18:56:35,522] {processor.py:651} INFO - DAG(s) dict_keys(['example_branch_datetime_operator_2']) retrieved from /home/airflow/.local/lib/python3.7/site-packages/airflow/example_dags/example_branch_datetime_operator.py
[2022-07-06 18:56:35,587] {logging_mixin.py:115} INFO - [2022-07-06 18:56:35,586] {dag.py:2371} INFO - Sync 1 DAGs
[2022-07-06 18:56:35,639] {logging_mixin.py:115} INFO - [2022-07-06 18:56:35,638] {dag.py:2919} INFO - Setting next_dagrun for example_branch_datetime_operator_2 to 2022-07-05T00:00:00+00:00, run_after=2022-07-06T00:00:00+00:00
[2022-07-06 18:56:35,663] {processor.py:161} INFO - Processing /home/airflow/.local/lib/python3.7/site-packages/airflow/example_dags/example_branch_datetime_operator.py took 0.184 seconds
[2022-07-06 18:57:06,371] {processor.py:153} INFO - Started process (PID=2513) to work on /home/airflow/.local/lib/python3.7/site-packages/airflow/example_dags/example_branch_datetime_operator.py
[2022-07-06 18:57:06,373] {processor.py:641} INFO - Processing file /home/airflow/.local/lib/python3.7/site-packages/airflow/example_dags/example_branch_datetime_operator.py for tasks to queue
[2022-07-06 18:57:06,375] {logging_mixin.py:115} INFO - [2022-07-06 18:57:06,375] {dagbag.py:507} INFO - Filling up the DagBag from /home/airflow/.local/lib/python3.7/site-packages/airflow/example_dags/example_branch_datetime_operator.py
[2022-07-06 18:57:06,395] {processor.py:651} INFO - DAG(s) dict_keys(['example_branch_datetime_operator_2']) retrieved from /home/airflow/.local/lib/python3.7/site-packages/airflow/example_dags/example_branch_datetime_operator.py
[2022-07-06 18:57:06,466] {logging_mixin.py:115} INFO - [2022-07-06 18:57:06,466] {dag.py:2371} INFO - Sync 1 DAGs
[2022-07-06 18:57:06,525] {logging_mixin.py:115} INFO - [2022-07-06 18:57:06,525] {dag.py:2919} INFO - Setting next_dagrun for example_branch_datetime_operator_2 to 2022-07-05T00:00:00+00:00, run_after=2022-07-06T00:00:00+00:00
[2022-07-06 18:57:06,550] {processor.py:161} INFO - Processing /home/airflow/.local/lib/python3.7/site-packages/airflow/example_dags/example_branch_datetime_operator.py took 0.186 seconds
[2022-07-06 18:57:37,268] {processor.py:153} INFO - Started process (PID=2566) to work on /home/airflow/.local/lib/python3.7/site-packages/airflow/example_dags/example_branch_datetime_operator.py
[2022-07-06 18:57:37,269] {processor.py:641} INFO - Processing file /home/airflow/.local/lib/python3.7/site-packages/airflow/example_dags/example_branch_datetime_operator.py for tasks to queue
[2022-07-06 18:57:37,271] {logging_mixin.py:115} INFO - [2022-07-06 18:57:37,270] {dagbag.py:507} INFO - Filling up the DagBag from /home/airflow/.local/lib/python3.7/site-packages/airflow/example_dags/example_branch_datetime_operator.py
[2022-07-06 18:57:37,281] {processor.py:651} INFO - DAG(s) dict_keys(['example_branch_datetime_operator_2']) retrieved from /home/airflow/.local/lib/python3.7/site-packages/airflow/example_dags/example_branch_datetime_operator.py
[2022-07-06 18:57:37,324] {logging_mixin.py:115} INFO - [2022-07-06 18:57:37,324] {dag.py:2371} INFO - Sync 1 DAGs
[2022-07-06 18:57:37,361] {logging_mixin.py:115} INFO - [2022-07-06 18:57:37,361] {dag.py:2919} INFO - Setting next_dagrun for example_branch_datetime_operator_2 to 2022-07-05T00:00:00+00:00, run_after=2022-07-06T00:00:00+00:00
[2022-07-06 18:57:37,378] {processor.py:161} INFO - Processing /home/airflow/.local/lib/python3.7/site-packages/airflow/example_dags/example_branch_datetime_operator.py took 0.115 seconds
[2022-07-06 18:58:07,898] {processor.py:153} INFO - Started process (PID=2620) to work on /home/airflow/.local/lib/python3.7/site-packages/airflow/example_dags/example_branch_datetime_operator.py
[2022-07-06 18:58:07,899] {processor.py:641} INFO - Processing file /home/airflow/.local/lib/python3.7/site-packages/airflow/example_dags/example_branch_datetime_operator.py for tasks to queue
[2022-07-06 18:58:07,900] {logging_mixin.py:115} INFO - [2022-07-06 18:58:07,900] {dagbag.py:507} INFO - Filling up the DagBag from /home/airflow/.local/lib/python3.7/site-packages/airflow/example_dags/example_branch_datetime_operator.py
[2022-07-06 18:58:07,910] {processor.py:651} INFO - DAG(s) dict_keys(['example_branch_datetime_operator_2']) retrieved from /home/airflow/.local/lib/python3.7/site-packages/airflow/example_dags/example_branch_datetime_operator.py
[2022-07-06 18:58:07,946] {logging_mixin.py:115} INFO - [2022-07-06 18:58:07,946] {dag.py:2371} INFO - Sync 1 DAGs
[2022-07-06 18:58:07,976] {logging_mixin.py:115} INFO - [2022-07-06 18:58:07,976] {dag.py:2919} INFO - Setting next_dagrun for example_branch_datetime_operator_2 to 2022-07-05T00:00:00+00:00, run_after=2022-07-06T00:00:00+00:00
[2022-07-06 18:58:07,992] {processor.py:161} INFO - Processing /home/airflow/.local/lib/python3.7/site-packages/airflow/example_dags/example_branch_datetime_operator.py took 0.098 seconds
[2022-07-06 18:58:38,205] {processor.py:153} INFO - Started process (PID=2684) to work on /home/airflow/.local/lib/python3.7/site-packages/airflow/example_dags/example_branch_datetime_operator.py
[2022-07-06 18:58:38,208] {processor.py:641} INFO - Processing file /home/airflow/.local/lib/python3.7/site-packages/airflow/example_dags/example_branch_datetime_operator.py for tasks to queue
[2022-07-06 18:58:38,210] {logging_mixin.py:115} INFO - [2022-07-06 18:58:38,210] {dagbag.py:507} INFO - Filling up the DagBag from /home/airflow/.local/lib/python3.7/site-packages/airflow/example_dags/example_branch_datetime_operator.py
[2022-07-06 18:58:38,227] {processor.py:651} INFO - DAG(s) dict_keys(['example_branch_datetime_operator_2']) retrieved from /home/airflow/.local/lib/python3.7/site-packages/airflow/example_dags/example_branch_datetime_operator.py
[2022-07-06 18:58:38,276] {logging_mixin.py:115} INFO - [2022-07-06 18:58:38,276] {dag.py:2371} INFO - Sync 1 DAGs
[2022-07-06 18:58:38,328] {logging_mixin.py:115} INFO - [2022-07-06 18:58:38,327] {dag.py:2919} INFO - Setting next_dagrun for example_branch_datetime_operator_2 to 2022-07-05T00:00:00+00:00, run_after=2022-07-06T00:00:00+00:00
[2022-07-06 18:58:38,348] {processor.py:161} INFO - Processing /home/airflow/.local/lib/python3.7/site-packages/airflow/example_dags/example_branch_datetime_operator.py took 0.154 seconds
[2022-07-06 18:59:08,565] {processor.py:153} INFO - Started process (PID=2748) to work on /home/airflow/.local/lib/python3.7/site-packages/airflow/example_dags/example_branch_datetime_operator.py
[2022-07-06 18:59:08,567] {processor.py:641} INFO - Processing file /home/airflow/.local/lib/python3.7/site-packages/airflow/example_dags/example_branch_datetime_operator.py for tasks to queue
[2022-07-06 18:59:08,568] {logging_mixin.py:115} INFO - [2022-07-06 18:59:08,568] {dagbag.py:507} INFO - Filling up the DagBag from /home/airflow/.local/lib/python3.7/site-packages/airflow/example_dags/example_branch_datetime_operator.py
[2022-07-06 18:59:08,580] {processor.py:651} INFO - DAG(s) dict_keys(['example_branch_datetime_operator_2']) retrieved from /home/airflow/.local/lib/python3.7/site-packages/airflow/example_dags/example_branch_datetime_operator.py
[2022-07-06 18:59:08,613] {logging_mixin.py:115} INFO - [2022-07-06 18:59:08,613] {dag.py:2371} INFO - Sync 1 DAGs
[2022-07-06 18:59:08,647] {logging_mixin.py:115} INFO - [2022-07-06 18:59:08,647] {dag.py:2919} INFO - Setting next_dagrun for example_branch_datetime_operator_2 to 2022-07-05T00:00:00+00:00, run_after=2022-07-06T00:00:00+00:00
[2022-07-06 18:59:08,664] {processor.py:161} INFO - Processing /home/airflow/.local/lib/python3.7/site-packages/airflow/example_dags/example_branch_datetime_operator.py took 0.102 seconds
[2022-07-06 18:59:39,552] {processor.py:153} INFO - Started process (PID=2801) to work on /home/airflow/.local/lib/python3.7/site-packages/airflow/example_dags/example_branch_datetime_operator.py
[2022-07-06 18:59:39,554] {processor.py:641} INFO - Processing file /home/airflow/.local/lib/python3.7/site-packages/airflow/example_dags/example_branch_datetime_operator.py for tasks to queue
[2022-07-06 18:59:39,556] {logging_mixin.py:115} INFO - [2022-07-06 18:59:39,556] {dagbag.py:507} INFO - Filling up the DagBag from /home/airflow/.local/lib/python3.7/site-packages/airflow/example_dags/example_branch_datetime_operator.py
[2022-07-06 18:59:39,569] {processor.py:651} INFO - DAG(s) dict_keys(['example_branch_datetime_operator_2']) retrieved from /home/airflow/.local/lib/python3.7/site-packages/airflow/example_dags/example_branch_datetime_operator.py
[2022-07-06 18:59:39,627] {logging_mixin.py:115} INFO - [2022-07-06 18:59:39,626] {dag.py:2371} INFO - Sync 1 DAGs
[2022-07-06 18:59:39,671] {logging_mixin.py:115} INFO - [2022-07-06 18:59:39,671] {dag.py:2919} INFO - Setting next_dagrun for example_branch_datetime_operator_2 to 2022-07-05T00:00:00+00:00, run_after=2022-07-06T00:00:00+00:00
[2022-07-06 18:59:39,693] {processor.py:161} INFO - Processing /home/airflow/.local/lib/python3.7/site-packages/airflow/example_dags/example_branch_datetime_operator.py took 0.147 seconds
[2022-07-06 19:00:10,067] {processor.py:153} INFO - Started process (PID=2868) to work on /home/airflow/.local/lib/python3.7/site-packages/airflow/example_dags/example_branch_datetime_operator.py
[2022-07-06 19:00:10,068] {processor.py:641} INFO - Processing file /home/airflow/.local/lib/python3.7/site-packages/airflow/example_dags/example_branch_datetime_operator.py for tasks to queue
[2022-07-06 19:00:10,071] {logging_mixin.py:115} INFO - [2022-07-06 19:00:10,071] {dagbag.py:507} INFO - Filling up the DagBag from /home/airflow/.local/lib/python3.7/site-packages/airflow/example_dags/example_branch_datetime_operator.py
[2022-07-06 19:00:10,084] {processor.py:651} INFO - DAG(s) dict_keys(['example_branch_datetime_operator_2']) retrieved from /home/airflow/.local/lib/python3.7/site-packages/airflow/example_dags/example_branch_datetime_operator.py
[2022-07-06 19:00:10,121] {logging_mixin.py:115} INFO - [2022-07-06 19:00:10,121] {dag.py:2371} INFO - Sync 1 DAGs
[2022-07-06 19:00:10,156] {logging_mixin.py:115} INFO - [2022-07-06 19:00:10,155] {dag.py:2919} INFO - Setting next_dagrun for example_branch_datetime_operator_2 to 2022-07-05T00:00:00+00:00, run_after=2022-07-06T00:00:00+00:00
[2022-07-06 19:00:10,174] {processor.py:161} INFO - Processing /home/airflow/.local/lib/python3.7/site-packages/airflow/example_dags/example_branch_datetime_operator.py took 0.110 seconds
[2022-07-06 19:00:41,056] {processor.py:153} INFO - Started process (PID=2921) to work on /home/airflow/.local/lib/python3.7/site-packages/airflow/example_dags/example_branch_datetime_operator.py
[2022-07-06 19:00:41,057] {processor.py:641} INFO - Processing file /home/airflow/.local/lib/python3.7/site-packages/airflow/example_dags/example_branch_datetime_operator.py for tasks to queue
[2022-07-06 19:00:41,059] {logging_mixin.py:115} INFO - [2022-07-06 19:00:41,059] {dagbag.py:507} INFO - Filling up the DagBag from /home/airflow/.local/lib/python3.7/site-packages/airflow/example_dags/example_branch_datetime_operator.py
[2022-07-06 19:00:41,071] {processor.py:651} INFO - DAG(s) dict_keys(['example_branch_datetime_operator_2']) retrieved from /home/airflow/.local/lib/python3.7/site-packages/airflow/example_dags/example_branch_datetime_operator.py
[2022-07-06 19:00:41,107] {logging_mixin.py:115} INFO - [2022-07-06 19:00:41,107] {dag.py:2371} INFO - Sync 1 DAGs
[2022-07-06 19:00:41,142] {logging_mixin.py:115} INFO - [2022-07-06 19:00:41,142] {dag.py:2919} INFO - Setting next_dagrun for example_branch_datetime_operator_2 to 2022-07-05T00:00:00+00:00, run_after=2022-07-06T00:00:00+00:00
[2022-07-06 19:00:41,160] {processor.py:161} INFO - Processing /home/airflow/.local/lib/python3.7/site-packages/airflow/example_dags/example_branch_datetime_operator.py took 0.116 seconds
[2022-07-06 19:01:11,526] {processor.py:153} INFO - Started process (PID=2985) to work on /home/airflow/.local/lib/python3.7/site-packages/airflow/example_dags/example_branch_datetime_operator.py
[2022-07-06 19:01:11,534] {processor.py:641} INFO - Processing file /home/airflow/.local/lib/python3.7/site-packages/airflow/example_dags/example_branch_datetime_operator.py for tasks to queue
[2022-07-06 19:01:11,535] {logging_mixin.py:115} INFO - [2022-07-06 19:01:11,535] {dagbag.py:507} INFO - Filling up the DagBag from /home/airflow/.local/lib/python3.7/site-packages/airflow/example_dags/example_branch_datetime_operator.py
[2022-07-06 19:01:11,548] {processor.py:651} INFO - DAG(s) dict_keys(['example_branch_datetime_operator_2']) retrieved from /home/airflow/.local/lib/python3.7/site-packages/airflow/example_dags/example_branch_datetime_operator.py
[2022-07-06 19:01:11,592] {logging_mixin.py:115} INFO - [2022-07-06 19:01:11,592] {dag.py:2371} INFO - Sync 1 DAGs
[2022-07-06 19:01:11,628] {logging_mixin.py:115} INFO - [2022-07-06 19:01:11,628] {dag.py:2919} INFO - Setting next_dagrun for example_branch_datetime_operator_2 to 2022-07-05T00:00:00+00:00, run_after=2022-07-06T00:00:00+00:00
[2022-07-06 19:01:11,648] {processor.py:161} INFO - Processing /home/airflow/.local/lib/python3.7/site-packages/airflow/example_dags/example_branch_datetime_operator.py took 0.129 seconds
