[2022-07-06 18:36:10,888] {processor.py:153} INFO - Started process (PID=47) to work on /home/airflow/.local/lib/python3.7/site-packages/airflow/example_dags/example_skip_dag.py
[2022-07-06 18:36:10,889] {processor.py:641} INFO - Processing file /home/airflow/.local/lib/python3.7/site-packages/airflow/example_dags/example_skip_dag.py for tasks to queue
[2022-07-06 18:36:10,891] {logging_mixin.py:115} INFO - [2022-07-06 18:36:10,890] {dagbag.py:507} INFO - Filling up the DagBag from /home/airflow/.local/lib/python3.7/site-packages/airflow/example_dags/example_skip_dag.py
[2022-07-06 18:36:10,907] {processor.py:651} INFO - DAG(s) dict_keys(['example_skip_dag']) retrieved from /home/airflow/.local/lib/python3.7/site-packages/airflow/example_dags/example_skip_dag.py
[2022-07-06 18:36:10,955] {logging_mixin.py:115} INFO - [2022-07-06 18:36:10,954] {dag.py:2371} INFO - Sync 1 DAGs
[2022-07-06 18:36:10,991] {logging_mixin.py:115} INFO - [2022-07-06 18:36:10,990] {dag.py:2919} INFO - Setting next_dagrun for example_skip_dag to 2022-07-05T18:36:10.990594+00:00, run_after=2022-07-06T18:36:10.990594+00:00
[2022-07-06 18:36:11,006] {processor.py:161} INFO - Processing /home/airflow/.local/lib/python3.7/site-packages/airflow/example_dags/example_skip_dag.py took 0.125 seconds
[2022-07-06 18:36:41,536] {processor.py:153} INFO - Started process (PID=101) to work on /home/airflow/.local/lib/python3.7/site-packages/airflow/example_dags/example_skip_dag.py
[2022-07-06 18:36:41,538] {processor.py:641} INFO - Processing file /home/airflow/.local/lib/python3.7/site-packages/airflow/example_dags/example_skip_dag.py for tasks to queue
[2022-07-06 18:36:41,539] {logging_mixin.py:115} INFO - [2022-07-06 18:36:41,539] {dagbag.py:507} INFO - Filling up the DagBag from /home/airflow/.local/lib/python3.7/site-packages/airflow/example_dags/example_skip_dag.py
[2022-07-06 18:36:41,546] {processor.py:651} INFO - DAG(s) dict_keys(['example_skip_dag']) retrieved from /home/airflow/.local/lib/python3.7/site-packages/airflow/example_dags/example_skip_dag.py
[2022-07-06 18:36:41,590] {logging_mixin.py:115} INFO - [2022-07-06 18:36:41,590] {dag.py:2371} INFO - Sync 1 DAGs
[2022-07-06 18:36:41,621] {logging_mixin.py:115} INFO - [2022-07-06 18:36:41,620] {dag.py:2919} INFO - Setting next_dagrun for example_skip_dag to 2022-07-05T18:36:41.620452+00:00, run_after=2022-07-06T18:36:41.620452+00:00
[2022-07-06 18:36:41,636] {processor.py:161} INFO - Processing /home/airflow/.local/lib/python3.7/site-packages/airflow/example_dags/example_skip_dag.py took 0.104 seconds
[2022-07-06 18:37:11,970] {processor.py:153} INFO - Started process (PID=164) to work on /home/airflow/.local/lib/python3.7/site-packages/airflow/example_dags/example_skip_dag.py
[2022-07-06 18:37:11,972] {processor.py:641} INFO - Processing file /home/airflow/.local/lib/python3.7/site-packages/airflow/example_dags/example_skip_dag.py for tasks to queue
[2022-07-06 18:37:11,974] {logging_mixin.py:115} INFO - [2022-07-06 18:37:11,973] {dagbag.py:507} INFO - Filling up the DagBag from /home/airflow/.local/lib/python3.7/site-packages/airflow/example_dags/example_skip_dag.py
[2022-07-06 18:37:11,981] {processor.py:651} INFO - DAG(s) dict_keys(['example_skip_dag']) retrieved from /home/airflow/.local/lib/python3.7/site-packages/airflow/example_dags/example_skip_dag.py
[2022-07-06 18:37:12,017] {logging_mixin.py:115} INFO - [2022-07-06 18:37:12,017] {dag.py:2371} INFO - Sync 1 DAGs
[2022-07-06 18:37:12,053] {logging_mixin.py:115} INFO - [2022-07-06 18:37:12,053] {dag.py:2919} INFO - Setting next_dagrun for example_skip_dag to 2022-07-05T18:37:12.053135+00:00, run_after=2022-07-06T18:37:12.053135+00:00
[2022-07-06 18:37:12,069] {processor.py:161} INFO - Processing /home/airflow/.local/lib/python3.7/site-packages/airflow/example_dags/example_skip_dag.py took 0.107 seconds
[2022-07-06 18:37:42,293] {processor.py:153} INFO - Started process (PID=228) to work on /home/airflow/.local/lib/python3.7/site-packages/airflow/example_dags/example_skip_dag.py
[2022-07-06 18:37:42,294] {processor.py:641} INFO - Processing file /home/airflow/.local/lib/python3.7/site-packages/airflow/example_dags/example_skip_dag.py for tasks to queue
[2022-07-06 18:37:42,296] {logging_mixin.py:115} INFO - [2022-07-06 18:37:42,296] {dagbag.py:507} INFO - Filling up the DagBag from /home/airflow/.local/lib/python3.7/site-packages/airflow/example_dags/example_skip_dag.py
[2022-07-06 18:37:42,303] {processor.py:651} INFO - DAG(s) dict_keys(['example_skip_dag']) retrieved from /home/airflow/.local/lib/python3.7/site-packages/airflow/example_dags/example_skip_dag.py
[2022-07-06 18:37:42,344] {logging_mixin.py:115} INFO - [2022-07-06 18:37:42,343] {dag.py:2371} INFO - Sync 1 DAGs
[2022-07-06 18:37:42,373] {logging_mixin.py:115} INFO - [2022-07-06 18:37:42,373] {dag.py:2919} INFO - Setting next_dagrun for example_skip_dag to 2022-07-05T18:37:42.373158+00:00, run_after=2022-07-06T18:37:42.373158+00:00
[2022-07-06 18:37:42,391] {processor.py:161} INFO - Processing /home/airflow/.local/lib/python3.7/site-packages/airflow/example_dags/example_skip_dag.py took 0.103 seconds
[2022-07-06 18:38:13,309] {processor.py:153} INFO - Started process (PID=282) to work on /home/airflow/.local/lib/python3.7/site-packages/airflow/example_dags/example_skip_dag.py
[2022-07-06 18:38:13,310] {processor.py:641} INFO - Processing file /home/airflow/.local/lib/python3.7/site-packages/airflow/example_dags/example_skip_dag.py for tasks to queue
[2022-07-06 18:38:13,311] {logging_mixin.py:115} INFO - [2022-07-06 18:38:13,311] {dagbag.py:507} INFO - Filling up the DagBag from /home/airflow/.local/lib/python3.7/site-packages/airflow/example_dags/example_skip_dag.py
[2022-07-06 18:38:13,319] {processor.py:651} INFO - DAG(s) dict_keys(['example_skip_dag']) retrieved from /home/airflow/.local/lib/python3.7/site-packages/airflow/example_dags/example_skip_dag.py
[2022-07-06 18:38:13,357] {logging_mixin.py:115} INFO - [2022-07-06 18:38:13,357] {dag.py:2371} INFO - Sync 1 DAGs
[2022-07-06 18:38:13,388] {logging_mixin.py:115} INFO - [2022-07-06 18:38:13,387] {dag.py:2919} INFO - Setting next_dagrun for example_skip_dag to 2022-07-05T18:38:13.387569+00:00, run_after=2022-07-06T18:38:13.387569+00:00
[2022-07-06 18:38:13,404] {processor.py:161} INFO - Processing /home/airflow/.local/lib/python3.7/site-packages/airflow/example_dags/example_skip_dag.py took 0.100 seconds
[2022-07-06 18:38:44,216] {processor.py:153} INFO - Started process (PID=345) to work on /home/airflow/.local/lib/python3.7/site-packages/airflow/example_dags/example_skip_dag.py
[2022-07-06 18:38:44,217] {processor.py:641} INFO - Processing file /home/airflow/.local/lib/python3.7/site-packages/airflow/example_dags/example_skip_dag.py for tasks to queue
[2022-07-06 18:38:44,218] {logging_mixin.py:115} INFO - [2022-07-06 18:38:44,218] {dagbag.py:507} INFO - Filling up the DagBag from /home/airflow/.local/lib/python3.7/site-packages/airflow/example_dags/example_skip_dag.py
[2022-07-06 18:38:44,225] {processor.py:651} INFO - DAG(s) dict_keys(['example_skip_dag']) retrieved from /home/airflow/.local/lib/python3.7/site-packages/airflow/example_dags/example_skip_dag.py
[2022-07-06 18:38:44,260] {logging_mixin.py:115} INFO - [2022-07-06 18:38:44,260] {dag.py:2371} INFO - Sync 1 DAGs
[2022-07-06 18:38:44,288] {logging_mixin.py:115} INFO - [2022-07-06 18:38:44,288] {dag.py:2919} INFO - Setting next_dagrun for example_skip_dag to 2022-07-05T18:38:44.288296+00:00, run_after=2022-07-06T18:38:44.288296+00:00
[2022-07-06 18:38:44,304] {processor.py:161} INFO - Processing /home/airflow/.local/lib/python3.7/site-packages/airflow/example_dags/example_skip_dag.py took 0.093 seconds
[2022-07-06 18:39:14,440] {processor.py:153} INFO - Started process (PID=410) to work on /home/airflow/.local/lib/python3.7/site-packages/airflow/example_dags/example_skip_dag.py
[2022-07-06 18:39:14,441] {processor.py:641} INFO - Processing file /home/airflow/.local/lib/python3.7/site-packages/airflow/example_dags/example_skip_dag.py for tasks to queue
[2022-07-06 18:39:14,443] {logging_mixin.py:115} INFO - [2022-07-06 18:39:14,443] {dagbag.py:507} INFO - Filling up the DagBag from /home/airflow/.local/lib/python3.7/site-packages/airflow/example_dags/example_skip_dag.py
[2022-07-06 18:39:14,454] {processor.py:651} INFO - DAG(s) dict_keys(['example_skip_dag']) retrieved from /home/airflow/.local/lib/python3.7/site-packages/airflow/example_dags/example_skip_dag.py
[2022-07-06 18:39:14,491] {logging_mixin.py:115} INFO - [2022-07-06 18:39:14,491] {dag.py:2371} INFO - Sync 1 DAGs
[2022-07-06 18:39:14,524] {logging_mixin.py:115} INFO - [2022-07-06 18:39:14,524] {dag.py:2919} INFO - Setting next_dagrun for example_skip_dag to 2022-07-05T18:39:14.524025+00:00, run_after=2022-07-06T18:39:14.524025+00:00
[2022-07-06 18:39:14,543] {processor.py:161} INFO - Processing /home/airflow/.local/lib/python3.7/site-packages/airflow/example_dags/example_skip_dag.py took 0.106 seconds
[2022-07-06 18:39:44,581] {processor.py:153} INFO - Started process (PID=463) to work on /home/airflow/.local/lib/python3.7/site-packages/airflow/example_dags/example_skip_dag.py
[2022-07-06 18:39:44,583] {processor.py:641} INFO - Processing file /home/airflow/.local/lib/python3.7/site-packages/airflow/example_dags/example_skip_dag.py for tasks to queue
[2022-07-06 18:39:44,584] {logging_mixin.py:115} INFO - [2022-07-06 18:39:44,584] {dagbag.py:507} INFO - Filling up the DagBag from /home/airflow/.local/lib/python3.7/site-packages/airflow/example_dags/example_skip_dag.py
[2022-07-06 18:39:44,591] {processor.py:651} INFO - DAG(s) dict_keys(['example_skip_dag']) retrieved from /home/airflow/.local/lib/python3.7/site-packages/airflow/example_dags/example_skip_dag.py
[2022-07-06 18:39:44,626] {logging_mixin.py:115} INFO - [2022-07-06 18:39:44,626] {dag.py:2371} INFO - Sync 1 DAGs
[2022-07-06 18:39:44,655] {logging_mixin.py:115} INFO - [2022-07-06 18:39:44,655] {dag.py:2919} INFO - Setting next_dagrun for example_skip_dag to 2022-07-05T18:39:44.655025+00:00, run_after=2022-07-06T18:39:44.655025+00:00
[2022-07-06 18:39:44,671] {processor.py:161} INFO - Processing /home/airflow/.local/lib/python3.7/site-packages/airflow/example_dags/example_skip_dag.py took 0.094 seconds
[2022-07-06 18:40:15,543] {processor.py:153} INFO - Started process (PID=528) to work on /home/airflow/.local/lib/python3.7/site-packages/airflow/example_dags/example_skip_dag.py
[2022-07-06 18:40:15,544] {processor.py:641} INFO - Processing file /home/airflow/.local/lib/python3.7/site-packages/airflow/example_dags/example_skip_dag.py for tasks to queue
[2022-07-06 18:40:15,546] {logging_mixin.py:115} INFO - [2022-07-06 18:40:15,546] {dagbag.py:507} INFO - Filling up the DagBag from /home/airflow/.local/lib/python3.7/site-packages/airflow/example_dags/example_skip_dag.py
[2022-07-06 18:40:15,555] {processor.py:651} INFO - DAG(s) dict_keys(['example_skip_dag']) retrieved from /home/airflow/.local/lib/python3.7/site-packages/airflow/example_dags/example_skip_dag.py
[2022-07-06 18:40:15,596] {logging_mixin.py:115} INFO - [2022-07-06 18:40:15,596] {dag.py:2371} INFO - Sync 1 DAGs
[2022-07-06 18:40:15,628] {logging_mixin.py:115} INFO - [2022-07-06 18:40:15,628] {dag.py:2919} INFO - Setting next_dagrun for example_skip_dag to 2022-07-05T18:40:15.628113+00:00, run_after=2022-07-06T18:40:15.628113+00:00
[2022-07-06 18:40:15,646] {processor.py:161} INFO - Processing /home/airflow/.local/lib/python3.7/site-packages/airflow/example_dags/example_skip_dag.py took 0.108 seconds
[2022-07-06 18:40:45,839] {processor.py:153} INFO - Started process (PID=590) to work on /home/airflow/.local/lib/python3.7/site-packages/airflow/example_dags/example_skip_dag.py
[2022-07-06 18:40:45,840] {processor.py:641} INFO - Processing file /home/airflow/.local/lib/python3.7/site-packages/airflow/example_dags/example_skip_dag.py for tasks to queue
[2022-07-06 18:40:45,841] {logging_mixin.py:115} INFO - [2022-07-06 18:40:45,841] {dagbag.py:507} INFO - Filling up the DagBag from /home/airflow/.local/lib/python3.7/site-packages/airflow/example_dags/example_skip_dag.py
[2022-07-06 18:40:45,848] {processor.py:651} INFO - DAG(s) dict_keys(['example_skip_dag']) retrieved from /home/airflow/.local/lib/python3.7/site-packages/airflow/example_dags/example_skip_dag.py
[2022-07-06 18:40:45,883] {logging_mixin.py:115} INFO - [2022-07-06 18:40:45,883] {dag.py:2371} INFO - Sync 1 DAGs
[2022-07-06 18:40:45,912] {logging_mixin.py:115} INFO - [2022-07-06 18:40:45,912] {dag.py:2919} INFO - Setting next_dagrun for example_skip_dag to 2022-07-05T18:40:45.911719+00:00, run_after=2022-07-06T18:40:45.911719+00:00
[2022-07-06 18:40:45,929] {processor.py:161} INFO - Processing /home/airflow/.local/lib/python3.7/site-packages/airflow/example_dags/example_skip_dag.py took 0.095 seconds
[2022-07-06 18:41:16,194] {processor.py:153} INFO - Started process (PID=647) to work on /home/airflow/.local/lib/python3.7/site-packages/airflow/example_dags/example_skip_dag.py
[2022-07-06 18:41:16,195] {processor.py:641} INFO - Processing file /home/airflow/.local/lib/python3.7/site-packages/airflow/example_dags/example_skip_dag.py for tasks to queue
[2022-07-06 18:41:16,196] {logging_mixin.py:115} INFO - [2022-07-06 18:41:16,196] {dagbag.py:507} INFO - Filling up the DagBag from /home/airflow/.local/lib/python3.7/site-packages/airflow/example_dags/example_skip_dag.py
[2022-07-06 18:41:16,205] {processor.py:651} INFO - DAG(s) dict_keys(['example_skip_dag']) retrieved from /home/airflow/.local/lib/python3.7/site-packages/airflow/example_dags/example_skip_dag.py
[2022-07-06 18:41:16,239] {logging_mixin.py:115} INFO - [2022-07-06 18:41:16,239] {dag.py:2371} INFO - Sync 1 DAGs
[2022-07-06 18:41:16,267] {logging_mixin.py:115} INFO - [2022-07-06 18:41:16,267] {dag.py:2919} INFO - Setting next_dagrun for example_skip_dag to 2022-07-05T18:41:16.266941+00:00, run_after=2022-07-06T18:41:16.266941+00:00
[2022-07-06 18:41:16,283] {processor.py:161} INFO - Processing /home/airflow/.local/lib/python3.7/site-packages/airflow/example_dags/example_skip_dag.py took 0.093 seconds
[2022-07-06 18:41:46,534] {processor.py:153} INFO - Started process (PID=712) to work on /home/airflow/.local/lib/python3.7/site-packages/airflow/example_dags/example_skip_dag.py
[2022-07-06 18:41:46,535] {processor.py:641} INFO - Processing file /home/airflow/.local/lib/python3.7/site-packages/airflow/example_dags/example_skip_dag.py for tasks to queue
[2022-07-06 18:41:46,536] {logging_mixin.py:115} INFO - [2022-07-06 18:41:46,536] {dagbag.py:507} INFO - Filling up the DagBag from /home/airflow/.local/lib/python3.7/site-packages/airflow/example_dags/example_skip_dag.py
[2022-07-06 18:41:46,545] {processor.py:651} INFO - DAG(s) dict_keys(['example_skip_dag']) retrieved from /home/airflow/.local/lib/python3.7/site-packages/airflow/example_dags/example_skip_dag.py
[2022-07-06 18:41:46,581] {logging_mixin.py:115} INFO - [2022-07-06 18:41:46,581] {dag.py:2371} INFO - Sync 1 DAGs
[2022-07-06 18:41:46,611] {logging_mixin.py:115} INFO - [2022-07-06 18:41:46,610] {dag.py:2919} INFO - Setting next_dagrun for example_skip_dag to 2022-07-05T18:41:46.610528+00:00, run_after=2022-07-06T18:41:46.610528+00:00
[2022-07-06 18:41:46,630] {processor.py:161} INFO - Processing /home/airflow/.local/lib/python3.7/site-packages/airflow/example_dags/example_skip_dag.py took 0.101 seconds
[2022-07-06 18:42:17,339] {processor.py:153} INFO - Started process (PID=764) to work on /home/airflow/.local/lib/python3.7/site-packages/airflow/example_dags/example_skip_dag.py
[2022-07-06 18:42:17,340] {processor.py:641} INFO - Processing file /home/airflow/.local/lib/python3.7/site-packages/airflow/example_dags/example_skip_dag.py for tasks to queue
[2022-07-06 18:42:17,341] {logging_mixin.py:115} INFO - [2022-07-06 18:42:17,341] {dagbag.py:507} INFO - Filling up the DagBag from /home/airflow/.local/lib/python3.7/site-packages/airflow/example_dags/example_skip_dag.py
[2022-07-06 18:42:17,348] {processor.py:651} INFO - DAG(s) dict_keys(['example_skip_dag']) retrieved from /home/airflow/.local/lib/python3.7/site-packages/airflow/example_dags/example_skip_dag.py
[2022-07-06 18:42:17,383] {logging_mixin.py:115} INFO - [2022-07-06 18:42:17,383] {dag.py:2371} INFO - Sync 1 DAGs
[2022-07-06 18:42:17,414] {logging_mixin.py:115} INFO - [2022-07-06 18:42:17,414] {dag.py:2919} INFO - Setting next_dagrun for example_skip_dag to 2022-07-05T18:42:17.413875+00:00, run_after=2022-07-06T18:42:17.413875+00:00
[2022-07-06 18:42:17,429] {processor.py:161} INFO - Processing /home/airflow/.local/lib/python3.7/site-packages/airflow/example_dags/example_skip_dag.py took 0.095 seconds
[2022-07-06 18:42:48,378] {processor.py:153} INFO - Started process (PID=828) to work on /home/airflow/.local/lib/python3.7/site-packages/airflow/example_dags/example_skip_dag.py
[2022-07-06 18:42:48,379] {processor.py:641} INFO - Processing file /home/airflow/.local/lib/python3.7/site-packages/airflow/example_dags/example_skip_dag.py for tasks to queue
[2022-07-06 18:42:48,380] {logging_mixin.py:115} INFO - [2022-07-06 18:42:48,380] {dagbag.py:507} INFO - Filling up the DagBag from /home/airflow/.local/lib/python3.7/site-packages/airflow/example_dags/example_skip_dag.py
[2022-07-06 18:42:48,391] {processor.py:651} INFO - DAG(s) dict_keys(['example_skip_dag']) retrieved from /home/airflow/.local/lib/python3.7/site-packages/airflow/example_dags/example_skip_dag.py
[2022-07-06 18:42:48,426] {logging_mixin.py:115} INFO - [2022-07-06 18:42:48,426] {dag.py:2371} INFO - Sync 1 DAGs
[2022-07-06 18:42:48,455] {logging_mixin.py:115} INFO - [2022-07-06 18:42:48,455] {dag.py:2919} INFO - Setting next_dagrun for example_skip_dag to 2022-07-05T18:42:48.455539+00:00, run_after=2022-07-06T18:42:48.455539+00:00
[2022-07-06 18:42:48,471] {processor.py:161} INFO - Processing /home/airflow/.local/lib/python3.7/site-packages/airflow/example_dags/example_skip_dag.py took 0.097 seconds
[2022-07-06 18:43:18,882] {processor.py:153} INFO - Started process (PID=895) to work on /home/airflow/.local/lib/python3.7/site-packages/airflow/example_dags/example_skip_dag.py
[2022-07-06 18:43:18,883] {processor.py:641} INFO - Processing file /home/airflow/.local/lib/python3.7/site-packages/airflow/example_dags/example_skip_dag.py for tasks to queue
[2022-07-06 18:43:18,887] {logging_mixin.py:115} INFO - [2022-07-06 18:43:18,887] {dagbag.py:507} INFO - Filling up the DagBag from /home/airflow/.local/lib/python3.7/site-packages/airflow/example_dags/example_skip_dag.py
[2022-07-06 18:43:18,897] {processor.py:651} INFO - DAG(s) dict_keys(['example_skip_dag']) retrieved from /home/airflow/.local/lib/python3.7/site-packages/airflow/example_dags/example_skip_dag.py
[2022-07-06 18:43:18,938] {logging_mixin.py:115} INFO - [2022-07-06 18:43:18,937] {dag.py:2371} INFO - Sync 1 DAGs
[2022-07-06 18:43:18,982] {logging_mixin.py:115} INFO - [2022-07-06 18:43:18,982] {dag.py:2919} INFO - Setting next_dagrun for example_skip_dag to 2022-07-05T18:43:18.982403+00:00, run_after=2022-07-06T18:43:18.982403+00:00
[2022-07-06 18:43:19,000] {processor.py:161} INFO - Processing /home/airflow/.local/lib/python3.7/site-packages/airflow/example_dags/example_skip_dag.py took 0.122 seconds
[2022-07-06 18:43:49,836] {processor.py:153} INFO - Started process (PID=950) to work on /home/airflow/.local/lib/python3.7/site-packages/airflow/example_dags/example_skip_dag.py
[2022-07-06 18:43:49,837] {processor.py:641} INFO - Processing file /home/airflow/.local/lib/python3.7/site-packages/airflow/example_dags/example_skip_dag.py for tasks to queue
[2022-07-06 18:43:49,838] {logging_mixin.py:115} INFO - [2022-07-06 18:43:49,838] {dagbag.py:507} INFO - Filling up the DagBag from /home/airflow/.local/lib/python3.7/site-packages/airflow/example_dags/example_skip_dag.py
[2022-07-06 18:43:49,846] {processor.py:651} INFO - DAG(s) dict_keys(['example_skip_dag']) retrieved from /home/airflow/.local/lib/python3.7/site-packages/airflow/example_dags/example_skip_dag.py
[2022-07-06 18:43:49,884] {logging_mixin.py:115} INFO - [2022-07-06 18:43:49,884] {dag.py:2371} INFO - Sync 1 DAGs
[2022-07-06 18:43:49,913] {logging_mixin.py:115} INFO - [2022-07-06 18:43:49,913] {dag.py:2919} INFO - Setting next_dagrun for example_skip_dag to 2022-07-05T18:43:49.912892+00:00, run_after=2022-07-06T18:43:49.912892+00:00
[2022-07-06 18:43:49,930] {processor.py:161} INFO - Processing /home/airflow/.local/lib/python3.7/site-packages/airflow/example_dags/example_skip_dag.py took 0.099 seconds
[2022-07-06 18:44:20,491] {processor.py:153} INFO - Started process (PID=1014) to work on /home/airflow/.local/lib/python3.7/site-packages/airflow/example_dags/example_skip_dag.py
[2022-07-06 18:44:20,493] {processor.py:641} INFO - Processing file /home/airflow/.local/lib/python3.7/site-packages/airflow/example_dags/example_skip_dag.py for tasks to queue
[2022-07-06 18:44:20,495] {logging_mixin.py:115} INFO - [2022-07-06 18:44:20,495] {dagbag.py:507} INFO - Filling up the DagBag from /home/airflow/.local/lib/python3.7/site-packages/airflow/example_dags/example_skip_dag.py
[2022-07-06 18:44:20,505] {processor.py:651} INFO - DAG(s) dict_keys(['example_skip_dag']) retrieved from /home/airflow/.local/lib/python3.7/site-packages/airflow/example_dags/example_skip_dag.py
[2022-07-06 18:44:20,540] {logging_mixin.py:115} INFO - [2022-07-06 18:44:20,540] {dag.py:2371} INFO - Sync 1 DAGs
[2022-07-06 18:44:20,570] {logging_mixin.py:115} INFO - [2022-07-06 18:44:20,570] {dag.py:2919} INFO - Setting next_dagrun for example_skip_dag to 2022-07-05T18:44:20.570104+00:00, run_after=2022-07-06T18:44:20.570104+00:00
[2022-07-06 18:44:20,586] {processor.py:161} INFO - Processing /home/airflow/.local/lib/python3.7/site-packages/airflow/example_dags/example_skip_dag.py took 0.099 seconds
[2022-07-06 18:44:51,350] {processor.py:153} INFO - Started process (PID=1075) to work on /home/airflow/.local/lib/python3.7/site-packages/airflow/example_dags/example_skip_dag.py
[2022-07-06 18:44:51,351] {processor.py:641} INFO - Processing file /home/airflow/.local/lib/python3.7/site-packages/airflow/example_dags/example_skip_dag.py for tasks to queue
[2022-07-06 18:44:51,352] {logging_mixin.py:115} INFO - [2022-07-06 18:44:51,352] {dagbag.py:507} INFO - Filling up the DagBag from /home/airflow/.local/lib/python3.7/site-packages/airflow/example_dags/example_skip_dag.py
[2022-07-06 18:44:51,361] {processor.py:651} INFO - DAG(s) dict_keys(['example_skip_dag']) retrieved from /home/airflow/.local/lib/python3.7/site-packages/airflow/example_dags/example_skip_dag.py
[2022-07-06 18:44:51,396] {logging_mixin.py:115} INFO - [2022-07-06 18:44:51,396] {dag.py:2371} INFO - Sync 1 DAGs
[2022-07-06 18:44:51,432] {logging_mixin.py:115} INFO - [2022-07-06 18:44:51,432] {dag.py:2919} INFO - Setting next_dagrun for example_skip_dag to 2022-07-05T18:44:51.431386+00:00, run_after=2022-07-06T18:44:51.431386+00:00
[2022-07-06 18:44:51,449] {processor.py:161} INFO - Processing /home/airflow/.local/lib/python3.7/site-packages/airflow/example_dags/example_skip_dag.py took 0.103 seconds
[2022-07-06 18:45:21,670] {processor.py:153} INFO - Started process (PID=1129) to work on /home/airflow/.local/lib/python3.7/site-packages/airflow/example_dags/example_skip_dag.py
[2022-07-06 18:45:21,671] {processor.py:641} INFO - Processing file /home/airflow/.local/lib/python3.7/site-packages/airflow/example_dags/example_skip_dag.py for tasks to queue
[2022-07-06 18:45:21,672] {logging_mixin.py:115} INFO - [2022-07-06 18:45:21,672] {dagbag.py:507} INFO - Filling up the DagBag from /home/airflow/.local/lib/python3.7/site-packages/airflow/example_dags/example_skip_dag.py
[2022-07-06 18:45:21,681] {processor.py:651} INFO - DAG(s) dict_keys(['example_skip_dag']) retrieved from /home/airflow/.local/lib/python3.7/site-packages/airflow/example_dags/example_skip_dag.py
[2022-07-06 18:45:21,719] {logging_mixin.py:115} INFO - [2022-07-06 18:45:21,719] {dag.py:2371} INFO - Sync 1 DAGs
[2022-07-06 18:45:21,748] {logging_mixin.py:115} INFO - [2022-07-06 18:45:21,747] {dag.py:2919} INFO - Setting next_dagrun for example_skip_dag to 2022-07-05T18:45:21.747668+00:00, run_after=2022-07-06T18:45:21.747668+00:00
[2022-07-06 18:45:21,744] {processor.py:161} INFO - Processing /home/airflow/.local/lib/python3.7/site-packages/airflow/example_dags/example_skip_dag.py took 0.099 seconds
[2022-07-06 18:45:52,176] {processor.py:153} INFO - Started process (PID=1192) to work on /home/airflow/.local/lib/python3.7/site-packages/airflow/example_dags/example_skip_dag.py
[2022-07-06 18:45:52,178] {processor.py:641} INFO - Processing file /home/airflow/.local/lib/python3.7/site-packages/airflow/example_dags/example_skip_dag.py for tasks to queue
[2022-07-06 18:45:52,182] {logging_mixin.py:115} INFO - [2022-07-06 18:45:52,182] {dagbag.py:507} INFO - Filling up the DagBag from /home/airflow/.local/lib/python3.7/site-packages/airflow/example_dags/example_skip_dag.py
[2022-07-06 18:45:52,190] {processor.py:651} INFO - DAG(s) dict_keys(['example_skip_dag']) retrieved from /home/airflow/.local/lib/python3.7/site-packages/airflow/example_dags/example_skip_dag.py
[2022-07-06 18:45:52,229] {logging_mixin.py:115} INFO - [2022-07-06 18:45:52,228] {dag.py:2371} INFO - Sync 1 DAGs
[2022-07-06 18:45:52,259] {logging_mixin.py:115} INFO - [2022-07-06 18:45:52,258] {dag.py:2919} INFO - Setting next_dagrun for example_skip_dag to 2022-07-05T18:45:52.258658+00:00, run_after=2022-07-06T18:45:52.258658+00:00
[2022-07-06 18:45:52,275] {processor.py:161} INFO - Processing /home/airflow/.local/lib/python3.7/site-packages/airflow/example_dags/example_skip_dag.py took 0.104 seconds
[2022-07-06 18:46:22,534] {processor.py:153} INFO - Started process (PID=1246) to work on /home/airflow/.local/lib/python3.7/site-packages/airflow/example_dags/example_skip_dag.py
[2022-07-06 18:46:22,535] {processor.py:641} INFO - Processing file /home/airflow/.local/lib/python3.7/site-packages/airflow/example_dags/example_skip_dag.py for tasks to queue
[2022-07-06 18:46:22,536] {logging_mixin.py:115} INFO - [2022-07-06 18:46:22,536] {dagbag.py:507} INFO - Filling up the DagBag from /home/airflow/.local/lib/python3.7/site-packages/airflow/example_dags/example_skip_dag.py
[2022-07-06 18:46:22,544] {processor.py:651} INFO - DAG(s) dict_keys(['example_skip_dag']) retrieved from /home/airflow/.local/lib/python3.7/site-packages/airflow/example_dags/example_skip_dag.py
[2022-07-06 18:46:22,581] {logging_mixin.py:115} INFO - [2022-07-06 18:46:22,581] {dag.py:2371} INFO - Sync 1 DAGs
[2022-07-06 18:46:22,611] {logging_mixin.py:115} INFO - [2022-07-06 18:46:22,611] {dag.py:2919} INFO - Setting next_dagrun for example_skip_dag to 2022-07-05T18:46:22.610835+00:00, run_after=2022-07-06T18:46:22.610835+00:00
[2022-07-06 18:46:22,627] {processor.py:161} INFO - Processing /home/airflow/.local/lib/python3.7/site-packages/airflow/example_dags/example_skip_dag.py took 0.098 seconds
[2022-07-06 18:46:53,429] {processor.py:153} INFO - Started process (PID=1311) to work on /home/airflow/.local/lib/python3.7/site-packages/airflow/example_dags/example_skip_dag.py
[2022-07-06 18:46:53,430] {processor.py:641} INFO - Processing file /home/airflow/.local/lib/python3.7/site-packages/airflow/example_dags/example_skip_dag.py for tasks to queue
[2022-07-06 18:46:53,432] {logging_mixin.py:115} INFO - [2022-07-06 18:46:53,432] {dagbag.py:507} INFO - Filling up the DagBag from /home/airflow/.local/lib/python3.7/site-packages/airflow/example_dags/example_skip_dag.py
[2022-07-06 18:46:53,439] {processor.py:651} INFO - DAG(s) dict_keys(['example_skip_dag']) retrieved from /home/airflow/.local/lib/python3.7/site-packages/airflow/example_dags/example_skip_dag.py
[2022-07-06 18:46:53,474] {logging_mixin.py:115} INFO - [2022-07-06 18:46:53,474] {dag.py:2371} INFO - Sync 1 DAGs
[2022-07-06 18:46:53,509] {logging_mixin.py:115} INFO - [2022-07-06 18:46:53,509] {dag.py:2919} INFO - Setting next_dagrun for example_skip_dag to 2022-07-05T18:46:53.508073+00:00, run_after=2022-07-06T18:46:53.508073+00:00
[2022-07-06 18:46:53,526] {processor.py:161} INFO - Processing /home/airflow/.local/lib/python3.7/site-packages/airflow/example_dags/example_skip_dag.py took 0.101 seconds
[2022-07-06 18:47:24,201] {processor.py:153} INFO - Started process (PID=1375) to work on /home/airflow/.local/lib/python3.7/site-packages/airflow/example_dags/example_skip_dag.py
[2022-07-06 18:47:24,203] {processor.py:641} INFO - Processing file /home/airflow/.local/lib/python3.7/site-packages/airflow/example_dags/example_skip_dag.py for tasks to queue
[2022-07-06 18:47:24,204] {logging_mixin.py:115} INFO - [2022-07-06 18:47:24,204] {dagbag.py:507} INFO - Filling up the DagBag from /home/airflow/.local/lib/python3.7/site-packages/airflow/example_dags/example_skip_dag.py
[2022-07-06 18:47:24,212] {processor.py:651} INFO - DAG(s) dict_keys(['example_skip_dag']) retrieved from /home/airflow/.local/lib/python3.7/site-packages/airflow/example_dags/example_skip_dag.py
[2022-07-06 18:47:24,247] {logging_mixin.py:115} INFO - [2022-07-06 18:47:24,247] {dag.py:2371} INFO - Sync 1 DAGs
[2022-07-06 18:47:24,275] {logging_mixin.py:115} INFO - [2022-07-06 18:47:24,275] {dag.py:2919} INFO - Setting next_dagrun for example_skip_dag to 2022-07-05T18:47:24.275277+00:00, run_after=2022-07-06T18:47:24.275277+00:00
[2022-07-06 18:47:24,293] {processor.py:161} INFO - Processing /home/airflow/.local/lib/python3.7/site-packages/airflow/example_dags/example_skip_dag.py took 0.096 seconds
[2022-07-06 18:47:55,140] {processor.py:153} INFO - Started process (PID=1428) to work on /home/airflow/.local/lib/python3.7/site-packages/airflow/example_dags/example_skip_dag.py
[2022-07-06 18:47:55,141] {processor.py:641} INFO - Processing file /home/airflow/.local/lib/python3.7/site-packages/airflow/example_dags/example_skip_dag.py for tasks to queue
[2022-07-06 18:47:55,142] {logging_mixin.py:115} INFO - [2022-07-06 18:47:55,142] {dagbag.py:507} INFO - Filling up the DagBag from /home/airflow/.local/lib/python3.7/site-packages/airflow/example_dags/example_skip_dag.py
[2022-07-06 18:47:55,149] {processor.py:651} INFO - DAG(s) dict_keys(['example_skip_dag']) retrieved from /home/airflow/.local/lib/python3.7/site-packages/airflow/example_dags/example_skip_dag.py
[2022-07-06 18:47:55,188] {logging_mixin.py:115} INFO - [2022-07-06 18:47:55,188] {dag.py:2371} INFO - Sync 1 DAGs
[2022-07-06 18:47:55,221] {logging_mixin.py:115} INFO - [2022-07-06 18:47:55,221] {dag.py:2919} INFO - Setting next_dagrun for example_skip_dag to 2022-07-05T18:47:55.221141+00:00, run_after=2022-07-06T18:47:55.221141+00:00
[2022-07-06 18:47:55,239] {processor.py:161} INFO - Processing /home/airflow/.local/lib/python3.7/site-packages/airflow/example_dags/example_skip_dag.py took 0.103 seconds
[2022-07-06 18:48:26,093] {processor.py:153} INFO - Started process (PID=1494) to work on /home/airflow/.local/lib/python3.7/site-packages/airflow/example_dags/example_skip_dag.py
[2022-07-06 18:48:26,094] {processor.py:641} INFO - Processing file /home/airflow/.local/lib/python3.7/site-packages/airflow/example_dags/example_skip_dag.py for tasks to queue
[2022-07-06 18:48:26,095] {logging_mixin.py:115} INFO - [2022-07-06 18:48:26,095] {dagbag.py:507} INFO - Filling up the DagBag from /home/airflow/.local/lib/python3.7/site-packages/airflow/example_dags/example_skip_dag.py
[2022-07-06 18:48:26,104] {processor.py:651} INFO - DAG(s) dict_keys(['example_skip_dag']) retrieved from /home/airflow/.local/lib/python3.7/site-packages/airflow/example_dags/example_skip_dag.py
[2022-07-06 18:48:26,143] {logging_mixin.py:115} INFO - [2022-07-06 18:48:26,143] {dag.py:2371} INFO - Sync 1 DAGs
[2022-07-06 18:48:26,174] {logging_mixin.py:115} INFO - [2022-07-06 18:48:26,173] {dag.py:2919} INFO - Setting next_dagrun for example_skip_dag to 2022-07-05T18:48:26.173592+00:00, run_after=2022-07-06T18:48:26.173592+00:00
[2022-07-06 18:48:26,190] {processor.py:161} INFO - Processing /home/airflow/.local/lib/python3.7/site-packages/airflow/example_dags/example_skip_dag.py took 0.101 seconds
[2022-07-06 18:48:56,759] {processor.py:153} INFO - Started process (PID=1558) to work on /home/airflow/.local/lib/python3.7/site-packages/airflow/example_dags/example_skip_dag.py
[2022-07-06 18:48:56,760] {processor.py:641} INFO - Processing file /home/airflow/.local/lib/python3.7/site-packages/airflow/example_dags/example_skip_dag.py for tasks to queue
[2022-07-06 18:48:56,761] {logging_mixin.py:115} INFO - [2022-07-06 18:48:56,761] {dagbag.py:507} INFO - Filling up the DagBag from /home/airflow/.local/lib/python3.7/site-packages/airflow/example_dags/example_skip_dag.py
[2022-07-06 18:48:56,768] {processor.py:651} INFO - DAG(s) dict_keys(['example_skip_dag']) retrieved from /home/airflow/.local/lib/python3.7/site-packages/airflow/example_dags/example_skip_dag.py
[2022-07-06 18:48:56,805] {logging_mixin.py:115} INFO - [2022-07-06 18:48:56,805] {dag.py:2371} INFO - Sync 1 DAGs
[2022-07-06 18:48:56,844] {logging_mixin.py:115} INFO - [2022-07-06 18:48:56,844] {dag.py:2919} INFO - Setting next_dagrun for example_skip_dag to 2022-07-05T18:48:56.843855+00:00, run_after=2022-07-06T18:48:56.843855+00:00
[2022-07-06 18:48:56,860] {processor.py:161} INFO - Processing /home/airflow/.local/lib/python3.7/site-packages/airflow/example_dags/example_skip_dag.py took 0.105 seconds
[2022-07-06 18:49:27,380] {processor.py:153} INFO - Started process (PID=1612) to work on /home/airflow/.local/lib/python3.7/site-packages/airflow/example_dags/example_skip_dag.py
[2022-07-06 18:49:27,381] {processor.py:641} INFO - Processing file /home/airflow/.local/lib/python3.7/site-packages/airflow/example_dags/example_skip_dag.py for tasks to queue
[2022-07-06 18:49:27,385] {logging_mixin.py:115} INFO - [2022-07-06 18:49:27,385] {dagbag.py:507} INFO - Filling up the DagBag from /home/airflow/.local/lib/python3.7/site-packages/airflow/example_dags/example_skip_dag.py
[2022-07-06 18:49:27,395] {processor.py:651} INFO - DAG(s) dict_keys(['example_skip_dag']) retrieved from /home/airflow/.local/lib/python3.7/site-packages/airflow/example_dags/example_skip_dag.py
[2022-07-06 18:49:27,434] {logging_mixin.py:115} INFO - [2022-07-06 18:49:27,434] {dag.py:2371} INFO - Sync 1 DAGs
[2022-07-06 18:49:27,472] {logging_mixin.py:115} INFO - [2022-07-06 18:49:27,472] {dag.py:2919} INFO - Setting next_dagrun for example_skip_dag to 2022-07-05T18:49:27.472188+00:00, run_after=2022-07-06T18:49:27.472188+00:00
[2022-07-06 18:49:27,487] {processor.py:161} INFO - Processing /home/airflow/.local/lib/python3.7/site-packages/airflow/example_dags/example_skip_dag.py took 0.116 seconds
[2022-07-06 18:49:57,998] {processor.py:153} INFO - Started process (PID=1678) to work on /home/airflow/.local/lib/python3.7/site-packages/airflow/example_dags/example_skip_dag.py
[2022-07-06 18:49:57,999] {processor.py:641} INFO - Processing file /home/airflow/.local/lib/python3.7/site-packages/airflow/example_dags/example_skip_dag.py for tasks to queue
[2022-07-06 18:49:58,000] {logging_mixin.py:115} INFO - [2022-07-06 18:49:58,000] {dagbag.py:507} INFO - Filling up the DagBag from /home/airflow/.local/lib/python3.7/site-packages/airflow/example_dags/example_skip_dag.py
[2022-07-06 18:49:58,008] {processor.py:651} INFO - DAG(s) dict_keys(['example_skip_dag']) retrieved from /home/airflow/.local/lib/python3.7/site-packages/airflow/example_dags/example_skip_dag.py
[2022-07-06 18:49:58,043] {logging_mixin.py:115} INFO - [2022-07-06 18:49:58,043] {dag.py:2371} INFO - Sync 1 DAGs
[2022-07-06 18:49:58,072] {logging_mixin.py:115} INFO - [2022-07-06 18:49:58,072] {dag.py:2919} INFO - Setting next_dagrun for example_skip_dag to 2022-07-05T18:49:58.072435+00:00, run_after=2022-07-06T18:49:58.072435+00:00
[2022-07-06 18:49:58,089] {processor.py:161} INFO - Processing /home/airflow/.local/lib/python3.7/site-packages/airflow/example_dags/example_skip_dag.py took 0.095 seconds
[2022-07-06 18:50:28,502] {processor.py:153} INFO - Started process (PID=1743) to work on /home/airflow/.local/lib/python3.7/site-packages/airflow/example_dags/example_skip_dag.py
[2022-07-06 18:50:28,503] {processor.py:641} INFO - Processing file /home/airflow/.local/lib/python3.7/site-packages/airflow/example_dags/example_skip_dag.py for tasks to queue
[2022-07-06 18:50:28,505] {logging_mixin.py:115} INFO - [2022-07-06 18:50:28,505] {dagbag.py:507} INFO - Filling up the DagBag from /home/airflow/.local/lib/python3.7/site-packages/airflow/example_dags/example_skip_dag.py
[2022-07-06 18:50:28,512] {processor.py:651} INFO - DAG(s) dict_keys(['example_skip_dag']) retrieved from /home/airflow/.local/lib/python3.7/site-packages/airflow/example_dags/example_skip_dag.py
[2022-07-06 18:50:28,548] {logging_mixin.py:115} INFO - [2022-07-06 18:50:28,548] {dag.py:2371} INFO - Sync 1 DAGs
[2022-07-06 18:50:28,589] {logging_mixin.py:115} INFO - [2022-07-06 18:50:28,588] {dag.py:2919} INFO - Setting next_dagrun for example_skip_dag to 2022-07-05T18:50:28.588555+00:00, run_after=2022-07-06T18:50:28.588555+00:00
[2022-07-06 18:50:28,604] {processor.py:161} INFO - Processing /home/airflow/.local/lib/python3.7/site-packages/airflow/example_dags/example_skip_dag.py took 0.106 seconds
[2022-07-06 18:50:58,921] {processor.py:153} INFO - Started process (PID=1798) to work on /home/airflow/.local/lib/python3.7/site-packages/airflow/example_dags/example_skip_dag.py
[2022-07-06 18:50:58,922] {processor.py:641} INFO - Processing file /home/airflow/.local/lib/python3.7/site-packages/airflow/example_dags/example_skip_dag.py for tasks to queue
[2022-07-06 18:50:58,923] {logging_mixin.py:115} INFO - [2022-07-06 18:50:58,923] {dagbag.py:507} INFO - Filling up the DagBag from /home/airflow/.local/lib/python3.7/site-packages/airflow/example_dags/example_skip_dag.py
[2022-07-06 18:50:58,931] {processor.py:651} INFO - DAG(s) dict_keys(['example_skip_dag']) retrieved from /home/airflow/.local/lib/python3.7/site-packages/airflow/example_dags/example_skip_dag.py
[2022-07-06 18:50:58,968] {logging_mixin.py:115} INFO - [2022-07-06 18:50:58,967] {dag.py:2371} INFO - Sync 1 DAGs
[2022-07-06 18:50:58,999] {logging_mixin.py:115} INFO - [2022-07-06 18:50:58,999] {dag.py:2919} INFO - Setting next_dagrun for example_skip_dag to 2022-07-05T18:50:58.998785+00:00, run_after=2022-07-06T18:50:58.998785+00:00
[2022-07-06 18:50:59,016] {processor.py:161} INFO - Processing /home/airflow/.local/lib/python3.7/site-packages/airflow/example_dags/example_skip_dag.py took 0.100 seconds
[2022-07-06 18:51:29,796] {processor.py:153} INFO - Started process (PID=1864) to work on /home/airflow/.local/lib/python3.7/site-packages/airflow/example_dags/example_skip_dag.py
[2022-07-06 18:51:29,797] {processor.py:641} INFO - Processing file /home/airflow/.local/lib/python3.7/site-packages/airflow/example_dags/example_skip_dag.py for tasks to queue
[2022-07-06 18:51:29,798] {logging_mixin.py:115} INFO - [2022-07-06 18:51:29,798] {dagbag.py:507} INFO - Filling up the DagBag from /home/airflow/.local/lib/python3.7/site-packages/airflow/example_dags/example_skip_dag.py
[2022-07-06 18:51:29,805] {processor.py:651} INFO - DAG(s) dict_keys(['example_skip_dag']) retrieved from /home/airflow/.local/lib/python3.7/site-packages/airflow/example_dags/example_skip_dag.py
[2022-07-06 18:51:29,839] {logging_mixin.py:115} INFO - [2022-07-06 18:51:29,839] {dag.py:2371} INFO - Sync 1 DAGs
[2022-07-06 18:51:29,867] {logging_mixin.py:115} INFO - [2022-07-06 18:51:29,867] {dag.py:2919} INFO - Setting next_dagrun for example_skip_dag to 2022-07-05T18:51:29.867048+00:00, run_after=2022-07-06T18:51:29.867048+00:00
[2022-07-06 18:51:29,883] {processor.py:161} INFO - Processing /home/airflow/.local/lib/python3.7/site-packages/airflow/example_dags/example_skip_dag.py took 0.091 seconds
[2022-07-06 18:52:00,916] {processor.py:153} INFO - Started process (PID=1926) to work on /home/airflow/.local/lib/python3.7/site-packages/airflow/example_dags/example_skip_dag.py
[2022-07-06 18:52:00,919] {processor.py:641} INFO - Processing file /home/airflow/.local/lib/python3.7/site-packages/airflow/example_dags/example_skip_dag.py for tasks to queue
[2022-07-06 18:52:00,922] {logging_mixin.py:115} INFO - [2022-07-06 18:52:00,922] {dagbag.py:507} INFO - Filling up the DagBag from /home/airflow/.local/lib/python3.7/site-packages/airflow/example_dags/example_skip_dag.py
[2022-07-06 18:52:00,933] {processor.py:651} INFO - DAG(s) dict_keys(['example_skip_dag']) retrieved from /home/airflow/.local/lib/python3.7/site-packages/airflow/example_dags/example_skip_dag.py
[2022-07-06 18:52:00,984] {logging_mixin.py:115} INFO - [2022-07-06 18:52:00,981] {dag.py:2371} INFO - Sync 1 DAGs
[2022-07-06 18:52:01,015] {logging_mixin.py:115} INFO - [2022-07-06 18:52:01,015] {dag.py:2919} INFO - Setting next_dagrun for example_skip_dag to 2022-07-05T18:52:01.015098+00:00, run_after=2022-07-06T18:52:01.015098+00:00
[2022-07-06 18:52:01,030] {processor.py:161} INFO - Processing /home/airflow/.local/lib/python3.7/site-packages/airflow/example_dags/example_skip_dag.py took 0.125 seconds
[2022-07-06 18:52:31,134] {processor.py:153} INFO - Started process (PID=1980) to work on /home/airflow/.local/lib/python3.7/site-packages/airflow/example_dags/example_skip_dag.py
[2022-07-06 18:52:31,136] {processor.py:641} INFO - Processing file /home/airflow/.local/lib/python3.7/site-packages/airflow/example_dags/example_skip_dag.py for tasks to queue
[2022-07-06 18:52:31,137] {logging_mixin.py:115} INFO - [2022-07-06 18:52:31,137] {dagbag.py:507} INFO - Filling up the DagBag from /home/airflow/.local/lib/python3.7/site-packages/airflow/example_dags/example_skip_dag.py
[2022-07-06 18:52:31,145] {processor.py:651} INFO - DAG(s) dict_keys(['example_skip_dag']) retrieved from /home/airflow/.local/lib/python3.7/site-packages/airflow/example_dags/example_skip_dag.py
[2022-07-06 18:52:31,182] {logging_mixin.py:115} INFO - [2022-07-06 18:52:31,182] {dag.py:2371} INFO - Sync 1 DAGs
[2022-07-06 18:52:31,211] {logging_mixin.py:115} INFO - [2022-07-06 18:52:31,211] {dag.py:2919} INFO - Setting next_dagrun for example_skip_dag to 2022-07-05T18:52:31.211067+00:00, run_after=2022-07-06T18:52:31.211067+00:00
[2022-07-06 18:52:31,228] {processor.py:161} INFO - Processing /home/airflow/.local/lib/python3.7/site-packages/airflow/example_dags/example_skip_dag.py took 0.100 seconds
[2022-07-06 18:53:01,328] {processor.py:153} INFO - Started process (PID=2044) to work on /home/airflow/.local/lib/python3.7/site-packages/airflow/example_dags/example_skip_dag.py
[2022-07-06 18:53:01,329] {processor.py:641} INFO - Processing file /home/airflow/.local/lib/python3.7/site-packages/airflow/example_dags/example_skip_dag.py for tasks to queue
[2022-07-06 18:53:01,330] {logging_mixin.py:115} INFO - [2022-07-06 18:53:01,330] {dagbag.py:507} INFO - Filling up the DagBag from /home/airflow/.local/lib/python3.7/site-packages/airflow/example_dags/example_skip_dag.py
[2022-07-06 18:53:01,342] {processor.py:651} INFO - DAG(s) dict_keys(['example_skip_dag']) retrieved from /home/airflow/.local/lib/python3.7/site-packages/airflow/example_dags/example_skip_dag.py
[2022-07-06 18:53:01,391] {logging_mixin.py:115} INFO - [2022-07-06 18:53:01,391] {dag.py:2371} INFO - Sync 1 DAGs
[2022-07-06 18:53:01,421] {logging_mixin.py:115} INFO - [2022-07-06 18:53:01,421] {dag.py:2919} INFO - Setting next_dagrun for example_skip_dag to 2022-07-05T18:53:01.420982+00:00, run_after=2022-07-06T18:53:01.420982+00:00
[2022-07-06 18:53:01,440] {processor.py:161} INFO - Processing /home/airflow/.local/lib/python3.7/site-packages/airflow/example_dags/example_skip_dag.py took 0.118 seconds
[2022-07-06 18:53:31,475] {processor.py:153} INFO - Started process (PID=2097) to work on /home/airflow/.local/lib/python3.7/site-packages/airflow/example_dags/example_skip_dag.py
[2022-07-06 18:53:31,476] {processor.py:641} INFO - Processing file /home/airflow/.local/lib/python3.7/site-packages/airflow/example_dags/example_skip_dag.py for tasks to queue
[2022-07-06 18:53:31,478] {logging_mixin.py:115} INFO - [2022-07-06 18:53:31,478] {dagbag.py:507} INFO - Filling up the DagBag from /home/airflow/.local/lib/python3.7/site-packages/airflow/example_dags/example_skip_dag.py
[2022-07-06 18:53:31,486] {processor.py:651} INFO - DAG(s) dict_keys(['example_skip_dag']) retrieved from /home/airflow/.local/lib/python3.7/site-packages/airflow/example_dags/example_skip_dag.py
[2022-07-06 18:53:31,526] {logging_mixin.py:115} INFO - [2022-07-06 18:53:31,525] {dag.py:2371} INFO - Sync 1 DAGs
[2022-07-06 18:53:31,555] {logging_mixin.py:115} INFO - [2022-07-06 18:53:31,554] {dag.py:2919} INFO - Setting next_dagrun for example_skip_dag to 2022-07-05T18:53:31.554655+00:00, run_after=2022-07-06T18:53:31.554655+00:00
[2022-07-06 18:53:31,573] {processor.py:161} INFO - Processing /home/airflow/.local/lib/python3.7/site-packages/airflow/example_dags/example_skip_dag.py took 0.103 seconds
[2022-07-06 18:54:02,328] {processor.py:153} INFO - Started process (PID=2161) to work on /home/airflow/.local/lib/python3.7/site-packages/airflow/example_dags/example_skip_dag.py
[2022-07-06 18:54:02,331] {processor.py:641} INFO - Processing file /home/airflow/.local/lib/python3.7/site-packages/airflow/example_dags/example_skip_dag.py for tasks to queue
[2022-07-06 18:54:02,334] {logging_mixin.py:115} INFO - [2022-07-06 18:54:02,334] {dagbag.py:507} INFO - Filling up the DagBag from /home/airflow/.local/lib/python3.7/site-packages/airflow/example_dags/example_skip_dag.py
[2022-07-06 18:54:02,348] {processor.py:651} INFO - DAG(s) dict_keys(['example_skip_dag']) retrieved from /home/airflow/.local/lib/python3.7/site-packages/airflow/example_dags/example_skip_dag.py
[2022-07-06 18:54:02,507] {logging_mixin.py:115} INFO - [2022-07-06 18:54:02,506] {dag.py:2371} INFO - Sync 1 DAGs
[2022-07-06 18:54:02,626] {logging_mixin.py:115} INFO - [2022-07-06 18:54:02,626] {dag.py:2919} INFO - Setting next_dagrun for example_skip_dag to 2022-07-05T18:54:02.625736+00:00, run_after=2022-07-06T18:54:02.625736+00:00
[2022-07-06 18:54:02,664] {processor.py:161} INFO - Processing /home/airflow/.local/lib/python3.7/site-packages/airflow/example_dags/example_skip_dag.py took 0.343 seconds
[2022-07-06 18:54:33,061] {processor.py:153} INFO - Started process (PID=2214) to work on /home/airflow/.local/lib/python3.7/site-packages/airflow/example_dags/example_skip_dag.py
[2022-07-06 18:54:33,063] {processor.py:641} INFO - Processing file /home/airflow/.local/lib/python3.7/site-packages/airflow/example_dags/example_skip_dag.py for tasks to queue
[2022-07-06 18:54:33,064] {logging_mixin.py:115} INFO - [2022-07-06 18:54:33,064] {dagbag.py:507} INFO - Filling up the DagBag from /home/airflow/.local/lib/python3.7/site-packages/airflow/example_dags/example_skip_dag.py
[2022-07-06 18:54:33,074] {processor.py:651} INFO - DAG(s) dict_keys(['example_skip_dag']) retrieved from /home/airflow/.local/lib/python3.7/site-packages/airflow/example_dags/example_skip_dag.py
[2022-07-06 18:54:33,119] {logging_mixin.py:115} INFO - [2022-07-06 18:54:33,119] {dag.py:2371} INFO - Sync 1 DAGs
[2022-07-06 18:54:33,156] {logging_mixin.py:115} INFO - [2022-07-06 18:54:33,156] {dag.py:2919} INFO - Setting next_dagrun for example_skip_dag to 2022-07-05T18:54:33.156251+00:00, run_after=2022-07-06T18:54:33.156251+00:00
[2022-07-06 18:54:33,178] {processor.py:161} INFO - Processing /home/airflow/.local/lib/python3.7/site-packages/airflow/example_dags/example_skip_dag.py took 0.122 seconds
[2022-07-06 18:55:03,430] {processor.py:153} INFO - Started process (PID=2269) to work on /home/airflow/.local/lib/python3.7/site-packages/airflow/example_dags/example_skip_dag.py
[2022-07-06 18:55:03,432] {processor.py:641} INFO - Processing file /home/airflow/.local/lib/python3.7/site-packages/airflow/example_dags/example_skip_dag.py for tasks to queue
[2022-07-06 18:55:03,434] {logging_mixin.py:115} INFO - [2022-07-06 18:55:03,434] {dagbag.py:507} INFO - Filling up the DagBag from /home/airflow/.local/lib/python3.7/site-packages/airflow/example_dags/example_skip_dag.py
[2022-07-06 18:55:03,447] {processor.py:651} INFO - DAG(s) dict_keys(['example_skip_dag']) retrieved from /home/airflow/.local/lib/python3.7/site-packages/airflow/example_dags/example_skip_dag.py
[2022-07-06 18:55:03,502] {logging_mixin.py:115} INFO - [2022-07-06 18:55:03,502] {dag.py:2371} INFO - Sync 1 DAGs
[2022-07-06 18:55:03,548] {logging_mixin.py:115} INFO - [2022-07-06 18:55:03,548] {dag.py:2919} INFO - Setting next_dagrun for example_skip_dag to 2022-07-05T18:55:03.548105+00:00, run_after=2022-07-06T18:55:03.548105+00:00
[2022-07-06 18:55:03,584] {processor.py:161} INFO - Processing /home/airflow/.local/lib/python3.7/site-packages/airflow/example_dags/example_skip_dag.py took 0.160 seconds
[2022-07-06 18:55:34,445] {processor.py:153} INFO - Started process (PID=2333) to work on /home/airflow/.local/lib/python3.7/site-packages/airflow/example_dags/example_skip_dag.py
[2022-07-06 18:55:34,447] {processor.py:641} INFO - Processing file /home/airflow/.local/lib/python3.7/site-packages/airflow/example_dags/example_skip_dag.py for tasks to queue
[2022-07-06 18:55:34,449] {logging_mixin.py:115} INFO - [2022-07-06 18:55:34,448] {dagbag.py:507} INFO - Filling up the DagBag from /home/airflow/.local/lib/python3.7/site-packages/airflow/example_dags/example_skip_dag.py
[2022-07-06 18:55:34,456] {processor.py:651} INFO - DAG(s) dict_keys(['example_skip_dag']) retrieved from /home/airflow/.local/lib/python3.7/site-packages/airflow/example_dags/example_skip_dag.py
[2022-07-06 18:55:34,493] {logging_mixin.py:115} INFO - [2022-07-06 18:55:34,493] {dag.py:2371} INFO - Sync 1 DAGs
[2022-07-06 18:55:34,523] {logging_mixin.py:115} INFO - [2022-07-06 18:55:34,523] {dag.py:2919} INFO - Setting next_dagrun for example_skip_dag to 2022-07-05T18:55:34.523438+00:00, run_after=2022-07-06T18:55:34.523438+00:00
[2022-07-06 18:55:34,539] {processor.py:161} INFO - Processing /home/airflow/.local/lib/python3.7/site-packages/airflow/example_dags/example_skip_dag.py took 0.099 seconds
[2022-07-06 18:56:04,668] {processor.py:153} INFO - Started process (PID=2391) to work on /home/airflow/.local/lib/python3.7/site-packages/airflow/example_dags/example_skip_dag.py
[2022-07-06 18:56:04,671] {processor.py:641} INFO - Processing file /home/airflow/.local/lib/python3.7/site-packages/airflow/example_dags/example_skip_dag.py for tasks to queue
[2022-07-06 18:56:04,674] {logging_mixin.py:115} INFO - [2022-07-06 18:56:04,674] {dagbag.py:507} INFO - Filling up the DagBag from /home/airflow/.local/lib/python3.7/site-packages/airflow/example_dags/example_skip_dag.py
[2022-07-06 18:56:04,684] {processor.py:651} INFO - DAG(s) dict_keys(['example_skip_dag']) retrieved from /home/airflow/.local/lib/python3.7/site-packages/airflow/example_dags/example_skip_dag.py
[2022-07-06 18:56:04,731] {logging_mixin.py:115} INFO - [2022-07-06 18:56:04,731] {dag.py:2371} INFO - Sync 1 DAGs
[2022-07-06 18:56:04,778] {logging_mixin.py:115} INFO - [2022-07-06 18:56:04,778] {dag.py:2919} INFO - Setting next_dagrun for example_skip_dag to 2022-07-05T18:56:04.777410+00:00, run_after=2022-07-06T18:56:04.777410+00:00
[2022-07-06 18:56:04,799] {processor.py:161} INFO - Processing /home/airflow/.local/lib/python3.7/site-packages/airflow/example_dags/example_skip_dag.py took 0.137 seconds
[2022-07-06 18:56:35,174] {processor.py:153} INFO - Started process (PID=2458) to work on /home/airflow/.local/lib/python3.7/site-packages/airflow/example_dags/example_skip_dag.py
[2022-07-06 18:56:35,183] {processor.py:641} INFO - Processing file /home/airflow/.local/lib/python3.7/site-packages/airflow/example_dags/example_skip_dag.py for tasks to queue
[2022-07-06 18:56:35,185] {logging_mixin.py:115} INFO - [2022-07-06 18:56:35,185] {dagbag.py:507} INFO - Filling up the DagBag from /home/airflow/.local/lib/python3.7/site-packages/airflow/example_dags/example_skip_dag.py
[2022-07-06 18:56:35,201] {processor.py:651} INFO - DAG(s) dict_keys(['example_skip_dag']) retrieved from /home/airflow/.local/lib/python3.7/site-packages/airflow/example_dags/example_skip_dag.py
[2022-07-06 18:56:35,264] {logging_mixin.py:115} INFO - [2022-07-06 18:56:35,264] {dag.py:2371} INFO - Sync 1 DAGs
[2022-07-06 18:56:35,320] {logging_mixin.py:115} INFO - [2022-07-06 18:56:35,320] {dag.py:2919} INFO - Setting next_dagrun for example_skip_dag to 2022-07-05T18:56:35.319834+00:00, run_after=2022-07-06T18:56:35.319834+00:00
[2022-07-06 18:56:35,355] {processor.py:161} INFO - Processing /home/airflow/.local/lib/python3.7/site-packages/airflow/example_dags/example_skip_dag.py took 0.188 seconds
[2022-07-06 18:57:06,146] {processor.py:153} INFO - Started process (PID=2509) to work on /home/airflow/.local/lib/python3.7/site-packages/airflow/example_dags/example_skip_dag.py
[2022-07-06 18:57:06,149] {processor.py:641} INFO - Processing file /home/airflow/.local/lib/python3.7/site-packages/airflow/example_dags/example_skip_dag.py for tasks to queue
[2022-07-06 18:57:06,150] {logging_mixin.py:115} INFO - [2022-07-06 18:57:06,150] {dagbag.py:507} INFO - Filling up the DagBag from /home/airflow/.local/lib/python3.7/site-packages/airflow/example_dags/example_skip_dag.py
[2022-07-06 18:57:06,163] {processor.py:651} INFO - DAG(s) dict_keys(['example_skip_dag']) retrieved from /home/airflow/.local/lib/python3.7/site-packages/airflow/example_dags/example_skip_dag.py
[2022-07-06 18:57:06,223] {logging_mixin.py:115} INFO - [2022-07-06 18:57:06,223] {dag.py:2371} INFO - Sync 1 DAGs
[2022-07-06 18:57:06,291] {logging_mixin.py:115} INFO - [2022-07-06 18:57:06,291] {dag.py:2919} INFO - Setting next_dagrun for example_skip_dag to 2022-07-05T18:57:06.290913+00:00, run_after=2022-07-06T18:57:06.290913+00:00
[2022-07-06 18:57:06,322] {processor.py:161} INFO - Processing /home/airflow/.local/lib/python3.7/site-packages/airflow/example_dags/example_skip_dag.py took 0.182 seconds
[2022-07-06 18:57:37,121] {processor.py:153} INFO - Started process (PID=2564) to work on /home/airflow/.local/lib/python3.7/site-packages/airflow/example_dags/example_skip_dag.py
[2022-07-06 18:57:37,122] {processor.py:641} INFO - Processing file /home/airflow/.local/lib/python3.7/site-packages/airflow/example_dags/example_skip_dag.py for tasks to queue
[2022-07-06 18:57:37,123] {logging_mixin.py:115} INFO - [2022-07-06 18:57:37,123] {dagbag.py:507} INFO - Filling up the DagBag from /home/airflow/.local/lib/python3.7/site-packages/airflow/example_dags/example_skip_dag.py
[2022-07-06 18:57:37,131] {processor.py:651} INFO - DAG(s) dict_keys(['example_skip_dag']) retrieved from /home/airflow/.local/lib/python3.7/site-packages/airflow/example_dags/example_skip_dag.py
[2022-07-06 18:57:37,168] {logging_mixin.py:115} INFO - [2022-07-06 18:57:37,168] {dag.py:2371} INFO - Sync 1 DAGs
[2022-07-06 18:57:37,198] {logging_mixin.py:115} INFO - [2022-07-06 18:57:37,198] {dag.py:2919} INFO - Setting next_dagrun for example_skip_dag to 2022-07-05T18:57:37.198568+00:00, run_after=2022-07-06T18:57:37.198568+00:00
[2022-07-06 18:57:37,214] {processor.py:161} INFO - Processing /home/airflow/.local/lib/python3.7/site-packages/airflow/example_dags/example_skip_dag.py took 0.098 seconds
[2022-07-06 18:58:07,604] {processor.py:153} INFO - Started process (PID=2618) to work on /home/airflow/.local/lib/python3.7/site-packages/airflow/example_dags/example_skip_dag.py
[2022-07-06 18:58:07,608] {processor.py:641} INFO - Processing file /home/airflow/.local/lib/python3.7/site-packages/airflow/example_dags/example_skip_dag.py for tasks to queue
[2022-07-06 18:58:07,610] {logging_mixin.py:115} INFO - [2022-07-06 18:58:07,609] {dagbag.py:507} INFO - Filling up the DagBag from /home/airflow/.local/lib/python3.7/site-packages/airflow/example_dags/example_skip_dag.py
[2022-07-06 18:58:07,621] {processor.py:651} INFO - DAG(s) dict_keys(['example_skip_dag']) retrieved from /home/airflow/.local/lib/python3.7/site-packages/airflow/example_dags/example_skip_dag.py
[2022-07-06 18:58:07,674] {logging_mixin.py:115} INFO - [2022-07-06 18:58:07,674] {dag.py:2371} INFO - Sync 1 DAGs
[2022-07-06 18:58:07,717] {logging_mixin.py:115} INFO - [2022-07-06 18:58:07,716] {dag.py:2919} INFO - Setting next_dagrun for example_skip_dag to 2022-07-05T18:58:07.716574+00:00, run_after=2022-07-06T18:58:07.716574+00:00
[2022-07-06 18:58:07,747] {processor.py:161} INFO - Processing /home/airflow/.local/lib/python3.7/site-packages/airflow/example_dags/example_skip_dag.py took 0.147 seconds
[2022-07-06 18:58:37,993] {processor.py:153} INFO - Started process (PID=2682) to work on /home/airflow/.local/lib/python3.7/site-packages/airflow/example_dags/example_skip_dag.py
[2022-07-06 18:58:37,994] {processor.py:641} INFO - Processing file /home/airflow/.local/lib/python3.7/site-packages/airflow/example_dags/example_skip_dag.py for tasks to queue
[2022-07-06 18:58:37,996] {logging_mixin.py:115} INFO - [2022-07-06 18:58:37,996] {dagbag.py:507} INFO - Filling up the DagBag from /home/airflow/.local/lib/python3.7/site-packages/airflow/example_dags/example_skip_dag.py
[2022-07-06 18:58:38,006] {processor.py:651} INFO - DAG(s) dict_keys(['example_skip_dag']) retrieved from /home/airflow/.local/lib/python3.7/site-packages/airflow/example_dags/example_skip_dag.py
[2022-07-06 18:58:38,050] {logging_mixin.py:115} INFO - [2022-07-06 18:58:38,050] {dag.py:2371} INFO - Sync 1 DAGs
[2022-07-06 18:58:38,089] {logging_mixin.py:115} INFO - [2022-07-06 18:58:38,089] {dag.py:2919} INFO - Setting next_dagrun for example_skip_dag to 2022-07-05T18:58:38.089175+00:00, run_after=2022-07-06T18:58:38.089175+00:00
[2022-07-06 18:58:38,112] {processor.py:161} INFO - Processing /home/airflow/.local/lib/python3.7/site-packages/airflow/example_dags/example_skip_dag.py took 0.124 seconds
[2022-07-06 18:59:08,429] {processor.py:153} INFO - Started process (PID=2746) to work on /home/airflow/.local/lib/python3.7/site-packages/airflow/example_dags/example_skip_dag.py
[2022-07-06 18:59:08,437] {processor.py:641} INFO - Processing file /home/airflow/.local/lib/python3.7/site-packages/airflow/example_dags/example_skip_dag.py for tasks to queue
[2022-07-06 18:59:08,439] {logging_mixin.py:115} INFO - [2022-07-06 18:59:08,439] {dagbag.py:507} INFO - Filling up the DagBag from /home/airflow/.local/lib/python3.7/site-packages/airflow/example_dags/example_skip_dag.py
[2022-07-06 18:59:08,450] {processor.py:651} INFO - DAG(s) dict_keys(['example_skip_dag']) retrieved from /home/airflow/.local/lib/python3.7/site-packages/airflow/example_dags/example_skip_dag.py
[2022-07-06 18:59:08,489] {logging_mixin.py:115} INFO - [2022-07-06 18:59:08,488] {dag.py:2371} INFO - Sync 1 DAGs
[2022-07-06 18:59:08,518] {logging_mixin.py:115} INFO - [2022-07-06 18:59:08,518] {dag.py:2919} INFO - Setting next_dagrun for example_skip_dag to 2022-07-05T18:59:08.518044+00:00, run_after=2022-07-06T18:59:08.518044+00:00
[2022-07-06 18:59:08,535] {processor.py:161} INFO - Processing /home/airflow/.local/lib/python3.7/site-packages/airflow/example_dags/example_skip_dag.py took 0.111 seconds
[2022-07-06 18:59:39,376] {processor.py:153} INFO - Started process (PID=2799) to work on /home/airflow/.local/lib/python3.7/site-packages/airflow/example_dags/example_skip_dag.py
[2022-07-06 18:59:39,378] {processor.py:641} INFO - Processing file /home/airflow/.local/lib/python3.7/site-packages/airflow/example_dags/example_skip_dag.py for tasks to queue
[2022-07-06 18:59:39,380] {logging_mixin.py:115} INFO - [2022-07-06 18:59:39,380] {dagbag.py:507} INFO - Filling up the DagBag from /home/airflow/.local/lib/python3.7/site-packages/airflow/example_dags/example_skip_dag.py
[2022-07-06 18:59:39,392] {processor.py:651} INFO - DAG(s) dict_keys(['example_skip_dag']) retrieved from /home/airflow/.local/lib/python3.7/site-packages/airflow/example_dags/example_skip_dag.py
[2022-07-06 18:59:39,447] {logging_mixin.py:115} INFO - [2022-07-06 18:59:39,446] {dag.py:2371} INFO - Sync 1 DAGs
[2022-07-06 18:59:39,487] {logging_mixin.py:115} INFO - [2022-07-06 18:59:39,487] {dag.py:2919} INFO - Setting next_dagrun for example_skip_dag to 2022-07-05T18:59:39.487330+00:00, run_after=2022-07-06T18:59:39.487330+00:00
[2022-07-06 18:59:39,513] {processor.py:161} INFO - Processing /home/airflow/.local/lib/python3.7/site-packages/airflow/example_dags/example_skip_dag.py took 0.142 seconds
[2022-07-06 19:00:09,908] {processor.py:153} INFO - Started process (PID=2866) to work on /home/airflow/.local/lib/python3.7/site-packages/airflow/example_dags/example_skip_dag.py
[2022-07-06 19:00:09,909] {processor.py:641} INFO - Processing file /home/airflow/.local/lib/python3.7/site-packages/airflow/example_dags/example_skip_dag.py for tasks to queue
[2022-07-06 19:00:09,912] {logging_mixin.py:115} INFO - [2022-07-06 19:00:09,912] {dagbag.py:507} INFO - Filling up the DagBag from /home/airflow/.local/lib/python3.7/site-packages/airflow/example_dags/example_skip_dag.py
[2022-07-06 19:00:09,920] {processor.py:651} INFO - DAG(s) dict_keys(['example_skip_dag']) retrieved from /home/airflow/.local/lib/python3.7/site-packages/airflow/example_dags/example_skip_dag.py
[2022-07-06 19:00:09,977] {logging_mixin.py:115} INFO - [2022-07-06 19:00:09,977] {dag.py:2371} INFO - Sync 1 DAGs
[2022-07-06 19:00:10,016] {logging_mixin.py:115} INFO - [2022-07-06 19:00:10,015] {dag.py:2919} INFO - Setting next_dagrun for example_skip_dag to 2022-07-05T19:00:10.015415+00:00, run_after=2022-07-06T19:00:10.015415+00:00
[2022-07-06 19:00:10,037] {processor.py:161} INFO - Processing /home/airflow/.local/lib/python3.7/site-packages/airflow/example_dags/example_skip_dag.py took 0.135 seconds
[2022-07-06 19:00:40,849] {processor.py:153} INFO - Started process (PID=2919) to work on /home/airflow/.local/lib/python3.7/site-packages/airflow/example_dags/example_skip_dag.py
[2022-07-06 19:00:40,851] {processor.py:641} INFO - Processing file /home/airflow/.local/lib/python3.7/site-packages/airflow/example_dags/example_skip_dag.py for tasks to queue
[2022-07-06 19:00:40,852] {logging_mixin.py:115} INFO - [2022-07-06 19:00:40,852] {dagbag.py:507} INFO - Filling up the DagBag from /home/airflow/.local/lib/python3.7/site-packages/airflow/example_dags/example_skip_dag.py
[2022-07-06 19:00:40,860] {processor.py:651} INFO - DAG(s) dict_keys(['example_skip_dag']) retrieved from /home/airflow/.local/lib/python3.7/site-packages/airflow/example_dags/example_skip_dag.py
[2022-07-06 19:00:40,901] {logging_mixin.py:115} INFO - [2022-07-06 19:00:40,901] {dag.py:2371} INFO - Sync 1 DAGs
[2022-07-06 19:00:40,946] {logging_mixin.py:115} INFO - [2022-07-06 19:00:40,946] {dag.py:2919} INFO - Setting next_dagrun for example_skip_dag to 2022-07-05T19:00:40.945719+00:00, run_after=2022-07-06T19:00:40.945719+00:00
[2022-07-06 19:00:40,965] {processor.py:161} INFO - Processing /home/airflow/.local/lib/python3.7/site-packages/airflow/example_dags/example_skip_dag.py took 0.121 seconds
[2022-07-06 19:01:11,316] {processor.py:153} INFO - Started process (PID=2983) to work on /home/airflow/.local/lib/python3.7/site-packages/airflow/example_dags/example_skip_dag.py
[2022-07-06 19:01:11,321] {processor.py:641} INFO - Processing file /home/airflow/.local/lib/python3.7/site-packages/airflow/example_dags/example_skip_dag.py for tasks to queue
[2022-07-06 19:01:11,324] {logging_mixin.py:115} INFO - [2022-07-06 19:01:11,324] {dagbag.py:507} INFO - Filling up the DagBag from /home/airflow/.local/lib/python3.7/site-packages/airflow/example_dags/example_skip_dag.py
[2022-07-06 19:01:11,340] {processor.py:651} INFO - DAG(s) dict_keys(['example_skip_dag']) retrieved from /home/airflow/.local/lib/python3.7/site-packages/airflow/example_dags/example_skip_dag.py
[2022-07-06 19:01:11,391] {logging_mixin.py:115} INFO - [2022-07-06 19:01:11,391] {dag.py:2371} INFO - Sync 1 DAGs
[2022-07-06 19:01:11,433] {logging_mixin.py:115} INFO - [2022-07-06 19:01:11,433] {dag.py:2919} INFO - Setting next_dagrun for example_skip_dag to 2022-07-05T19:01:11.433273+00:00, run_after=2022-07-06T19:01:11.433273+00:00
[2022-07-06 19:01:11,455] {processor.py:161} INFO - Processing /home/airflow/.local/lib/python3.7/site-packages/airflow/example_dags/example_skip_dag.py took 0.154 seconds
