[2022-07-06 18:36:13,556] {processor.py:153} INFO - Started process (PID=66) to work on /home/airflow/.local/lib/python3.7/site-packages/airflow/example_dags/example_latest_only.py
[2022-07-06 18:36:13,559] {processor.py:641} INFO - Processing file /home/airflow/.local/lib/python3.7/site-packages/airflow/example_dags/example_latest_only.py for tasks to queue
[2022-07-06 18:36:13,561] {logging_mixin.py:115} INFO - [2022-07-06 18:36:13,561] {dagbag.py:507} INFO - Filling up the DagBag from /home/airflow/.local/lib/python3.7/site-packages/airflow/example_dags/example_latest_only.py
[2022-07-06 18:36:13,580] {processor.py:651} INFO - DAG(s) dict_keys(['latest_only']) retrieved from /home/airflow/.local/lib/python3.7/site-packages/airflow/example_dags/example_latest_only.py
[2022-07-06 18:36:13,638] {logging_mixin.py:115} INFO - [2022-07-06 18:36:13,638] {dag.py:2371} INFO - Sync 1 DAGs
[2022-07-06 18:36:13,682] {logging_mixin.py:115} INFO - [2022-07-06 18:36:13,682] {dag.py:2919} INFO - Setting next_dagrun for latest_only to 2022-07-06T14:36:13.681931+00:00, run_after=2022-07-06T18:36:13.681931+00:00
[2022-07-06 18:36:13,704] {processor.py:161} INFO - Processing /home/airflow/.local/lib/python3.7/site-packages/airflow/example_dags/example_latest_only.py took 0.153 seconds
[2022-07-06 18:36:44,161] {processor.py:153} INFO - Started process (PID=129) to work on /home/airflow/.local/lib/python3.7/site-packages/airflow/example_dags/example_latest_only.py
[2022-07-06 18:36:44,163] {processor.py:641} INFO - Processing file /home/airflow/.local/lib/python3.7/site-packages/airflow/example_dags/example_latest_only.py for tasks to queue
[2022-07-06 18:36:44,164] {logging_mixin.py:115} INFO - [2022-07-06 18:36:44,164] {dagbag.py:507} INFO - Filling up the DagBag from /home/airflow/.local/lib/python3.7/site-packages/airflow/example_dags/example_latest_only.py
[2022-07-06 18:36:44,175] {processor.py:651} INFO - DAG(s) dict_keys(['latest_only']) retrieved from /home/airflow/.local/lib/python3.7/site-packages/airflow/example_dags/example_latest_only.py
[2022-07-06 18:36:44,221] {logging_mixin.py:115} INFO - [2022-07-06 18:36:44,221] {dag.py:2371} INFO - Sync 1 DAGs
[2022-07-06 18:36:44,256] {logging_mixin.py:115} INFO - [2022-07-06 18:36:44,256] {dag.py:2919} INFO - Setting next_dagrun for latest_only to 2022-07-06T14:36:44.255781+00:00, run_after=2022-07-06T18:36:44.255781+00:00
[2022-07-06 18:36:44,274] {processor.py:161} INFO - Processing /home/airflow/.local/lib/python3.7/site-packages/airflow/example_dags/example_latest_only.py took 0.119 seconds
[2022-07-06 18:37:14,729] {processor.py:153} INFO - Started process (PID=183) to work on /home/airflow/.local/lib/python3.7/site-packages/airflow/example_dags/example_latest_only.py
[2022-07-06 18:37:14,730] {processor.py:641} INFO - Processing file /home/airflow/.local/lib/python3.7/site-packages/airflow/example_dags/example_latest_only.py for tasks to queue
[2022-07-06 18:37:14,732] {logging_mixin.py:115} INFO - [2022-07-06 18:37:14,731] {dagbag.py:507} INFO - Filling up the DagBag from /home/airflow/.local/lib/python3.7/site-packages/airflow/example_dags/example_latest_only.py
[2022-07-06 18:37:14,739] {processor.py:651} INFO - DAG(s) dict_keys(['latest_only']) retrieved from /home/airflow/.local/lib/python3.7/site-packages/airflow/example_dags/example_latest_only.py
[2022-07-06 18:37:14,771] {logging_mixin.py:115} INFO - [2022-07-06 18:37:14,771] {dag.py:2371} INFO - Sync 1 DAGs
[2022-07-06 18:37:14,800] {logging_mixin.py:115} INFO - [2022-07-06 18:37:14,800] {dag.py:2919} INFO - Setting next_dagrun for latest_only to 2022-07-06T14:37:14.800251+00:00, run_after=2022-07-06T18:37:14.800251+00:00
[2022-07-06 18:37:14,815] {processor.py:161} INFO - Processing /home/airflow/.local/lib/python3.7/site-packages/airflow/example_dags/example_latest_only.py took 0.091 seconds
[2022-07-06 18:37:45,015] {processor.py:153} INFO - Started process (PID=246) to work on /home/airflow/.local/lib/python3.7/site-packages/airflow/example_dags/example_latest_only.py
[2022-07-06 18:37:45,016] {processor.py:641} INFO - Processing file /home/airflow/.local/lib/python3.7/site-packages/airflow/example_dags/example_latest_only.py for tasks to queue
[2022-07-06 18:37:45,018] {logging_mixin.py:115} INFO - [2022-07-06 18:37:45,018] {dagbag.py:507} INFO - Filling up the DagBag from /home/airflow/.local/lib/python3.7/site-packages/airflow/example_dags/example_latest_only.py
[2022-07-06 18:37:45,025] {processor.py:651} INFO - DAG(s) dict_keys(['latest_only']) retrieved from /home/airflow/.local/lib/python3.7/site-packages/airflow/example_dags/example_latest_only.py
[2022-07-06 18:37:45,058] {logging_mixin.py:115} INFO - [2022-07-06 18:37:45,058] {dag.py:2371} INFO - Sync 1 DAGs
[2022-07-06 18:37:45,089] {logging_mixin.py:115} INFO - [2022-07-06 18:37:45,089] {dag.py:2919} INFO - Setting next_dagrun for latest_only to 2022-07-06T14:37:45.088775+00:00, run_after=2022-07-06T18:37:45.088775+00:00
[2022-07-06 18:37:45,106] {processor.py:161} INFO - Processing /home/airflow/.local/lib/python3.7/site-packages/airflow/example_dags/example_latest_only.py took 0.094 seconds
[2022-07-06 18:38:15,766] {processor.py:153} INFO - Started process (PID=310) to work on /home/airflow/.local/lib/python3.7/site-packages/airflow/example_dags/example_latest_only.py
[2022-07-06 18:38:15,768] {processor.py:641} INFO - Processing file /home/airflow/.local/lib/python3.7/site-packages/airflow/example_dags/example_latest_only.py for tasks to queue
[2022-07-06 18:38:15,769] {logging_mixin.py:115} INFO - [2022-07-06 18:38:15,769] {dagbag.py:507} INFO - Filling up the DagBag from /home/airflow/.local/lib/python3.7/site-packages/airflow/example_dags/example_latest_only.py
[2022-07-06 18:38:15,776] {processor.py:651} INFO - DAG(s) dict_keys(['latest_only']) retrieved from /home/airflow/.local/lib/python3.7/site-packages/airflow/example_dags/example_latest_only.py
[2022-07-06 18:38:15,811] {logging_mixin.py:115} INFO - [2022-07-06 18:38:15,811] {dag.py:2371} INFO - Sync 1 DAGs
[2022-07-06 18:38:15,839] {logging_mixin.py:115} INFO - [2022-07-06 18:38:15,839] {dag.py:2919} INFO - Setting next_dagrun for latest_only to 2022-07-06T14:38:15.839446+00:00, run_after=2022-07-06T18:38:15.839446+00:00
[2022-07-06 18:38:15,854] {processor.py:161} INFO - Processing /home/airflow/.local/lib/python3.7/site-packages/airflow/example_dags/example_latest_only.py took 0.092 seconds
[2022-07-06 18:38:46,621] {processor.py:153} INFO - Started process (PID=363) to work on /home/airflow/.local/lib/python3.7/site-packages/airflow/example_dags/example_latest_only.py
[2022-07-06 18:38:46,622] {processor.py:641} INFO - Processing file /home/airflow/.local/lib/python3.7/site-packages/airflow/example_dags/example_latest_only.py for tasks to queue
[2022-07-06 18:38:46,623] {logging_mixin.py:115} INFO - [2022-07-06 18:38:46,623] {dagbag.py:507} INFO - Filling up the DagBag from /home/airflow/.local/lib/python3.7/site-packages/airflow/example_dags/example_latest_only.py
[2022-07-06 18:38:46,631] {processor.py:651} INFO - DAG(s) dict_keys(['latest_only']) retrieved from /home/airflow/.local/lib/python3.7/site-packages/airflow/example_dags/example_latest_only.py
[2022-07-06 18:38:46,679] {logging_mixin.py:115} INFO - [2022-07-06 18:38:46,679] {dag.py:2371} INFO - Sync 1 DAGs
[2022-07-06 18:38:46,713] {logging_mixin.py:115} INFO - [2022-07-06 18:38:46,713] {dag.py:2919} INFO - Setting next_dagrun for latest_only to 2022-07-06T14:38:46.713352+00:00, run_after=2022-07-06T18:38:46.713352+00:00
[2022-07-06 18:38:46,734] {processor.py:161} INFO - Processing /home/airflow/.local/lib/python3.7/site-packages/airflow/example_dags/example_latest_only.py took 0.117 seconds
[2022-07-06 18:39:16,925] {processor.py:153} INFO - Started process (PID=428) to work on /home/airflow/.local/lib/python3.7/site-packages/airflow/example_dags/example_latest_only.py
[2022-07-06 18:39:16,929] {processor.py:641} INFO - Processing file /home/airflow/.local/lib/python3.7/site-packages/airflow/example_dags/example_latest_only.py for tasks to queue
[2022-07-06 18:39:16,937] {logging_mixin.py:115} INFO - [2022-07-06 18:39:16,936] {dagbag.py:507} INFO - Filling up the DagBag from /home/airflow/.local/lib/python3.7/site-packages/airflow/example_dags/example_latest_only.py
[2022-07-06 18:39:16,954] {processor.py:651} INFO - DAG(s) dict_keys(['latest_only']) retrieved from /home/airflow/.local/lib/python3.7/site-packages/airflow/example_dags/example_latest_only.py
[2022-07-06 18:39:16,998] {logging_mixin.py:115} INFO - [2022-07-06 18:39:16,997] {dag.py:2371} INFO - Sync 1 DAGs
[2022-07-06 18:39:17,030] {logging_mixin.py:115} INFO - [2022-07-06 18:39:17,030] {dag.py:2919} INFO - Setting next_dagrun for latest_only to 2022-07-06T14:39:17.030137+00:00, run_after=2022-07-06T18:39:17.030137+00:00
[2022-07-06 18:39:17,050] {processor.py:161} INFO - Processing /home/airflow/.local/lib/python3.7/site-packages/airflow/example_dags/example_latest_only.py took 0.129 seconds
[2022-07-06 18:39:47,472] {processor.py:153} INFO - Started process (PID=482) to work on /home/airflow/.local/lib/python3.7/site-packages/airflow/example_dags/example_latest_only.py
[2022-07-06 18:39:47,474] {processor.py:641} INFO - Processing file /home/airflow/.local/lib/python3.7/site-packages/airflow/example_dags/example_latest_only.py for tasks to queue
[2022-07-06 18:39:47,476] {logging_mixin.py:115} INFO - [2022-07-06 18:39:47,476] {dagbag.py:507} INFO - Filling up the DagBag from /home/airflow/.local/lib/python3.7/site-packages/airflow/example_dags/example_latest_only.py
[2022-07-06 18:39:47,484] {processor.py:651} INFO - DAG(s) dict_keys(['latest_only']) retrieved from /home/airflow/.local/lib/python3.7/site-packages/airflow/example_dags/example_latest_only.py
[2022-07-06 18:39:47,537] {logging_mixin.py:115} INFO - [2022-07-06 18:39:47,537] {dag.py:2371} INFO - Sync 1 DAGs
[2022-07-06 18:39:47,570] {logging_mixin.py:115} INFO - [2022-07-06 18:39:47,570] {dag.py:2919} INFO - Setting next_dagrun for latest_only to 2022-07-06T14:39:47.569831+00:00, run_after=2022-07-06T18:39:47.569831+00:00
[2022-07-06 18:39:47,592] {processor.py:161} INFO - Processing /home/airflow/.local/lib/python3.7/site-packages/airflow/example_dags/example_latest_only.py took 0.124 seconds
[2022-07-06 18:40:18,006] {processor.py:153} INFO - Started process (PID=546) to work on /home/airflow/.local/lib/python3.7/site-packages/airflow/example_dags/example_latest_only.py
[2022-07-06 18:40:18,007] {processor.py:641} INFO - Processing file /home/airflow/.local/lib/python3.7/site-packages/airflow/example_dags/example_latest_only.py for tasks to queue
[2022-07-06 18:40:18,008] {logging_mixin.py:115} INFO - [2022-07-06 18:40:18,008] {dagbag.py:507} INFO - Filling up the DagBag from /home/airflow/.local/lib/python3.7/site-packages/airflow/example_dags/example_latest_only.py
[2022-07-06 18:40:18,015] {processor.py:651} INFO - DAG(s) dict_keys(['latest_only']) retrieved from /home/airflow/.local/lib/python3.7/site-packages/airflow/example_dags/example_latest_only.py
[2022-07-06 18:40:18,050] {logging_mixin.py:115} INFO - [2022-07-06 18:40:18,050] {dag.py:2371} INFO - Sync 1 DAGs
[2022-07-06 18:40:18,084] {logging_mixin.py:115} INFO - [2022-07-06 18:40:18,084] {dag.py:2919} INFO - Setting next_dagrun for latest_only to 2022-07-06T14:40:18.083633+00:00, run_after=2022-07-06T18:40:18.083633+00:00
[2022-07-06 18:40:18,100] {processor.py:161} INFO - Processing /home/airflow/.local/lib/python3.7/site-packages/airflow/example_dags/example_latest_only.py took 0.098 seconds
[2022-07-06 18:40:48,466] {processor.py:153} INFO - Started process (PID=610) to work on /home/airflow/.local/lib/python3.7/site-packages/airflow/example_dags/example_latest_only.py
[2022-07-06 18:40:48,467] {processor.py:641} INFO - Processing file /home/airflow/.local/lib/python3.7/site-packages/airflow/example_dags/example_latest_only.py for tasks to queue
[2022-07-06 18:40:48,469] {logging_mixin.py:115} INFO - [2022-07-06 18:40:48,469] {dagbag.py:507} INFO - Filling up the DagBag from /home/airflow/.local/lib/python3.7/site-packages/airflow/example_dags/example_latest_only.py
[2022-07-06 18:40:48,476] {processor.py:651} INFO - DAG(s) dict_keys(['latest_only']) retrieved from /home/airflow/.local/lib/python3.7/site-packages/airflow/example_dags/example_latest_only.py
[2022-07-06 18:40:48,509] {logging_mixin.py:115} INFO - [2022-07-06 18:40:48,509] {dag.py:2371} INFO - Sync 1 DAGs
[2022-07-06 18:40:48,542] {logging_mixin.py:115} INFO - [2022-07-06 18:40:48,542] {dag.py:2919} INFO - Setting next_dagrun for latest_only to 2022-07-06T14:40:48.541767+00:00, run_after=2022-07-06T18:40:48.541767+00:00
[2022-07-06 18:40:48,556] {processor.py:161} INFO - Processing /home/airflow/.local/lib/python3.7/site-packages/airflow/example_dags/example_latest_only.py took 0.094 seconds
[2022-07-06 18:41:18,939] {processor.py:153} INFO - Started process (PID=665) to work on /home/airflow/.local/lib/python3.7/site-packages/airflow/example_dags/example_latest_only.py
[2022-07-06 18:41:18,940] {processor.py:641} INFO - Processing file /home/airflow/.local/lib/python3.7/site-packages/airflow/example_dags/example_latest_only.py for tasks to queue
[2022-07-06 18:41:18,942] {logging_mixin.py:115} INFO - [2022-07-06 18:41:18,941] {dagbag.py:507} INFO - Filling up the DagBag from /home/airflow/.local/lib/python3.7/site-packages/airflow/example_dags/example_latest_only.py
[2022-07-06 18:41:18,949] {processor.py:651} INFO - DAG(s) dict_keys(['latest_only']) retrieved from /home/airflow/.local/lib/python3.7/site-packages/airflow/example_dags/example_latest_only.py
[2022-07-06 18:41:18,981] {logging_mixin.py:115} INFO - [2022-07-06 18:41:18,981] {dag.py:2371} INFO - Sync 1 DAGs
[2022-07-06 18:41:19,009] {logging_mixin.py:115} INFO - [2022-07-06 18:41:19,009] {dag.py:2919} INFO - Setting next_dagrun for latest_only to 2022-07-06T14:41:19.009229+00:00, run_after=2022-07-06T18:41:19.009229+00:00
[2022-07-06 18:41:19,023] {processor.py:161} INFO - Processing /home/airflow/.local/lib/python3.7/site-packages/airflow/example_dags/example_latest_only.py took 0.088 seconds
[2022-07-06 18:41:50,020] {processor.py:153} INFO - Started process (PID=731) to work on /home/airflow/.local/lib/python3.7/site-packages/airflow/example_dags/example_latest_only.py
[2022-07-06 18:41:50,022] {processor.py:641} INFO - Processing file /home/airflow/.local/lib/python3.7/site-packages/airflow/example_dags/example_latest_only.py for tasks to queue
[2022-07-06 18:41:50,023] {logging_mixin.py:115} INFO - [2022-07-06 18:41:50,023] {dagbag.py:507} INFO - Filling up the DagBag from /home/airflow/.local/lib/python3.7/site-packages/airflow/example_dags/example_latest_only.py
[2022-07-06 18:41:50,032] {processor.py:651} INFO - DAG(s) dict_keys(['latest_only']) retrieved from /home/airflow/.local/lib/python3.7/site-packages/airflow/example_dags/example_latest_only.py
[2022-07-06 18:41:50,064] {logging_mixin.py:115} INFO - [2022-07-06 18:41:50,064] {dag.py:2371} INFO - Sync 1 DAGs
[2022-07-06 18:41:50,096] {logging_mixin.py:115} INFO - [2022-07-06 18:41:50,095] {dag.py:2919} INFO - Setting next_dagrun for latest_only to 2022-07-06T14:41:50.095589+00:00, run_after=2022-07-06T18:41:50.095589+00:00
[2022-07-06 18:41:50,110] {processor.py:161} INFO - Processing /home/airflow/.local/lib/python3.7/site-packages/airflow/example_dags/example_latest_only.py took 0.094 seconds
[2022-07-06 18:42:21,019] {processor.py:153} INFO - Started process (PID=793) to work on /home/airflow/.local/lib/python3.7/site-packages/airflow/example_dags/example_latest_only.py
[2022-07-06 18:42:21,020] {processor.py:641} INFO - Processing file /home/airflow/.local/lib/python3.7/site-packages/airflow/example_dags/example_latest_only.py for tasks to queue
[2022-07-06 18:42:21,021] {logging_mixin.py:115} INFO - [2022-07-06 18:42:21,021] {dagbag.py:507} INFO - Filling up the DagBag from /home/airflow/.local/lib/python3.7/site-packages/airflow/example_dags/example_latest_only.py
[2022-07-06 18:42:21,030] {processor.py:651} INFO - DAG(s) dict_keys(['latest_only']) retrieved from /home/airflow/.local/lib/python3.7/site-packages/airflow/example_dags/example_latest_only.py
[2022-07-06 18:42:21,068] {logging_mixin.py:115} INFO - [2022-07-06 18:42:21,068] {dag.py:2371} INFO - Sync 1 DAGs
[2022-07-06 18:42:21,098] {logging_mixin.py:115} INFO - [2022-07-06 18:42:21,098] {dag.py:2919} INFO - Setting next_dagrun for latest_only to 2022-07-06T14:42:21.097970+00:00, run_after=2022-07-06T18:42:21.097970+00:00
[2022-07-06 18:42:21,114] {processor.py:161} INFO - Processing /home/airflow/.local/lib/python3.7/site-packages/airflow/example_dags/example_latest_only.py took 0.100 seconds
[2022-07-06 18:42:51,789] {processor.py:153} INFO - Started process (PID=847) to work on /home/airflow/.local/lib/python3.7/site-packages/airflow/example_dags/example_latest_only.py
[2022-07-06 18:42:51,790] {processor.py:641} INFO - Processing file /home/airflow/.local/lib/python3.7/site-packages/airflow/example_dags/example_latest_only.py for tasks to queue
[2022-07-06 18:42:51,791] {logging_mixin.py:115} INFO - [2022-07-06 18:42:51,791] {dagbag.py:507} INFO - Filling up the DagBag from /home/airflow/.local/lib/python3.7/site-packages/airflow/example_dags/example_latest_only.py
[2022-07-06 18:42:51,799] {processor.py:651} INFO - DAG(s) dict_keys(['latest_only']) retrieved from /home/airflow/.local/lib/python3.7/site-packages/airflow/example_dags/example_latest_only.py
[2022-07-06 18:42:51,830] {logging_mixin.py:115} INFO - [2022-07-06 18:42:51,830] {dag.py:2371} INFO - Sync 1 DAGs
[2022-07-06 18:42:51,842] {logging_mixin.py:115} INFO - [2022-07-06 18:42:51,842] {dag.py:2919} INFO - Setting next_dagrun for latest_only to 2022-07-06T14:42:51.842305+00:00, run_after=2022-07-06T18:42:51.842305+00:00
[2022-07-06 18:42:51,858] {processor.py:161} INFO - Processing /home/airflow/.local/lib/python3.7/site-packages/airflow/example_dags/example_latest_only.py took 0.095 seconds
[2022-07-06 18:43:22,442] {processor.py:153} INFO - Started process (PID=914) to work on /home/airflow/.local/lib/python3.7/site-packages/airflow/example_dags/example_latest_only.py
[2022-07-06 18:43:22,443] {processor.py:641} INFO - Processing file /home/airflow/.local/lib/python3.7/site-packages/airflow/example_dags/example_latest_only.py for tasks to queue
[2022-07-06 18:43:22,444] {logging_mixin.py:115} INFO - [2022-07-06 18:43:22,444] {dagbag.py:507} INFO - Filling up the DagBag from /home/airflow/.local/lib/python3.7/site-packages/airflow/example_dags/example_latest_only.py
[2022-07-06 18:43:22,452] {processor.py:651} INFO - DAG(s) dict_keys(['latest_only']) retrieved from /home/airflow/.local/lib/python3.7/site-packages/airflow/example_dags/example_latest_only.py
[2022-07-06 18:43:22,484] {logging_mixin.py:115} INFO - [2022-07-06 18:43:22,484] {dag.py:2371} INFO - Sync 1 DAGs
[2022-07-06 18:43:22,514] {logging_mixin.py:115} INFO - [2022-07-06 18:43:22,513] {dag.py:2919} INFO - Setting next_dagrun for latest_only to 2022-07-06T14:43:22.513515+00:00, run_after=2022-07-06T18:43:22.513515+00:00
[2022-07-06 18:43:22,529] {processor.py:161} INFO - Processing /home/airflow/.local/lib/python3.7/site-packages/airflow/example_dags/example_latest_only.py took 0.091 seconds
[2022-07-06 18:43:53,361] {processor.py:153} INFO - Started process (PID=978) to work on /home/airflow/.local/lib/python3.7/site-packages/airflow/example_dags/example_latest_only.py
[2022-07-06 18:43:53,363] {processor.py:641} INFO - Processing file /home/airflow/.local/lib/python3.7/site-packages/airflow/example_dags/example_latest_only.py for tasks to queue
[2022-07-06 18:43:53,364] {logging_mixin.py:115} INFO - [2022-07-06 18:43:53,364] {dagbag.py:507} INFO - Filling up the DagBag from /home/airflow/.local/lib/python3.7/site-packages/airflow/example_dags/example_latest_only.py
[2022-07-06 18:43:53,373] {processor.py:651} INFO - DAG(s) dict_keys(['latest_only']) retrieved from /home/airflow/.local/lib/python3.7/site-packages/airflow/example_dags/example_latest_only.py
[2022-07-06 18:43:53,412] {logging_mixin.py:115} INFO - [2022-07-06 18:43:53,412] {dag.py:2371} INFO - Sync 1 DAGs
[2022-07-06 18:43:53,443] {logging_mixin.py:115} INFO - [2022-07-06 18:43:53,443] {dag.py:2919} INFO - Setting next_dagrun for latest_only to 2022-07-06T14:43:53.442758+00:00, run_after=2022-07-06T18:43:53.442758+00:00
[2022-07-06 18:43:53,459] {processor.py:161} INFO - Processing /home/airflow/.local/lib/python3.7/site-packages/airflow/example_dags/example_latest_only.py took 0.102 seconds
[2022-07-06 18:44:24,005] {processor.py:153} INFO - Started process (PID=1033) to work on /home/airflow/.local/lib/python3.7/site-packages/airflow/example_dags/example_latest_only.py
[2022-07-06 18:44:24,006] {processor.py:641} INFO - Processing file /home/airflow/.local/lib/python3.7/site-packages/airflow/example_dags/example_latest_only.py for tasks to queue
[2022-07-06 18:44:24,007] {logging_mixin.py:115} INFO - [2022-07-06 18:44:24,007] {dagbag.py:507} INFO - Filling up the DagBag from /home/airflow/.local/lib/python3.7/site-packages/airflow/example_dags/example_latest_only.py
[2022-07-06 18:44:24,020] {processor.py:651} INFO - DAG(s) dict_keys(['latest_only']) retrieved from /home/airflow/.local/lib/python3.7/site-packages/airflow/example_dags/example_latest_only.py
[2022-07-06 18:44:24,054] {logging_mixin.py:115} INFO - [2022-07-06 18:44:24,054] {dag.py:2371} INFO - Sync 1 DAGs
[2022-07-06 18:44:24,083] {logging_mixin.py:115} INFO - [2022-07-06 18:44:24,083] {dag.py:2919} INFO - Setting next_dagrun for latest_only to 2022-07-06T14:44:24.083066+00:00, run_after=2022-07-06T18:44:24.083066+00:00
[2022-07-06 18:44:24,100] {processor.py:161} INFO - Processing /home/airflow/.local/lib/python3.7/site-packages/airflow/example_dags/example_latest_only.py took 0.100 seconds
[2022-07-06 18:44:54,258] {processor.py:153} INFO - Started process (PID=1094) to work on /home/airflow/.local/lib/python3.7/site-packages/airflow/example_dags/example_latest_only.py
[2022-07-06 18:44:54,259] {processor.py:641} INFO - Processing file /home/airflow/.local/lib/python3.7/site-packages/airflow/example_dags/example_latest_only.py for tasks to queue
[2022-07-06 18:44:54,260] {logging_mixin.py:115} INFO - [2022-07-06 18:44:54,260] {dagbag.py:507} INFO - Filling up the DagBag from /home/airflow/.local/lib/python3.7/site-packages/airflow/example_dags/example_latest_only.py
[2022-07-06 18:44:54,268] {processor.py:651} INFO - DAG(s) dict_keys(['latest_only']) retrieved from /home/airflow/.local/lib/python3.7/site-packages/airflow/example_dags/example_latest_only.py
[2022-07-06 18:44:54,305] {logging_mixin.py:115} INFO - [2022-07-06 18:44:54,305] {dag.py:2371} INFO - Sync 1 DAGs
[2022-07-06 18:44:54,337] {logging_mixin.py:115} INFO - [2022-07-06 18:44:54,337] {dag.py:2919} INFO - Setting next_dagrun for latest_only to 2022-07-06T14:44:54.337070+00:00, run_after=2022-07-06T18:44:54.337070+00:00
[2022-07-06 18:44:54,354] {processor.py:161} INFO - Processing /home/airflow/.local/lib/python3.7/site-packages/airflow/example_dags/example_latest_only.py took 0.099 seconds
[2022-07-06 18:45:25,562] {processor.py:153} INFO - Started process (PID=1157) to work on /home/airflow/.local/lib/python3.7/site-packages/airflow/example_dags/example_latest_only.py
[2022-07-06 18:45:25,567] {processor.py:641} INFO - Processing file /home/airflow/.local/lib/python3.7/site-packages/airflow/example_dags/example_latest_only.py for tasks to queue
[2022-07-06 18:45:25,568] {logging_mixin.py:115} INFO - [2022-07-06 18:45:25,568] {dagbag.py:507} INFO - Filling up the DagBag from /home/airflow/.local/lib/python3.7/site-packages/airflow/example_dags/example_latest_only.py
[2022-07-06 18:45:25,577] {processor.py:651} INFO - DAG(s) dict_keys(['latest_only']) retrieved from /home/airflow/.local/lib/python3.7/site-packages/airflow/example_dags/example_latest_only.py
[2022-07-06 18:45:25,618] {logging_mixin.py:115} INFO - [2022-07-06 18:45:25,618] {dag.py:2371} INFO - Sync 1 DAGs
[2022-07-06 18:45:25,658] {logging_mixin.py:115} INFO - [2022-07-06 18:45:25,658] {dag.py:2919} INFO - Setting next_dagrun for latest_only to 2022-07-06T14:45:25.658360+00:00, run_after=2022-07-06T18:45:25.658360+00:00
[2022-07-06 18:45:25,691] {processor.py:161} INFO - Processing /home/airflow/.local/lib/python3.7/site-packages/airflow/example_dags/example_latest_only.py took 0.135 seconds
[2022-07-06 18:45:55,883] {processor.py:153} INFO - Started process (PID=1211) to work on /home/airflow/.local/lib/python3.7/site-packages/airflow/example_dags/example_latest_only.py
[2022-07-06 18:45:55,885] {processor.py:641} INFO - Processing file /home/airflow/.local/lib/python3.7/site-packages/airflow/example_dags/example_latest_only.py for tasks to queue
[2022-07-06 18:45:55,887] {logging_mixin.py:115} INFO - [2022-07-06 18:45:55,886] {dagbag.py:507} INFO - Filling up the DagBag from /home/airflow/.local/lib/python3.7/site-packages/airflow/example_dags/example_latest_only.py
[2022-07-06 18:45:55,894] {processor.py:651} INFO - DAG(s) dict_keys(['latest_only']) retrieved from /home/airflow/.local/lib/python3.7/site-packages/airflow/example_dags/example_latest_only.py
[2022-07-06 18:45:55,925] {logging_mixin.py:115} INFO - [2022-07-06 18:45:55,925] {dag.py:2371} INFO - Sync 1 DAGs
[2022-07-06 18:45:55,954] {logging_mixin.py:115} INFO - [2022-07-06 18:45:55,954] {dag.py:2919} INFO - Setting next_dagrun for latest_only to 2022-07-06T14:45:55.954024+00:00, run_after=2022-07-06T18:45:55.954024+00:00
[2022-07-06 18:45:55,971] {processor.py:161} INFO - Processing /home/airflow/.local/lib/python3.7/site-packages/airflow/example_dags/example_latest_only.py took 0.092 seconds
[2022-07-06 18:46:26,278] {processor.py:153} INFO - Started process (PID=1276) to work on /home/airflow/.local/lib/python3.7/site-packages/airflow/example_dags/example_latest_only.py
[2022-07-06 18:46:26,279] {processor.py:641} INFO - Processing file /home/airflow/.local/lib/python3.7/site-packages/airflow/example_dags/example_latest_only.py for tasks to queue
[2022-07-06 18:46:26,280] {logging_mixin.py:115} INFO - [2022-07-06 18:46:26,280] {dagbag.py:507} INFO - Filling up the DagBag from /home/airflow/.local/lib/python3.7/site-packages/airflow/example_dags/example_latest_only.py
[2022-07-06 18:46:26,287] {processor.py:651} INFO - DAG(s) dict_keys(['latest_only']) retrieved from /home/airflow/.local/lib/python3.7/site-packages/airflow/example_dags/example_latest_only.py
[2022-07-06 18:46:26,323] {logging_mixin.py:115} INFO - [2022-07-06 18:46:26,323] {dag.py:2371} INFO - Sync 1 DAGs
[2022-07-06 18:46:26,358] {logging_mixin.py:115} INFO - [2022-07-06 18:46:26,358] {dag.py:2919} INFO - Setting next_dagrun for latest_only to 2022-07-06T14:46:26.358111+00:00, run_after=2022-07-06T18:46:26.358111+00:00
[2022-07-06 18:46:26,374] {processor.py:161} INFO - Processing /home/airflow/.local/lib/python3.7/site-packages/airflow/example_dags/example_latest_only.py took 0.101 seconds
[2022-07-06 18:46:56,936] {processor.py:153} INFO - Started process (PID=1330) to work on /home/airflow/.local/lib/python3.7/site-packages/airflow/example_dags/example_latest_only.py
[2022-07-06 18:46:56,937] {processor.py:641} INFO - Processing file /home/airflow/.local/lib/python3.7/site-packages/airflow/example_dags/example_latest_only.py for tasks to queue
[2022-07-06 18:46:56,939] {logging_mixin.py:115} INFO - [2022-07-06 18:46:56,939] {dagbag.py:507} INFO - Filling up the DagBag from /home/airflow/.local/lib/python3.7/site-packages/airflow/example_dags/example_latest_only.py
[2022-07-06 18:46:56,946] {processor.py:651} INFO - DAG(s) dict_keys(['latest_only']) retrieved from /home/airflow/.local/lib/python3.7/site-packages/airflow/example_dags/example_latest_only.py
[2022-07-06 18:46:56,981] {logging_mixin.py:115} INFO - [2022-07-06 18:46:56,981] {dag.py:2371} INFO - Sync 1 DAGs
[2022-07-06 18:46:57,010] {logging_mixin.py:115} INFO - [2022-07-06 18:46:57,010] {dag.py:2919} INFO - Setting next_dagrun for latest_only to 2022-07-06T14:46:57.010406+00:00, run_after=2022-07-06T18:46:57.010406+00:00
[2022-07-06 18:46:57,027] {processor.py:161} INFO - Processing /home/airflow/.local/lib/python3.7/site-packages/airflow/example_dags/example_latest_only.py took 0.095 seconds
[2022-07-06 18:47:27,680] {processor.py:153} INFO - Started process (PID=1394) to work on /home/airflow/.local/lib/python3.7/site-packages/airflow/example_dags/example_latest_only.py
[2022-07-06 18:47:27,681] {processor.py:641} INFO - Processing file /home/airflow/.local/lib/python3.7/site-packages/airflow/example_dags/example_latest_only.py for tasks to queue
[2022-07-06 18:47:27,683] {logging_mixin.py:115} INFO - [2022-07-06 18:47:27,683] {dagbag.py:507} INFO - Filling up the DagBag from /home/airflow/.local/lib/python3.7/site-packages/airflow/example_dags/example_latest_only.py
[2022-07-06 18:47:27,690] {processor.py:651} INFO - DAG(s) dict_keys(['latest_only']) retrieved from /home/airflow/.local/lib/python3.7/site-packages/airflow/example_dags/example_latest_only.py
[2022-07-06 18:47:27,725] {logging_mixin.py:115} INFO - [2022-07-06 18:47:27,725] {dag.py:2371} INFO - Sync 1 DAGs
[2022-07-06 18:47:27,755] {logging_mixin.py:115} INFO - [2022-07-06 18:47:27,755] {dag.py:2919} INFO - Setting next_dagrun for latest_only to 2022-07-06T14:47:27.754800+00:00, run_after=2022-07-06T18:47:27.754800+00:00
[2022-07-06 18:47:27,772] {processor.py:161} INFO - Processing /home/airflow/.local/lib/python3.7/site-packages/airflow/example_dags/example_latest_only.py took 0.096 seconds
[2022-07-06 18:47:58,847] {processor.py:153} INFO - Started process (PID=1457) to work on /home/airflow/.local/lib/python3.7/site-packages/airflow/example_dags/example_latest_only.py
[2022-07-06 18:47:58,848] {processor.py:641} INFO - Processing file /home/airflow/.local/lib/python3.7/site-packages/airflow/example_dags/example_latest_only.py for tasks to queue
[2022-07-06 18:47:58,849] {logging_mixin.py:115} INFO - [2022-07-06 18:47:58,849] {dagbag.py:507} INFO - Filling up the DagBag from /home/airflow/.local/lib/python3.7/site-packages/airflow/example_dags/example_latest_only.py
[2022-07-06 18:47:58,857] {processor.py:651} INFO - DAG(s) dict_keys(['latest_only']) retrieved from /home/airflow/.local/lib/python3.7/site-packages/airflow/example_dags/example_latest_only.py
[2022-07-06 18:47:58,895] {logging_mixin.py:115} INFO - [2022-07-06 18:47:58,895] {dag.py:2371} INFO - Sync 1 DAGs
[2022-07-06 18:47:58,924] {logging_mixin.py:115} INFO - [2022-07-06 18:47:58,924] {dag.py:2919} INFO - Setting next_dagrun for latest_only to 2022-07-06T14:47:58.924401+00:00, run_after=2022-07-06T18:47:58.924401+00:00
[2022-07-06 18:47:58,941] {processor.py:161} INFO - Processing /home/airflow/.local/lib/python3.7/site-packages/airflow/example_dags/example_latest_only.py took 0.100 seconds
[2022-07-06 18:48:29,510] {processor.py:153} INFO - Started process (PID=1513) to work on /home/airflow/.local/lib/python3.7/site-packages/airflow/example_dags/example_latest_only.py
[2022-07-06 18:48:29,511] {processor.py:641} INFO - Processing file /home/airflow/.local/lib/python3.7/site-packages/airflow/example_dags/example_latest_only.py for tasks to queue
[2022-07-06 18:48:29,512] {logging_mixin.py:115} INFO - [2022-07-06 18:48:29,512] {dagbag.py:507} INFO - Filling up the DagBag from /home/airflow/.local/lib/python3.7/site-packages/airflow/example_dags/example_latest_only.py
[2022-07-06 18:48:29,519] {processor.py:651} INFO - DAG(s) dict_keys(['latest_only']) retrieved from /home/airflow/.local/lib/python3.7/site-packages/airflow/example_dags/example_latest_only.py
[2022-07-06 18:48:29,555] {logging_mixin.py:115} INFO - [2022-07-06 18:48:29,555] {dag.py:2371} INFO - Sync 1 DAGs
[2022-07-06 18:48:29,586] {logging_mixin.py:115} INFO - [2022-07-06 18:48:29,586] {dag.py:2919} INFO - Setting next_dagrun for latest_only to 2022-07-06T14:48:29.586422+00:00, run_after=2022-07-06T18:48:29.586422+00:00
[2022-07-06 18:48:29,606] {processor.py:161} INFO - Processing /home/airflow/.local/lib/python3.7/site-packages/airflow/example_dags/example_latest_only.py took 0.100 seconds
[2022-07-06 18:49:00,234] {processor.py:153} INFO - Started process (PID=1577) to work on /home/airflow/.local/lib/python3.7/site-packages/airflow/example_dags/example_latest_only.py
[2022-07-06 18:49:00,236] {processor.py:641} INFO - Processing file /home/airflow/.local/lib/python3.7/site-packages/airflow/example_dags/example_latest_only.py for tasks to queue
[2022-07-06 18:49:00,237] {logging_mixin.py:115} INFO - [2022-07-06 18:49:00,237] {dagbag.py:507} INFO - Filling up the DagBag from /home/airflow/.local/lib/python3.7/site-packages/airflow/example_dags/example_latest_only.py
[2022-07-06 18:49:00,245] {processor.py:651} INFO - DAG(s) dict_keys(['latest_only']) retrieved from /home/airflow/.local/lib/python3.7/site-packages/airflow/example_dags/example_latest_only.py
[2022-07-06 18:49:00,282] {logging_mixin.py:115} INFO - [2022-07-06 18:49:00,282] {dag.py:2371} INFO - Sync 1 DAGs
[2022-07-06 18:49:00,313] {logging_mixin.py:115} INFO - [2022-07-06 18:49:00,313] {dag.py:2919} INFO - Setting next_dagrun for latest_only to 2022-07-06T14:49:00.312741+00:00, run_after=2022-07-06T18:49:00.312741+00:00
[2022-07-06 18:49:00,329] {processor.py:161} INFO - Processing /home/airflow/.local/lib/python3.7/site-packages/airflow/example_dags/example_latest_only.py took 0.099 seconds
[2022-07-06 18:49:30,839] {processor.py:153} INFO - Started process (PID=1642) to work on /home/airflow/.local/lib/python3.7/site-packages/airflow/example_dags/example_latest_only.py
[2022-07-06 18:49:30,843] {processor.py:641} INFO - Processing file /home/airflow/.local/lib/python3.7/site-packages/airflow/example_dags/example_latest_only.py for tasks to queue
[2022-07-06 18:49:30,844] {logging_mixin.py:115} INFO - [2022-07-06 18:49:30,844] {dagbag.py:507} INFO - Filling up the DagBag from /home/airflow/.local/lib/python3.7/site-packages/airflow/example_dags/example_latest_only.py
[2022-07-06 18:49:30,851] {processor.py:651} INFO - DAG(s) dict_keys(['latest_only']) retrieved from /home/airflow/.local/lib/python3.7/site-packages/airflow/example_dags/example_latest_only.py
[2022-07-06 18:49:30,888] {logging_mixin.py:115} INFO - [2022-07-06 18:49:30,888] {dag.py:2371} INFO - Sync 1 DAGs
[2022-07-06 18:49:30,919] {logging_mixin.py:115} INFO - [2022-07-06 18:49:30,919] {dag.py:2919} INFO - Setting next_dagrun for latest_only to 2022-07-06T14:49:30.919167+00:00, run_after=2022-07-06T18:49:30.919167+00:00
[2022-07-06 18:49:30,934] {processor.py:161} INFO - Processing /home/airflow/.local/lib/python3.7/site-packages/airflow/example_dags/example_latest_only.py took 0.100 seconds
[2022-07-06 18:50:01,366] {processor.py:153} INFO - Started process (PID=1697) to work on /home/airflow/.local/lib/python3.7/site-packages/airflow/example_dags/example_latest_only.py
[2022-07-06 18:50:01,367] {processor.py:641} INFO - Processing file /home/airflow/.local/lib/python3.7/site-packages/airflow/example_dags/example_latest_only.py for tasks to queue
[2022-07-06 18:50:01,369] {logging_mixin.py:115} INFO - [2022-07-06 18:50:01,368] {dagbag.py:507} INFO - Filling up the DagBag from /home/airflow/.local/lib/python3.7/site-packages/airflow/example_dags/example_latest_only.py
[2022-07-06 18:50:01,376] {processor.py:651} INFO - DAG(s) dict_keys(['latest_only']) retrieved from /home/airflow/.local/lib/python3.7/site-packages/airflow/example_dags/example_latest_only.py
[2022-07-06 18:50:01,407] {logging_mixin.py:115} INFO - [2022-07-06 18:50:01,407] {dag.py:2371} INFO - Sync 1 DAGs
[2022-07-06 18:50:01,436] {logging_mixin.py:115} INFO - [2022-07-06 18:50:01,436] {dag.py:2919} INFO - Setting next_dagrun for latest_only to 2022-07-06T14:50:01.435736+00:00, run_after=2022-07-06T18:50:01.435736+00:00
[2022-07-06 18:50:01,449] {processor.py:161} INFO - Processing /home/airflow/.local/lib/python3.7/site-packages/airflow/example_dags/example_latest_only.py took 0.087 seconds
[2022-07-06 18:50:31,840] {processor.py:153} INFO - Started process (PID=1762) to work on /home/airflow/.local/lib/python3.7/site-packages/airflow/example_dags/example_latest_only.py
[2022-07-06 18:50:31,842] {processor.py:641} INFO - Processing file /home/airflow/.local/lib/python3.7/site-packages/airflow/example_dags/example_latest_only.py for tasks to queue
[2022-07-06 18:50:31,843] {logging_mixin.py:115} INFO - [2022-07-06 18:50:31,843] {dagbag.py:507} INFO - Filling up the DagBag from /home/airflow/.local/lib/python3.7/site-packages/airflow/example_dags/example_latest_only.py
[2022-07-06 18:50:31,852] {processor.py:651} INFO - DAG(s) dict_keys(['latest_only']) retrieved from /home/airflow/.local/lib/python3.7/site-packages/airflow/example_dags/example_latest_only.py
[2022-07-06 18:50:31,891] {logging_mixin.py:115} INFO - [2022-07-06 18:50:31,891] {dag.py:2371} INFO - Sync 1 DAGs
[2022-07-06 18:50:31,924] {logging_mixin.py:115} INFO - [2022-07-06 18:50:31,924] {dag.py:2919} INFO - Setting next_dagrun for latest_only to 2022-07-06T14:50:31.923715+00:00, run_after=2022-07-06T18:50:31.923715+00:00
[2022-07-06 18:50:31,942] {processor.py:161} INFO - Processing /home/airflow/.local/lib/python3.7/site-packages/airflow/example_dags/example_latest_only.py took 0.108 seconds
[2022-07-06 18:51:02,448] {processor.py:153} INFO - Started process (PID=1827) to work on /home/airflow/.local/lib/python3.7/site-packages/airflow/example_dags/example_latest_only.py
[2022-07-06 18:51:02,449] {processor.py:641} INFO - Processing file /home/airflow/.local/lib/python3.7/site-packages/airflow/example_dags/example_latest_only.py for tasks to queue
[2022-07-06 18:51:02,451] {logging_mixin.py:115} INFO - [2022-07-06 18:51:02,450] {dagbag.py:507} INFO - Filling up the DagBag from /home/airflow/.local/lib/python3.7/site-packages/airflow/example_dags/example_latest_only.py
[2022-07-06 18:51:02,458] {processor.py:651} INFO - DAG(s) dict_keys(['latest_only']) retrieved from /home/airflow/.local/lib/python3.7/site-packages/airflow/example_dags/example_latest_only.py
[2022-07-06 18:51:02,499] {logging_mixin.py:115} INFO - [2022-07-06 18:51:02,499] {dag.py:2371} INFO - Sync 1 DAGs
[2022-07-06 18:51:02,547] {logging_mixin.py:115} INFO - [2022-07-06 18:51:02,547] {dag.py:2919} INFO - Setting next_dagrun for latest_only to 2022-07-06T14:51:02.547400+00:00, run_after=2022-07-06T18:51:02.547400+00:00
[2022-07-06 18:51:02,566] {processor.py:161} INFO - Processing /home/airflow/.local/lib/python3.7/site-packages/airflow/example_dags/example_latest_only.py took 0.122 seconds
[2022-07-06 18:51:33,404] {processor.py:153} INFO - Started process (PID=1883) to work on /home/airflow/.local/lib/python3.7/site-packages/airflow/example_dags/example_latest_only.py
[2022-07-06 18:51:33,405] {processor.py:641} INFO - Processing file /home/airflow/.local/lib/python3.7/site-packages/airflow/example_dags/example_latest_only.py for tasks to queue
[2022-07-06 18:51:33,407] {logging_mixin.py:115} INFO - [2022-07-06 18:51:33,407] {dagbag.py:507} INFO - Filling up the DagBag from /home/airflow/.local/lib/python3.7/site-packages/airflow/example_dags/example_latest_only.py
[2022-07-06 18:51:33,414] {processor.py:651} INFO - DAG(s) dict_keys(['latest_only']) retrieved from /home/airflow/.local/lib/python3.7/site-packages/airflow/example_dags/example_latest_only.py
[2022-07-06 18:51:33,461] {logging_mixin.py:115} INFO - [2022-07-06 18:51:33,461] {dag.py:2371} INFO - Sync 1 DAGs
[2022-07-06 18:51:33,491] {logging_mixin.py:115} INFO - [2022-07-06 18:51:33,491] {dag.py:2919} INFO - Setting next_dagrun for latest_only to 2022-07-06T14:51:33.491349+00:00, run_after=2022-07-06T18:51:33.491349+00:00
[2022-07-06 18:51:33,509] {processor.py:161} INFO - Processing /home/airflow/.local/lib/python3.7/site-packages/airflow/example_dags/example_latest_only.py took 0.112 seconds
[2022-07-06 18:52:03,548] {processor.py:153} INFO - Started process (PID=1945) to work on /home/airflow/.local/lib/python3.7/site-packages/airflow/example_dags/example_latest_only.py
[2022-07-06 18:52:03,549] {processor.py:641} INFO - Processing file /home/airflow/.local/lib/python3.7/site-packages/airflow/example_dags/example_latest_only.py for tasks to queue
[2022-07-06 18:52:03,551] {logging_mixin.py:115} INFO - [2022-07-06 18:52:03,551] {dagbag.py:507} INFO - Filling up the DagBag from /home/airflow/.local/lib/python3.7/site-packages/airflow/example_dags/example_latest_only.py
[2022-07-06 18:52:03,559] {processor.py:651} INFO - DAG(s) dict_keys(['latest_only']) retrieved from /home/airflow/.local/lib/python3.7/site-packages/airflow/example_dags/example_latest_only.py
[2022-07-06 18:52:03,595] {logging_mixin.py:115} INFO - [2022-07-06 18:52:03,595] {dag.py:2371} INFO - Sync 1 DAGs
[2022-07-06 18:52:03,627] {logging_mixin.py:115} INFO - [2022-07-06 18:52:03,627] {dag.py:2919} INFO - Setting next_dagrun for latest_only to 2022-07-06T14:52:03.626732+00:00, run_after=2022-07-06T18:52:03.626732+00:00
[2022-07-06 18:52:03,646] {processor.py:161} INFO - Processing /home/airflow/.local/lib/python3.7/site-packages/airflow/example_dags/example_latest_only.py took 0.102 seconds
[2022-07-06 18:52:33,825] {processor.py:153} INFO - Started process (PID=1998) to work on /home/airflow/.local/lib/python3.7/site-packages/airflow/example_dags/example_latest_only.py
[2022-07-06 18:52:33,827] {processor.py:641} INFO - Processing file /home/airflow/.local/lib/python3.7/site-packages/airflow/example_dags/example_latest_only.py for tasks to queue
[2022-07-06 18:52:33,828] {logging_mixin.py:115} INFO - [2022-07-06 18:52:33,828] {dagbag.py:507} INFO - Filling up the DagBag from /home/airflow/.local/lib/python3.7/site-packages/airflow/example_dags/example_latest_only.py
[2022-07-06 18:52:33,836] {processor.py:651} INFO - DAG(s) dict_keys(['latest_only']) retrieved from /home/airflow/.local/lib/python3.7/site-packages/airflow/example_dags/example_latest_only.py
[2022-07-06 18:52:33,874] {logging_mixin.py:115} INFO - [2022-07-06 18:52:33,874] {dag.py:2371} INFO - Sync 1 DAGs
[2022-07-06 18:52:33,904] {logging_mixin.py:115} INFO - [2022-07-06 18:52:33,903] {dag.py:2919} INFO - Setting next_dagrun for latest_only to 2022-07-06T14:52:33.903584+00:00, run_after=2022-07-06T18:52:33.903584+00:00
[2022-07-06 18:52:33,921] {processor.py:161} INFO - Processing /home/airflow/.local/lib/python3.7/site-packages/airflow/example_dags/example_latest_only.py took 0.099 seconds
[2022-07-06 18:53:04,837] {processor.py:153} INFO - Started process (PID=2063) to work on /home/airflow/.local/lib/python3.7/site-packages/airflow/example_dags/example_latest_only.py
[2022-07-06 18:53:04,845] {processor.py:641} INFO - Processing file /home/airflow/.local/lib/python3.7/site-packages/airflow/example_dags/example_latest_only.py for tasks to queue
[2022-07-06 18:53:04,848] {logging_mixin.py:115} INFO - [2022-07-06 18:53:04,848] {dagbag.py:507} INFO - Filling up the DagBag from /home/airflow/.local/lib/python3.7/site-packages/airflow/example_dags/example_latest_only.py
[2022-07-06 18:53:04,862] {processor.py:651} INFO - DAG(s) dict_keys(['latest_only']) retrieved from /home/airflow/.local/lib/python3.7/site-packages/airflow/example_dags/example_latest_only.py
[2022-07-06 18:53:04,950] {logging_mixin.py:115} INFO - [2022-07-06 18:53:04,950] {dag.py:2371} INFO - Sync 1 DAGs
[2022-07-06 18:53:05,014] {logging_mixin.py:115} INFO - [2022-07-06 18:53:05,014] {dag.py:2919} INFO - Setting next_dagrun for latest_only to 2022-07-06T14:53:05.013602+00:00, run_after=2022-07-06T18:53:05.013602+00:00
[2022-07-06 18:53:05,052] {processor.py:161} INFO - Processing /home/airflow/.local/lib/python3.7/site-packages/airflow/example_dags/example_latest_only.py took 0.222 seconds
[2022-07-06 18:53:35,196] {processor.py:153} INFO - Started process (PID=2125) to work on /home/airflow/.local/lib/python3.7/site-packages/airflow/example_dags/example_latest_only.py
[2022-07-06 18:53:35,198] {processor.py:641} INFO - Processing file /home/airflow/.local/lib/python3.7/site-packages/airflow/example_dags/example_latest_only.py for tasks to queue
[2022-07-06 18:53:35,199] {logging_mixin.py:115} INFO - [2022-07-06 18:53:35,198] {dagbag.py:507} INFO - Filling up the DagBag from /home/airflow/.local/lib/python3.7/site-packages/airflow/example_dags/example_latest_only.py
[2022-07-06 18:53:35,206] {processor.py:651} INFO - DAG(s) dict_keys(['latest_only']) retrieved from /home/airflow/.local/lib/python3.7/site-packages/airflow/example_dags/example_latest_only.py
[2022-07-06 18:53:35,241] {logging_mixin.py:115} INFO - [2022-07-06 18:53:35,241] {dag.py:2371} INFO - Sync 1 DAGs
[2022-07-06 18:53:35,270] {logging_mixin.py:115} INFO - [2022-07-06 18:53:35,270] {dag.py:2919} INFO - Setting next_dagrun for latest_only to 2022-07-06T14:53:35.269908+00:00, run_after=2022-07-06T18:53:35.269908+00:00
[2022-07-06 18:53:35,287] {processor.py:161} INFO - Processing /home/airflow/.local/lib/python3.7/site-packages/airflow/example_dags/example_latest_only.py took 0.095 seconds
[2022-07-06 18:54:09,049] {processor.py:153} INFO - Started process (PID=2179) to work on /home/airflow/.local/lib/python3.7/site-packages/airflow/example_dags/example_latest_only.py
[2022-07-06 18:54:09,051] {processor.py:641} INFO - Processing file /home/airflow/.local/lib/python3.7/site-packages/airflow/example_dags/example_latest_only.py for tasks to queue
[2022-07-06 18:54:09,062] {logging_mixin.py:115} INFO - [2022-07-06 18:54:09,061] {dagbag.py:507} INFO - Filling up the DagBag from /home/airflow/.local/lib/python3.7/site-packages/airflow/example_dags/example_latest_only.py
[2022-07-06 18:54:09,088] {processor.py:651} INFO - DAG(s) dict_keys(['latest_only']) retrieved from /home/airflow/.local/lib/python3.7/site-packages/airflow/example_dags/example_latest_only.py
[2022-07-06 18:54:09,278] {logging_mixin.py:115} INFO - [2022-07-06 18:54:09,278] {dag.py:2371} INFO - Sync 1 DAGs
[2022-07-06 18:54:09,354] {logging_mixin.py:115} INFO - [2022-07-06 18:54:09,354] {dag.py:2919} INFO - Setting next_dagrun for latest_only to 2022-07-06T14:54:09.353865+00:00, run_after=2022-07-06T18:54:09.353865+00:00
[2022-07-06 18:54:09,387] {processor.py:161} INFO - Processing /home/airflow/.local/lib/python3.7/site-packages/airflow/example_dags/example_latest_only.py took 0.361 seconds
[2022-07-06 18:54:39,660] {processor.py:153} INFO - Started process (PID=2233) to work on /home/airflow/.local/lib/python3.7/site-packages/airflow/example_dags/example_latest_only.py
[2022-07-06 18:54:39,662] {processor.py:641} INFO - Processing file /home/airflow/.local/lib/python3.7/site-packages/airflow/example_dags/example_latest_only.py for tasks to queue
[2022-07-06 18:54:39,665] {logging_mixin.py:115} INFO - [2022-07-06 18:54:39,664] {dagbag.py:507} INFO - Filling up the DagBag from /home/airflow/.local/lib/python3.7/site-packages/airflow/example_dags/example_latest_only.py
[2022-07-06 18:54:39,677] {processor.py:651} INFO - DAG(s) dict_keys(['latest_only']) retrieved from /home/airflow/.local/lib/python3.7/site-packages/airflow/example_dags/example_latest_only.py
[2022-07-06 18:54:39,713] {logging_mixin.py:115} INFO - [2022-07-06 18:54:39,713] {dag.py:2371} INFO - Sync 1 DAGs
[2022-07-06 18:54:39,743] {logging_mixin.py:115} INFO - [2022-07-06 18:54:39,743] {dag.py:2919} INFO - Setting next_dagrun for latest_only to 2022-07-06T14:54:39.742985+00:00, run_after=2022-07-06T18:54:39.742985+00:00
[2022-07-06 18:54:39,761] {processor.py:161} INFO - Processing /home/airflow/.local/lib/python3.7/site-packages/airflow/example_dags/example_latest_only.py took 0.108 seconds
[2022-07-06 18:55:10,079] {processor.py:153} INFO - Started process (PID=2298) to work on /home/airflow/.local/lib/python3.7/site-packages/airflow/example_dags/example_latest_only.py
[2022-07-06 18:55:10,081] {processor.py:641} INFO - Processing file /home/airflow/.local/lib/python3.7/site-packages/airflow/example_dags/example_latest_only.py for tasks to queue
[2022-07-06 18:55:10,082] {logging_mixin.py:115} INFO - [2022-07-06 18:55:10,082] {dagbag.py:507} INFO - Filling up the DagBag from /home/airflow/.local/lib/python3.7/site-packages/airflow/example_dags/example_latest_only.py
[2022-07-06 18:55:10,089] {processor.py:651} INFO - DAG(s) dict_keys(['latest_only']) retrieved from /home/airflow/.local/lib/python3.7/site-packages/airflow/example_dags/example_latest_only.py
[2022-07-06 18:55:10,123] {logging_mixin.py:115} INFO - [2022-07-06 18:55:10,123] {dag.py:2371} INFO - Sync 1 DAGs
[2022-07-06 18:55:10,154] {logging_mixin.py:115} INFO - [2022-07-06 18:55:10,154] {dag.py:2919} INFO - Setting next_dagrun for latest_only to 2022-07-06T14:55:10.154397+00:00, run_after=2022-07-06T18:55:10.154397+00:00
[2022-07-06 18:55:10,170] {processor.py:161} INFO - Processing /home/airflow/.local/lib/python3.7/site-packages/airflow/example_dags/example_latest_only.py took 0.096 seconds
[2022-07-06 18:55:40,923] {processor.py:153} INFO - Started process (PID=2352) to work on /home/airflow/.local/lib/python3.7/site-packages/airflow/example_dags/example_latest_only.py
[2022-07-06 18:55:40,926] {processor.py:641} INFO - Processing file /home/airflow/.local/lib/python3.7/site-packages/airflow/example_dags/example_latest_only.py for tasks to queue
[2022-07-06 18:55:40,928] {logging_mixin.py:115} INFO - [2022-07-06 18:55:40,928] {dagbag.py:507} INFO - Filling up the DagBag from /home/airflow/.local/lib/python3.7/site-packages/airflow/example_dags/example_latest_only.py
[2022-07-06 18:55:40,940] {processor.py:651} INFO - DAG(s) dict_keys(['latest_only']) retrieved from /home/airflow/.local/lib/python3.7/site-packages/airflow/example_dags/example_latest_only.py
[2022-07-06 18:55:40,977] {logging_mixin.py:115} INFO - [2022-07-06 18:55:40,977] {dag.py:2371} INFO - Sync 1 DAGs
[2022-07-06 18:55:41,009] {logging_mixin.py:115} INFO - [2022-07-06 18:55:41,009] {dag.py:2919} INFO - Setting next_dagrun for latest_only to 2022-07-06T14:55:41.009023+00:00, run_after=2022-07-06T18:55:41.009023+00:00
[2022-07-06 18:55:41,027] {processor.py:161} INFO - Processing /home/airflow/.local/lib/python3.7/site-packages/airflow/example_dags/example_latest_only.py took 0.114 seconds
[2022-07-06 18:56:12,190] {processor.py:153} INFO - Started process (PID=2423) to work on /home/airflow/.local/lib/python3.7/site-packages/airflow/example_dags/example_latest_only.py
[2022-07-06 18:56:12,192] {processor.py:641} INFO - Processing file /home/airflow/.local/lib/python3.7/site-packages/airflow/example_dags/example_latest_only.py for tasks to queue
[2022-07-06 18:56:12,194] {logging_mixin.py:115} INFO - [2022-07-06 18:56:12,194] {dagbag.py:507} INFO - Filling up the DagBag from /home/airflow/.local/lib/python3.7/site-packages/airflow/example_dags/example_latest_only.py
[2022-07-06 18:56:12,205] {processor.py:651} INFO - DAG(s) dict_keys(['latest_only']) retrieved from /home/airflow/.local/lib/python3.7/site-packages/airflow/example_dags/example_latest_only.py
[2022-07-06 18:56:12,265] {logging_mixin.py:115} INFO - [2022-07-06 18:56:12,265] {dag.py:2371} INFO - Sync 1 DAGs
[2022-07-06 18:56:12,333] {logging_mixin.py:115} INFO - [2022-07-06 18:56:12,333] {dag.py:2919} INFO - Setting next_dagrun for latest_only to 2022-07-06T14:56:12.332760+00:00, run_after=2022-07-06T18:56:12.332760+00:00
[2022-07-06 18:56:12,373] {processor.py:161} INFO - Processing /home/airflow/.local/lib/python3.7/site-packages/airflow/example_dags/example_latest_only.py took 0.190 seconds
[2022-07-06 18:56:42,605] {processor.py:153} INFO - Started process (PID=2477) to work on /home/airflow/.local/lib/python3.7/site-packages/airflow/example_dags/example_latest_only.py
[2022-07-06 18:56:42,607] {processor.py:641} INFO - Processing file /home/airflow/.local/lib/python3.7/site-packages/airflow/example_dags/example_latest_only.py for tasks to queue
[2022-07-06 18:56:42,609] {logging_mixin.py:115} INFO - [2022-07-06 18:56:42,609] {dagbag.py:507} INFO - Filling up the DagBag from /home/airflow/.local/lib/python3.7/site-packages/airflow/example_dags/example_latest_only.py
[2022-07-06 18:56:42,626] {processor.py:651} INFO - DAG(s) dict_keys(['latest_only']) retrieved from /home/airflow/.local/lib/python3.7/site-packages/airflow/example_dags/example_latest_only.py
[2022-07-06 18:56:42,697] {logging_mixin.py:115} INFO - [2022-07-06 18:56:42,697] {dag.py:2371} INFO - Sync 1 DAGs
[2022-07-06 18:56:42,755] {logging_mixin.py:115} INFO - [2022-07-06 18:56:42,755] {dag.py:2919} INFO - Setting next_dagrun for latest_only to 2022-07-06T14:56:42.755092+00:00, run_after=2022-07-06T18:56:42.755092+00:00
[2022-07-06 18:56:42,774] {processor.py:161} INFO - Processing /home/airflow/.local/lib/python3.7/site-packages/airflow/example_dags/example_latest_only.py took 0.179 seconds
[2022-07-06 18:57:13,560] {processor.py:153} INFO - Started process (PID=2530) to work on /home/airflow/.local/lib/python3.7/site-packages/airflow/example_dags/example_latest_only.py
[2022-07-06 18:57:13,561] {processor.py:641} INFO - Processing file /home/airflow/.local/lib/python3.7/site-packages/airflow/example_dags/example_latest_only.py for tasks to queue
[2022-07-06 18:57:13,563] {logging_mixin.py:115} INFO - [2022-07-06 18:57:13,563] {dagbag.py:507} INFO - Filling up the DagBag from /home/airflow/.local/lib/python3.7/site-packages/airflow/example_dags/example_latest_only.py
[2022-07-06 18:57:13,573] {processor.py:651} INFO - DAG(s) dict_keys(['latest_only']) retrieved from /home/airflow/.local/lib/python3.7/site-packages/airflow/example_dags/example_latest_only.py
[2022-07-06 18:57:13,611] {logging_mixin.py:115} INFO - [2022-07-06 18:57:13,611] {dag.py:2371} INFO - Sync 1 DAGs
[2022-07-06 18:57:13,645] {logging_mixin.py:115} INFO - [2022-07-06 18:57:13,644] {dag.py:2919} INFO - Setting next_dagrun for latest_only to 2022-07-06T14:57:13.644395+00:00, run_after=2022-07-06T18:57:13.644395+00:00
[2022-07-06 18:57:13,662] {processor.py:161} INFO - Processing /home/airflow/.local/lib/python3.7/site-packages/airflow/example_dags/example_latest_only.py took 0.107 seconds
[2022-07-06 18:57:43,899] {processor.py:153} INFO - Started process (PID=2583) to work on /home/airflow/.local/lib/python3.7/site-packages/airflow/example_dags/example_latest_only.py
[2022-07-06 18:57:43,900] {processor.py:641} INFO - Processing file /home/airflow/.local/lib/python3.7/site-packages/airflow/example_dags/example_latest_only.py for tasks to queue
[2022-07-06 18:57:43,901] {logging_mixin.py:115} INFO - [2022-07-06 18:57:43,901] {dagbag.py:507} INFO - Filling up the DagBag from /home/airflow/.local/lib/python3.7/site-packages/airflow/example_dags/example_latest_only.py
[2022-07-06 18:57:43,909] {processor.py:651} INFO - DAG(s) dict_keys(['latest_only']) retrieved from /home/airflow/.local/lib/python3.7/site-packages/airflow/example_dags/example_latest_only.py
[2022-07-06 18:57:43,954] {logging_mixin.py:115} INFO - [2022-07-06 18:57:43,954] {dag.py:2371} INFO - Sync 1 DAGs
[2022-07-06 18:57:43,992] {logging_mixin.py:115} INFO - [2022-07-06 18:57:43,992] {dag.py:2919} INFO - Setting next_dagrun for latest_only to 2022-07-06T14:57:43.991871+00:00, run_after=2022-07-06T18:57:43.991871+00:00
[2022-07-06 18:57:44,011] {processor.py:161} INFO - Processing /home/airflow/.local/lib/python3.7/site-packages/airflow/example_dags/example_latest_only.py took 0.117 seconds
[2022-07-06 18:58:14,685] {processor.py:153} INFO - Started process (PID=2647) to work on /home/airflow/.local/lib/python3.7/site-packages/airflow/example_dags/example_latest_only.py
[2022-07-06 18:58:14,687] {processor.py:641} INFO - Processing file /home/airflow/.local/lib/python3.7/site-packages/airflow/example_dags/example_latest_only.py for tasks to queue
[2022-07-06 18:58:14,690] {logging_mixin.py:115} INFO - [2022-07-06 18:58:14,689] {dagbag.py:507} INFO - Filling up the DagBag from /home/airflow/.local/lib/python3.7/site-packages/airflow/example_dags/example_latest_only.py
[2022-07-06 18:58:14,700] {processor.py:651} INFO - DAG(s) dict_keys(['latest_only']) retrieved from /home/airflow/.local/lib/python3.7/site-packages/airflow/example_dags/example_latest_only.py
[2022-07-06 18:58:14,750] {logging_mixin.py:115} INFO - [2022-07-06 18:58:14,750] {dag.py:2371} INFO - Sync 1 DAGs
[2022-07-06 18:58:14,791] {logging_mixin.py:115} INFO - [2022-07-06 18:58:14,791] {dag.py:2919} INFO - Setting next_dagrun for latest_only to 2022-07-06T14:58:14.791374+00:00, run_after=2022-07-06T18:58:14.791374+00:00
[2022-07-06 18:58:14,812] {processor.py:161} INFO - Processing /home/airflow/.local/lib/python3.7/site-packages/airflow/example_dags/example_latest_only.py took 0.134 seconds
[2022-07-06 18:58:45,003] {processor.py:153} INFO - Started process (PID=2711) to work on /home/airflow/.local/lib/python3.7/site-packages/airflow/example_dags/example_latest_only.py
[2022-07-06 18:58:45,004] {processor.py:641} INFO - Processing file /home/airflow/.local/lib/python3.7/site-packages/airflow/example_dags/example_latest_only.py for tasks to queue
[2022-07-06 18:58:45,005] {logging_mixin.py:115} INFO - [2022-07-06 18:58:45,005] {dagbag.py:507} INFO - Filling up the DagBag from /home/airflow/.local/lib/python3.7/site-packages/airflow/example_dags/example_latest_only.py
[2022-07-06 18:58:45,016] {processor.py:651} INFO - DAG(s) dict_keys(['latest_only']) retrieved from /home/airflow/.local/lib/python3.7/site-packages/airflow/example_dags/example_latest_only.py
[2022-07-06 18:58:45,056] {logging_mixin.py:115} INFO - [2022-07-06 18:58:45,055] {dag.py:2371} INFO - Sync 1 DAGs
[2022-07-06 18:58:45,085] {logging_mixin.py:115} INFO - [2022-07-06 18:58:45,085] {dag.py:2919} INFO - Setting next_dagrun for latest_only to 2022-07-06T14:58:45.085489+00:00, run_after=2022-07-06T18:58:45.085489+00:00
[2022-07-06 18:58:45,102] {processor.py:161} INFO - Processing /home/airflow/.local/lib/python3.7/site-packages/airflow/example_dags/example_latest_only.py took 0.104 seconds
[2022-07-06 18:59:16,035] {processor.py:153} INFO - Started process (PID=2765) to work on /home/airflow/.local/lib/python3.7/site-packages/airflow/example_dags/example_latest_only.py
[2022-07-06 18:59:16,037] {processor.py:641} INFO - Processing file /home/airflow/.local/lib/python3.7/site-packages/airflow/example_dags/example_latest_only.py for tasks to queue
[2022-07-06 18:59:16,038] {logging_mixin.py:115} INFO - [2022-07-06 18:59:16,038] {dagbag.py:507} INFO - Filling up the DagBag from /home/airflow/.local/lib/python3.7/site-packages/airflow/example_dags/example_latest_only.py
[2022-07-06 18:59:16,049] {processor.py:651} INFO - DAG(s) dict_keys(['latest_only']) retrieved from /home/airflow/.local/lib/python3.7/site-packages/airflow/example_dags/example_latest_only.py
[2022-07-06 18:59:16,090] {logging_mixin.py:115} INFO - [2022-07-06 18:59:16,090] {dag.py:2371} INFO - Sync 1 DAGs
[2022-07-06 18:59:16,119] {logging_mixin.py:115} INFO - [2022-07-06 18:59:16,119] {dag.py:2919} INFO - Setting next_dagrun for latest_only to 2022-07-06T14:59:16.119497+00:00, run_after=2022-07-06T18:59:16.119497+00:00
[2022-07-06 18:59:16,140] {processor.py:161} INFO - Processing /home/airflow/.local/lib/python3.7/site-packages/airflow/example_dags/example_latest_only.py took 0.111 seconds
[2022-07-06 18:59:47,113] {processor.py:153} INFO - Started process (PID=2829) to work on /home/airflow/.local/lib/python3.7/site-packages/airflow/example_dags/example_latest_only.py
[2022-07-06 18:59:47,114] {processor.py:641} INFO - Processing file /home/airflow/.local/lib/python3.7/site-packages/airflow/example_dags/example_latest_only.py for tasks to queue
[2022-07-06 18:59:47,115] {logging_mixin.py:115} INFO - [2022-07-06 18:59:47,115] {dagbag.py:507} INFO - Filling up the DagBag from /home/airflow/.local/lib/python3.7/site-packages/airflow/example_dags/example_latest_only.py
[2022-07-06 18:59:47,124] {processor.py:651} INFO - DAG(s) dict_keys(['latest_only']) retrieved from /home/airflow/.local/lib/python3.7/site-packages/airflow/example_dags/example_latest_only.py
[2022-07-06 18:59:47,159] {logging_mixin.py:115} INFO - [2022-07-06 18:59:47,159] {dag.py:2371} INFO - Sync 1 DAGs
[2022-07-06 18:59:47,187] {logging_mixin.py:115} INFO - [2022-07-06 18:59:47,187] {dag.py:2919} INFO - Setting next_dagrun for latest_only to 2022-07-06T14:59:47.187428+00:00, run_after=2022-07-06T18:59:47.187428+00:00
[2022-07-06 18:59:47,202] {processor.py:161} INFO - Processing /home/airflow/.local/lib/python3.7/site-packages/airflow/example_dags/example_latest_only.py took 0.093 seconds
[2022-07-06 19:00:17,310] {processor.py:153} INFO - Started process (PID=2885) to work on /home/airflow/.local/lib/python3.7/site-packages/airflow/example_dags/example_latest_only.py
[2022-07-06 19:00:17,312] {processor.py:641} INFO - Processing file /home/airflow/.local/lib/python3.7/site-packages/airflow/example_dags/example_latest_only.py for tasks to queue
[2022-07-06 19:00:17,313] {logging_mixin.py:115} INFO - [2022-07-06 19:00:17,313] {dagbag.py:507} INFO - Filling up the DagBag from /home/airflow/.local/lib/python3.7/site-packages/airflow/example_dags/example_latest_only.py
[2022-07-06 19:00:17,321] {processor.py:651} INFO - DAG(s) dict_keys(['latest_only']) retrieved from /home/airflow/.local/lib/python3.7/site-packages/airflow/example_dags/example_latest_only.py
[2022-07-06 19:00:17,356] {logging_mixin.py:115} INFO - [2022-07-06 19:00:17,356] {dag.py:2371} INFO - Sync 1 DAGs
[2022-07-06 19:00:17,400] {logging_mixin.py:115} INFO - [2022-07-06 19:00:17,399] {dag.py:2919} INFO - Setting next_dagrun for latest_only to 2022-07-06T15:00:17.399420+00:00, run_after=2022-07-06T19:00:17.399420+00:00
[2022-07-06 19:00:17,447] {processor.py:161} INFO - Processing /home/airflow/.local/lib/python3.7/site-packages/airflow/example_dags/example_latest_only.py took 0.141 seconds
[2022-07-06 19:00:47,716] {processor.py:153} INFO - Started process (PID=2948) to work on /home/airflow/.local/lib/python3.7/site-packages/airflow/example_dags/example_latest_only.py
[2022-07-06 19:00:47,719] {processor.py:641} INFO - Processing file /home/airflow/.local/lib/python3.7/site-packages/airflow/example_dags/example_latest_only.py for tasks to queue
[2022-07-06 19:00:47,721] {logging_mixin.py:115} INFO - [2022-07-06 19:00:47,720] {dagbag.py:507} INFO - Filling up the DagBag from /home/airflow/.local/lib/python3.7/site-packages/airflow/example_dags/example_latest_only.py
[2022-07-06 19:00:47,731] {processor.py:651} INFO - DAG(s) dict_keys(['latest_only']) retrieved from /home/airflow/.local/lib/python3.7/site-packages/airflow/example_dags/example_latest_only.py
[2022-07-06 19:00:47,780] {logging_mixin.py:115} INFO - [2022-07-06 19:00:47,780] {dag.py:2371} INFO - Sync 1 DAGs
[2022-07-06 19:00:47,851] {logging_mixin.py:115} INFO - [2022-07-06 19:00:47,851] {dag.py:2919} INFO - Setting next_dagrun for latest_only to 2022-07-06T15:00:47.851170+00:00, run_after=2022-07-06T19:00:47.851170+00:00
[2022-07-06 19:00:47,877] {processor.py:161} INFO - Processing /home/airflow/.local/lib/python3.7/site-packages/airflow/example_dags/example_latest_only.py took 0.168 seconds
[2022-07-06 19:01:18,503] {processor.py:153} INFO - Started process (PID=3013) to work on /home/airflow/.local/lib/python3.7/site-packages/airflow/example_dags/example_latest_only.py
[2022-07-06 19:01:18,506] {processor.py:641} INFO - Processing file /home/airflow/.local/lib/python3.7/site-packages/airflow/example_dags/example_latest_only.py for tasks to queue
[2022-07-06 19:01:18,508] {logging_mixin.py:115} INFO - [2022-07-06 19:01:18,508] {dagbag.py:507} INFO - Filling up the DagBag from /home/airflow/.local/lib/python3.7/site-packages/airflow/example_dags/example_latest_only.py
[2022-07-06 19:01:18,521] {processor.py:651} INFO - DAG(s) dict_keys(['latest_only']) retrieved from /home/airflow/.local/lib/python3.7/site-packages/airflow/example_dags/example_latest_only.py
[2022-07-06 19:01:18,563] {logging_mixin.py:115} INFO - [2022-07-06 19:01:18,563] {dag.py:2371} INFO - Sync 1 DAGs
[2022-07-06 19:01:18,596] {logging_mixin.py:115} INFO - [2022-07-06 19:01:18,596] {dag.py:2919} INFO - Setting next_dagrun for latest_only to 2022-07-06T15:01:18.596588+00:00, run_after=2022-07-06T19:01:18.596588+00:00
[2022-07-06 19:01:18,612] {processor.py:161} INFO - Processing /home/airflow/.local/lib/python3.7/site-packages/airflow/example_dags/example_latest_only.py took 0.116 seconds
