[2022-07-06 18:36:11,344] {processor.py:153} INFO - Started process (PID=52) to work on /home/airflow/.local/lib/python3.7/site-packages/airflow/example_dags/tutorial.py
[2022-07-06 18:36:11,346] {processor.py:641} INFO - Processing file /home/airflow/.local/lib/python3.7/site-packages/airflow/example_dags/tutorial.py for tasks to queue
[2022-07-06 18:36:11,348] {logging_mixin.py:115} INFO - [2022-07-06 18:36:11,348] {dagbag.py:507} INFO - Filling up the DagBag from /home/airflow/.local/lib/python3.7/site-packages/airflow/example_dags/tutorial.py
[2022-07-06 18:36:11,370] {processor.py:651} INFO - DAG(s) dict_keys(['tutorial']) retrieved from /home/airflow/.local/lib/python3.7/site-packages/airflow/example_dags/tutorial.py
[2022-07-06 18:36:11,416] {logging_mixin.py:115} INFO - [2022-07-06 18:36:11,416] {dag.py:2371} INFO - Sync 1 DAGs
[2022-07-06 18:36:11,460] {logging_mixin.py:115} INFO - [2022-07-06 18:36:11,460] {dag.py:2919} INFO - Setting next_dagrun for tutorial to 2022-07-05T18:36:11.459576+00:00, run_after=2022-07-06T18:36:11.459576+00:00
[2022-07-06 18:36:11,480] {processor.py:161} INFO - Processing /home/airflow/.local/lib/python3.7/site-packages/airflow/example_dags/tutorial.py took 0.142 seconds
[2022-07-06 18:36:41,906] {processor.py:153} INFO - Started process (PID=114) to work on /home/airflow/.local/lib/python3.7/site-packages/airflow/example_dags/tutorial.py
[2022-07-06 18:36:41,907] {processor.py:641} INFO - Processing file /home/airflow/.local/lib/python3.7/site-packages/airflow/example_dags/tutorial.py for tasks to queue
[2022-07-06 18:36:41,908] {logging_mixin.py:115} INFO - [2022-07-06 18:36:41,908] {dagbag.py:507} INFO - Filling up the DagBag from /home/airflow/.local/lib/python3.7/site-packages/airflow/example_dags/tutorial.py
[2022-07-06 18:36:41,919] {processor.py:651} INFO - DAG(s) dict_keys(['tutorial']) retrieved from /home/airflow/.local/lib/python3.7/site-packages/airflow/example_dags/tutorial.py
[2022-07-06 18:36:41,960] {logging_mixin.py:115} INFO - [2022-07-06 18:36:41,960] {dag.py:2371} INFO - Sync 1 DAGs
[2022-07-06 18:36:41,999] {logging_mixin.py:115} INFO - [2022-07-06 18:36:41,999] {dag.py:2919} INFO - Setting next_dagrun for tutorial to 2022-07-05T18:36:41.999390+00:00, run_after=2022-07-06T18:36:41.999390+00:00
[2022-07-06 18:36:42,013] {processor.py:161} INFO - Processing /home/airflow/.local/lib/python3.7/site-packages/airflow/example_dags/tutorial.py took 0.112 seconds
[2022-07-06 18:37:12,270] {processor.py:153} INFO - Started process (PID=169) to work on /home/airflow/.local/lib/python3.7/site-packages/airflow/example_dags/tutorial.py
[2022-07-06 18:37:12,272] {processor.py:641} INFO - Processing file /home/airflow/.local/lib/python3.7/site-packages/airflow/example_dags/tutorial.py for tasks to queue
[2022-07-06 18:37:12,273] {logging_mixin.py:115} INFO - [2022-07-06 18:37:12,273] {dagbag.py:507} INFO - Filling up the DagBag from /home/airflow/.local/lib/python3.7/site-packages/airflow/example_dags/tutorial.py
[2022-07-06 18:37:12,281] {processor.py:651} INFO - DAG(s) dict_keys(['tutorial']) retrieved from /home/airflow/.local/lib/python3.7/site-packages/airflow/example_dags/tutorial.py
[2022-07-06 18:37:12,314] {logging_mixin.py:115} INFO - [2022-07-06 18:37:12,313] {dag.py:2371} INFO - Sync 1 DAGs
[2022-07-06 18:37:12,341] {logging_mixin.py:115} INFO - [2022-07-06 18:37:12,341] {dag.py:2919} INFO - Setting next_dagrun for tutorial to 2022-07-05T18:37:12.341214+00:00, run_after=2022-07-06T18:37:12.341214+00:00
[2022-07-06 18:37:12,357] {processor.py:161} INFO - Processing /home/airflow/.local/lib/python3.7/site-packages/airflow/example_dags/tutorial.py took 0.091 seconds
[2022-07-06 18:37:42,840] {processor.py:153} INFO - Started process (PID=233) to work on /home/airflow/.local/lib/python3.7/site-packages/airflow/example_dags/tutorial.py
[2022-07-06 18:37:42,841] {processor.py:641} INFO - Processing file /home/airflow/.local/lib/python3.7/site-packages/airflow/example_dags/tutorial.py for tasks to queue
[2022-07-06 18:37:42,842] {logging_mixin.py:115} INFO - [2022-07-06 18:37:42,842] {dagbag.py:507} INFO - Filling up the DagBag from /home/airflow/.local/lib/python3.7/site-packages/airflow/example_dags/tutorial.py
[2022-07-06 18:37:42,850] {processor.py:651} INFO - DAG(s) dict_keys(['tutorial']) retrieved from /home/airflow/.local/lib/python3.7/site-packages/airflow/example_dags/tutorial.py
[2022-07-06 18:37:42,885] {logging_mixin.py:115} INFO - [2022-07-06 18:37:42,885] {dag.py:2371} INFO - Sync 1 DAGs
[2022-07-06 18:37:42,915] {logging_mixin.py:115} INFO - [2022-07-06 18:37:42,914] {dag.py:2919} INFO - Setting next_dagrun for tutorial to 2022-07-05T18:37:42.914606+00:00, run_after=2022-07-06T18:37:42.914606+00:00
[2022-07-06 18:37:42,931] {processor.py:161} INFO - Processing /home/airflow/.local/lib/python3.7/site-packages/airflow/example_dags/tutorial.py took 0.095 seconds
[2022-07-06 18:38:13,647] {processor.py:153} INFO - Started process (PID=287) to work on /home/airflow/.local/lib/python3.7/site-packages/airflow/example_dags/tutorial.py
[2022-07-06 18:38:13,648] {processor.py:641} INFO - Processing file /home/airflow/.local/lib/python3.7/site-packages/airflow/example_dags/tutorial.py for tasks to queue
[2022-07-06 18:38:13,649] {logging_mixin.py:115} INFO - [2022-07-06 18:38:13,649] {dagbag.py:507} INFO - Filling up the DagBag from /home/airflow/.local/lib/python3.7/site-packages/airflow/example_dags/tutorial.py
[2022-07-06 18:38:13,658] {processor.py:651} INFO - DAG(s) dict_keys(['tutorial']) retrieved from /home/airflow/.local/lib/python3.7/site-packages/airflow/example_dags/tutorial.py
[2022-07-06 18:38:13,693] {logging_mixin.py:115} INFO - [2022-07-06 18:38:13,692] {dag.py:2371} INFO - Sync 1 DAGs
[2022-07-06 18:38:13,731] {logging_mixin.py:115} INFO - [2022-07-06 18:38:13,730] {dag.py:2919} INFO - Setting next_dagrun for tutorial to 2022-07-05T18:38:13.730624+00:00, run_after=2022-07-06T18:38:13.730624+00:00
[2022-07-06 18:38:13,747] {processor.py:161} INFO - Processing /home/airflow/.local/lib/python3.7/site-packages/airflow/example_dags/tutorial.py took 0.104 seconds
[2022-07-06 18:38:44,617] {processor.py:153} INFO - Started process (PID=350) to work on /home/airflow/.local/lib/python3.7/site-packages/airflow/example_dags/tutorial.py
[2022-07-06 18:38:44,618] {processor.py:641} INFO - Processing file /home/airflow/.local/lib/python3.7/site-packages/airflow/example_dags/tutorial.py for tasks to queue
[2022-07-06 18:38:44,619] {logging_mixin.py:115} INFO - [2022-07-06 18:38:44,619] {dagbag.py:507} INFO - Filling up the DagBag from /home/airflow/.local/lib/python3.7/site-packages/airflow/example_dags/tutorial.py
[2022-07-06 18:38:44,629] {processor.py:651} INFO - DAG(s) dict_keys(['tutorial']) retrieved from /home/airflow/.local/lib/python3.7/site-packages/airflow/example_dags/tutorial.py
[2022-07-06 18:38:44,662] {logging_mixin.py:115} INFO - [2022-07-06 18:38:44,662] {dag.py:2371} INFO - Sync 1 DAGs
[2022-07-06 18:38:44,690] {logging_mixin.py:115} INFO - [2022-07-06 18:38:44,690] {dag.py:2919} INFO - Setting next_dagrun for tutorial to 2022-07-05T18:38:44.690097+00:00, run_after=2022-07-06T18:38:44.690097+00:00
[2022-07-06 18:38:44,706] {processor.py:161} INFO - Processing /home/airflow/.local/lib/python3.7/site-packages/airflow/example_dags/tutorial.py took 0.093 seconds
[2022-07-06 18:39:14,857] {processor.py:153} INFO - Started process (PID=415) to work on /home/airflow/.local/lib/python3.7/site-packages/airflow/example_dags/tutorial.py
[2022-07-06 18:39:14,859] {processor.py:641} INFO - Processing file /home/airflow/.local/lib/python3.7/site-packages/airflow/example_dags/tutorial.py for tasks to queue
[2022-07-06 18:39:14,860] {logging_mixin.py:115} INFO - [2022-07-06 18:39:14,860] {dagbag.py:507} INFO - Filling up the DagBag from /home/airflow/.local/lib/python3.7/site-packages/airflow/example_dags/tutorial.py
[2022-07-06 18:39:14,868] {processor.py:651} INFO - DAG(s) dict_keys(['tutorial']) retrieved from /home/airflow/.local/lib/python3.7/site-packages/airflow/example_dags/tutorial.py
[2022-07-06 18:39:14,902] {logging_mixin.py:115} INFO - [2022-07-06 18:39:14,902] {dag.py:2371} INFO - Sync 1 DAGs
[2022-07-06 18:39:14,935] {logging_mixin.py:115} INFO - [2022-07-06 18:39:14,935] {dag.py:2919} INFO - Setting next_dagrun for tutorial to 2022-07-05T18:39:14.934835+00:00, run_after=2022-07-06T18:39:14.934835+00:00
[2022-07-06 18:39:14,951] {processor.py:161} INFO - Processing /home/airflow/.local/lib/python3.7/site-packages/airflow/example_dags/tutorial.py took 0.098 seconds
[2022-07-06 18:39:45,260] {processor.py:153} INFO - Started process (PID=469) to work on /home/airflow/.local/lib/python3.7/site-packages/airflow/example_dags/tutorial.py
[2022-07-06 18:39:45,261] {processor.py:641} INFO - Processing file /home/airflow/.local/lib/python3.7/site-packages/airflow/example_dags/tutorial.py for tasks to queue
[2022-07-06 18:39:45,262] {logging_mixin.py:115} INFO - [2022-07-06 18:39:45,262] {dagbag.py:507} INFO - Filling up the DagBag from /home/airflow/.local/lib/python3.7/site-packages/airflow/example_dags/tutorial.py
[2022-07-06 18:39:45,270] {processor.py:651} INFO - DAG(s) dict_keys(['tutorial']) retrieved from /home/airflow/.local/lib/python3.7/site-packages/airflow/example_dags/tutorial.py
[2022-07-06 18:39:45,304] {logging_mixin.py:115} INFO - [2022-07-06 18:39:45,304] {dag.py:2371} INFO - Sync 1 DAGs
[2022-07-06 18:39:45,333] {logging_mixin.py:115} INFO - [2022-07-06 18:39:45,332] {dag.py:2919} INFO - Setting next_dagrun for tutorial to 2022-07-05T18:39:45.332591+00:00, run_after=2022-07-06T18:39:45.332591+00:00
[2022-07-06 18:39:45,348] {processor.py:161} INFO - Processing /home/airflow/.local/lib/python3.7/site-packages/airflow/example_dags/tutorial.py took 0.092 seconds
[2022-07-06 18:40:15,905] {processor.py:153} INFO - Started process (PID=533) to work on /home/airflow/.local/lib/python3.7/site-packages/airflow/example_dags/tutorial.py
[2022-07-06 18:40:15,906] {processor.py:641} INFO - Processing file /home/airflow/.local/lib/python3.7/site-packages/airflow/example_dags/tutorial.py for tasks to queue
[2022-07-06 18:40:15,908] {logging_mixin.py:115} INFO - [2022-07-06 18:40:15,908] {dagbag.py:507} INFO - Filling up the DagBag from /home/airflow/.local/lib/python3.7/site-packages/airflow/example_dags/tutorial.py
[2022-07-06 18:40:15,916] {processor.py:651} INFO - DAG(s) dict_keys(['tutorial']) retrieved from /home/airflow/.local/lib/python3.7/site-packages/airflow/example_dags/tutorial.py
[2022-07-06 18:40:15,953] {logging_mixin.py:115} INFO - [2022-07-06 18:40:15,953] {dag.py:2371} INFO - Sync 1 DAGs
[2022-07-06 18:40:15,983] {logging_mixin.py:115} INFO - [2022-07-06 18:40:15,983] {dag.py:2919} INFO - Setting next_dagrun for tutorial to 2022-07-05T18:40:15.983017+00:00, run_after=2022-07-06T18:40:15.983017+00:00
[2022-07-06 18:40:16,002] {processor.py:161} INFO - Processing /home/airflow/.local/lib/python3.7/site-packages/airflow/example_dags/tutorial.py took 0.103 seconds
[2022-07-06 18:40:46,248] {processor.py:153} INFO - Started process (PID=597) to work on /home/airflow/.local/lib/python3.7/site-packages/airflow/example_dags/tutorial.py
[2022-07-06 18:40:46,249] {processor.py:641} INFO - Processing file /home/airflow/.local/lib/python3.7/site-packages/airflow/example_dags/tutorial.py for tasks to queue
[2022-07-06 18:40:46,250] {logging_mixin.py:115} INFO - [2022-07-06 18:40:46,250] {dagbag.py:507} INFO - Filling up the DagBag from /home/airflow/.local/lib/python3.7/site-packages/airflow/example_dags/tutorial.py
[2022-07-06 18:40:46,258] {processor.py:651} INFO - DAG(s) dict_keys(['tutorial']) retrieved from /home/airflow/.local/lib/python3.7/site-packages/airflow/example_dags/tutorial.py
[2022-07-06 18:40:46,291] {logging_mixin.py:115} INFO - [2022-07-06 18:40:46,291] {dag.py:2371} INFO - Sync 1 DAGs
[2022-07-06 18:40:46,321] {logging_mixin.py:115} INFO - [2022-07-06 18:40:46,321] {dag.py:2919} INFO - Setting next_dagrun for tutorial to 2022-07-05T18:40:46.321567+00:00, run_after=2022-07-06T18:40:46.321567+00:00
[2022-07-06 18:40:46,338] {processor.py:161} INFO - Processing /home/airflow/.local/lib/python3.7/site-packages/airflow/example_dags/tutorial.py took 0.094 seconds
[2022-07-06 18:41:16,595] {processor.py:153} INFO - Started process (PID=652) to work on /home/airflow/.local/lib/python3.7/site-packages/airflow/example_dags/tutorial.py
[2022-07-06 18:41:16,597] {processor.py:641} INFO - Processing file /home/airflow/.local/lib/python3.7/site-packages/airflow/example_dags/tutorial.py for tasks to queue
[2022-07-06 18:41:16,598] {logging_mixin.py:115} INFO - [2022-07-06 18:41:16,598] {dagbag.py:507} INFO - Filling up the DagBag from /home/airflow/.local/lib/python3.7/site-packages/airflow/example_dags/tutorial.py
[2022-07-06 18:41:16,606] {processor.py:651} INFO - DAG(s) dict_keys(['tutorial']) retrieved from /home/airflow/.local/lib/python3.7/site-packages/airflow/example_dags/tutorial.py
[2022-07-06 18:41:16,639] {logging_mixin.py:115} INFO - [2022-07-06 18:41:16,639] {dag.py:2371} INFO - Sync 1 DAGs
[2022-07-06 18:41:16,668] {logging_mixin.py:115} INFO - [2022-07-06 18:41:16,668] {dag.py:2919} INFO - Setting next_dagrun for tutorial to 2022-07-05T18:41:16.668360+00:00, run_after=2022-07-06T18:41:16.668360+00:00
[2022-07-06 18:41:16,686] {processor.py:161} INFO - Processing /home/airflow/.local/lib/python3.7/site-packages/airflow/example_dags/tutorial.py took 0.095 seconds
[2022-07-06 18:41:46,852] {processor.py:153} INFO - Started process (PID=717) to work on /home/airflow/.local/lib/python3.7/site-packages/airflow/example_dags/tutorial.py
[2022-07-06 18:41:46,854] {processor.py:641} INFO - Processing file /home/airflow/.local/lib/python3.7/site-packages/airflow/example_dags/tutorial.py for tasks to queue
[2022-07-06 18:41:46,855] {logging_mixin.py:115} INFO - [2022-07-06 18:41:46,855] {dagbag.py:507} INFO - Filling up the DagBag from /home/airflow/.local/lib/python3.7/site-packages/airflow/example_dags/tutorial.py
[2022-07-06 18:41:46,863] {processor.py:651} INFO - DAG(s) dict_keys(['tutorial']) retrieved from /home/airflow/.local/lib/python3.7/site-packages/airflow/example_dags/tutorial.py
[2022-07-06 18:41:46,896] {logging_mixin.py:115} INFO - [2022-07-06 18:41:46,896] {dag.py:2371} INFO - Sync 1 DAGs
[2022-07-06 18:41:46,926] {logging_mixin.py:115} INFO - [2022-07-06 18:41:46,925] {dag.py:2919} INFO - Setting next_dagrun for tutorial to 2022-07-05T18:41:46.925548+00:00, run_after=2022-07-06T18:41:46.925548+00:00
[2022-07-06 18:41:46,942] {processor.py:161} INFO - Processing /home/airflow/.local/lib/python3.7/site-packages/airflow/example_dags/tutorial.py took 0.093 seconds
[2022-07-06 18:42:17,717] {processor.py:153} INFO - Started process (PID=769) to work on /home/airflow/.local/lib/python3.7/site-packages/airflow/example_dags/tutorial.py
[2022-07-06 18:42:17,719] {processor.py:641} INFO - Processing file /home/airflow/.local/lib/python3.7/site-packages/airflow/example_dags/tutorial.py for tasks to queue
[2022-07-06 18:42:17,720] {logging_mixin.py:115} INFO - [2022-07-06 18:42:17,720] {dagbag.py:507} INFO - Filling up the DagBag from /home/airflow/.local/lib/python3.7/site-packages/airflow/example_dags/tutorial.py
[2022-07-06 18:42:17,728] {processor.py:651} INFO - DAG(s) dict_keys(['tutorial']) retrieved from /home/airflow/.local/lib/python3.7/site-packages/airflow/example_dags/tutorial.py
[2022-07-06 18:42:17,761] {logging_mixin.py:115} INFO - [2022-07-06 18:42:17,761] {dag.py:2371} INFO - Sync 1 DAGs
[2022-07-06 18:42:17,789] {logging_mixin.py:115} INFO - [2022-07-06 18:42:17,789] {dag.py:2919} INFO - Setting next_dagrun for tutorial to 2022-07-05T18:42:17.789556+00:00, run_after=2022-07-06T18:42:17.789556+00:00
[2022-07-06 18:42:17,806] {processor.py:161} INFO - Processing /home/airflow/.local/lib/python3.7/site-packages/airflow/example_dags/tutorial.py took 0.092 seconds
[2022-07-06 18:42:48,673] {processor.py:153} INFO - Started process (PID=833) to work on /home/airflow/.local/lib/python3.7/site-packages/airflow/example_dags/tutorial.py
[2022-07-06 18:42:48,675] {processor.py:641} INFO - Processing file /home/airflow/.local/lib/python3.7/site-packages/airflow/example_dags/tutorial.py for tasks to queue
[2022-07-06 18:42:48,676] {logging_mixin.py:115} INFO - [2022-07-06 18:42:48,676] {dagbag.py:507} INFO - Filling up the DagBag from /home/airflow/.local/lib/python3.7/site-packages/airflow/example_dags/tutorial.py
[2022-07-06 18:42:48,685] {processor.py:651} INFO - DAG(s) dict_keys(['tutorial']) retrieved from /home/airflow/.local/lib/python3.7/site-packages/airflow/example_dags/tutorial.py
[2022-07-06 18:42:48,734] {logging_mixin.py:115} INFO - [2022-07-06 18:42:48,734] {dag.py:2371} INFO - Sync 1 DAGs
[2022-07-06 18:42:48,768] {logging_mixin.py:115} INFO - [2022-07-06 18:42:48,767] {dag.py:2919} INFO - Setting next_dagrun for tutorial to 2022-07-05T18:42:48.767391+00:00, run_after=2022-07-06T18:42:48.767391+00:00
[2022-07-06 18:42:48,782] {processor.py:161} INFO - Processing /home/airflow/.local/lib/python3.7/site-packages/airflow/example_dags/tutorial.py took 0.114 seconds
[2022-07-06 18:43:19,283] {processor.py:153} INFO - Started process (PID=900) to work on /home/airflow/.local/lib/python3.7/site-packages/airflow/example_dags/tutorial.py
[2022-07-06 18:43:19,285] {processor.py:641} INFO - Processing file /home/airflow/.local/lib/python3.7/site-packages/airflow/example_dags/tutorial.py for tasks to queue
[2022-07-06 18:43:19,287] {logging_mixin.py:115} INFO - [2022-07-06 18:43:19,287] {dagbag.py:507} INFO - Filling up the DagBag from /home/airflow/.local/lib/python3.7/site-packages/airflow/example_dags/tutorial.py
[2022-07-06 18:43:19,297] {processor.py:651} INFO - DAG(s) dict_keys(['tutorial']) retrieved from /home/airflow/.local/lib/python3.7/site-packages/airflow/example_dags/tutorial.py
[2022-07-06 18:43:19,337] {logging_mixin.py:115} INFO - [2022-07-06 18:43:19,336] {dag.py:2371} INFO - Sync 1 DAGs
[2022-07-06 18:43:19,369] {logging_mixin.py:115} INFO - [2022-07-06 18:43:19,369] {dag.py:2919} INFO - Setting next_dagrun for tutorial to 2022-07-05T18:43:19.369563+00:00, run_after=2022-07-06T18:43:19.369563+00:00
[2022-07-06 18:43:19,385] {processor.py:161} INFO - Processing /home/airflow/.local/lib/python3.7/site-packages/airflow/example_dags/tutorial.py took 0.108 seconds
[2022-07-06 18:43:50,136] {processor.py:153} INFO - Started process (PID=955) to work on /home/airflow/.local/lib/python3.7/site-packages/airflow/example_dags/tutorial.py
[2022-07-06 18:43:50,137] {processor.py:641} INFO - Processing file /home/airflow/.local/lib/python3.7/site-packages/airflow/example_dags/tutorial.py for tasks to queue
[2022-07-06 18:43:50,139] {logging_mixin.py:115} INFO - [2022-07-06 18:43:50,138] {dagbag.py:507} INFO - Filling up the DagBag from /home/airflow/.local/lib/python3.7/site-packages/airflow/example_dags/tutorial.py
[2022-07-06 18:43:50,147] {processor.py:651} INFO - DAG(s) dict_keys(['tutorial']) retrieved from /home/airflow/.local/lib/python3.7/site-packages/airflow/example_dags/tutorial.py
[2022-07-06 18:43:50,183] {logging_mixin.py:115} INFO - [2022-07-06 18:43:50,183] {dag.py:2371} INFO - Sync 1 DAGs
[2022-07-06 18:43:50,217] {logging_mixin.py:115} INFO - [2022-07-06 18:43:50,217] {dag.py:2919} INFO - Setting next_dagrun for tutorial to 2022-07-05T18:43:50.216988+00:00, run_after=2022-07-06T18:43:50.216988+00:00
[2022-07-06 18:43:50,241] {processor.py:161} INFO - Processing /home/airflow/.local/lib/python3.7/site-packages/airflow/example_dags/tutorial.py took 0.109 seconds
[2022-07-06 18:44:20,808] {processor.py:153} INFO - Started process (PID=1019) to work on /home/airflow/.local/lib/python3.7/site-packages/airflow/example_dags/tutorial.py
[2022-07-06 18:44:20,809] {processor.py:641} INFO - Processing file /home/airflow/.local/lib/python3.7/site-packages/airflow/example_dags/tutorial.py for tasks to queue
[2022-07-06 18:44:20,810] {logging_mixin.py:115} INFO - [2022-07-06 18:44:20,810] {dagbag.py:507} INFO - Filling up the DagBag from /home/airflow/.local/lib/python3.7/site-packages/airflow/example_dags/tutorial.py
[2022-07-06 18:44:20,818] {processor.py:651} INFO - DAG(s) dict_keys(['tutorial']) retrieved from /home/airflow/.local/lib/python3.7/site-packages/airflow/example_dags/tutorial.py
[2022-07-06 18:44:20,852] {logging_mixin.py:115} INFO - [2022-07-06 18:44:20,852] {dag.py:2371} INFO - Sync 1 DAGs
[2022-07-06 18:44:20,894] {logging_mixin.py:115} INFO - [2022-07-06 18:44:20,894] {dag.py:2919} INFO - Setting next_dagrun for tutorial to 2022-07-05T18:44:20.894420+00:00, run_after=2022-07-06T18:44:20.894420+00:00
[2022-07-06 18:44:20,909] {processor.py:161} INFO - Processing /home/airflow/.local/lib/python3.7/site-packages/airflow/example_dags/tutorial.py took 0.105 seconds
[2022-07-06 18:44:51,746] {processor.py:153} INFO - Started process (PID=1080) to work on /home/airflow/.local/lib/python3.7/site-packages/airflow/example_dags/tutorial.py
[2022-07-06 18:44:51,747] {processor.py:641} INFO - Processing file /home/airflow/.local/lib/python3.7/site-packages/airflow/example_dags/tutorial.py for tasks to queue
[2022-07-06 18:44:51,748] {logging_mixin.py:115} INFO - [2022-07-06 18:44:51,748] {dagbag.py:507} INFO - Filling up the DagBag from /home/airflow/.local/lib/python3.7/site-packages/airflow/example_dags/tutorial.py
[2022-07-06 18:44:51,757] {processor.py:651} INFO - DAG(s) dict_keys(['tutorial']) retrieved from /home/airflow/.local/lib/python3.7/site-packages/airflow/example_dags/tutorial.py
[2022-07-06 18:44:51,770] {logging_mixin.py:115} INFO - [2022-07-06 18:44:51,770] {dag.py:2371} INFO - Sync 1 DAGs
[2022-07-06 18:44:51,799] {logging_mixin.py:115} INFO - [2022-07-06 18:44:51,799] {dag.py:2919} INFO - Setting next_dagrun for tutorial to 2022-07-05T18:44:51.799156+00:00, run_after=2022-07-06T18:44:51.799156+00:00
[2022-07-06 18:44:51,814] {processor.py:161} INFO - Processing /home/airflow/.local/lib/python3.7/site-packages/airflow/example_dags/tutorial.py took 0.094 seconds
[2022-07-06 18:45:21,963] {processor.py:153} INFO - Started process (PID=1134) to work on /home/airflow/.local/lib/python3.7/site-packages/airflow/example_dags/tutorial.py
[2022-07-06 18:45:21,965] {processor.py:641} INFO - Processing file /home/airflow/.local/lib/python3.7/site-packages/airflow/example_dags/tutorial.py for tasks to queue
[2022-07-06 18:45:21,966] {logging_mixin.py:115} INFO - [2022-07-06 18:45:21,966] {dagbag.py:507} INFO - Filling up the DagBag from /home/airflow/.local/lib/python3.7/site-packages/airflow/example_dags/tutorial.py
[2022-07-06 18:45:21,974] {processor.py:651} INFO - DAG(s) dict_keys(['tutorial']) retrieved from /home/airflow/.local/lib/python3.7/site-packages/airflow/example_dags/tutorial.py
[2022-07-06 18:45:22,009] {logging_mixin.py:115} INFO - [2022-07-06 18:45:22,009] {dag.py:2371} INFO - Sync 1 DAGs
[2022-07-06 18:45:22,040] {logging_mixin.py:115} INFO - [2022-07-06 18:45:22,040] {dag.py:2919} INFO - Setting next_dagrun for tutorial to 2022-07-05T18:45:22.040219+00:00, run_after=2022-07-06T18:45:22.040219+00:00
[2022-07-06 18:45:22,054] {processor.py:161} INFO - Processing /home/airflow/.local/lib/python3.7/site-packages/airflow/example_dags/tutorial.py took 0.095 seconds
[2022-07-06 18:45:52,480] {processor.py:153} INFO - Started process (PID=1197) to work on /home/airflow/.local/lib/python3.7/site-packages/airflow/example_dags/tutorial.py
[2022-07-06 18:45:52,482] {processor.py:641} INFO - Processing file /home/airflow/.local/lib/python3.7/site-packages/airflow/example_dags/tutorial.py for tasks to queue
[2022-07-06 18:45:52,483] {logging_mixin.py:115} INFO - [2022-07-06 18:45:52,483] {dagbag.py:507} INFO - Filling up the DagBag from /home/airflow/.local/lib/python3.7/site-packages/airflow/example_dags/tutorial.py
[2022-07-06 18:45:52,497] {processor.py:651} INFO - DAG(s) dict_keys(['tutorial']) retrieved from /home/airflow/.local/lib/python3.7/site-packages/airflow/example_dags/tutorial.py
[2022-07-06 18:45:52,534] {logging_mixin.py:115} INFO - [2022-07-06 18:45:52,534] {dag.py:2371} INFO - Sync 1 DAGs
[2022-07-06 18:45:52,582] {logging_mixin.py:115} INFO - [2022-07-06 18:45:52,582] {dag.py:2919} INFO - Setting next_dagrun for tutorial to 2022-07-05T18:45:52.581807+00:00, run_after=2022-07-06T18:45:52.581807+00:00
[2022-07-06 18:45:52,598] {processor.py:161} INFO - Processing /home/airflow/.local/lib/python3.7/site-packages/airflow/example_dags/tutorial.py took 0.123 seconds
[2022-07-06 18:46:22,840] {processor.py:153} INFO - Started process (PID=1251) to work on /home/airflow/.local/lib/python3.7/site-packages/airflow/example_dags/tutorial.py
[2022-07-06 18:46:22,842] {processor.py:641} INFO - Processing file /home/airflow/.local/lib/python3.7/site-packages/airflow/example_dags/tutorial.py for tasks to queue
[2022-07-06 18:46:22,843] {logging_mixin.py:115} INFO - [2022-07-06 18:46:22,843] {dagbag.py:507} INFO - Filling up the DagBag from /home/airflow/.local/lib/python3.7/site-packages/airflow/example_dags/tutorial.py
[2022-07-06 18:46:22,855] {processor.py:651} INFO - DAG(s) dict_keys(['tutorial']) retrieved from /home/airflow/.local/lib/python3.7/site-packages/airflow/example_dags/tutorial.py
[2022-07-06 18:46:22,897] {logging_mixin.py:115} INFO - [2022-07-06 18:46:22,897] {dag.py:2371} INFO - Sync 1 DAGs
[2022-07-06 18:46:22,931] {logging_mixin.py:115} INFO - [2022-07-06 18:46:22,930] {dag.py:2919} INFO - Setting next_dagrun for tutorial to 2022-07-05T18:46:22.930383+00:00, run_after=2022-07-06T18:46:22.930383+00:00
[2022-07-06 18:46:22,956] {processor.py:161} INFO - Processing /home/airflow/.local/lib/python3.7/site-packages/airflow/example_dags/tutorial.py took 0.122 seconds
[2022-07-06 18:46:53,798] {processor.py:153} INFO - Started process (PID=1316) to work on /home/airflow/.local/lib/python3.7/site-packages/airflow/example_dags/tutorial.py
[2022-07-06 18:46:53,799] {processor.py:641} INFO - Processing file /home/airflow/.local/lib/python3.7/site-packages/airflow/example_dags/tutorial.py for tasks to queue
[2022-07-06 18:46:53,800] {logging_mixin.py:115} INFO - [2022-07-06 18:46:53,800] {dagbag.py:507} INFO - Filling up the DagBag from /home/airflow/.local/lib/python3.7/site-packages/airflow/example_dags/tutorial.py
[2022-07-06 18:46:53,808] {processor.py:651} INFO - DAG(s) dict_keys(['tutorial']) retrieved from /home/airflow/.local/lib/python3.7/site-packages/airflow/example_dags/tutorial.py
[2022-07-06 18:46:53,845] {logging_mixin.py:115} INFO - [2022-07-06 18:46:53,845] {dag.py:2371} INFO - Sync 1 DAGs
[2022-07-06 18:46:53,874] {logging_mixin.py:115} INFO - [2022-07-06 18:46:53,874] {dag.py:2919} INFO - Setting next_dagrun for tutorial to 2022-07-05T18:46:53.874460+00:00, run_after=2022-07-06T18:46:53.874460+00:00
[2022-07-06 18:46:53,891] {processor.py:161} INFO - Processing /home/airflow/.local/lib/python3.7/site-packages/airflow/example_dags/tutorial.py took 0.098 seconds
[2022-07-06 18:47:24,588] {processor.py:153} INFO - Started process (PID=1380) to work on /home/airflow/.local/lib/python3.7/site-packages/airflow/example_dags/tutorial.py
[2022-07-06 18:47:24,590] {processor.py:641} INFO - Processing file /home/airflow/.local/lib/python3.7/site-packages/airflow/example_dags/tutorial.py for tasks to queue
[2022-07-06 18:47:24,591] {logging_mixin.py:115} INFO - [2022-07-06 18:47:24,591] {dagbag.py:507} INFO - Filling up the DagBag from /home/airflow/.local/lib/python3.7/site-packages/airflow/example_dags/tutorial.py
[2022-07-06 18:47:24,599] {processor.py:651} INFO - DAG(s) dict_keys(['tutorial']) retrieved from /home/airflow/.local/lib/python3.7/site-packages/airflow/example_dags/tutorial.py
[2022-07-06 18:47:24,634] {logging_mixin.py:115} INFO - [2022-07-06 18:47:24,634] {dag.py:2371} INFO - Sync 1 DAGs
[2022-07-06 18:47:24,668] {logging_mixin.py:115} INFO - [2022-07-06 18:47:24,668] {dag.py:2919} INFO - Setting next_dagrun for tutorial to 2022-07-05T18:47:24.667924+00:00, run_after=2022-07-06T18:47:24.667924+00:00
[2022-07-06 18:47:24,691] {processor.py:161} INFO - Processing /home/airflow/.local/lib/python3.7/site-packages/airflow/example_dags/tutorial.py took 0.108 seconds
[2022-07-06 18:47:55,523] {processor.py:153} INFO - Started process (PID=1433) to work on /home/airflow/.local/lib/python3.7/site-packages/airflow/example_dags/tutorial.py
[2022-07-06 18:47:55,524] {processor.py:641} INFO - Processing file /home/airflow/.local/lib/python3.7/site-packages/airflow/example_dags/tutorial.py for tasks to queue
[2022-07-06 18:47:55,525] {logging_mixin.py:115} INFO - [2022-07-06 18:47:55,525] {dagbag.py:507} INFO - Filling up the DagBag from /home/airflow/.local/lib/python3.7/site-packages/airflow/example_dags/tutorial.py
[2022-07-06 18:47:55,534] {processor.py:651} INFO - DAG(s) dict_keys(['tutorial']) retrieved from /home/airflow/.local/lib/python3.7/site-packages/airflow/example_dags/tutorial.py
[2022-07-06 18:47:55,572] {logging_mixin.py:115} INFO - [2022-07-06 18:47:55,572] {dag.py:2371} INFO - Sync 1 DAGs
[2022-07-06 18:47:55,603] {logging_mixin.py:115} INFO - [2022-07-06 18:47:55,603] {dag.py:2919} INFO - Setting next_dagrun for tutorial to 2022-07-05T18:47:55.603162+00:00, run_after=2022-07-06T18:47:55.603162+00:00
[2022-07-06 18:47:55,625] {processor.py:161} INFO - Processing /home/airflow/.local/lib/python3.7/site-packages/airflow/example_dags/tutorial.py took 0.107 seconds
[2022-07-06 18:48:26,369] {processor.py:153} INFO - Started process (PID=1499) to work on /home/airflow/.local/lib/python3.7/site-packages/airflow/example_dags/tutorial.py
[2022-07-06 18:48:26,370] {processor.py:641} INFO - Processing file /home/airflow/.local/lib/python3.7/site-packages/airflow/example_dags/tutorial.py for tasks to queue
[2022-07-06 18:48:26,372] {logging_mixin.py:115} INFO - [2022-07-06 18:48:26,372] {dagbag.py:507} INFO - Filling up the DagBag from /home/airflow/.local/lib/python3.7/site-packages/airflow/example_dags/tutorial.py
[2022-07-06 18:48:26,380] {processor.py:651} INFO - DAG(s) dict_keys(['tutorial']) retrieved from /home/airflow/.local/lib/python3.7/site-packages/airflow/example_dags/tutorial.py
[2022-07-06 18:48:26,420] {logging_mixin.py:115} INFO - [2022-07-06 18:48:26,419] {dag.py:2371} INFO - Sync 1 DAGs
[2022-07-06 18:48:26,454] {logging_mixin.py:115} INFO - [2022-07-06 18:48:26,454] {dag.py:2919} INFO - Setting next_dagrun for tutorial to 2022-07-05T18:48:26.454208+00:00, run_after=2022-07-06T18:48:26.454208+00:00
[2022-07-06 18:48:26,476] {processor.py:161} INFO - Processing /home/airflow/.local/lib/python3.7/site-packages/airflow/example_dags/tutorial.py took 0.111 seconds
[2022-07-06 18:48:57,088] {processor.py:153} INFO - Started process (PID=1563) to work on /home/airflow/.local/lib/python3.7/site-packages/airflow/example_dags/tutorial.py
[2022-07-06 18:48:57,089] {processor.py:641} INFO - Processing file /home/airflow/.local/lib/python3.7/site-packages/airflow/example_dags/tutorial.py for tasks to queue
[2022-07-06 18:48:57,090] {logging_mixin.py:115} INFO - [2022-07-06 18:48:57,090] {dagbag.py:507} INFO - Filling up the DagBag from /home/airflow/.local/lib/python3.7/site-packages/airflow/example_dags/tutorial.py
[2022-07-06 18:48:57,098] {processor.py:651} INFO - DAG(s) dict_keys(['tutorial']) retrieved from /home/airflow/.local/lib/python3.7/site-packages/airflow/example_dags/tutorial.py
[2022-07-06 18:48:57,132] {logging_mixin.py:115} INFO - [2022-07-06 18:48:57,132] {dag.py:2371} INFO - Sync 1 DAGs
[2022-07-06 18:48:57,161] {logging_mixin.py:115} INFO - [2022-07-06 18:48:57,161] {dag.py:2919} INFO - Setting next_dagrun for tutorial to 2022-07-05T18:48:57.160864+00:00, run_after=2022-07-06T18:48:57.160864+00:00
[2022-07-06 18:48:57,178] {processor.py:161} INFO - Processing /home/airflow/.local/lib/python3.7/site-packages/airflow/example_dags/tutorial.py took 0.094 seconds
[2022-07-06 18:49:27,657] {processor.py:153} INFO - Started process (PID=1617) to work on /home/airflow/.local/lib/python3.7/site-packages/airflow/example_dags/tutorial.py
[2022-07-06 18:49:27,659] {processor.py:641} INFO - Processing file /home/airflow/.local/lib/python3.7/site-packages/airflow/example_dags/tutorial.py for tasks to queue
[2022-07-06 18:49:27,660] {logging_mixin.py:115} INFO - [2022-07-06 18:49:27,660] {dagbag.py:507} INFO - Filling up the DagBag from /home/airflow/.local/lib/python3.7/site-packages/airflow/example_dags/tutorial.py
[2022-07-06 18:49:27,668] {processor.py:651} INFO - DAG(s) dict_keys(['tutorial']) retrieved from /home/airflow/.local/lib/python3.7/site-packages/airflow/example_dags/tutorial.py
[2022-07-06 18:49:27,701] {logging_mixin.py:115} INFO - [2022-07-06 18:49:27,701] {dag.py:2371} INFO - Sync 1 DAGs
[2022-07-06 18:49:27,730] {logging_mixin.py:115} INFO - [2022-07-06 18:49:27,730] {dag.py:2919} INFO - Setting next_dagrun for tutorial to 2022-07-05T18:49:27.730367+00:00, run_after=2022-07-06T18:49:27.730367+00:00
[2022-07-06 18:49:27,745] {processor.py:161} INFO - Processing /home/airflow/.local/lib/python3.7/site-packages/airflow/example_dags/tutorial.py took 0.091 seconds
[2022-07-06 18:49:58,368] {processor.py:153} INFO - Started process (PID=1683) to work on /home/airflow/.local/lib/python3.7/site-packages/airflow/example_dags/tutorial.py
[2022-07-06 18:49:58,369] {processor.py:641} INFO - Processing file /home/airflow/.local/lib/python3.7/site-packages/airflow/example_dags/tutorial.py for tasks to queue
[2022-07-06 18:49:58,371] {logging_mixin.py:115} INFO - [2022-07-06 18:49:58,370] {dagbag.py:507} INFO - Filling up the DagBag from /home/airflow/.local/lib/python3.7/site-packages/airflow/example_dags/tutorial.py
[2022-07-06 18:49:58,379] {processor.py:651} INFO - DAG(s) dict_keys(['tutorial']) retrieved from /home/airflow/.local/lib/python3.7/site-packages/airflow/example_dags/tutorial.py
[2022-07-06 18:49:58,419] {logging_mixin.py:115} INFO - [2022-07-06 18:49:58,419] {dag.py:2371} INFO - Sync 1 DAGs
[2022-07-06 18:49:58,451] {logging_mixin.py:115} INFO - [2022-07-06 18:49:58,450] {dag.py:2919} INFO - Setting next_dagrun for tutorial to 2022-07-05T18:49:58.449855+00:00, run_after=2022-07-06T18:49:58.449855+00:00
[2022-07-06 18:49:58,472] {processor.py:161} INFO - Processing /home/airflow/.local/lib/python3.7/site-packages/airflow/example_dags/tutorial.py took 0.108 seconds
[2022-07-06 18:50:28,872] {processor.py:153} INFO - Started process (PID=1748) to work on /home/airflow/.local/lib/python3.7/site-packages/airflow/example_dags/tutorial.py
[2022-07-06 18:50:28,874] {processor.py:641} INFO - Processing file /home/airflow/.local/lib/python3.7/site-packages/airflow/example_dags/tutorial.py for tasks to queue
[2022-07-06 18:50:28,875] {logging_mixin.py:115} INFO - [2022-07-06 18:50:28,875] {dagbag.py:507} INFO - Filling up the DagBag from /home/airflow/.local/lib/python3.7/site-packages/airflow/example_dags/tutorial.py
[2022-07-06 18:50:28,882] {processor.py:651} INFO - DAG(s) dict_keys(['tutorial']) retrieved from /home/airflow/.local/lib/python3.7/site-packages/airflow/example_dags/tutorial.py
[2022-07-06 18:50:28,915] {logging_mixin.py:115} INFO - [2022-07-06 18:50:28,915] {dag.py:2371} INFO - Sync 1 DAGs
[2022-07-06 18:50:28,943] {logging_mixin.py:115} INFO - [2022-07-06 18:50:28,943] {dag.py:2919} INFO - Setting next_dagrun for tutorial to 2022-07-05T18:50:28.943359+00:00, run_after=2022-07-06T18:50:28.943359+00:00
[2022-07-06 18:50:28,960] {processor.py:161} INFO - Processing /home/airflow/.local/lib/python3.7/site-packages/airflow/example_dags/tutorial.py took 0.092 seconds
[2022-07-06 18:50:59,290] {processor.py:153} INFO - Started process (PID=1803) to work on /home/airflow/.local/lib/python3.7/site-packages/airflow/example_dags/tutorial.py
[2022-07-06 18:50:59,291] {processor.py:641} INFO - Processing file /home/airflow/.local/lib/python3.7/site-packages/airflow/example_dags/tutorial.py for tasks to queue
[2022-07-06 18:50:59,293] {logging_mixin.py:115} INFO - [2022-07-06 18:50:59,292] {dagbag.py:507} INFO - Filling up the DagBag from /home/airflow/.local/lib/python3.7/site-packages/airflow/example_dags/tutorial.py
[2022-07-06 18:50:59,300] {processor.py:651} INFO - DAG(s) dict_keys(['tutorial']) retrieved from /home/airflow/.local/lib/python3.7/site-packages/airflow/example_dags/tutorial.py
[2022-07-06 18:50:59,333] {logging_mixin.py:115} INFO - [2022-07-06 18:50:59,333] {dag.py:2371} INFO - Sync 1 DAGs
[2022-07-06 18:50:59,361] {logging_mixin.py:115} INFO - [2022-07-06 18:50:59,361] {dag.py:2919} INFO - Setting next_dagrun for tutorial to 2022-07-05T18:50:59.361164+00:00, run_after=2022-07-06T18:50:59.361164+00:00
[2022-07-06 18:50:59,376] {processor.py:161} INFO - Processing /home/airflow/.local/lib/python3.7/site-packages/airflow/example_dags/tutorial.py took 0.091 seconds
[2022-07-06 18:51:30,167] {processor.py:153} INFO - Started process (PID=1869) to work on /home/airflow/.local/lib/python3.7/site-packages/airflow/example_dags/tutorial.py
[2022-07-06 18:51:30,168] {processor.py:641} INFO - Processing file /home/airflow/.local/lib/python3.7/site-packages/airflow/example_dags/tutorial.py for tasks to queue
[2022-07-06 18:51:30,170] {logging_mixin.py:115} INFO - [2022-07-06 18:51:30,170] {dagbag.py:507} INFO - Filling up the DagBag from /home/airflow/.local/lib/python3.7/site-packages/airflow/example_dags/tutorial.py
[2022-07-06 18:51:30,180] {processor.py:651} INFO - DAG(s) dict_keys(['tutorial']) retrieved from /home/airflow/.local/lib/python3.7/site-packages/airflow/example_dags/tutorial.py
[2022-07-06 18:51:30,214] {logging_mixin.py:115} INFO - [2022-07-06 18:51:30,214] {dag.py:2371} INFO - Sync 1 DAGs
[2022-07-06 18:51:30,243] {logging_mixin.py:115} INFO - [2022-07-06 18:51:30,243] {dag.py:2919} INFO - Setting next_dagrun for tutorial to 2022-07-05T18:51:30.242717+00:00, run_after=2022-07-06T18:51:30.242717+00:00
[2022-07-06 18:51:30,257] {processor.py:161} INFO - Processing /home/airflow/.local/lib/python3.7/site-packages/airflow/example_dags/tutorial.py took 0.096 seconds
[2022-07-06 18:52:01,302] {processor.py:153} INFO - Started process (PID=1931) to work on /home/airflow/.local/lib/python3.7/site-packages/airflow/example_dags/tutorial.py
[2022-07-06 18:52:01,304] {processor.py:641} INFO - Processing file /home/airflow/.local/lib/python3.7/site-packages/airflow/example_dags/tutorial.py for tasks to queue
[2022-07-06 18:52:01,305] {logging_mixin.py:115} INFO - [2022-07-06 18:52:01,305] {dagbag.py:507} INFO - Filling up the DagBag from /home/airflow/.local/lib/python3.7/site-packages/airflow/example_dags/tutorial.py
[2022-07-06 18:52:01,313] {processor.py:651} INFO - DAG(s) dict_keys(['tutorial']) retrieved from /home/airflow/.local/lib/python3.7/site-packages/airflow/example_dags/tutorial.py
[2022-07-06 18:52:01,345] {logging_mixin.py:115} INFO - [2022-07-06 18:52:01,345] {dag.py:2371} INFO - Sync 1 DAGs
[2022-07-06 18:52:01,374] {logging_mixin.py:115} INFO - [2022-07-06 18:52:01,374] {dag.py:2919} INFO - Setting next_dagrun for tutorial to 2022-07-05T18:52:01.374225+00:00, run_after=2022-07-06T18:52:01.374225+00:00
[2022-07-06 18:52:01,390] {processor.py:161} INFO - Processing /home/airflow/.local/lib/python3.7/site-packages/airflow/example_dags/tutorial.py took 0.094 seconds
[2022-07-06 18:52:31,545] {processor.py:153} INFO - Started process (PID=1985) to work on /home/airflow/.local/lib/python3.7/site-packages/airflow/example_dags/tutorial.py
[2022-07-06 18:52:31,547] {processor.py:641} INFO - Processing file /home/airflow/.local/lib/python3.7/site-packages/airflow/example_dags/tutorial.py for tasks to queue
[2022-07-06 18:52:31,548] {logging_mixin.py:115} INFO - [2022-07-06 18:52:31,548] {dagbag.py:507} INFO - Filling up the DagBag from /home/airflow/.local/lib/python3.7/site-packages/airflow/example_dags/tutorial.py
[2022-07-06 18:52:31,559] {processor.py:651} INFO - DAG(s) dict_keys(['tutorial']) retrieved from /home/airflow/.local/lib/python3.7/site-packages/airflow/example_dags/tutorial.py
[2022-07-06 18:52:31,600] {logging_mixin.py:115} INFO - [2022-07-06 18:52:31,600] {dag.py:2371} INFO - Sync 1 DAGs
[2022-07-06 18:52:31,630] {logging_mixin.py:115} INFO - [2022-07-06 18:52:31,630] {dag.py:2919} INFO - Setting next_dagrun for tutorial to 2022-07-05T18:52:31.629851+00:00, run_after=2022-07-06T18:52:31.629851+00:00
[2022-07-06 18:52:31,646] {processor.py:161} INFO - Processing /home/airflow/.local/lib/python3.7/site-packages/airflow/example_dags/tutorial.py took 0.108 seconds
[2022-07-06 18:53:01,880] {processor.py:153} INFO - Started process (PID=2049) to work on /home/airflow/.local/lib/python3.7/site-packages/airflow/example_dags/tutorial.py
[2022-07-06 18:53:01,881] {processor.py:641} INFO - Processing file /home/airflow/.local/lib/python3.7/site-packages/airflow/example_dags/tutorial.py for tasks to queue
[2022-07-06 18:53:01,883] {logging_mixin.py:115} INFO - [2022-07-06 18:53:01,882] {dagbag.py:507} INFO - Filling up the DagBag from /home/airflow/.local/lib/python3.7/site-packages/airflow/example_dags/tutorial.py
[2022-07-06 18:53:01,892] {processor.py:651} INFO - DAG(s) dict_keys(['tutorial']) retrieved from /home/airflow/.local/lib/python3.7/site-packages/airflow/example_dags/tutorial.py
[2022-07-06 18:53:01,927] {logging_mixin.py:115} INFO - [2022-07-06 18:53:01,927] {dag.py:2371} INFO - Sync 1 DAGs
[2022-07-06 18:53:01,958] {logging_mixin.py:115} INFO - [2022-07-06 18:53:01,957] {dag.py:2919} INFO - Setting next_dagrun for tutorial to 2022-07-05T18:53:01.957617+00:00, run_after=2022-07-06T18:53:01.957617+00:00
[2022-07-06 18:53:01,983] {processor.py:161} INFO - Processing /home/airflow/.local/lib/python3.7/site-packages/airflow/example_dags/tutorial.py took 0.108 seconds
[2022-07-06 18:53:32,248] {processor.py:153} INFO - Started process (PID=2109) to work on /home/airflow/.local/lib/python3.7/site-packages/airflow/example_dags/tutorial.py
[2022-07-06 18:53:32,250] {processor.py:641} INFO - Processing file /home/airflow/.local/lib/python3.7/site-packages/airflow/example_dags/tutorial.py for tasks to queue
[2022-07-06 18:53:32,254] {logging_mixin.py:115} INFO - [2022-07-06 18:53:32,253] {dagbag.py:507} INFO - Filling up the DagBag from /home/airflow/.local/lib/python3.7/site-packages/airflow/example_dags/tutorial.py
[2022-07-06 18:53:32,273] {processor.py:651} INFO - DAG(s) dict_keys(['tutorial']) retrieved from /home/airflow/.local/lib/python3.7/site-packages/airflow/example_dags/tutorial.py
[2022-07-06 18:53:32,330] {logging_mixin.py:115} INFO - [2022-07-06 18:53:32,330] {dag.py:2371} INFO - Sync 1 DAGs
[2022-07-06 18:53:32,371] {logging_mixin.py:115} INFO - [2022-07-06 18:53:32,370] {dag.py:2919} INFO - Setting next_dagrun for tutorial to 2022-07-05T18:53:32.370572+00:00, run_after=2022-07-06T18:53:32.370572+00:00
[2022-07-06 18:53:32,395] {processor.py:161} INFO - Processing /home/airflow/.local/lib/python3.7/site-packages/airflow/example_dags/tutorial.py took 0.156 seconds
[2022-07-06 18:54:03,700] {processor.py:153} INFO - Started process (PID=2166) to work on /home/airflow/.local/lib/python3.7/site-packages/airflow/example_dags/tutorial.py
[2022-07-06 18:54:03,702] {processor.py:641} INFO - Processing file /home/airflow/.local/lib/python3.7/site-packages/airflow/example_dags/tutorial.py for tasks to queue
[2022-07-06 18:54:03,703] {logging_mixin.py:115} INFO - [2022-07-06 18:54:03,703] {dagbag.py:507} INFO - Filling up the DagBag from /home/airflow/.local/lib/python3.7/site-packages/airflow/example_dags/tutorial.py
[2022-07-06 18:54:03,716] {processor.py:651} INFO - DAG(s) dict_keys(['tutorial']) retrieved from /home/airflow/.local/lib/python3.7/site-packages/airflow/example_dags/tutorial.py
[2022-07-06 18:54:03,781] {logging_mixin.py:115} INFO - [2022-07-06 18:54:03,781] {dag.py:2371} INFO - Sync 1 DAGs
[2022-07-06 18:54:03,964] {logging_mixin.py:115} INFO - [2022-07-06 18:54:03,964] {dag.py:2919} INFO - Setting next_dagrun for tutorial to 2022-07-05T18:54:03.964282+00:00, run_after=2022-07-06T18:54:03.964282+00:00
[2022-07-06 18:54:04,214] {processor.py:161} INFO - Processing /home/airflow/.local/lib/python3.7/site-packages/airflow/example_dags/tutorial.py took 0.518 seconds
[2022-07-06 18:54:34,956] {processor.py:153} INFO - Started process (PID=2220) to work on /home/airflow/.local/lib/python3.7/site-packages/airflow/example_dags/tutorial.py
[2022-07-06 18:54:34,958] {processor.py:641} INFO - Processing file /home/airflow/.local/lib/python3.7/site-packages/airflow/example_dags/tutorial.py for tasks to queue
[2022-07-06 18:54:34,961] {logging_mixin.py:115} INFO - [2022-07-06 18:54:34,960] {dagbag.py:507} INFO - Filling up the DagBag from /home/airflow/.local/lib/python3.7/site-packages/airflow/example_dags/tutorial.py
[2022-07-06 18:54:34,974] {processor.py:651} INFO - DAG(s) dict_keys(['tutorial']) retrieved from /home/airflow/.local/lib/python3.7/site-packages/airflow/example_dags/tutorial.py
[2022-07-06 18:54:35,023] {logging_mixin.py:115} INFO - [2022-07-06 18:54:35,023] {dag.py:2371} INFO - Sync 1 DAGs
[2022-07-06 18:54:35,062] {logging_mixin.py:115} INFO - [2022-07-06 18:54:35,062] {dag.py:2919} INFO - Setting next_dagrun for tutorial to 2022-07-05T18:54:35.061950+00:00, run_after=2022-07-06T18:54:35.061950+00:00
[2022-07-06 18:54:35,089] {processor.py:161} INFO - Processing /home/airflow/.local/lib/python3.7/site-packages/airflow/example_dags/tutorial.py took 0.140 seconds
[2022-07-06 18:55:06,051] {processor.py:153} INFO - Started process (PID=2275) to work on /home/airflow/.local/lib/python3.7/site-packages/airflow/example_dags/tutorial.py
[2022-07-06 18:55:06,055] {processor.py:641} INFO - Processing file /home/airflow/.local/lib/python3.7/site-packages/airflow/example_dags/tutorial.py for tasks to queue
[2022-07-06 18:55:06,057] {logging_mixin.py:115} INFO - [2022-07-06 18:55:06,057] {dagbag.py:507} INFO - Filling up the DagBag from /home/airflow/.local/lib/python3.7/site-packages/airflow/example_dags/tutorial.py
[2022-07-06 18:55:06,072] {processor.py:651} INFO - DAG(s) dict_keys(['tutorial']) retrieved from /home/airflow/.local/lib/python3.7/site-packages/airflow/example_dags/tutorial.py
[2022-07-06 18:55:06,125] {logging_mixin.py:115} INFO - [2022-07-06 18:55:06,125] {dag.py:2371} INFO - Sync 1 DAGs
[2022-07-06 18:55:06,173] {logging_mixin.py:115} INFO - [2022-07-06 18:55:06,173] {dag.py:2919} INFO - Setting next_dagrun for tutorial to 2022-07-05T18:55:06.172729+00:00, run_after=2022-07-06T18:55:06.172729+00:00
[2022-07-06 18:55:06,203] {processor.py:161} INFO - Processing /home/airflow/.local/lib/python3.7/site-packages/airflow/example_dags/tutorial.py took 0.162 seconds
[2022-07-06 18:55:36,882] {processor.py:153} INFO - Started process (PID=2339) to work on /home/airflow/.local/lib/python3.7/site-packages/airflow/example_dags/tutorial.py
[2022-07-06 18:55:36,896] {processor.py:641} INFO - Processing file /home/airflow/.local/lib/python3.7/site-packages/airflow/example_dags/tutorial.py for tasks to queue
[2022-07-06 18:55:36,898] {logging_mixin.py:115} INFO - [2022-07-06 18:55:36,898] {dagbag.py:507} INFO - Filling up the DagBag from /home/airflow/.local/lib/python3.7/site-packages/airflow/example_dags/tutorial.py
[2022-07-06 18:55:36,906] {processor.py:651} INFO - DAG(s) dict_keys(['tutorial']) retrieved from /home/airflow/.local/lib/python3.7/site-packages/airflow/example_dags/tutorial.py
[2022-07-06 18:55:36,945] {logging_mixin.py:115} INFO - [2022-07-06 18:55:36,945] {dag.py:2371} INFO - Sync 1 DAGs
[2022-07-06 18:55:36,975] {logging_mixin.py:115} INFO - [2022-07-06 18:55:36,975] {dag.py:2919} INFO - Setting next_dagrun for tutorial to 2022-07-05T18:55:36.974855+00:00, run_after=2022-07-06T18:55:36.974855+00:00
[2022-07-06 18:55:36,996] {processor.py:161} INFO - Processing /home/airflow/.local/lib/python3.7/site-packages/airflow/example_dags/tutorial.py took 0.118 seconds
[2022-07-06 18:56:07,397] {processor.py:153} INFO - Started process (PID=2397) to work on /home/airflow/.local/lib/python3.7/site-packages/airflow/example_dags/tutorial.py
[2022-07-06 18:56:07,399] {processor.py:641} INFO - Processing file /home/airflow/.local/lib/python3.7/site-packages/airflow/example_dags/tutorial.py for tasks to queue
[2022-07-06 18:56:07,403] {logging_mixin.py:115} INFO - [2022-07-06 18:56:07,403] {dagbag.py:507} INFO - Filling up the DagBag from /home/airflow/.local/lib/python3.7/site-packages/airflow/example_dags/tutorial.py
[2022-07-06 18:56:07,418] {processor.py:651} INFO - DAG(s) dict_keys(['tutorial']) retrieved from /home/airflow/.local/lib/python3.7/site-packages/airflow/example_dags/tutorial.py
[2022-07-06 18:56:07,462] {logging_mixin.py:115} INFO - [2022-07-06 18:56:07,462] {dag.py:2371} INFO - Sync 1 DAGs
[2022-07-06 18:56:07,502] {logging_mixin.py:115} INFO - [2022-07-06 18:56:07,502] {dag.py:2919} INFO - Setting next_dagrun for tutorial to 2022-07-05T18:56:07.501767+00:00, run_after=2022-07-06T18:56:07.501767+00:00
[2022-07-06 18:56:07,532] {processor.py:161} INFO - Processing /home/airflow/.local/lib/python3.7/site-packages/airflow/example_dags/tutorial.py took 0.142 seconds
[2022-07-06 18:56:38,082] {processor.py:153} INFO - Started process (PID=2464) to work on /home/airflow/.local/lib/python3.7/site-packages/airflow/example_dags/tutorial.py
[2022-07-06 18:56:38,084] {processor.py:641} INFO - Processing file /home/airflow/.local/lib/python3.7/site-packages/airflow/example_dags/tutorial.py for tasks to queue
[2022-07-06 18:56:38,086] {logging_mixin.py:115} INFO - [2022-07-06 18:56:38,086] {dagbag.py:507} INFO - Filling up the DagBag from /home/airflow/.local/lib/python3.7/site-packages/airflow/example_dags/tutorial.py
[2022-07-06 18:56:38,097] {processor.py:651} INFO - DAG(s) dict_keys(['tutorial']) retrieved from /home/airflow/.local/lib/python3.7/site-packages/airflow/example_dags/tutorial.py
[2022-07-06 18:56:38,153] {logging_mixin.py:115} INFO - [2022-07-06 18:56:38,152] {dag.py:2371} INFO - Sync 1 DAGs
[2022-07-06 18:56:38,212] {logging_mixin.py:115} INFO - [2022-07-06 18:56:38,212] {dag.py:2919} INFO - Setting next_dagrun for tutorial to 2022-07-05T18:56:38.211685+00:00, run_after=2022-07-06T18:56:38.211685+00:00
[2022-07-06 18:56:38,262] {processor.py:161} INFO - Processing /home/airflow/.local/lib/python3.7/site-packages/airflow/example_dags/tutorial.py took 0.189 seconds
[2022-07-06 18:57:10,944] {processor.py:153} INFO - Started process (PID=2517) to work on /home/airflow/.local/lib/python3.7/site-packages/airflow/example_dags/tutorial.py
[2022-07-06 18:57:10,970] {processor.py:641} INFO - Processing file /home/airflow/.local/lib/python3.7/site-packages/airflow/example_dags/tutorial.py for tasks to queue
[2022-07-06 18:57:10,977] {logging_mixin.py:115} INFO - [2022-07-06 18:57:10,977] {dagbag.py:507} INFO - Filling up the DagBag from /home/airflow/.local/lib/python3.7/site-packages/airflow/example_dags/tutorial.py
[2022-07-06 18:57:11,033] {processor.py:651} INFO - DAG(s) dict_keys(['tutorial']) retrieved from /home/airflow/.local/lib/python3.7/site-packages/airflow/example_dags/tutorial.py
[2022-07-06 18:57:11,187] {logging_mixin.py:115} INFO - [2022-07-06 18:57:11,187] {dag.py:2371} INFO - Sync 1 DAGs
[2022-07-06 18:57:11,399] {logging_mixin.py:115} INFO - [2022-07-06 18:57:11,399] {dag.py:2919} INFO - Setting next_dagrun for tutorial to 2022-07-05T18:57:11.398975+00:00, run_after=2022-07-06T18:57:11.398975+00:00
[2022-07-06 18:57:11,432] {processor.py:161} INFO - Processing /home/airflow/.local/lib/python3.7/site-packages/airflow/example_dags/tutorial.py took 0.494 seconds
[2022-07-06 18:57:41,771] {processor.py:153} INFO - Started process (PID=2570) to work on /home/airflow/.local/lib/python3.7/site-packages/airflow/example_dags/tutorial.py
[2022-07-06 18:57:41,772] {processor.py:641} INFO - Processing file /home/airflow/.local/lib/python3.7/site-packages/airflow/example_dags/tutorial.py for tasks to queue
[2022-07-06 18:57:41,773] {logging_mixin.py:115} INFO - [2022-07-06 18:57:41,773] {dagbag.py:507} INFO - Filling up the DagBag from /home/airflow/.local/lib/python3.7/site-packages/airflow/example_dags/tutorial.py
[2022-07-06 18:57:41,782] {processor.py:651} INFO - DAG(s) dict_keys(['tutorial']) retrieved from /home/airflow/.local/lib/python3.7/site-packages/airflow/example_dags/tutorial.py
[2022-07-06 18:57:41,816] {logging_mixin.py:115} INFO - [2022-07-06 18:57:41,816] {dag.py:2371} INFO - Sync 1 DAGs
[2022-07-06 18:57:41,845] {logging_mixin.py:115} INFO - [2022-07-06 18:57:41,845] {dag.py:2919} INFO - Setting next_dagrun for tutorial to 2022-07-05T18:57:41.845343+00:00, run_after=2022-07-06T18:57:41.845343+00:00
[2022-07-06 18:57:41,862] {processor.py:161} INFO - Processing /home/airflow/.local/lib/python3.7/site-packages/airflow/example_dags/tutorial.py took 0.095 seconds
[2022-07-06 18:58:12,263] {processor.py:153} INFO - Started process (PID=2634) to work on /home/airflow/.local/lib/python3.7/site-packages/airflow/example_dags/tutorial.py
[2022-07-06 18:58:12,265] {processor.py:641} INFO - Processing file /home/airflow/.local/lib/python3.7/site-packages/airflow/example_dags/tutorial.py for tasks to queue
[2022-07-06 18:58:12,266] {logging_mixin.py:115} INFO - [2022-07-06 18:58:12,266] {dagbag.py:507} INFO - Filling up the DagBag from /home/airflow/.local/lib/python3.7/site-packages/airflow/example_dags/tutorial.py
[2022-07-06 18:58:12,277] {processor.py:651} INFO - DAG(s) dict_keys(['tutorial']) retrieved from /home/airflow/.local/lib/python3.7/site-packages/airflow/example_dags/tutorial.py
[2022-07-06 18:58:12,316] {logging_mixin.py:115} INFO - [2022-07-06 18:58:12,315] {dag.py:2371} INFO - Sync 1 DAGs
[2022-07-06 18:58:12,349] {logging_mixin.py:115} INFO - [2022-07-06 18:58:12,349] {dag.py:2919} INFO - Setting next_dagrun for tutorial to 2022-07-05T18:58:12.348742+00:00, run_after=2022-07-06T18:58:12.348742+00:00
[2022-07-06 18:58:12,367] {processor.py:161} INFO - Processing /home/airflow/.local/lib/python3.7/site-packages/airflow/example_dags/tutorial.py took 0.109 seconds
[2022-07-06 18:58:42,508] {processor.py:153} INFO - Started process (PID=2687) to work on /home/airflow/.local/lib/python3.7/site-packages/airflow/example_dags/tutorial.py
[2022-07-06 18:58:42,509] {processor.py:641} INFO - Processing file /home/airflow/.local/lib/python3.7/site-packages/airflow/example_dags/tutorial.py for tasks to queue
[2022-07-06 18:58:42,510] {logging_mixin.py:115} INFO - [2022-07-06 18:58:42,510] {dagbag.py:507} INFO - Filling up the DagBag from /home/airflow/.local/lib/python3.7/site-packages/airflow/example_dags/tutorial.py
[2022-07-06 18:58:42,517] {processor.py:651} INFO - DAG(s) dict_keys(['tutorial']) retrieved from /home/airflow/.local/lib/python3.7/site-packages/airflow/example_dags/tutorial.py
[2022-07-06 18:58:42,551] {logging_mixin.py:115} INFO - [2022-07-06 18:58:42,551] {dag.py:2371} INFO - Sync 1 DAGs
[2022-07-06 18:58:42,582] {logging_mixin.py:115} INFO - [2022-07-06 18:58:42,582] {dag.py:2919} INFO - Setting next_dagrun for tutorial to 2022-07-05T18:58:42.582263+00:00, run_after=2022-07-06T18:58:42.582263+00:00
[2022-07-06 18:58:42,600] {processor.py:161} INFO - Processing /home/airflow/.local/lib/python3.7/site-packages/airflow/example_dags/tutorial.py took 0.097 seconds
[2022-07-06 18:59:12,720] {processor.py:153} INFO - Started process (PID=2751) to work on /home/airflow/.local/lib/python3.7/site-packages/airflow/example_dags/tutorial.py
[2022-07-06 18:59:12,721] {processor.py:641} INFO - Processing file /home/airflow/.local/lib/python3.7/site-packages/airflow/example_dags/tutorial.py for tasks to queue
[2022-07-06 18:59:12,723] {logging_mixin.py:115} INFO - [2022-07-06 18:59:12,722] {dagbag.py:507} INFO - Filling up the DagBag from /home/airflow/.local/lib/python3.7/site-packages/airflow/example_dags/tutorial.py
[2022-07-06 18:59:12,735] {processor.py:651} INFO - DAG(s) dict_keys(['tutorial']) retrieved from /home/airflow/.local/lib/python3.7/site-packages/airflow/example_dags/tutorial.py
[2022-07-06 18:59:12,772] {logging_mixin.py:115} INFO - [2022-07-06 18:59:12,772] {dag.py:2371} INFO - Sync 1 DAGs
[2022-07-06 18:59:12,803] {logging_mixin.py:115} INFO - [2022-07-06 18:59:12,802] {dag.py:2919} INFO - Setting next_dagrun for tutorial to 2022-07-05T18:59:12.802608+00:00, run_after=2022-07-06T18:59:12.802608+00:00
[2022-07-06 18:59:12,824] {processor.py:161} INFO - Processing /home/airflow/.local/lib/python3.7/site-packages/airflow/example_dags/tutorial.py took 0.110 seconds
[2022-07-06 18:59:42,914] {processor.py:153} INFO - Started process (PID=2804) to work on /home/airflow/.local/lib/python3.7/site-packages/airflow/example_dags/tutorial.py
[2022-07-06 18:59:42,916] {processor.py:641} INFO - Processing file /home/airflow/.local/lib/python3.7/site-packages/airflow/example_dags/tutorial.py for tasks to queue
[2022-07-06 18:59:42,917] {logging_mixin.py:115} INFO - [2022-07-06 18:59:42,917] {dagbag.py:507} INFO - Filling up the DagBag from /home/airflow/.local/lib/python3.7/site-packages/airflow/example_dags/tutorial.py
[2022-07-06 18:59:42,928] {processor.py:651} INFO - DAG(s) dict_keys(['tutorial']) retrieved from /home/airflow/.local/lib/python3.7/site-packages/airflow/example_dags/tutorial.py
[2022-07-06 18:59:42,964] {logging_mixin.py:115} INFO - [2022-07-06 18:59:42,964] {dag.py:2371} INFO - Sync 1 DAGs
[2022-07-06 18:59:42,998] {logging_mixin.py:115} INFO - [2022-07-06 18:59:42,998] {dag.py:2919} INFO - Setting next_dagrun for tutorial to 2022-07-05T18:59:42.998385+00:00, run_after=2022-07-06T18:59:42.998385+00:00
[2022-07-06 18:59:43,017] {processor.py:161} INFO - Processing /home/airflow/.local/lib/python3.7/site-packages/airflow/example_dags/tutorial.py took 0.115 seconds
[2022-07-06 19:00:13,219] {processor.py:153} INFO - Started process (PID=2871) to work on /home/airflow/.local/lib/python3.7/site-packages/airflow/example_dags/tutorial.py
[2022-07-06 19:00:13,220] {processor.py:641} INFO - Processing file /home/airflow/.local/lib/python3.7/site-packages/airflow/example_dags/tutorial.py for tasks to queue
[2022-07-06 19:00:13,221] {logging_mixin.py:115} INFO - [2022-07-06 19:00:13,221] {dagbag.py:507} INFO - Filling up the DagBag from /home/airflow/.local/lib/python3.7/site-packages/airflow/example_dags/tutorial.py
[2022-07-06 19:00:13,230] {processor.py:651} INFO - DAG(s) dict_keys(['tutorial']) retrieved from /home/airflow/.local/lib/python3.7/site-packages/airflow/example_dags/tutorial.py
[2022-07-06 19:00:13,264] {logging_mixin.py:115} INFO - [2022-07-06 19:00:13,264] {dag.py:2371} INFO - Sync 1 DAGs
[2022-07-06 19:00:13,301] {logging_mixin.py:115} INFO - [2022-07-06 19:00:13,301] {dag.py:2919} INFO - Setting next_dagrun for tutorial to 2022-07-05T19:00:13.300746+00:00, run_after=2022-07-06T19:00:13.300746+00:00
[2022-07-06 19:00:13,317] {processor.py:161} INFO - Processing /home/airflow/.local/lib/python3.7/site-packages/airflow/example_dags/tutorial.py took 0.103 seconds
[2022-07-06 19:00:44,207] {processor.py:153} INFO - Started process (PID=2934) to work on /home/airflow/.local/lib/python3.7/site-packages/airflow/example_dags/tutorial.py
[2022-07-06 19:00:44,209] {processor.py:641} INFO - Processing file /home/airflow/.local/lib/python3.7/site-packages/airflow/example_dags/tutorial.py for tasks to queue
[2022-07-06 19:00:44,210] {logging_mixin.py:115} INFO - [2022-07-06 19:00:44,210] {dagbag.py:507} INFO - Filling up the DagBag from /home/airflow/.local/lib/python3.7/site-packages/airflow/example_dags/tutorial.py
[2022-07-06 19:00:44,218] {processor.py:651} INFO - DAG(s) dict_keys(['tutorial']) retrieved from /home/airflow/.local/lib/python3.7/site-packages/airflow/example_dags/tutorial.py
[2022-07-06 19:00:44,253] {logging_mixin.py:115} INFO - [2022-07-06 19:00:44,253] {dag.py:2371} INFO - Sync 1 DAGs
[2022-07-06 19:00:44,282] {logging_mixin.py:115} INFO - [2022-07-06 19:00:44,282] {dag.py:2919} INFO - Setting next_dagrun for tutorial to 2022-07-05T19:00:44.281945+00:00, run_after=2022-07-06T19:00:44.281945+00:00
[2022-07-06 19:00:44,299] {processor.py:161} INFO - Processing /home/airflow/.local/lib/python3.7/site-packages/airflow/example_dags/tutorial.py took 0.097 seconds
[2022-07-06 19:01:14,780] {processor.py:153} INFO - Started process (PID=2988) to work on /home/airflow/.local/lib/python3.7/site-packages/airflow/example_dags/tutorial.py
[2022-07-06 19:01:14,782] {processor.py:641} INFO - Processing file /home/airflow/.local/lib/python3.7/site-packages/airflow/example_dags/tutorial.py for tasks to queue
[2022-07-06 19:01:14,784] {logging_mixin.py:115} INFO - [2022-07-06 19:01:14,784] {dagbag.py:507} INFO - Filling up the DagBag from /home/airflow/.local/lib/python3.7/site-packages/airflow/example_dags/tutorial.py
[2022-07-06 19:01:14,798] {processor.py:651} INFO - DAG(s) dict_keys(['tutorial']) retrieved from /home/airflow/.local/lib/python3.7/site-packages/airflow/example_dags/tutorial.py
[2022-07-06 19:01:14,860] {logging_mixin.py:115} INFO - [2022-07-06 19:01:14,859] {dag.py:2371} INFO - Sync 1 DAGs
[2022-07-06 19:01:14,900] {logging_mixin.py:115} INFO - [2022-07-06 19:01:14,899] {dag.py:2919} INFO - Setting next_dagrun for tutorial to 2022-07-05T19:01:14.899370+00:00, run_after=2022-07-06T19:01:14.899370+00:00
[2022-07-06 19:01:14,923] {processor.py:161} INFO - Processing /home/airflow/.local/lib/python3.7/site-packages/airflow/example_dags/tutorial.py took 0.150 seconds
