[2022-07-05 21:16:24,548] {taskinstance.py:1159} INFO - Dependencies all met for <TaskInstance: example_bash_operator.this_will_skip scheduled__2022-07-04T00:00:00+00:00 [queued]>
[2022-07-05 21:16:24,575] {taskinstance.py:1159} INFO - Dependencies all met for <TaskInstance: example_bash_operator.this_will_skip scheduled__2022-07-04T00:00:00+00:00 [queued]>
[2022-07-05 21:16:24,577] {taskinstance.py:1356} INFO - 
--------------------------------------------------------------------------------
[2022-07-05 21:16:24,591] {taskinstance.py:1357} INFO - Starting attempt 1 of 1
[2022-07-05 21:16:24,591] {taskinstance.py:1358} INFO - 
--------------------------------------------------------------------------------
[2022-07-05 21:16:24,631] {taskinstance.py:1377} INFO - Executing <Task(BashOperator): this_will_skip> on 2022-07-04 00:00:00+00:00
[2022-07-05 21:16:24,647] {standard_task_runner.py:52} INFO - Started process 184 to run task
[2022-07-05 21:16:24,663] {standard_task_runner.py:79} INFO - Running: ['***', 'tasks', 'run', 'example_bash_operator', 'this_will_skip', 'scheduled__2022-07-04T00:00:00+00:00', '--job-id', '9', '--raw', '--subdir', '/home/***/.local/lib/python3.7/site-packages/***/example_dags/example_bash_operator.py', '--cfg-path', '/tmp/tmp48zt_oun', '--error-file', '/tmp/tmpasyu7v3t']
[2022-07-05 21:16:24,670] {standard_task_runner.py:80} INFO - Job 9: Subtask this_will_skip
[2022-07-05 21:16:24,846] {task_command.py:369} INFO - Running <TaskInstance: example_bash_operator.this_will_skip scheduled__2022-07-04T00:00:00+00:00 [running]> on host 3e3038753a11
[2022-07-05 21:16:25,004] {taskinstance.py:1571} INFO - Exporting the following env vars:
AIRFLOW_CTX_DAG_OWNER=***
AIRFLOW_CTX_DAG_ID=example_bash_operator
AIRFLOW_CTX_TASK_ID=this_will_skip
AIRFLOW_CTX_EXECUTION_DATE=2022-07-04T00:00:00+00:00
AIRFLOW_CTX_TRY_NUMBER=1
AIRFLOW_CTX_DAG_RUN_ID=scheduled__2022-07-04T00:00:00+00:00
[2022-07-05 21:16:25,010] {subprocess.py:62} INFO - Tmp dir root location: 
 /tmp
[2022-07-05 21:16:25,012] {subprocess.py:74} INFO - Running command: ['bash', '-c', 'echo "hello world"; exit 99;']
[2022-07-05 21:16:25,033] {subprocess.py:85} INFO - Output:
[2022-07-05 21:16:25,039] {subprocess.py:92} INFO - hello world
[2022-07-05 21:16:25,041] {subprocess.py:96} INFO - Command exited with return code 99
[2022-07-05 21:16:25,043] {taskinstance.py:1478} INFO - Bash command returned exit code 99. Skipping.
[2022-07-05 21:16:25,066] {taskinstance.py:1400} INFO - Marking task as SKIPPED. dag_id=example_bash_operator, task_id=this_will_skip, execution_date=20220704T000000, start_date=20220705T211624, end_date=20220705T211625
[2022-07-05 21:16:25,095] {local_task_job.py:156} INFO - Task exited with return code 0
[2022-07-05 21:16:25,167] {local_task_job.py:273} INFO - 0 downstream tasks scheduled from follow-on schedule check
